Args in experiment:
Namespace(random_seed=2021, is_training=1, model_id='96_96', model='SPM_TST', data='PEMS', root_path='./dataset/', data_path='PEMS03.npz', features='M', target='OT', freq='h', checkpoints='./checkpoints/', seq_len=96, label_len=18, pred_len=96, fc_dropout=0.2, head_dropout=0.0, patch_len=16, stride=8, padding_patch='end', revin=1, affine=1, subtract_last=0, decomposition=0, kernel_size=25, individual=0, embed_type=0, enc_in=358, dec_in=7, c_out=7, d_model=49, n_heads=1, e_layers=1, d_layers=1, d_ff=256, moving_avg=25, factor=1, distil=True, dropout=0.2, embed='timeF', activation='gelu', output_attention=False, do_predict=False, num_workers=10, itr=1, train_epochs=300, batch_size=64, patience=20, learning_rate=0.0001, des='Exp', loss='mse', lradj='TST', pct_start=0.2, use_amp=False, k=1.0, dishts=1, num_layers=3, hidden_size=[32, 8], traffic=0, hidden_size1=3, hidden_size2=3, use_gpu=True, gpu=0, use_multi_gpu=False, devices='0,1', test_flop=False)
Use GPU: cuda:0
>>>>>>>start training : 96_96_SPM_TST_PEMS_ftM_sl96_ll18_pl96_dm49_nh1_el1_dl1_df256_fc1_ebtimeF_dtTrue_Exp_0>>>>>>>>>>>>>>>>>>>>>>>>>>
train 15533
val 5051
test 5051
	iters: 100, epoch: 1 | loss: 1.8443600
	speed: 0.0431s/iter; left time: 3121.6950s
	iters: 200, epoch: 1 | loss: 1.6495169
	speed: 0.0295s/iter; left time: 2133.0445s
Epoch: 1 cost time: 7.615224838256836
Epoch: 1, Steps: 242 | Train Loss: 1.8724658 Vali Loss: 1.6780078 Test Loss: 1.6330857
Validation loss decreased (inf --> 1.678008).  Saving model ...
Updating learning rate to 4.0657913915731464e-06
	iters: 100, epoch: 2 | loss: 1.5824953
	speed: 0.0935s/iter; left time: 6752.7746s
	iters: 200, epoch: 2 | loss: 1.4706450
	speed: 0.0300s/iter; left time: 2163.9038s
Epoch: 2 cost time: 7.746201753616333
Epoch: 2, Steps: 242 | Train Loss: 1.5077142 Vali Loss: 1.3549551 Test Loss: 1.3163717
Validation loss decreased (1.678008 --> 1.354955).  Saving model ...
Updating learning rate to 4.262985211825717e-06
	iters: 100, epoch: 3 | loss: 1.2125686
	speed: 0.1056s/iter; left time: 7605.8447s
	iters: 200, epoch: 3 | loss: 1.0680430
	speed: 0.0292s/iter; left time: 2100.2043s
Epoch: 3 cost time: 7.829988479614258
Epoch: 3, Steps: 242 | Train Loss: 1.2236695 Vali Loss: 1.0885950 Test Loss: 1.0723734
Validation loss decreased (1.354955 --> 1.088595).  Saving model ...
Updating learning rate to 4.591040891764188e-06
	iters: 100, epoch: 4 | loss: 0.9552125
	speed: 0.1047s/iter; left time: 7515.1061s
	iters: 200, epoch: 4 | loss: 0.8386073
	speed: 0.0296s/iter; left time: 2121.6168s
Epoch: 4 cost time: 7.949569225311279
Epoch: 4, Steps: 242 | Train Loss: 0.9812818 Vali Loss: 0.8756839 Test Loss: 0.8837481
Validation loss decreased (1.088595 --> 0.875684).  Saving model ...
Updating learning rate to 5.0490591297345545e-06
	iters: 100, epoch: 5 | loss: 0.7909065
	speed: 0.1073s/iter; left time: 7678.7823s
	iters: 200, epoch: 5 | loss: 0.7111459
	speed: 0.0261s/iter; left time: 1862.5774s
Epoch: 5 cost time: 7.520474910736084
Epoch: 5, Steps: 242 | Train Loss: 0.8003538 Vali Loss: 0.7351090 Test Loss: 0.7635953
Validation loss decreased (0.875684 --> 0.735109).  Saving model ...
Updating learning rate to 5.635784356685067e-06
	iters: 100, epoch: 6 | loss: 0.6915446
	speed: 0.1067s/iter; left time: 7607.8184s
	iters: 200, epoch: 6 | loss: 0.6259075
	speed: 0.0296s/iter; left time: 2108.6731s
Epoch: 6 cost time: 7.904321908950806
Epoch: 6, Steps: 242 | Train Loss: 0.6953838 Vali Loss: 0.6561135 Test Loss: 0.6920224
Validation loss decreased (0.735109 --> 0.656114).  Saving model ...
Updating learning rate to 6.349608178067697e-06
	iters: 100, epoch: 7 | loss: 0.6715889
	speed: 0.1054s/iter; left time: 7489.6584s
	iters: 200, epoch: 7 | loss: 0.5710662
	speed: 0.0302s/iter; left time: 2141.6674s
Epoch: 7 cost time: 7.869999170303345
Epoch: 7, Steps: 242 | Train Loss: 0.6396805 Vali Loss: 0.6172738 Test Loss: 0.6557498
Validation loss decreased (0.656114 --> 0.617274).  Saving model ...
Updating learning rate to 7.188573782943006e-06
	iters: 100, epoch: 8 | loss: 0.6107419
	speed: 0.1064s/iter; left time: 7536.5030s
	iters: 200, epoch: 8 | loss: 0.5614195
	speed: 0.0306s/iter; left time: 2160.5810s
Epoch: 8 cost time: 8.039349555969238
Epoch: 8, Steps: 242 | Train Loss: 0.6069620 Vali Loss: 0.5943878 Test Loss: 0.6383359
Validation loss decreased (0.617274 --> 0.594388).  Saving model ...
Updating learning rate to 8.150381308201575e-06
	iters: 100, epoch: 9 | loss: 0.5484976
	speed: 0.1032s/iter; left time: 7285.1171s
	iters: 200, epoch: 9 | loss: 0.5621983
	speed: 0.0275s/iter; left time: 1940.2961s
Epoch: 9 cost time: 7.3733811378479
Epoch: 9, Steps: 242 | Train Loss: 0.5821894 Vali Loss: 0.5694838 Test Loss: 0.6135607
Validation loss decreased (0.594388 --> 0.569484).  Saving model ...
Updating learning rate to 9.232394143196998e-06
	iters: 100, epoch: 10 | loss: 0.5057222
	speed: 0.1035s/iter; left time: 7279.1145s
	iters: 200, epoch: 10 | loss: 0.5786396
	speed: 0.0281s/iter; left time: 1975.3676s
Epoch: 10 cost time: 7.496762037277222
Epoch: 10, Steps: 242 | Train Loss: 0.5605099 Vali Loss: 0.5502328 Test Loss: 0.5971107
Validation loss decreased (0.569484 --> 0.550233).  Saving model ...
Updating learning rate to 1.0431646157507907e-05
	iters: 100, epoch: 11 | loss: 0.5042690
	speed: 0.1081s/iter; left time: 7577.3105s
	iters: 200, epoch: 11 | loss: 0.5420348
	speed: 0.0313s/iter; left time: 2190.1861s
Epoch: 11 cost time: 8.003373622894287
Epoch: 11, Steps: 242 | Train Loss: 0.5389043 Vali Loss: 0.5368702 Test Loss: 0.5866868
Validation loss decreased (0.550233 --> 0.536870).  Saving model ...
Updating learning rate to 1.1744849832014752e-05
	iters: 100, epoch: 12 | loss: 0.4878703
	speed: 0.1085s/iter; left time: 7575.8370s
	iters: 200, epoch: 12 | loss: 0.5123394
	speed: 0.0291s/iter; left time: 2032.7671s
Epoch: 12 cost time: 8.099316835403442
Epoch: 12, Steps: 242 | Train Loss: 0.5213779 Vali Loss: 0.5181774 Test Loss: 0.5682772
Validation loss decreased (0.536870 --> 0.518177).  Saving model ...
Updating learning rate to 1.3168405271002324e-05
	iters: 100, epoch: 13 | loss: 0.5183427
	speed: 0.1055s/iter; left time: 7341.4645s
	iters: 200, epoch: 13 | loss: 0.5811264
	speed: 0.0304s/iter; left time: 2114.9203s
Epoch: 13 cost time: 7.8310699462890625
Epoch: 13, Steps: 242 | Train Loss: 0.5028244 Vali Loss: 0.5028069 Test Loss: 0.5549703
Validation loss decreased (0.518177 --> 0.502807).  Saving model ...
Updating learning rate to 1.469841007058262e-05
	iters: 100, epoch: 14 | loss: 0.5002593
	speed: 0.1036s/iter; left time: 7183.5955s
	iters: 200, epoch: 14 | loss: 0.5032136
	speed: 0.0292s/iter; left time: 2019.4955s
Epoch: 14 cost time: 7.979005575180054
Epoch: 14, Steps: 242 | Train Loss: 0.4865001 Vali Loss: 0.4758880 Test Loss: 0.5223179
Validation loss decreased (0.502807 --> 0.475888).  Saving model ...
Updating learning rate to 1.633067001638573e-05
	iters: 100, epoch: 15 | loss: 0.5396344
	speed: 0.1014s/iter; left time: 7007.2400s
	iters: 200, epoch: 15 | loss: 0.5034733
	speed: 0.0291s/iter; left time: 2005.2903s
Epoch: 15 cost time: 7.678490877151489
Epoch: 15, Steps: 242 | Train Loss: 0.4726864 Vali Loss: 0.4617709 Test Loss: 0.5106620
Validation loss decreased (0.475888 --> 0.461771).  Saving model ...
Updating learning rate to 1.806071058119317e-05
	iters: 100, epoch: 16 | loss: 0.4509428
	speed: 0.1011s/iter; left time: 6961.7487s
	iters: 200, epoch: 16 | loss: 0.4063685
	speed: 0.0279s/iter; left time: 1921.9165s
Epoch: 16 cost time: 7.3633363246917725
Epoch: 16, Steps: 242 | Train Loss: 0.4588207 Vali Loss: 0.4634052 Test Loss: 0.5159501
EarlyStopping counter: 1 out of 20
Updating learning rate to 1.988378919099505e-05
	iters: 100, epoch: 17 | loss: 0.4331520
	speed: 0.0987s/iter; left time: 6774.2348s
	iters: 200, epoch: 17 | loss: 0.4319997
	speed: 0.0272s/iter; left time: 1861.2941s
Epoch: 17 cost time: 7.174988031387329
Epoch: 17, Steps: 242 | Train Loss: 0.4454743 Vali Loss: 0.4503665 Test Loss: 0.5021838
Validation loss decreased (0.461771 --> 0.450367).  Saving model ...
Updating learning rate to 2.179490822584615e-05
	iters: 100, epoch: 18 | loss: 0.5089266
	speed: 0.1030s/iter; left time: 7044.1608s
	iters: 200, epoch: 18 | loss: 0.3940173
	speed: 0.0292s/iter; left time: 1993.9279s
Epoch: 18 cost time: 7.909177541732788
Epoch: 18, Steps: 242 | Train Loss: 0.4342360 Vali Loss: 0.4500884 Test Loss: 0.5043508
Validation loss decreased (0.450367 --> 0.450088).  Saving model ...
Updating learning rate to 2.378882871988125e-05
	iters: 100, epoch: 19 | loss: 0.3872018
	speed: 0.1076s/iter; left time: 7334.3152s
	iters: 200, epoch: 19 | loss: 0.4076684
	speed: 0.0289s/iter; left time: 1969.2608s
Epoch: 19 cost time: 7.737800598144531
Epoch: 19, Steps: 242 | Train Loss: 0.4234307 Vali Loss: 0.4307964 Test Loss: 0.4858972
Validation loss decreased (0.450088 --> 0.430796).  Saving model ...
Updating learning rate to 2.5860084722934167e-05
	iters: 100, epoch: 20 | loss: 0.4095498
	speed: 0.1089s/iter; left time: 7397.1120s
	iters: 200, epoch: 20 | loss: 0.4311067
	speed: 0.0301s/iter; left time: 2041.0147s
Epoch: 20 cost time: 8.15093731880188
Epoch: 20, Steps: 242 | Train Loss: 0.4145093 Vali Loss: 0.4212801 Test Loss: 0.4754350
Validation loss decreased (0.430796 --> 0.421280).  Saving model ...
Updating learning rate to 2.800299828439053e-05
	iters: 100, epoch: 21 | loss: 0.4056374
	speed: 0.1027s/iter; left time: 6950.8424s
	iters: 200, epoch: 21 | loss: 0.3826234
	speed: 0.0290s/iter; left time: 1959.1835s
Epoch: 21 cost time: 7.834727048873901
Epoch: 21, Steps: 242 | Train Loss: 0.4050149 Vali Loss: 0.4026645 Test Loss: 0.4523935
Validation loss decreased (0.421280 --> 0.402664).  Saving model ...
Updating learning rate to 3.0211695018199093e-05
	iters: 100, epoch: 22 | loss: 0.3626181
	speed: 0.1065s/iter; left time: 7180.7548s
	iters: 200, epoch: 22 | loss: 0.4161248
	speed: 0.0305s/iter; left time: 2055.8747s
Epoch: 22 cost time: 8.112374782562256
Epoch: 22, Steps: 242 | Train Loss: 0.3961831 Vali Loss: 0.4052592 Test Loss: 0.4589382
EarlyStopping counter: 1 out of 20
Updating learning rate to 3.248012020637319e-05
	iters: 100, epoch: 23 | loss: 0.4017606
	speed: 0.1031s/iter; left time: 6922.9163s
	iters: 200, epoch: 23 | loss: 0.3905961
	speed: 0.0291s/iter; left time: 1953.6152s
Epoch: 23 cost time: 7.734897613525391
Epoch: 23, Steps: 242 | Train Loss: 0.3886498 Vali Loss: 0.3993991 Test Loss: 0.4544823
Validation loss decreased (0.402664 --> 0.399399).  Saving model ...
Updating learning rate to 3.4802055396837437e-05
	iters: 100, epoch: 24 | loss: 0.4165600
	speed: 0.1089s/iter; left time: 7288.0856s
	iters: 200, epoch: 24 | loss: 0.4000882
	speed: 0.0302s/iter; left time: 2019.2107s
Epoch: 24 cost time: 7.948412895202637
Epoch: 24, Steps: 242 | Train Loss: 0.3802474 Vali Loss: 0.3939039 Test Loss: 0.4529535
Validation loss decreased (0.399399 --> 0.393904).  Saving model ...
Updating learning rate to 3.7171135450120006e-05
	iters: 100, epoch: 25 | loss: 0.4077004
	speed: 0.1042s/iter; left time: 6952.2081s
	iters: 200, epoch: 25 | loss: 0.3395820
	speed: 0.0292s/iter; left time: 1945.6415s
Epoch: 25 cost time: 7.643367052078247
Epoch: 25, Steps: 242 | Train Loss: 0.3723206 Vali Loss: 0.3731199 Test Loss: 0.4308446
Validation loss decreased (0.393904 --> 0.373120).  Saving model ...
Updating learning rate to 3.958086598816033e-05
	iters: 100, epoch: 26 | loss: 0.3602010
	speed: 0.1053s/iter; left time: 6997.7424s
	iters: 200, epoch: 26 | loss: 0.3484377
	speed: 0.0274s/iter; left time: 1815.5801s
Epoch: 26 cost time: 7.563212871551514
Epoch: 26, Steps: 242 | Train Loss: 0.3632789 Vali Loss: 0.3634692 Test Loss: 0.4189912
Validation loss decreased (0.373120 --> 0.363469).  Saving model ...
Updating learning rate to 4.20246411973995e-05
	iters: 100, epoch: 27 | loss: 0.3758702
	speed: 0.1002s/iter; left time: 6637.0184s
	iters: 200, epoch: 27 | loss: 0.3246047
	speed: 0.0299s/iter; left time: 1973.9401s
Epoch: 27 cost time: 7.793187618255615
Epoch: 27, Steps: 242 | Train Loss: 0.3560078 Vali Loss: 0.3631349 Test Loss: 0.4244597
Validation loss decreased (0.363469 --> 0.363135).  Saving model ...
Updating learning rate to 4.449576193734972e-05
	iters: 100, epoch: 28 | loss: 0.3427406
	speed: 0.1040s/iter; left time: 6857.5790s
	iters: 200, epoch: 28 | loss: 0.3441330
	speed: 0.0293s/iter; left time: 1932.3828s
Epoch: 28 cost time: 7.699651479721069
Epoch: 28, Steps: 242 | Train Loss: 0.3496605 Vali Loss: 0.3558145 Test Loss: 0.4128732
Validation loss decreased (0.363135 --> 0.355814).  Saving model ...
Updating learning rate to 4.698745410500149e-05
	iters: 100, epoch: 29 | loss: 0.3539852
	speed: 0.1056s/iter; left time: 6939.3584s
	iters: 200, epoch: 29 | loss: 0.3618973
	speed: 0.0304s/iter; left time: 1996.5643s
Epoch: 29 cost time: 7.918154716491699
Epoch: 29, Steps: 242 | Train Loss: 0.3405681 Vali Loss: 0.3588887 Test Loss: 0.4203807
EarlyStopping counter: 1 out of 20
Updating learning rate to 4.9492887204726453e-05
	iters: 100, epoch: 30 | loss: 0.3186943
	speed: 0.1062s/iter; left time: 6957.3783s
	iters: 200, epoch: 30 | loss: 0.3179242
	speed: 0.0296s/iter; left time: 1937.9880s
Epoch: 30 cost time: 7.846499443054199
Epoch: 30, Steps: 242 | Train Loss: 0.3354822 Vali Loss: 0.3370009 Test Loss: 0.3945430
Validation loss decreased (0.355814 --> 0.337001).  Saving model ...
Updating learning rate to 5.200519307276941e-05
	iters: 100, epoch: 31 | loss: 0.3233955
	speed: 0.1087s/iter; left time: 7091.5790s
	iters: 200, epoch: 31 | loss: 0.3401224
	speed: 0.0303s/iter; left time: 1973.1380s
Epoch: 31 cost time: 8.220316410064697
Epoch: 31, Steps: 242 | Train Loss: 0.3274773 Vali Loss: 0.3285456 Test Loss: 0.3805947
Validation loss decreased (0.337001 --> 0.328546).  Saving model ...
Updating learning rate to 5.451748470500053e-05
	iters: 100, epoch: 32 | loss: 0.2941623
	speed: 0.1056s/iter; left time: 6862.6565s
	iters: 200, epoch: 32 | loss: 0.3335987
	speed: 0.0289s/iter; left time: 1872.5339s
Epoch: 32 cost time: 7.620251417160034
Epoch: 32, Steps: 242 | Train Loss: 0.3224715 Vali Loss: 0.3296370 Test Loss: 0.3876343
EarlyStopping counter: 1 out of 20
Updating learning rate to 5.702287513631474e-05
	iters: 100, epoch: 33 | loss: 0.2874115
	speed: 0.1045s/iter; left time: 6768.5818s
	iters: 200, epoch: 33 | loss: 0.3116659
	speed: 0.0274s/iter; left time: 1773.0846s
Epoch: 33 cost time: 7.794306516647339
Epoch: 33, Steps: 242 | Train Loss: 0.3155296 Vali Loss: 0.3020208 Test Loss: 0.3555799
Validation loss decreased (0.328546 --> 0.302021).  Saving model ...
Updating learning rate to 5.951449631992409e-05
	iters: 100, epoch: 34 | loss: 0.3111648
	speed: 0.1057s/iter; left time: 6817.0090s
	iters: 200, epoch: 34 | loss: 0.3277570
	speed: 0.0283s/iter; left time: 1823.8112s
Epoch: 34 cost time: 7.675675868988037
Epoch: 34, Steps: 242 | Train Loss: 0.3107288 Vali Loss: 0.3337260 Test Loss: 0.3887533
EarlyStopping counter: 1 out of 20
Updating learning rate to 6.198551795478931e-05
	iters: 100, epoch: 35 | loss: 0.2974902
	speed: 0.1032s/iter; left time: 6631.7225s
	iters: 200, epoch: 35 | loss: 0.3278074
	speed: 0.0303s/iter; left time: 1945.6907s
Epoch: 35 cost time: 7.775137662887573
Epoch: 35, Steps: 242 | Train Loss: 0.3046663 Vali Loss: 0.3032250 Test Loss: 0.3560856
EarlyStopping counter: 2 out of 20
Updating learning rate to 6.44291662095785e-05
	iters: 100, epoch: 36 | loss: 0.3268785
	speed: 0.1082s/iter; left time: 6927.0058s
	iters: 200, epoch: 36 | loss: 0.3270736
	speed: 0.0296s/iter; left time: 1890.1565s
Epoch: 36 cost time: 7.966376304626465
Epoch: 36, Steps: 242 | Train Loss: 0.2994234 Vali Loss: 0.3147951 Test Loss: 0.3741155
EarlyStopping counter: 3 out of 20
Updating learning rate to 6.683874229182515e-05
	iters: 100, epoch: 37 | loss: 0.2687187
	speed: 0.1057s/iter; left time: 6742.3698s
	iters: 200, epoch: 37 | loss: 0.3003424
	speed: 0.0295s/iter; left time: 1880.9140s
Epoch: 37 cost time: 7.847259283065796
Epoch: 37, Steps: 242 | Train Loss: 0.2955466 Vali Loss: 0.3057642 Test Loss: 0.3646340
EarlyStopping counter: 4 out of 20
Updating learning rate to 6.920764081138116e-05
	iters: 100, epoch: 38 | loss: 0.2622073
	speed: 0.1044s/iter; left time: 6637.2673s
	iters: 200, epoch: 38 | loss: 0.2844300
	speed: 0.0273s/iter; left time: 1729.5268s
Epoch: 38 cost time: 7.521963596343994
Epoch: 38, Steps: 242 | Train Loss: 0.2908172 Vali Loss: 0.3183344 Test Loss: 0.3765161
EarlyStopping counter: 5 out of 20
Updating learning rate to 7.152936788782586e-05
	iters: 100, epoch: 39 | loss: 0.3004241
	speed: 0.1079s/iter; left time: 6830.1042s
	iters: 200, epoch: 39 | loss: 0.3108829
	speed: 0.0283s/iter; left time: 1790.3684s
Epoch: 39 cost time: 7.800992250442505
Epoch: 39, Steps: 242 | Train Loss: 0.2868740 Vali Loss: 0.2877317 Test Loss: 0.3400260
Validation loss decreased (0.302021 --> 0.287732).  Saving model ...
Updating learning rate to 7.379755895219207e-05
	iters: 100, epoch: 40 | loss: 0.2889945
	speed: 0.1091s/iter; left time: 6879.1505s
	iters: 200, epoch: 40 | loss: 0.2656392
	speed: 0.0298s/iter; left time: 1879.3832s
Epoch: 40 cost time: 7.958394527435303
Epoch: 40, Steps: 242 | Train Loss: 0.2843006 Vali Loss: 0.2978590 Test Loss: 0.3590216
EarlyStopping counter: 1 out of 20
Updating learning rate to 7.600599619420983e-05
	iters: 100, epoch: 41 | loss: 0.2860319
	speed: 0.1102s/iter; left time: 6922.9759s
	iters: 200, epoch: 41 | loss: 0.2846902
	speed: 0.0284s/iter; left time: 1779.2603s
Epoch: 41 cost time: 7.692441463470459
Epoch: 41, Steps: 242 | Train Loss: 0.2798028 Vali Loss: 0.2974330 Test Loss: 0.3528473
EarlyStopping counter: 2 out of 20
Updating learning rate to 7.81486256072394e-05
	iters: 100, epoch: 42 | loss: 0.2795821
	speed: 0.1096s/iter; left time: 6861.4962s
	iters: 200, epoch: 42 | loss: 0.2707408
	speed: 0.0310s/iter; left time: 1939.5162s
Epoch: 42 cost time: 7.9782304763793945
Epoch: 42, Steps: 242 | Train Loss: 0.2778091 Vali Loss: 0.2799130 Test Loss: 0.3350686
Validation loss decreased (0.287732 --> 0.279913).  Saving model ...
Updating learning rate to 8.02195735841679e-05
	iters: 100, epoch: 43 | loss: 0.2783971
	speed: 0.1088s/iter; left time: 6782.7337s
	iters: 200, epoch: 43 | loss: 0.2549974
	speed: 0.0298s/iter; left time: 1857.4791s
Epoch: 43 cost time: 8.02337098121643
Epoch: 43, Steps: 242 | Train Loss: 0.2736764 Vali Loss: 0.2711780 Test Loss: 0.3241394
Validation loss decreased (0.279913 --> 0.271178).  Saving model ...
Updating learning rate to 8.221316301877545e-05
	iters: 100, epoch: 44 | loss: 0.2834480
	speed: 0.1064s/iter; left time: 6607.9691s
	iters: 200, epoch: 44 | loss: 0.2844587
	speed: 0.0299s/iter; left time: 1852.3066s
Epoch: 44 cost time: 7.887637615203857
Epoch: 44, Steps: 242 | Train Loss: 0.2710810 Vali Loss: 0.2818713 Test Loss: 0.3375072
EarlyStopping counter: 1 out of 20
Updating learning rate to 8.412392886843166e-05
	iters: 100, epoch: 45 | loss: 0.2722282
	speed: 0.1133s/iter; left time: 7008.4111s
	iters: 200, epoch: 45 | loss: 0.2534509
	speed: 0.0296s/iter; left time: 1829.5337s
Epoch: 45 cost time: 8.020551681518555
Epoch: 45, Steps: 242 | Train Loss: 0.2684558 Vali Loss: 0.2746260 Test Loss: 0.3243653
EarlyStopping counter: 2 out of 20
Updating learning rate to 8.594663313546075e-05
	iters: 100, epoch: 46 | loss: 0.2902757
	speed: 0.1085s/iter; left time: 6683.2025s
	iters: 200, epoch: 46 | loss: 0.2541949
	speed: 0.0304s/iter; left time: 1872.8526s
Epoch: 46 cost time: 8.135332584381104
Epoch: 46, Steps: 242 | Train Loss: 0.2642284 Vali Loss: 0.2752253 Test Loss: 0.3284368
EarlyStopping counter: 3 out of 20
Updating learning rate to 8.767627922610631e-05
	iters: 100, epoch: 47 | loss: 0.2533088
	speed: 0.1153s/iter; left time: 7077.9481s
	iters: 200, epoch: 47 | loss: 0.2691317
	speed: 0.0292s/iter; left time: 1786.2987s
Epoch: 47 cost time: 8.058789730072021
Epoch: 47, Steps: 242 | Train Loss: 0.2634222 Vali Loss: 0.2675306 Test Loss: 0.3213072
Validation loss decreased (0.271178 --> 0.267531).  Saving model ...
Updating learning rate to 8.930812564773362e-05
	iters: 100, epoch: 48 | loss: 0.2457302
	speed: 0.1087s/iter; left time: 6641.8282s
	iters: 200, epoch: 48 | loss: 0.2528517
	speed: 0.0228s/iter; left time: 1390.2423s
Epoch: 48 cost time: 7.267396450042725
Epoch: 48, Steps: 242 | Train Loss: 0.2582942 Vali Loss: 0.2797891 Test Loss: 0.3318575
EarlyStopping counter: 1 out of 20
Updating learning rate to 9.083769900672135e-05
	iters: 100, epoch: 49 | loss: 0.2501616
	speed: 0.1082s/iter; left time: 6585.1445s
	iters: 200, epoch: 49 | loss: 0.2447114
	speed: 0.0301s/iter; left time: 1831.7865s
Epoch: 49 cost time: 8.005698204040527
Epoch: 49, Steps: 242 | Train Loss: 0.2568452 Vali Loss: 0.2591352 Test Loss: 0.3099553
Validation loss decreased (0.267531 --> 0.259135).  Saving model ...
Updating learning rate to 9.226080627141109e-05
	iters: 100, epoch: 50 | loss: 0.2511076
	speed: 0.1045s/iter; left time: 6338.4128s
	iters: 200, epoch: 50 | loss: 0.2350787
	speed: 0.0256s/iter; left time: 1550.1685s
Epoch: 50 cost time: 7.351668357849121
Epoch: 50, Steps: 242 | Train Loss: 0.2522108 Vali Loss: 0.2682406 Test Loss: 0.3245289
EarlyStopping counter: 1 out of 20
Updating learning rate to 9.357354626649864e-05
	iters: 100, epoch: 51 | loss: 0.2441132
	speed: 0.1074s/iter; left time: 6486.1105s
	iters: 200, epoch: 51 | loss: 0.2955441
	speed: 0.0297s/iter; left time: 1792.5262s
Epoch: 51 cost time: 7.819318532943726
Epoch: 51, Steps: 242 | Train Loss: 0.2507103 Vali Loss: 0.2502331 Test Loss: 0.3018014
Validation loss decreased (0.259135 --> 0.250233).  Saving model ...
Updating learning rate to 9.477232036735685e-05
	iters: 100, epoch: 52 | loss: 0.2206900
	speed: 0.1095s/iter; left time: 6585.6029s
	iters: 200, epoch: 52 | loss: 0.2246148
	speed: 0.0308s/iter; left time: 1852.3916s
Epoch: 52 cost time: 8.157310009002686
Epoch: 52, Steps: 242 | Train Loss: 0.2482781 Vali Loss: 0.2536774 Test Loss: 0.3030591
EarlyStopping counter: 1 out of 20
Updating learning rate to 9.58538423649742e-05
	iters: 100, epoch: 53 | loss: 0.2258189
	speed: 0.1091s/iter; left time: 6535.8629s
	iters: 200, epoch: 53 | loss: 0.2518935
	speed: 0.0299s/iter; left time: 1787.4985s
Epoch: 53 cost time: 8.000431299209595
Epoch: 53, Steps: 242 | Train Loss: 0.2469968 Vali Loss: 0.2629249 Test Loss: 0.3188952
EarlyStopping counter: 2 out of 20
Updating learning rate to 9.681514747446568e-05
	iters: 100, epoch: 54 | loss: 0.2502559
	speed: 0.1088s/iter; left time: 6491.9293s
	iters: 200, epoch: 54 | loss: 0.2571481
	speed: 0.0286s/iter; left time: 1704.7741s
Epoch: 54 cost time: 8.0049467086792
Epoch: 54, Steps: 242 | Train Loss: 0.2428429 Vali Loss: 0.2404211 Test Loss: 0.2883240
Validation loss decreased (0.250233 --> 0.240421).  Saving model ...
Updating learning rate to 9.765360046246128e-05
	iters: 100, epoch: 55 | loss: 0.2289990
	speed: 0.1040s/iter; left time: 6183.5203s
	iters: 200, epoch: 55 | loss: 0.2625425
	speed: 0.0266s/iter; left time: 1575.4061s
Epoch: 55 cost time: 7.160642623901367
Epoch: 55, Steps: 242 | Train Loss: 0.2396530 Vali Loss: 0.2531133 Test Loss: 0.3062342
EarlyStopping counter: 1 out of 20
Updating learning rate to 9.83669028710923e-05
	iters: 100, epoch: 56 | loss: 0.2435241
	speed: 0.1088s/iter; left time: 6442.5099s
	iters: 200, epoch: 56 | loss: 0.2437696
	speed: 0.0301s/iter; left time: 1780.7259s
Epoch: 56 cost time: 8.189151287078857
Epoch: 56, Steps: 242 | Train Loss: 0.2385141 Vali Loss: 0.2411968 Test Loss: 0.2885357
EarlyStopping counter: 2 out of 20
Updating learning rate to 9.895309931877224e-05
	iters: 100, epoch: 57 | loss: 0.2358924
	speed: 0.1095s/iter; left time: 6456.6909s
	iters: 200, epoch: 57 | loss: 0.2293732
	speed: 0.0305s/iter; left time: 1797.2861s
Epoch: 57 cost time: 8.168862581253052
Epoch: 57, Steps: 242 | Train Loss: 0.2332870 Vali Loss: 0.2396153 Test Loss: 0.2928855
Validation loss decreased (0.240421 --> 0.239615).  Saving model ...
Updating learning rate to 9.941058286049992e-05
	iters: 100, epoch: 58 | loss: 0.2449004
	speed: 0.1124s/iter; left time: 6598.0543s
	iters: 200, epoch: 58 | loss: 0.2445600
	speed: 0.0313s/iter; left time: 1832.7083s
Epoch: 58 cost time: 8.350677013397217
Epoch: 58, Steps: 242 | Train Loss: 0.2322420 Vali Loss: 0.2369010 Test Loss: 0.2862870
Validation loss decreased (0.239615 --> 0.236901).  Saving model ...
Updating learning rate to 9.973809939299066e-05
	iters: 100, epoch: 59 | loss: 0.2342563
	speed: 0.1050s/iter; left time: 6136.0192s
	iters: 200, epoch: 59 | loss: 0.2469951
	speed: 0.0304s/iter; left time: 1775.9725s
Epoch: 59 cost time: 7.9264020919799805
Epoch: 59, Steps: 242 | Train Loss: 0.2314795 Vali Loss: 0.2380962 Test Loss: 0.2910397
EarlyStopping counter: 1 out of 20
Updating learning rate to 9.993475109255964e-05
	iters: 100, epoch: 60 | loss: 0.2207311
	speed: 0.1054s/iter; left time: 6135.5004s
	iters: 200, epoch: 60 | loss: 0.2082057
	speed: 0.0302s/iter; left time: 1757.7794s
Epoch: 60 cost time: 7.839684963226318
Epoch: 60, Steps: 242 | Train Loss: 0.2274466 Vali Loss: 0.2400612 Test Loss: 0.2888931
EarlyStopping counter: 2 out of 20
Updating learning rate to 9.999999992685498e-05
	iters: 100, epoch: 61 | loss: 0.2254665
	speed: 0.1045s/iter; left time: 6056.1808s
	iters: 200, epoch: 61 | loss: 0.2031420
	speed: 0.0278s/iter; left time: 1610.5397s
Epoch: 61 cost time: 7.622001886367798
Epoch: 61, Steps: 242 | Train Loss: 0.2259182 Vali Loss: 0.2271825 Test Loss: 0.2761085
Validation loss decreased (0.236901 --> 0.227182).  Saving model ...
Updating learning rate to 9.999568092151428e-05
	iters: 100, epoch: 62 | loss: 0.2245179
	speed: 0.1096s/iter; left time: 6330.7705s
	iters: 200, epoch: 62 | loss: 0.2196859
	speed: 0.0299s/iter; left time: 1723.9102s
Epoch: 62 cost time: 7.956774711608887
Epoch: 62, Steps: 242 | Train Loss: 0.2248762 Vali Loss: 0.2327429 Test Loss: 0.2833734
EarlyStopping counter: 1 out of 20
Updating learning rate to 9.998279544789513e-05
	iters: 100, epoch: 63 | loss: 0.2186950
	speed: 0.1064s/iter; left time: 6119.4724s
	iters: 200, epoch: 63 | loss: 0.2057656
	speed: 0.0298s/iter; left time: 1710.2626s
Epoch: 63 cost time: 7.723095655441284
Epoch: 63, Steps: 242 | Train Loss: 0.2222123 Vali Loss: 0.2324464 Test Loss: 0.2820249
EarlyStopping counter: 2 out of 20
Updating learning rate to 9.996134571385706e-05
	iters: 100, epoch: 64 | loss: 0.2434377
	speed: 0.1067s/iter; left time: 6109.3795s
	iters: 200, epoch: 64 | loss: 0.2242077
	speed: 0.0300s/iter; left time: 1711.8245s
Epoch: 64 cost time: 8.073364973068237
Epoch: 64, Steps: 242 | Train Loss: 0.2205278 Vali Loss: 0.2340563 Test Loss: 0.2878618
EarlyStopping counter: 3 out of 20
Updating learning rate to 9.993133539470164e-05
	iters: 100, epoch: 65 | loss: 0.2112019
	speed: 0.1091s/iter; left time: 6218.7822s
	iters: 200, epoch: 65 | loss: 0.2162495
	speed: 0.0298s/iter; left time: 1696.6177s
Epoch: 65 cost time: 8.05871319770813
Epoch: 65, Steps: 242 | Train Loss: 0.2164925 Vali Loss: 0.2226239 Test Loss: 0.2780646
Validation loss decreased (0.227182 --> 0.222624).  Saving model ...
Updating learning rate to 9.989276963254251e-05
	iters: 100, epoch: 66 | loss: 0.2124917
	speed: 0.1080s/iter; left time: 6130.6196s
	iters: 200, epoch: 66 | loss: 0.2095550
	speed: 0.0288s/iter; left time: 1630.6062s
Epoch: 66 cost time: 7.750576496124268
Epoch: 66, Steps: 242 | Train Loss: 0.2153662 Vali Loss: 0.2156596 Test Loss: 0.2669044
Validation loss decreased (0.222624 --> 0.215660).  Saving model ...
Updating learning rate to 9.984565503542448e-05
	iters: 100, epoch: 67 | loss: 0.2151279
	speed: 0.1078s/iter; left time: 6093.7515s
	iters: 200, epoch: 67 | loss: 0.2538291
	speed: 0.0318s/iter; left time: 1793.3635s
Epoch: 67 cost time: 8.34459137916565
Epoch: 67, Steps: 242 | Train Loss: 0.2142707 Vali Loss: 0.2232008 Test Loss: 0.2740398
EarlyStopping counter: 1 out of 20
Updating learning rate to 9.978999967619125e-05
	iters: 100, epoch: 68 | loss: 0.2188698
	speed: 0.1059s/iter; left time: 5958.0545s
	iters: 200, epoch: 68 | loss: 0.2343911
	speed: 0.0305s/iter; left time: 1711.1730s
Epoch: 68 cost time: 7.887354373931885
Epoch: 68, Steps: 242 | Train Loss: 0.2121643 Vali Loss: 0.2315174 Test Loss: 0.2853593
EarlyStopping counter: 2 out of 20
Updating learning rate to 9.97258130911021e-05
	iters: 100, epoch: 69 | loss: 0.1998532
	speed: 0.1082s/iter; left time: 6062.9249s
	iters: 200, epoch: 69 | loss: 0.2100668
	speed: 0.0292s/iter; left time: 1635.2739s
Epoch: 69 cost time: 7.954262733459473
Epoch: 69, Steps: 242 | Train Loss: 0.2093383 Vali Loss: 0.2144033 Test Loss: 0.2651513
Validation loss decreased (0.215660 --> 0.214403).  Saving model ...
Updating learning rate to 9.965310627819791e-05
	iters: 100, epoch: 70 | loss: 0.2356938
	speed: 0.1082s/iter; left time: 6039.8114s
	iters: 200, epoch: 70 | loss: 0.1935859
	speed: 0.0288s/iter; left time: 1602.1406s
Epoch: 70 cost time: 7.964898109436035
Epoch: 70, Steps: 242 | Train Loss: 0.2089935 Vali Loss: 0.2269633 Test Loss: 0.2822906
EarlyStopping counter: 1 out of 20
Updating learning rate to 9.957189169541684e-05
	iters: 100, epoch: 71 | loss: 0.1883435
	speed: 0.1090s/iter; left time: 6055.4798s
	iters: 200, epoch: 71 | loss: 0.2126576
	speed: 0.0304s/iter; left time: 1686.5531s
Epoch: 71 cost time: 8.211531400680542
Epoch: 71, Steps: 242 | Train Loss: 0.2076433 Vali Loss: 0.2116367 Test Loss: 0.2623266
Validation loss decreased (0.214403 --> 0.211637).  Saving model ...
Updating learning rate to 9.948218325845952e-05
	iters: 100, epoch: 72 | loss: 0.2151339
	speed: 0.1047s/iter; left time: 5792.0482s
	iters: 200, epoch: 72 | loss: 0.2356773
	speed: 0.0290s/iter; left time: 1603.2253s
Epoch: 72 cost time: 7.906067848205566
Epoch: 72, Steps: 242 | Train Loss: 0.2055760 Vali Loss: 0.2110288 Test Loss: 0.2610205
Validation loss decreased (0.211637 --> 0.211029).  Saving model ...
Updating learning rate to 9.938399633840481e-05
	iters: 100, epoch: 73 | loss: 0.1917342
	speed: 0.1068s/iter; left time: 5884.3149s
	iters: 200, epoch: 73 | loss: 0.2164193
	speed: 0.0288s/iter; left time: 1586.0606s
Epoch: 73 cost time: 7.886429071426392
Epoch: 73, Steps: 242 | Train Loss: 0.2032729 Vali Loss: 0.2040460 Test Loss: 0.2567634
Validation loss decreased (0.211029 --> 0.204046).  Saving model ...
Updating learning rate to 9.927734775907599e-05
	iters: 100, epoch: 74 | loss: 0.1925059
	speed: 0.1072s/iter; left time: 5880.8816s
	iters: 200, epoch: 74 | loss: 0.2057579
	speed: 0.0292s/iter; left time: 1596.6222s
Epoch: 74 cost time: 7.746736526489258
Epoch: 74, Steps: 242 | Train Loss: 0.2011330 Vali Loss: 0.2053745 Test Loss: 0.2523961
EarlyStopping counter: 1 out of 20
Updating learning rate to 9.916225579415811e-05
	iters: 100, epoch: 75 | loss: 0.1794337
	speed: 0.1051s/iter; left time: 5738.8806s
	iters: 200, epoch: 75 | loss: 0.2006534
	speed: 0.0287s/iter; left time: 1561.7254s
Epoch: 75 cost time: 7.554331302642822
Epoch: 75, Steps: 242 | Train Loss: 0.2000023 Vali Loss: 0.2022365 Test Loss: 0.2531775
Validation loss decreased (0.204046 --> 0.202237).  Saving model ...
Updating learning rate to 9.903874016406685e-05
	iters: 100, epoch: 76 | loss: 0.1876133
	speed: 0.1070s/iter; left time: 5814.3327s
	iters: 200, epoch: 76 | loss: 0.1830435
	speed: 0.0290s/iter; left time: 1572.3139s
Epoch: 76 cost time: 7.898222923278809
Epoch: 76, Steps: 242 | Train Loss: 0.1991926 Vali Loss: 0.2067081 Test Loss: 0.2583649
EarlyStopping counter: 1 out of 20
Updating learning rate to 9.890682203256956e-05
	iters: 100, epoch: 77 | loss: 0.2029669
	speed: 0.1053s/iter; left time: 5698.0397s
	iters: 200, epoch: 77 | loss: 0.1971142
	speed: 0.0301s/iter; left time: 1624.2687s
Epoch: 77 cost time: 7.883606433868408
Epoch: 77, Steps: 242 | Train Loss: 0.1966408 Vali Loss: 0.2076991 Test Loss: 0.2619760
EarlyStopping counter: 2 out of 20
Updating learning rate to 9.876652400315899e-05
	iters: 100, epoch: 78 | loss: 0.1796831
	speed: 0.1042s/iter; left time: 5615.1374s
	iters: 200, epoch: 78 | loss: 0.2090675
	speed: 0.0293s/iter; left time: 1577.4276s
Epoch: 78 cost time: 7.79364800453186
Epoch: 78, Steps: 242 | Train Loss: 0.1959017 Vali Loss: 0.2089011 Test Loss: 0.2665455
EarlyStopping counter: 3 out of 20
Updating learning rate to 9.861787011518018e-05
	iters: 100, epoch: 79 | loss: 0.2124822
	speed: 0.1068s/iter; left time: 5728.3120s
	iters: 200, epoch: 79 | loss: 0.1933034
	speed: 0.0297s/iter; left time: 1592.1349s
Epoch: 79 cost time: 7.902883529663086
Epoch: 79, Steps: 242 | Train Loss: 0.1951029 Vali Loss: 0.2075464 Test Loss: 0.2617835
EarlyStopping counter: 4 out of 20
Updating learning rate to 9.84608858397116e-05
	iters: 100, epoch: 80 | loss: 0.1865104
	speed: 0.1082s/iter; left time: 5773.5924s
	iters: 200, epoch: 80 | loss: 0.1997890
	speed: 0.0304s/iter; left time: 1617.6417s
Epoch: 80 cost time: 7.976916313171387
Epoch: 80, Steps: 242 | Train Loss: 0.1924947 Vali Loss: 0.2131680 Test Loss: 0.2665428
EarlyStopping counter: 5 out of 20
Updating learning rate to 9.829559807520067e-05
	iters: 100, epoch: 81 | loss: 0.1756189
	speed: 0.1129s/iter; left time: 6000.1903s
	iters: 200, epoch: 81 | loss: 0.1722804
	speed: 0.0288s/iter; left time: 1528.8839s
Epoch: 81 cost time: 7.980899810791016
Epoch: 81, Steps: 242 | Train Loss: 0.1926382 Vali Loss: 0.2061763 Test Loss: 0.2598107
EarlyStopping counter: 6 out of 20
Updating learning rate to 9.812203514285494e-05
	iters: 100, epoch: 82 | loss: 0.2180709
	speed: 0.1059s/iter; left time: 5600.9077s
	iters: 200, epoch: 82 | loss: 0.1704744
	speed: 0.0289s/iter; left time: 1524.1725s
Epoch: 82 cost time: 7.753674030303955
Epoch: 82, Steps: 242 | Train Loss: 0.1893671 Vali Loss: 0.1978286 Test Loss: 0.2555789
Validation loss decreased (0.202237 --> 0.197829).  Saving model ...
Updating learning rate to 9.794022678178937e-05
	iters: 100, epoch: 83 | loss: 0.1768750
	speed: 0.1056s/iter; left time: 5558.7176s
	iters: 200, epoch: 83 | loss: 0.1914031
	speed: 0.0290s/iter; left time: 1522.8548s
Epoch: 83 cost time: 7.7420549392700195
Epoch: 83, Steps: 242 | Train Loss: 0.1897818 Vali Loss: 0.1966049 Test Loss: 0.2503574
Validation loss decreased (0.197829 --> 0.196605).  Saving model ...
Updating learning rate to 9.775020414393066e-05
	iters: 100, epoch: 84 | loss: 0.1769915
	speed: 0.1041s/iter; left time: 5457.6996s
	iters: 200, epoch: 84 | loss: 0.1885594
	speed: 0.0257s/iter; left time: 1345.9731s
Epoch: 84 cost time: 7.116787433624268
Epoch: 84, Steps: 242 | Train Loss: 0.1882425 Vali Loss: 0.1905460 Test Loss: 0.2399239
Validation loss decreased (0.196605 --> 0.190546).  Saving model ...
Updating learning rate to 9.755199978867961e-05
	iters: 100, epoch: 85 | loss: 0.1893456
	speed: 0.1074s/iter; left time: 5603.7834s
	iters: 200, epoch: 85 | loss: 0.1691488
	speed: 0.0293s/iter; left time: 1526.8800s
Epoch: 85 cost time: 7.925058841705322
Epoch: 85, Steps: 242 | Train Loss: 0.1868774 Vali Loss: 0.2113318 Test Loss: 0.2698144
EarlyStopping counter: 1 out of 20
Updating learning rate to 9.734564767733208e-05
	iters: 100, epoch: 86 | loss: 0.1904332
	speed: 0.1084s/iter; left time: 5628.6483s
	iters: 200, epoch: 86 | loss: 0.1773022
	speed: 0.0294s/iter; left time: 1525.9719s
Epoch: 86 cost time: 8.072757720947266
Epoch: 86, Steps: 242 | Train Loss: 0.1848608 Vali Loss: 0.1949158 Test Loss: 0.2490026
EarlyStopping counter: 2 out of 20
Updating learning rate to 9.713118316726006e-05
	iters: 100, epoch: 87 | loss: 0.1902436
	speed: 0.1172s/iter; left time: 6057.8694s
	iters: 200, epoch: 87 | loss: 0.1832125
	speed: 0.0302s/iter; left time: 1556.8584s
Epoch: 87 cost time: 8.408314228057861
Epoch: 87, Steps: 242 | Train Loss: 0.1842124 Vali Loss: 0.1921155 Test Loss: 0.2461010
EarlyStopping counter: 3 out of 20
Updating learning rate to 9.690864300585332e-05
	iters: 100, epoch: 88 | loss: 0.1799754
	speed: 0.1089s/iter; left time: 5600.4124s
	iters: 200, epoch: 88 | loss: 0.1710007
	speed: 0.0294s/iter; left time: 1511.4738s
Epoch: 88 cost time: 8.05480670928955
Epoch: 88, Steps: 242 | Train Loss: 0.1833342 Vali Loss: 0.1886200 Test Loss: 0.2448822
Validation loss decreased (0.190546 --> 0.188620).  Saving model ...
Updating learning rate to 9.667806532422284e-05
	iters: 100, epoch: 89 | loss: 0.2021541
	speed: 0.1101s/iter; left time: 5635.7603s
	iters: 200, epoch: 89 | loss: 0.1971499
	speed: 0.0290s/iter; left time: 1484.4909s
Epoch: 89 cost time: 8.105071544647217
Epoch: 89, Steps: 242 | Train Loss: 0.1805790 Vali Loss: 0.1844295 Test Loss: 0.2377883
Validation loss decreased (0.188620 --> 0.184430).  Saving model ...
Updating learning rate to 9.643948963066737e-05
	iters: 100, epoch: 90 | loss: 0.1603489
	speed: 0.1101s/iter; left time: 5610.0608s
	iters: 200, epoch: 90 | loss: 0.1881412
	speed: 0.0325s/iter; left time: 1653.6721s
Epoch: 90 cost time: 8.60542607307434
Epoch: 90, Steps: 242 | Train Loss: 0.1802881 Vali Loss: 0.1954440 Test Loss: 0.2511360
EarlyStopping counter: 1 out of 20
Updating learning rate to 9.61929568039038e-05
	iters: 100, epoch: 91 | loss: 0.1665933
	speed: 0.1189s/iter; left time: 6028.2699s
	iters: 200, epoch: 91 | loss: 0.1705559
	speed: 0.0319s/iter; left time: 1612.5301s
Epoch: 91 cost time: 8.722363948822021
Epoch: 91, Steps: 242 | Train Loss: 0.1792472 Vali Loss: 0.1869727 Test Loss: 0.2398798
EarlyStopping counter: 2 out of 20
Updating learning rate to 9.593850908606282e-05
	iters: 100, epoch: 92 | loss: 0.1614053
	speed: 0.1118s/iter; left time: 5643.4558s
	iters: 200, epoch: 92 | loss: 0.1863572
	speed: 0.0304s/iter; left time: 1532.5104s
Epoch: 92 cost time: 8.03148865699768
Epoch: 92, Steps: 242 | Train Loss: 0.1789081 Vali Loss: 0.1904031 Test Loss: 0.2477737
EarlyStopping counter: 3 out of 20
Updating learning rate to 9.567619007545102e-05
	iters: 100, epoch: 93 | loss: 0.1809671
	speed: 0.1069s/iter; left time: 5369.7206s
	iters: 200, epoch: 93 | loss: 0.1824221
	speed: 0.0285s/iter; left time: 1427.3348s
Epoch: 93 cost time: 7.8624045848846436
Epoch: 93, Steps: 242 | Train Loss: 0.1770475 Vali Loss: 0.1795429 Test Loss: 0.2352637
Validation loss decreased (0.184430 --> 0.179543).  Saving model ...
Updating learning rate to 9.540604471908044e-05
	iters: 100, epoch: 94 | loss: 0.1880899
	speed: 0.1069s/iter; left time: 5345.2013s
	iters: 200, epoch: 94 | loss: 0.1762317
	speed: 0.0299s/iter; left time: 1493.5113s
Epoch: 94 cost time: 7.9710564613342285
Epoch: 94, Steps: 242 | Train Loss: 0.1753163 Vali Loss: 0.1881706 Test Loss: 0.2432994
EarlyStopping counter: 1 out of 20
Updating learning rate to 9.512811930496717e-05
	iters: 100, epoch: 95 | loss: 0.1744609
	speed: 0.1058s/iter; left time: 5264.7113s
	iters: 200, epoch: 95 | loss: 0.1748702
	speed: 0.0285s/iter; left time: 1414.0468s
Epoch: 95 cost time: 7.975471496582031
Epoch: 95, Steps: 242 | Train Loss: 0.1744161 Vali Loss: 0.1880400 Test Loss: 0.2437094
EarlyStopping counter: 2 out of 20
Updating learning rate to 9.484246145420014e-05
	iters: 100, epoch: 96 | loss: 0.1788588
	speed: 0.1101s/iter; left time: 5450.1138s
	iters: 200, epoch: 96 | loss: 0.1813168
	speed: 0.0297s/iter; left time: 1465.3781s
Epoch: 96 cost time: 8.128313541412354
Epoch: 96, Steps: 242 | Train Loss: 0.1738214 Vali Loss: 0.1907965 Test Loss: 0.2517037
EarlyStopping counter: 3 out of 20
Updating learning rate to 9.454912011278154e-05
	iters: 100, epoch: 97 | loss: 0.1711408
	speed: 0.1139s/iter; left time: 5609.8109s
	iters: 200, epoch: 97 | loss: 0.1642657
	speed: 0.0299s/iter; left time: 1467.8322s
Epoch: 97 cost time: 8.301822185516357
Epoch: 97, Steps: 242 | Train Loss: 0.1736479 Vali Loss: 0.1773019 Test Loss: 0.2331845
Validation loss decreased (0.179543 --> 0.177302).  Saving model ...
Updating learning rate to 9.424814554324008e-05
	iters: 100, epoch: 98 | loss: 0.1756713
	speed: 0.1082s/iter; left time: 5302.5388s
	iters: 200, epoch: 98 | loss: 0.1559254
	speed: 0.0305s/iter; left time: 1491.5320s
Epoch: 98 cost time: 7.905970096588135
Epoch: 98, Steps: 242 | Train Loss: 0.1705226 Vali Loss: 0.1802738 Test Loss: 0.2388358
EarlyStopping counter: 1 out of 20
Updating learning rate to 9.393958931601883e-05
	iters: 100, epoch: 99 | loss: 0.1947140
	speed: 0.1108s/iter; left time: 5405.8921s
	iters: 200, epoch: 99 | loss: 0.1593205
	speed: 0.0301s/iter; left time: 1464.7102s
Epoch: 99 cost time: 7.980083703994751
Epoch: 99, Steps: 242 | Train Loss: 0.1707953 Vali Loss: 0.1732353 Test Loss: 0.2335780
Validation loss decreased (0.177302 --> 0.173235).  Saving model ...
Updating learning rate to 9.362350430063888e-05
	iters: 100, epoch: 100 | loss: 0.1711160
	speed: 0.1054s/iter; left time: 5114.3405s
	iters: 200, epoch: 100 | loss: 0.1751539
	speed: 0.0259s/iter; left time: 1256.7561s
Epoch: 100 cost time: 7.312215566635132
Epoch: 100, Steps: 242 | Train Loss: 0.1698292 Vali Loss: 0.1796332 Test Loss: 0.2331017
EarlyStopping counter: 1 out of 20
Updating learning rate to 9.329994465664039e-05
	iters: 100, epoch: 101 | loss: 0.1679662
	speed: 0.0990s/iter; left time: 4783.7999s
	iters: 200, epoch: 101 | loss: 0.1548818
	speed: 0.0300s/iter; left time: 1448.3666s
Epoch: 101 cost time: 7.4130847454071045
Epoch: 101, Steps: 242 | Train Loss: 0.1679952 Vali Loss: 0.1772380 Test Loss: 0.2359823
EarlyStopping counter: 2 out of 20
Updating learning rate to 9.296896582430268e-05
	iters: 100, epoch: 102 | loss: 0.1590559
	speed: 0.1095s/iter; left time: 5261.3587s
	iters: 200, epoch: 102 | loss: 0.1778803
	speed: 0.0296s/iter; left time: 1417.4045s
Epoch: 102 cost time: 7.94440221786499
Epoch: 102, Steps: 242 | Train Loss: 0.1674503 Vali Loss: 0.1801558 Test Loss: 0.2386734
EarlyStopping counter: 3 out of 20
Updating learning rate to 9.263062451514478e-05
	iters: 100, epoch: 103 | loss: 0.1652948
	speed: 0.1091s/iter; left time: 5217.2449s
	iters: 200, epoch: 103 | loss: 0.1576249
	speed: 0.0303s/iter; left time: 1444.6535s
Epoch: 103 cost time: 8.144099235534668
Epoch: 103, Steps: 242 | Train Loss: 0.1672656 Vali Loss: 0.1778464 Test Loss: 0.2363680
EarlyStopping counter: 4 out of 20
Updating learning rate to 9.228497870220825e-05
	iters: 100, epoch: 104 | loss: 0.1755150
	speed: 0.1063s/iter; left time: 5055.4880s
	iters: 200, epoch: 104 | loss: 0.1705071
	speed: 0.0292s/iter; left time: 1385.2112s
Epoch: 104 cost time: 7.814362287521362
Epoch: 104, Steps: 242 | Train Loss: 0.1663520 Vali Loss: 0.1768503 Test Loss: 0.2354799
EarlyStopping counter: 5 out of 20
Updating learning rate to 9.193208761012373e-05
	iters: 100, epoch: 105 | loss: 0.1838768
	speed: 0.1056s/iter; left time: 4998.4153s
	iters: 200, epoch: 105 | loss: 0.1551080
	speed: 0.0296s/iter; left time: 1396.2683s
Epoch: 105 cost time: 7.920181751251221
Epoch: 105, Steps: 242 | Train Loss: 0.1650229 Vali Loss: 0.1736465 Test Loss: 0.2307598
EarlyStopping counter: 6 out of 20
Updating learning rate to 9.157201170496317e-05
	iters: 100, epoch: 106 | loss: 0.1745962
	speed: 0.1067s/iter; left time: 5022.6359s
	iters: 200, epoch: 106 | loss: 0.1860695
	speed: 0.0294s/iter; left time: 1381.5689s
Epoch: 106 cost time: 7.894846200942993
Epoch: 106, Steps: 242 | Train Loss: 0.1640305 Vali Loss: 0.1738662 Test Loss: 0.2295506
EarlyStopping counter: 7 out of 20
Updating learning rate to 9.120481268387922e-05
	iters: 100, epoch: 107 | loss: 0.1692037
	speed: 0.1052s/iter; left time: 4929.1037s
	iters: 200, epoch: 107 | loss: 0.1692012
	speed: 0.0305s/iter; left time: 1425.5663s
Epoch: 107 cost time: 8.143645286560059
Epoch: 107, Steps: 242 | Train Loss: 0.1630768 Vali Loss: 0.1733986 Test Loss: 0.2267479
EarlyStopping counter: 8 out of 20
Updating learning rate to 9.083055346453383e-05
	iters: 100, epoch: 108 | loss: 0.1634867
	speed: 0.1083s/iter; left time: 5049.1605s
	iters: 200, epoch: 108 | loss: 0.1550778
	speed: 0.0258s/iter; left time: 1197.6497s
Epoch: 108 cost time: 7.7590086460113525
Epoch: 108, Steps: 242 | Train Loss: 0.1625843 Vali Loss: 0.1733376 Test Loss: 0.2331642
EarlyStopping counter: 9 out of 20
Updating learning rate to 9.04492981743175e-05
	iters: 100, epoch: 109 | loss: 0.1686383
	speed: 0.1105s/iter; left time: 5125.0757s
	iters: 200, epoch: 109 | loss: 0.1569971
	speed: 0.0321s/iter; left time: 1486.3278s
Epoch: 109 cost time: 8.385971307754517
Epoch: 109, Steps: 242 | Train Loss: 0.1618884 Vali Loss: 0.1726946 Test Loss: 0.2294740
Validation loss decreased (0.173235 --> 0.172695).  Saving model ...
Updating learning rate to 9.006111213936156e-05
	iters: 100, epoch: 110 | loss: 0.1598588
	speed: 0.1077s/iter; left time: 4967.7585s
	iters: 200, epoch: 110 | loss: 0.1592289
	speed: 0.0308s/iter; left time: 1418.8884s
Epoch: 110 cost time: 8.083038568496704
Epoch: 110, Steps: 242 | Train Loss: 0.1605096 Vali Loss: 0.1719189 Test Loss: 0.2310597
Validation loss decreased (0.172695 --> 0.171919).  Saving model ...
Updating learning rate to 8.966606187334464e-05
	iters: 100, epoch: 111 | loss: 0.1586515
	speed: 0.1109s/iter; left time: 5089.1102s
	iters: 200, epoch: 111 | loss: 0.1752891
	speed: 0.0306s/iter; left time: 1399.3267s
Epoch: 111 cost time: 8.162048816680908
Epoch: 111, Steps: 242 | Train Loss: 0.1596183 Vali Loss: 0.1703440 Test Loss: 0.2291521
Validation loss decreased (0.171919 --> 0.170344).  Saving model ...
Updating learning rate to 8.926421506609618e-05
	iters: 100, epoch: 112 | loss: 0.1515494
	speed: 0.0940s/iter; left time: 4292.2930s
	iters: 200, epoch: 112 | loss: 0.1588808
	speed: 0.0289s/iter; left time: 1314.0444s
Epoch: 112 cost time: 7.006052017211914
Epoch: 112, Steps: 242 | Train Loss: 0.1597892 Vali Loss: 0.1664635 Test Loss: 0.2261243
Validation loss decreased (0.170344 --> 0.166464).  Saving model ...
Updating learning rate to 8.885564057199782e-05
	iters: 100, epoch: 113 | loss: 0.1683798
	speed: 0.1085s/iter; left time: 4926.7128s
	iters: 200, epoch: 113 | loss: 0.1449976
	speed: 0.0292s/iter; left time: 1323.5584s
Epoch: 113 cost time: 8.082003593444824
Epoch: 113, Steps: 242 | Train Loss: 0.1583111 Vali Loss: 0.1710378 Test Loss: 0.2274553
EarlyStopping counter: 1 out of 20
Updating learning rate to 8.84404083981858e-05
	iters: 100, epoch: 114 | loss: 0.1742489
	speed: 0.1069s/iter; left time: 4827.1901s
	iters: 200, epoch: 114 | loss: 0.1558757
	speed: 0.0304s/iter; left time: 1369.5477s
Epoch: 114 cost time: 7.994923114776611
Epoch: 114, Steps: 242 | Train Loss: 0.1574930 Vali Loss: 0.1676940 Test Loss: 0.2292516
EarlyStopping counter: 2 out of 20
Updating learning rate to 8.80185896925555e-05
	iters: 100, epoch: 115 | loss: 0.1387984
	speed: 0.1111s/iter; left time: 4990.8394s
	iters: 200, epoch: 115 | loss: 0.1571650
	speed: 0.0301s/iter; left time: 1349.6367s
Epoch: 115 cost time: 7.922330379486084
Epoch: 115, Steps: 242 | Train Loss: 0.1568955 Vali Loss: 0.1728750 Test Loss: 0.2339660
EarlyStopping counter: 3 out of 20
Updating learning rate to 8.759025673157057e-05
	iters: 100, epoch: 116 | loss: 0.1556628
	speed: 0.1075s/iter; left time: 4803.5961s
	iters: 200, epoch: 116 | loss: 0.1567443
	speed: 0.0289s/iter; left time: 1286.7040s
Epoch: 116 cost time: 7.998997688293457
Epoch: 116, Steps: 242 | Train Loss: 0.1556366 Vali Loss: 0.1650234 Test Loss: 0.2204784
Validation loss decreased (0.166464 --> 0.165023).  Saving model ...
Updating learning rate to 8.715548290787883e-05
	iters: 100, epoch: 117 | loss: 0.1562577
	speed: 0.1096s/iter; left time: 4869.8443s
	iters: 200, epoch: 117 | loss: 0.1442779
	speed: 0.0290s/iter; left time: 1286.4202s
Epoch: 117 cost time: 7.808329820632935
Epoch: 117, Steps: 242 | Train Loss: 0.1549885 Vali Loss: 0.1682368 Test Loss: 0.2248888
EarlyStopping counter: 1 out of 20
Updating learning rate to 8.671434271773674e-05
	iters: 100, epoch: 118 | loss: 0.1662189
	speed: 0.1037s/iter; left time: 4582.4219s
	iters: 200, epoch: 118 | loss: 0.1528031
	speed: 0.0295s/iter; left time: 1302.0277s
Epoch: 118 cost time: 7.859087228775024
Epoch: 118, Steps: 242 | Train Loss: 0.1551321 Vali Loss: 0.1708679 Test Loss: 0.2321285
EarlyStopping counter: 2 out of 20
Updating learning rate to 8.626691174824491e-05
	iters: 100, epoch: 119 | loss: 0.1539537
	speed: 0.1056s/iter; left time: 4641.4428s
	iters: 200, epoch: 119 | loss: 0.1662619
	speed: 0.0282s/iter; left time: 1235.4150s
Epoch: 119 cost time: 7.677116632461548
Epoch: 119, Steps: 242 | Train Loss: 0.1543839 Vali Loss: 0.1660062 Test Loss: 0.2268468
EarlyStopping counter: 3 out of 20
Updating learning rate to 8.581326666439654e-05
	iters: 100, epoch: 120 | loss: 0.1574452
	speed: 0.1072s/iter; left time: 4682.8396s
	iters: 200, epoch: 120 | loss: 0.1860725
	speed: 0.0292s/iter; left time: 1273.5001s
Epoch: 120 cost time: 7.805928945541382
Epoch: 120, Steps: 242 | Train Loss: 0.1538197 Vali Loss: 0.1644256 Test Loss: 0.2266623
Validation loss decreased (0.165023 --> 0.164426).  Saving model ...
Updating learning rate to 8.53534851959414e-05
	iters: 100, epoch: 121 | loss: 0.1512285
	speed: 0.1074s/iter; left time: 4669.5630s
	iters: 200, epoch: 121 | loss: 0.1510730
	speed: 0.0289s/iter; left time: 1254.2649s
Epoch: 121 cost time: 7.77058482170105
Epoch: 121, Steps: 242 | Train Loss: 0.1524967 Vali Loss: 0.1709889 Test Loss: 0.2271321
EarlyStopping counter: 1 out of 20
Updating learning rate to 8.488764612406716e-05
	iters: 100, epoch: 122 | loss: 0.1630445
	speed: 0.1063s/iter; left time: 4592.6664s
	iters: 200, epoch: 122 | loss: 0.1460173
	speed: 0.0284s/iter; left time: 1225.3233s
Epoch: 122 cost time: 7.506922483444214
Epoch: 122, Steps: 242 | Train Loss: 0.1524627 Vali Loss: 0.1657781 Test Loss: 0.2248301
EarlyStopping counter: 2 out of 20
Updating learning rate to 8.44158292679006e-05
	iters: 100, epoch: 123 | loss: 0.1439628
	speed: 0.1053s/iter; left time: 4523.3777s
	iters: 200, epoch: 123 | loss: 0.1485497
	speed: 0.0288s/iter; left time: 1232.7344s
Epoch: 123 cost time: 7.8690268993377686
Epoch: 123, Steps: 242 | Train Loss: 0.1519468 Vali Loss: 0.1667863 Test Loss: 0.2275572
EarlyStopping counter: 3 out of 20
Updating learning rate to 8.393811547083115e-05
	iters: 100, epoch: 124 | loss: 0.1453671
	speed: 0.1079s/iter; left time: 4611.1441s
	iters: 200, epoch: 124 | loss: 0.1469435
	speed: 0.0300s/iter; left time: 1277.8329s
Epoch: 124 cost time: 8.068162679672241
Epoch: 124, Steps: 242 | Train Loss: 0.1504328 Vali Loss: 0.1677321 Test Loss: 0.2250299
EarlyStopping counter: 4 out of 20
Updating learning rate to 8.345458658665863e-05
	iters: 100, epoch: 125 | loss: 0.1413632
	speed: 0.1120s/iter; left time: 4757.5379s
	iters: 200, epoch: 125 | loss: 0.1469389
	speed: 0.0277s/iter; left time: 1172.4463s
Epoch: 125 cost time: 7.74813437461853
Epoch: 125, Steps: 242 | Train Loss: 0.1509719 Vali Loss: 0.1626517 Test Loss: 0.2221096
Validation loss decreased (0.164426 --> 0.162652).  Saving model ...
Updating learning rate to 8.296532546556814e-05
	iters: 100, epoch: 126 | loss: 0.1561016
	speed: 0.1091s/iter; left time: 4609.9118s
	iters: 200, epoch: 126 | loss: 0.1501482
	speed: 0.0289s/iter; left time: 1217.6614s
Epoch: 126 cost time: 7.899484395980835
Epoch: 126, Steps: 242 | Train Loss: 0.1489430 Vali Loss: 0.1691986 Test Loss: 0.2270614
EarlyStopping counter: 1 out of 20
Updating learning rate to 8.247041593993405e-05
	iters: 100, epoch: 127 | loss: 0.1674319
	speed: 0.1086s/iter; left time: 4562.8504s
	iters: 200, epoch: 127 | loss: 0.1592313
	speed: 0.0305s/iter; left time: 1279.6615s
Epoch: 127 cost time: 8.116991996765137
Epoch: 127, Steps: 242 | Train Loss: 0.1490053 Vali Loss: 0.1640460 Test Loss: 0.2233868
EarlyStopping counter: 2 out of 20
Updating learning rate to 8.196994280995579e-05
	iters: 100, epoch: 128 | loss: 0.1371249
	speed: 0.1109s/iter; left time: 4630.0410s
	iters: 200, epoch: 128 | loss: 0.1588111
	speed: 0.0300s/iter; left time: 1251.9287s
Epoch: 128 cost time: 8.200148105621338
Epoch: 128, Steps: 242 | Train Loss: 0.1481537 Vali Loss: 0.1623845 Test Loss: 0.2226777
Validation loss decreased (0.162652 --> 0.162384).  Saving model ...
Updating learning rate to 8.146399182912773e-05
	iters: 100, epoch: 129 | loss: 0.1472008
	speed: 0.1061s/iter; left time: 4407.7894s
	iters: 200, epoch: 129 | loss: 0.1652145
	speed: 0.0270s/iter; left time: 1119.0401s
Epoch: 129 cost time: 7.464879512786865
Epoch: 129, Steps: 242 | Train Loss: 0.1487980 Vali Loss: 0.1591091 Test Loss: 0.2143759
Validation loss decreased (0.162384 --> 0.159109).  Saving model ...
Updating learning rate to 8.095264968954578e-05
	iters: 100, epoch: 130 | loss: 0.1487128
	speed: 0.1051s/iter; left time: 4337.1746s
	iters: 200, epoch: 130 | loss: 0.1495189
	speed: 0.0283s/iter; left time: 1164.6319s
Epoch: 130 cost time: 7.922558307647705
Epoch: 130, Steps: 242 | Train Loss: 0.1478263 Vali Loss: 0.1608000 Test Loss: 0.2232559
EarlyStopping counter: 1 out of 20
Updating learning rate to 8.043600400705318e-05
	iters: 100, epoch: 131 | loss: 0.1416437
	speed: 0.1081s/iter; left time: 4435.0735s
	iters: 200, epoch: 131 | loss: 0.1460849
	speed: 0.0282s/iter; left time: 1155.4892s
Epoch: 131 cost time: 7.877986907958984
Epoch: 131, Steps: 242 | Train Loss: 0.1471809 Vali Loss: 0.1670969 Test Loss: 0.2283796
EarlyStopping counter: 2 out of 20
Updating learning rate to 7.991414330622791e-05
	iters: 100, epoch: 132 | loss: 0.1495754
	speed: 0.1104s/iter; left time: 4504.0818s
	iters: 200, epoch: 132 | loss: 0.1427931
	speed: 0.0290s/iter; left time: 1179.8265s
Epoch: 132 cost time: 7.815187454223633
Epoch: 132, Steps: 242 | Train Loss: 0.1464974 Vali Loss: 0.1580848 Test Loss: 0.2195884
Validation loss decreased (0.159109 --> 0.158085).  Saving model ...
Updating learning rate to 7.938715700521452e-05
	iters: 100, epoch: 133 | loss: 0.1519169
	speed: 0.1067s/iter; left time: 4327.9706s
	iters: 200, epoch: 133 | loss: 0.1429807
	speed: 0.0286s/iter; left time: 1158.6640s
Epoch: 133 cost time: 7.831275939941406
Epoch: 133, Steps: 242 | Train Loss: 0.1459839 Vali Loss: 0.1588535 Test Loss: 0.2195095
EarlyStopping counter: 1 out of 20
Updating learning rate to 7.885513540040277e-05
	iters: 100, epoch: 134 | loss: 0.1248289
	speed: 0.1101s/iter; left time: 4438.9025s
	iters: 200, epoch: 134 | loss: 0.1411593
	speed: 0.0292s/iter; left time: 1174.9219s
Epoch: 134 cost time: 7.8571226596832275
Epoch: 134, Steps: 242 | Train Loss: 0.1453573 Vali Loss: 0.1613595 Test Loss: 0.2177183
EarlyStopping counter: 2 out of 20
Updating learning rate to 7.831816965095576e-05
	iters: 100, epoch: 135 | loss: 0.1546130
	speed: 0.1020s/iter; left time: 4086.2747s
	iters: 200, epoch: 135 | loss: 0.1367733
	speed: 0.0295s/iter; left time: 1178.7368s
Epoch: 135 cost time: 7.766230821609497
Epoch: 135, Steps: 242 | Train Loss: 0.1450367 Vali Loss: 0.1609544 Test Loss: 0.2160339
EarlyStopping counter: 3 out of 20
Updating learning rate to 7.777635176319038e-05
	iters: 100, epoch: 136 | loss: 0.1666407
	speed: 0.1056s/iter; left time: 4207.7972s
	iters: 200, epoch: 136 | loss: 0.1486016
	speed: 0.0308s/iter; left time: 1223.2330s
Epoch: 136 cost time: 8.261552333831787
Epoch: 136, Steps: 242 | Train Loss: 0.1445675 Vali Loss: 0.1604719 Test Loss: 0.2229262
EarlyStopping counter: 4 out of 20
Updating learning rate to 7.722977457481239e-05
	iters: 100, epoch: 137 | loss: 0.1354565
	speed: 0.1087s/iter; left time: 4303.0939s
	iters: 200, epoch: 137 | loss: 0.1503456
	speed: 0.0300s/iter; left time: 1184.1879s
Epoch: 137 cost time: 7.991022825241089
Epoch: 137, Steps: 242 | Train Loss: 0.1444806 Vali Loss: 0.1560516 Test Loss: 0.2133678
Validation loss decreased (0.158085 --> 0.156052).  Saving model ...
Updating learning rate to 7.667853173900923e-05
	iters: 100, epoch: 138 | loss: 0.1527511
	speed: 0.1070s/iter; left time: 4208.3686s
	iters: 200, epoch: 138 | loss: 0.1454584
	speed: 0.0308s/iter; left time: 1209.4835s
Epoch: 138 cost time: 8.066183090209961
Epoch: 138, Steps: 242 | Train Loss: 0.1442103 Vali Loss: 0.1631164 Test Loss: 0.2209957
EarlyStopping counter: 1 out of 20
Updating learning rate to 7.612271770840302e-05
	iters: 100, epoch: 139 | loss: 0.1378188
	speed: 0.1102s/iter; left time: 4308.4995s
	iters: 200, epoch: 139 | loss: 0.1382531
	speed: 0.0298s/iter; left time: 1162.2553s
Epoch: 139 cost time: 8.11414122581482
Epoch: 139, Steps: 242 | Train Loss: 0.1432676 Vali Loss: 0.1645130 Test Loss: 0.2255200
EarlyStopping counter: 2 out of 20
Updating learning rate to 7.556242771886657e-05
	iters: 100, epoch: 140 | loss: 0.1416457
	speed: 0.1076s/iter; left time: 4180.5374s
	iters: 200, epoch: 140 | loss: 0.1436513
	speed: 0.0298s/iter; left time: 1154.5861s
Epoch: 140 cost time: 7.911716938018799
Epoch: 140, Steps: 242 | Train Loss: 0.1435653 Vali Loss: 0.1606005 Test Loss: 0.2199152
EarlyStopping counter: 3 out of 20
Updating learning rate to 7.499775777320519e-05
	iters: 100, epoch: 141 | loss: 0.1394692
	speed: 0.1052s/iter; left time: 4061.0638s
	iters: 200, epoch: 141 | loss: 0.1369792
	speed: 0.0288s/iter; left time: 1108.5713s
Epoch: 141 cost time: 7.820801734924316
Epoch: 141, Steps: 242 | Train Loss: 0.1423787 Vali Loss: 0.1589532 Test Loss: 0.2169782
EarlyStopping counter: 4 out of 20
Updating learning rate to 7.442880462470715e-05
	iters: 100, epoch: 142 | loss: 0.1367575
	speed: 0.1104s/iter; left time: 4238.5361s
	iters: 200, epoch: 142 | loss: 0.1393554
	speed: 0.0303s/iter; left time: 1161.2708s
Epoch: 142 cost time: 7.806165933609009
Epoch: 142, Steps: 242 | Train Loss: 0.1414930 Vali Loss: 0.1569069 Test Loss: 0.2147124
EarlyStopping counter: 5 out of 20
Updating learning rate to 7.385566576056548e-05
	iters: 100, epoch: 143 | loss: 0.1444305
	speed: 0.1078s/iter; left time: 4112.1000s
	iters: 200, epoch: 143 | loss: 0.1373319
	speed: 0.0285s/iter; left time: 1083.5357s
Epoch: 143 cost time: 7.863625764846802
Epoch: 143, Steps: 242 | Train Loss: 0.1419716 Vali Loss: 0.1605473 Test Loss: 0.2189572
EarlyStopping counter: 6 out of 20
Updating learning rate to 7.327843938517401e-05
	iters: 100, epoch: 144 | loss: 0.1569461
	speed: 0.1090s/iter; left time: 4129.3540s
	iters: 200, epoch: 144 | loss: 0.1370834
	speed: 0.0307s/iter; left time: 1161.4285s
Epoch: 144 cost time: 8.099613666534424
Epoch: 144, Steps: 242 | Train Loss: 0.1405188 Vali Loss: 0.1550343 Test Loss: 0.2149643
Validation loss decreased (0.156052 --> 0.155034).  Saving model ...
Updating learning rate to 7.269722440330059e-05
	iters: 100, epoch: 145 | loss: 0.1360853
	speed: 0.1062s/iter; left time: 4000.4284s
	iters: 200, epoch: 145 | loss: 0.1326934
	speed: 0.0297s/iter; left time: 1115.1578s
Epoch: 145 cost time: 7.876775026321411
Epoch: 145, Steps: 242 | Train Loss: 0.1408082 Vali Loss: 0.1568307 Test Loss: 0.2185696
EarlyStopping counter: 1 out of 20
Updating learning rate to 7.211212040314025e-05
	iters: 100, epoch: 146 | loss: 0.1486487
	speed: 0.1086s/iter; left time: 4064.0003s
	iters: 200, epoch: 146 | loss: 0.1414620
	speed: 0.0287s/iter; left time: 1069.5648s
Epoch: 146 cost time: 7.685520648956299
Epoch: 146, Steps: 242 | Train Loss: 0.1408571 Vali Loss: 0.1569728 Test Loss: 0.2153346
EarlyStopping counter: 2 out of 20
Updating learning rate to 7.152322763925133e-05
	iters: 100, epoch: 147 | loss: 0.1307012
	speed: 0.1102s/iter; left time: 4095.2088s
	iters: 200, epoch: 147 | loss: 0.1330820
	speed: 0.0283s/iter; left time: 1048.1624s
Epoch: 147 cost time: 8.009233474731445
Epoch: 147, Steps: 242 | Train Loss: 0.1400039 Vali Loss: 0.1559529 Test Loss: 0.2140712
EarlyStopping counter: 3 out of 20
Updating learning rate to 7.093064701537727e-05
	iters: 100, epoch: 148 | loss: 0.1360814
	speed: 0.1068s/iter; left time: 3944.0725s
	iters: 200, epoch: 148 | loss: 0.1398845
	speed: 0.0300s/iter; left time: 1103.6716s
Epoch: 148 cost time: 8.039876222610474
Epoch: 148, Steps: 242 | Train Loss: 0.1399108 Vali Loss: 0.1551129 Test Loss: 0.2155045
EarlyStopping counter: 4 out of 20
Updating learning rate to 7.033448006715735e-05
	iters: 100, epoch: 149 | loss: 0.1354870
	speed: 0.1094s/iter; left time: 4013.5865s
	iters: 200, epoch: 149 | loss: 0.1475816
	speed: 0.0312s/iter; left time: 1140.9255s
Epoch: 149 cost time: 8.06847596168518
Epoch: 149, Steps: 242 | Train Loss: 0.1390721 Vali Loss: 0.1584205 Test Loss: 0.2206071
EarlyStopping counter: 5 out of 20
Updating learning rate to 6.97348289447291e-05
	iters: 100, epoch: 150 | loss: 0.1487098
	speed: 0.1109s/iter; left time: 4040.5433s
	iters: 200, epoch: 150 | loss: 0.1429351
	speed: 0.0291s/iter; left time: 1057.4201s
Epoch: 150 cost time: 7.701612234115601
Epoch: 150, Steps: 242 | Train Loss: 0.1385611 Vali Loss: 0.1561089 Test Loss: 0.2144181
EarlyStopping counter: 6 out of 20
Updating learning rate to 6.913179639522529e-05
	iters: 100, epoch: 151 | loss: 0.1334628
	speed: 0.1069s/iter; left time: 3870.0493s
	iters: 200, epoch: 151 | loss: 0.1321149
	speed: 0.0297s/iter; left time: 1072.7307s
Epoch: 151 cost time: 8.082978010177612
Epoch: 151, Steps: 242 | Train Loss: 0.1388073 Vali Loss: 0.1559181 Test Loss: 0.2151068
EarlyStopping counter: 7 out of 20
Updating learning rate to 6.852548574516891e-05
	iters: 100, epoch: 152 | loss: 0.1363908
	speed: 0.1069s/iter; left time: 3842.5690s
	iters: 200, epoch: 152 | loss: 0.1476678
	speed: 0.0303s/iter; left time: 1087.9863s
Epoch: 152 cost time: 7.973402500152588
Epoch: 152, Steps: 242 | Train Loss: 0.1381788 Vali Loss: 0.1546337 Test Loss: 0.2149387
Validation loss decreased (0.155034 --> 0.154634).  Saving model ...
Updating learning rate to 6.791600088276853e-05
	iters: 100, epoch: 153 | loss: 0.1475935
	speed: 0.1113s/iter; left time: 3975.0759s
	iters: 200, epoch: 153 | loss: 0.1452506
	speed: 0.0303s/iter; left time: 1079.3203s
Epoch: 153 cost time: 8.12625789642334
Epoch: 153, Steps: 242 | Train Loss: 0.1374739 Vali Loss: 0.1578468 Test Loss: 0.2157807
EarlyStopping counter: 1 out of 20
Updating learning rate to 6.730344624011765e-05
	iters: 100, epoch: 154 | loss: 0.1464288
	speed: 0.1084s/iter; left time: 3844.3119s
	iters: 200, epoch: 154 | loss: 0.1371645
	speed: 0.0297s/iter; left time: 1048.8833s
Epoch: 154 cost time: 8.232112169265747
Epoch: 154, Steps: 242 | Train Loss: 0.1372275 Vali Loss: 0.1553729 Test Loss: 0.2150168
EarlyStopping counter: 2 out of 20
Updating learning rate to 6.668792677530092e-05
	iters: 100, epoch: 155 | loss: 0.1364837
	speed: 0.1144s/iter; left time: 4029.5619s
	iters: 200, epoch: 155 | loss: 0.1416341
	speed: 0.0301s/iter; left time: 1056.7065s
Epoch: 155 cost time: 8.099486827850342
Epoch: 155, Steps: 242 | Train Loss: 0.1370609 Vali Loss: 0.1527588 Test Loss: 0.2122392
Validation loss decreased (0.154634 --> 0.152759).  Saving model ...
Updating learning rate to 6.606954795440988e-05
	iters: 100, epoch: 156 | loss: 0.1309728
	speed: 0.1105s/iter; left time: 3864.7820s
	iters: 200, epoch: 156 | loss: 0.1477240
	speed: 0.0300s/iter; left time: 1046.8638s
Epoch: 156 cost time: 7.987102746963501
Epoch: 156, Steps: 242 | Train Loss: 0.1366370 Vali Loss: 0.1572879 Test Loss: 0.2156473
EarlyStopping counter: 1 out of 20
Updating learning rate to 6.544841573347206e-05
	iters: 100, epoch: 157 | loss: 0.1323589
	speed: 0.1055s/iter; left time: 3665.3412s
	iters: 200, epoch: 157 | loss: 0.1384182
	speed: 0.0290s/iter; left time: 1004.1844s
Epoch: 157 cost time: 7.825902938842773
Epoch: 157, Steps: 242 | Train Loss: 0.1363740 Vali Loss: 0.1551046 Test Loss: 0.2150688
EarlyStopping counter: 2 out of 20
Updating learning rate to 6.482463654029597e-05
	iters: 100, epoch: 158 | loss: 0.1374978
	speed: 0.0993s/iter; left time: 3426.2210s
	iters: 200, epoch: 158 | loss: 0.1391785
	speed: 0.0299s/iter; left time: 1028.3733s
Epoch: 158 cost time: 7.941864490509033
Epoch: 158, Steps: 242 | Train Loss: 0.1365700 Vali Loss: 0.1519189 Test Loss: 0.2099354
Validation loss decreased (0.152759 --> 0.151919).  Saving model ...
Updating learning rate to 6.41983172562351e-05
	iters: 100, epoch: 159 | loss: 0.1363049
	speed: 0.1098s/iter; left time: 3763.7190s
	iters: 200, epoch: 159 | loss: 0.1364556
	speed: 0.0299s/iter; left time: 1021.7891s
Epoch: 159 cost time: 7.945090055465698
Epoch: 159, Steps: 242 | Train Loss: 0.1362339 Vali Loss: 0.1533616 Test Loss: 0.2145028
EarlyStopping counter: 1 out of 20
Updating learning rate to 6.356956519787448e-05
	iters: 100, epoch: 160 | loss: 0.1377121
	speed: 0.1100s/iter; left time: 3742.0467s
	iters: 200, epoch: 160 | loss: 0.1331765
	speed: 0.0314s/iter; left time: 1064.7562s
Epoch: 160 cost time: 8.370764255523682
Epoch: 160, Steps: 242 | Train Loss: 0.1355940 Vali Loss: 0.1544865 Test Loss: 0.2130974
EarlyStopping counter: 2 out of 20
Updating learning rate to 6.293848809864248e-05
	iters: 100, epoch: 161 | loss: 0.1265409
	speed: 0.1081s/iter; left time: 3650.1229s
	iters: 200, epoch: 161 | loss: 0.1319511
	speed: 0.0303s/iter; left time: 1019.5209s
Epoch: 161 cost time: 8.157340288162231
Epoch: 161, Steps: 242 | Train Loss: 0.1352697 Vali Loss: 0.1568561 Test Loss: 0.2176926
EarlyStopping counter: 3 out of 20
Updating learning rate to 6.230519409035127e-05
	iters: 100, epoch: 162 | loss: 0.1241736
	speed: 0.1077s/iter; left time: 3612.5145s
	iters: 200, epoch: 162 | loss: 0.1425116
	speed: 0.0305s/iter; left time: 1018.9141s
Epoch: 162 cost time: 8.193824529647827
Epoch: 162, Steps: 242 | Train Loss: 0.1346388 Vali Loss: 0.1592604 Test Loss: 0.2205819
EarlyStopping counter: 4 out of 20
Updating learning rate to 6.166979168466898e-05
	iters: 100, epoch: 163 | loss: 0.1354719
	speed: 0.1077s/iter; left time: 3584.8896s
	iters: 200, epoch: 163 | loss: 0.1338828
	speed: 0.0292s/iter; left time: 970.6318s
Epoch: 163 cost time: 7.840973854064941
Epoch: 163, Steps: 242 | Train Loss: 0.1344965 Vali Loss: 0.1580118 Test Loss: 0.2141723
EarlyStopping counter: 5 out of 20
Updating learning rate to 6.103238975452672e-05
	iters: 100, epoch: 164 | loss: 0.1447794
	speed: 0.1036s/iter; left time: 3425.3344s
	iters: 200, epoch: 164 | loss: 0.1354965
	speed: 0.0304s/iter; left time: 1003.2463s
Epoch: 164 cost time: 8.2649405002594
Epoch: 164, Steps: 242 | Train Loss: 0.1343388 Vali Loss: 0.1555943 Test Loss: 0.2172946
EarlyStopping counter: 6 out of 20
Updating learning rate to 6.03930975154639e-05
	iters: 100, epoch: 165 | loss: 0.1303523
	speed: 0.1067s/iter; left time: 3500.3670s
	iters: 200, epoch: 165 | loss: 0.1361390
	speed: 0.0308s/iter; left time: 1007.6931s
Epoch: 165 cost time: 8.178613424301147
Epoch: 165, Steps: 242 | Train Loss: 0.1336687 Vali Loss: 0.1527497 Test Loss: 0.2112798
EarlyStopping counter: 7 out of 20
Updating learning rate to 5.975202450691458e-05
	iters: 100, epoch: 166 | loss: 0.1322153
	speed: 0.1101s/iter; left time: 3584.5186s
	iters: 200, epoch: 166 | loss: 0.1270209
	speed: 0.0292s/iter; left time: 948.4744s
Epoch: 166 cost time: 7.9561989307403564
Epoch: 166, Steps: 242 | Train Loss: 0.1337914 Vali Loss: 0.1518111 Test Loss: 0.2094742
Validation loss decreased (0.151919 --> 0.151811).  Saving model ...
Updating learning rate to 5.910928057343854e-05
	iters: 100, epoch: 167 | loss: 0.1425059
	speed: 0.1056s/iter; left time: 3414.1469s
	iters: 200, epoch: 167 | loss: 0.1313837
	speed: 0.0298s/iter; left time: 961.4571s
Epoch: 167 cost time: 8.074128150939941
Epoch: 167, Steps: 242 | Train Loss: 0.1335469 Vali Loss: 0.1530197 Test Loss: 0.2120629
EarlyStopping counter: 1 out of 20
Updating learning rate to 5.8464975845899904e-05
	iters: 100, epoch: 168 | loss: 0.1316271
	speed: 0.1087s/iter; left time: 3488.5092s
	iters: 200, epoch: 168 | loss: 0.1427119
	speed: 0.0285s/iter; left time: 912.8244s
Epoch: 168 cost time: 7.703847885131836
Epoch: 168, Steps: 242 | Train Loss: 0.1329271 Vali Loss: 0.1509103 Test Loss: 0.2102655
Validation loss decreased (0.151811 --> 0.150910).  Saving model ...
Updating learning rate to 5.781922072259687e-05
	iters: 100, epoch: 169 | loss: 0.1500292
	speed: 0.1020s/iter; left time: 3247.3340s
	iters: 200, epoch: 169 | loss: 0.1278204
	speed: 0.0292s/iter; left time: 926.2594s
Epoch: 169 cost time: 7.768218040466309
Epoch: 169, Steps: 242 | Train Loss: 0.1331701 Vali Loss: 0.1520726 Test Loss: 0.2129544
EarlyStopping counter: 1 out of 20
Updating learning rate to 5.7172125850345445e-05
	iters: 100, epoch: 170 | loss: 0.1390366
	speed: 0.1034s/iter; left time: 3268.3157s
	iters: 200, epoch: 170 | loss: 0.1188378
	speed: 0.0308s/iter; left time: 968.8578s
Epoch: 170 cost time: 8.035885095596313
Epoch: 170, Steps: 242 | Train Loss: 0.1325022 Vali Loss: 0.1587317 Test Loss: 0.2236615
EarlyStopping counter: 2 out of 20
Updating learning rate to 5.6523802105520743e-05
	iters: 100, epoch: 171 | loss: 0.1297329
	speed: 0.1098s/iter; left time: 3444.8057s
	iters: 200, epoch: 171 | loss: 0.1488369
	speed: 0.0293s/iter; left time: 915.8255s
Epoch: 171 cost time: 8.27534294128418
Epoch: 171, Steps: 242 | Train Loss: 0.1324490 Vali Loss: 0.1501087 Test Loss: 0.2084199
Validation loss decreased (0.150910 --> 0.150109).  Saving model ...
Updating learning rate to 5.587436057505883e-05
	iters: 100, epoch: 172 | loss: 0.1345501
	speed: 0.1054s/iter; left time: 3281.1456s
	iters: 200, epoch: 172 | loss: 0.1275835
	speed: 0.0309s/iter; left time: 957.9200s
Epoch: 172 cost time: 7.96360182762146
Epoch: 172, Steps: 242 | Train Loss: 0.1323179 Vali Loss: 0.1511582 Test Loss: 0.2098428
EarlyStopping counter: 1 out of 20
Updating learning rate to 5.522391253742268e-05
	iters: 100, epoch: 173 | loss: 0.1416762
	speed: 0.1061s/iter; left time: 3275.2044s
	iters: 200, epoch: 173 | loss: 0.1334130
	speed: 0.0224s/iter; left time: 690.6149s
Epoch: 173 cost time: 7.247217893600464
Epoch: 173, Steps: 242 | Train Loss: 0.1315503 Vali Loss: 0.1500846 Test Loss: 0.2098435
Validation loss decreased (0.150109 --> 0.150085).  Saving model ...
Updating learning rate to 5.457256944353496e-05
	iters: 100, epoch: 174 | loss: 0.1280651
	speed: 0.1063s/iter; left time: 3257.5115s
	iters: 200, epoch: 174 | loss: 0.1263708
	speed: 0.0308s/iter; left time: 940.5792s
Epoch: 174 cost time: 8.27303171157837
Epoch: 174, Steps: 242 | Train Loss: 0.1314769 Vali Loss: 0.1501243 Test Loss: 0.2130285
EarlyStopping counter: 1 out of 20
Updating learning rate to 5.392044289768173e-05
	iters: 100, epoch: 175 | loss: 0.1315714
	speed: 0.1024s/iter; left time: 3113.0557s
	iters: 200, epoch: 175 | loss: 0.1259041
	speed: 0.0298s/iter; left time: 902.9076s
Epoch: 175 cost time: 7.715336084365845
Epoch: 175, Steps: 242 | Train Loss: 0.1316319 Vali Loss: 0.1533613 Test Loss: 0.2135235
EarlyStopping counter: 2 out of 20
Updating learning rate to 5.3267644638389425e-05
	iters: 100, epoch: 176 | loss: 0.1256880
	speed: 0.1048s/iter; left time: 3158.9539s
	iters: 200, epoch: 176 | loss: 0.1200060
	speed: 0.0314s/iter; left time: 943.4569s
Epoch: 176 cost time: 8.119402885437012
Epoch: 176, Steps: 242 | Train Loss: 0.1307134 Vali Loss: 0.1533857 Test Loss: 0.2106670
EarlyStopping counter: 3 out of 20
Updating learning rate to 5.2614286519279204e-05
	iters: 100, epoch: 177 | loss: 0.1321080
	speed: 0.1088s/iter; left time: 3252.7369s
	iters: 200, epoch: 177 | loss: 0.1350753
	speed: 0.0285s/iter; left time: 849.9015s
Epoch: 177 cost time: 7.798216342926025
Epoch: 177, Steps: 242 | Train Loss: 0.1309183 Vali Loss: 0.1550864 Test Loss: 0.2141625
EarlyStopping counter: 4 out of 20
Updating learning rate to 5.196048048990126e-05
	iters: 100, epoch: 178 | loss: 0.1389028
	speed: 0.1031s/iter; left time: 3057.9861s
	iters: 200, epoch: 178 | loss: 0.1345814
	speed: 0.0291s/iter; left time: 861.1951s
Epoch: 178 cost time: 7.916379451751709
Epoch: 178, Steps: 242 | Train Loss: 0.1305087 Vali Loss: 0.1502250 Test Loss: 0.2086183
EarlyStopping counter: 5 out of 20
Updating learning rate to 5.130633857655291e-05
	iters: 100, epoch: 179 | loss: 0.1250540
	speed: 0.1050s/iter; left time: 3090.5900s
	iters: 200, epoch: 179 | loss: 0.1251697
	speed: 0.0288s/iter; left time: 845.7429s
Epoch: 179 cost time: 8.011696577072144
Epoch: 179, Steps: 242 | Train Loss: 0.1304534 Vali Loss: 0.1534671 Test Loss: 0.2127718
EarlyStopping counter: 6 out of 20
Updating learning rate to 5.065197286308349e-05
	iters: 100, epoch: 180 | loss: 0.1172277
	speed: 0.1051s/iter; left time: 3067.4900s
	iters: 200, epoch: 180 | loss: 0.1154679
	speed: 0.0298s/iter; left time: 866.8300s
Epoch: 180 cost time: 7.726714849472046
Epoch: 180, Steps: 242 | Train Loss: 0.1310126 Vali Loss: 0.1469271 Test Loss: 0.2074199
Validation loss decreased (0.150085 --> 0.146927).  Saving model ...
Updating learning rate to 4.999749547168932e-05
	iters: 100, epoch: 181 | loss: 0.1350944
	speed: 0.1029s/iter; left time: 2978.7228s
	iters: 200, epoch: 181 | loss: 0.1451382
	speed: 0.0293s/iter; left time: 843.9181s
Epoch: 181 cost time: 7.92376446723938
Epoch: 181, Steps: 242 | Train Loss: 0.1300415 Vali Loss: 0.1484549 Test Loss: 0.2065566
EarlyStopping counter: 1 out of 20
Updating learning rate to 4.934301854370215e-05
	iters: 100, epoch: 182 | loss: 0.1272984
	speed: 0.1037s/iter; left time: 2975.0557s
	iters: 200, epoch: 182 | loss: 0.1215584
	speed: 0.0284s/iter; left time: 812.7551s
Epoch: 182 cost time: 7.719982624053955
Epoch: 182, Steps: 242 | Train Loss: 0.1296772 Vali Loss: 0.1527280 Test Loss: 0.2148422
EarlyStopping counter: 2 out of 20
Updating learning rate to 4.8688654220374345e-05
	iters: 100, epoch: 183 | loss: 0.1274185
	speed: 0.1087s/iter; left time: 3094.2295s
	iters: 200, epoch: 183 | loss: 0.1250794
	speed: 0.0299s/iter; left time: 846.5257s
Epoch: 183 cost time: 8.204575061798096
Epoch: 183, Steps: 242 | Train Loss: 0.1295573 Vali Loss: 0.1493218 Test Loss: 0.2070838
EarlyStopping counter: 3 out of 20
Updating learning rate to 4.803451462366402e-05
	iters: 100, epoch: 184 | loss: 0.1276627
	speed: 0.1061s/iter; left time: 2992.4212s
	iters: 200, epoch: 184 | loss: 0.1324498
	speed: 0.0301s/iter; left time: 847.1682s
Epoch: 184 cost time: 7.948166370391846
Epoch: 184, Steps: 242 | Train Loss: 0.1297128 Vali Loss: 0.1489657 Test Loss: 0.2065905
EarlyStopping counter: 4 out of 20
Updating learning rate to 4.7380711837023554e-05
	iters: 100, epoch: 185 | loss: 0.1350942
	speed: 0.1033s/iter; left time: 2888.5530s
	iters: 200, epoch: 185 | loss: 0.1285910
	speed: 0.0302s/iter; left time: 841.8102s
Epoch: 185 cost time: 7.878019094467163
Epoch: 185, Steps: 242 | Train Loss: 0.1294351 Vali Loss: 0.1502327 Test Loss: 0.2100822
EarlyStopping counter: 5 out of 20
Updating learning rate to 4.6727357886194646e-05
	iters: 100, epoch: 186 | loss: 0.1320080
	speed: 0.1053s/iter; left time: 2919.5809s
	iters: 200, epoch: 186 | loss: 0.1225805
	speed: 0.0304s/iter; left time: 839.6506s
Epoch: 186 cost time: 8.12308645248413
Epoch: 186, Steps: 242 | Train Loss: 0.1286419 Vali Loss: 0.1485742 Test Loss: 0.2066454
EarlyStopping counter: 6 out of 20
Updating learning rate to 4.607456472001332e-05
	iters: 100, epoch: 187 | loss: 0.1258639
	speed: 0.1049s/iter; left time: 2883.7993s
	iters: 200, epoch: 187 | loss: 0.1276750
	speed: 0.0306s/iter; left time: 839.4153s
Epoch: 187 cost time: 8.07043719291687
Epoch: 187, Steps: 242 | Train Loss: 0.1285536 Vali Loss: 0.1545610 Test Loss: 0.2156457
EarlyStopping counter: 7 out of 20
Updating learning rate to 4.542244419122797e-05
	iters: 100, epoch: 188 | loss: 0.1430909
	speed: 0.1051s/iter; left time: 2864.8886s
	iters: 200, epoch: 188 | loss: 0.1341339
	speed: 0.0300s/iter; left time: 813.7536s
Epoch: 188 cost time: 7.935403347015381
Epoch: 188, Steps: 242 | Train Loss: 0.1286358 Vali Loss: 0.1449546 Test Loss: 0.2039816
Validation loss decreased (0.146927 --> 0.144955).  Saving model ...
Updating learning rate to 4.477110803733409e-05
	iters: 100, epoch: 189 | loss: 0.1164076
	speed: 0.1097s/iter; left time: 2963.4205s
	iters: 200, epoch: 189 | loss: 0.1223711
	speed: 0.0300s/iter; left time: 807.4961s
Epoch: 189 cost time: 7.900595188140869
Epoch: 189, Steps: 242 | Train Loss: 0.1280202 Vali Loss: 0.1514178 Test Loss: 0.2102968
EarlyStopping counter: 1 out of 20
Updating learning rate to 4.4120667861428607e-05
	iters: 100, epoch: 190 | loss: 0.1330049
	speed: 0.1058s/iter; left time: 2832.2165s
	iters: 200, epoch: 190 | loss: 0.1260042
	speed: 0.0294s/iter; left time: 784.1115s
Epoch: 190 cost time: 7.82157039642334
Epoch: 190, Steps: 242 | Train Loss: 0.1283608 Vali Loss: 0.1485019 Test Loss: 0.2082604
EarlyStopping counter: 2 out of 20
Updating learning rate to 4.3471235113087146e-05
	iters: 100, epoch: 191 | loss: 0.1235912
	speed: 0.1059s/iter; left time: 2807.9546s
	iters: 200, epoch: 191 | loss: 0.1266604
	speed: 0.0294s/iter; left time: 776.7761s
Epoch: 191 cost time: 7.794714689254761
Epoch: 191, Steps: 242 | Train Loss: 0.1277105 Vali Loss: 0.1491264 Test Loss: 0.2096454
EarlyStopping counter: 3 out of 20
Updating learning rate to 4.282292106926785e-05
	iters: 100, epoch: 192 | loss: 0.1290601
	speed: 0.1067s/iter; left time: 2803.1477s
	iters: 200, epoch: 192 | loss: 0.1297328
	speed: 0.0287s/iter; left time: 750.1110s
Epoch: 192 cost time: 7.890011787414551
Epoch: 192, Steps: 242 | Train Loss: 0.1279877 Vali Loss: 0.1514554 Test Loss: 0.2129446
EarlyStopping counter: 4 out of 20
Updating learning rate to 4.2175836815244616e-05
	iters: 100, epoch: 193 | loss: 0.1235797
	speed: 0.1138s/iter; left time: 2963.2663s
	iters: 200, epoch: 193 | loss: 0.1335658
	speed: 0.0286s/iter; left time: 742.8651s
Epoch: 193 cost time: 8.231188535690308
Epoch: 193, Steps: 242 | Train Loss: 0.1275375 Vali Loss: 0.1515841 Test Loss: 0.2089305
EarlyStopping counter: 5 out of 20
Updating learning rate to 4.153009322557313e-05
	iters: 100, epoch: 194 | loss: 0.1250511
	speed: 0.1082s/iter; left time: 2791.4590s
	iters: 200, epoch: 194 | loss: 0.1261825
	speed: 0.0282s/iter; left time: 724.8764s
Epoch: 194 cost time: 7.939963340759277
Epoch: 194, Steps: 242 | Train Loss: 0.1273569 Vali Loss: 0.1470364 Test Loss: 0.2059304
EarlyStopping counter: 6 out of 20
Updating learning rate to 4.088580094509324e-05
	iters: 100, epoch: 195 | loss: 0.1259853
	speed: 0.1064s/iter; left time: 2719.7572s
	iters: 200, epoch: 195 | loss: 0.1211919
	speed: 0.0276s/iter; left time: 703.3634s
Epoch: 195 cost time: 7.829816579818726
Epoch: 195, Steps: 242 | Train Loss: 0.1272045 Vali Loss: 0.1477514 Test Loss: 0.2074960
EarlyStopping counter: 7 out of 20
Updating learning rate to 4.024307036997033e-05
	iters: 100, epoch: 196 | loss: 0.1245102
	speed: 0.1125s/iter; left time: 2847.1023s
	iters: 200, epoch: 196 | loss: 0.1171898
	speed: 0.0306s/iter; left time: 770.7139s
Epoch: 196 cost time: 8.444452047348022
Epoch: 196, Steps: 242 | Train Loss: 0.1271022 Vali Loss: 0.1480184 Test Loss: 0.2085022
EarlyStopping counter: 8 out of 20
Updating learning rate to 3.960201162877969e-05
	iters: 100, epoch: 197 | loss: 0.1255850
	speed: 0.1109s/iter; left time: 2779.8955s
	iters: 200, epoch: 197 | loss: 0.1236264
	speed: 0.0295s/iter; left time: 737.0485s
Epoch: 197 cost time: 7.973849058151245
Epoch: 197, Steps: 242 | Train Loss: 0.1272576 Vali Loss: 0.1473117 Test Loss: 0.2069978
EarlyStopping counter: 9 out of 20
Updating learning rate to 3.896273456363645e-05
	iters: 100, epoch: 198 | loss: 0.1263689
	speed: 0.1110s/iter; left time: 2755.6774s
	iters: 200, epoch: 198 | loss: 0.1299615
	speed: 0.0309s/iter; left time: 763.0436s
Epoch: 198 cost time: 8.80756139755249
Epoch: 198, Steps: 242 | Train Loss: 0.1269985 Vali Loss: 0.1489441 Test Loss: 0.2101165
EarlyStopping counter: 10 out of 20
Updating learning rate to 3.832534871137469e-05
	iters: 100, epoch: 199 | loss: 0.1229380
	speed: 0.1073s/iter; left time: 2637.3901s
	iters: 200, epoch: 199 | loss: 0.1199598
	speed: 0.0294s/iter; left time: 720.2289s
Epoch: 199 cost time: 7.838290452957153
Epoch: 199, Steps: 242 | Train Loss: 0.1260946 Vali Loss: 0.1462337 Test Loss: 0.2046889
EarlyStopping counter: 11 out of 20
Updating learning rate to 3.768996328477897e-05
	iters: 100, epoch: 200 | loss: 0.1275820
	speed: 0.1040s/iter; left time: 2531.9302s
	iters: 200, epoch: 200 | loss: 0.1259016
	speed: 0.0283s/iter; left time: 685.6240s
Epoch: 200 cost time: 7.573557615280151
Epoch: 200, Steps: 242 | Train Loss: 0.1262442 Vali Loss: 0.1487149 Test Loss: 0.2075170
EarlyStopping counter: 12 out of 20
Updating learning rate to 3.7056687153871095e-05
	iters: 100, epoch: 201 | loss: 0.1295199
	speed: 0.1113s/iter; left time: 2682.1305s
	iters: 200, epoch: 201 | loss: 0.1270021
	speed: 0.0293s/iter; left time: 703.9813s
Epoch: 201 cost time: 7.908762693405151
Epoch: 201, Steps: 242 | Train Loss: 0.1259775 Vali Loss: 0.1478643 Test Loss: 0.2056005
EarlyStopping counter: 13 out of 20
Updating learning rate to 3.642562882725604e-05
	iters: 100, epoch: 202 | loss: 0.1132625
	speed: 0.1102s/iter; left time: 2630.3807s
	iters: 200, epoch: 202 | loss: 0.1230806
	speed: 0.0286s/iter; left time: 679.4131s
Epoch: 202 cost time: 8.077863693237305
Epoch: 202, Steps: 242 | Train Loss: 0.1260421 Vali Loss: 0.1461059 Test Loss: 0.2049653
EarlyStopping counter: 14 out of 20
Updating learning rate to 3.579689643352934e-05
	iters: 100, epoch: 203 | loss: 0.1239715
	speed: 0.1068s/iter; left time: 2521.8983s
	iters: 200, epoch: 203 | loss: 0.1330425
	speed: 0.0302s/iter; left time: 709.0924s
Epoch: 203 cost time: 8.12735104560852
Epoch: 203, Steps: 242 | Train Loss: 0.1255811 Vali Loss: 0.1480340 Test Loss: 0.2078134
EarlyStopping counter: 15 out of 20
Updating learning rate to 3.517059770274994e-05
	iters: 100, epoch: 204 | loss: 0.1333383
	speed: 0.1036s/iter; left time: 2421.3274s
	iters: 200, epoch: 204 | loss: 0.1317656
	speed: 0.0267s/iter; left time: 621.2287s
Epoch: 204 cost time: 7.475228309631348
Epoch: 204, Steps: 242 | Train Loss: 0.1260215 Vali Loss: 0.1481120 Test Loss: 0.2060864
EarlyStopping counter: 16 out of 20
Updating learning rate to 3.454683994798118e-05
	iters: 100, epoch: 205 | loss: 0.1341455
	speed: 0.1107s/iter; left time: 2561.3705s
	iters: 200, epoch: 205 | loss: 0.1208873
	speed: 0.0305s/iter; left time: 703.4305s
Epoch: 205 cost time: 8.124094486236572
Epoch: 205, Steps: 242 | Train Loss: 0.1254951 Vali Loss: 0.1466231 Test Loss: 0.2050010
EarlyStopping counter: 17 out of 20
Updating learning rate to 3.3925730046903224e-05
	iters: 100, epoch: 206 | loss: 0.1181570
	speed: 0.1128s/iter; left time: 2582.4399s
	iters: 200, epoch: 206 | loss: 0.1215606
	speed: 0.0312s/iter; left time: 711.8357s
Epoch: 206 cost time: 8.32342791557312
Epoch: 206, Steps: 242 | Train Loss: 0.1253894 Vali Loss: 0.1466979 Test Loss: 0.2073075
EarlyStopping counter: 18 out of 20
Updating learning rate to 3.330737442350014e-05
	iters: 100, epoch: 207 | loss: 0.1272248
	speed: 0.1053s/iter; left time: 2385.7440s
	iters: 200, epoch: 207 | loss: 0.1379798
	speed: 0.0302s/iter; left time: 682.1007s
Epoch: 207 cost time: 7.884408712387085
Epoch: 207, Steps: 242 | Train Loss: 0.1248674 Vali Loss: 0.1465631 Test Loss: 0.2067956
EarlyStopping counter: 19 out of 20
Updating learning rate to 3.269187902982468e-05
	iters: 100, epoch: 208 | loss: 0.1317625
	speed: 0.1037s/iter; left time: 2324.4928s
	iters: 200, epoch: 208 | loss: 0.1244088
	speed: 0.0290s/iter; left time: 647.7132s
Epoch: 208 cost time: 7.8936872482299805
Epoch: 208, Steps: 242 | Train Loss: 0.1249910 Vali Loss: 0.1465227 Test Loss: 0.2048003
EarlyStopping counter: 20 out of 20
Early stopping
>>>>>>>testing : 96_96_SPM_TST_PEMS_ftM_sl96_ll18_pl96_dm49_nh1_el1_dl1_df256_fc1_ebtimeF_dtTrue_Exp_0<<<<<<<<<<<<<<<<<<<<<<<<<<<<<<<<<
test 5051
mse:0.20398128032684326, mae:0.31256160140037537, rse:0.4518941640853882
