Args in experiment:
Namespace(random_seed=2021, is_training=1, model_id='96_192', model='SPM_TST', data='custom', root_path='./dataset/', data_path='weather.csv', features='M', target='OT', freq='h', checkpoints='./checkpoints/', seq_len=96, label_len=18, pred_len=192, fc_dropout=0.2, head_dropout=0.0, patch_len=16, stride=8, padding_patch='end', revin=1, affine=0, subtract_last=0, decomposition=0, kernel_size=25, individual=0, embed_type=0, enc_in=21, dec_in=7, c_out=7, d_model=49, n_heads=1, e_layers=1, d_layers=1, d_ff=64, moving_avg=25, factor=1, distil=True, dropout=0.2, embed='timeF', activation='gelu', output_attention=False, do_predict=False, num_workers=10, itr=1, train_epochs=300, batch_size=32, patience=20, learning_rate=0.0001, des='Exp', loss='mse', lradj='type3', pct_start=0.3, use_amp=False, k=1.0, dishts=1, num_layers=3, hidden_size=[16, 4], traffic=0, hidden_size1=3, hidden_size2=3, use_gpu=True, gpu=0, use_multi_gpu=False, devices='0,1', test_flop=False)
Use GPU: cuda:0
>>>>>>>start training : 96_192_SPM_TST_custom_ftM_sl96_ll18_pl192_dm49_nh1_el1_dl1_df64_fc1_ebtimeF_dtTrue_Exp_0>>>>>>>>>>>>>>>>>>>>>>>>>>
train 36600
val 5079
test 10348
	iters: 100, epoch: 1 | loss: 0.7052652
	speed: 0.0326s/iter; left time: 11192.1522s
	iters: 200, epoch: 1 | loss: 0.7636826
	speed: 0.0171s/iter; left time: 5876.1878s
	iters: 300, epoch: 1 | loss: 0.8013679
	speed: 0.0125s/iter; left time: 4295.1194s
	iters: 400, epoch: 1 | loss: 1.1108021
	speed: 0.0159s/iter; left time: 5460.4282s
	iters: 500, epoch: 1 | loss: 0.6028588
	speed: 0.0158s/iter; left time: 5419.8484s
	iters: 600, epoch: 1 | loss: 1.1461219
	speed: 0.0157s/iter; left time: 5378.3513s
	iters: 700, epoch: 1 | loss: 0.6284717
	speed: 0.0183s/iter; left time: 6259.6493s
	iters: 800, epoch: 1 | loss: 0.9586630
	speed: 0.0199s/iter; left time: 6821.3821s
	iters: 900, epoch: 1 | loss: 0.4869280
	speed: 0.0146s/iter; left time: 5000.6886s
	iters: 1000, epoch: 1 | loss: 1.2352743
	speed: 0.0175s/iter; left time: 5987.8829s
	iters: 1100, epoch: 1 | loss: 0.5148083
	speed: 0.0174s/iter; left time: 5939.1345s
Epoch: 1 cost time: 19.426177740097046
Epoch: 1, Steps: 1143 | Train Loss: 0.7241424 Vali Loss: 0.6576024 Test Loss: 0.2556121
Validation loss decreased (inf --> 0.657602).  Saving model ...
Updating learning rate to 0.0001
	iters: 100, epoch: 2 | loss: 0.5551823
	speed: 0.0596s/iter; left time: 20369.3401s
	iters: 200, epoch: 2 | loss: 0.5744480
	speed: 0.0146s/iter; left time: 4988.0385s
	iters: 300, epoch: 2 | loss: 0.9284231
	speed: 0.0146s/iter; left time: 4972.4592s
	iters: 400, epoch: 2 | loss: 0.3835697
	speed: 0.0154s/iter; left time: 5251.4220s
	iters: 500, epoch: 2 | loss: 0.3953172
	speed: 0.0148s/iter; left time: 5040.9551s
	iters: 600, epoch: 2 | loss: 0.5726365
	speed: 0.0147s/iter; left time: 5028.7778s
	iters: 700, epoch: 2 | loss: 1.1521019
	speed: 0.0165s/iter; left time: 5632.5557s
	iters: 800, epoch: 2 | loss: 0.4437155
	speed: 0.0139s/iter; left time: 4734.5716s
	iters: 900, epoch: 2 | loss: 0.4519068
	speed: 0.0127s/iter; left time: 4342.0601s
	iters: 1000, epoch: 2 | loss: 0.3953714
	speed: 0.0151s/iter; left time: 5154.3809s
	iters: 1100, epoch: 2 | loss: 0.5384713
	speed: 0.0153s/iter; left time: 5209.6072s
Epoch: 2 cost time: 17.134865045547485
Epoch: 2, Steps: 1143 | Train Loss: 0.5656847 Vali Loss: 0.5178347 Test Loss: 0.2292112
Validation loss decreased (0.657602 --> 0.517835).  Saving model ...
Updating learning rate to 0.0001
	iters: 100, epoch: 3 | loss: 0.4260385
	speed: 0.0594s/iter; left time: 20212.5746s
	iters: 200, epoch: 3 | loss: 0.4138190
	speed: 0.0194s/iter; left time: 6600.3592s
	iters: 300, epoch: 3 | loss: 1.2888795
	speed: 0.0209s/iter; left time: 7109.2671s
	iters: 400, epoch: 3 | loss: 0.6355773
	speed: 0.0169s/iter; left time: 5741.9222s
	iters: 500, epoch: 3 | loss: 0.5134987
	speed: 0.0173s/iter; left time: 5871.1863s
	iters: 600, epoch: 3 | loss: 0.4102612
	speed: 0.0171s/iter; left time: 5807.5549s
	iters: 700, epoch: 3 | loss: 0.5533429
	speed: 0.0162s/iter; left time: 5508.3512s
	iters: 800, epoch: 3 | loss: 0.3434418
	speed: 0.0128s/iter; left time: 4361.4435s
	iters: 900, epoch: 3 | loss: 0.3749376
	speed: 0.0167s/iter; left time: 5673.5145s
	iters: 1000, epoch: 3 | loss: 0.4856019
	speed: 0.0180s/iter; left time: 6100.9129s
	iters: 1100, epoch: 3 | loss: 0.3455804
	speed: 0.0200s/iter; left time: 6804.2657s
Epoch: 3 cost time: 20.110449075698853
Epoch: 3, Steps: 1143 | Train Loss: 0.5257154 Vali Loss: 0.5040014 Test Loss: 0.2206274
Validation loss decreased (0.517835 --> 0.504001).  Saving model ...
Updating learning rate to 0.0001
	iters: 100, epoch: 4 | loss: 0.5525249
	speed: 0.0669s/iter; left time: 22717.7421s
	iters: 200, epoch: 4 | loss: 0.4248030
	speed: 0.0170s/iter; left time: 5780.7427s
	iters: 300, epoch: 4 | loss: 0.4738851
	speed: 0.0152s/iter; left time: 5146.9769s
	iters: 400, epoch: 4 | loss: 0.4256288
	speed: 0.0167s/iter; left time: 5675.1139s
	iters: 500, epoch: 4 | loss: 0.4135700
	speed: 0.0156s/iter; left time: 5299.4213s
	iters: 600, epoch: 4 | loss: 0.4677497
	speed: 0.0175s/iter; left time: 5944.9474s
	iters: 700, epoch: 4 | loss: 0.8668063
	speed: 0.0164s/iter; left time: 5552.6134s
	iters: 800, epoch: 4 | loss: 0.4827257
	speed: 0.0171s/iter; left time: 5783.0722s
	iters: 900, epoch: 4 | loss: 0.6603475
	speed: 0.0192s/iter; left time: 6486.3659s
	iters: 1000, epoch: 4 | loss: 0.5184265
	speed: 0.0168s/iter; left time: 5679.0371s
	iters: 1100, epoch: 4 | loss: 0.4945872
	speed: 0.0164s/iter; left time: 5535.3324s
Epoch: 4 cost time: 19.74168610572815
Epoch: 4, Steps: 1143 | Train Loss: 0.5118693 Vali Loss: 0.4982360 Test Loss: 0.2177109
Validation loss decreased (0.504001 --> 0.498236).  Saving model ...
Updating learning rate to 9e-05
	iters: 100, epoch: 5 | loss: 0.3600588
	speed: 0.0609s/iter; left time: 20604.3422s
	iters: 200, epoch: 5 | loss: 0.3957300
	speed: 0.0146s/iter; left time: 4951.9821s
	iters: 300, epoch: 5 | loss: 1.0146185
	speed: 0.0154s/iter; left time: 5192.8903s
	iters: 400, epoch: 5 | loss: 0.7993972
	speed: 0.0169s/iter; left time: 5709.0554s
	iters: 500, epoch: 5 | loss: 0.4329411
	speed: 0.0169s/iter; left time: 5711.7613s
	iters: 600, epoch: 5 | loss: 0.4212697
	speed: 0.0130s/iter; left time: 4400.0838s
	iters: 700, epoch: 5 | loss: 0.4161948
	speed: 0.0153s/iter; left time: 5174.6588s
	iters: 800, epoch: 5 | loss: 0.3426914
	speed: 0.0169s/iter; left time: 5714.4049s
	iters: 900, epoch: 5 | loss: 0.3693786
	speed: 0.0186s/iter; left time: 6285.7284s
	iters: 1000, epoch: 5 | loss: 0.4154840
	speed: 0.0132s/iter; left time: 4452.5632s
	iters: 1100, epoch: 5 | loss: 0.8326081
	speed: 0.0135s/iter; left time: 4561.3059s
Epoch: 5 cost time: 17.899315357208252
Epoch: 5, Steps: 1143 | Train Loss: 0.5027800 Vali Loss: 0.4924756 Test Loss: 0.2150147
Validation loss decreased (0.498236 --> 0.492476).  Saving model ...
Updating learning rate to 8.1e-05
	iters: 100, epoch: 6 | loss: 0.4244200
	speed: 0.0617s/iter; left time: 20813.5374s
	iters: 200, epoch: 6 | loss: 0.3741714
	speed: 0.0163s/iter; left time: 5484.8708s
	iters: 300, epoch: 6 | loss: 0.4283759
	speed: 0.0165s/iter; left time: 5564.0248s
	iters: 400, epoch: 6 | loss: 0.4600748
	speed: 0.0174s/iter; left time: 5873.4602s
	iters: 500, epoch: 6 | loss: 0.5659866
	speed: 0.0173s/iter; left time: 5835.1032s
	iters: 600, epoch: 6 | loss: 0.9124385
	speed: 0.0174s/iter; left time: 5850.9855s
	iters: 700, epoch: 6 | loss: 0.4603658
	speed: 0.0158s/iter; left time: 5324.4192s
	iters: 800, epoch: 6 | loss: 0.4450182
	speed: 0.0148s/iter; left time: 4986.8922s
	iters: 900, epoch: 6 | loss: 0.4146759
	speed: 0.0160s/iter; left time: 5366.9071s
	iters: 1000, epoch: 6 | loss: 0.3236589
	speed: 0.0177s/iter; left time: 5954.5687s
	iters: 1100, epoch: 6 | loss: 0.9994740
	speed: 0.0178s/iter; left time: 5985.8836s
Epoch: 6 cost time: 19.269455432891846
Epoch: 6, Steps: 1143 | Train Loss: 0.4953882 Vali Loss: 0.4879506 Test Loss: 0.2125793
Validation loss decreased (0.492476 --> 0.487951).  Saving model ...
Updating learning rate to 7.290000000000001e-05
	iters: 100, epoch: 7 | loss: 0.5072204
	speed: 0.0621s/iter; left time: 20859.5687s
	iters: 200, epoch: 7 | loss: 0.4291079
	speed: 0.0142s/iter; left time: 4769.1830s
	iters: 300, epoch: 7 | loss: 0.3777122
	speed: 0.0138s/iter; left time: 4621.2691s
	iters: 400, epoch: 7 | loss: 0.4497193
	speed: 0.0150s/iter; left time: 5040.5475s
	iters: 500, epoch: 7 | loss: 0.8290184
	speed: 0.0140s/iter; left time: 4714.2423s
	iters: 600, epoch: 7 | loss: 0.5234420
	speed: 0.0153s/iter; left time: 5123.9315s
	iters: 700, epoch: 7 | loss: 0.9071656
	speed: 0.0171s/iter; left time: 5726.5373s
	iters: 800, epoch: 7 | loss: 0.8346182
	speed: 0.0184s/iter; left time: 6174.5918s
	iters: 900, epoch: 7 | loss: 0.4542125
	speed: 0.0195s/iter; left time: 6521.7241s
	iters: 1000, epoch: 7 | loss: 0.4812076
	speed: 0.0173s/iter; left time: 5786.8221s
	iters: 1100, epoch: 7 | loss: 0.5614766
	speed: 0.0196s/iter; left time: 6557.9234s
Epoch: 7 cost time: 19.05545711517334
Epoch: 7, Steps: 1143 | Train Loss: 0.4912675 Vali Loss: 0.4858709 Test Loss: 0.2133669
Validation loss decreased (0.487951 --> 0.485871).  Saving model ...
Updating learning rate to 6.561e-05
	iters: 100, epoch: 8 | loss: 0.3592165
	speed: 0.0635s/iter; left time: 21266.2198s
	iters: 200, epoch: 8 | loss: 0.4409729
	speed: 0.0200s/iter; left time: 6684.7003s
	iters: 300, epoch: 8 | loss: 0.5156959
	speed: 0.0214s/iter; left time: 7161.1184s
	iters: 400, epoch: 8 | loss: 0.3983541
	speed: 0.0201s/iter; left time: 6727.7454s
	iters: 500, epoch: 8 | loss: 1.0175304
	speed: 0.0192s/iter; left time: 6427.5505s
	iters: 600, epoch: 8 | loss: 0.8512293
	speed: 0.0193s/iter; left time: 6446.8095s
	iters: 700, epoch: 8 | loss: 0.3612692
	speed: 0.0164s/iter; left time: 5466.9890s
	iters: 800, epoch: 8 | loss: 0.3465244
	speed: 0.0137s/iter; left time: 4575.8959s
	iters: 900, epoch: 8 | loss: 0.5310279
	speed: 0.0181s/iter; left time: 6052.9051s
	iters: 1000, epoch: 8 | loss: 0.3618281
	speed: 0.0158s/iter; left time: 5274.6493s
	iters: 1100, epoch: 8 | loss: 0.4236750
	speed: 0.0157s/iter; left time: 5253.7076s
Epoch: 8 cost time: 20.498534440994263
Epoch: 8, Steps: 1143 | Train Loss: 0.4869776 Vali Loss: 0.4852550 Test Loss: 0.2122772
Validation loss decreased (0.485871 --> 0.485255).  Saving model ...
Updating learning rate to 5.904900000000001e-05
	iters: 100, epoch: 9 | loss: 0.9213552
	speed: 0.0590s/iter; left time: 19700.6972s
	iters: 200, epoch: 9 | loss: 0.4071800
	speed: 0.0143s/iter; left time: 4753.3112s
	iters: 300, epoch: 9 | loss: 0.3433517
	speed: 0.0145s/iter; left time: 4844.3465s
	iters: 400, epoch: 9 | loss: 0.2952820
	speed: 0.0146s/iter; left time: 4874.3108s
	iters: 500, epoch: 9 | loss: 0.4806806
	speed: 0.0140s/iter; left time: 4662.1762s
	iters: 600, epoch: 9 | loss: 0.3348323
	speed: 0.0129s/iter; left time: 4282.8772s
	iters: 700, epoch: 9 | loss: 0.3337948
	speed: 0.0171s/iter; left time: 5708.7065s
	iters: 800, epoch: 9 | loss: 0.3008356
	speed: 0.0197s/iter; left time: 6554.9893s
	iters: 900, epoch: 9 | loss: 0.3112033
	speed: 0.0189s/iter; left time: 6284.2315s
	iters: 1000, epoch: 9 | loss: 0.2751895
	speed: 0.0204s/iter; left time: 6791.4335s
	iters: 1100, epoch: 9 | loss: 0.3770247
	speed: 0.0204s/iter; left time: 6789.0928s
Epoch: 9 cost time: 19.42286491394043
Epoch: 9, Steps: 1143 | Train Loss: 0.4841909 Vali Loss: 0.4814870 Test Loss: 0.2119369
Validation loss decreased (0.485255 --> 0.481487).  Saving model ...
Updating learning rate to 5.3144100000000005e-05
	iters: 100, epoch: 10 | loss: 0.3190503
	speed: 0.0663s/iter; left time: 22059.8740s
	iters: 200, epoch: 10 | loss: 0.4534999
	speed: 0.0196s/iter; left time: 6507.1482s
	iters: 300, epoch: 10 | loss: 0.3964731
	speed: 0.0208s/iter; left time: 6895.9990s
	iters: 400, epoch: 10 | loss: 0.4549373
	speed: 0.0191s/iter; left time: 6355.8284s
	iters: 500, epoch: 10 | loss: 0.7264574
	speed: 0.0197s/iter; left time: 6526.9298s
	iters: 600, epoch: 10 | loss: 0.4217965
	speed: 0.0220s/iter; left time: 7301.6817s
	iters: 700, epoch: 10 | loss: 0.3384808
	speed: 0.0170s/iter; left time: 5632.2341s
	iters: 800, epoch: 10 | loss: 0.4001403
	speed: 0.0199s/iter; left time: 6586.8889s
	iters: 900, epoch: 10 | loss: 0.8708849
	speed: 0.0191s/iter; left time: 6339.3456s
	iters: 1000, epoch: 10 | loss: 0.3988662
	speed: 0.0187s/iter; left time: 6197.0140s
	iters: 1100, epoch: 10 | loss: 0.8445853
	speed: 0.0157s/iter; left time: 5207.7035s
Epoch: 10 cost time: 21.960524797439575
Epoch: 10, Steps: 1143 | Train Loss: 0.4815163 Vali Loss: 0.4801437 Test Loss: 0.2115794
Validation loss decreased (0.481487 --> 0.480144).  Saving model ...
Updating learning rate to 4.782969000000001e-05
	iters: 100, epoch: 11 | loss: 0.3844390
	speed: 0.0614s/iter; left time: 20343.7914s
	iters: 200, epoch: 11 | loss: 0.3404566
	speed: 0.0160s/iter; left time: 5287.5155s
	iters: 300, epoch: 11 | loss: 0.5124640
	speed: 0.0135s/iter; left time: 4455.7731s
	iters: 400, epoch: 11 | loss: 0.4793675
	speed: 0.0172s/iter; left time: 5686.6913s
	iters: 500, epoch: 11 | loss: 0.3816909
	speed: 0.0205s/iter; left time: 6797.3234s
	iters: 600, epoch: 11 | loss: 0.4697966
	speed: 0.0167s/iter; left time: 5522.1223s
	iters: 700, epoch: 11 | loss: 0.9664178
	speed: 0.0194s/iter; left time: 6419.2990s
	iters: 800, epoch: 11 | loss: 0.4707176
	speed: 0.0175s/iter; left time: 5786.2837s
	iters: 900, epoch: 11 | loss: 0.4864028
	speed: 0.0176s/iter; left time: 5802.0093s
	iters: 1000, epoch: 11 | loss: 0.3791642
	speed: 0.0196s/iter; left time: 6486.0279s
	iters: 1100, epoch: 11 | loss: 0.3643113
	speed: 0.0195s/iter; left time: 6457.1767s
Epoch: 11 cost time: 20.55511713027954
Epoch: 11, Steps: 1143 | Train Loss: 0.4796903 Vali Loss: 0.4790004 Test Loss: 0.2110050
Validation loss decreased (0.480144 --> 0.479000).  Saving model ...
Updating learning rate to 4.304672100000001e-05
	iters: 100, epoch: 12 | loss: 0.4311398
	speed: 0.0624s/iter; left time: 20599.1870s
	iters: 200, epoch: 12 | loss: 0.3846497
	speed: 0.0203s/iter; left time: 6712.6726s
	iters: 300, epoch: 12 | loss: 0.3745160
	speed: 0.0183s/iter; left time: 6055.4521s
	iters: 400, epoch: 12 | loss: 0.4950728
	speed: 0.0179s/iter; left time: 5918.6335s
	iters: 500, epoch: 12 | loss: 0.4429635
	speed: 0.0174s/iter; left time: 5745.3941s
	iters: 600, epoch: 12 | loss: 0.3252811
	speed: 0.0169s/iter; left time: 5570.4428s
	iters: 700, epoch: 12 | loss: 0.4448669
	speed: 0.0163s/iter; left time: 5356.8810s
	iters: 800, epoch: 12 | loss: 0.3566548
	speed: 0.0180s/iter; left time: 5929.9412s
	iters: 900, epoch: 12 | loss: 0.4596599
	speed: 0.0149s/iter; left time: 4921.6887s
	iters: 1000, epoch: 12 | loss: 0.8233673
	speed: 0.0178s/iter; left time: 5867.4490s
	iters: 1100, epoch: 12 | loss: 0.8591262
	speed: 0.0203s/iter; left time: 6687.0513s
Epoch: 12 cost time: 20.504888772964478
Epoch: 12, Steps: 1143 | Train Loss: 0.4771220 Vali Loss: 0.4784039 Test Loss: 0.2113200
Validation loss decreased (0.479000 --> 0.478404).  Saving model ...
Updating learning rate to 3.874204890000001e-05
	iters: 100, epoch: 13 | loss: 0.4629469
	speed: 0.0621s/iter; left time: 20441.4794s
	iters: 200, epoch: 13 | loss: 0.4009976
	speed: 0.0168s/iter; left time: 5539.0070s
	iters: 300, epoch: 13 | loss: 0.4194385
	speed: 0.0141s/iter; left time: 4646.2491s
	iters: 400, epoch: 13 | loss: 0.3764357
	speed: 0.0171s/iter; left time: 5621.1732s
	iters: 500, epoch: 13 | loss: 0.2617197
	speed: 0.0178s/iter; left time: 5853.6742s
	iters: 600, epoch: 13 | loss: 0.4360435
	speed: 0.0155s/iter; left time: 5101.1599s
	iters: 700, epoch: 13 | loss: 0.4176092
	speed: 0.0156s/iter; left time: 5134.2486s
	iters: 800, epoch: 13 | loss: 0.4606740
	speed: 0.0167s/iter; left time: 5473.2464s
	iters: 900, epoch: 13 | loss: 0.4255059
	speed: 0.0154s/iter; left time: 5044.0763s
	iters: 1000, epoch: 13 | loss: 0.4763933
	speed: 0.0145s/iter; left time: 4743.3904s
	iters: 1100, epoch: 13 | loss: 0.4274312
	speed: 0.0160s/iter; left time: 5243.1598s
Epoch: 13 cost time: 18.82025694847107
Epoch: 13, Steps: 1143 | Train Loss: 0.4757087 Vali Loss: 0.4763007 Test Loss: 0.2108641
Validation loss decreased (0.478404 --> 0.476301).  Saving model ...
Updating learning rate to 3.486784401000001e-05
	iters: 100, epoch: 14 | loss: 0.4360037
	speed: 0.0638s/iter; left time: 20934.7487s
	iters: 200, epoch: 14 | loss: 0.9179459
	speed: 0.0166s/iter; left time: 5435.6141s
	iters: 300, epoch: 14 | loss: 0.8511860
	speed: 0.0192s/iter; left time: 6303.6206s
	iters: 400, epoch: 14 | loss: 0.4129716
	speed: 0.0196s/iter; left time: 6432.9969s
	iters: 500, epoch: 14 | loss: 0.3546135
	speed: 0.0165s/iter; left time: 5416.0829s
	iters: 600, epoch: 14 | loss: 0.4577667
	speed: 0.0198s/iter; left time: 6470.3346s
	iters: 700, epoch: 14 | loss: 0.3465807
	speed: 0.0148s/iter; left time: 4841.9660s
	iters: 800, epoch: 14 | loss: 0.3457741
	speed: 0.0167s/iter; left time: 5479.5206s
	iters: 900, epoch: 14 | loss: 0.4066564
	speed: 0.0196s/iter; left time: 6402.1386s
	iters: 1000, epoch: 14 | loss: 0.7774244
	speed: 0.0164s/iter; left time: 5379.0829s
	iters: 1100, epoch: 14 | loss: 0.5021801
	speed: 0.0168s/iter; left time: 5508.7519s
Epoch: 14 cost time: 20.332340955734253
Epoch: 14, Steps: 1143 | Train Loss: 0.4741362 Vali Loss: 0.4775038 Test Loss: 0.2118004
EarlyStopping counter: 1 out of 20
Updating learning rate to 3.138105960900001e-05
	iters: 100, epoch: 15 | loss: 0.3651203
	speed: 0.0595s/iter; left time: 19447.0713s
	iters: 200, epoch: 15 | loss: 0.4503971
	speed: 0.0163s/iter; left time: 5315.9087s
	iters: 300, epoch: 15 | loss: 0.4503822
	speed: 0.0150s/iter; left time: 4890.8603s
	iters: 400, epoch: 15 | loss: 0.3807508
	speed: 0.0177s/iter; left time: 5788.9861s
	iters: 500, epoch: 15 | loss: 0.8153684
	speed: 0.0136s/iter; left time: 4432.9857s
	iters: 600, epoch: 15 | loss: 0.2700921
	speed: 0.0186s/iter; left time: 6057.0630s
	iters: 700, epoch: 15 | loss: 0.3816026
	speed: 0.0165s/iter; left time: 5369.4600s
	iters: 800, epoch: 15 | loss: 0.8461351
	speed: 0.0166s/iter; left time: 5399.5709s
	iters: 900, epoch: 15 | loss: 0.3412700
	speed: 0.0183s/iter; left time: 5951.8401s
	iters: 1000, epoch: 15 | loss: 0.3104495
	speed: 0.0168s/iter; left time: 5461.5913s
	iters: 1100, epoch: 15 | loss: 0.3044780
	speed: 0.0159s/iter; left time: 5176.3309s
Epoch: 15 cost time: 18.874653339385986
Epoch: 15, Steps: 1143 | Train Loss: 0.4729281 Vali Loss: 0.4749814 Test Loss: 0.2106603
Validation loss decreased (0.476301 --> 0.474981).  Saving model ...
Updating learning rate to 2.824295364810001e-05
	iters: 100, epoch: 16 | loss: 0.4051038
	speed: 0.0599s/iter; left time: 19521.2344s
	iters: 200, epoch: 16 | loss: 0.3187045
	speed: 0.0158s/iter; left time: 5132.1402s
	iters: 300, epoch: 16 | loss: 0.3642307
	speed: 0.0153s/iter; left time: 4965.6066s
	iters: 400, epoch: 16 | loss: 0.3602753
	speed: 0.0190s/iter; left time: 6195.7038s
	iters: 500, epoch: 16 | loss: 0.3766493
	speed: 0.0172s/iter; left time: 5588.4919s
	iters: 600, epoch: 16 | loss: 0.4419102
	speed: 0.0131s/iter; left time: 4271.8991s
	iters: 700, epoch: 16 | loss: 0.3970301
	speed: 0.0179s/iter; left time: 5829.1406s
	iters: 800, epoch: 16 | loss: 0.3725024
	speed: 0.0184s/iter; left time: 5973.8203s
	iters: 900, epoch: 16 | loss: 0.8330695
	speed: 0.0185s/iter; left time: 6025.8233s
	iters: 1000, epoch: 16 | loss: 0.3365658
	speed: 0.0185s/iter; left time: 6013.9345s
	iters: 1100, epoch: 16 | loss: 0.3760211
	speed: 0.0180s/iter; left time: 5853.5677s
Epoch: 16 cost time: 19.908684492111206
Epoch: 16, Steps: 1143 | Train Loss: 0.4713605 Vali Loss: 0.4744315 Test Loss: 0.2106603
Validation loss decreased (0.474981 --> 0.474432).  Saving model ...
Updating learning rate to 2.541865828329001e-05
	iters: 100, epoch: 17 | loss: 0.4316715
	speed: 0.0612s/iter; left time: 19845.5375s
	iters: 200, epoch: 17 | loss: 0.2905157
	speed: 0.0157s/iter; left time: 5097.5851s
	iters: 300, epoch: 17 | loss: 0.4377881
	speed: 0.0178s/iter; left time: 5772.9584s
	iters: 400, epoch: 17 | loss: 0.4217117
	speed: 0.0196s/iter; left time: 6338.5115s
	iters: 500, epoch: 17 | loss: 0.4140656
	speed: 0.0141s/iter; left time: 4578.6715s
	iters: 600, epoch: 17 | loss: 0.7708161
	speed: 0.0177s/iter; left time: 5748.2507s
	iters: 700, epoch: 17 | loss: 0.5942379
	speed: 0.0194s/iter; left time: 6284.1147s
	iters: 800, epoch: 17 | loss: 0.3957691
	speed: 0.0153s/iter; left time: 4954.4639s
	iters: 900, epoch: 17 | loss: 0.4003618
	speed: 0.0149s/iter; left time: 4820.5569s
	iters: 1000, epoch: 17 | loss: 0.5515274
	speed: 0.0191s/iter; left time: 6184.4659s
	iters: 1100, epoch: 17 | loss: 0.8283985
	speed: 0.0195s/iter; left time: 6303.1785s
Epoch: 17 cost time: 19.929368495941162
Epoch: 17, Steps: 1143 | Train Loss: 0.4704588 Vali Loss: 0.4752573 Test Loss: 0.2112258
EarlyStopping counter: 1 out of 20
Updating learning rate to 2.287679245496101e-05
	iters: 100, epoch: 18 | loss: 0.5840982
	speed: 0.0581s/iter; left time: 18801.5024s
	iters: 200, epoch: 18 | loss: 0.4815182
	speed: 0.0141s/iter; left time: 4564.2701s
	iters: 300, epoch: 18 | loss: 0.4827084
	speed: 0.0117s/iter; left time: 3785.8186s
	iters: 400, epoch: 18 | loss: 0.4584053
	speed: 0.0157s/iter; left time: 5070.6498s
	iters: 500, epoch: 18 | loss: 0.4535773
	speed: 0.0193s/iter; left time: 6225.2968s
	iters: 600, epoch: 18 | loss: 0.4283624
	speed: 0.0169s/iter; left time: 5448.1226s
	iters: 700, epoch: 18 | loss: 0.8379773
	speed: 0.0179s/iter; left time: 5781.2344s
	iters: 800, epoch: 18 | loss: 0.3540351
	speed: 0.0155s/iter; left time: 4998.4038s
	iters: 900, epoch: 18 | loss: 0.4644035
	speed: 0.0147s/iter; left time: 4735.9796s
	iters: 1000, epoch: 18 | loss: 0.4627279
	speed: 0.0164s/iter; left time: 5280.3119s
	iters: 1100, epoch: 18 | loss: 0.3669119
	speed: 0.0170s/iter; left time: 5477.4856s
Epoch: 18 cost time: 18.083121299743652
Epoch: 18, Steps: 1143 | Train Loss: 0.4687698 Vali Loss: 0.4746402 Test Loss: 0.2111050
EarlyStopping counter: 2 out of 20
Updating learning rate to 2.0589113209464907e-05
	iters: 100, epoch: 19 | loss: 0.3637636
	speed: 0.0612s/iter; left time: 19731.5423s
	iters: 200, epoch: 19 | loss: 0.4451690
	speed: 0.0136s/iter; left time: 4390.8073s
	iters: 300, epoch: 19 | loss: 0.3755598
	speed: 0.0167s/iter; left time: 5362.2162s
	iters: 400, epoch: 19 | loss: 0.4006566
	speed: 0.0155s/iter; left time: 4989.4055s
	iters: 500, epoch: 19 | loss: 0.3548903
	speed: 0.0177s/iter; left time: 5682.9163s
	iters: 600, epoch: 19 | loss: 0.5965118
	speed: 0.0182s/iter; left time: 5863.3994s
	iters: 700, epoch: 19 | loss: 0.3248455
	speed: 0.0157s/iter; left time: 5039.6479s
	iters: 800, epoch: 19 | loss: 0.3695272
	speed: 0.0179s/iter; left time: 5763.6038s
	iters: 900, epoch: 19 | loss: 0.4097376
	speed: 0.0181s/iter; left time: 5804.3179s
	iters: 1000, epoch: 19 | loss: 0.3383631
	speed: 0.0180s/iter; left time: 5792.8178s
	iters: 1100, epoch: 19 | loss: 0.8956963
	speed: 0.0212s/iter; left time: 6804.9757s
Epoch: 19 cost time: 19.98014998435974
Epoch: 19, Steps: 1143 | Train Loss: 0.4683963 Vali Loss: 0.4742649 Test Loss: 0.2107977
Validation loss decreased (0.474432 --> 0.474265).  Saving model ...
Updating learning rate to 1.8530201888518416e-05
	iters: 100, epoch: 20 | loss: 0.3342456
	speed: 0.0648s/iter; left time: 20818.9931s
	iters: 200, epoch: 20 | loss: 0.9048650
	speed: 0.0170s/iter; left time: 5447.2968s
	iters: 300, epoch: 20 | loss: 0.3748480
	speed: 0.0158s/iter; left time: 5062.0388s
	iters: 400, epoch: 20 | loss: 0.3475195
	speed: 0.0164s/iter; left time: 5246.2401s
	iters: 500, epoch: 20 | loss: 0.4916353
	speed: 0.0170s/iter; left time: 5457.4030s
	iters: 600, epoch: 20 | loss: 0.8687322
	speed: 0.0184s/iter; left time: 5907.2325s
	iters: 700, epoch: 20 | loss: 0.3571018
	speed: 0.0204s/iter; left time: 6539.9763s
	iters: 800, epoch: 20 | loss: 0.5709487
	speed: 0.0219s/iter; left time: 7013.5744s
	iters: 900, epoch: 20 | loss: 1.0480156
	speed: 0.0205s/iter; left time: 6557.5549s
	iters: 1000, epoch: 20 | loss: 0.5048876
	speed: 0.0172s/iter; left time: 5503.1083s
	iters: 1100, epoch: 20 | loss: 0.4074783
	speed: 0.0187s/iter; left time: 5972.5169s
Epoch: 20 cost time: 20.97419047355652
Epoch: 20, Steps: 1143 | Train Loss: 0.4675389 Vali Loss: 0.4735079 Test Loss: 0.2108707
Validation loss decreased (0.474265 --> 0.473508).  Saving model ...
Updating learning rate to 1.6677181699666577e-05
	iters: 100, epoch: 21 | loss: 0.3781106
	speed: 0.0629s/iter; left time: 20127.4231s
	iters: 200, epoch: 21 | loss: 0.3525428
	speed: 0.0161s/iter; left time: 5160.9209s
	iters: 300, epoch: 21 | loss: 0.9120246
	speed: 0.0125s/iter; left time: 3987.4965s
	iters: 400, epoch: 21 | loss: 0.3896118
	speed: 0.0150s/iter; left time: 4791.4158s
	iters: 500, epoch: 21 | loss: 0.4273567
	speed: 0.0127s/iter; left time: 4049.9450s
	iters: 600, epoch: 21 | loss: 0.3402571
	speed: 0.0128s/iter; left time: 4097.9741s
	iters: 700, epoch: 21 | loss: 0.3082273
	speed: 0.0141s/iter; left time: 4518.3560s
	iters: 800, epoch: 21 | loss: 0.3422844
	speed: 0.0131s/iter; left time: 4177.9719s
	iters: 900, epoch: 21 | loss: 0.2935577
	speed: 0.0135s/iter; left time: 4311.9406s
	iters: 1000, epoch: 21 | loss: 0.4847539
	speed: 0.0152s/iter; left time: 4860.9569s
	iters: 1100, epoch: 21 | loss: 0.3051108
	speed: 0.0138s/iter; left time: 4392.3631s
Epoch: 21 cost time: 16.538363933563232
Epoch: 21, Steps: 1143 | Train Loss: 0.4661063 Vali Loss: 0.4747320 Test Loss: 0.2105243
EarlyStopping counter: 1 out of 20
Updating learning rate to 1.5009463529699919e-05
	iters: 100, epoch: 22 | loss: 0.3334358
	speed: 0.0592s/iter; left time: 18866.4527s
	iters: 200, epoch: 22 | loss: 0.5983810
	speed: 0.0139s/iter; left time: 4441.2499s
	iters: 300, epoch: 22 | loss: 0.9378671
	speed: 0.0118s/iter; left time: 3745.9457s
	iters: 400, epoch: 22 | loss: 0.3443232
	speed: 0.0150s/iter; left time: 4781.1104s
	iters: 500, epoch: 22 | loss: 0.3838117
	speed: 0.0206s/iter; left time: 6557.1145s
	iters: 600, epoch: 22 | loss: 0.3648070
	speed: 0.0168s/iter; left time: 5336.7284s
	iters: 700, epoch: 22 | loss: 0.4540398
	speed: 0.0167s/iter; left time: 5325.5095s
	iters: 800, epoch: 22 | loss: 0.4657892
	speed: 0.0191s/iter; left time: 6079.8145s
	iters: 900, epoch: 22 | loss: 0.9061651
	speed: 0.0164s/iter; left time: 5206.9278s
	iters: 1000, epoch: 22 | loss: 0.3753556
	speed: 0.0189s/iter; left time: 6013.7986s
	iters: 1100, epoch: 22 | loss: 0.3705048
	speed: 0.0163s/iter; left time: 5172.2081s
Epoch: 22 cost time: 19.16178846359253
Epoch: 22, Steps: 1143 | Train Loss: 0.4656207 Vali Loss: 0.4739701 Test Loss: 0.2110310
EarlyStopping counter: 2 out of 20
Updating learning rate to 1.3508517176729929e-05
	iters: 100, epoch: 23 | loss: 0.3784418
	speed: 0.0561s/iter; left time: 17818.4685s
	iters: 200, epoch: 23 | loss: 0.3518879
	speed: 0.0132s/iter; left time: 4191.4426s
	iters: 300, epoch: 23 | loss: 0.4207250
	speed: 0.0137s/iter; left time: 4345.2201s
	iters: 400, epoch: 23 | loss: 0.3154797
	speed: 0.0153s/iter; left time: 4868.7074s
	iters: 500, epoch: 23 | loss: 0.4475692
	speed: 0.0154s/iter; left time: 4880.7929s
	iters: 600, epoch: 23 | loss: 0.3359362
	speed: 0.0171s/iter; left time: 5411.6113s
	iters: 700, epoch: 23 | loss: 0.4067529
	speed: 0.0198s/iter; left time: 6275.9497s
	iters: 800, epoch: 23 | loss: 0.3105389
	speed: 0.0192s/iter; left time: 6096.0651s
	iters: 900, epoch: 23 | loss: 0.5057494
	speed: 0.0193s/iter; left time: 6112.2512s
	iters: 1000, epoch: 23 | loss: 0.4831397
	speed: 0.0198s/iter; left time: 6285.8729s
	iters: 1100, epoch: 23 | loss: 0.3878533
	speed: 0.0199s/iter; left time: 6298.5574s
Epoch: 23 cost time: 19.410126447677612
Epoch: 23, Steps: 1143 | Train Loss: 0.4654316 Vali Loss: 0.4738520 Test Loss: 0.2106529
EarlyStopping counter: 3 out of 20
Updating learning rate to 1.2157665459056936e-05
	iters: 100, epoch: 24 | loss: 0.9536451
	speed: 0.0610s/iter; left time: 19314.6904s
	iters: 200, epoch: 24 | loss: 0.3895937
	speed: 0.0158s/iter; left time: 5008.4895s
	iters: 300, epoch: 24 | loss: 0.3027979
	speed: 0.0205s/iter; left time: 6473.0821s
	iters: 400, epoch: 24 | loss: 0.3322169
	speed: 0.0197s/iter; left time: 6229.5469s
	iters: 500, epoch: 24 | loss: 0.8244488
	speed: 0.0197s/iter; left time: 6242.0767s
	iters: 600, epoch: 24 | loss: 0.3975686
	speed: 0.0186s/iter; left time: 5868.3756s
	iters: 700, epoch: 24 | loss: 0.3986187
	speed: 0.0183s/iter; left time: 5792.1928s
	iters: 800, epoch: 24 | loss: 0.4382339
	speed: 0.0181s/iter; left time: 5705.3507s
	iters: 900, epoch: 24 | loss: 0.4540153
	speed: 0.0180s/iter; left time: 5695.1107s
	iters: 1000, epoch: 24 | loss: 0.3040715
	speed: 0.0200s/iter; left time: 6313.4891s
	iters: 1100, epoch: 24 | loss: 0.8492456
	speed: 0.0195s/iter; left time: 6139.7074s
Epoch: 24 cost time: 21.439827919006348
Epoch: 24, Steps: 1143 | Train Loss: 0.4647619 Vali Loss: 0.4714501 Test Loss: 0.2106354
Validation loss decreased (0.473508 --> 0.471450).  Saving model ...
Updating learning rate to 1.0941898913151242e-05
	iters: 100, epoch: 25 | loss: 0.3304336
	speed: 0.0610s/iter; left time: 19242.0960s
	iters: 200, epoch: 25 | loss: 0.3284891
	speed: 0.0170s/iter; left time: 5371.2088s
	iters: 300, epoch: 25 | loss: 0.4827193
	speed: 0.0170s/iter; left time: 5357.1458s
	iters: 400, epoch: 25 | loss: 0.3259572
	speed: 0.0168s/iter; left time: 5292.3586s
	iters: 500, epoch: 25 | loss: 0.3987492
	speed: 0.0189s/iter; left time: 5948.2856s
	iters: 600, epoch: 25 | loss: 0.4039529
	speed: 0.0198s/iter; left time: 6223.7515s
	iters: 700, epoch: 25 | loss: 0.3892459
	speed: 0.0137s/iter; left time: 4314.1038s
	iters: 800, epoch: 25 | loss: 0.2954443
	speed: 0.0189s/iter; left time: 5939.8727s
	iters: 900, epoch: 25 | loss: 0.4992805
	speed: 0.0201s/iter; left time: 6307.7028s
	iters: 1000, epoch: 25 | loss: 0.3822012
	speed: 0.0202s/iter; left time: 6346.0493s
	iters: 1100, epoch: 25 | loss: 0.3523078
	speed: 0.0199s/iter; left time: 6244.0956s
Epoch: 25 cost time: 20.8332736492157
Epoch: 25, Steps: 1143 | Train Loss: 0.4643535 Vali Loss: 0.4731686 Test Loss: 0.2106883
EarlyStopping counter: 1 out of 20
Updating learning rate to 9.847709021836118e-06
	iters: 100, epoch: 26 | loss: 0.3572497
	speed: 0.0608s/iter; left time: 19096.6914s
	iters: 200, epoch: 26 | loss: 0.3107789
	speed: 0.0175s/iter; left time: 5508.7191s
	iters: 300, epoch: 26 | loss: 0.3527377
	speed: 0.0176s/iter; left time: 5535.2819s
	iters: 400, epoch: 26 | loss: 0.3663145
	speed: 0.0157s/iter; left time: 4937.5656s
	iters: 500, epoch: 26 | loss: 0.8980445
	speed: 0.0164s/iter; left time: 5145.1111s
	iters: 600, epoch: 26 | loss: 0.4186145
	speed: 0.0151s/iter; left time: 4726.5223s
	iters: 700, epoch: 26 | loss: 0.4965366
	speed: 0.0156s/iter; left time: 4905.7062s
	iters: 800, epoch: 26 | loss: 0.4438768
	speed: 0.0158s/iter; left time: 4954.3549s
	iters: 900, epoch: 26 | loss: 0.3785634
	speed: 0.0206s/iter; left time: 6450.3537s
	iters: 1000, epoch: 26 | loss: 0.4473143
	speed: 0.0211s/iter; left time: 6599.3200s
	iters: 1100, epoch: 26 | loss: 0.5140634
	speed: 0.0153s/iter; left time: 4806.4780s
Epoch: 26 cost time: 19.32446026802063
Epoch: 26, Steps: 1143 | Train Loss: 0.4639308 Vali Loss: 0.4740544 Test Loss: 0.2111937
EarlyStopping counter: 2 out of 20
Updating learning rate to 8.862938119652508e-06
	iters: 100, epoch: 27 | loss: 0.3518999
	speed: 0.0603s/iter; left time: 18890.5867s
	iters: 200, epoch: 27 | loss: 1.3135819
	speed: 0.0200s/iter; left time: 6245.7029s
	iters: 300, epoch: 27 | loss: 0.3353186
	speed: 0.0155s/iter; left time: 4834.4320s
	iters: 400, epoch: 27 | loss: 0.8694320
	speed: 0.0175s/iter; left time: 5466.0132s
	iters: 500, epoch: 27 | loss: 0.3757012
	speed: 0.0127s/iter; left time: 3963.3157s
	iters: 600, epoch: 27 | loss: 0.4069988
	speed: 0.0150s/iter; left time: 4683.7712s
	iters: 700, epoch: 27 | loss: 0.4690731
	speed: 0.0150s/iter; left time: 4677.5657s
	iters: 800, epoch: 27 | loss: 0.4296479
	speed: 0.0198s/iter; left time: 6200.5252s
	iters: 900, epoch: 27 | loss: 0.3128306
	speed: 0.0209s/iter; left time: 6536.9064s
	iters: 1000, epoch: 27 | loss: 0.3492377
	speed: 0.0180s/iter; left time: 5619.4874s
	iters: 1100, epoch: 27 | loss: 0.4076684
	speed: 0.0138s/iter; left time: 4313.9327s
Epoch: 27 cost time: 19.448107481002808
Epoch: 27, Steps: 1143 | Train Loss: 0.4633990 Vali Loss: 0.4741041 Test Loss: 0.2111733
EarlyStopping counter: 3 out of 20
Updating learning rate to 7.976644307687255e-06
	iters: 100, epoch: 28 | loss: 0.4456458
	speed: 0.0592s/iter; left time: 18470.3356s
	iters: 200, epoch: 28 | loss: 0.5533431
	speed: 0.0163s/iter; left time: 5096.1929s
	iters: 300, epoch: 28 | loss: 0.3528242
	speed: 0.0178s/iter; left time: 5549.1488s
	iters: 400, epoch: 28 | loss: 0.3612773
	speed: 0.0155s/iter; left time: 4831.5143s
	iters: 500, epoch: 28 | loss: 0.4566293
	speed: 0.0159s/iter; left time: 4968.7058s
	iters: 600, epoch: 28 | loss: 0.8342258
	speed: 0.0206s/iter; left time: 6430.4625s
	iters: 700, epoch: 28 | loss: 0.3725348
	speed: 0.0179s/iter; left time: 5571.4679s
	iters: 800, epoch: 28 | loss: 0.4992473
	speed: 0.0157s/iter; left time: 4901.6814s
	iters: 900, epoch: 28 | loss: 0.4556999
	speed: 0.0160s/iter; left time: 4982.3768s
	iters: 1000, epoch: 28 | loss: 0.3580169
	speed: 0.0198s/iter; left time: 6150.3346s
	iters: 1100, epoch: 28 | loss: 0.3908268
	speed: 0.0174s/iter; left time: 5425.8092s
Epoch: 28 cost time: 20.013765573501587
Epoch: 28, Steps: 1143 | Train Loss: 0.4632030 Vali Loss: 0.4727469 Test Loss: 0.2106043
EarlyStopping counter: 4 out of 20
Updating learning rate to 7.178979876918531e-06
	iters: 100, epoch: 29 | loss: 0.8872193
	speed: 0.0612s/iter; left time: 19034.9202s
	iters: 200, epoch: 29 | loss: 0.3097889
	speed: 0.0156s/iter; left time: 4851.8080s
	iters: 300, epoch: 29 | loss: 0.2950590
	speed: 0.0142s/iter; left time: 4421.6543s
	iters: 400, epoch: 29 | loss: 0.3331138
	speed: 0.0140s/iter; left time: 4360.2427s
	iters: 500, epoch: 29 | loss: 0.4333161
	speed: 0.0146s/iter; left time: 4535.2434s
	iters: 600, epoch: 29 | loss: 0.3712013
	speed: 0.0161s/iter; left time: 4996.3022s
	iters: 700, epoch: 29 | loss: 0.4785130
	speed: 0.0145s/iter; left time: 4486.1633s
	iters: 800, epoch: 29 | loss: 0.3331847
	speed: 0.0178s/iter; left time: 5505.5713s
	iters: 900, epoch: 29 | loss: 0.3696188
	speed: 0.0195s/iter; left time: 6031.6454s
	iters: 1000, epoch: 29 | loss: 0.4678464
	speed: 0.0170s/iter; left time: 5265.4777s
	iters: 1100, epoch: 29 | loss: 0.3967108
	speed: 0.0164s/iter; left time: 5083.2858s
Epoch: 29 cost time: 18.436269521713257
Epoch: 29, Steps: 1143 | Train Loss: 0.4627430 Vali Loss: 0.4718444 Test Loss: 0.2108926
EarlyStopping counter: 5 out of 20
Updating learning rate to 6.4610818892266776e-06
	iters: 100, epoch: 30 | loss: 0.4115945
	speed: 0.0607s/iter; left time: 18783.4580s
	iters: 200, epoch: 30 | loss: 0.4537436
	speed: 0.0173s/iter; left time: 5361.3701s
	iters: 300, epoch: 30 | loss: 0.2823311
	speed: 0.0143s/iter; left time: 4436.2512s
	iters: 400, epoch: 30 | loss: 0.4923289
	speed: 0.0138s/iter; left time: 4257.4410s
	iters: 500, epoch: 30 | loss: 0.9630767
	speed: 0.0173s/iter; left time: 5338.4336s
	iters: 600, epoch: 30 | loss: 0.4064528
	speed: 0.0193s/iter; left time: 5978.1635s
	iters: 700, epoch: 30 | loss: 0.3352683
	speed: 0.0172s/iter; left time: 5312.4020s
	iters: 800, epoch: 30 | loss: 0.8977174
	speed: 0.0200s/iter; left time: 6193.0659s
	iters: 900, epoch: 30 | loss: 0.3388035
	speed: 0.0208s/iter; left time: 6416.6108s
	iters: 1000, epoch: 30 | loss: 0.3057369
	speed: 0.0208s/iter; left time: 6431.7490s
	iters: 1100, epoch: 30 | loss: 0.3952266
	speed: 0.0162s/iter; left time: 5001.9473s
Epoch: 30 cost time: 20.18666696548462
Epoch: 30, Steps: 1143 | Train Loss: 0.4623785 Vali Loss: 0.4731294 Test Loss: 0.2110317
EarlyStopping counter: 6 out of 20
Updating learning rate to 5.8149737003040096e-06
	iters: 100, epoch: 31 | loss: 0.4343974
	speed: 0.0575s/iter; left time: 17730.0344s
	iters: 200, epoch: 31 | loss: 0.5089177
	speed: 0.0170s/iter; left time: 5241.8209s
	iters: 300, epoch: 31 | loss: 0.3697596
	speed: 0.0136s/iter; left time: 4196.4099s
	iters: 400, epoch: 31 | loss: 0.4639701
	speed: 0.0162s/iter; left time: 4999.8422s
	iters: 500, epoch: 31 | loss: 0.3417644
	speed: 0.0183s/iter; left time: 5645.5625s
	iters: 600, epoch: 31 | loss: 0.3058804
	speed: 0.0139s/iter; left time: 4286.4768s
	iters: 700, epoch: 31 | loss: 0.3180813
	speed: 0.0156s/iter; left time: 4800.1541s
	iters: 800, epoch: 31 | loss: 0.8434675
	speed: 0.0160s/iter; left time: 4927.5927s
	iters: 900, epoch: 31 | loss: 0.3517811
	speed: 0.0190s/iter; left time: 5837.6667s
	iters: 1000, epoch: 31 | loss: 0.3645689
	speed: 0.0194s/iter; left time: 5971.2986s
	iters: 1100, epoch: 31 | loss: 0.4536315
	speed: 0.0198s/iter; left time: 6078.0855s
Epoch: 31 cost time: 19.485913038253784
Epoch: 31, Steps: 1143 | Train Loss: 0.4622322 Vali Loss: 0.4728443 Test Loss: 0.2106272
EarlyStopping counter: 7 out of 20
Updating learning rate to 5.23347633027361e-06
	iters: 100, epoch: 32 | loss: 0.3577822
	speed: 0.0624s/iter; left time: 19192.2593s
	iters: 200, epoch: 32 | loss: 0.6183617
	speed: 0.0171s/iter; left time: 5243.8414s
	iters: 300, epoch: 32 | loss: 0.4311127
	speed: 0.0121s/iter; left time: 3706.5518s
	iters: 400, epoch: 32 | loss: 0.3308039
	speed: 0.0165s/iter; left time: 5066.4415s
	iters: 500, epoch: 32 | loss: 0.4293291
	speed: 0.0179s/iter; left time: 5506.8688s
	iters: 600, epoch: 32 | loss: 0.3098921
	speed: 0.0167s/iter; left time: 5120.6821s
	iters: 700, epoch: 32 | loss: 0.4039661
	speed: 0.0194s/iter; left time: 5952.8872s
	iters: 800, epoch: 32 | loss: 0.5392343
	speed: 0.0171s/iter; left time: 5240.9565s
	iters: 900, epoch: 32 | loss: 0.3420394
	speed: 0.0140s/iter; left time: 4282.0352s
	iters: 1000, epoch: 32 | loss: 0.3407117
	speed: 0.0148s/iter; left time: 4548.2057s
	iters: 1100, epoch: 32 | loss: 0.4860739
	speed: 0.0150s/iter; left time: 4592.9510s
Epoch: 32 cost time: 18.465614795684814
Epoch: 32, Steps: 1143 | Train Loss: 0.4619601 Vali Loss: 0.4734179 Test Loss: 0.2109857
EarlyStopping counter: 8 out of 20
Updating learning rate to 4.710128697246249e-06
	iters: 100, epoch: 33 | loss: 0.4214583
	speed: 0.0621s/iter; left time: 19030.2196s
	iters: 200, epoch: 33 | loss: 0.9497088
	speed: 0.0194s/iter; left time: 5938.9719s
	iters: 300, epoch: 33 | loss: 0.3975568
	speed: 0.0170s/iter; left time: 5189.8669s
	iters: 400, epoch: 33 | loss: 0.4027263
	speed: 0.0173s/iter; left time: 5290.6404s
	iters: 500, epoch: 33 | loss: 0.4131972
	speed: 0.0176s/iter; left time: 5377.4685s
	iters: 600, epoch: 33 | loss: 0.4397578
	speed: 0.0197s/iter; left time: 6030.5301s
	iters: 700, epoch: 33 | loss: 0.4474323
	speed: 0.0191s/iter; left time: 5831.9800s
	iters: 800, epoch: 33 | loss: 0.3130240
	speed: 0.0176s/iter; left time: 5371.6566s
	iters: 900, epoch: 33 | loss: 0.3078382
	speed: 0.0166s/iter; left time: 5063.7338s
	iters: 1000, epoch: 33 | loss: 0.3211774
	speed: 0.0182s/iter; left time: 5546.9884s
	iters: 1100, epoch: 33 | loss: 0.4039572
	speed: 0.0198s/iter; left time: 6050.5561s
Epoch: 33 cost time: 21.2685763835907
Epoch: 33, Steps: 1143 | Train Loss: 0.4616482 Vali Loss: 0.4735706 Test Loss: 0.2109430
EarlyStopping counter: 9 out of 20
Updating learning rate to 4.239115827521624e-06
	iters: 100, epoch: 34 | loss: 0.4641750
	speed: 0.0614s/iter; left time: 18727.7320s
	iters: 200, epoch: 34 | loss: 0.4993653
	speed: 0.0183s/iter; left time: 5577.4045s
	iters: 300, epoch: 34 | loss: 0.3727260
	speed: 0.0181s/iter; left time: 5530.8492s
	iters: 400, epoch: 34 | loss: 0.6029077
	speed: 0.0152s/iter; left time: 4623.3030s
	iters: 500, epoch: 34 | loss: 0.3942716
	speed: 0.0167s/iter; left time: 5095.6899s
	iters: 600, epoch: 34 | loss: 0.2783692
	speed: 0.0164s/iter; left time: 4988.6001s
	iters: 700, epoch: 34 | loss: 0.4125607
	speed: 0.0175s/iter; left time: 5337.6632s
	iters: 800, epoch: 34 | loss: 0.3086503
	speed: 0.0156s/iter; left time: 4737.6179s
	iters: 900, epoch: 34 | loss: 0.3621203
	speed: 0.0111s/iter; left time: 3364.7196s
	iters: 1000, epoch: 34 | loss: 0.3387031
	speed: 0.0123s/iter; left time: 3730.6444s
	iters: 1100, epoch: 34 | loss: 0.4979455
	speed: 0.0178s/iter; left time: 5424.0317s
Epoch: 34 cost time: 18.622892141342163
Epoch: 34, Steps: 1143 | Train Loss: 0.4614511 Vali Loss: 0.4741251 Test Loss: 0.2110617
EarlyStopping counter: 10 out of 20
Updating learning rate to 3.815204244769462e-06
	iters: 100, epoch: 35 | loss: 0.3897045
	speed: 0.0580s/iter; left time: 17634.1750s
	iters: 200, epoch: 35 | loss: 0.4254929
	speed: 0.0202s/iter; left time: 6133.2585s
	iters: 300, epoch: 35 | loss: 0.4399757
	speed: 0.0204s/iter; left time: 6195.4166s
	iters: 400, epoch: 35 | loss: 0.4433265
	speed: 0.0190s/iter; left time: 5756.8402s
	iters: 500, epoch: 35 | loss: 0.3929297
	speed: 0.0174s/iter; left time: 5286.5605s
	iters: 600, epoch: 35 | loss: 0.4066211
	speed: 0.0200s/iter; left time: 6058.5851s
	iters: 700, epoch: 35 | loss: 0.3614917
	speed: 0.0192s/iter; left time: 5838.2407s
	iters: 800, epoch: 35 | loss: 0.3135116
	speed: 0.0178s/iter; left time: 5397.1647s
	iters: 900, epoch: 35 | loss: 0.3420823
	speed: 0.0184s/iter; left time: 5579.0901s
	iters: 1000, epoch: 35 | loss: 0.4575259
	speed: 0.0186s/iter; left time: 5631.8368s
	iters: 1100, epoch: 35 | loss: 0.3827292
	speed: 0.0150s/iter; left time: 4552.1520s
Epoch: 35 cost time: 20.670910596847534
Epoch: 35, Steps: 1143 | Train Loss: 0.4609164 Vali Loss: 0.4720707 Test Loss: 0.2107804
EarlyStopping counter: 11 out of 20
Updating learning rate to 3.4336838202925152e-06
	iters: 100, epoch: 36 | loss: 0.4581922
	speed: 0.0615s/iter; left time: 18620.5473s
	iters: 200, epoch: 36 | loss: 0.3519264
	speed: 0.0183s/iter; left time: 5539.2824s
	iters: 300, epoch: 36 | loss: 0.3315164
	speed: 0.0170s/iter; left time: 5152.6899s
	iters: 400, epoch: 36 | loss: 0.3635574
	speed: 0.0180s/iter; left time: 5442.1353s
	iters: 500, epoch: 36 | loss: 0.2981818
	speed: 0.0172s/iter; left time: 5208.8276s
	iters: 600, epoch: 36 | loss: 0.3855603
	speed: 0.0160s/iter; left time: 4822.6152s
	iters: 700, epoch: 36 | loss: 0.4678254
	speed: 0.0189s/iter; left time: 5712.1582s
	iters: 800, epoch: 36 | loss: 0.3035112
	speed: 0.0158s/iter; left time: 4764.6046s
	iters: 900, epoch: 36 | loss: 0.3266906
	speed: 0.0137s/iter; left time: 4127.6686s
	iters: 1000, epoch: 36 | loss: 0.5443159
	speed: 0.0115s/iter; left time: 3462.2205s
	iters: 1100, epoch: 36 | loss: 0.8030979
	speed: 0.0164s/iter; left time: 4946.8500s
Epoch: 36 cost time: 18.909998178482056
Epoch: 36, Steps: 1143 | Train Loss: 0.4607398 Vali Loss: 0.4731464 Test Loss: 0.2107417
EarlyStopping counter: 12 out of 20
Updating learning rate to 3.090315438263264e-06
	iters: 100, epoch: 37 | loss: 0.3082898
	speed: 0.0618s/iter; left time: 18632.0890s
	iters: 200, epoch: 37 | loss: 0.3069496
	speed: 0.0185s/iter; left time: 5573.9614s
	iters: 300, epoch: 37 | loss: 0.3347944
	speed: 0.0157s/iter; left time: 4746.2261s
	iters: 400, epoch: 37 | loss: 0.3229173
	speed: 0.0157s/iter; left time: 4741.2065s
	iters: 500, epoch: 37 | loss: 0.8541851
	speed: 0.0171s/iter; left time: 5149.8499s
	iters: 600, epoch: 37 | loss: 0.4117005
	speed: 0.0196s/iter; left time: 5905.0739s
	iters: 700, epoch: 37 | loss: 0.3144612
	speed: 0.0179s/iter; left time: 5385.6832s
	iters: 800, epoch: 37 | loss: 0.3449489
	speed: 0.0149s/iter; left time: 4498.6586s
	iters: 900, epoch: 37 | loss: 0.4094529
	speed: 0.0147s/iter; left time: 4430.0636s
	iters: 1000, epoch: 37 | loss: 0.9179851
	speed: 0.0148s/iter; left time: 4452.6775s
	iters: 1100, epoch: 37 | loss: 0.2946125
	speed: 0.0145s/iter; left time: 4356.2946s
Epoch: 37 cost time: 19.010557413101196
Epoch: 37, Steps: 1143 | Train Loss: 0.4610813 Vali Loss: 0.4729340 Test Loss: 0.2110653
EarlyStopping counter: 13 out of 20
Updating learning rate to 2.7812838944369375e-06
	iters: 100, epoch: 38 | loss: 0.3486392
	speed: 0.0610s/iter; left time: 18344.1294s
	iters: 200, epoch: 38 | loss: 1.3078195
	speed: 0.0165s/iter; left time: 4957.1234s
	iters: 300, epoch: 38 | loss: 0.6795964
	speed: 0.0147s/iter; left time: 4409.9883s
	iters: 400, epoch: 38 | loss: 0.4192615
	speed: 0.0178s/iter; left time: 5341.9857s
	iters: 500, epoch: 38 | loss: 0.4062341
	speed: 0.0190s/iter; left time: 5697.8372s
	iters: 600, epoch: 38 | loss: 0.4081235
	speed: 0.0175s/iter; left time: 5254.1984s
	iters: 700, epoch: 38 | loss: 0.3786500
	speed: 0.0174s/iter; left time: 5204.5508s
	iters: 800, epoch: 38 | loss: 0.3522205
	speed: 0.0164s/iter; left time: 4903.7462s
	iters: 900, epoch: 38 | loss: 0.3636033
	speed: 0.0174s/iter; left time: 5226.2113s
	iters: 1000, epoch: 38 | loss: 0.3402262
	speed: 0.0199s/iter; left time: 5955.9994s
	iters: 1100, epoch: 38 | loss: 0.3796094
	speed: 0.0211s/iter; left time: 6328.6889s
Epoch: 38 cost time: 20.58588409423828
Epoch: 38, Steps: 1143 | Train Loss: 0.4606225 Vali Loss: 0.4729041 Test Loss: 0.2109187
EarlyStopping counter: 14 out of 20
Updating learning rate to 2.503155504993244e-06
	iters: 100, epoch: 39 | loss: 0.3664542
	speed: 0.0667s/iter; left time: 19966.0033s
	iters: 200, epoch: 39 | loss: 0.5124855
	speed: 0.0194s/iter; left time: 5819.8375s
	iters: 300, epoch: 39 | loss: 0.3425356
	speed: 0.0162s/iter; left time: 4837.6484s
	iters: 400, epoch: 39 | loss: 0.5454006
	speed: 0.0139s/iter; left time: 4153.6112s
	iters: 500, epoch: 39 | loss: 0.4773080
	speed: 0.0164s/iter; left time: 4915.9279s
	iters: 600, epoch: 39 | loss: 0.5019999
	speed: 0.0170s/iter; left time: 5085.0066s
	iters: 700, epoch: 39 | loss: 0.5028211
	speed: 0.0185s/iter; left time: 5528.0561s
	iters: 800, epoch: 39 | loss: 0.3275774
	speed: 0.0122s/iter; left time: 3631.4584s
	iters: 900, epoch: 39 | loss: 0.4597844
	speed: 0.0138s/iter; left time: 4127.5455s
	iters: 1000, epoch: 39 | loss: 0.3424807
	speed: 0.0188s/iter; left time: 5610.2499s
	iters: 1100, epoch: 39 | loss: 0.3330185
	speed: 0.0211s/iter; left time: 6291.1450s
Epoch: 39 cost time: 19.597360372543335
Epoch: 39, Steps: 1143 | Train Loss: 0.4608457 Vali Loss: 0.4719174 Test Loss: 0.2108124
EarlyStopping counter: 15 out of 20
Updating learning rate to 2.2528399544939195e-06
	iters: 100, epoch: 40 | loss: 0.4319950
	speed: 0.0640s/iter; left time: 19075.0225s
	iters: 200, epoch: 40 | loss: 0.3733475
	speed: 0.0142s/iter; left time: 4244.2325s
	iters: 300, epoch: 40 | loss: 0.3425586
	speed: 0.0136s/iter; left time: 4051.8521s
	iters: 400, epoch: 40 | loss: 0.3439949
	speed: 0.0139s/iter; left time: 4144.3261s
	iters: 500, epoch: 40 | loss: 0.4340728
	speed: 0.0138s/iter; left time: 4095.2085s
	iters: 600, epoch: 40 | loss: 0.7627649
	speed: 0.0142s/iter; left time: 4236.5745s
	iters: 700, epoch: 40 | loss: 0.4557989
	speed: 0.0169s/iter; left time: 5041.5469s
	iters: 800, epoch: 40 | loss: 0.4065682
	speed: 0.0157s/iter; left time: 4677.1788s
	iters: 900, epoch: 40 | loss: 0.7502915
	speed: 0.0144s/iter; left time: 4283.0107s
	iters: 1000, epoch: 40 | loss: 0.4100102
	speed: 0.0129s/iter; left time: 3845.9453s
	iters: 1100, epoch: 40 | loss: 0.3749287
	speed: 0.0145s/iter; left time: 4303.4973s
Epoch: 40 cost time: 16.93396830558777
Epoch: 40, Steps: 1143 | Train Loss: 0.4606423 Vali Loss: 0.4725874 Test Loss: 0.2110242
EarlyStopping counter: 16 out of 20
Updating learning rate to 2.0275559590445276e-06
	iters: 100, epoch: 41 | loss: 0.3189516
	speed: 0.0580s/iter; left time: 17224.6674s
	iters: 200, epoch: 41 | loss: 0.6069196
	speed: 0.0121s/iter; left time: 3581.3249s
	iters: 300, epoch: 41 | loss: 0.3158460
	speed: 0.0122s/iter; left time: 3618.6548s
	iters: 400, epoch: 41 | loss: 0.5290412
	speed: 0.0156s/iter; left time: 4630.0007s
	iters: 500, epoch: 41 | loss: 0.3921224
	speed: 0.0181s/iter; left time: 5369.1952s
	iters: 600, epoch: 41 | loss: 0.4152097
	speed: 0.0161s/iter; left time: 4776.1827s
	iters: 700, epoch: 41 | loss: 0.8176581
	speed: 0.0156s/iter; left time: 4613.3150s
	iters: 800, epoch: 41 | loss: 0.3718646
	speed: 0.0160s/iter; left time: 4739.5342s
	iters: 900, epoch: 41 | loss: 0.9277257
	speed: 0.0178s/iter; left time: 5269.3027s
	iters: 1000, epoch: 41 | loss: 0.2784387
	speed: 0.0197s/iter; left time: 5847.7335s
	iters: 1100, epoch: 41 | loss: 0.5297918
	speed: 0.0220s/iter; left time: 6501.1675s
Epoch: 41 cost time: 18.905564546585083
Epoch: 41, Steps: 1143 | Train Loss: 0.4605607 Vali Loss: 0.4724131 Test Loss: 0.2109254
EarlyStopping counter: 17 out of 20
Updating learning rate to 1.8248003631400751e-06
	iters: 100, epoch: 42 | loss: 0.3710269
	speed: 0.0639s/iter; left time: 18904.8991s
	iters: 200, epoch: 42 | loss: 1.7849966
	speed: 0.0193s/iter; left time: 5697.5715s
	iters: 300, epoch: 42 | loss: 0.3429479
	speed: 0.0166s/iter; left time: 4904.5883s
	iters: 400, epoch: 42 | loss: 1.4004260
	speed: 0.0203s/iter; left time: 6006.6961s
	iters: 500, epoch: 42 | loss: 0.3170035
	speed: 0.0200s/iter; left time: 5917.5751s
	iters: 600, epoch: 42 | loss: 0.5123781
	speed: 0.0208s/iter; left time: 6138.6137s
	iters: 700, epoch: 42 | loss: 0.7901133
	speed: 0.0181s/iter; left time: 5350.9994s
	iters: 800, epoch: 42 | loss: 0.3577354
	speed: 0.0167s/iter; left time: 4924.5979s
	iters: 900, epoch: 42 | loss: 0.3767125
	speed: 0.0164s/iter; left time: 4844.6572s
	iters: 1000, epoch: 42 | loss: 0.3954869
	speed: 0.0197s/iter; left time: 5813.2201s
	iters: 1100, epoch: 42 | loss: 0.8349671
	speed: 0.0186s/iter; left time: 5498.7549s
Epoch: 42 cost time: 21.320703506469727
Epoch: 42, Steps: 1143 | Train Loss: 0.4603552 Vali Loss: 0.4729818 Test Loss: 0.2109000
EarlyStopping counter: 18 out of 20
Updating learning rate to 1.6423203268260676e-06
	iters: 100, epoch: 43 | loss: 0.4359218
	speed: 0.0636s/iter; left time: 18746.9537s
	iters: 200, epoch: 43 | loss: 0.3289086
	speed: 0.0183s/iter; left time: 5380.5721s
	iters: 300, epoch: 43 | loss: 0.4425053
	speed: 0.0196s/iter; left time: 5778.9843s
	iters: 400, epoch: 43 | loss: 0.4325569
	speed: 0.0181s/iter; left time: 5319.1646s
	iters: 500, epoch: 43 | loss: 0.4223676
	speed: 0.0195s/iter; left time: 5749.8371s
	iters: 600, epoch: 43 | loss: 0.7993206
	speed: 0.0154s/iter; left time: 4546.7499s
	iters: 700, epoch: 43 | loss: 0.2921011
	speed: 0.0154s/iter; left time: 4540.2789s
	iters: 800, epoch: 43 | loss: 0.5445659
	speed: 0.0185s/iter; left time: 5427.4776s
	iters: 900, epoch: 43 | loss: 0.2711378
	speed: 0.0140s/iter; left time: 4111.3980s
	iters: 1000, epoch: 43 | loss: 0.3912389
	speed: 0.0150s/iter; left time: 4404.9804s
	iters: 1100, epoch: 43 | loss: 0.9306478
	speed: 0.0199s/iter; left time: 5845.6457s
Epoch: 43 cost time: 20.116532564163208
Epoch: 43, Steps: 1143 | Train Loss: 0.4599862 Vali Loss: 0.4727989 Test Loss: 0.2108674
EarlyStopping counter: 19 out of 20
Updating learning rate to 1.4780882941434609e-06
	iters: 100, epoch: 44 | loss: 0.7410280
	speed: 0.0633s/iter; left time: 18590.2290s
	iters: 200, epoch: 44 | loss: 0.4985251
	speed: 0.0178s/iter; left time: 5236.9108s
	iters: 300, epoch: 44 | loss: 0.4073551
	speed: 0.0181s/iter; left time: 5312.7747s
	iters: 400, epoch: 44 | loss: 1.1568851
	speed: 0.0165s/iter; left time: 4833.0806s
	iters: 500, epoch: 44 | loss: 0.3130334
	speed: 0.0179s/iter; left time: 5245.1066s
	iters: 600, epoch: 44 | loss: 0.3232238
	speed: 0.0168s/iter; left time: 4933.8609s
	iters: 700, epoch: 44 | loss: 0.5131217
	speed: 0.0163s/iter; left time: 4775.6447s
	iters: 800, epoch: 44 | loss: 0.2453177
	speed: 0.0135s/iter; left time: 3954.9446s
	iters: 900, epoch: 44 | loss: 0.4173439
	speed: 0.0173s/iter; left time: 5067.8185s
	iters: 1000, epoch: 44 | loss: 0.3157969
	speed: 0.0204s/iter; left time: 5966.7886s
	iters: 1100, epoch: 44 | loss: 0.8825677
	speed: 0.0189s/iter; left time: 5542.3288s
Epoch: 44 cost time: 20.210423707962036
Epoch: 44, Steps: 1143 | Train Loss: 0.4603827 Vali Loss: 0.4727640 Test Loss: 0.2109913
EarlyStopping counter: 20 out of 20
Early stopping
>>>>>>>testing : 96_192_SPM_TST_custom_ftM_sl96_ll18_pl192_dm49_nh1_el1_dl1_df64_fc1_ebtimeF_dtTrue_Exp_0<<<<<<<<<<<<<<<<<<<<<<<<<<<<<<<<<
test 10348
mse:0.2106354683637619, mae:0.251089870929718, rse:0.604083240032196
