Args in experiment:
Namespace(random_seed=2021, is_training=1, model_id='96_96', model='SPM_TST', data='PEMS', root_path='./dataset/', data_path='PEMS08.npz', features='M', target='OT', freq='h', checkpoints='./checkpoints/', seq_len=96, label_len=18, pred_len=96, fc_dropout=0.2, head_dropout=0.0, patch_len=16, stride=8, padding_patch='end', revin=1, affine=1, subtract_last=0, decomposition=0, kernel_size=25, individual=0, embed_type=0, enc_in=170, dec_in=7, c_out=7, d_model=49, n_heads=1, e_layers=1, d_layers=1, d_ff=256, moving_avg=25, factor=1, distil=True, dropout=0.2, embed='timeF', activation='gelu', output_attention=False, do_predict=False, num_workers=10, itr=1, train_epochs=300, batch_size=64, patience=20, learning_rate=0.0001, des='Exp', loss='mse', lradj='TST', pct_start=0.2, use_amp=False, k=1.0, dishts=1, num_layers=3, hidden_size=[32, 8], traffic=0, hidden_size1=3, hidden_size2=3, use_gpu=True, gpu=0, use_multi_gpu=False, devices='0,1', test_flop=False)
Use GPU: cuda:0
>>>>>>>start training : 96_96_SPM_TST_PEMS_ftM_sl96_ll18_pl96_dm49_nh1_el1_dl1_df256_fc1_ebtimeF_dtTrue_Exp_0>>>>>>>>>>>>>>>>>>>>>>>>>>
train 10522
val 3380
test 3381
	iters: 100, epoch: 1 | loss: 1.7596650
	speed: 0.0427s/iter; left time: 2095.5460s
Epoch: 1 cost time: 4.646356582641602
Epoch: 1, Steps: 164 | Train Loss: 1.8679822 Vali Loss: 1.9503567 Test Loss: 1.9557915
Validation loss decreased (inf --> 1.950357).  Saving model ...
Updating learning rate to 4.065795701155677e-06
	iters: 100, epoch: 2 | loss: 1.5929788
	speed: 0.0729s/iter; left time: 3568.1826s
Epoch: 2 cost time: 4.495682001113892
Epoch: 2, Steps: 164 | Train Loss: 1.6138638 Vali Loss: 1.7032706 Test Loss: 1.6869771
Validation loss decreased (1.950357 --> 1.703271).  Saving model ...
Updating learning rate to 4.263002426527237e-06
	iters: 100, epoch: 3 | loss: 1.3982868
	speed: 0.0750s/iter; left time: 3657.0018s
Epoch: 3 cost time: 4.524824857711792
Epoch: 3, Steps: 164 | Train Loss: 1.3995810 Vali Loss: 1.4871371 Test Loss: 1.4642906
Validation loss decreased (1.703271 --> 1.487137).  Saving model ...
Updating learning rate to 4.591079536332704e-06
	iters: 100, epoch: 4 | loss: 1.0350678
	speed: 0.0764s/iter; left time: 3713.6859s
Epoch: 4 cost time: 4.394475221633911
Epoch: 4, Steps: 164 | Train Loss: 1.1836053 Vali Loss: 1.2619631 Test Loss: 1.2251165
Validation loss decreased (1.487137 --> 1.261963).  Saving model ...
Updating learning rate to 5.049127611260682e-06
	iters: 100, epoch: 5 | loss: 0.8865216
	speed: 0.0742s/iter; left time: 3596.7998s
Epoch: 5 cost time: 4.478106737136841
Epoch: 5, Steps: 164 | Train Loss: 0.9612740 Vali Loss: 1.0453643 Test Loss: 1.0019865
Validation loss decreased (1.261963 --> 1.045364).  Saving model ...
Updating learning rate to 5.635890918217302e-06
	iters: 100, epoch: 6 | loss: 0.7865150
	speed: 0.0748s/iter; left time: 3613.4935s
Epoch: 6 cost time: 4.560179948806763
Epoch: 6, Steps: 164 | Train Loss: 0.7860109 Vali Loss: 0.9051927 Test Loss: 0.8564883
Validation loss decreased (1.045364 --> 0.905193).  Saving model ...
Updating learning rate to 6.349760852902833e-06
	iters: 100, epoch: 7 | loss: 0.5983112
	speed: 0.0739s/iter; left time: 3555.5769s
Epoch: 7 cost time: 4.446997165679932
Epoch: 7, Steps: 164 | Train Loss: 0.6957241 Vali Loss: 0.8456042 Test Loss: 0.7963194
Validation loss decreased (0.905193 --> 0.845604).  Saving model ...
Updating learning rate to 7.188780349780331e-06
	iters: 100, epoch: 8 | loss: 0.6462855
	speed: 0.0751s/iter; left time: 3599.2161s
Epoch: 8 cost time: 4.528996706008911
Epoch: 8, Steps: 164 | Train Loss: 0.6536194 Vali Loss: 0.8231258 Test Loss: 0.7809583
Validation loss decreased (0.845604 --> 0.823126).  Saving model ...
Updating learning rate to 8.150649247346472e-06
	iters: 100, epoch: 9 | loss: 0.7098780
	speed: 0.0731s/iter; left time: 3494.4471s
Epoch: 9 cost time: 4.007648468017578
Epoch: 9, Steps: 164 | Train Loss: 0.6316627 Vali Loss: 0.8017197 Test Loss: 0.7588094
Validation loss decreased (0.823126 --> 0.801720).  Saving model ...
Updating learning rate to 9.232730593995589e-06
	iters: 100, epoch: 10 | loss: 0.5682382
	speed: 0.0714s/iter; left time: 3398.4768s
Epoch: 10 cost time: 4.4740049839019775
Epoch: 10, Steps: 164 | Train Loss: 0.6171700 Vali Loss: 0.7923251 Test Loss: 0.7560711
Validation loss decreased (0.801720 --> 0.792325).  Saving model ...
Updating learning rate to 1.0432057877189774e-05
	iters: 100, epoch: 11 | loss: 0.6132578
	speed: 0.0707s/iter; left time: 3357.3267s
Epoch: 11 cost time: 4.269772052764893
Epoch: 11, Steps: 164 | Train Loss: 0.6043307 Vali Loss: 0.7754508 Test Loss: 0.7398615
Validation loss decreased (0.792325 --> 0.775451).  Saving model ...
Updating learning rate to 1.174534315611598e-05
	iters: 100, epoch: 12 | loss: 0.5224065
	speed: 0.0769s/iter; left time: 3638.8523s
Epoch: 12 cost time: 4.691788673400879
Epoch: 12, Steps: 164 | Train Loss: 0.5939574 Vali Loss: 0.7694808 Test Loss: 0.7412827
Validation loss decreased (0.775451 --> 0.769481).  Saving model ...
Updating learning rate to 1.3168986075534872e-05
	iters: 100, epoch: 13 | loss: 0.5185823
	speed: 0.0738s/iter; left time: 3476.2873s
Epoch: 13 cost time: 4.1670660972595215
Epoch: 13, Steps: 164 | Train Loss: 0.5821450 Vali Loss: 0.7565161 Test Loss: 0.7286212
Validation loss decreased (0.769481 --> 0.756516).  Saving model ...
Updating learning rate to 1.4699083736109846e-05
	iters: 100, epoch: 14 | loss: 0.5324367
	speed: 0.0748s/iter; left time: 3515.5326s
Epoch: 14 cost time: 4.643577337265015
Epoch: 14, Steps: 164 | Train Loss: 0.5725073 Vali Loss: 0.7344818 Test Loss: 0.7020940
Validation loss decreased (0.756516 --> 0.734482).  Saving model ...
Updating learning rate to 1.6331441394156946e-05
	iters: 100, epoch: 15 | loss: 0.6014655
	speed: 0.0771s/iter; left time: 3608.4045s
Epoch: 15 cost time: 4.644115447998047
Epoch: 15, Steps: 164 | Train Loss: 0.5613555 Vali Loss: 0.7305230 Test Loss: 0.7101950
Validation loss decreased (0.734482 --> 0.730523).  Saving model ...
Updating learning rate to 1.8061583961482552e-05
	iters: 100, epoch: 16 | loss: 0.5548626
	speed: 0.0709s/iter; left time: 3306.1116s
Epoch: 16 cost time: 4.184832811355591
Epoch: 16, Steps: 164 | Train Loss: 0.5510853 Vali Loss: 0.7174578 Test Loss: 0.7053387
Validation loss decreased (0.730523 --> 0.717458).  Saving model ...
Updating learning rate to 1.988476827378178e-05
	iters: 100, epoch: 17 | loss: 0.4872136
	speed: 0.0721s/iter; left time: 3349.7108s
Epoch: 17 cost time: 4.514003276824951
Epoch: 17, Steps: 164 | Train Loss: 0.5391715 Vali Loss: 0.7096605 Test Loss: 0.7005984
Validation loss decreased (0.717458 --> 0.709660).  Saving model ...
Updating learning rate to 2.179599609396449e-05
	iters: 100, epoch: 18 | loss: 0.5284508
	speed: 0.0757s/iter; left time: 3505.6366s
Epoch: 18 cost time: 4.647520542144775
Epoch: 18, Steps: 164 | Train Loss: 0.5292580 Vali Loss: 0.6880103 Test Loss: 0.6751130
Validation loss decreased (0.709660 --> 0.688010).  Saving model ...
Updating learning rate to 2.379002781475995e-05
	iters: 100, epoch: 19 | loss: 0.5245637
	speed: 0.0764s/iter; left time: 3526.0413s
Epoch: 19 cost time: 4.747421026229858
Epoch: 19, Steps: 164 | Train Loss: 0.5187532 Vali Loss: 0.6870808 Test Loss: 0.6839801
Validation loss decreased (0.688010 --> 0.687081).  Saving model ...
Updating learning rate to 2.586139682303499e-05
	iters: 100, epoch: 20 | loss: 0.4514780
	speed: 0.0737s/iter; left time: 3391.3535s
Epoch: 20 cost time: 4.485957384109497
Epoch: 20, Steps: 164 | Train Loss: 0.5085856 Vali Loss: 0.6580741 Test Loss: 0.6394832
Validation loss decreased (0.687081 --> 0.658074).  Saving model ...
Updating learning rate to 2.800442448644579e-05
	iters: 100, epoch: 21 | loss: 0.5348029
	speed: 0.0731s/iter; left time: 3351.1239s
Epoch: 21 cost time: 4.46844482421875
Epoch: 21, Steps: 164 | Train Loss: 0.4990221 Vali Loss: 0.6527765 Test Loss: 0.6451707
Validation loss decreased (0.658074 --> 0.652776).  Saving model ...
Updating learning rate to 3.0213235721337757e-05
	iters: 100, epoch: 22 | loss: 0.4988826
	speed: 0.0733s/iter; left time: 3347.7783s
Epoch: 22 cost time: 4.463614225387573
Epoch: 22, Steps: 164 | Train Loss: 0.4913169 Vali Loss: 0.6464611 Test Loss: 0.6367769
Validation loss decreased (0.652776 --> 0.646461).  Saving model ...
Updating learning rate to 3.248177509921424e-05
	iters: 100, epoch: 23 | loss: 0.4847930
	speed: 0.0745s/iter; left time: 3391.2874s
Epoch: 23 cost time: 4.656050443649292
Epoch: 23, Steps: 164 | Train Loss: 0.4830861 Vali Loss: 0.6402330 Test Loss: 0.6347156
Validation loss decreased (0.646461 --> 0.640233).  Saving model ...
Updating learning rate to 3.480382344761825e-05
	iters: 100, epoch: 24 | loss: 0.4700617
	speed: 0.0766s/iter; left time: 3470.3596s
Epoch: 24 cost time: 4.713624477386475
Epoch: 24, Steps: 164 | Train Loss: 0.4739623 Vali Loss: 0.6456179 Test Loss: 0.6425951
EarlyStopping counter: 1 out of 20
Updating learning rate to 3.717301489991647e-05
	iters: 100, epoch: 25 | loss: 0.4646067
	speed: 0.0758s/iter; left time: 3421.3274s
Epoch: 25 cost time: 4.586335897445679
Epoch: 25, Steps: 164 | Train Loss: 0.4691294 Vali Loss: 0.6347455 Test Loss: 0.6394660
Validation loss decreased (0.640233 --> 0.634746).  Saving model ...
Updating learning rate to 3.9582854347243214e-05
	iters: 100, epoch: 26 | loss: 0.4790090
	speed: 0.0776s/iter; left time: 3493.3045s
Epoch: 26 cost time: 4.740234375
Epoch: 26, Steps: 164 | Train Loss: 0.4621387 Vali Loss: 0.6262110 Test Loss: 0.6238713
Validation loss decreased (0.634746 --> 0.626211).  Saving model ...
Updating learning rate to 4.202673524476059e-05
	iters: 100, epoch: 27 | loss: 0.4427242
	speed: 0.0747s/iter; left time: 3349.7170s
Epoch: 27 cost time: 4.5586535930633545
Epoch: 27, Steps: 164 | Train Loss: 0.4549362 Vali Loss: 0.6101783 Test Loss: 0.5974591
Validation loss decreased (0.626211 --> 0.610178).  Saving model ...
Updating learning rate to 4.449795772341889e-05
	iters: 100, epoch: 28 | loss: 0.4500489
	speed: 0.0775s/iter; left time: 3460.6580s
Epoch: 28 cost time: 4.771700859069824
Epoch: 28, Steps: 164 | Train Loss: 0.4522555 Vali Loss: 0.6177720 Test Loss: 0.6183481
EarlyStopping counter: 1 out of 20
Updating learning rate to 4.6989746957564175e-05
	iters: 100, epoch: 29 | loss: 0.4094314
	speed: 0.0755s/iter; left time: 3358.2533s
Epoch: 29 cost time: 4.407442569732666
Epoch: 29, Steps: 164 | Train Loss: 0.4440606 Vali Loss: 0.6055412 Test Loss: 0.5921859
Validation loss decreased (0.610178 --> 0.605541).  Saving model ...
Updating learning rate to 4.9495271738038375e-05
	iters: 100, epoch: 30 | loss: 0.4371896
	speed: 0.0718s/iter; left time: 3186.1513s
Epoch: 30 cost time: 4.3262858390808105
Epoch: 30, Steps: 164 | Train Loss: 0.4389302 Vali Loss: 0.6219983 Test Loss: 0.6270708
EarlyStopping counter: 1 out of 20
Updating learning rate to 5.200766319985423e-05
	iters: 100, epoch: 31 | loss: 0.4047955
	speed: 0.0725s/iter; left time: 3203.6473s
Epoch: 31 cost time: 4.373485803604126
Epoch: 31, Steps: 164 | Train Loss: 0.4351372 Vali Loss: 0.6021366 Test Loss: 0.6063091
Validation loss decreased (0.605541 --> 0.602137).  Saving model ...
Updating learning rate to 5.452003365310314e-05
	iters: 100, epoch: 32 | loss: 0.4080049
	speed: 0.0726s/iter; left time: 3197.3874s
Epoch: 32 cost time: 4.516692399978638
Epoch: 32, Steps: 164 | Train Loss: 0.4292106 Vali Loss: 0.5856910 Test Loss: 0.5785763
Validation loss decreased (0.602137 --> 0.585691).  Saving model ...
Updating learning rate to 5.7025495465471125e-05
	iters: 100, epoch: 33 | loss: 0.4458915
	speed: 0.0748s/iter; left time: 3278.5838s
Epoch: 33 cost time: 4.5192577838897705
Epoch: 33, Steps: 164 | Train Loss: 0.4228210 Vali Loss: 0.5900082 Test Loss: 0.5877456
EarlyStopping counter: 1 out of 20
Updating learning rate to 5.951717994459722e-05
	iters: 100, epoch: 34 | loss: 0.4517615
	speed: 0.0728s/iter; left time: 3181.1171s
Epoch: 34 cost time: 4.3493945598602295
Epoch: 34, Steps: 164 | Train Loss: 0.4188216 Vali Loss: 0.5776227 Test Loss: 0.5755887
Validation loss decreased (0.585691 --> 0.577623).  Saving model ...
Updating learning rate to 6.198825616850797e-05
	iters: 100, epoch: 35 | loss: 0.4237257
	speed: 0.0743s/iter; left time: 3233.9351s
Epoch: 35 cost time: 4.649280071258545
Epoch: 35, Steps: 164 | Train Loss: 0.4162400 Vali Loss: 0.5777826 Test Loss: 0.5815690
EarlyStopping counter: 1 out of 20
Updating learning rate to 6.4431949712505e-05
	iters: 100, epoch: 36 | loss: 0.4352672
	speed: 0.0752s/iter; left time: 3261.0358s
Epoch: 36 cost time: 4.549337387084961
Epoch: 36, Steps: 164 | Train Loss: 0.4101164 Vali Loss: 0.5626830 Test Loss: 0.5485431
Validation loss decreased (0.577623 --> 0.562683).  Saving model ...
Updating learning rate to 6.684156122116594e-05
	iters: 100, epoch: 37 | loss: 0.4075764
	speed: 0.0744s/iter; left time: 3214.7925s
Epoch: 37 cost time: 4.624959468841553
Epoch: 37, Steps: 164 | Train Loss: 0.4040801 Vali Loss: 0.5552114 Test Loss: 0.5461589
Validation loss decreased (0.562683 --> 0.555211).  Saving model ...
Updating learning rate to 6.921048477454391e-05
	iters: 100, epoch: 38 | loss: 0.3641963
	speed: 0.0726s/iter; left time: 3126.1770s
Epoch: 38 cost time: 4.424494981765747
Epoch: 38, Steps: 164 | Train Loss: 0.3978540 Vali Loss: 0.5735980 Test Loss: 0.5769936
EarlyStopping counter: 1 out of 20
Updating learning rate to 7.153222599821478e-05
	iters: 100, epoch: 39 | loss: 0.4441818
	speed: 0.0742s/iter; left time: 3182.9532s
Epoch: 39 cost time: 4.42304253578186
Epoch: 39, Steps: 164 | Train Loss: 0.3939295 Vali Loss: 0.5482749 Test Loss: 0.5395162
Validation loss decreased (0.555211 --> 0.548275).  Saving model ...
Updating learning rate to 7.380041986752384e-05
	iters: 100, epoch: 40 | loss: 0.3828110
	speed: 0.0748s/iter; left time: 3195.5450s
Epoch: 40 cost time: 4.717594623565674
Epoch: 40, Steps: 164 | Train Loss: 0.3911563 Vali Loss: 0.5481848 Test Loss: 0.5457894
Validation loss decreased (0.548275 --> 0.548185).  Saving model ...
Updating learning rate to 7.600884815722156e-05
	iters: 100, epoch: 41 | loss: 0.3929610
	speed: 0.0763s/iter; left time: 3244.5009s
Epoch: 41 cost time: 4.628887891769409
Epoch: 41, Steps: 164 | Train Loss: 0.3867468 Vali Loss: 0.5417719 Test Loss: 0.5422531
Validation loss decreased (0.548185 --> 0.541772).  Saving model ...
Updating learning rate to 7.815145648865078e-05
	iters: 100, epoch: 42 | loss: 0.3748299
	speed: 0.0761s/iter; left time: 3224.9355s
Epoch: 42 cost time: 4.661285638809204
Epoch: 42, Steps: 164 | Train Loss: 0.3818127 Vali Loss: 0.5389545 Test Loss: 0.5330850
Validation loss decreased (0.541772 --> 0.538954).  Saving model ...
Updating learning rate to 8.022237092775029e-05
	iters: 100, epoch: 43 | loss: 0.3755329
	speed: 0.0768s/iter; left time: 3242.1222s
Epoch: 43 cost time: 4.549005746841431
Epoch: 43, Steps: 164 | Train Loss: 0.3761408 Vali Loss: 0.5251248 Test Loss: 0.5025441
Validation loss decreased (0.538954 --> 0.525125).  Saving model ...
Updating learning rate to 8.221591408837204e-05
	iters: 100, epoch: 44 | loss: 0.4004256
	speed: 0.0749s/iter; left time: 3148.6024s
Epoch: 44 cost time: 4.567823886871338
Epoch: 44, Steps: 164 | Train Loss: 0.3749608 Vali Loss: 0.5332752 Test Loss: 0.5306173
EarlyStopping counter: 1 out of 20
Updating learning rate to 8.412662069676445e-05
	iters: 100, epoch: 45 | loss: 0.3552546
	speed: 0.0723s/iter; left time: 3028.5025s
Epoch: 45 cost time: 4.398995637893677
Epoch: 45, Steps: 164 | Train Loss: 0.3710395 Vali Loss: 0.5157824 Test Loss: 0.5104617
Validation loss decreased (0.525125 --> 0.515782).  Saving model ...
Updating learning rate to 8.594925257455243e-05
	iters: 100, epoch: 46 | loss: 0.3980330
	speed: 0.0754s/iter; left time: 3145.9842s
Epoch: 46 cost time: 4.647694826126099
Epoch: 46, Steps: 164 | Train Loss: 0.3655650 Vali Loss: 0.5206442 Test Loss: 0.5199309
EarlyStopping counter: 1 out of 20
Updating learning rate to 8.767881299913818e-05
	iters: 100, epoch: 47 | loss: 0.3548337
	speed: 0.0739s/iter; left time: 3071.7829s
Epoch: 47 cost time: 4.584463119506836
Epoch: 47, Steps: 164 | Train Loss: 0.3621524 Vali Loss: 0.5201626 Test Loss: 0.5213383
EarlyStopping counter: 2 out of 20
Updating learning rate to 8.931056040215393e-05
	iters: 100, epoch: 48 | loss: 0.3669936
	speed: 0.0896s/iter; left time: 3708.3546s
Epoch: 48 cost time: 5.51379132270813
Epoch: 48, Steps: 164 | Train Loss: 0.3564547 Vali Loss: 0.5053327 Test Loss: 0.4905369
Validation loss decreased (0.515782 --> 0.505333).  Saving model ...
Updating learning rate to 9.084002136841254e-05
	iters: 100, epoch: 49 | loss: 0.3698104
	speed: 0.0777s/iter; left time: 3202.7103s
Epoch: 49 cost time: 4.439375400543213
Epoch: 49, Steps: 164 | Train Loss: 0.3555248 Vali Loss: 0.5290574 Test Loss: 0.5365085
EarlyStopping counter: 1 out of 20
Updating learning rate to 9.226300289971967e-05
	iters: 100, epoch: 50 | loss: 0.3715370
	speed: 0.0729s/iter; left time: 2994.9304s
Epoch: 50 cost time: 4.634622097015381
Epoch: 50, Steps: 164 | Train Loss: 0.3525509 Vali Loss: 0.4970042 Test Loss: 0.4870926
Validation loss decreased (0.505333 --> 0.497004).  Saving model ...
Updating learning rate to 9.357560390992598e-05
	iters: 100, epoch: 51 | loss: 0.3099991
	speed: 0.0761s/iter; left time: 3113.0225s
Epoch: 51 cost time: 4.384977579116821
Epoch: 51, Steps: 164 | Train Loss: 0.3498224 Vali Loss: 0.5027602 Test Loss: 0.5019473
EarlyStopping counter: 1 out of 20
Updating learning rate to 9.477422591970628e-05
	iters: 100, epoch: 52 | loss: 0.3138206
	speed: 0.0753s/iter; left time: 3068.4851s
Epoch: 52 cost time: 4.71241569519043
Epoch: 52, Steps: 164 | Train Loss: 0.3418518 Vali Loss: 0.4935864 Test Loss: 0.4869768
Validation loss decreased (0.497004 --> 0.493586).  Saving model ...
Updating learning rate to 9.585558292174581e-05
	iters: 100, epoch: 53 | loss: 0.3585759
	speed: 0.0769s/iter; left time: 3118.4808s
Epoch: 53 cost time: 4.269352197647095
Epoch: 53, Steps: 164 | Train Loss: 0.3399866 Vali Loss: 0.5026060 Test Loss: 0.5039321
EarlyStopping counter: 1 out of 20
Updating learning rate to 9.68167103892884e-05
	iters: 100, epoch: 54 | loss: 0.3447292
	speed: 0.0717s/iter; left time: 2898.1230s
Epoch: 54 cost time: 4.567286014556885
Epoch: 54, Steps: 164 | Train Loss: 0.3360396 Vali Loss: 0.4866757 Test Loss: 0.4822361
Validation loss decreased (0.493586 --> 0.486676).  Saving model ...
Updating learning rate to 9.765497340334958e-05
	iters: 100, epoch: 55 | loss: 0.3248294
	speed: 0.0756s/iter; left time: 3043.6344s
Epoch: 55 cost time: 4.49372410774231
Epoch: 55, Steps: 164 | Train Loss: 0.3329268 Vali Loss: 0.4842150 Test Loss: 0.4768195
Validation loss decreased (0.486676 --> 0.484215).  Saving model ...
Updating learning rate to 9.836807387631422e-05
	iters: 100, epoch: 56 | loss: 0.3059424
	speed: 0.0732s/iter; left time: 2935.7968s
Epoch: 56 cost time: 4.467515230178833
Epoch: 56, Steps: 164 | Train Loss: 0.3286508 Vali Loss: 0.4810182 Test Loss: 0.4689776
Validation loss decreased (0.484215 --> 0.481018).  Saving model ...
Updating learning rate to 9.895405685211511e-05
	iters: 100, epoch: 57 | loss: 0.3166996
	speed: 0.0736s/iter; left time: 2939.8022s
Epoch: 57 cost time: 4.574939012527466
Epoch: 57, Steps: 164 | Train Loss: 0.3263375 Vali Loss: 0.4643633 Test Loss: 0.4504222
Validation loss decreased (0.481018 --> 0.464363).  Saving model ...
Updating learning rate to 9.941131586572065e-05
	iters: 100, epoch: 58 | loss: 0.3239835
	speed: 0.0752s/iter; left time: 2988.5694s
Epoch: 58 cost time: 4.590591192245483
Epoch: 58, Steps: 164 | Train Loss: 0.3201621 Vali Loss: 0.4668266 Test Loss: 0.4486904
EarlyStopping counter: 1 out of 20
Updating learning rate to 9.973859734723878e-05
	iters: 100, epoch: 59 | loss: 0.3602743
	speed: 0.0750s/iter; left time: 2968.1373s
Epoch: 59 cost time: 4.661884784698486
Epoch: 59, Steps: 164 | Train Loss: 0.3195658 Vali Loss: 0.4600314 Test Loss: 0.4499650
Validation loss decreased (0.464363 --> 0.460031).  Saving model ...
Updating learning rate to 9.993500405856316e-05
	iters: 100, epoch: 60 | loss: 0.3467191
	speed: 0.0754s/iter; left time: 2973.6925s
Epoch: 60 cost time: 4.544121980667114
Epoch: 60, Steps: 164 | Train Loss: 0.3153614 Vali Loss: 0.4593267 Test Loss: 0.4509932
Validation loss decreased (0.460031 --> 0.459327).  Saving model ...
Updating learning rate to 9.999999984073226e-05
	iters: 100, epoch: 61 | loss: 0.3050445
	speed: 0.0734s/iter; left time: 2879.9862s
Epoch: 61 cost time: 4.278874158859253
Epoch: 61, Steps: 164 | Train Loss: 0.3130834 Vali Loss: 0.4409849 Test Loss: 0.4301904
Validation loss decreased (0.459327 --> 0.440985).  Saving model ...
Updating learning rate to 9.999566399825153e-05
	iters: 100, epoch: 62 | loss: 0.2985526
	speed: 0.0738s/iter; left time: 2885.8321s
Epoch: 62 cost time: 4.548973798751831
Epoch: 62, Steps: 164 | Train Loss: 0.3110506 Vali Loss: 0.4406481 Test Loss: 0.4298301
Validation loss decreased (0.440985 --> 0.440648).  Saving model ...
Updating learning rate to 9.998276169039205e-05
	iters: 100, epoch: 63 | loss: 0.3187321
	speed: 0.0742s/iter; left time: 2890.0186s
Epoch: 63 cost time: 4.5422351360321045
Epoch: 63, Steps: 164 | Train Loss: 0.3072598 Vali Loss: 0.4351581 Test Loss: 0.4306426
Validation loss decreased (0.440648 --> 0.435158).  Saving model ...
Updating learning rate to 9.996129512789787e-05
	iters: 100, epoch: 64 | loss: 0.2932574
	speed: 0.0750s/iter; left time: 2906.6044s
Epoch: 64 cost time: 4.6299355030059814
Epoch: 64, Steps: 164 | Train Loss: 0.3043657 Vali Loss: 0.4387361 Test Loss: 0.4272040
EarlyStopping counter: 1 out of 20
Updating learning rate to 9.993126798895392e-05
	iters: 100, epoch: 65 | loss: 0.3059055
	speed: 0.0762s/iter; left time: 2941.3122s
Epoch: 65 cost time: 4.65475058555603
Epoch: 65, Steps: 164 | Train Loss: 0.3000407 Vali Loss: 0.4251433 Test Loss: 0.4158884
Validation loss decreased (0.435158 --> 0.425143).  Saving model ...
Updating learning rate to 9.989268541855591e-05
	iters: 100, epoch: 66 | loss: 0.2761713
	speed: 0.0845s/iter; left time: 3248.5474s
Epoch: 66 cost time: 5.195680141448975
Epoch: 66, Steps: 164 | Train Loss: 0.2974787 Vali Loss: 0.4176207 Test Loss: 0.3966210
Validation loss decreased (0.425143 --> 0.417621).  Saving model ...
Updating learning rate to 9.984555402762866e-05
	iters: 100, epoch: 67 | loss: 0.2954607
	speed: 0.0746s/iter; left time: 2853.9323s
Epoch: 67 cost time: 4.594881772994995
Epoch: 67, Steps: 164 | Train Loss: 0.2972695 Vali Loss: 0.4273701 Test Loss: 0.4245144
EarlyStopping counter: 1 out of 20
Updating learning rate to 9.978988189189335e-05
	iters: 100, epoch: 68 | loss: 0.3195523
	speed: 0.0745s/iter; left time: 2837.7618s
Epoch: 68 cost time: 4.512350082397461
Epoch: 68, Steps: 164 | Train Loss: 0.2909409 Vali Loss: 0.4209134 Test Loss: 0.4020702
EarlyStopping counter: 2 out of 20
Updating learning rate to 9.972567855048384e-05
	iters: 100, epoch: 69 | loss: 0.2960294
	speed: 0.0715s/iter; left time: 2712.6551s
Epoch: 69 cost time: 4.455875396728516
Epoch: 69, Steps: 164 | Train Loss: 0.2896290 Vali Loss: 0.4087258 Test Loss: 0.3973083
Validation loss decreased (0.417621 --> 0.408726).  Saving model ...
Updating learning rate to 9.965295500431219e-05
	iters: 100, epoch: 70 | loss: 0.2990785
	speed: 0.0737s/iter; left time: 2783.8223s
Epoch: 70 cost time: 4.539530038833618
Epoch: 70, Steps: 164 | Train Loss: 0.2879336 Vali Loss: 0.4101761 Test Loss: 0.4098764
EarlyStopping counter: 1 out of 20
Updating learning rate to 9.95717237141836e-05
	iters: 100, epoch: 71 | loss: 0.3574840
	speed: 0.0733s/iter; left time: 2757.9642s
Epoch: 71 cost time: 4.574276685714722
Epoch: 71, Steps: 164 | Train Loss: 0.2867017 Vali Loss: 0.4020980 Test Loss: 0.3879157
Validation loss decreased (0.408726 --> 0.402098).  Saving model ...
Updating learning rate to 9.948199859866152e-05
	iters: 100, epoch: 72 | loss: 0.2838627
	speed: 0.0748s/iter; left time: 2803.3555s
Epoch: 72 cost time: 4.630064249038696
Epoch: 72, Steps: 164 | Train Loss: 0.2832009 Vali Loss: 0.4125618 Test Loss: 0.4098265
EarlyStopping counter: 1 out of 20
Updating learning rate to 9.938379503168253e-05
	iters: 100, epoch: 73 | loss: 0.2821272
	speed: 0.0730s/iter; left time: 2723.0117s
Epoch: 73 cost time: 4.543288230895996
Epoch: 73, Steps: 164 | Train Loss: 0.2810350 Vali Loss: 0.3976831 Test Loss: 0.3705765
Validation loss decreased (0.402098 --> 0.397683).  Saving model ...
Updating learning rate to 9.927712983992231e-05
	iters: 100, epoch: 74 | loss: 0.2482499
	speed: 0.0733s/iter; left time: 2723.3372s
Epoch: 74 cost time: 4.523463010787964
Epoch: 74, Steps: 164 | Train Loss: 0.2778178 Vali Loss: 0.3918346 Test Loss: 0.3751796
Validation loss decreased (0.397683 --> 0.391835).  Saving model ...
Updating learning rate to 9.916202129991235e-05
	iters: 100, epoch: 75 | loss: 0.2698345
	speed: 0.0760s/iter; left time: 2809.1775s
Epoch: 75 cost time: 4.715017795562744
Epoch: 75, Steps: 164 | Train Loss: 0.2769997 Vali Loss: 0.3996213 Test Loss: 0.3844334
EarlyStopping counter: 1 out of 20
Updating learning rate to 9.903848913490841e-05
	iters: 100, epoch: 76 | loss: 0.2586580
	speed: 0.0784s/iter; left time: 2883.8008s
Epoch: 76 cost time: 4.7187793254852295
Epoch: 76, Steps: 164 | Train Loss: 0.2731564 Vali Loss: 0.3941149 Test Loss: 0.3745604
EarlyStopping counter: 2 out of 20
Updating learning rate to 9.890655451151097e-05
	iters: 100, epoch: 77 | loss: 0.2986059
	speed: 0.0759s/iter; left time: 2781.3826s
Epoch: 77 cost time: 4.822842597961426
Epoch: 77, Steps: 164 | Train Loss: 0.2721133 Vali Loss: 0.3854935 Test Loss: 0.3767739
Validation loss decreased (0.391835 --> 0.385494).  Saving model ...
Updating learning rate to 9.876624003603862e-05
	iters: 100, epoch: 78 | loss: 0.2710956
	speed: 0.0755s/iter; left time: 2754.1920s
Epoch: 78 cost time: 4.457326412200928
Epoch: 78, Steps: 164 | Train Loss: 0.2674167 Vali Loss: 0.3825193 Test Loss: 0.3702724
Validation loss decreased (0.385494 --> 0.382519).  Saving model ...
Updating learning rate to 9.861756975065434e-05
	iters: 100, epoch: 79 | loss: 0.2838511
	speed: 0.0752s/iter; left time: 2731.9423s
Epoch: 79 cost time: 4.618851661682129
Epoch: 79, Steps: 164 | Train Loss: 0.2669228 Vali Loss: 0.3736781 Test Loss: 0.3557257
Validation loss decreased (0.382519 --> 0.373678).  Saving model ...
Updating learning rate to 9.846056912924617e-05
	iters: 100, epoch: 80 | loss: 0.2570681
	speed: 0.0743s/iter; left time: 2684.2642s
Epoch: 80 cost time: 4.495751619338989
Epoch: 80, Steps: 164 | Train Loss: 0.2655845 Vali Loss: 0.3850581 Test Loss: 0.3611515
EarlyStopping counter: 1 out of 20
Updating learning rate to 9.829526507306238e-05
	iters: 100, epoch: 81 | loss: 0.2746786
	speed: 0.0735s/iter; left time: 2642.8774s
Epoch: 81 cost time: 4.585502862930298
Epoch: 81, Steps: 164 | Train Loss: 0.2633613 Vali Loss: 0.3755471 Test Loss: 0.3622291
EarlyStopping counter: 2 out of 20
Updating learning rate to 9.812168590610201e-05
	iters: 100, epoch: 82 | loss: 0.2310025
	speed: 0.0742s/iter; left time: 2657.3740s
Epoch: 82 cost time: 4.4990458488464355
Epoch: 82, Steps: 164 | Train Loss: 0.2611499 Vali Loss: 0.3955081 Test Loss: 0.3899739
EarlyStopping counter: 3 out of 20
Updating learning rate to 9.79398613702617e-05
	iters: 100, epoch: 83 | loss: 0.2629985
	speed: 0.0732s/iter; left time: 2609.0209s
Epoch: 83 cost time: 4.5314671993255615
Epoch: 83, Steps: 164 | Train Loss: 0.2586576 Vali Loss: 0.3736141 Test Loss: 0.3661751
Validation loss decreased (0.373678 --> 0.373614).  Saving model ...
Updating learning rate to 9.774982262023966e-05
	iters: 100, epoch: 84 | loss: 0.2857569
	speed: 0.0770s/iter; left time: 2730.8961s
Epoch: 84 cost time: 4.585481882095337
Epoch: 84, Steps: 164 | Train Loss: 0.2585826 Vali Loss: 0.3691829 Test Loss: 0.3478670
Validation loss decreased (0.373614 --> 0.369183).  Saving model ...
Updating learning rate to 9.755160221819736e-05
	iters: 100, epoch: 85 | loss: 0.2553614
	speed: 0.0731s/iter; left time: 2582.9307s
Epoch: 85 cost time: 4.458185911178589
Epoch: 85, Steps: 164 | Train Loss: 0.2555920 Vali Loss: 0.3752475 Test Loss: 0.3613470
EarlyStopping counter: 1 out of 20
Updating learning rate to 9.734523412818026e-05
	iters: 100, epoch: 86 | loss: 0.2823796
	speed: 0.0738s/iter; left time: 2594.0071s
Epoch: 86 cost time: 4.568861961364746
Epoch: 86, Steps: 164 | Train Loss: 0.2550724 Vali Loss: 0.3665599 Test Loss: 0.3458129
Validation loss decreased (0.369183 --> 0.366560).  Saving model ...
Updating learning rate to 9.71307537102982e-05
	iters: 100, epoch: 87 | loss: 0.2579364
	speed: 0.0743s/iter; left time: 2598.8637s
Epoch: 87 cost time: 4.49713397026062
Epoch: 87, Steps: 164 | Train Loss: 0.2526048 Vali Loss: 0.3599743 Test Loss: 0.3374637
Validation loss decreased (0.366560 --> 0.359974).  Saving model ...
Updating learning rate to 9.690819771466663e-05
	iters: 100, epoch: 88 | loss: 0.2507507
	speed: 0.0738s/iter; left time: 2572.2476s
Epoch: 88 cost time: 4.444964647293091
Epoch: 88, Steps: 164 | Train Loss: 0.2523511 Vali Loss: 0.3612960 Test Loss: 0.3492909
EarlyStopping counter: 1 out of 20
Updating learning rate to 9.667760427510968e-05
	iters: 100, epoch: 89 | loss: 0.2318301
	speed: 0.0725s/iter; left time: 2511.7943s
Epoch: 89 cost time: 4.366430282592773
Epoch: 89, Steps: 164 | Train Loss: 0.2500229 Vali Loss: 0.3698007 Test Loss: 0.3579350
EarlyStopping counter: 2 out of 20
Updating learning rate to 9.643901290262614e-05
	iters: 100, epoch: 90 | loss: 0.2483435
	speed: 0.0706s/iter; left time: 2436.8111s
Epoch: 90 cost time: 4.1806488037109375
Epoch: 90, Steps: 164 | Train Loss: 0.2464567 Vali Loss: 0.3613685 Test Loss: 0.3492284
EarlyStopping counter: 3 out of 20
Updating learning rate to 9.619246447861937e-05
	iters: 100, epoch: 91 | loss: 0.2465138
	speed: 0.0739s/iter; left time: 2538.9702s
Epoch: 91 cost time: 4.514164686203003
Epoch: 91, Steps: 164 | Train Loss: 0.2446462 Vali Loss: 0.3615232 Test Loss: 0.3500791
EarlyStopping counter: 4 out of 20
Updating learning rate to 9.593800124789265e-05
	iters: 100, epoch: 92 | loss: 0.2576562
	speed: 0.0702s/iter; left time: 2398.3946s
Epoch: 92 cost time: 3.9684417247772217
Epoch: 92, Steps: 164 | Train Loss: 0.2434750 Vali Loss: 0.3527459 Test Loss: 0.3364342
Validation loss decreased (0.359974 --> 0.352746).  Saving model ...
Updating learning rate to 9.567566681141053e-05
	iters: 100, epoch: 93 | loss: 0.2304066
	speed: 0.0737s/iter; left time: 2508.0330s
Epoch: 93 cost time: 4.656312942504883
Epoch: 93, Steps: 164 | Train Loss: 0.2428524 Vali Loss: 0.3499394 Test Loss: 0.3289781
Validation loss decreased (0.352746 --> 0.349939).  Saving model ...
Updating learning rate to 9.540550611882823e-05
	iters: 100, epoch: 94 | loss: 0.2257645
	speed: 0.0772s/iter; left time: 2611.9240s
Epoch: 94 cost time: 4.4200897216796875
Epoch: 94, Steps: 164 | Train Loss: 0.2416241 Vali Loss: 0.3538586 Test Loss: 0.3359739
EarlyStopping counter: 1 out of 20
Updating learning rate to 9.51275654607896e-05
	iters: 100, epoch: 95 | loss: 0.2316995
	speed: 0.0733s/iter; left time: 2468.0325s
Epoch: 95 cost time: 4.5641560554504395
Epoch: 95, Steps: 164 | Train Loss: 0.2384029 Vali Loss: 0.3554624 Test Loss: 0.3420732
EarlyStopping counter: 2 out of 20
Updating learning rate to 9.48418924609956e-05
	iters: 100, epoch: 96 | loss: 0.2246208
	speed: 0.0731s/iter; left time: 2451.2022s
Epoch: 96 cost time: 4.452372312545776
Epoch: 96, Steps: 164 | Train Loss: 0.2383222 Vali Loss: 0.3493951 Test Loss: 0.3315304
Validation loss decreased (0.349939 --> 0.349395).  Saving model ...
Updating learning rate to 9.454853606804407e-05
	iters: 100, epoch: 97 | loss: 0.2281114
	speed: 0.0751s/iter; left time: 2506.2546s
Epoch: 97 cost time: 4.473537445068359
Epoch: 97, Steps: 164 | Train Loss: 0.2368057 Vali Loss: 0.3594523 Test Loss: 0.3443826
EarlyStopping counter: 1 out of 20
Updating learning rate to 9.424754654704274e-05
	iters: 100, epoch: 98 | loss: 0.2294613
	speed: 0.0756s/iter; left time: 2510.2686s
Epoch: 98 cost time: 4.555586099624634
Epoch: 98, Steps: 164 | Train Loss: 0.2360030 Vali Loss: 0.3599911 Test Loss: 0.3493217
EarlyStopping counter: 2 out of 20
Updating learning rate to 9.393897547099652e-05
	iters: 100, epoch: 99 | loss: 0.2298557
	speed: 0.0729s/iter; left time: 2408.7823s
Epoch: 99 cost time: 4.018071889877319
Epoch: 99, Steps: 164 | Train Loss: 0.2327666 Vali Loss: 0.3448755 Test Loss: 0.3279859
Validation loss decreased (0.349395 --> 0.344876).  Saving model ...
Updating learning rate to 9.362287571197079e-05
	iters: 100, epoch: 100 | loss: 0.2276762
	speed: 0.0728s/iter; left time: 2393.1557s
Epoch: 100 cost time: 4.73711371421814
Epoch: 100, Steps: 164 | Train Loss: 0.2319054 Vali Loss: 0.3478445 Test Loss: 0.3358876
EarlyStopping counter: 1 out of 20
Updating learning rate to 9.329930143203197e-05
	iters: 100, epoch: 101 | loss: 0.2233332
	speed: 0.0750s/iter; left time: 2452.7313s
Epoch: 101 cost time: 4.336089134216309
Epoch: 101, Steps: 164 | Train Loss: 0.2305750 Vali Loss: 0.3397271 Test Loss: 0.3215167
Validation loss decreased (0.344876 --> 0.339727).  Saving model ...
Updating learning rate to 9.296830807396714e-05
	iters: 100, epoch: 102 | loss: 0.2302569
	speed: 0.0726s/iter; left time: 2360.7753s
Epoch: 102 cost time: 4.534850358963013
Epoch: 102, Steps: 164 | Train Loss: 0.2294799 Vali Loss: 0.3409103 Test Loss: 0.3236641
EarlyStopping counter: 1 out of 20
Updating learning rate to 9.262995235178428e-05
	iters: 100, epoch: 103 | loss: 0.2075034
	speed: 0.0753s/iter; left time: 2436.2950s
Epoch: 103 cost time: 4.636672735214233
Epoch: 103, Steps: 164 | Train Loss: 0.2285361 Vali Loss: 0.3403687 Test Loss: 0.3153985
EarlyStopping counter: 2 out of 20
Updating learning rate to 9.228429224099449e-05
	iters: 100, epoch: 104 | loss: 0.2105177
	speed: 0.0756s/iter; left time: 2435.3267s
Epoch: 104 cost time: 4.7270379066467285
Epoch: 104, Steps: 164 | Train Loss: 0.2259080 Vali Loss: 0.3396986 Test Loss: 0.3195606
Validation loss decreased (0.339727 --> 0.339699).  Saving model ...
Updating learning rate to 9.19313869686783e-05
	iters: 100, epoch: 105 | loss: 0.2382568
	speed: 0.0755s/iter; left time: 2420.2788s
Epoch: 105 cost time: 4.607424736022949
Epoch: 105, Steps: 164 | Train Loss: 0.2256165 Vali Loss: 0.3339772 Test Loss: 0.3146898
Validation loss decreased (0.339699 --> 0.333977).  Saving model ...
Updating learning rate to 9.157129700333739e-05
	iters: 100, epoch: 106 | loss: 0.2294081
	speed: 0.0754s/iter; left time: 2403.1538s
Epoch: 106 cost time: 4.628080606460571
Epoch: 106, Steps: 164 | Train Loss: 0.2243183 Vali Loss: 0.3314633 Test Loss: 0.3105496
Validation loss decreased (0.333977 --> 0.331463).  Saving model ...
Updating learning rate to 9.120408404453354e-05
	iters: 100, epoch: 107 | loss: 0.2162567
	speed: 0.0759s/iter; left time: 2408.7005s
Epoch: 107 cost time: 4.6075685024261475
Epoch: 107, Steps: 164 | Train Loss: 0.2226842 Vali Loss: 0.3347352 Test Loss: 0.3138695
EarlyStopping counter: 1 out of 20
Updating learning rate to 9.082981101231683e-05
	iters: 100, epoch: 108 | loss: 0.2142961
	speed: 0.0730s/iter; left time: 2303.9924s
Epoch: 108 cost time: 4.435587644577026
Epoch: 108, Steps: 164 | Train Loss: 0.2219614 Vali Loss: 0.3288538 Test Loss: 0.3041243
Validation loss decreased (0.331463 --> 0.328854).  Saving model ...
Updating learning rate to 9.044854203644458e-05
	iters: 100, epoch: 109 | loss: 0.2246703
	speed: 0.0742s/iter; left time: 2329.4000s
Epoch: 109 cost time: 4.619790315628052
Epoch: 109, Steps: 164 | Train Loss: 0.2221790 Vali Loss: 0.3280556 Test Loss: 0.3105868
Validation loss decreased (0.328854 --> 0.328056).  Saving model ...
Updating learning rate to 9.006034244539301e-05
	iters: 100, epoch: 110 | loss: 0.2415567
	speed: 0.0782s/iter; left time: 2440.8828s
Epoch: 110 cost time: 4.605000019073486
Epoch: 110, Steps: 164 | Train Loss: 0.2186869 Vali Loss: 0.3272744 Test Loss: 0.3026353
Validation loss decreased (0.328056 --> 0.327274).  Saving model ...
Updating learning rate to 8.966527875516361e-05
	iters: 100, epoch: 111 | loss: 0.2414668
	speed: 0.0737s/iter; left time: 2289.9333s
Epoch: 111 cost time: 4.596810340881348
Epoch: 111, Steps: 164 | Train Loss: 0.2192676 Vali Loss: 0.3306848 Test Loss: 0.3063938
EarlyStopping counter: 1 out of 20
Updating learning rate to 8.926341865788587e-05
	iters: 100, epoch: 112 | loss: 0.2257262
	speed: 0.0741s/iter; left time: 2290.4458s
Epoch: 112 cost time: 4.478599309921265
Epoch: 112, Steps: 164 | Train Loss: 0.2164646 Vali Loss: 0.3268888 Test Loss: 0.3038254
Validation loss decreased (0.327274 --> 0.326889).  Saving model ...
Updating learning rate to 8.885483101021873e-05
	iters: 100, epoch: 113 | loss: 0.2148537
	speed: 0.0704s/iter; left time: 2164.5409s
Epoch: 113 cost time: 4.286857604980469
Epoch: 113, Steps: 164 | Train Loss: 0.2189359 Vali Loss: 0.3237898 Test Loss: 0.2992081
Validation loss decreased (0.326889 --> 0.323790).  Saving model ...
Updating learning rate to 8.843958582155217e-05
	iters: 100, epoch: 114 | loss: 0.2230900
	speed: 0.0743s/iter; left time: 2270.6862s
Epoch: 114 cost time: 4.68212628364563
Epoch: 114, Steps: 164 | Train Loss: 0.2144985 Vali Loss: 0.3257717 Test Loss: 0.3062661
EarlyStopping counter: 1 out of 20
Updating learning rate to 8.801775424201159e-05
	iters: 100, epoch: 115 | loss: 0.1994067
	speed: 0.0766s/iter; left time: 2328.8485s
Epoch: 115 cost time: 4.650453329086304
Epoch: 115, Steps: 164 | Train Loss: 0.2142404 Vali Loss: 0.3227933 Test Loss: 0.2930519
Validation loss decreased (0.323790 --> 0.322793).  Saving model ...
Updating learning rate to 8.758940855026653e-05
	iters: 100, epoch: 116 | loss: 0.2026845
	speed: 0.0747s/iter; left time: 2259.6006s
Epoch: 116 cost time: 4.570988178253174
Epoch: 116, Steps: 164 | Train Loss: 0.2117266 Vali Loss: 0.3231194 Test Loss: 0.2973363
EarlyStopping counter: 1 out of 20
Updating learning rate to 8.715462214114616e-05
	iters: 100, epoch: 117 | loss: 0.2292981
	speed: 0.0765s/iter; left time: 2301.1918s
Epoch: 117 cost time: 4.715933799743652
Epoch: 117, Steps: 164 | Train Loss: 0.2123794 Vali Loss: 0.3209600 Test Loss: 0.2963083
Validation loss decreased (0.322793 --> 0.320960).  Saving model ...
Updating learning rate to 8.671346951306339e-05
	iters: 100, epoch: 118 | loss: 0.2364797
	speed: 0.0768s/iter; left time: 2295.8627s
Epoch: 118 cost time: 4.681244134902954
Epoch: 118, Steps: 164 | Train Loss: 0.2128352 Vali Loss: 0.3282030 Test Loss: 0.3047205
EarlyStopping counter: 1 out of 20
Updating learning rate to 8.626602625525e-05
	iters: 100, epoch: 119 | loss: 0.2095486
	speed: 0.0767s/iter; left time: 2281.5806s
Epoch: 119 cost time: 4.55029296875
Epoch: 119, Steps: 164 | Train Loss: 0.2101556 Vali Loss: 0.3125699 Test Loss: 0.2822984
Validation loss decreased (0.320960 --> 0.312570).  Saving model ...
Updating learning rate to 8.581236903480475e-05
	iters: 100, epoch: 120 | loss: 0.2046145
	speed: 0.0737s/iter; left time: 2180.4224s
Epoch: 120 cost time: 4.607146739959717
Epoch: 120, Steps: 164 | Train Loss: 0.2096220 Vali Loss: 0.3202434 Test Loss: 0.3012322
EarlyStopping counter: 1 out of 20
Updating learning rate to 8.535257558355692e-05
	iters: 100, epoch: 121 | loss: 0.1997565
	speed: 0.0754s/iter; left time: 2219.5528s
Epoch: 121 cost time: 4.678442001342773
Epoch: 121, Steps: 164 | Train Loss: 0.2072691 Vali Loss: 0.3123465 Test Loss: 0.2852693
Validation loss decreased (0.312570 --> 0.312346).  Saving model ...
Updating learning rate to 8.488672468474739e-05
	iters: 100, epoch: 122 | loss: 0.2183434
	speed: 0.0747s/iter; left time: 2184.7739s
Epoch: 122 cost time: 4.72480845451355
Epoch: 122, Steps: 164 | Train Loss: 0.2094820 Vali Loss: 0.3307633 Test Loss: 0.3057279
EarlyStopping counter: 1 out of 20
Updating learning rate to 8.441489615952945e-05
	iters: 100, epoch: 123 | loss: 0.2259689
	speed: 0.0748s/iter; left time: 2176.0888s
Epoch: 123 cost time: 4.701722621917725
Epoch: 123, Steps: 164 | Train Loss: 0.2073793 Vali Loss: 0.3152365 Test Loss: 0.2882762
EarlyStopping counter: 2 out of 20
Updating learning rate to 8.393717085329192e-05
	iters: 100, epoch: 124 | loss: 0.2183812
	speed: 0.0747s/iter; left time: 2161.6246s
Epoch: 124 cost time: 4.565196752548218
Epoch: 124, Steps: 164 | Train Loss: 0.2062307 Vali Loss: 0.3199537 Test Loss: 0.2954463
EarlyStopping counter: 3 out of 20
Updating learning rate to 8.345363062180668e-05
	iters: 100, epoch: 125 | loss: 0.1951480
	speed: 0.0755s/iter; left time: 2171.7717s
Epoch: 125 cost time: 4.634449005126953
Epoch: 125, Steps: 164 | Train Loss: 0.2049297 Vali Loss: 0.3097391 Test Loss: 0.2814175
Validation loss decreased (0.312346 --> 0.309739).  Saving model ...
Updating learning rate to 8.29643583172031e-05
	iters: 100, epoch: 126 | loss: 0.2209169
	speed: 0.0758s/iter; left time: 2168.7043s
Epoch: 126 cost time: 4.632150888442993
Epoch: 126, Steps: 164 | Train Loss: 0.2050229 Vali Loss: 0.3119560 Test Loss: 0.2807818
EarlyStopping counter: 1 out of 20
Updating learning rate to 8.246943777377184e-05
	iters: 100, epoch: 127 | loss: 0.1964022
	speed: 0.0756s/iter; left time: 2149.4211s
Epoch: 127 cost time: 4.552245378494263
Epoch: 127, Steps: 164 | Train Loss: 0.2030872 Vali Loss: 0.3058873 Test Loss: 0.2806486
Validation loss decreased (0.309739 --> 0.305887).  Saving model ...
Updating learning rate to 8.196895379360013e-05
	iters: 100, epoch: 128 | loss: 0.2065395
	speed: 0.0844s/iter; left time: 2386.9330s
Epoch: 128 cost time: 5.203241348266602
Epoch: 128, Steps: 164 | Train Loss: 0.2027907 Vali Loss: 0.3118820 Test Loss: 0.2845632
EarlyStopping counter: 1 out of 20
Updating learning rate to 8.146299213204148e-05
	iters: 100, epoch: 129 | loss: 0.1903800
	speed: 0.0789s/iter; left time: 2219.1145s
Epoch: 129 cost time: 4.4832727909088135
Epoch: 129, Steps: 164 | Train Loss: 0.2022158 Vali Loss: 0.3090875 Test Loss: 0.2864303
EarlyStopping counter: 2 out of 20
Updating learning rate to 8.09516394830219e-05
	iters: 100, epoch: 130 | loss: 0.1967061
	speed: 0.0750s/iter; left time: 2095.3517s
Epoch: 130 cost time: 4.487335205078125
Epoch: 130, Steps: 164 | Train Loss: 0.2012178 Vali Loss: 0.3102224 Test Loss: 0.2884228
EarlyStopping counter: 3 out of 20
Updating learning rate to 8.043498346418536e-05
	iters: 100, epoch: 131 | loss: 0.2043147
	speed: 0.0745s/iter; left time: 2069.1045s
Epoch: 131 cost time: 4.633384466171265
Epoch: 131, Steps: 164 | Train Loss: 0.1998937 Vali Loss: 0.3071750 Test Loss: 0.2808460
EarlyStopping counter: 4 out of 20
Updating learning rate to 7.991311260188092e-05
	iters: 100, epoch: 132 | loss: 0.1933243
	speed: 0.0765s/iter; left time: 2112.5545s
Epoch: 132 cost time: 4.736945629119873
Epoch: 132, Steps: 164 | Train Loss: 0.1997930 Vali Loss: 0.3041104 Test Loss: 0.2805415
Validation loss decreased (0.305887 --> 0.304110).  Saving model ...
Updating learning rate to 7.938611631599423e-05
	iters: 100, epoch: 133 | loss: 0.1798773
	speed: 0.0729s/iter; left time: 2001.0523s
Epoch: 133 cost time: 4.0046141147613525
Epoch: 133, Steps: 164 | Train Loss: 0.1982033 Vali Loss: 0.3018274 Test Loss: 0.2731152
Validation loss decreased (0.304110 --> 0.301827).  Saving model ...
Updating learning rate to 7.885408490462592e-05
	iters: 100, epoch: 134 | loss: 0.1913879
	speed: 0.0698s/iter; left time: 1905.7246s
Epoch: 134 cost time: 4.410208225250244
Epoch: 134, Steps: 164 | Train Loss: 0.1980909 Vali Loss: 0.3062842 Test Loss: 0.2807645
EarlyStopping counter: 1 out of 20
Updating learning rate to 7.831710952861941e-05
	iters: 100, epoch: 135 | loss: 0.1953627
	speed: 0.0698s/iter; left time: 1894.3821s
Epoch: 135 cost time: 4.057883977890015
Epoch: 135, Steps: 164 | Train Loss: 0.1967388 Vali Loss: 0.3040904 Test Loss: 0.2729495
EarlyStopping counter: 2 out of 20
Updating learning rate to 7.777528219594102e-05
	iters: 100, epoch: 136 | loss: 0.2009017
	speed: 0.0721s/iter; left time: 1943.1034s
Epoch: 136 cost time: 4.563113212585449
Epoch: 136, Steps: 164 | Train Loss: 0.1970375 Vali Loss: 0.3111409 Test Loss: 0.2795742
EarlyStopping counter: 3 out of 20
Updating learning rate to 7.722869574591485e-05
	iters: 100, epoch: 137 | loss: 0.2080164
	speed: 0.0731s/iter; left time: 1957.8365s
Epoch: 137 cost time: 4.491815090179443
Epoch: 137, Steps: 164 | Train Loss: 0.1961089 Vali Loss: 0.3028896 Test Loss: 0.2744327
EarlyStopping counter: 4 out of 20
Updating learning rate to 7.667744383331531e-05
	iters: 100, epoch: 138 | loss: 0.2003126
	speed: 0.0748s/iter; left time: 1991.1693s
Epoch: 138 cost time: 4.620225667953491
Epoch: 138, Steps: 164 | Train Loss: 0.1952705 Vali Loss: 0.2992371 Test Loss: 0.2677492
Validation loss decreased (0.301827 --> 0.299237).  Saving model ...
Updating learning rate to 7.612162091231975e-05
	iters: 100, epoch: 139 | loss: 0.1811420
	speed: 0.0772s/iter; left time: 2042.8516s
Epoch: 139 cost time: 4.523356914520264
Epoch: 139, Steps: 164 | Train Loss: 0.1950479 Vali Loss: 0.3022763 Test Loss: 0.2712512
EarlyStopping counter: 1 out of 20
Updating learning rate to 7.556132222032432e-05
	iters: 100, epoch: 140 | loss: 0.1977464
	speed: 0.0691s/iter; left time: 1817.7423s
Epoch: 140 cost time: 4.290600061416626
Epoch: 140, Steps: 164 | Train Loss: 0.1960740 Vali Loss: 0.3014504 Test Loss: 0.2742072
EarlyStopping counter: 2 out of 20
Updating learning rate to 7.499664376162545e-05
	iters: 100, epoch: 141 | loss: 0.2080844
	speed: 0.0752s/iter; left time: 1965.3968s
Epoch: 141 cost time: 4.807066440582275
Epoch: 141, Steps: 164 | Train Loss: 0.1928379 Vali Loss: 0.2979907 Test Loss: 0.2683177
Validation loss decreased (0.299237 --> 0.297991).  Saving model ...
Updating learning rate to 7.442768229097006e-05
	iters: 100, epoch: 142 | loss: 0.1786860
	speed: 0.0756s/iter; left time: 1965.1028s
Epoch: 142 cost time: 4.576828241348267
Epoch: 142, Steps: 164 | Train Loss: 0.1925165 Vali Loss: 0.2995034 Test Loss: 0.2721173
EarlyStopping counter: 1 out of 20
Updating learning rate to 7.385453529697714e-05
	iters: 100, epoch: 143 | loss: 0.1862908
	speed: 0.0736s/iter; left time: 1900.4401s
Epoch: 143 cost time: 4.602794885635376
Epoch: 143, Steps: 164 | Train Loss: 0.1927198 Vali Loss: 0.2929913 Test Loss: 0.2683918
Validation loss decreased (0.297991 --> 0.292991).  Saving model ...
Updating learning rate to 7.327730098543354e-05
	iters: 100, epoch: 144 | loss: 0.1975976
	speed: 0.0764s/iter; left time: 1958.8669s
Epoch: 144 cost time: 4.642857074737549
Epoch: 144, Steps: 164 | Train Loss: 0.1912699 Vali Loss: 0.2999834 Test Loss: 0.2660381
EarlyStopping counter: 1 out of 20
Updating learning rate to 7.269607826246692e-05
	iters: 100, epoch: 145 | loss: 0.2019408
	speed: 0.0748s/iter; left time: 1907.1626s
Epoch: 145 cost time: 4.739187717437744
Epoch: 145, Steps: 164 | Train Loss: 0.1926200 Vali Loss: 0.2963074 Test Loss: 0.2721555
EarlyStopping counter: 2 out of 20
Updating learning rate to 7.211096671759874e-05
	iters: 100, epoch: 146 | loss: 0.1924920
	speed: 0.0768s/iter; left time: 1944.1979s
Epoch: 146 cost time: 4.831974983215332
Epoch: 146, Steps: 164 | Train Loss: 0.1899892 Vali Loss: 0.3051427 Test Loss: 0.2797044
EarlyStopping counter: 3 out of 20
Updating learning rate to 7.152206660668005e-05
	iters: 100, epoch: 147 | loss: 0.1978855
	speed: 0.0777s/iter; left time: 1953.6707s
Epoch: 147 cost time: 4.7075111865997314
Epoch: 147, Steps: 164 | Train Loss: 0.1903560 Vali Loss: 0.2998855 Test Loss: 0.2796042
EarlyStopping counter: 4 out of 20
Updating learning rate to 7.092947883471316e-05
	iters: 100, epoch: 148 | loss: 0.1827402
	speed: 0.0876s/iter; left time: 2188.9728s
Epoch: 148 cost time: 5.147609233856201
Epoch: 148, Steps: 164 | Train Loss: 0.1893923 Vali Loss: 0.2903254 Test Loss: 0.2650895
Validation loss decreased (0.292991 --> 0.290325).  Saving model ...
Updating learning rate to 7.033330493856215e-05
	iters: 100, epoch: 149 | loss: 0.1985559
	speed: 0.0755s/iter; left time: 1875.4165s
Epoch: 149 cost time: 4.543878078460693
Epoch: 149, Steps: 164 | Train Loss: 0.1879324 Vali Loss: 0.2997141 Test Loss: 0.2707258
EarlyStopping counter: 1 out of 20
Updating learning rate to 6.973364706955505e-05
	iters: 100, epoch: 150 | loss: 0.1861556
	speed: 0.0758s/iter; left time: 1870.5331s
Epoch: 150 cost time: 4.749223947525024
Epoch: 150, Steps: 164 | Train Loss: 0.1879305 Vali Loss: 0.2900689 Test Loss: 0.2591359
Validation loss decreased (0.290325 --> 0.290069).  Saving model ...
Updating learning rate to 6.913060797598062e-05
	iters: 100, epoch: 151 | loss: 0.1949406
	speed: 0.0764s/iter; left time: 1872.0155s
Epoch: 151 cost time: 4.661696910858154
Epoch: 151, Steps: 164 | Train Loss: 0.1872492 Vali Loss: 0.2932181 Test Loss: 0.2642691
EarlyStopping counter: 1 out of 20
Updating learning rate to 6.852429098548313e-05
	iters: 100, epoch: 152 | loss: 0.1827906
	speed: 0.0750s/iter; left time: 1826.2994s
Epoch: 152 cost time: 4.651575326919556
Epoch: 152, Steps: 164 | Train Loss: 0.1866841 Vali Loss: 0.2999289 Test Loss: 0.2785680
EarlyStopping counter: 2 out of 20
Updating learning rate to 6.791479998735757e-05
	iters: 100, epoch: 153 | loss: 0.1937918
	speed: 0.0737s/iter; left time: 1781.7776s
Epoch: 153 cost time: 4.379408121109009
Epoch: 153, Steps: 164 | Train Loss: 0.1871123 Vali Loss: 0.2958550 Test Loss: 0.2693853
EarlyStopping counter: 3 out of 20
Updating learning rate to 6.730223941474878e-05
	iters: 100, epoch: 154 | loss: 0.1928163
	speed: 0.0730s/iter; left time: 1753.5317s
Epoch: 154 cost time: 4.617825746536255
Epoch: 154, Steps: 164 | Train Loss: 0.1863870 Vali Loss: 0.2929778 Test Loss: 0.2653268
EarlyStopping counter: 4 out of 20
Updating learning rate to 6.668671422675741e-05
	iters: 100, epoch: 155 | loss: 0.1730719
	speed: 0.0751s/iter; left time: 1791.6368s
Epoch: 155 cost time: 4.601976156234741
Epoch: 155, Steps: 164 | Train Loss: 0.1854797 Vali Loss: 0.2915869 Test Loss: 0.2648821
EarlyStopping counter: 5 out of 20
Updating learning rate to 6.60683298904557e-05
	iters: 100, epoch: 156 | loss: 0.1822793
	speed: 0.0802s/iter; left time: 1899.5162s
Epoch: 156 cost time: 5.206712961196899
Epoch: 156, Steps: 164 | Train Loss: 0.1852320 Vali Loss: 0.2865756 Test Loss: 0.2571955
Validation loss decreased (0.290069 --> 0.286576).  Saving model ...
Updating learning rate to 6.54471923628162e-05
	iters: 100, epoch: 157 | loss: 0.1796470
	speed: 0.0834s/iter; left time: 1962.3565s
Epoch: 157 cost time: 4.743190050125122
Epoch: 157, Steps: 164 | Train Loss: 0.1840134 Vali Loss: 0.2890307 Test Loss: 0.2586283
EarlyStopping counter: 1 out of 20
Updating learning rate to 6.48234080725567e-05
	iters: 100, epoch: 158 | loss: 0.1960183
	speed: 0.0755s/iter; left time: 1763.6082s
Epoch: 158 cost time: 4.656706809997559
Epoch: 158, Steps: 164 | Train Loss: 0.1835101 Vali Loss: 0.2946990 Test Loss: 0.2627548
EarlyStopping counter: 2 out of 20
Updating learning rate to 6.419708390190402e-05
	iters: 100, epoch: 159 | loss: 0.1901531
	speed: 0.0748s/iter; left time: 1734.3180s
Epoch: 159 cost time: 4.147397518157959
Epoch: 159, Steps: 164 | Train Loss: 0.1832041 Vali Loss: 0.2885695 Test Loss: 0.2584691
EarlyStopping counter: 3 out of 20
Updating learning rate to 6.356832716828053e-05
	iters: 100, epoch: 160 | loss: 0.1759990
	speed: 0.0706s/iter; left time: 1626.3449s
Epoch: 160 cost time: 4.633899450302124
Epoch: 160, Steps: 164 | Train Loss: 0.1818926 Vali Loss: 0.2859365 Test Loss: 0.2587518
Validation loss decreased (0.286576 --> 0.285937).  Saving model ...
Updating learning rate to 6.293724560591565e-05
	iters: 100, epoch: 161 | loss: 0.1778325
	speed: 0.0746s/iter; left time: 1705.5195s
Epoch: 161 cost time: 4.445637941360474
Epoch: 161, Steps: 164 | Train Loss: 0.1823673 Vali Loss: 0.2854860 Test Loss: 0.2578047
Validation loss decreased (0.285937 --> 0.285486).  Saving model ...
Updating learning rate to 6.230394734738629e-05
	iters: 100, epoch: 162 | loss: 0.1761734
	speed: 0.0751s/iter; left time: 1703.4302s
Epoch: 162 cost time: 4.7376625537872314
Epoch: 162, Steps: 164 | Train Loss: 0.1812771 Vali Loss: 0.2890683 Test Loss: 0.2620490
EarlyStopping counter: 1 out of 20
Updating learning rate to 6.166854090508882e-05
	iters: 100, epoch: 163 | loss: 0.1848230
	speed: 0.0750s/iter; left time: 1689.7951s
Epoch: 163 cost time: 4.60649037361145
Epoch: 163, Steps: 164 | Train Loss: 0.1811901 Vali Loss: 0.2831446 Test Loss: 0.2525055
Validation loss decreased (0.285486 --> 0.283145).  Saving model ...
Updating learning rate to 6.103113515264605e-05
	iters: 100, epoch: 164 | loss: 0.1727124
	speed: 0.0736s/iter; left time: 1647.2294s
Epoch: 164 cost time: 4.602441310882568
Epoch: 164, Steps: 164 | Train Loss: 0.1812621 Vali Loss: 0.2873067 Test Loss: 0.2613882
EarlyStopping counter: 1 out of 20
Updating learning rate to 6.0391839306252284e-05
	iters: 100, epoch: 165 | loss: 0.1723323
	speed: 0.0753s/iter; left time: 1671.0795s
Epoch: 165 cost time: 4.704198122024536
Epoch: 165, Steps: 164 | Train Loss: 0.1801425 Vali Loss: 0.2841723 Test Loss: 0.2589559
EarlyStopping counter: 2 out of 20
Updating learning rate to 5.97507629059597e-05
	iters: 100, epoch: 166 | loss: 0.1926261
	speed: 0.0761s/iter; left time: 1677.7043s
Epoch: 166 cost time: 4.679309606552124
Epoch: 166, Steps: 164 | Train Loss: 0.1808508 Vali Loss: 0.2870896 Test Loss: 0.2559797
EarlyStopping counter: 3 out of 20
Updating learning rate to 5.91080157969092e-05
	iters: 100, epoch: 167 | loss: 0.1842891
	speed: 0.0763s/iter; left time: 1668.4952s
Epoch: 167 cost time: 4.785361051559448
Epoch: 167, Steps: 164 | Train Loss: 0.1788786 Vali Loss: 0.2841246 Test Loss: 0.2561861
EarlyStopping counter: 4 out of 20
Updating learning rate to 5.846370811050908e-05
	iters: 100, epoch: 168 | loss: 0.1714632
	speed: 0.0744s/iter; left time: 1615.8037s
Epoch: 168 cost time: 4.525609254837036
Epoch: 168, Steps: 164 | Train Loss: 0.1792443 Vali Loss: 0.2823843 Test Loss: 0.2544403
Validation loss decreased (0.283145 --> 0.282384).  Saving model ...
Updating learning rate to 5.7817950245564485e-05
	iters: 100, epoch: 169 | loss: 0.1772768
	speed: 0.0736s/iter; left time: 1585.8954s
Epoch: 169 cost time: 4.421938180923462
Epoch: 169, Steps: 164 | Train Loss: 0.1793460 Vali Loss: 0.2820898 Test Loss: 0.2547040
Validation loss decreased (0.282384 --> 0.282090).  Saving model ...
Updating learning rate to 5.71708528493612e-05
	iters: 100, epoch: 170 | loss: 0.1864950
	speed: 0.0748s/iter; left time: 1598.7621s
Epoch: 170 cost time: 4.681236505508423
Epoch: 170, Steps: 164 | Train Loss: 0.1791528 Vali Loss: 0.2781903 Test Loss: 0.2473143
Validation loss decreased (0.282090 --> 0.278190).  Saving model ...
Updating learning rate to 5.652252679870678e-05
	iters: 100, epoch: 171 | loss: 0.1786939
	speed: 0.0801s/iter; left time: 1699.8497s
Epoch: 171 cost time: 4.575241565704346
Epoch: 171, Steps: 164 | Train Loss: 0.1770638 Vali Loss: 0.2856538 Test Loss: 0.2552096
EarlyStopping counter: 1 out of 20
Updating learning rate to 5.5873083180932443e-05
	iters: 100, epoch: 172 | loss: 0.1794461
	speed: 0.0830s/iter; left time: 1746.8330s
Epoch: 172 cost time: 5.106273651123047
Epoch: 172, Steps: 164 | Train Loss: 0.1770544 Vali Loss: 0.2820589 Test Loss: 0.2556467
EarlyStopping counter: 2 out of 20
Updating learning rate to 5.522263327485874e-05
	iters: 100, epoch: 173 | loss: 0.1739687
	speed: 0.0733s/iter; left time: 1531.4923s
Epoch: 173 cost time: 4.484813690185547
Epoch: 173, Steps: 164 | Train Loss: 0.1772004 Vali Loss: 0.2821486 Test Loss: 0.2525069
EarlyStopping counter: 3 out of 20
Updating learning rate to 5.457128853172854e-05
	iters: 100, epoch: 174 | loss: 0.1638460
	speed: 0.0766s/iter; left time: 1587.8697s
Epoch: 174 cost time: 4.6905741691589355
Epoch: 174, Steps: 164 | Train Loss: 0.1776700 Vali Loss: 0.2884996 Test Loss: 0.2609600
EarlyStopping counter: 4 out of 20
Updating learning rate to 5.391916055611047e-05
	iters: 100, epoch: 175 | loss: 0.1765334
	speed: 0.0728s/iter; left time: 1497.7858s
Epoch: 175 cost time: 4.516268014907837
Epoch: 175, Steps: 164 | Train Loss: 0.1764755 Vali Loss: 0.2809669 Test Loss: 0.2529293
EarlyStopping counter: 5 out of 20
Updating learning rate to 5.3266361086775966e-05
	iters: 100, epoch: 176 | loss: 0.1700487
	speed: 0.0763s/iter; left time: 1555.9986s
Epoch: 176 cost time: 4.681962013244629
Epoch: 176, Steps: 164 | Train Loss: 0.1769602 Vali Loss: 0.2793536 Test Loss: 0.2501469
EarlyStopping counter: 6 out of 20
Updating learning rate to 5.26130019775535e-05
	iters: 100, epoch: 177 | loss: 0.1694799
	speed: 0.0797s/iter; left time: 1612.2336s
Epoch: 177 cost time: 5.016441822052002
Epoch: 177, Steps: 164 | Train Loss: 0.1762979 Vali Loss: 0.2797743 Test Loss: 0.2524699
EarlyStopping counter: 7 out of 20
Updating learning rate to 5.19591951781629e-05
	iters: 100, epoch: 178 | loss: 0.1772197
	speed: 0.0783s/iter; left time: 1572.6337s
Epoch: 178 cost time: 4.7317445278167725
Epoch: 178, Steps: 164 | Train Loss: 0.1757687 Vali Loss: 0.2825954 Test Loss: 0.2492454
EarlyStopping counter: 8 out of 20
Updating learning rate to 5.130505271503346e-05
	iters: 100, epoch: 179 | loss: 0.1651195
	speed: 0.0786s/iter; left time: 1564.4347s
Epoch: 179 cost time: 4.867578744888306
Epoch: 179, Steps: 164 | Train Loss: 0.1749181 Vali Loss: 0.2804319 Test Loss: 0.2515406
EarlyStopping counter: 9 out of 20
Updating learning rate to 5.065068667210872e-05
	iters: 100, epoch: 180 | loss: 0.1766827
	speed: 0.0755s/iter; left time: 1490.0222s
Epoch: 180 cost time: 4.5989158153533936
Epoch: 180, Steps: 164 | Train Loss: 0.1749002 Vali Loss: 0.2797330 Test Loss: 0.2515725
EarlyStopping counter: 10 out of 20
Updating learning rate to 4.9996209171641413e-05
	iters: 100, epoch: 181 | loss: 0.1719497
	speed: 0.0757s/iter; left time: 1481.7950s
Epoch: 181 cost time: 4.68788480758667
Epoch: 181, Steps: 164 | Train Loss: 0.1742095 Vali Loss: 0.2764210 Test Loss: 0.2462475
Validation loss decreased (0.278190 --> 0.276421).  Saving model ...
Updating learning rate to 4.934173235498201e-05
	iters: 100, epoch: 182 | loss: 0.1609115
	speed: 0.0750s/iter; left time: 1455.9285s
Epoch: 182 cost time: 4.668073892593384
Epoch: 182, Steps: 164 | Train Loss: 0.1731361 Vali Loss: 0.2782284 Test Loss: 0.2521678
EarlyStopping counter: 1 out of 20
Updating learning rate to 4.868736836336377e-05
	iters: 100, epoch: 183 | loss: 0.1666204
	speed: 0.0749s/iter; left time: 1441.5378s
Epoch: 183 cost time: 4.668353796005249
Epoch: 183, Steps: 164 | Train Loss: 0.1742172 Vali Loss: 0.2761806 Test Loss: 0.2464594
Validation loss decreased (0.276421 --> 0.276181).  Saving model ...
Updating learning rate to 4.803322931868798e-05
	iters: 100, epoch: 184 | loss: 0.1668262
	speed: 0.0748s/iter; left time: 1428.3231s
Epoch: 184 cost time: 4.718540191650391
Epoch: 184, Steps: 164 | Train Loss: 0.1734178 Vali Loss: 0.2774718 Test Loss: 0.2469960
EarlyStopping counter: 1 out of 20
Updating learning rate to 4.737942730431246e-05
	iters: 100, epoch: 185 | loss: 0.1722887
	speed: 0.0765s/iter; left time: 1448.2041s
Epoch: 185 cost time: 4.589022397994995
Epoch: 185, Steps: 164 | Train Loss: 0.1736462 Vali Loss: 0.2766437 Test Loss: 0.2484814
EarlyStopping counter: 2 out of 20
Updating learning rate to 4.6726074345846577e-05
	iters: 100, epoch: 186 | loss: 0.1740409
	speed: 0.0748s/iter; left time: 1403.5417s
Epoch: 186 cost time: 4.5561230182647705
Epoch: 186, Steps: 164 | Train Loss: 0.1724029 Vali Loss: 0.2790844 Test Loss: 0.2498477
EarlyStopping counter: 3 out of 20
Updating learning rate to 4.607328239195627e-05
	iters: 100, epoch: 187 | loss: 0.1837060
	speed: 0.0739s/iter; left time: 1374.9447s
Epoch: 187 cost time: 4.658246040344238
Epoch: 187, Steps: 164 | Train Loss: 0.1732011 Vali Loss: 0.2743316 Test Loss: 0.2446687
Validation loss decreased (0.276181 --> 0.274332).  Saving model ...
Updating learning rate to 4.542116329518229e-05
	iters: 100, epoch: 188 | loss: 0.1645632
	speed: 0.0873s/iter; left time: 1608.2941s
Epoch: 188 cost time: 4.673315525054932
Epoch: 188, Steps: 164 | Train Loss: 0.1719824 Vali Loss: 0.2749748 Test Loss: 0.2443726
EarlyStopping counter: 1 out of 20
Updating learning rate to 4.476982879277472e-05
	iters: 100, epoch: 189 | loss: 0.1690040
	speed: 0.0764s/iter; left time: 1395.0654s
Epoch: 189 cost time: 4.629744052886963
Epoch: 189, Steps: 164 | Train Loss: 0.1715356 Vali Loss: 0.2777461 Test Loss: 0.2477344
EarlyStopping counter: 2 out of 20
Updating learning rate to 4.4119390487547505e-05
	iters: 100, epoch: 190 | loss: 0.1695252
	speed: 0.0743s/iter; left time: 1346.0166s
Epoch: 190 cost time: 4.576126337051392
Epoch: 190, Steps: 164 | Train Loss: 0.1714154 Vali Loss: 0.2780580 Test Loss: 0.2480559
EarlyStopping counter: 3 out of 20
Updating learning rate to 4.346995982875573e-05
	iters: 100, epoch: 191 | loss: 0.1786693
	speed: 0.0740s/iter; left time: 1328.0878s
Epoch: 191 cost time: 4.387115001678467
Epoch: 191, Steps: 164 | Train Loss: 0.1708128 Vali Loss: 0.2766604 Test Loss: 0.2471886
EarlyStopping counter: 4 out of 20
Updating learning rate to 4.282164809299954e-05
	iters: 100, epoch: 192 | loss: 0.1683591
	speed: 0.0717s/iter; left time: 1275.3602s
Epoch: 192 cost time: 4.403194904327393
Epoch: 192, Steps: 164 | Train Loss: 0.1706673 Vali Loss: 0.2753190 Test Loss: 0.2437292
EarlyStopping counter: 5 out of 20
Updating learning rate to 4.217456636515734e-05
	iters: 100, epoch: 193 | loss: 0.1667625
	speed: 0.0713s/iter; left time: 1256.1516s
Epoch: 193 cost time: 4.40623664855957
Epoch: 193, Steps: 164 | Train Loss: 0.1706459 Vali Loss: 0.2737797 Test Loss: 0.2432849
Validation loss decreased (0.274332 --> 0.273780).  Saving model ...
Updating learning rate to 4.152882551935198e-05
	iters: 100, epoch: 194 | loss: 0.1621894
	speed: 0.0714s/iter; left time: 1245.7028s
Epoch: 194 cost time: 4.307690858840942
Epoch: 194, Steps: 164 | Train Loss: 0.1712761 Vali Loss: 0.2713574 Test Loss: 0.2422164
Validation loss decreased (0.273780 --> 0.271357).  Saving model ...
Updating learning rate to 4.088453619995314e-05
	iters: 100, epoch: 195 | loss: 0.1809659
	speed: 0.0757s/iter; left time: 1308.7019s
Epoch: 195 cost time: 4.882355451583862
Epoch: 195, Steps: 164 | Train Loss: 0.1702694 Vali Loss: 0.2775241 Test Loss: 0.2476726
EarlyStopping counter: 1 out of 20
Updating learning rate to 4.024180880261887e-05
	iters: 100, epoch: 196 | loss: 0.1704177
	speed: 0.0764s/iter; left time: 1308.1714s
Epoch: 196 cost time: 4.689114093780518
Epoch: 196, Steps: 164 | Train Loss: 0.1708924 Vali Loss: 0.2762962 Test Loss: 0.2492478
EarlyStopping counter: 2 out of 20
Updating learning rate to 3.960075345537994e-05
	iters: 100, epoch: 197 | loss: 0.1829368
	speed: 0.0746s/iter; left time: 1265.6964s
Epoch: 197 cost time: 4.613783597946167
Epoch: 197, Steps: 164 | Train Loss: 0.1695436 Vali Loss: 0.2739022 Test Loss: 0.2437859
EarlyStopping counter: 3 out of 20
Updating learning rate to 3.896147999976992e-05
	iters: 100, epoch: 198 | loss: 0.1748792
	speed: 0.0775s/iter; left time: 1301.9423s
Epoch: 198 cost time: 4.784805774688721
Epoch: 198, Steps: 164 | Train Loss: 0.1692321 Vali Loss: 0.2726260 Test Loss: 0.2425531
EarlyStopping counter: 4 out of 20
Updating learning rate to 3.8324097972004445e-05
	iters: 100, epoch: 199 | loss: 0.1646698
	speed: 0.0814s/iter; left time: 1353.2979s
Epoch: 199 cost time: 4.8805060386657715
Epoch: 199, Steps: 164 | Train Loss: 0.1690081 Vali Loss: 0.2734578 Test Loss: 0.2436401
EarlyStopping counter: 5 out of 20
Updating learning rate to 3.768871658421275e-05
	iters: 100, epoch: 200 | loss: 0.1626575
	speed: 0.0778s/iter; left time: 1281.2534s
Epoch: 200 cost time: 4.6326282024383545
Epoch: 200, Steps: 164 | Train Loss: 0.1691131 Vali Loss: 0.2733957 Test Loss: 0.2432444
EarlyStopping counter: 6 out of 20
Updating learning rate to 3.705544470572467e-05
	iters: 100, epoch: 201 | loss: 0.1702888
	speed: 0.0731s/iter; left time: 1191.1842s
Epoch: 201 cost time: 4.3217058181762695
Epoch: 201, Steps: 164 | Train Loss: 0.1685938 Vali Loss: 0.2737842 Test Loss: 0.2444292
EarlyStopping counter: 7 out of 20
Updating learning rate to 3.642439084441646e-05
	iters: 100, epoch: 202 | loss: 0.1629862
	speed: 0.0740s/iter; left time: 1193.9195s
Epoch: 202 cost time: 4.548392295837402
Epoch: 202, Steps: 164 | Train Loss: 0.1679591 Vali Loss: 0.2718537 Test Loss: 0.2406769
EarlyStopping counter: 8 out of 20
Updating learning rate to 3.579566312811862e-05
	iters: 100, epoch: 203 | loss: 0.1691706
	speed: 0.0747s/iter; left time: 1193.6352s
Epoch: 203 cost time: 4.582995414733887
Epoch: 203, Steps: 164 | Train Loss: 0.1680818 Vali Loss: 0.2745741 Test Loss: 0.2457003
EarlyStopping counter: 9 out of 20
Updating learning rate to 3.516936928608861e-05
	iters: 100, epoch: 204 | loss: 0.1539562
	speed: 0.0729s/iter; left time: 1152.8702s
Epoch: 204 cost time: 4.674400329589844
Epoch: 204, Steps: 164 | Train Loss: 0.1675213 Vali Loss: 0.2713286 Test Loss: 0.2428714
Validation loss decreased (0.271357 --> 0.271329).  Saving model ...
Updating learning rate to 3.454561663055211e-05
	iters: 100, epoch: 205 | loss: 0.1572265
	speed: 0.0747s/iter; left time: 1168.0337s
Epoch: 205 cost time: 4.3937554359436035
Epoch: 205, Steps: 164 | Train Loss: 0.1673662 Vali Loss: 0.2717060 Test Loss: 0.2430660
EarlyStopping counter: 1 out of 20
Updating learning rate to 3.392451203831553e-05
	iters: 100, epoch: 206 | loss: 0.1711025
	speed: 0.0751s/iter; left time: 1163.1221s
Epoch: 206 cost time: 4.668627977371216
Epoch: 206, Steps: 164 | Train Loss: 0.1672610 Vali Loss: 0.2713280 Test Loss: 0.2411352
Validation loss decreased (0.271329 --> 0.271328).  Saving model ...
Updating learning rate to 3.330616193245333e-05
	iters: 100, epoch: 207 | loss: 0.1692209
	speed: 0.0806s/iter; left time: 1234.0662s
Epoch: 207 cost time: 4.54879093170166
Epoch: 207, Steps: 164 | Train Loss: 0.1672862 Vali Loss: 0.2739847 Test Loss: 0.2457275
EarlyStopping counter: 1 out of 20
Updating learning rate to 3.2690672264072874e-05
	iters: 100, epoch: 208 | loss: 0.1610477
	speed: 0.0727s/iter; left time: 1101.4385s
Epoch: 208 cost time: 4.645589590072632
Epoch: 208, Steps: 164 | Train Loss: 0.1671104 Vali Loss: 0.2706546 Test Loss: 0.2410661
Validation loss decreased (0.271328 --> 0.270655).  Saving model ...
Updating learning rate to 3.207814849416026e-05
	iters: 100, epoch: 209 | loss: 0.1769195
	speed: 0.0882s/iter; left time: 1322.5779s
Epoch: 209 cost time: 5.064581632614136
Epoch: 209, Steps: 164 | Train Loss: 0.1667687 Vali Loss: 0.2717370 Test Loss: 0.2415144
EarlyStopping counter: 1 out of 20
Updating learning rate to 3.146869557551021e-05
	iters: 100, epoch: 210 | loss: 0.1551944
	speed: 0.0776s/iter; left time: 1150.1490s
Epoch: 210 cost time: 4.898630857467651
Epoch: 210, Steps: 164 | Train Loss: 0.1663141 Vali Loss: 0.2695160 Test Loss: 0.2397919
Validation loss decreased (0.270655 --> 0.269516).  Saving model ...
Updating learning rate to 3.0862417934742854e-05
	iters: 100, epoch: 211 | loss: 0.1591671
	speed: 0.0771s/iter; left time: 1129.9242s
Epoch: 211 cost time: 4.742283821105957
Epoch: 211, Steps: 164 | Train Loss: 0.1666299 Vali Loss: 0.2697005 Test Loss: 0.2379007
EarlyStopping counter: 1 out of 20
Updating learning rate to 3.0259419454410807e-05
	iters: 100, epoch: 212 | loss: 0.1591754
	speed: 0.0741s/iter; left time: 1074.3850s
Epoch: 212 cost time: 4.487026691436768
Epoch: 212, Steps: 164 | Train Loss: 0.1654797 Vali Loss: 0.2694667 Test Loss: 0.2389864
Validation loss decreased (0.269516 --> 0.269467).  Saving model ...
Updating learning rate to 2.965980345519942e-05
	iters: 100, epoch: 213 | loss: 0.1644641
	speed: 0.0718s/iter; left time: 1028.4495s
Epoch: 213 cost time: 4.18218994140625
Epoch: 213, Steps: 164 | Train Loss: 0.1662480 Vali Loss: 0.2708933 Test Loss: 0.2428772
EarlyStopping counter: 1 out of 20
Updating learning rate to 2.906367267822333e-05
	iters: 100, epoch: 214 | loss: 0.1705055
	speed: 0.0671s/iter; left time: 950.3431s
Epoch: 214 cost time: 4.112546920776367
Epoch: 214, Steps: 164 | Train Loss: 0.1657769 Vali Loss: 0.2691504 Test Loss: 0.2387922
Validation loss decreased (0.269467 --> 0.269150).  Saving model ...
Updating learning rate to 2.84711292674223e-05
	iters: 100, epoch: 215 | loss: 0.1601132
	speed: 0.0727s/iter; left time: 1017.4847s
Epoch: 215 cost time: 4.750500202178955
Epoch: 215, Steps: 164 | Train Loss: 0.1657442 Vali Loss: 0.2716278 Test Loss: 0.2399665
EarlyStopping counter: 1 out of 20
Updating learning rate to 2.7882274752059356e-05
	iters: 100, epoch: 216 | loss: 0.1776134
	speed: 0.0932s/iter; left time: 1289.6224s
Epoch: 216 cost time: 5.183864116668701
Epoch: 216, Steps: 164 | Train Loss: 0.1661703 Vali Loss: 0.2697419 Test Loss: 0.2377366
EarlyStopping counter: 2 out of 20
Updating learning rate to 2.7297210029324237e-05
	iters: 100, epoch: 217 | loss: 0.1657902
	speed: 0.0858s/iter; left time: 1173.8124s
Epoch: 217 cost time: 4.776592016220093
Epoch: 217, Steps: 164 | Train Loss: 0.1651303 Vali Loss: 0.2691484 Test Loss: 0.2379132
Validation loss decreased (0.269150 --> 0.269148).  Saving model ...
Updating learning rate to 2.6716035347045284e-05
	iters: 100, epoch: 218 | loss: 0.1645643
	speed: 0.0783s/iter; left time: 1057.9970s
Epoch: 218 cost time: 4.524791240692139
Epoch: 218, Steps: 164 | Train Loss: 0.1651975 Vali Loss: 0.2679115 Test Loss: 0.2384341
Validation loss decreased (0.269148 --> 0.267911).  Saving model ...
Updating learning rate to 2.6138850286512426e-05
	iters: 100, epoch: 219 | loss: 0.1599203
	speed: 0.0757s/iter; left time: 1011.0282s
Epoch: 219 cost time: 4.891101360321045
Epoch: 219, Steps: 164 | Train Loss: 0.1651818 Vali Loss: 0.2684408 Test Loss: 0.2376458
EarlyStopping counter: 1 out of 20
Updating learning rate to 2.5565753745414387e-05
	iters: 100, epoch: 220 | loss: 0.1593094
	speed: 0.0766s/iter; left time: 1009.4520s
Epoch: 220 cost time: 4.412419319152832
Epoch: 220, Steps: 164 | Train Loss: 0.1641254 Vali Loss: 0.2683277 Test Loss: 0.2394108
EarlyStopping counter: 2 out of 20
Updating learning rate to 2.4996843920893182e-05
	iters: 100, epoch: 221 | loss: 0.1618454
	speed: 0.0734s/iter; left time: 955.6257s
Epoch: 221 cost time: 4.61706805229187
Epoch: 221, Steps: 164 | Train Loss: 0.1643781 Vali Loss: 0.2684467 Test Loss: 0.2389984
EarlyStopping counter: 3 out of 20
Updating learning rate to 2.4432218292718543e-05
	iters: 100, epoch: 222 | loss: 0.1673972
	speed: 0.0747s/iter; left time: 960.7620s
Epoch: 222 cost time: 4.493281841278076
Epoch: 222, Steps: 164 | Train Loss: 0.1642919 Vali Loss: 0.2683777 Test Loss: 0.2390926
EarlyStopping counter: 4 out of 20
Updating learning rate to 2.3871973606585095e-05
	iters: 100, epoch: 223 | loss: 0.1553961
	speed: 0.0751s/iter; left time: 953.5915s
Epoch: 223 cost time: 4.652241230010986
Epoch: 223, Steps: 164 | Train Loss: 0.1639853 Vali Loss: 0.2692876 Test Loss: 0.2390394
EarlyStopping counter: 5 out of 20
Updating learning rate to 2.3316205857535684e-05
	iters: 100, epoch: 224 | loss: 0.1596836
	speed: 0.0744s/iter; left time: 932.0356s
Epoch: 224 cost time: 4.479533910751343
Epoch: 224, Steps: 164 | Train Loss: 0.1638131 Vali Loss: 0.2668352 Test Loss: 0.2362745
Validation loss decreased (0.267911 --> 0.266835).  Saving model ...
Updating learning rate to 2.2765010273513004e-05
	iters: 100, epoch: 225 | loss: 0.1722670
	speed: 0.0746s/iter; left time: 923.0007s
Epoch: 225 cost time: 4.517109632492065
Epoch: 225, Steps: 164 | Train Loss: 0.1640893 Vali Loss: 0.2679533 Test Loss: 0.2354529
EarlyStopping counter: 1 out of 20
Updating learning rate to 2.2218481299042843e-05
	iters: 100, epoch: 226 | loss: 0.1670097
	speed: 0.0850s/iter; left time: 1037.4072s
Epoch: 226 cost time: 5.3197081089019775
Epoch: 226, Steps: 164 | Train Loss: 0.1641552 Vali Loss: 0.2694196 Test Loss: 0.2386699
EarlyStopping counter: 2 out of 20
Updating learning rate to 2.1676712579051386e-05
	iters: 100, epoch: 227 | loss: 0.1695028
	speed: 0.0911s/iter; left time: 1096.8954s
Epoch: 227 cost time: 5.384822845458984
Epoch: 227, Steps: 164 | Train Loss: 0.1631771 Vali Loss: 0.2665360 Test Loss: 0.2362853
Validation loss decreased (0.266835 --> 0.266536).  Saving model ...
Updating learning rate to 2.1139796942819803e-05
	iters: 100, epoch: 228 | loss: 0.1539222
	speed: 0.0785s/iter; left time: 932.4641s
Epoch: 228 cost time: 4.687936544418335
Epoch: 228, Steps: 164 | Train Loss: 0.1637678 Vali Loss: 0.2673537 Test Loss: 0.2355861
EarlyStopping counter: 1 out of 20
Updating learning rate to 2.0607826388078303e-05
	iters: 100, epoch: 229 | loss: 0.1670969
	speed: 0.0765s/iter; left time: 895.6391s
Epoch: 229 cost time: 4.6873228549957275
Epoch: 229, Steps: 164 | Train Loss: 0.1630279 Vali Loss: 0.2675200 Test Loss: 0.2352863
EarlyStopping counter: 2 out of 20
Updating learning rate to 2.008089206524286e-05
	iters: 100, epoch: 230 | loss: 0.1692900
	speed: 0.0767s/iter; left time: 885.5176s
Epoch: 230 cost time: 4.706338405609131
Epoch: 230, Steps: 164 | Train Loss: 0.1634260 Vali Loss: 0.2673412 Test Loss: 0.2368512
EarlyStopping counter: 3 out of 20
Updating learning rate to 1.9559084261797013e-05
	iters: 100, epoch: 231 | loss: 0.1658160
	speed: 0.0727s/iter; left time: 827.9105s
Epoch: 231 cost time: 4.022242069244385
Epoch: 231, Steps: 164 | Train Loss: 0.1630354 Vali Loss: 0.2665305 Test Loss: 0.2357356
Validation loss decreased (0.266536 --> 0.266530).  Saving model ...
Updating learning rate to 1.904249238682163e-05
	iters: 100, epoch: 232 | loss: 0.1523252
	speed: 0.0803s/iter; left time: 901.1266s
Epoch: 232 cost time: 5.150072336196899
Epoch: 232, Steps: 164 | Train Loss: 0.1623430 Vali Loss: 0.2659269 Test Loss: 0.2367857
Validation loss decreased (0.266530 --> 0.265927).  Saving model ...
Updating learning rate to 1.8531204955675037e-05
	iters: 100, epoch: 233 | loss: 0.1621609
	speed: 0.0748s/iter; left time: 826.8226s
Epoch: 233 cost time: 4.663227558135986
Epoch: 233, Steps: 164 | Train Loss: 0.1628745 Vali Loss: 0.2648478 Test Loss: 0.2342257
Validation loss decreased (0.265927 --> 0.264848).  Saving model ...
Updating learning rate to 1.802530957482646e-05
	iters: 100, epoch: 234 | loss: 0.1630513
	speed: 0.0751s/iter; left time: 817.8035s
Epoch: 234 cost time: 4.673103332519531
Epoch: 234, Steps: 164 | Train Loss: 0.1628171 Vali Loss: 0.2677892 Test Loss: 0.2388860
EarlyStopping counter: 1 out of 20
Updating learning rate to 1.7524892926845057e-05
	iters: 100, epoch: 235 | loss: 0.1548333
	speed: 0.0740s/iter; left time: 793.7653s
Epoch: 235 cost time: 4.481817960739136
Epoch: 235, Steps: 164 | Train Loss: 0.1623650 Vali Loss: 0.2662856 Test Loss: 0.2370850
EarlyStopping counter: 2 out of 20
Updating learning rate to 1.7030040755547298e-05
	iters: 100, epoch: 236 | loss: 0.1697981
	speed: 0.0730s/iter; left time: 771.4356s
Epoch: 236 cost time: 4.57570219039917
Epoch: 236, Steps: 164 | Train Loss: 0.1622268 Vali Loss: 0.2680170 Test Loss: 0.2379100
EarlyStopping counter: 3 out of 20
Updating learning rate to 1.6540837851305226e-05
	iters: 100, epoch: 237 | loss: 0.1624565
	speed: 0.0737s/iter; left time: 766.5728s
Epoch: 237 cost time: 4.5360260009765625
Epoch: 237, Steps: 164 | Train Loss: 0.1623707 Vali Loss: 0.2683315 Test Loss: 0.2373003
EarlyStopping counter: 4 out of 20
Updating learning rate to 1.6057368036518073e-05
	iters: 100, epoch: 238 | loss: 0.1604924
	speed: 0.0754s/iter; left time: 772.0747s
Epoch: 238 cost time: 4.905316352844238
Epoch: 238, Steps: 164 | Train Loss: 0.1625671 Vali Loss: 0.2655841 Test Loss: 0.2351920
EarlyStopping counter: 5 out of 20
Updating learning rate to 1.55797141512497e-05
	iters: 100, epoch: 239 | loss: 0.1581992
	speed: 0.0876s/iter; left time: 882.3987s
Epoch: 239 cost time: 4.874013900756836
Epoch: 239, Steps: 164 | Train Loss: 0.1621488 Vali Loss: 0.2646421 Test Loss: 0.2354867
Validation loss decreased (0.264848 --> 0.264642).  Saving model ...
Updating learning rate to 1.510795803903435e-05
	iters: 100, epoch: 240 | loss: 0.1657145
	speed: 0.0728s/iter; left time: 721.3351s
Epoch: 240 cost time: 4.478644609451294
Epoch: 240, Steps: 164 | Train Loss: 0.1616561 Vali Loss: 0.2651601 Test Loss: 0.2363823
EarlyStopping counter: 1 out of 20
Updating learning rate to 1.4642180532853257e-05
	iters: 100, epoch: 241 | loss: 0.1547350
	speed: 0.0743s/iter; left time: 724.1614s
Epoch: 241 cost time: 4.563865423202515
Epoch: 241, Steps: 164 | Train Loss: 0.1613396 Vali Loss: 0.2662739 Test Loss: 0.2352787
EarlyStopping counter: 2 out of 20
Updating learning rate to 1.4182461441284279e-05
	iters: 100, epoch: 242 | loss: 0.1609237
	speed: 0.0759s/iter; left time: 726.4538s
Epoch: 242 cost time: 4.742295742034912
Epoch: 242, Steps: 164 | Train Loss: 0.1608684 Vali Loss: 0.2657293 Test Loss: 0.2366206
EarlyStopping counter: 3 out of 20
Updating learning rate to 1.3728879534827127e-05
	iters: 100, epoch: 243 | loss: 0.1614485
	speed: 0.0732s/iter; left time: 689.1455s
Epoch: 243 cost time: 4.549546241760254
Epoch: 243, Steps: 164 | Train Loss: 0.1611866 Vali Loss: 0.2642570 Test Loss: 0.2352664
Validation loss decreased (0.264642 --> 0.264257).  Saving model ...
Updating learning rate to 1.3281512532406394e-05
	iters: 100, epoch: 244 | loss: 0.1614732
	speed: 0.0752s/iter; left time: 695.7221s
Epoch: 244 cost time: 4.709948301315308
Epoch: 244, Steps: 164 | Train Loss: 0.1614179 Vali Loss: 0.2661076 Test Loss: 0.2361259
EarlyStopping counter: 1 out of 20
Updating learning rate to 1.284043708805492e-05
	iters: 100, epoch: 245 | loss: 0.1615254
	speed: 0.0770s/iter; left time: 699.9269s
Epoch: 245 cost time: 4.867417573928833
Epoch: 245, Steps: 164 | Train Loss: 0.1612620 Vali Loss: 0.2654022 Test Loss: 0.2359771
EarlyStopping counter: 2 out of 20
Updating learning rate to 1.240572877777944e-05
	iters: 100, epoch: 246 | loss: 0.1526368
	speed: 0.0867s/iter; left time: 773.6450s
Epoch: 246 cost time: 5.4266557693481445
Epoch: 246, Steps: 164 | Train Loss: 0.1611566 Vali Loss: 0.2660551 Test Loss: 0.2354731
EarlyStopping counter: 3 out of 20
Updating learning rate to 1.1977462086611014e-05
	iters: 100, epoch: 247 | loss: 0.1523658
	speed: 0.0856s/iter; left time: 749.9858s
Epoch: 247 cost time: 4.752450704574585
Epoch: 247, Steps: 164 | Train Loss: 0.1611039 Vali Loss: 0.2660353 Test Loss: 0.2362628
EarlyStopping counter: 4 out of 20
Updating learning rate to 1.155571039584245e-05
	iters: 100, epoch: 248 | loss: 0.1580440
	speed: 0.0782s/iter; left time: 672.2388s
Epoch: 248 cost time: 4.559116363525391
Epoch: 248, Steps: 164 | Train Loss: 0.1611188 Vali Loss: 0.2651300 Test Loss: 0.2352212
EarlyStopping counter: 5 out of 20
Updating learning rate to 1.1140545970454807e-05
	iters: 100, epoch: 249 | loss: 0.1653550
	speed: 0.0737s/iter; left time: 621.1405s
Epoch: 249 cost time: 4.732384920120239
Epoch: 249, Steps: 164 | Train Loss: 0.1608032 Vali Loss: 0.2657488 Test Loss: 0.2357692
EarlyStopping counter: 6 out of 20
Updating learning rate to 1.0732039946735057e-05
	iters: 100, epoch: 250 | loss: 0.1653307
	speed: 0.0745s/iter; left time: 615.8264s
Epoch: 250 cost time: 4.559600830078125
Epoch: 250, Steps: 164 | Train Loss: 0.1609556 Vali Loss: 0.2653510 Test Loss: 0.2355466
EarlyStopping counter: 7 out of 20
Updating learning rate to 1.0330262320087389e-05
	iters: 100, epoch: 251 | loss: 0.1554190
	speed: 0.0744s/iter; left time: 602.7805s
Epoch: 251 cost time: 4.602783679962158
Epoch: 251, Steps: 164 | Train Loss: 0.1605254 Vali Loss: 0.2646750 Test Loss: 0.2345488
EarlyStopping counter: 8 out of 20
Updating learning rate to 9.935281933039796e-06
	iters: 100, epoch: 252 | loss: 0.1663001
	speed: 0.0758s/iter; left time: 601.9033s
Epoch: 252 cost time: 4.685028076171875
Epoch: 252, Steps: 164 | Train Loss: 0.1606002 Vali Loss: 0.2656271 Test Loss: 0.2348453
EarlyStopping counter: 9 out of 20
Updating learning rate to 9.54716646344821e-06
	iters: 100, epoch: 253 | loss: 0.1651242
	speed: 0.0730s/iter; left time: 567.6532s
Epoch: 253 cost time: 4.461342811584473
Epoch: 253, Steps: 164 | Train Loss: 0.1605767 Vali Loss: 0.2657791 Test Loss: 0.2361320
EarlyStopping counter: 10 out of 20
Updating learning rate to 9.165982412900322e-06
	iters: 100, epoch: 254 | loss: 0.1807081
	speed: 0.0728s/iter; left time: 554.0139s
Epoch: 254 cost time: 4.5534632205963135
Epoch: 254, Steps: 164 | Train Loss: 0.1601611 Vali Loss: 0.2648026 Test Loss: 0.2343917
EarlyStopping counter: 11 out of 20
Updating learning rate to 8.79179509532086e-06
	iters: 100, epoch: 255 | loss: 0.1581253
	speed: 0.0726s/iter; left time: 540.7138s
Epoch: 255 cost time: 4.5973663330078125
Epoch: 255, Steps: 164 | Train Loss: 0.1601133 Vali Loss: 0.2641326 Test Loss: 0.2343467
Validation loss decreased (0.264257 --> 0.264133).  Saving model ...
Updating learning rate to 8.424668625780376e-06
	iters: 100, epoch: 256 | loss: 0.1505908
	speed: 0.0740s/iter; left time: 538.8515s
Epoch: 256 cost time: 4.3576600551605225
Epoch: 256, Steps: 164 | Train Loss: 0.1602946 Vali Loss: 0.2650645 Test Loss: 0.2356303
EarlyStopping counter: 1 out of 20
Updating learning rate to 8.064665909509432e-06
	iters: 100, epoch: 257 | loss: 0.1548026
	speed: 0.0718s/iter; left time: 510.8712s
Epoch: 257 cost time: 4.736114978790283
Epoch: 257, Steps: 164 | Train Loss: 0.1602985 Vali Loss: 0.2650371 Test Loss: 0.2353041
EarlyStopping counter: 2 out of 20
Updating learning rate to 7.711848631120177e-06
	iters: 100, epoch: 258 | loss: 0.1554868
	speed: 0.0756s/iter; left time: 525.8032s
Epoch: 258 cost time: 4.501555919647217
Epoch: 258, Steps: 164 | Train Loss: 0.1604618 Vali Loss: 0.2642716 Test Loss: 0.2346116
EarlyStopping counter: 3 out of 20
Updating learning rate to 7.366277244036947e-06
	iters: 100, epoch: 259 | loss: 0.1561140
	speed: 0.0736s/iter; left time: 499.9570s
Epoch: 259 cost time: 4.529108047485352
Epoch: 259, Steps: 164 | Train Loss: 0.1599487 Vali Loss: 0.2639091 Test Loss: 0.2335618
Validation loss decreased (0.264133 --> 0.263909).  Saving model ...
Updating learning rate to 7.02801096013792e-06
	iters: 100, epoch: 260 | loss: 0.1615437
	speed: 0.0725s/iter; left time: 480.0798s
Epoch: 260 cost time: 4.398648023605347
Epoch: 260, Steps: 164 | Train Loss: 0.1601292 Vali Loss: 0.2648551 Test Loss: 0.2352253
EarlyStopping counter: 1 out of 20
Updating learning rate to 6.697107739609443e-06
	iters: 100, epoch: 261 | loss: 0.1676804
	speed: 0.0737s/iter; left time: 476.3760s
Epoch: 261 cost time: 4.619544982910156
Epoch: 261, Steps: 164 | Train Loss: 0.1602080 Vali Loss: 0.2648610 Test Loss: 0.2338996
EarlyStopping counter: 2 out of 20
Updating learning rate to 6.373624281014866e-06
	iters: 100, epoch: 262 | loss: 0.1567315
	speed: 0.0761s/iter; left time: 479.0849s
Epoch: 262 cost time: 4.841181993484497
Epoch: 262, Steps: 164 | Train Loss: 0.1593221 Vali Loss: 0.2644498 Test Loss: 0.2338429
EarlyStopping counter: 3 out of 20
Updating learning rate to 6.057616011579495e-06
	iters: 100, epoch: 263 | loss: 0.1568658
	speed: 0.0819s/iter; left time: 502.4699s
Epoch: 263 cost time: 5.106444358825684
Epoch: 263, Steps: 164 | Train Loss: 0.1599069 Vali Loss: 0.2649471 Test Loss: 0.2362933
EarlyStopping counter: 4 out of 20
Updating learning rate to 5.7491370776935034e-06
	iters: 100, epoch: 264 | loss: 0.1617966
	speed: 0.0740s/iter; left time: 441.8392s
Epoch: 264 cost time: 4.438129425048828
Epoch: 264, Steps: 164 | Train Loss: 0.1599724 Vali Loss: 0.2643490 Test Loss: 0.2340091
EarlyStopping counter: 5 out of 20
Updating learning rate to 5.448240335634156e-06
	iters: 100, epoch: 265 | loss: 0.1640210
	speed: 0.0738s/iter; left time: 428.2866s
Epoch: 265 cost time: 4.714099407196045
Epoch: 265, Steps: 164 | Train Loss: 0.1594920 Vali Loss: 0.2640918 Test Loss: 0.2352065
EarlyStopping counter: 6 out of 20
Updating learning rate to 5.154977342509182e-06
	iters: 100, epoch: 266 | loss: 0.1549880
	speed: 0.0756s/iter; left time: 426.5809s
Epoch: 266 cost time: 4.691492795944214
Epoch: 266, Steps: 164 | Train Loss: 0.1595025 Vali Loss: 0.2644427 Test Loss: 0.2334188
EarlyStopping counter: 7 out of 20
Updating learning rate to 4.8693983474227325e-06
	iters: 100, epoch: 267 | loss: 0.1514450
	speed: 0.0741s/iter; left time: 405.6652s
Epoch: 267 cost time: 4.6193389892578125
Epoch: 267, Steps: 164 | Train Loss: 0.1601739 Vali Loss: 0.2642914 Test Loss: 0.2350006
EarlyStopping counter: 8 out of 20
Updating learning rate to 4.591552282865447e-06
	iters: 100, epoch: 268 | loss: 0.1687435
	speed: 0.0702s/iter; left time: 373.0863s
Epoch: 268 cost time: 3.9941537380218506
Epoch: 268, Steps: 164 | Train Loss: 0.1601498 Vali Loss: 0.2638757 Test Loss: 0.2336160
Validation loss decreased (0.263909 --> 0.263876).  Saving model ...
Updating learning rate to 4.321486756330152e-06
	iters: 100, epoch: 269 | loss: 0.1479161
	speed: 0.0708s/iter; left time: 364.5453s
Epoch: 269 cost time: 4.560719966888428
Epoch: 269, Steps: 164 | Train Loss: 0.1594895 Vali Loss: 0.2641083 Test Loss: 0.2347218
EarlyStopping counter: 1 out of 20
Updating learning rate to 4.059248042154486e-06
	iters: 100, epoch: 270 | loss: 0.1659561
	speed: 0.0717s/iter; left time: 357.4834s
Epoch: 270 cost time: 4.6734631061553955
Epoch: 270, Steps: 164 | Train Loss: 0.1593264 Vali Loss: 0.2637602 Test Loss: 0.2332583
Validation loss decreased (0.263876 --> 0.263760).  Saving model ...
Updating learning rate to 3.804881073592131e-06
	iters: 100, epoch: 271 | loss: 0.1592857
	speed: 0.0765s/iter; left time: 368.8168s
Epoch: 271 cost time: 4.693206071853638
Epoch: 271, Steps: 164 | Train Loss: 0.1596835 Vali Loss: 0.2635373 Test Loss: 0.2341372
Validation loss decreased (0.263760 --> 0.263537).  Saving model ...
Updating learning rate to 3.558429435113666e-06
	iters: 100, epoch: 272 | loss: 0.1601191
	speed: 0.0744s/iter; left time: 346.3609s
Epoch: 272 cost time: 4.479527711868286
Epoch: 272, Steps: 164 | Train Loss: 0.1599946 Vali Loss: 0.2634773 Test Loss: 0.2322087
Validation loss decreased (0.263537 --> 0.263477).  Saving model ...
Updating learning rate to 3.3199353549386136e-06
	iters: 100, epoch: 273 | loss: 0.1624550
	speed: 0.0734s/iter; left time: 329.7826s
Epoch: 273 cost time: 4.353464841842651
Epoch: 273, Steps: 164 | Train Loss: 0.1596599 Vali Loss: 0.2649281 Test Loss: 0.2349146
EarlyStopping counter: 1 out of 20
Updating learning rate to 3.089439697799819e-06
	iters: 100, epoch: 274 | loss: 0.1617874
	speed: 0.0734s/iter; left time: 317.9384s
Epoch: 274 cost time: 4.60594916343689
Epoch: 274, Steps: 164 | Train Loss: 0.1591813 Vali Loss: 0.2634061 Test Loss: 0.2335977
Validation loss decreased (0.263477 --> 0.263406).  Saving model ...
Updating learning rate to 2.8669819579415588e-06
	iters: 100, epoch: 275 | loss: 0.1621107
	speed: 0.0719s/iter; left time: 299.4477s
Epoch: 275 cost time: 4.562241792678833
Epoch: 275, Steps: 164 | Train Loss: 0.1593376 Vali Loss: 0.2633646 Test Loss: 0.2333718
Validation loss decreased (0.263406 --> 0.263365).  Saving model ...
Updating learning rate to 2.652600252352347e-06
	iters: 100, epoch: 276 | loss: 0.1763083
	speed: 0.0665s/iter; left time: 265.9730s
Epoch: 276 cost time: 3.8934402465820312
Epoch: 276, Steps: 164 | Train Loss: 0.1595632 Vali Loss: 0.2636917 Test Loss: 0.2329184
EarlyStopping counter: 1 out of 20
Updating learning rate to 2.446331314233775e-06
	iters: 100, epoch: 277 | loss: 0.1527202
	speed: 0.0701s/iter; left time: 269.0130s
Epoch: 277 cost time: 4.235745668411255
Epoch: 277, Steps: 164 | Train Loss: 0.1594853 Vali Loss: 0.2632580 Test Loss: 0.2325331
Validation loss decreased (0.263365 --> 0.263258).  Saving model ...
Updating learning rate to 2.2482104867065187e-06
	iters: 100, epoch: 278 | loss: 0.1668236
	speed: 0.0685s/iter; left time: 251.7360s
Epoch: 278 cost time: 4.148451328277588
Epoch: 278, Steps: 164 | Train Loss: 0.1589380 Vali Loss: 0.2636947 Test Loss: 0.2328967
EarlyStopping counter: 1 out of 20
Updating learning rate to 2.0582717167544676e-06
	iters: 100, epoch: 279 | loss: 0.1578932
	speed: 0.0700s/iter; left time: 245.7710s
Epoch: 279 cost time: 4.301628589630127
Epoch: 279, Steps: 164 | Train Loss: 0.1593886 Vali Loss: 0.2637176 Test Loss: 0.2340872
EarlyStopping counter: 2 out of 20
Updating learning rate to 1.8765475494080174e-06
	iters: 100, epoch: 280 | loss: 0.1579901
	speed: 0.0739s/iter; left time: 247.1856s
Epoch: 280 cost time: 4.525357246398926
Epoch: 280, Steps: 164 | Train Loss: 0.1587798 Vali Loss: 0.2636822 Test Loss: 0.2329547
EarlyStopping counter: 3 out of 20
Updating learning rate to 1.70306912216773e-06
	iters: 100, epoch: 281 | loss: 0.1631130
	speed: 0.0717s/iter; left time: 228.1130s
Epoch: 281 cost time: 4.444684028625488
Epoch: 281, Steps: 164 | Train Loss: 0.1592926 Vali Loss: 0.2640120 Test Loss: 0.2335095
EarlyStopping counter: 4 out of 20
Updating learning rate to 1.537866159669064e-06
	iters: 100, epoch: 282 | loss: 0.1548298
	speed: 0.0749s/iter; left time: 225.9455s
Epoch: 282 cost time: 4.512302398681641
Epoch: 282, Steps: 164 | Train Loss: 0.1594418 Vali Loss: 0.2639589 Test Loss: 0.2335148
EarlyStopping counter: 5 out of 20
Updating learning rate to 1.3809669685891593e-06
	iters: 100, epoch: 283 | loss: 0.1690309
	speed: 0.0732s/iter; left time: 208.7025s
Epoch: 283 cost time: 4.414724588394165
Epoch: 283, Steps: 164 | Train Loss: 0.1593821 Vali Loss: 0.2636375 Test Loss: 0.2341400
EarlyStopping counter: 6 out of 20
Updating learning rate to 1.2323984327966869e-06
	iters: 100, epoch: 284 | loss: 0.1690550
	speed: 0.0715s/iter; left time: 192.3027s
Epoch: 284 cost time: 4.397920846939087
Epoch: 284, Steps: 164 | Train Loss: 0.1588588 Vali Loss: 0.2629522 Test Loss: 0.2335616
Validation loss decreased (0.263258 --> 0.262952).  Saving model ...
Updating learning rate to 1.0921860087454334e-06
	iters: 100, epoch: 285 | loss: 0.1558341
	speed: 0.0728s/iter; left time: 183.7023s
Epoch: 285 cost time: 4.609588384628296
Epoch: 285, Steps: 164 | Train Loss: 0.1591924 Vali Loss: 0.2642522 Test Loss: 0.2332219
EarlyStopping counter: 1 out of 20
Updating learning rate to 9.60353721112432e-07
	iters: 100, epoch: 286 | loss: 0.1709548
	speed: 0.0691s/iter; left time: 163.2428s
Epoch: 286 cost time: 4.346147775650024
Epoch: 286, Steps: 164 | Train Loss: 0.1590277 Vali Loss: 0.2630407 Test Loss: 0.2327584
EarlyStopping counter: 2 out of 20
Updating learning rate to 8.369241586815041e-07
	iters: 100, epoch: 287 | loss: 0.1575171
	speed: 0.0717s/iter; left time: 157.4719s
Epoch: 287 cost time: 4.478783369064331
Epoch: 287, Steps: 164 | Train Loss: 0.1591659 Vali Loss: 0.2630215 Test Loss: 0.2334525
EarlyStopping counter: 3 out of 20
Updating learning rate to 7.219184704727485e-07
	iters: 100, epoch: 288 | loss: 0.1540913
	speed: 0.0718s/iter; left time: 145.9629s
Epoch: 288 cost time: 4.430446147918701
Epoch: 288, Steps: 164 | Train Loss: 0.1587430 Vali Loss: 0.2638326 Test Loss: 0.2337332
EarlyStopping counter: 4 out of 20
Updating learning rate to 6.153563621187881e-07
	iters: 100, epoch: 289 | loss: 0.1508172
	speed: 0.0704s/iter; left time: 131.5244s
Epoch: 289 cost time: 3.9161787033081055
Epoch: 289, Steps: 164 | Train Loss: 0.1591227 Vali Loss: 0.2635393 Test Loss: 0.2335742
EarlyStopping counter: 5 out of 20
Updating learning rate to 5.172560924883068e-07
	iters: 100, epoch: 290 | loss: 0.1692166
	speed: 0.0703s/iter; left time: 119.9302s
Epoch: 290 cost time: 4.490860462188721
Epoch: 290, Steps: 164 | Train Loss: 0.1593879 Vali Loss: 0.2630916 Test Loss: 0.2331604
EarlyStopping counter: 6 out of 20
Updating learning rate to 4.2763447055749256e-07
	iters: 100, epoch: 291 | loss: 0.1518892
	speed: 0.0727s/iter; left time: 112.0600s
Epoch: 291 cost time: 4.49921441078186
Epoch: 291, Steps: 164 | Train Loss: 0.1589398 Vali Loss: 0.2634476 Test Loss: 0.2328746
EarlyStopping counter: 7 out of 20
Updating learning rate to 3.4650685252988535e-07
	iters: 100, epoch: 292 | loss: 0.1563276
	speed: 0.0756s/iter; left time: 104.0325s
Epoch: 292 cost time: 4.803290367126465
Epoch: 292, Steps: 164 | Train Loss: 0.1592923 Vali Loss: 0.2635495 Test Loss: 0.2337199
EarlyStopping counter: 8 out of 20
Updating learning rate to 2.738871392051819e-07
	iters: 100, epoch: 293 | loss: 0.1585732
	speed: 0.0755s/iter; left time: 91.5232s
Epoch: 293 cost time: 4.594983816146851
Epoch: 293, Steps: 164 | Train Loss: 0.1593850 Vali Loss: 0.2635755 Test Loss: 0.2333083
EarlyStopping counter: 9 out of 20
Updating learning rate to 2.097877735974171e-07
	iters: 100, epoch: 294 | loss: 0.1627430
	speed: 0.0755s/iter; left time: 79.1743s
Epoch: 294 cost time: 4.618476629257202
Epoch: 294, Steps: 164 | Train Loss: 0.1587598 Vali Loss: 0.2627875 Test Loss: 0.2333133
Validation loss decreased (0.262952 --> 0.262788).  Saving model ...
Updating learning rate to 1.542197388029056e-07
	iters: 100, epoch: 295 | loss: 0.1579862
	speed: 0.0733s/iter; left time: 64.8494s
Epoch: 295 cost time: 4.55122709274292
Epoch: 295, Steps: 164 | Train Loss: 0.1591403 Vali Loss: 0.2638598 Test Loss: 0.2336074
EarlyStopping counter: 1 out of 20
Updating learning rate to 1.0719255611834382e-07
	iters: 100, epoch: 296 | loss: 0.1576219
	speed: 0.0723s/iter; left time: 52.1241s
Epoch: 296 cost time: 4.452093839645386
Epoch: 296, Steps: 164 | Train Loss: 0.1586932 Vali Loss: 0.2636455 Test Loss: 0.2335481
EarlyStopping counter: 2 out of 20
Updating learning rate to 6.871428340938244e-08
	iters: 100, epoch: 297 | loss: 0.1713431
	speed: 0.0687s/iter; left time: 38.2688s
Epoch: 297 cost time: 4.268758058547974
Epoch: 297, Steps: 164 | Train Loss: 0.1590747 Vali Loss: 0.2634554 Test Loss: 0.2333662
EarlyStopping counter: 3 out of 20
Updating learning rate to 3.879151372997526e-08
	iters: 100, epoch: 298 | loss: 0.1570096
	speed: 0.0765s/iter; left time: 30.0567s
Epoch: 298 cost time: 4.788463354110718
Epoch: 298, Steps: 164 | Train Loss: 0.1590467 Vali Loss: 0.2632340 Test Loss: 0.2331958
EarlyStopping counter: 4 out of 20
Updating learning rate to 1.742937419265412e-08
	iters: 100, epoch: 299 | loss: 0.1562155
	speed: 0.0757s/iter; left time: 17.3294s
Epoch: 299 cost time: 4.880247592926025
Epoch: 299, Steps: 164 | Train Loss: 0.1589077 Vali Loss: 0.2635471 Test Loss: 0.2330527
EarlyStopping counter: 5 out of 20
Updating learning rate to 4.631525090057267e-09
	iters: 100, epoch: 300 | loss: 0.1564536
	speed: 0.0771s/iter; left time: 5.0114s
Epoch: 300 cost time: 4.603819131851196
Epoch: 300, Steps: 164 | Train Loss: 0.1588763 Vali Loss: 0.2632988 Test Loss: 0.2330933
EarlyStopping counter: 6 out of 20
Updating learning rate to 4.0015926774474277e-10
>>>>>>>testing : 96_96_SPM_TST_PEMS_ftM_sl96_ll18_pl96_dm49_nh1_el1_dl1_df256_fc1_ebtimeF_dtTrue_Exp_0<<<<<<<<<<<<<<<<<<<<<<<<<<<<<<<<<
test 3381
mse:0.23331308364868164, mae:0.31170853972435, rse:0.44182202219963074
