Args in experiment:
Namespace(random_seed=2021, is_training=1, model_id='96_720', model='SPM_TST', data='custom', root_path='./dataset/', data_path='traffic.csv', features='M', target='OT', freq='h', checkpoints='./checkpoints/', seq_len=96, label_len=18, pred_len=720, fc_dropout=0.2, head_dropout=0.0, patch_len=16, stride=8, padding_patch='end', revin=1, affine=0, subtract_last=0, decomposition=0, kernel_size=25, individual=0, embed_type=0, enc_in=862, dec_in=7, c_out=7, d_model=49, n_heads=1, e_layers=1, d_layers=1, d_ff=256, moving_avg=25, factor=1, distil=True, dropout=0.2, embed='timeF', activation='gelu', output_attention=False, do_predict=False, num_workers=10, itr=1, train_epochs=300, batch_size=64, patience=20, learning_rate=0.0001, des='Exp', loss='mse', lradj='TST', pct_start=0.2, use_amp=False, k=1.0, dishts=0, num_layers=3, hidden_size=[32, 8], traffic=0, hidden_size1=3, hidden_size2=3, use_gpu=True, gpu=0, use_multi_gpu=False, devices='0,1', test_flop=False)
Use GPU: cuda:0
>>>>>>>start training : 96_720_SPM_TST_custom_ftM_sl96_ll18_pl720_dm49_nh1_el1_dl1_df256_fc1_ebtimeF_dtTrue_Exp_0>>>>>>>>>>>>>>>>>>>>>>>>>>
train 11465
val 1037
test 2789
	iters: 100, epoch: 1 | loss: 1.0144429
	speed: 0.1691s/iter; left time: 9064.0477s
Epoch: 1 cost time: 27.37572979927063
Epoch: 1, Steps: 179 | Train Loss: 1.0074745 Vali Loss: 1.1958601 Test Loss: 1.4277729
Validation loss decreased (inf --> 1.195860).  Saving model ...
Updating learning rate to 4.065794580660528e-06
	iters: 100, epoch: 2 | loss: 0.9472883
	speed: 0.5422s/iter; left time: 28963.4689s
Epoch: 2 cost time: 28.0664324760437
Epoch: 2, Steps: 179 | Train Loss: 0.9548049 Vali Loss: 1.0958934 Test Loss: 1.3133759
Validation loss decreased (1.195860 --> 1.095893).  Saving model ...
Updating learning rate to 4.262997950690259e-06
	iters: 100, epoch: 3 | loss: 0.8238376
	speed: 0.5486s/iter; left time: 29211.3698s
Epoch: 3 cost time: 28.327048301696777
Epoch: 3, Steps: 179 | Train Loss: 0.8180804 Vali Loss: 0.8965392 Test Loss: 1.0874013
Validation loss decreased (1.095893 --> 0.896539).  Saving model ...
Updating learning rate to 4.591069488712687e-06
	iters: 100, epoch: 4 | loss: 0.6325603
	speed: 0.5388s/iter; left time: 28591.3113s
Epoch: 4 cost time: 26.423080921173096
Epoch: 4, Steps: 179 | Train Loss: 0.6444217 Vali Loss: 0.7320085 Test Loss: 0.9019242
Validation loss decreased (0.896539 --> 0.732008).  Saving model ...
Updating learning rate to 5.049109806008211e-06
	iters: 100, epoch: 5 | loss: 0.5508561
	speed: 0.5293s/iter; left time: 27994.3605s
Epoch: 5 cost time: 26.332561254501343
Epoch: 5, Steps: 179 | Train Loss: 0.5449873 Vali Loss: 0.6674238 Test Loss: 0.8231698
Validation loss decreased (0.732008 --> 0.667424).  Saving model ...
Updating learning rate to 5.635863212135068e-06
	iters: 100, epoch: 6 | loss: 0.4948317
	speed: 0.5292s/iter; left time: 27889.6239s
Epoch: 6 cost time: 26.96148943901062
Epoch: 6, Steps: 179 | Train Loss: 0.5028781 Vali Loss: 0.6342334 Test Loss: 0.7770348
Validation loss decreased (0.667424 --> 0.634233).  Saving model ...
Updating learning rate to 6.349721157330456e-06
	iters: 100, epoch: 7 | loss: 0.4708582
	speed: 0.5300s/iter; left time: 27837.1601s
Epoch: 7 cost time: 26.168044567108154
Epoch: 7, Steps: 179 | Train Loss: 0.4758507 Vali Loss: 0.6102629 Test Loss: 0.7434294
Validation loss decreased (0.634233 --> 0.610263).  Saving model ...
Updating learning rate to 7.1887266422545725e-06
	iters: 100, epoch: 8 | loss: 0.4528898
	speed: 0.5178s/iter; left time: 27106.8674s
Epoch: 8 cost time: 25.5740909576416
Epoch: 8, Steps: 179 | Train Loss: 0.4568623 Vali Loss: 0.5933965 Test Loss: 0.7195586
Validation loss decreased (0.610263 --> 0.593397).  Saving model ...
Updating learning rate to 8.150579582988558e-06
	iters: 100, epoch: 9 | loss: 0.4353326
	speed: 0.5220s/iter; left time: 27233.5570s
Epoch: 9 cost time: 26.457374334335327
Epoch: 9, Steps: 179 | Train Loss: 0.4433571 Vali Loss: 0.5807391 Test Loss: 0.7023642
Validation loss decreased (0.593397 --> 0.580739).  Saving model ...
Updating learning rate to 9.232643116578569e-06
	iters: 100, epoch: 10 | loss: 0.4401650
	speed: 0.5120s/iter; left time: 26616.7609s
Epoch: 10 cost time: 25.76976990699768
Epoch: 10, Steps: 179 | Train Loss: 0.4331847 Vali Loss: 0.5699721 Test Loss: 0.6881210
Validation loss decreased (0.580739 --> 0.569972).  Saving model ...
Updating learning rate to 1.0431950829839569e-05
	iters: 100, epoch: 11 | loss: 0.4279284
	speed: 0.5310s/iter; left time: 27512.4717s
Epoch: 11 cost time: 26.45941710472107
Epoch: 11, Steps: 179 | Train Loss: 0.4251454 Vali Loss: 0.5622476 Test Loss: 0.6778583
Validation loss decreased (0.569972 --> 0.562248).  Saving model ...
Updating learning rate to 1.1745214891601668e-05
	iters: 100, epoch: 12 | loss: 0.4201409
	speed: 0.5204s/iter; left time: 26870.6234s
Epoch: 12 cost time: 26.01484727859497
Epoch: 12, Steps: 179 | Train Loss: 0.4182867 Vali Loss: 0.5546266 Test Loss: 0.6674469
Validation loss decreased (0.562248 --> 0.554627).  Saving model ...
Updating learning rate to 1.3168835066104895e-05
	iters: 100, epoch: 13 | loss: 0.4168205
	speed: 0.5122s/iter; left time: 26354.8592s
Epoch: 13 cost time: 25.851436853408813
Epoch: 13, Steps: 179 | Train Loss: 0.4120431 Vali Loss: 0.5484598 Test Loss: 0.6595966
Validation loss decreased (0.554627 --> 0.548460).  Saving model ...
Updating learning rate to 1.4698908582832493e-05
	iters: 100, epoch: 14 | loss: 0.4045350
	speed: 0.5193s/iter; left time: 26624.8048s
Epoch: 14 cost time: 25.960585117340088
Epoch: 14, Steps: 179 | Train Loss: 0.4062620 Vali Loss: 0.5424109 Test Loss: 0.6507545
Validation loss decreased (0.548460 --> 0.542411).  Saving model ...
Updating learning rate to 1.633124083572562e-05
	iters: 100, epoch: 15 | loss: 0.4007483
	speed: 0.5189s/iter; left time: 26515.1288s
Epoch: 15 cost time: 26.053741931915283
Epoch: 15, Steps: 179 | Train Loss: 0.4006248 Vali Loss: 0.5368278 Test Loss: 0.6437317
Validation loss decreased (0.542411 --> 0.536828).  Saving model ...
Updating learning rate to 1.8061356882447682e-05
	iters: 100, epoch: 16 | loss: 0.4010616
	speed: 0.5126s/iter; left time: 26097.1073s
Epoch: 16 cost time: 25.539633750915527
Epoch: 16, Steps: 179 | Train Loss: 0.3952376 Vali Loss: 0.5312914 Test Loss: 0.6356987
Validation loss decreased (0.536828 --> 0.531291).  Saving model ...
Updating learning rate to 1.9884513712174187e-05
	iters: 100, epoch: 17 | loss: 0.3945930
	speed: 0.5101s/iter; left time: 25880.8936s
Epoch: 17 cost time: 25.30256724357605
Epoch: 17, Steps: 179 | Train Loss: 0.3899269 Vali Loss: 0.5269985 Test Loss: 0.6297388
Validation loss decreased (0.531291 --> 0.526999).  Saving model ...
Updating learning rate to 2.1795713248276376e-05
	iters: 100, epoch: 18 | loss: 0.3842780
	speed: 0.5063s/iter; left time: 25595.0822s
Epoch: 18 cost time: 25.41187882423401
Epoch: 18, Steps: 179 | Train Loss: 0.3852618 Vali Loss: 0.5221966 Test Loss: 0.6222334
Validation loss decreased (0.526999 --> 0.522197).  Saving model ...
Updating learning rate to 2.3789716050252714e-05
	iters: 100, epoch: 19 | loss: 0.3822505
	speed: 0.5086s/iter; left time: 25624.2299s
Epoch: 19 cost time: 25.200326919555664
Epoch: 19, Steps: 179 | Train Loss: 0.3802415 Vali Loss: 0.5187490 Test Loss: 0.6155052
Validation loss decreased (0.522197 --> 0.518749).  Saving model ...
Updating learning rate to 2.5861055677345237e-05
	iters: 100, epoch: 20 | loss: 0.3767422
	speed: 0.5154s/iter; left time: 25873.4558s
Epoch: 20 cost time: 25.21326446533203
Epoch: 20, Steps: 179 | Train Loss: 0.3756924 Vali Loss: 0.5151743 Test Loss: 0.6099945
Validation loss decreased (0.518749 --> 0.515174).  Saving model ...
Updating learning rate to 2.80040536744635e-05
	iters: 100, epoch: 21 | loss: 0.3628098
	speed: 0.5218s/iter; left time: 26100.4020s
Epoch: 21 cost time: 25.985092639923096
Epoch: 21, Steps: 179 | Train Loss: 0.3715365 Vali Loss: 0.5110091 Test Loss: 0.6029482
Validation loss decreased (0.515174 --> 0.511009).  Saving model ...
Updating learning rate to 3.0212835139333463e-05
	iters: 100, epoch: 22 | loss: 0.3673612
	speed: 0.5365s/iter; left time: 26738.3368s
Epoch: 22 cost time: 27.091654777526855
Epoch: 22, Steps: 179 | Train Loss: 0.3673535 Vali Loss: 0.5079532 Test Loss: 0.5973169
Validation loss decreased (0.511009 --> 0.507953).  Saving model ...
Updating learning rate to 3.248134482819466e-05
	iters: 100, epoch: 23 | loss: 0.3686857
	speed: 0.5598s/iter; left time: 27800.8578s
Epoch: 23 cost time: 28.5238299369812
Epoch: 23, Steps: 179 | Train Loss: 0.3633775 Vali Loss: 0.5053743 Test Loss: 0.5925983
Validation loss decreased (0.507953 --> 0.505374).  Saving model ...
Updating learning rate to 3.48033637558928e-05
	iters: 100, epoch: 24 | loss: 0.3673021
	speed: 0.5505s/iter; left time: 27238.9792s
Epoch: 24 cost time: 27.219440460205078
Epoch: 24, Steps: 179 | Train Loss: 0.3600567 Vali Loss: 0.5018530 Test Loss: 0.5870514
Validation loss decreased (0.505374 --> 0.501853).  Saving model ...
Updating learning rate to 3.717252624485976e-05
	iters: 100, epoch: 25 | loss: 0.3631962
	speed: 0.5600s/iter; left time: 27610.3418s
Epoch: 25 cost time: 28.919240951538086
Epoch: 25, Steps: 179 | Train Loss: 0.3569667 Vali Loss: 0.4997518 Test Loss: 0.5828854
Validation loss decreased (0.501853 --> 0.499752).  Saving model ...
Updating learning rate to 3.958233737624235e-05
	iters: 100, epoch: 26 | loss: 0.3435952
	speed: 0.5535s/iter; left time: 27189.8767s
Epoch: 26 cost time: 26.73925805091858
Epoch: 26, Steps: 179 | Train Loss: 0.3541572 Vali Loss: 0.4983616 Test Loss: 0.5788313
Validation loss decreased (0.499752 --> 0.498362).  Saving model ...
Updating learning rate to 4.202619079533801e-05
	iters: 100, epoch: 27 | loss: 0.3459905
	speed: 0.5487s/iter; left time: 26856.6212s
Epoch: 27 cost time: 28.617087364196777
Epoch: 27, Steps: 179 | Train Loss: 0.3516441 Vali Loss: 0.4973529 Test Loss: 0.5761408
Validation loss decreased (0.498362 --> 0.497353).  Saving model ...
Updating learning rate to 4.449738682252571e-05
	iters: 100, epoch: 28 | loss: 0.3442303
	speed: 0.5582s/iter; left time: 27222.8738s
Epoch: 28 cost time: 28.38889169692993
Epoch: 28, Steps: 179 | Train Loss: 0.3494772 Vali Loss: 0.4954764 Test Loss: 0.5729528
Validation loss decreased (0.497353 --> 0.495476).  Saving model ...
Updating learning rate to 4.6989150820041325e-05
	iters: 100, epoch: 29 | loss: 0.3555969
	speed: 0.5448s/iter; left time: 26471.3698s
Epoch: 29 cost time: 26.963589429855347
Epoch: 29, Steps: 179 | Train Loss: 0.3472355 Vali Loss: 0.4941030 Test Loss: 0.5704586
Validation loss decreased (0.495476 --> 0.494103).  Saving model ...
Updating learning rate to 4.949465176424648e-05
	iters: 100, epoch: 30 | loss: 0.3287930
	speed: 0.5364s/iter; left time: 25966.7462s
Epoch: 30 cost time: 27.270575523376465
Epoch: 30, Steps: 179 | Train Loss: 0.3453068 Vali Loss: 0.4916679 Test Loss: 0.5671219
Validation loss decreased (0.494103 --> 0.491668).  Saving model ...
Updating learning rate to 5.2007020972475776e-05
	iters: 100, epoch: 31 | loss: 0.3474669
	speed: 0.5396s/iter; left time: 26026.9782s
Epoch: 31 cost time: 27.407025575637817
Epoch: 31, Steps: 179 | Train Loss: 0.3435410 Vali Loss: 0.4906856 Test Loss: 0.5639320
Validation loss decreased (0.491668 --> 0.490686).  Saving model ...
Updating learning rate to 5.451937093312425e-05
	iters: 100, epoch: 32 | loss: 0.3440924
	speed: 0.5418s/iter; left time: 26033.5906s
Epoch: 32 cost time: 28.314295291900635
Epoch: 32, Steps: 179 | Train Loss: 0.3415760 Vali Loss: 0.4890223 Test Loss: 0.5612575
Validation loss decreased (0.490686 --> 0.489022).  Saving model ...
Updating learning rate to 5.702481418735301e-05
	iters: 100, epoch: 33 | loss: 0.3382428
	speed: 0.5414s/iter; left time: 25916.4351s
Epoch: 33 cost time: 26.574175119400024
Epoch: 33, Steps: 179 | Train Loss: 0.3398081 Vali Loss: 0.4885916 Test Loss: 0.5604271
Validation loss decreased (0.489022 --> 0.488592).  Saving model ...
Updating learning rate to 5.951648221065035e-05
	iters: 100, epoch: 34 | loss: 0.3409157
	speed: 0.5189s/iter; left time: 24748.4800s
Epoch: 34 cost time: 25.94140076637268
Epoch: 34, Steps: 179 | Train Loss: 0.3385806 Vali Loss: 0.4861956 Test Loss: 0.5568599
Validation loss decreased (0.488592 --> 0.486196).  Saving model ...
Updating learning rate to 6.198754424248553e-05
	iters: 100, epoch: 35 | loss: 0.3335776
	speed: 0.5221s/iter; left time: 24808.3929s
Epoch: 35 cost time: 26.27680802345276
Epoch: 35, Steps: 179 | Train Loss: 0.3365551 Vali Loss: 0.4841930 Test Loss: 0.5543041
Validation loss decreased (0.486196 --> 0.484193).  Saving model ...
Updating learning rate to 6.443122601243475e-05
	iters: 100, epoch: 36 | loss: 0.3225093
	speed: 0.5236s/iter; left time: 24787.4800s
Epoch: 36 cost time: 26.444847345352173
Epoch: 36, Steps: 179 | Train Loss: 0.3349110 Vali Loss: 0.4817046 Test Loss: 0.5500634
Validation loss decreased (0.484193 --> 0.481705).  Saving model ...
Updating learning rate to 6.684082831144296e-05
	iters: 100, epoch: 37 | loss: 0.3279047
	speed: 0.5260s/iter; left time: 24803.7014s
Epoch: 37 cost time: 26.083200454711914
Epoch: 37, Steps: 179 | Train Loss: 0.3332934 Vali Loss: 0.4818745 Test Loss: 0.5488676
EarlyStopping counter: 1 out of 20
Updating learning rate to 6.920974535730925e-05
	iters: 100, epoch: 38 | loss: 0.3520132
	speed: 0.5223s/iter; left time: 24536.4985s
Epoch: 38 cost time: 26.39614200592041
Epoch: 38, Steps: 179 | Train Loss: 0.3317826 Vali Loss: 0.4787194 Test Loss: 0.5458276
Validation loss decreased (0.481705 --> 0.478719).  Saving model ...
Updating learning rate to 7.15314829040481e-05
	iters: 100, epoch: 39 | loss: 0.3389344
	speed: 0.5307s/iter; left time: 24835.8126s
Epoch: 39 cost time: 26.65426278114319
Epoch: 39, Steps: 179 | Train Loss: 0.3301487 Vali Loss: 0.4772036 Test Loss: 0.5429527
Validation loss decreased (0.478719 --> 0.477204).  Saving model ...
Updating learning rate to 7.37996760454807e-05
	iters: 100, epoch: 40 | loss: 0.3218254
	speed: 0.5246s/iter; left time: 24455.4953s
Epoch: 40 cost time: 26.16508936882019
Epoch: 40, Steps: 179 | Train Loss: 0.3285950 Vali Loss: 0.4748460 Test Loss: 0.5398056
Validation loss decreased (0.477204 --> 0.474846).  Saving model ...
Updating learning rate to 7.600810666424881e-05
	iters: 100, epoch: 41 | loss: 0.3440562
	speed: 0.5279s/iter; left time: 24517.0971s
Epoch: 41 cost time: 26.219730854034424
Epoch: 41, Steps: 179 | Train Loss: 0.3273511 Vali Loss: 0.4733712 Test Loss: 0.5374194
Validation loss decreased (0.474846 --> 0.473371).  Saving model ...
Updating learning rate to 7.815072047841578e-05
	iters: 100, epoch: 42 | loss: 0.3251589
	speed: 0.5225s/iter; left time: 24170.9110s
Epoch: 42 cost time: 26.695372819900513
Epoch: 42, Steps: 179 | Train Loss: 0.3260098 Vali Loss: 0.4726296 Test Loss: 0.5352879
Validation loss decreased (0.473371 --> 0.472630).  Saving model ...
Updating learning rate to 8.02216436389224e-05
	iters: 100, epoch: 43 | loss: 0.3183345
	speed: 0.5241s/iter; left time: 24153.3876s
Epoch: 43 cost time: 26.29362678527832
Epoch: 43, Steps: 179 | Train Loss: 0.3244400 Vali Loss: 0.4707639 Test Loss: 0.5332702
Validation loss decreased (0.472630 --> 0.470764).  Saving model ...
Updating learning rate to 8.22151988323968e-05
	iters: 100, epoch: 44 | loss: 0.3265731
	speed: 0.5175s/iter; left time: 23757.2817s
Epoch: 44 cost time: 25.79131531715393
Epoch: 44, Steps: 179 | Train Loss: 0.3231288 Vali Loss: 0.4702028 Test Loss: 0.5323736
Validation loss decreased (0.470764 --> 0.470203).  Saving model ...
Updating learning rate to 8.41259208451732e-05
	iters: 100, epoch: 45 | loss: 0.3255162
	speed: 0.5135s/iter; left time: 23477.8473s
Epoch: 45 cost time: 25.537604808807373
Epoch: 45, Steps: 179 | Train Loss: 0.3218887 Vali Loss: 0.4683137 Test Loss: 0.5298202
Validation loss decreased (0.470203 --> 0.468314).  Saving model ...
Updating learning rate to 8.594857154585205e-05
	iters: 100, epoch: 46 | loss: 0.3369172
	speed: 0.5127s/iter; left time: 23350.3393s
Epoch: 46 cost time: 25.614577531814575
Epoch: 46, Steps: 179 | Train Loss: 0.3209685 Vali Loss: 0.4665814 Test Loss: 0.5270451
Validation loss decreased (0.468314 --> 0.466581).  Saving model ...
Updating learning rate to 8.767815424532743e-05
	iters: 100, epoch: 47 | loss: 0.3228527
	speed: 0.5143s/iter; left time: 23332.8382s
Epoch: 47 cost time: 25.708566904067993
Epoch: 47, Steps: 179 | Train Loss: 0.3197839 Vali Loss: 0.4650490 Test Loss: 0.5239413
Validation loss decreased (0.466581 --> 0.465049).  Saving model ...
Updating learning rate to 8.930992739491478e-05
	iters: 100, epoch: 48 | loss: 0.3219477
	speed: 0.5305s/iter; left time: 23970.3416s
Epoch: 48 cost time: 26.70155429840088
Epoch: 48, Steps: 179 | Train Loss: 0.3186355 Vali Loss: 0.4665198 Test Loss: 0.5251492
EarlyStopping counter: 1 out of 20
Updating learning rate to 9.083941758502616e-05
	iters: 100, epoch: 49 | loss: 0.3167579
	speed: 0.5223s/iter; left time: 23507.8384s
Epoch: 49 cost time: 26.151360750198364
Epoch: 49, Steps: 179 | Train Loss: 0.3179408 Vali Loss: 0.4640254 Test Loss: 0.5219845
Validation loss decreased (0.465049 --> 0.464025).  Saving model ...
Updating learning rate to 9.226243180875812e-05
	iters: 100, epoch: 50 | loss: 0.3235292
	speed: 0.5201s/iter; left time: 23315.9890s
Epoch: 50 cost time: 26.152209281921387
Epoch: 50, Steps: 179 | Train Loss: 0.3164354 Vali Loss: 0.4629627 Test Loss: 0.5193007
Validation loss decreased (0.464025 --> 0.462963).  Saving model ...
Updating learning rate to 9.357506895677217e-05
	iters: 100, epoch: 51 | loss: 0.3140507
	speed: 0.5301s/iter; left time: 23668.5823s
Epoch: 51 cost time: 26.94834852218628
Epoch: 51, Steps: 179 | Train Loss: 0.3157571 Vali Loss: 0.4623457 Test Loss: 0.5183001
Validation loss decreased (0.462963 --> 0.462346).  Saving model ...
Updating learning rate to 9.477373051195526e-05
	iters: 100, epoch: 52 | loss: 0.3134979
	speed: 0.5191s/iter; left time: 23083.2857s
Epoch: 52 cost time: 25.683451175689697
Epoch: 52, Steps: 179 | Train Loss: 0.3149766 Vali Loss: 0.4610445 Test Loss: 0.5177785
Validation loss decreased (0.462346 --> 0.461045).  Saving model ...
Updating learning rate to 9.585513041454166e-05
	iters: 100, epoch: 53 | loss: 0.3218488
	speed: 0.5154s/iter; left time: 22828.5635s
Epoch: 53 cost time: 26.14432120323181
Epoch: 53, Steps: 179 | Train Loss: 0.3138923 Vali Loss: 0.4600936 Test Loss: 0.5150464
Validation loss decreased (0.461045 --> 0.460094).  Saving model ...
Updating learning rate to 9.68163040706515e-05
	iters: 100, epoch: 54 | loss: 0.3062987
	speed: 0.5206s/iter; left time: 22963.8420s
Epoch: 54 cost time: 26.174347639083862
Epoch: 54, Steps: 179 | Train Loss: 0.3131948 Vali Loss: 0.4594750 Test Loss: 0.5139071
Validation loss decreased (0.460094 --> 0.459475).  Saving model ...
Updating learning rate to 9.765461647954955e-05
	iters: 100, epoch: 55 | loss: 0.3110995
	speed: 0.5196s/iter; left time: 22828.5134s
Epoch: 55 cost time: 26.307888746261597
Epoch: 55, Steps: 179 | Train Loss: 0.3126321 Vali Loss: 0.4590024 Test Loss: 0.5131216
Validation loss decreased (0.459475 --> 0.459002).  Saving model ...
Updating learning rate to 9.836776945734389e-05
	iters: 100, epoch: 56 | loss: 0.3000490
	speed: 0.5277s/iter; left time: 23089.7991s
Epoch: 56 cost time: 26.579390048980713
Epoch: 56, Steps: 179 | Train Loss: 0.3118059 Vali Loss: 0.4598174 Test Loss: 0.5136685
EarlyStopping counter: 1 out of 20
Updating learning rate to 9.895380793732114e-05
	iters: 100, epoch: 57 | loss: 0.3177641
	speed: 0.5255s/iter; left time: 22899.8295s
Epoch: 57 cost time: 25.868486404418945
Epoch: 57, Steps: 179 | Train Loss: 0.3109794 Vali Loss: 0.4575447 Test Loss: 0.5111489
Validation loss decreased (0.459002 --> 0.457545).  Saving model ...
Updating learning rate to 9.941112532964629e-05
	iters: 100, epoch: 58 | loss: 0.3115616
	speed: 0.5177s/iter; left time: 22468.8999s
Epoch: 58 cost time: 26.799520254135132
Epoch: 58, Steps: 179 | Train Loss: 0.3102332 Vali Loss: 0.4568067 Test Loss: 0.5098906
Validation loss decreased (0.457545 --> 0.456807).  Saving model ...
Updating learning rate to 9.973846792573361e-05
	iters: 100, epoch: 59 | loss: 0.3038472
	speed: 0.5296s/iter; left time: 22887.7713s
Epoch: 59 cost time: 26.18898367881775
Epoch: 59, Steps: 179 | Train Loss: 0.3097554 Vali Loss: 0.4563661 Test Loss: 0.5087323
Validation loss decreased (0.456807 --> 0.456366).  Saving model ...
Updating learning rate to 9.99349383352147e-05
	iters: 100, epoch: 60 | loss: 0.3157471
	speed: 0.5162s/iter; left time: 22216.6970s
Epoch: 60 cost time: 25.500051736831665
Epoch: 60, Steps: 179 | Train Loss: 0.3090745 Vali Loss: 0.4555026 Test Loss: 0.5078015
Validation loss decreased (0.456366 --> 0.455503).  Saving model ...
Updating learning rate to 9.999999986630675e-05
	iters: 100, epoch: 61 | loss: 0.3056324
	speed: 0.5144s/iter; left time: 22046.7636s
Epoch: 61 cost time: 25.659428358078003
Epoch: 61, Steps: 179 | Train Loss: 0.3083318 Vali Loss: 0.4554519 Test Loss: 0.5074794
Validation loss decreased (0.455503 --> 0.455452).  Saving model ...
Updating learning rate to 9.999566840133745e-05
	iters: 100, epoch: 62 | loss: 0.3100066
	speed: 0.5157s/iter; left time: 22012.0878s
Epoch: 62 cost time: 25.905409812927246
Epoch: 62, Steps: 179 | Train Loss: 0.3077029 Vali Loss: 0.4542479 Test Loss: 0.5057997
Validation loss decreased (0.455452 --> 0.454248).  Saving model ...
Updating learning rate to 9.998277047023495e-05
	iters: 100, epoch: 63 | loss: 0.2953006
	speed: 0.5133s/iter; left time: 21816.7700s
Epoch: 63 cost time: 25.398136138916016
Epoch: 63, Steps: 179 | Train Loss: 0.3070396 Vali Loss: 0.4544678 Test Loss: 0.5048277
EarlyStopping counter: 1 out of 20
Updating learning rate to 9.996130828299334e-05
	iters: 100, epoch: 64 | loss: 0.2983937
	speed: 0.5082s/iter; left time: 21510.7322s
Epoch: 64 cost time: 25.651489973068237
Epoch: 64, Steps: 179 | Train Loss: 0.3065926 Vali Loss: 0.4534335 Test Loss: 0.5042420
Validation loss decreased (0.454248 --> 0.453433).  Saving model ...
Updating learning rate to 9.993128551704795e-05
	iters: 100, epoch: 65 | loss: 0.3121284
	speed: 0.5092s/iter; left time: 21458.3946s
Epoch: 65 cost time: 25.863402366638184
Epoch: 65, Steps: 179 | Train Loss: 0.3060043 Vali Loss: 0.4540523 Test Loss: 0.5031343
EarlyStopping counter: 1 out of 20
Updating learning rate to 9.989270731664514e-05
	iters: 100, epoch: 66 | loss: 0.3165348
	speed: 0.5125s/iter; left time: 21505.7073s
Epoch: 66 cost time: 25.536385536193848
Epoch: 66, Steps: 179 | Train Loss: 0.3057012 Vali Loss: 0.4530835 Test Loss: 0.5039405
Validation loss decreased (0.453433 --> 0.453084).  Saving model ...
Updating learning rate to 9.984558029196093e-05
	iters: 100, epoch: 67 | loss: 0.3011061
	speed: 0.5139s/iter; left time: 21476.2466s
Epoch: 67 cost time: 25.606923580169678
Epoch: 67, Steps: 179 | Train Loss: 0.3053547 Vali Loss: 0.4531745 Test Loss: 0.5034973
EarlyStopping counter: 1 out of 20
Updating learning rate to 9.978991251796843e-05
	iters: 100, epoch: 68 | loss: 0.3100986
	speed: 0.5154s/iter; left time: 21443.8885s
Epoch: 68 cost time: 25.96911096572876
Epoch: 68, Steps: 179 | Train Loss: 0.3045816 Vali Loss: 0.4526142 Test Loss: 0.5034832
Validation loss decreased (0.453084 --> 0.452614).  Saving model ...
Updating learning rate to 9.972571353305412e-05
	iters: 100, epoch: 69 | loss: 0.2991306
	speed: 0.5242s/iter; left time: 21718.0242s
Epoch: 69 cost time: 26.621318817138672
Epoch: 69, Steps: 179 | Train Loss: 0.3043001 Vali Loss: 0.4511476 Test Loss: 0.5005820
Validation loss decreased (0.452614 --> 0.451148).  Saving model ...
Updating learning rate to 9.965299433738355e-05
	iters: 100, epoch: 70 | loss: 0.3019302
	speed: 0.5174s/iter; left time: 21343.7980s
Epoch: 70 cost time: 25.708112001419067
Epoch: 70, Steps: 179 | Train Loss: 0.3037046 Vali Loss: 0.4512903 Test Loss: 0.5013357
EarlyStopping counter: 1 out of 20
Updating learning rate to 9.957176739101656e-05
	iters: 100, epoch: 71 | loss: 0.3101080
	speed: 0.5108s/iter; left time: 20980.7175s
Epoch: 71 cost time: 25.178890466690063
Epoch: 71, Steps: 179 | Train Loss: 0.3036023 Vali Loss: 0.4506833 Test Loss: 0.4992756
Validation loss decreased (0.451148 --> 0.450683).  Saving model ...
Updating learning rate to 9.948204661177224e-05
	iters: 100, epoch: 72 | loss: 0.3178538
	speed: 0.5037s/iter; left time: 20597.0616s
Epoch: 72 cost time: 25.372378826141357
Epoch: 72, Steps: 179 | Train Loss: 0.3029511 Vali Loss: 0.4516619 Test Loss: 0.4998300
EarlyStopping counter: 1 out of 20
Updating learning rate to 9.938384737284425e-05
	iters: 100, epoch: 73 | loss: 0.2963864
	speed: 0.5417s/iter; left time: 22054.4690s
Epoch: 73 cost time: 28.36604118347168
Epoch: 73, Steps: 179 | Train Loss: 0.3026297 Vali Loss: 0.4506887 Test Loss: 0.4985014
EarlyStopping counter: 2 out of 20
Updating learning rate to 9.927718650016662e-05
	iters: 100, epoch: 74 | loss: 0.2895311
	speed: 0.5239s/iter; left time: 21235.5302s
Epoch: 74 cost time: 25.551716089248657
Epoch: 74, Steps: 179 | Train Loss: 0.3020370 Vali Loss: 0.4511085 Test Loss: 0.4988355
EarlyStopping counter: 3 out of 20
Updating learning rate to 9.916208226953081e-05
	iters: 100, epoch: 75 | loss: 0.3093183
	speed: 0.5183s/iter; left time: 20916.4644s
Epoch: 75 cost time: 25.859697103500366
Epoch: 75, Steps: 179 | Train Loss: 0.3017409 Vali Loss: 0.4502386 Test Loss: 0.4986073
Validation loss decreased (0.450683 --> 0.450239).  Saving model ...
Updating learning rate to 9.903855440345417e-05
	iters: 100, epoch: 76 | loss: 0.3052054
	speed: 0.5004s/iter; left time: 20103.1657s
Epoch: 76 cost time: 25.000152349472046
Epoch: 76, Steps: 179 | Train Loss: 0.3014645 Vali Loss: 0.4511038 Test Loss: 0.4989762
EarlyStopping counter: 1 out of 20
Updating learning rate to 9.890662406780066e-05
	iters: 100, epoch: 77 | loss: 0.3071556
	speed: 0.4990s/iter; left time: 19960.3168s
Epoch: 77 cost time: 25.078941583633423
Epoch: 77, Steps: 179 | Train Loss: 0.3012418 Vali Loss: 0.4496510 Test Loss: 0.4968711
Validation loss decreased (0.450239 --> 0.449651).  Saving model ...
Updating learning rate to 9.876631386815408e-05
	iters: 100, epoch: 78 | loss: 0.3041635
	speed: 0.5102s/iter; left time: 20314.9275s
Epoch: 78 cost time: 26.381723403930664
Epoch: 78, Steps: 179 | Train Loss: 0.3007988 Vali Loss: 0.4485682 Test Loss: 0.4958103
Validation loss decreased (0.449651 --> 0.448568).  Saving model ...
Updating learning rate to 9.861764784594483e-05
	iters: 100, epoch: 79 | loss: 0.3203560
	speed: 0.5096s/iter; left time: 20200.8810s
Epoch: 79 cost time: 25.382352113723755
Epoch: 79, Steps: 179 | Train Loss: 0.3004612 Vali Loss: 0.4497402 Test Loss: 0.4976760
EarlyStopping counter: 1 out of 20
Updating learning rate to 9.846065147433047e-05
	iters: 100, epoch: 80 | loss: 0.3006168
	speed: 0.5064s/iter; left time: 19984.0573s
Epoch: 80 cost time: 25.544618368148804
Epoch: 80, Steps: 179 | Train Loss: 0.3004306 Vali Loss: 0.4485030 Test Loss: 0.4958774
Validation loss decreased (0.448568 --> 0.448503).  Saving model ...
Updating learning rate to 9.829535165383107e-05
	iters: 100, epoch: 81 | loss: 0.2970824
	speed: 0.5111s/iter; left time: 20077.7063s
Epoch: 81 cost time: 25.53008008003235
Epoch: 81, Steps: 179 | Train Loss: 0.2998621 Vali Loss: 0.4487142 Test Loss: 0.4942434
EarlyStopping counter: 1 out of 20
Updating learning rate to 9.812177670771991e-05
	iters: 100, epoch: 82 | loss: 0.2998430
	speed: 0.5112s/iter; left time: 19988.3246s
Epoch: 82 cost time: 25.47332787513733
Epoch: 82, Steps: 179 | Train Loss: 0.2996451 Vali Loss: 0.4484886 Test Loss: 0.4952354
Validation loss decreased (0.448503 --> 0.448489).  Saving model ...
Updating learning rate to 9.793995637717045e-05
	iters: 100, epoch: 83 | loss: 0.3028314
	speed: 0.5223s/iter; left time: 20327.5750s
Epoch: 83 cost time: 25.478839635849
Epoch: 83, Steps: 179 | Train Loss: 0.2991767 Vali Loss: 0.4490640 Test Loss: 0.4962009
EarlyStopping counter: 1 out of 20
Updating learning rate to 9.77499218161603e-05
	iters: 100, epoch: 84 | loss: 0.2990252
	speed: 0.5060s/iter; left time: 19602.8268s
Epoch: 84 cost time: 26.98343276977539
Epoch: 84, Steps: 179 | Train Loss: 0.2989148 Vali Loss: 0.4469508 Test Loss: 0.4935870
Validation loss decreased (0.448489 --> 0.446951).  Saving model ...
Updating learning rate to 9.755170558613318e-05
	iters: 100, epoch: 85 | loss: 0.3099622
	speed: 0.5281s/iter; left time: 20367.4304s
Epoch: 85 cost time: 25.856979608535767
Epoch: 85, Steps: 179 | Train Loss: 0.2987430 Vali Loss: 0.4481053 Test Loss: 0.4939356
EarlyStopping counter: 1 out of 20
Updating learning rate to 9.73453416504197e-05
	iters: 100, epoch: 86 | loss: 0.2982253
	speed: 0.5003s/iter; left time: 19202.9004s
Epoch: 86 cost time: 25.254114151000977
Epoch: 86, Steps: 179 | Train Loss: 0.2986043 Vali Loss: 0.4476079 Test Loss: 0.4951041
EarlyStopping counter: 2 out of 20
Updating learning rate to 9.713086536841787e-05
	iters: 100, epoch: 87 | loss: 0.3098512
	speed: 0.4929s/iter; left time: 18833.5817s
Epoch: 87 cost time: 25.012996435165405
Epoch: 87, Steps: 179 | Train Loss: 0.2981746 Vali Loss: 0.4470043 Test Loss: 0.4922302
EarlyStopping counter: 3 out of 20
Updating learning rate to 9.690831348953449e-05
	iters: 100, epoch: 88 | loss: 0.3022787
	speed: 0.5023s/iter; left time: 19099.5673s
Epoch: 88 cost time: 26.071040868759155
Epoch: 88, Steps: 179 | Train Loss: 0.2980430 Vali Loss: 0.4470224 Test Loss: 0.4923138
EarlyStopping counter: 4 out of 20
Updating learning rate to 9.667772414688832e-05
	iters: 100, epoch: 89 | loss: 0.2965084
	speed: 0.4961s/iter; left time: 18775.8081s
Epoch: 89 cost time: 24.928874254226685
Epoch: 89, Steps: 179 | Train Loss: 0.2976611 Vali Loss: 0.4473110 Test Loss: 0.4922377
EarlyStopping counter: 5 out of 20
Updating learning rate to 9.643913685077613e-05
	iters: 100, epoch: 90 | loss: 0.2857910
	speed: 0.4938s/iter; left time: 18601.9016s
Epoch: 90 cost time: 24.82261323928833
Epoch: 90, Steps: 179 | Train Loss: 0.2973736 Vali Loss: 0.4458126 Test Loss: 0.4907275
Validation loss decreased (0.446951 --> 0.445813).  Saving model ...
Updating learning rate to 9.619259248190284e-05
	iters: 100, epoch: 91 | loss: 0.3058754
	speed: 0.4860s/iter; left time: 18219.3940s
Epoch: 91 cost time: 24.800156116485596
Epoch: 91, Steps: 179 | Train Loss: 0.2973199 Vali Loss: 0.4470493 Test Loss: 0.4918705
EarlyStopping counter: 1 out of 20
Updating learning rate to 9.593813328437689e-05
	iters: 100, epoch: 92 | loss: 0.2986356
	speed: 0.4862s/iter; left time: 18141.2558s
Epoch: 92 cost time: 24.84789204597473
Epoch: 92, Steps: 179 | Train Loss: 0.2969105 Vali Loss: 0.4465722 Test Loss: 0.4908082
EarlyStopping counter: 2 out of 20
Updating learning rate to 9.567580285847176e-05
	iters: 100, epoch: 93 | loss: 0.3038747
	speed: 0.4932s/iter; left time: 18314.0693s
Epoch: 93 cost time: 24.79379415512085
Epoch: 93, Steps: 179 | Train Loss: 0.2966999 Vali Loss: 0.4472028 Test Loss: 0.4917898
EarlyStopping counter: 3 out of 20
Updating learning rate to 9.540564615315549e-05
	iters: 100, epoch: 94 | loss: 0.2865070
	speed: 0.4886s/iter; left time: 18056.4605s
Epoch: 94 cost time: 24.790717124938965
Epoch: 94, Steps: 179 | Train Loss: 0.2965897 Vali Loss: 0.4465229 Test Loss: 0.4914825
EarlyStopping counter: 4 out of 20
Updating learning rate to 9.512770945838875e-05
	iters: 100, epoch: 95 | loss: 0.2937149
	speed: 0.4959s/iter; left time: 18238.0579s
Epoch: 95 cost time: 25.09698987007141
Epoch: 95, Steps: 179 | Train Loss: 0.2964247 Vali Loss: 0.4458853 Test Loss: 0.4901971
EarlyStopping counter: 5 out of 20
Updating learning rate to 9.484204039719336e-05
	iters: 100, epoch: 96 | loss: 0.3017405
	speed: 0.4946s/iter; left time: 18101.0578s
Epoch: 96 cost time: 24.639427423477173
Epoch: 96, Steps: 179 | Train Loss: 0.2961393 Vali Loss: 0.4459312 Test Loss: 0.4899207
EarlyStopping counter: 6 out of 20
Updating learning rate to 9.454868791749236e-05
	iters: 100, epoch: 97 | loss: 0.2951950
	speed: 0.4927s/iter; left time: 17941.3830s
Epoch: 97 cost time: 24.863102912902832
Epoch: 97, Steps: 179 | Train Loss: 0.2959988 Vali Loss: 0.4466850 Test Loss: 0.4905120
EarlyStopping counter: 7 out of 20
Updating learning rate to 9.424770228372292e-05
	iters: 100, epoch: 98 | loss: 0.2950349
	speed: 0.4931s/iter; left time: 17869.7478s
Epoch: 98 cost time: 25.11739683151245
Epoch: 98, Steps: 179 | Train Loss: 0.2957102 Vali Loss: 0.4454570 Test Loss: 0.4900506
Validation loss decreased (0.445813 --> 0.445457).  Saving model ...
Updating learning rate to 9.393913506822395e-05
	iters: 100, epoch: 99 | loss: 0.2793320
	speed: 0.4926s/iter; left time: 17761.6129s
Epoch: 99 cost time: 24.8741455078125
Epoch: 99, Steps: 179 | Train Loss: 0.2955298 Vali Loss: 0.4457444 Test Loss: 0.4907972
EarlyStopping counter: 1 out of 20
Updating learning rate to 9.362303914239926e-05
	iters: 100, epoch: 100 | loss: 0.2975914
	speed: 0.4964s/iter; left time: 17810.6260s
Epoch: 100 cost time: 24.785001039505005
Epoch: 100, Steps: 179 | Train Loss: 0.2953920 Vali Loss: 0.4445301 Test Loss: 0.4892135
Validation loss decreased (0.445457 --> 0.444530).  Saving model ...
Updating learning rate to 9.329946866765854e-05
	iters: 100, epoch: 101 | loss: 0.2913568
	speed: 0.4863s/iter; left time: 17362.9666s
Epoch: 101 cost time: 24.466100931167603
Epoch: 101, Steps: 179 | Train Loss: 0.2950100 Vali Loss: 0.4453957 Test Loss: 0.4879704
EarlyStopping counter: 1 out of 20
Updating learning rate to 9.296847908613685e-05
	iters: 100, epoch: 102 | loss: 0.3067195
	speed: 0.4801s/iter; left time: 17054.1164s
Epoch: 102 cost time: 23.73987364768982
Epoch: 102, Steps: 179 | Train Loss: 0.2949104 Vali Loss: 0.4449631 Test Loss: 0.4898906
EarlyStopping counter: 2 out of 20
Updating learning rate to 9.263012711119505e-05
	iters: 100, epoch: 103 | loss: 0.3019036
	speed: 0.4864s/iter; left time: 17192.5631s
Epoch: 103 cost time: 24.41039204597473
Epoch: 103, Steps: 179 | Train Loss: 0.2947792 Vali Loss: 0.4444092 Test Loss: 0.4878800
Validation loss decreased (0.444530 --> 0.444409).  Saving model ...
Updating learning rate to 9.228447071770223e-05
	iters: 100, epoch: 104 | loss: 0.2983269
	speed: 0.4814s/iter; left time: 16927.8201s
Epoch: 104 cost time: 24.20004677772522
Epoch: 104, Steps: 179 | Train Loss: 0.2945843 Vali Loss: 0.4446226 Test Loss: 0.4883104
EarlyStopping counter: 1 out of 20
Updating learning rate to 9.193156913210192e-05
	iters: 100, epoch: 105 | loss: 0.2964390
	speed: 0.4866s/iter; left time: 17024.9102s
Epoch: 105 cost time: 24.458552598953247
Epoch: 105, Steps: 179 | Train Loss: 0.2945304 Vali Loss: 0.4446354 Test Loss: 0.4882308
EarlyStopping counter: 2 out of 20
Updating learning rate to 9.157148282226414e-05
	iters: 100, epoch: 106 | loss: 0.2895899
	speed: 0.4913s/iter; left time: 17099.8074s
Epoch: 106 cost time: 24.790698051452637
Epoch: 106, Steps: 179 | Train Loss: 0.2942988 Vali Loss: 0.4447753 Test Loss: 0.4862376
EarlyStopping counter: 3 out of 20
Updating learning rate to 9.120427348712428e-05
	iters: 100, epoch: 107 | loss: 0.2804663
	speed: 0.4874s/iter; left time: 16878.1111s
Epoch: 107 cost time: 24.556642055511475
Epoch: 107, Steps: 179 | Train Loss: 0.2942902 Vali Loss: 0.4448521 Test Loss: 0.4872928
EarlyStopping counter: 4 out of 20
Updating learning rate to 9.083000404611157e-05
	iters: 100, epoch: 108 | loss: 0.3022121
	speed: 0.4860s/iter; left time: 16742.2927s
Epoch: 108 cost time: 24.485321521759033
Epoch: 108, Steps: 179 | Train Loss: 0.2939786 Vali Loss: 0.4444657 Test Loss: 0.4872275
EarlyStopping counter: 5 out of 20
Updating learning rate to 9.044873862836795e-05
	iters: 100, epoch: 109 | loss: 0.2884071
	speed: 0.4894s/iter; left time: 16769.9823s
Epoch: 109 cost time: 24.798937559127808
Epoch: 109, Steps: 179 | Train Loss: 0.2938262 Vali Loss: 0.4453954 Test Loss: 0.4878396
EarlyStopping counter: 6 out of 20
Updating learning rate to 9.006054256176002e-05
	iters: 100, epoch: 110 | loss: 0.2913024
	speed: 0.4861s/iter; left time: 16569.5360s
Epoch: 110 cost time: 24.346533060073853
Epoch: 110, Steps: 179 | Train Loss: 0.2936599 Vali Loss: 0.4444156 Test Loss: 0.4868326
EarlyStopping counter: 7 out of 20
Updating learning rate to 8.966548236168533e-05
	iters: 100, epoch: 111 | loss: 0.2872764
	speed: 0.4793s/iter; left time: 16254.1305s
Epoch: 111 cost time: 24.54136896133423
Epoch: 111, Steps: 179 | Train Loss: 0.2935402 Vali Loss: 0.4437578 Test Loss: 0.4880041
Validation loss decreased (0.444409 --> 0.443758).  Saving model ...
Updating learning rate to 8.92636257196754e-05
	iters: 100, epoch: 112 | loss: 0.2963219
	speed: 0.5036s/iter; left time: 16988.7815s
Epoch: 112 cost time: 26.968912839889526
Epoch: 112, Steps: 179 | Train Loss: 0.2933240 Vali Loss: 0.4444757 Test Loss: 0.4860033
EarlyStopping counter: 1 out of 20
Updating learning rate to 8.885504149179707e-05
	iters: 100, epoch: 113 | loss: 0.2933797
	speed: 0.4967s/iter; left time: 16667.1156s
Epoch: 113 cost time: 25.0465145111084
Epoch: 113, Steps: 179 | Train Loss: 0.2932132 Vali Loss: 0.4444071 Test Loss: 0.4876229
EarlyStopping counter: 2 out of 20
Updating learning rate to 8.843979968685441e-05
	iters: 100, epoch: 114 | loss: 0.2904617
	speed: 0.4882s/iter; left time: 16294.0147s
Epoch: 114 cost time: 24.45498299598694
Epoch: 114, Steps: 179 | Train Loss: 0.2929761 Vali Loss: 0.4441905 Test Loss: 0.4866581
EarlyStopping counter: 3 out of 20
Updating learning rate to 8.801797145439298e-05
	iters: 100, epoch: 115 | loss: 0.2885973
	speed: 0.4950s/iter; left time: 16432.0944s
Epoch: 115 cost time: 24.650521993637085
Epoch: 115, Steps: 179 | Train Loss: 0.2928324 Vali Loss: 0.4430098 Test Loss: 0.4857238
Validation loss decreased (0.443758 --> 0.443010).  Saving model ...
Updating learning rate to 8.758962907250888e-05
	iters: 100, epoch: 116 | loss: 0.2889187
	speed: 0.4910s/iter; left time: 16209.5221s
Epoch: 116 cost time: 24.526216983795166
Epoch: 116, Steps: 179 | Train Loss: 0.2928127 Vali Loss: 0.4432415 Test Loss: 0.4853610
EarlyStopping counter: 1 out of 20
Updating learning rate to 8.71548459354641e-05
	iters: 100, epoch: 117 | loss: 0.3023900
	speed: 0.4828s/iter; left time: 15853.9804s
Epoch: 117 cost time: 24.37919020652771
Epoch: 117, Steps: 179 | Train Loss: 0.2924978 Vali Loss: 0.4428345 Test Loss: 0.4851874
Validation loss decreased (0.443010 --> 0.442834).  Saving model ...
Updating learning rate to 8.671369654111093e-05
	iters: 100, epoch: 118 | loss: 0.2848135
	speed: 0.4892s/iter; left time: 15977.3287s
Epoch: 118 cost time: 24.938050985336304
Epoch: 118, Steps: 179 | Train Loss: 0.2925384 Vali Loss: 0.4424365 Test Loss: 0.4845311
Validation loss decreased (0.442834 --> 0.442436).  Saving model ...
Updating learning rate to 8.626625647812704e-05
	iters: 100, epoch: 119 | loss: 0.2982939
	speed: 0.5043s/iter; left time: 16377.7292s
Epoch: 119 cost time: 25.87082028388977
Epoch: 119, Steps: 179 | Train Loss: 0.2921676 Vali Loss: 0.4424806 Test Loss: 0.4852349
EarlyStopping counter: 1 out of 20
Updating learning rate to 8.581260241306378e-05
	iters: 100, epoch: 120 | loss: 0.2899230
	speed: 0.5011s/iter; left time: 16185.2836s
Epoch: 120 cost time: 25.157885789871216
Epoch: 120, Steps: 179 | Train Loss: 0.2920310 Vali Loss: 0.4441907 Test Loss: 0.4859148
EarlyStopping counter: 2 out of 20
Updating learning rate to 8.53528120772098e-05
	iters: 100, epoch: 121 | loss: 0.2877615
	speed: 0.4965s/iter; left time: 15946.7776s
Epoch: 121 cost time: 25.45695948600769
Epoch: 121, Steps: 179 | Train Loss: 0.2919917 Vali Loss: 0.4428908 Test Loss: 0.4855295
EarlyStopping counter: 3 out of 20
Updating learning rate to 8.488696425327213e-05
	iters: 100, epoch: 122 | loss: 0.2854140
	speed: 0.4949s/iter; left time: 15809.2539s
Epoch: 122 cost time: 25.067967176437378
Epoch: 122, Steps: 179 | Train Loss: 0.2919049 Vali Loss: 0.4424765 Test Loss: 0.4839870
EarlyStopping counter: 4 out of 20
Updating learning rate to 8.44151387618772e-05
	iters: 100, epoch: 123 | loss: 0.3062329
	speed: 0.5016s/iter; left time: 15930.8631s
Epoch: 123 cost time: 25.999401092529297
Epoch: 123, Steps: 179 | Train Loss: 0.2918163 Vali Loss: 0.4426686 Test Loss: 0.4841513
EarlyStopping counter: 5 out of 20
Updating learning rate to 8.393741644789404e-05
	iters: 100, epoch: 124 | loss: 0.2980258
	speed: 0.4956s/iter; left time: 15652.3236s
Epoch: 124 cost time: 24.906800746917725
Epoch: 124, Steps: 179 | Train Loss: 0.2916919 Vali Loss: 0.4422444 Test Loss: 0.4843452
Validation loss decreased (0.442436 --> 0.442244).  Saving model ...
Updating learning rate to 8.34538791665818e-05
	iters: 100, epoch: 125 | loss: 0.2787641
	speed: 0.4833s/iter; left time: 15177.7696s
Epoch: 125 cost time: 24.224730253219604
Epoch: 125, Steps: 179 | Train Loss: 0.2916030 Vali Loss: 0.4419119 Test Loss: 0.4838430
Validation loss decreased (0.442244 --> 0.441912).  Saving model ...
Updating learning rate to 8.296460976956435e-05
	iters: 100, epoch: 126 | loss: 0.3102410
	speed: 0.4969s/iter; left time: 15515.3769s
Epoch: 126 cost time: 25.56834125518799
Epoch: 126, Steps: 179 | Train Loss: 0.2913399 Vali Loss: 0.4425109 Test Loss: 0.4842146
EarlyStopping counter: 1 out of 20
Updating learning rate to 8.246969209063415e-05
	iters: 100, epoch: 127 | loss: 0.2883380
	speed: 0.4933s/iter; left time: 15314.5422s
Epoch: 127 cost time: 24.379308462142944
Epoch: 127, Steps: 179 | Train Loss: 0.2912358 Vali Loss: 0.4421265 Test Loss: 0.4833196
EarlyStopping counter: 2 out of 20
Updating learning rate to 8.196921093138763e-05
	iters: 100, epoch: 128 | loss: 0.2956427
	speed: 0.4838s/iter; left time: 14934.2407s
Epoch: 128 cost time: 24.1733455657959
Epoch: 128, Steps: 179 | Train Loss: 0.2911975 Vali Loss: 0.4419737 Test Loss: 0.4832636
EarlyStopping counter: 3 out of 20
Updating learning rate to 8.146325204669492e-05
	iters: 100, epoch: 129 | loss: 0.2861277
	speed: 0.4884s/iter; left time: 14988.0911s
Epoch: 129 cost time: 25.2485773563385
Epoch: 129, Steps: 179 | Train Loss: 0.2909306 Vali Loss: 0.4419602 Test Loss: 0.4834143
EarlyStopping counter: 4 out of 20
Updating learning rate to 8.095190213000624e-05
	iters: 100, epoch: 130 | loss: 0.2898561
	speed: 0.4967s/iter; left time: 15155.5986s
Epoch: 130 cost time: 24.749479055404663
Epoch: 130, Steps: 179 | Train Loss: 0.2909616 Vali Loss: 0.4418610 Test Loss: 0.4830520
Validation loss decreased (0.441912 --> 0.441861).  Saving model ...
Updating learning rate to 8.043524879849739e-05
	iters: 100, epoch: 131 | loss: 0.2851946
	speed: 0.4802s/iter; left time: 14564.3397s
Epoch: 131 cost time: 24.385032892227173
Epoch: 131, Steps: 179 | Train Loss: 0.2907657 Vali Loss: 0.4416354 Test Loss: 0.4832374
Validation loss decreased (0.441861 --> 0.441635).  Saving model ...
Updating learning rate to 7.991338057805696e-05
	iters: 100, epoch: 132 | loss: 0.2911391
	speed: 0.4793s/iter; left time: 14451.6350s
Epoch: 132 cost time: 24.296464204788208
Epoch: 132, Steps: 179 | Train Loss: 0.2906353 Vali Loss: 0.4416931 Test Loss: 0.4829821
EarlyStopping counter: 1 out of 20
Updating learning rate to 7.938638688811798e-05
	iters: 100, epoch: 133 | loss: 0.2888803
	speed: 0.4952s/iter; left time: 14842.8534s
Epoch: 133 cost time: 24.894789457321167
Epoch: 133, Steps: 179 | Train Loss: 0.2904694 Vali Loss: 0.4415832 Test Loss: 0.4821421
Validation loss decreased (0.441635 --> 0.441583).  Saving model ...
Updating learning rate to 7.885435802633621e-05
	iters: 100, epoch: 134 | loss: 0.2924261
	speed: 0.4896s/iter; left time: 14586.9970s
Epoch: 134 cost time: 24.548478841781616
Epoch: 134, Steps: 179 | Train Loss: 0.2904055 Vali Loss: 0.4423380 Test Loss: 0.4832675
EarlyStopping counter: 1 out of 20
Updating learning rate to 7.831738515311824e-05
	iters: 100, epoch: 135 | loss: 0.2986633
	speed: 0.4768s/iter; left time: 14121.5681s
Epoch: 135 cost time: 23.710649490356445
Epoch: 135, Steps: 179 | Train Loss: 0.2902732 Vali Loss: 0.4410912 Test Loss: 0.4821449
Validation loss decreased (0.441583 --> 0.441091).  Saving model ...
Updating learning rate to 7.777556027600156e-05
	iters: 100, epoch: 136 | loss: 0.3004503
	speed: 0.4990s/iter; left time: 14689.3616s
Epoch: 136 cost time: 26.974108695983887
Epoch: 136, Steps: 179 | Train Loss: 0.2901232 Vali Loss: 0.4420008 Test Loss: 0.4830270
EarlyStopping counter: 1 out of 20
Updating learning rate to 7.722897623388952e-05
	iters: 100, epoch: 137 | loss: 0.2905638
	speed: 0.5194s/iter; left time: 15195.4738s
Epoch: 137 cost time: 25.452960729599
Epoch: 137, Steps: 179 | Train Loss: 0.2900375 Vali Loss: 0.4417074 Test Loss: 0.4816428
EarlyStopping counter: 2 out of 20
Updating learning rate to 7.667772668114393e-05
	iters: 100, epoch: 138 | loss: 0.2794739
	speed: 0.4948s/iter; left time: 14386.9533s
Epoch: 138 cost time: 24.810872077941895
Epoch: 138, Steps: 179 | Train Loss: 0.2899366 Vali Loss: 0.4416043 Test Loss: 0.4821223
EarlyStopping counter: 3 out of 20
Updating learning rate to 7.61219060715378e-05
	iters: 100, epoch: 139 | loss: 0.2837853
	speed: 0.5013s/iter; left time: 14487.8234s
Epoch: 139 cost time: 26.546069145202637
Epoch: 139, Steps: 179 | Train Loss: 0.2898760 Vali Loss: 0.4410793 Test Loss: 0.4821859
Validation loss decreased (0.441091 --> 0.441079).  Saving model ...
Updating learning rate to 7.556160964207124e-05
	iters: 100, epoch: 140 | loss: 0.2855225
	speed: 0.4996s/iter; left time: 14349.7790s
Epoch: 140 cost time: 24.660691738128662
Epoch: 140, Steps: 179 | Train Loss: 0.2897399 Vali Loss: 0.4416320 Test Loss: 0.4824085
EarlyStopping counter: 1 out of 20
Updating learning rate to 7.499693339665299e-05
	iters: 100, epoch: 141 | loss: 0.2975582
	speed: 0.4921s/iter; left time: 14046.0691s
Epoch: 141 cost time: 25.07017230987549
Epoch: 141, Steps: 179 | Train Loss: 0.2895931 Vali Loss: 0.4414857 Test Loss: 0.4817458
EarlyStopping counter: 2 out of 20
Updating learning rate to 7.442797408965076e-05
	iters: 100, epoch: 142 | loss: 0.2858281
	speed: 0.4907s/iter; left time: 13916.2714s
Epoch: 142 cost time: 24.68746519088745
Epoch: 142, Steps: 179 | Train Loss: 0.2895309 Vali Loss: 0.4410028 Test Loss: 0.4822221
Validation loss decreased (0.441079 --> 0.441003).  Saving model ...
Updating learning rate to 7.385482920931281e-05
	iters: 100, epoch: 143 | loss: 0.2834431
	speed: 0.4797s/iter; left time: 13520.4112s
Epoch: 143 cost time: 23.759732961654663
Epoch: 143, Steps: 179 | Train Loss: 0.2894417 Vali Loss: 0.4404878 Test Loss: 0.4812113
Validation loss decreased (0.441003 --> 0.440488).  Saving model ...
Updating learning rate to 7.32775969610638e-05
	iters: 100, epoch: 144 | loss: 0.2847821
	speed: 0.4747s/iter; left time: 13292.2045s
Epoch: 144 cost time: 24.14497685432434
Epoch: 144, Steps: 179 | Train Loss: 0.2893474 Vali Loss: 0.4406847 Test Loss: 0.4810831
EarlyStopping counter: 1 out of 20
Updating learning rate to 7.26963762506779e-05
	iters: 100, epoch: 145 | loss: 0.3018378
	speed: 0.4785s/iter; left time: 13315.3676s
Epoch: 145 cost time: 24.55857253074646
Epoch: 145, Steps: 179 | Train Loss: 0.2892941 Vali Loss: 0.4415197 Test Loss: 0.4816696
EarlyStopping counter: 2 out of 20
Updating learning rate to 7.211126666733164e-05
	iters: 100, epoch: 146 | loss: 0.2877861
	speed: 0.4808s/iter; left time: 13293.4375s
Epoch: 146 cost time: 24.061580181121826
Epoch: 146, Steps: 179 | Train Loss: 0.2891171 Vali Loss: 0.4407331 Test Loss: 0.4814216
EarlyStopping counter: 3 out of 20
Updating learning rate to 7.152236846654005e-05
	iters: 100, epoch: 147 | loss: 0.2936478
	speed: 0.4851s/iter; left time: 13324.4884s
Epoch: 147 cost time: 25.454874515533447
Epoch: 147, Steps: 179 | Train Loss: 0.2889903 Vali Loss: 0.4406176 Test Loss: 0.4813582
EarlyStopping counter: 4 out of 20
Updating learning rate to 7.092978255297812e-05
	iters: 100, epoch: 148 | loss: 0.2826308
	speed: 0.4852s/iter; left time: 13239.5437s
Epoch: 148 cost time: 24.576897621154785
Epoch: 148, Steps: 179 | Train Loss: 0.2890669 Vali Loss: 0.4406794 Test Loss: 0.4802038
EarlyStopping counter: 5 out of 20
Updating learning rate to 7.033361046319152e-05
	iters: 100, epoch: 149 | loss: 0.2875769
	speed: 0.4841s/iter; left time: 13123.2709s
Epoch: 149 cost time: 24.223928451538086
Epoch: 149, Steps: 179 | Train Loss: 0.2887921 Vali Loss: 0.4404359 Test Loss: 0.4803181
Validation loss decreased (0.440488 --> 0.440436).  Saving model ...
Updating learning rate to 6.973395434819875e-05
	iters: 100, epoch: 150 | loss: 0.2781763
	speed: 0.4890s/iter; left time: 13169.4308s
Epoch: 150 cost time: 24.172913074493408
Epoch: 150, Steps: 179 | Train Loss: 0.2887423 Vali Loss: 0.4398308 Test Loss: 0.4798655
Validation loss decreased (0.440436 --> 0.439831).  Saving model ...
Updating learning rate to 6.913091695598807e-05
	iters: 100, epoch: 151 | loss: 0.2751323
	speed: 0.4749s/iter; left time: 12703.1099s
Epoch: 151 cost time: 24.17534112930298
Epoch: 151, Steps: 179 | Train Loss: 0.2886665 Vali Loss: 0.4408906 Test Loss: 0.4805542
EarlyStopping counter: 1 out of 20
Updating learning rate to 6.852460161391217e-05
	iters: 100, epoch: 152 | loss: 0.2806105
	speed: 0.4827s/iter; left time: 12825.7290s
Epoch: 152 cost time: 24.403010606765747
Epoch: 152, Steps: 179 | Train Loss: 0.2885275 Vali Loss: 0.4402698 Test Loss: 0.4810340
EarlyStopping counter: 2 out of 20
Updating learning rate to 6.79151122109836e-05
	iters: 100, epoch: 153 | loss: 0.2868231
	speed: 0.4832s/iter; left time: 12752.6633s
Epoch: 153 cost time: 24.205125331878662
Epoch: 153, Steps: 179 | Train Loss: 0.2884820 Vali Loss: 0.4392661 Test Loss: 0.4799295
Validation loss decreased (0.439831 --> 0.439266).  Saving model ...
Updating learning rate to 6.73025531800739e-05
	iters: 100, epoch: 154 | loss: 0.2795690
	speed: 0.4805s/iter; left time: 12594.5341s
Epoch: 154 cost time: 24.213989734649658
Epoch: 154, Steps: 179 | Train Loss: 0.2883919 Vali Loss: 0.4394400 Test Loss: 0.4797237
EarlyStopping counter: 1 out of 20
Updating learning rate to 6.668702948001957e-05
	iters: 100, epoch: 155 | loss: 0.2914065
	speed: 0.4845s/iter; left time: 12613.8478s
Epoch: 155 cost time: 24.655756950378418
Epoch: 155, Steps: 179 | Train Loss: 0.2883086 Vali Loss: 0.4390213 Test Loss: 0.4800992
Validation loss decreased (0.439266 --> 0.439021).  Saving model ...
Updating learning rate to 6.606864657763786e-05
	iters: 100, epoch: 156 | loss: 0.2931524
	speed: 0.4880s/iter; left time: 12616.4648s
Epoch: 156 cost time: 24.449788331985474
Epoch: 156, Steps: 179 | Train Loss: 0.2881820 Vali Loss: 0.4402434 Test Loss: 0.4797210
EarlyStopping counter: 1 out of 20
Updating learning rate to 6.544751042965564e-05
	iters: 100, epoch: 157 | loss: 0.2831552
	speed: 0.4864s/iter; left time: 12489.7070s
Epoch: 157 cost time: 24.105454683303833
Epoch: 157, Steps: 179 | Train Loss: 0.2880372 Vali Loss: 0.4400600 Test Loss: 0.4799426
EarlyStopping counter: 2 out of 20
Updating learning rate to 6.48237274645543e-05
	iters: 100, epoch: 158 | loss: 0.2906584
	speed: 0.4807s/iter; left time: 12257.8450s
Epoch: 158 cost time: 24.26800036430359
Epoch: 158, Steps: 179 | Train Loss: 0.2880601 Vali Loss: 0.4398774 Test Loss: 0.4801881
EarlyStopping counter: 3 out of 20
Updating learning rate to 6.419740456433363e-05
	iters: 100, epoch: 159 | loss: 0.2899323
	speed: 0.4749s/iter; left time: 12023.2608s
Epoch: 159 cost time: 24.079680919647217
Epoch: 159, Steps: 179 | Train Loss: 0.2878858 Vali Loss: 0.4388770 Test Loss: 0.4795772
Validation loss decreased (0.439021 --> 0.438877).  Saving model ...
Updating learning rate to 6.356864904619827e-05
	iters: 100, epoch: 160 | loss: 0.2892225
	speed: 0.4831s/iter; left time: 12145.6480s
Epoch: 160 cost time: 24.090538501739502
Epoch: 160, Steps: 179 | Train Loss: 0.2879369 Vali Loss: 0.4395931 Test Loss: 0.4790618
EarlyStopping counter: 1 out of 20
Updating learning rate to 6.293756864416939e-05
	iters: 100, epoch: 161 | loss: 0.2989969
	speed: 0.4817s/iter; left time: 12022.7205s
Epoch: 161 cost time: 24.28198504447937
Epoch: 161, Steps: 179 | Train Loss: 0.2878228 Vali Loss: 0.4390472 Test Loss: 0.4793997
EarlyStopping counter: 2 out of 20
Updating learning rate to 6.230427149062511e-05
	iters: 100, epoch: 162 | loss: 0.2724687
	speed: 0.4857s/iter; left time: 12036.6893s
Epoch: 162 cost time: 24.524985790252686
Epoch: 162, Steps: 179 | Train Loss: 0.2877195 Vali Loss: 0.4391522 Test Loss: 0.4799615
EarlyStopping counter: 3 out of 20
Updating learning rate to 6.166886609777243e-05
	iters: 100, epoch: 163 | loss: 0.2831046
	speed: 0.4854s/iter; left time: 11942.7856s
Epoch: 163 cost time: 24.34481120109558
Epoch: 163, Steps: 179 | Train Loss: 0.2876170 Vali Loss: 0.4392056 Test Loss: 0.4793987
EarlyStopping counter: 4 out of 20
Updating learning rate to 6.103146133905435e-05
	iters: 100, epoch: 164 | loss: 0.2937963
	speed: 0.4812s/iter; left time: 11753.8000s
Epoch: 164 cost time: 24.201490879058838
Epoch: 164, Steps: 179 | Train Loss: 0.2876159 Vali Loss: 0.4394210 Test Loss: 0.4790106
EarlyStopping counter: 5 out of 20
Updating learning rate to 6.039216643049494e-05
	iters: 100, epoch: 165 | loss: 0.2915473
	speed: 0.4849s/iter; left time: 11757.0512s
Epoch: 165 cost time: 24.43345808982849
Epoch: 165, Steps: 179 | Train Loss: 0.2873338 Vali Loss: 0.4376020 Test Loss: 0.4786092
Validation loss decreased (0.438877 --> 0.437602).  Saving model ...
Updating learning rate to 5.975109091198564e-05
	iters: 100, epoch: 166 | loss: 0.2883531
	speed: 0.4808s/iter; left time: 11571.7354s
Epoch: 166 cost time: 24.31095576286316
Epoch: 166, Steps: 179 | Train Loss: 0.2873371 Vali Loss: 0.4392479 Test Loss: 0.4788314
EarlyStopping counter: 1 out of 20
Updating learning rate to 5.910834462851629e-05
	iters: 100, epoch: 167 | loss: 0.2784558
	speed: 0.4861s/iter; left time: 11612.4993s
Epoch: 167 cost time: 24.569064378738403
Epoch: 167, Steps: 179 | Train Loss: 0.2873150 Vali Loss: 0.4389389 Test Loss: 0.4797621
EarlyStopping counter: 2 out of 20
Updating learning rate to 5.84640377113537e-05
	iters: 100, epoch: 168 | loss: 0.2834967
	speed: 0.4837s/iter; left time: 11467.9104s
Epoch: 168 cost time: 24.628499746322632
Epoch: 168, Steps: 179 | Train Loss: 0.2871950 Vali Loss: 0.4392307 Test Loss: 0.4791422
EarlyStopping counter: 3 out of 20
Updating learning rate to 5.781828055917122e-05
	iters: 100, epoch: 169 | loss: 0.2865991
	speed: 0.4863s/iter; left time: 11441.8653s
Epoch: 169 cost time: 24.614709615707397
Epoch: 169, Steps: 179 | Train Loss: 0.2871088 Vali Loss: 0.4388606 Test Loss: 0.4790131
EarlyStopping counter: 4 out of 20
Updating learning rate to 5.717118381913253e-05
	iters: 100, epoch: 170 | loss: 0.2837735
	speed: 0.4776s/iter; left time: 11151.7786s
Epoch: 170 cost time: 23.55243682861328
Epoch: 170, Steps: 179 | Train Loss: 0.2871488 Vali Loss: 0.4392188 Test Loss: 0.4781039
EarlyStopping counter: 5 out of 20
Updating learning rate to 5.652285836793275e-05
	iters: 100, epoch: 171 | loss: 0.2906269
	speed: 0.4634s/iter; left time: 10736.9429s
Epoch: 171 cost time: 23.346484422683716
Epoch: 171, Steps: 179 | Train Loss: 0.2870178 Vali Loss: 0.4387612 Test Loss: 0.4797010
EarlyStopping counter: 6 out of 20
Updating learning rate to 5.587341529280036e-05
	iters: 100, epoch: 172 | loss: 0.2893951
	speed: 0.4770s/iter; left time: 10966.5903s
Epoch: 172 cost time: 24.141114234924316
Epoch: 172, Steps: 179 | Train Loss: 0.2868121 Vali Loss: 0.4389188 Test Loss: 0.4787945
EarlyStopping counter: 7 out of 20
Updating learning rate to 5.522296587246295e-05
	iters: 100, epoch: 173 | loss: 0.2922167
	speed: 0.4791s/iter; left time: 10928.9014s
Epoch: 173 cost time: 24.429208993911743
Epoch: 173, Steps: 179 | Train Loss: 0.2868261 Vali Loss: 0.4386674 Test Loss: 0.4782761
EarlyStopping counter: 8 out of 20
Updating learning rate to 5.457162155808015e-05
	iters: 100, epoch: 174 | loss: 0.2891244
	speed: 0.4881s/iter; left time: 11047.0123s
Epoch: 174 cost time: 24.548925638198853
Epoch: 174, Steps: 179 | Train Loss: 0.2867560 Vali Loss: 0.4378910 Test Loss: 0.4784376
EarlyStopping counter: 9 out of 20
Updating learning rate to 5.391949395414713e-05
	iters: 100, epoch: 175 | loss: 0.2769397
	speed: 0.4841s/iter; left time: 10870.5090s
Epoch: 175 cost time: 24.63707160949707
Epoch: 175, Steps: 179 | Train Loss: 0.2866642 Vali Loss: 0.4378331 Test Loss: 0.4781012
EarlyStopping counter: 10 out of 20
Updating learning rate to 5.326669479937163e-05
	iters: 100, epoch: 176 | loss: 0.2857368
	speed: 0.4893s/iter; left time: 10899.5882s
Epoch: 176 cost time: 24.474480390548706
Epoch: 176, Steps: 179 | Train Loss: 0.2866531 Vali Loss: 0.4380647 Test Loss: 0.4774687
EarlyStopping counter: 11 out of 20
Updating learning rate to 5.2613335947528245e-05
	iters: 100, epoch: 177 | loss: 0.2833963
	speed: 0.4832s/iter; left time: 10678.1761s
Epoch: 177 cost time: 24.335315942764282
Epoch: 177, Steps: 179 | Train Loss: 0.2865664 Vali Loss: 0.4387267 Test Loss: 0.4776992
EarlyStopping counter: 12 out of 20
Updating learning rate to 5.195952934829269e-05
	iters: 100, epoch: 178 | loss: 0.2796892
	speed: 0.4866s/iter; left time: 10666.1747s
Epoch: 178 cost time: 24.278451442718506
Epoch: 178, Steps: 179 | Train Loss: 0.2864992 Vali Loss: 0.4385289 Test Loss: 0.4786075
EarlyStopping counter: 13 out of 20
Updating learning rate to 5.130538702805996e-05
	iters: 100, epoch: 179 | loss: 0.2836147
	speed: 0.4875s/iter; left time: 10597.2604s
Epoch: 179 cost time: 24.416489362716675
Epoch: 179, Steps: 179 | Train Loss: 0.2864744 Vali Loss: 0.4383001 Test Loss: 0.4775556
EarlyStopping counter: 14 out of 20
Updating learning rate to 5.065102107074911e-05
	iters: 100, epoch: 180 | loss: 0.2933757
	speed: 0.4797s/iter; left time: 10342.6272s
Epoch: 180 cost time: 24.614148378372192
Epoch: 180, Steps: 179 | Train Loss: 0.2863530 Vali Loss: 0.4386320 Test Loss: 0.4779799
EarlyStopping counter: 15 out of 20
Updating learning rate to 4.999654359859822e-05
	iters: 100, epoch: 181 | loss: 0.2756151
	speed: 0.4949s/iter; left time: 10581.0307s
Epoch: 181 cost time: 24.955345630645752
Epoch: 181, Steps: 179 | Train Loss: 0.2862322 Vali Loss: 0.4387851 Test Loss: 0.4774145
EarlyStopping counter: 16 out of 20
Updating learning rate to 4.9342066752952866e-05
	iters: 100, epoch: 182 | loss: 0.2787588
	speed: 0.4903s/iter; left time: 10395.6855s
Epoch: 182 cost time: 24.872192859649658
Epoch: 182, Steps: 179 | Train Loss: 0.2864027 Vali Loss: 0.4377127 Test Loss: 0.4779077
EarlyStopping counter: 17 out of 20
Updating learning rate to 4.868770267505134e-05
	iters: 100, epoch: 183 | loss: 0.3005796
	speed: 0.4963s/iter; left time: 10434.2203s
Epoch: 183 cost time: 24.818726062774658
Epoch: 183, Steps: 179 | Train Loss: 0.2862521 Vali Loss: 0.4377940 Test Loss: 0.4781000
EarlyStopping counter: 18 out of 20
Updating learning rate to 4.8033563486809675e-05
	iters: 100, epoch: 184 | loss: 0.2858924
	speed: 0.4915s/iter; left time: 10245.6740s
Epoch: 184 cost time: 24.69743037223816
Epoch: 184, Steps: 179 | Train Loss: 0.2861463 Vali Loss: 0.4384235 Test Loss: 0.4773881
EarlyStopping counter: 19 out of 20
Updating learning rate to 4.7379761271610286e-05
	iters: 100, epoch: 185 | loss: 0.2779356
	speed: 0.4864s/iter; left time: 10052.2111s
Epoch: 185 cost time: 24.718560218811035
Epoch: 185, Steps: 179 | Train Loss: 0.2859436 Vali Loss: 0.4375798 Test Loss: 0.4771302
Validation loss decreased (0.437602 --> 0.437580).  Saving model ...
Updating learning rate to 4.6726408055096934e-05
	iters: 100, epoch: 186 | loss: 0.2773514
	speed: 0.4933s/iter; left time: 10106.0592s
Epoch: 186 cost time: 24.810157775878906
Epoch: 186, Steps: 179 | Train Loss: 0.2860405 Vali Loss: 0.4381306 Test Loss: 0.4768302
EarlyStopping counter: 1 out of 20
Updating learning rate to 4.607361578597983e-05
	iters: 100, epoch: 187 | loss: 0.2888427
	speed: 0.4977s/iter; left time: 10107.1917s
Epoch: 187 cost time: 25.720637559890747
Epoch: 187, Steps: 179 | Train Loss: 0.2859508 Vali Loss: 0.4373211 Test Loss: 0.4766066
Validation loss decreased (0.437580 --> 0.437321).  Saving model ...
Updating learning rate to 4.5421496316853675e-05
	iters: 100, epoch: 188 | loss: 0.2813602
	speed: 0.4909s/iter; left time: 9880.9613s
Epoch: 188 cost time: 24.84155774116516
Epoch: 188, Steps: 179 | Train Loss: 0.2858166 Vali Loss: 0.4374585 Test Loss: 0.4768099
EarlyStopping counter: 1 out of 20
Updating learning rate to 4.4770161385032386e-05
	iters: 100, epoch: 189 | loss: 0.2817915
	speed: 0.4941s/iter; left time: 9856.7208s
Epoch: 189 cost time: 25.044888019561768
Epoch: 189, Steps: 179 | Train Loss: 0.2858464 Vali Loss: 0.4371682 Test Loss: 0.4768574
Validation loss decreased (0.437321 --> 0.437168).  Saving model ...
Updating learning rate to 4.4119722593403484e-05
	iters: 100, epoch: 190 | loss: 0.2815917
	speed: 0.4988s/iter; left time: 9861.2182s
Epoch: 190 cost time: 25.034588098526
Epoch: 190, Steps: 179 | Train Loss: 0.2856977 Vali Loss: 0.4378716 Test Loss: 0.4769322
EarlyStopping counter: 1 out of 20
Updating learning rate to 4.347029139130541e-05
	iters: 100, epoch: 191 | loss: 0.2797533
	speed: 0.4912s/iter; left time: 9622.4331s
Epoch: 191 cost time: 24.696035385131836
Epoch: 191, Steps: 179 | Train Loss: 0.2856542 Vali Loss: 0.4380162 Test Loss: 0.4761830
EarlyStopping counter: 2 out of 20
Updating learning rate to 4.282197905543138e-05
	iters: 100, epoch: 192 | loss: 0.2851054
	speed: 0.4899s/iter; left time: 9510.2549s
Epoch: 192 cost time: 24.631694316864014
Epoch: 192, Steps: 179 | Train Loss: 0.2855806 Vali Loss: 0.4378278 Test Loss: 0.4763943
EarlyStopping counter: 3 out of 20
Updating learning rate to 4.217489667076262e-05
	iters: 100, epoch: 193 | loss: 0.2873780
	speed: 0.4847s/iter; left time: 9322.1236s
Epoch: 193 cost time: 24.992061376571655
Epoch: 193, Steps: 179 | Train Loss: 0.2855181 Vali Loss: 0.4374866 Test Loss: 0.4763134
EarlyStopping counter: 4 out of 20
Updating learning rate to 4.152915511153455e-05
	iters: 100, epoch: 194 | loss: 0.2936610
	speed: 0.4921s/iter; left time: 9376.3881s
Epoch: 194 cost time: 24.592743158340454
Epoch: 194, Steps: 179 | Train Loss: 0.2854895 Vali Loss: 0.4374627 Test Loss: 0.4766612
EarlyStopping counter: 5 out of 20
Updating learning rate to 4.088486502223907e-05
	iters: 100, epoch: 195 | loss: 0.2819746
	speed: 0.4914s/iter; left time: 9274.8484s
Epoch: 195 cost time: 24.676795721054077
Epoch: 195, Steps: 179 | Train Loss: 0.2854168 Vali Loss: 0.4375043 Test Loss: 0.4767327
EarlyStopping counter: 6 out of 20
Updating learning rate to 4.024213679866613e-05
	iters: 100, epoch: 196 | loss: 0.2909280
	speed: 0.5001s/iter; left time: 9350.5398s
Epoch: 196 cost time: 24.600593090057373
Epoch: 196, Steps: 179 | Train Loss: 0.2853975 Vali Loss: 0.4382656 Test Loss: 0.4763246
EarlyStopping counter: 7 out of 20
Updating learning rate to 3.96010805689881e-05
	iters: 100, epoch: 197 | loss: 0.2819968
	speed: 0.4912s/iter; left time: 9095.4450s
Epoch: 197 cost time: 24.949742555618286
Epoch: 197, Steps: 179 | Train Loss: 0.2852321 Vali Loss: 0.4374467 Test Loss: 0.4767260
EarlyStopping counter: 8 out of 20
Updating learning rate to 3.896180617488978e-05
	iters: 100, epoch: 198 | loss: 0.2973436
	speed: 0.4892s/iter; left time: 8971.4682s
Epoch: 198 cost time: 24.345563888549805
Epoch: 198, Steps: 179 | Train Loss: 0.2853533 Vali Loss: 0.4369480 Test Loss: 0.4762035
Validation loss decreased (0.437168 --> 0.436948).  Saving model ...
Updating learning rate to 3.832442315274757e-05
	iters: 100, epoch: 199 | loss: 0.2867238
	speed: 0.4893s/iter; left time: 8885.4379s
Epoch: 199 cost time: 24.73806071281433
Epoch: 199, Steps: 179 | Train Loss: 0.2851652 Vali Loss: 0.4369527 Test Loss: 0.4761004
EarlyStopping counter: 1 out of 20
Updating learning rate to 3.7689040714861086e-05
	iters: 100, epoch: 200 | loss: 0.2891752
	speed: 0.4894s/iter; left time: 8799.4933s
Epoch: 200 cost time: 24.53843116760254
Epoch: 200, Steps: 179 | Train Loss: 0.2851702 Vali Loss: 0.4373944 Test Loss: 0.4759131
EarlyStopping counter: 2 out of 20
Updating learning rate to 3.7055767730740075e-05
	iters: 100, epoch: 201 | loss: 0.2915428
	speed: 0.4907s/iter; left time: 8735.3327s
Epoch: 201 cost time: 24.807925701141357
Epoch: 201, Steps: 179 | Train Loss: 0.2850729 Vali Loss: 0.4374562 Test Loss: 0.4757915
EarlyStopping counter: 3 out of 20
Updating learning rate to 3.64247127084503e-05
	iters: 100, epoch: 202 | loss: 0.2857357
	speed: 0.4870s/iter; left time: 8581.5979s
Epoch: 202 cost time: 24.581539392471313
Epoch: 202, Steps: 179 | Train Loss: 0.2850736 Vali Loss: 0.4381541 Test Loss: 0.4763633
EarlyStopping counter: 4 out of 20
Updating learning rate to 3.579598377602112e-05
	iters: 100, epoch: 203 | loss: 0.2804313
	speed: 0.4942s/iter; left time: 8619.5808s
Epoch: 203 cost time: 25.639464855194092
Epoch: 203, Steps: 179 | Train Loss: 0.2850617 Vali Loss: 0.4369660 Test Loss: 0.4758582
EarlyStopping counter: 5 out of 20
Updating learning rate to 3.51696886629184e-05
	iters: 100, epoch: 204 | loss: 0.2849878
	speed: 0.4944s/iter; left time: 8535.5890s
Epoch: 204 cost time: 24.606562614440918
Epoch: 204, Steps: 179 | Train Loss: 0.2850129 Vali Loss: 0.4368454 Test Loss: 0.4764055
Validation loss decreased (0.436948 --> 0.436845).  Saving model ...
Updating learning rate to 3.454593468158563e-05
	iters: 100, epoch: 205 | loss: 0.2762616
	speed: 0.4876s/iter; left time: 8331.0414s
Epoch: 205 cost time: 24.48013734817505
Epoch: 205, Steps: 179 | Train Loss: 0.2848818 Vali Loss: 0.4370140 Test Loss: 0.4759891
EarlyStopping counter: 1 out of 20
Updating learning rate to 3.392482870905638e-05
	iters: 100, epoch: 206 | loss: 0.2825900
	speed: 0.4902s/iter; left time: 8287.2939s
Epoch: 206 cost time: 24.82844853401184
Epoch: 206, Steps: 179 | Train Loss: 0.2848505 Vali Loss: 0.4374529 Test Loss: 0.4758973
EarlyStopping counter: 2 out of 20
Updating learning rate to 3.330647716864161e-05
	iters: 100, epoch: 207 | loss: 0.2773896
	speed: 0.4946s/iter; left time: 8272.9745s
Epoch: 207 cost time: 24.568937063217163
Epoch: 207, Steps: 179 | Train Loss: 0.2848306 Vali Loss: 0.4371608 Test Loss: 0.4761472
EarlyStopping counter: 3 out of 20
Updating learning rate to 3.2690986011694466e-05
	iters: 100, epoch: 208 | loss: 0.2836716
	speed: 0.4882s/iter; left time: 8078.0301s
Epoch: 208 cost time: 24.357577800750732
Epoch: 208, Steps: 179 | Train Loss: 0.2848130 Vali Loss: 0.4369877 Test Loss: 0.4759172
EarlyStopping counter: 4 out of 20
Updating learning rate to 3.207846069945615e-05
	iters: 100, epoch: 209 | loss: 0.3078612
	speed: 0.4867s/iter; left time: 7966.9362s
Epoch: 209 cost time: 25.146888971328735
Epoch: 209, Steps: 179 | Train Loss: 0.2846911 Vali Loss: 0.4371637 Test Loss: 0.4752469
EarlyStopping counter: 5 out of 20
Updating learning rate to 3.1469006184985615e-05
	iters: 100, epoch: 210 | loss: 0.2942982
	speed: 0.4929s/iter; left time: 7980.0734s
Epoch: 210 cost time: 24.807739973068237
Epoch: 210, Steps: 179 | Train Loss: 0.2846613 Vali Loss: 0.4366914 Test Loss: 0.4757306
Validation loss decreased (0.436845 --> 0.436691).  Saving model ...
Updating learning rate to 3.086272689517642e-05
	iters: 100, epoch: 211 | loss: 0.2753299
	speed: 0.4931s/iter; left time: 7895.4343s
Epoch: 211 cost time: 24.73587918281555
Epoch: 211, Steps: 179 | Train Loss: 0.2846413 Vali Loss: 0.4371099 Test Loss: 0.4754047
EarlyStopping counter: 1 out of 20
Updating learning rate to 3.025972671286376e-05
	iters: 100, epoch: 212 | loss: 0.2841145
	speed: 0.4867s/iter; left time: 7705.9492s
Epoch: 212 cost time: 24.389400005340576
Epoch: 212, Steps: 179 | Train Loss: 0.2845668 Vali Loss: 0.4369130 Test Loss: 0.4755158
EarlyStopping counter: 2 out of 20
Updating learning rate to 2.9660108959024627e-05
	iters: 100, epoch: 213 | loss: 0.2819607
	speed: 0.4851s/iter; left time: 7592.7031s
Epoch: 213 cost time: 24.2089786529541
Epoch: 213, Steps: 179 | Train Loss: 0.2845932 Vali Loss: 0.4375825 Test Loss: 0.4750823
EarlyStopping counter: 3 out of 20
Updating learning rate to 2.9063976375074283e-05
	iters: 100, epoch: 214 | loss: 0.2863651
	speed: 0.4812s/iter; left time: 7445.3561s
Epoch: 214 cost time: 24.29434823989868
Epoch: 214, Steps: 179 | Train Loss: 0.2844824 Vali Loss: 0.4369353 Test Loss: 0.4758340
EarlyStopping counter: 4 out of 20
Updating learning rate to 2.84714311052621e-05
	iters: 100, epoch: 215 | loss: 0.2863493
	speed: 0.4841s/iter; left time: 7404.1079s
Epoch: 215 cost time: 24.486719846725464
Epoch: 215, Steps: 179 | Train Loss: 0.2844575 Vali Loss: 0.4369681 Test Loss: 0.4758207
EarlyStopping counter: 5 out of 20
Updating learning rate to 2.7882574679169633e-05
	iters: 100, epoch: 216 | loss: 0.2848046
	speed: 0.4856s/iter; left time: 7341.0397s
Epoch: 216 cost time: 24.344162225723267
Epoch: 216, Steps: 179 | Train Loss: 0.2845132 Vali Loss: 0.4376340 Test Loss: 0.4753526
EarlyStopping counter: 6 out of 20
Updating learning rate to 2.7297507994314033e-05
	iters: 100, epoch: 217 | loss: 0.2866919
	speed: 0.4866s/iter; left time: 7268.0548s
Epoch: 217 cost time: 24.23204779624939
Epoch: 217, Steps: 179 | Train Loss: 0.2843423 Vali Loss: 0.4362906 Test Loss: 0.4752686
Validation loss decreased (0.436691 --> 0.436291).  Saving model ...
Updating learning rate to 2.6716331298859833e-05
	iters: 100, epoch: 218 | loss: 0.2903420
	speed: 0.4868s/iter; left time: 7184.5125s
Epoch: 218 cost time: 24.632046699523926
Epoch: 218, Steps: 179 | Train Loss: 0.2842564 Vali Loss: 0.4372169 Test Loss: 0.4753044
EarlyStopping counter: 1 out of 20
Updating learning rate to 2.6139144174441887e-05
	iters: 100, epoch: 219 | loss: 0.2856094
	speed: 0.5028s/iter; left time: 7330.6040s
Epoch: 219 cost time: 25.825371980667114
Epoch: 219, Steps: 179 | Train Loss: 0.2842515 Vali Loss: 0.4373448 Test Loss: 0.4750052
EarlyStopping counter: 2 out of 20
Updating learning rate to 2.5566045519102595e-05
	iters: 100, epoch: 220 | loss: 0.2910062
	speed: 0.4936s/iter; left time: 7107.5996s
Epoch: 220 cost time: 24.49952530860901
Epoch: 220, Steps: 179 | Train Loss: 0.2842382 Vali Loss: 0.4364780 Test Loss: 0.4748695
EarlyStopping counter: 3 out of 20
Updating learning rate to 2.4997133530346236e-05
	iters: 100, epoch: 221 | loss: 0.2849832
	speed: 0.4876s/iter; left time: 6933.4838s
Epoch: 221 cost time: 24.057090044021606
Epoch: 221, Steps: 179 | Train Loss: 0.2842565 Vali Loss: 0.4374096 Test Loss: 0.4751731
EarlyStopping counter: 4 out of 20
Updating learning rate to 2.443250568831332e-05
	iters: 100, epoch: 222 | loss: 0.2912184
	speed: 0.4836s/iter; left time: 6790.9759s
Epoch: 222 cost time: 24.448113679885864
Epoch: 222, Steps: 179 | Train Loss: 0.2841079 Vali Loss: 0.4370623 Test Loss: 0.4749486
EarlyStopping counter: 5 out of 20
Updating learning rate to 2.3872258739077877e-05
	iters: 100, epoch: 223 | loss: 0.2894354
	speed: 0.4883s/iter; left time: 6769.2786s
Epoch: 223 cost time: 24.292837142944336
Epoch: 223, Steps: 179 | Train Loss: 0.2841140 Vali Loss: 0.4365126 Test Loss: 0.4748757
EarlyStopping counter: 6 out of 20
Updating learning rate to 2.331648867807046e-05
	iters: 100, epoch: 224 | loss: 0.2952726
	speed: 0.4807s/iter; left time: 6577.4101s
Epoch: 224 cost time: 24.62916612625122
Epoch: 224, Steps: 179 | Train Loss: 0.2840700 Vali Loss: 0.4370130 Test Loss: 0.4748458
EarlyStopping counter: 7 out of 20
Updating learning rate to 2.2765290733629936e-05
	iters: 100, epoch: 225 | loss: 0.2800431
	speed: 0.4994s/iter; left time: 6744.2675s
Epoch: 225 cost time: 25.361262321472168
Epoch: 225, Steps: 179 | Train Loss: 0.2840874 Vali Loss: 0.4363392 Test Loss: 0.4749334
EarlyStopping counter: 8 out of 20
Updating learning rate to 2.2218759350686513e-05
	iters: 100, epoch: 226 | loss: 0.2712565
	speed: 0.5047s/iter; left time: 6725.0858s
Epoch: 226 cost time: 25.446335792541504
Epoch: 226, Steps: 179 | Train Loss: 0.2839954 Vali Loss: 0.4366731 Test Loss: 0.4751788
EarlyStopping counter: 9 out of 20
Updating learning rate to 2.16769881745791e-05
	iters: 100, epoch: 227 | loss: 0.2737968
	speed: 0.5075s/iter; left time: 6671.5917s
Epoch: 227 cost time: 26.53271222114563
Epoch: 227, Steps: 179 | Train Loss: 0.2839670 Vali Loss: 0.4359965 Test Loss: 0.4746682
Validation loss decreased (0.436291 --> 0.435996).  Saving model ...
Updating learning rate to 2.114007003500968e-05
	iters: 100, epoch: 228 | loss: 0.2900325
	speed: 0.5037s/iter; left time: 6532.2598s
Epoch: 228 cost time: 24.76016330718994
Epoch: 228, Steps: 179 | Train Loss: 0.2838667 Vali Loss: 0.4364052 Test Loss: 0.4752283
EarlyStopping counter: 1 out of 20
Updating learning rate to 2.0608096930137426e-05
	iters: 100, epoch: 229 | loss: 0.2877586
	speed: 0.4996s/iter; left time: 6389.8143s
Epoch: 229 cost time: 25.292372465133667
Epoch: 229, Steps: 179 | Train Loss: 0.2838639 Vali Loss: 0.4365407 Test Loss: 0.4747166
EarlyStopping counter: 2 out of 20
Updating learning rate to 2.0081160010815212e-05
	iters: 100, epoch: 230 | loss: 0.2888606
	speed: 0.5116s/iter; left time: 6451.5147s
Epoch: 230 cost time: 27.06151056289673
Epoch: 230, Steps: 179 | Train Loss: 0.2838232 Vali Loss: 0.4365989 Test Loss: 0.4748603
EarlyStopping counter: 3 out of 20
Updating learning rate to 1.955934956497151e-05
	iters: 100, epoch: 231 | loss: 0.2799554
	speed: 0.5034s/iter; left time: 6258.1891s
Epoch: 231 cost time: 24.85194683074951
Epoch: 231, Steps: 179 | Train Loss: 0.2838681 Vali Loss: 0.4359610 Test Loss: 0.4746554
Validation loss decreased (0.435996 --> 0.435961).  Saving model ...
Updating learning rate to 1.9042755002139924e-05
	iters: 100, epoch: 232 | loss: 0.2887411
	speed: 0.5040s/iter; left time: 6175.2027s
Epoch: 232 cost time: 25.974873065948486
Epoch: 232, Steps: 179 | Train Loss: 0.2837577 Vali Loss: 0.4366212 Test Loss: 0.4752266
EarlyStopping counter: 1 out of 20
Updating learning rate to 1.853146483813937e-05
	iters: 100, epoch: 233 | loss: 0.2786593
	speed: 0.5083s/iter; left time: 6136.6939s
Epoch: 233 cost time: 24.95887327194214
Epoch: 233, Steps: 179 | Train Loss: 0.2837719 Vali Loss: 0.4370938 Test Loss: 0.4746646
EarlyStopping counter: 2 out of 20
Updating learning rate to 1.8025566679907285e-05
	iters: 100, epoch: 234 | loss: 0.2830352
	speed: 0.5131s/iter; left time: 6103.0197s
Epoch: 234 cost time: 26.015143871307373
Epoch: 234, Steps: 179 | Train Loss: 0.2837525 Vali Loss: 0.4358171 Test Loss: 0.4748857
Validation loss decreased (0.435961 --> 0.435817).  Saving model ...
Updating learning rate to 1.7525147210488746e-05
	iters: 100, epoch: 235 | loss: 0.2853341
	speed: 0.5098s/iter; left time: 5972.1323s
Epoch: 235 cost time: 25.539727449417114
Epoch: 235, Steps: 179 | Train Loss: 0.2837041 Vali Loss: 0.4366012 Test Loss: 0.4745539
EarlyStopping counter: 1 out of 20
Updating learning rate to 1.703029217418368e-05
	iters: 100, epoch: 236 | loss: 0.2919424
	speed: 0.4961s/iter; left time: 5722.8251s
Epoch: 236 cost time: 24.422642946243286
Epoch: 236, Steps: 179 | Train Loss: 0.2836069 Vali Loss: 0.4361994 Test Loss: 0.4749736
EarlyStopping counter: 2 out of 20
Updating learning rate to 1.6541086361855e-05
	iters: 100, epoch: 237 | loss: 0.2973191
	speed: 0.4855s/iter; left time: 5513.5324s
Epoch: 237 cost time: 24.746449947357178
Epoch: 237, Steps: 179 | Train Loss: 0.2835989 Vali Loss: 0.4363680 Test Loss: 0.4749328
EarlyStopping counter: 3 out of 20
Updating learning rate to 1.6057613596400227e-05
	iters: 100, epoch: 238 | loss: 0.2953855
	speed: 0.4928s/iter; left time: 5508.4609s
Epoch: 238 cost time: 24.702629804611206
Epoch: 238, Steps: 179 | Train Loss: 0.2836560 Vali Loss: 0.4365245 Test Loss: 0.4747325
EarlyStopping counter: 4 out of 20
Updating learning rate to 1.5579956718388822e-05
	iters: 100, epoch: 239 | loss: 0.2870761
	speed: 0.4926s/iter; left time: 5418.3220s
Epoch: 239 cost time: 24.734246015548706
Epoch: 239, Steps: 179 | Train Loss: 0.2835007 Vali Loss: 0.4365507 Test Loss: 0.4744156
EarlyStopping counter: 5 out of 20
Updating learning rate to 1.5108197571867798e-05
	iters: 100, epoch: 240 | loss: 0.2756939
	speed: 0.5033s/iter; left time: 5445.4160s
Epoch: 240 cost time: 25.802578449249268
Epoch: 240, Steps: 179 | Train Loss: 0.2834294 Vali Loss: 0.4361028 Test Loss: 0.4742675
EarlyStopping counter: 6 out of 20
Updating learning rate to 1.4642416990338309e-05
	iters: 100, epoch: 241 | loss: 0.2884741
	speed: 0.5028s/iter; left time: 5350.3046s
Epoch: 241 cost time: 25.264496088027954
Epoch: 241, Steps: 179 | Train Loss: 0.2835169 Vali Loss: 0.4360457 Test Loss: 0.4743561
EarlyStopping counter: 7 out of 20
Updating learning rate to 1.4182694782905187e-05
	iters: 100, epoch: 242 | loss: 0.2849516
	speed: 0.5047s/iter; left time: 5279.9429s
Epoch: 242 cost time: 25.54982304573059
Epoch: 242, Steps: 179 | Train Loss: 0.2834773 Vali Loss: 0.4357947 Test Loss: 0.4741635
Validation loss decreased (0.435817 --> 0.435795).  Saving model ...
Updating learning rate to 1.372910972060198e-05
	iters: 100, epoch: 243 | loss: 0.2759827
	speed: 0.5064s/iter; left time: 5207.7657s
Epoch: 243 cost time: 26.349820375442505
Epoch: 243, Steps: 179 | Train Loss: 0.2835304 Vali Loss: 0.4359296 Test Loss: 0.4743463
EarlyStopping counter: 1 out of 20
Updating learning rate to 1.3281739522894069e-05
	iters: 100, epoch: 244 | loss: 0.2856528
	speed: 0.4995s/iter; left time: 5046.9198s
Epoch: 244 cost time: 24.730281114578247
Epoch: 244, Steps: 179 | Train Loss: 0.2834389 Vali Loss: 0.4357407 Test Loss: 0.4742157
Validation loss decreased (0.435795 --> 0.435741).  Saving model ...
Updating learning rate to 1.2840660844361754e-05
	iters: 100, epoch: 245 | loss: 0.2796026
	speed: 0.4958s/iter; left time: 4920.4388s
Epoch: 245 cost time: 24.994020223617554
Epoch: 245, Steps: 179 | Train Loss: 0.2833862 Vali Loss: 0.4361643 Test Loss: 0.4741587
EarlyStopping counter: 1 out of 20
Updating learning rate to 1.2405949261565946e-05
	iters: 100, epoch: 246 | loss: 0.2871580
	speed: 0.4895s/iter; left time: 4770.4693s
Epoch: 246 cost time: 24.752866744995117
Epoch: 246, Steps: 179 | Train Loss: 0.2835153 Vali Loss: 0.4359268 Test Loss: 0.4742662
EarlyStopping counter: 2 out of 20
Updating learning rate to 1.197767926009842e-05
	iters: 100, epoch: 247 | loss: 0.2751106
	speed: 0.5001s/iter; left time: 4784.0832s
Epoch: 247 cost time: 25.134686708450317
Epoch: 247, Steps: 179 | Train Loss: 0.2833392 Vali Loss: 0.4359512 Test Loss: 0.4742674
EarlyStopping counter: 3 out of 20
Updating learning rate to 1.1555924221819206e-05
	iters: 100, epoch: 248 | loss: 0.2886266
	speed: 0.4941s/iter; left time: 4638.3136s
Epoch: 248 cost time: 24.7912700176239
Epoch: 248, Steps: 179 | Train Loss: 0.2832954 Vali Loss: 0.4365926 Test Loss: 0.4742034
EarlyStopping counter: 4 out of 20
Updating learning rate to 1.1140756412282909e-05
	iters: 100, epoch: 249 | loss: 0.2912479
	speed: 0.4957s/iter; left time: 4565.1012s
Epoch: 249 cost time: 24.993791580200195
Epoch: 249, Steps: 179 | Train Loss: 0.2833401 Vali Loss: 0.4362865 Test Loss: 0.4741374
EarlyStopping counter: 5 out of 20
Updating learning rate to 1.0732246968356401e-05
	iters: 100, epoch: 250 | loss: 0.2894785
	speed: 0.5014s/iter; left time: 4527.8863s
Epoch: 250 cost time: 24.986488819122314
Epoch: 250, Steps: 179 | Train Loss: 0.2832873 Vali Loss: 0.4362580 Test Loss: 0.4739871
EarlyStopping counter: 6 out of 20
Updating learning rate to 1.0330465886029902e-05
	iters: 100, epoch: 251 | loss: 0.2871122
	speed: 0.5025s/iter; left time: 4447.6243s
Epoch: 251 cost time: 24.84626841545105
Epoch: 251, Steps: 179 | Train Loss: 0.2833294 Vali Loss: 0.4354794 Test Loss: 0.4737176
Validation loss decreased (0.435741 --> 0.435479).  Saving model ...
Updating learning rate to 9.935482008423472e-06
	iters: 100, epoch: 252 | loss: 0.2799659
	speed: 0.4928s/iter; left time: 4273.8800s
Epoch: 252 cost time: 24.66325044631958
Epoch: 252, Steps: 179 | Train Loss: 0.2832651 Vali Loss: 0.4360428 Test Loss: 0.4737744
EarlyStopping counter: 1 out of 20
Updating learning rate to 9.547363013991183e-06
	iters: 100, epoch: 253 | loss: 0.2775767
	speed: 0.4887s/iter; left time: 4150.2823s
Epoch: 253 cost time: 24.947896480560303
Epoch: 253, Steps: 179 | Train Loss: 0.2832389 Vali Loss: 0.4358128 Test Loss: 0.4736429
EarlyStopping counter: 2 out of 20
Updating learning rate to 9.166175404924662e-06
	iters: 100, epoch: 254 | loss: 0.2724424
	speed: 0.5053s/iter; left time: 4201.4089s
Epoch: 254 cost time: 26.058133363723755
Epoch: 254, Steps: 179 | Train Loss: 0.2832390 Vali Loss: 0.4355689 Test Loss: 0.4741667
EarlyStopping counter: 3 out of 20
Updating learning rate to 8.791984495758377e-06
	iters: 100, epoch: 255 | loss: 0.2889844
	speed: 0.5165s/iter; left time: 4202.0229s
Epoch: 255 cost time: 25.640570878982544
Epoch: 255, Steps: 179 | Train Loss: 0.2831993 Vali Loss: 0.4357073 Test Loss: 0.4740859
EarlyStopping counter: 4 out of 20
Updating learning rate to 8.424854402178266e-06
	iters: 100, epoch: 256 | loss: 0.2792686
	speed: 0.4927s/iter; left time: 3920.0859s
Epoch: 256 cost time: 23.993193864822388
Epoch: 256, Steps: 179 | Train Loss: 0.2831061 Vali Loss: 0.4355596 Test Loss: 0.4740143
EarlyStopping counter: 5 out of 20
Updating learning rate to 8.06484803003588e-06
	iters: 100, epoch: 257 | loss: 0.2894468
	speed: 0.4753s/iter; left time: 3696.6541s
Epoch: 257 cost time: 23.98744010925293
Epoch: 257, Steps: 179 | Train Loss: 0.2831425 Vali Loss: 0.4358118 Test Loss: 0.4740651
EarlyStopping counter: 6 out of 20
Updating learning rate to 7.712027064569763e-06
	iters: 100, epoch: 258 | loss: 0.2912938
	speed: 0.4847s/iter; left time: 3682.6459s
Epoch: 258 cost time: 26.018407583236694
Epoch: 258, Steps: 179 | Train Loss: 0.2830915 Vali Loss: 0.4360456 Test Loss: 0.4740834
EarlyStopping counter: 7 out of 20
Updating learning rate to 7.366451959836039e-06
	iters: 100, epoch: 259 | loss: 0.2938649
	speed: 0.5108s/iter; left time: 3789.6585s
Epoch: 259 cost time: 24.155086994171143
Epoch: 259, Steps: 179 | Train Loss: 0.2831003 Vali Loss: 0.4357794 Test Loss: 0.4739974
EarlyStopping counter: 8 out of 20
Updating learning rate to 7.028181928349846e-06
	iters: 100, epoch: 260 | loss: 0.2875036
	speed: 0.4896s/iter; left time: 3544.9616s
Epoch: 260 cost time: 24.256800174713135
Epoch: 260, Steps: 179 | Train Loss: 0.2831099 Vali Loss: 0.4351602 Test Loss: 0.4738526
Validation loss decreased (0.435479 --> 0.435160).  Saving model ...
Updating learning rate to 6.697274930939681e-06
	iters: 100, epoch: 261 | loss: 0.2912564
	speed: 0.4850s/iter; left time: 3424.2788s
Epoch: 261 cost time: 25.439287424087524
Epoch: 261, Steps: 179 | Train Loss: 0.2830907 Vali Loss: 0.4354832 Test Loss: 0.4739720
EarlyStopping counter: 1 out of 20
Updating learning rate to 6.3737876668160305e-06
	iters: 100, epoch: 262 | loss: 0.2809650
	speed: 0.4986s/iter; left time: 3431.2055s
Epoch: 262 cost time: 24.508318662643433
Epoch: 262, Steps: 179 | Train Loss: 0.2830417 Vali Loss: 0.4359082 Test Loss: 0.4740105
EarlyStopping counter: 2 out of 20
Updating learning rate to 6.057775563856296e-06
	iters: 100, epoch: 263 | loss: 0.2797067
	speed: 0.4772s/iter; left time: 3198.8912s
Epoch: 263 cost time: 24.21794295310974
Epoch: 263, Steps: 179 | Train Loss: 0.2830245 Vali Loss: 0.4357940 Test Loss: 0.4740185
EarlyStopping counter: 3 out of 20
Updating learning rate to 5.749292769107459e-06
	iters: 100, epoch: 264 | loss: 0.2761746
	speed: 0.4782s/iter; left time: 3119.9452s
Epoch: 264 cost time: 24.146300792694092
Epoch: 264, Steps: 179 | Train Loss: 0.2829697 Vali Loss: 0.4358522 Test Loss: 0.4739461
EarlyStopping counter: 4 out of 20
Updating learning rate to 5.448392139508346e-06
	iters: 100, epoch: 265 | loss: 0.2799062
	speed: 0.4783s/iter; left time: 3034.8369s
Epoch: 265 cost time: 24.153783082962036
Epoch: 265, Steps: 179 | Train Loss: 0.2829750 Vali Loss: 0.4358189 Test Loss: 0.4737823
EarlyStopping counter: 5 out of 20
Updating learning rate to 5.15512523283281e-06
	iters: 100, epoch: 266 | loss: 0.2920287
	speed: 0.4835s/iter; left time: 2981.0948s
Epoch: 266 cost time: 24.04986810684204
Epoch: 266, Steps: 179 | Train Loss: 0.2829294 Vali Loss: 0.4359306 Test Loss: 0.4739324
EarlyStopping counter: 6 out of 20
Updating learning rate to 4.8695422988555436e-06
	iters: 100, epoch: 267 | loss: 0.2772118
	speed: 0.4754s/iter; left time: 2845.9348s
Epoch: 267 cost time: 23.636887073516846
Epoch: 267, Steps: 179 | Train Loss: 0.2829483 Vali Loss: 0.4352442 Test Loss: 0.4737256
EarlyStopping counter: 7 out of 20
Updating learning rate to 4.591692270742103e-06
	iters: 100, epoch: 268 | loss: 0.2814789
	speed: 0.4756s/iter; left time: 2762.2983s
Epoch: 268 cost time: 24.160213947296143
Epoch: 268, Steps: 179 | Train Loss: 0.2829305 Vali Loss: 0.4360040 Test Loss: 0.4740165
EarlyStopping counter: 8 out of 20
Updating learning rate to 4.321622756664447e-06
	iters: 100, epoch: 269 | loss: 0.2756523
	speed: 0.4747s/iter; left time: 2671.9851s
Epoch: 269 cost time: 23.812950372695923
Epoch: 269, Steps: 179 | Train Loss: 0.2828875 Vali Loss: 0.4353570 Test Loss: 0.4738803
EarlyStopping counter: 9 out of 20
Updating learning rate to 4.0593800316434695e-06
	iters: 100, epoch: 270 | loss: 0.2905147
	speed: 0.4718s/iter; left time: 2571.2801s
Epoch: 270 cost time: 23.310962677001953
Epoch: 270, Steps: 179 | Train Loss: 0.2828900 Vali Loss: 0.4355449 Test Loss: 0.4736678
EarlyStopping counter: 10 out of 20
Updating learning rate to 3.8050090296200743e-06
	iters: 100, epoch: 271 | loss: 0.2765344
	speed: 0.4760s/iter; left time: 2509.1234s
Epoch: 271 cost time: 24.081360816955566
Epoch: 271, Steps: 179 | Train Loss: 0.2829339 Vali Loss: 0.4360574 Test Loss: 0.4737773
EarlyStopping counter: 11 out of 20
Updating learning rate to 3.558553335755978e-06
	iters: 100, epoch: 272 | loss: 0.2846061
	speed: 0.4825s/iter; left time: 2456.6928s
Epoch: 272 cost time: 24.19912838935852
Epoch: 272, Steps: 179 | Train Loss: 0.2828949 Vali Loss: 0.4356182 Test Loss: 0.4738161
EarlyStopping counter: 12 out of 20
Updating learning rate to 3.3200551789655384e-06
	iters: 100, epoch: 273 | loss: 0.2756916
	speed: 0.4791s/iter; left time: 2353.7174s
Epoch: 273 cost time: 23.856136322021484
Epoch: 273, Steps: 179 | Train Loss: 0.2828586 Vali Loss: 0.4354003 Test Loss: 0.4735670
EarlyStopping counter: 13 out of 20
Updating learning rate to 3.0895554246801455e-06
	iters: 100, epoch: 274 | loss: 0.2891451
	speed: 0.4901s/iter; left time: 2320.0389s
Epoch: 274 cost time: 24.50705099105835
Epoch: 274, Steps: 179 | Train Loss: 0.2828987 Vali Loss: 0.4357248 Test Loss: 0.4737076
EarlyStopping counter: 14 out of 20
Updating learning rate to 2.867093567846073e-06
	iters: 100, epoch: 275 | loss: 0.2912909
	speed: 0.4867s/iter; left time: 2217.0798s
Epoch: 275 cost time: 24.524559259414673
Epoch: 275, Steps: 179 | Train Loss: 0.2828452 Vali Loss: 0.4361141 Test Loss: 0.4737648
EarlyStopping counter: 15 out of 20
Updating learning rate to 2.6527077261572617e-06
	iters: 100, epoch: 276 | loss: 0.2842602
	speed: 0.4882s/iter; left time: 2136.4928s
Epoch: 276 cost time: 24.823657512664795
Epoch: 276, Steps: 179 | Train Loss: 0.2828588 Vali Loss: 0.4359167 Test Loss: 0.4736213
EarlyStopping counter: 16 out of 20
Updating learning rate to 2.4464346335240107e-06
	iters: 100, epoch: 277 | loss: 0.2947696
	speed: 0.4983s/iter; left time: 2091.5615s
Epoch: 277 cost time: 25.928863525390625
Epoch: 277, Steps: 179 | Train Loss: 0.2828436 Vali Loss: 0.4352623 Test Loss: 0.4737163
EarlyStopping counter: 17 out of 20
Updating learning rate to 2.248309633778853e-06
	iters: 100, epoch: 278 | loss: 0.2843489
	speed: 0.4910s/iter; left time: 1972.8530s
Epoch: 278 cost time: 24.3338520526886
Epoch: 278, Steps: 179 | Train Loss: 0.2828325 Vali Loss: 0.4356466 Test Loss: 0.4736457
EarlyStopping counter: 18 out of 20
Updating learning rate to 2.05836667462054e-06
	iters: 100, epoch: 279 | loss: 0.2891535
	speed: 0.4857s/iter; left time: 1864.7333s
Epoch: 279 cost time: 25.24284267425537
Epoch: 279, Steps: 179 | Train Loss: 0.2828873 Vali Loss: 0.4354537 Test Loss: 0.4737170
EarlyStopping counter: 19 out of 20
Updating learning rate to 1.8766383017973029e-06
	iters: 100, epoch: 280 | loss: 0.2857983
	speed: 0.4898s/iter; left time: 1792.5148s
Epoch: 280 cost time: 24.202702045440674
Epoch: 280, Steps: 179 | Train Loss: 0.2827728 Vali Loss: 0.4358496 Test Loss: 0.4738750
EarlyStopping counter: 20 out of 20
Early stopping
>>>>>>>testing : 96_720_SPM_TST_custom_ftM_sl96_ll18_pl720_dm49_nh1_el1_dl1_df256_fc1_ebtimeF_dtTrue_Exp_0<<<<<<<<<<<<<<<<<<<<<<<<<<<<<<<<<
test 2789
mse:0.47385573387145996, mae:0.30684369802474976, rse:0.5624291896820068
