Args in experiment:
Namespace(random_seed=2021, is_training=1, model_id='96_192', model='SPM_TST', data='PEMS', root_path='./dataset/', data_path='PEMS04.npz', features='M', target='OT', freq='h', checkpoints='./checkpoints/', seq_len=96, label_len=18, pred_len=192, fc_dropout=0.2, head_dropout=0.0, patch_len=16, stride=8, padding_patch='end', revin=1, affine=1, subtract_last=0, decomposition=0, kernel_size=25, individual=0, embed_type=0, enc_in=307, dec_in=7, c_out=7, d_model=49, n_heads=1, e_layers=1, d_layers=1, d_ff=256, moving_avg=25, factor=1, distil=True, dropout=0.2, embed='timeF', activation='gelu', output_attention=False, do_predict=False, num_workers=10, itr=1, train_epochs=300, batch_size=64, patience=20, learning_rate=0.0001, des='Exp', loss='mse', lradj='TST', pct_start=0.2, use_amp=False, k=1.0, dishts=0, num_layers=3, hidden_size=[32, 8], traffic=0, hidden_size1=3, hidden_size2=3, use_gpu=True, gpu=0, use_multi_gpu=False, devices='0,1', test_flop=False)
Use GPU: cuda:0
>>>>>>>start training : 96_192_SPM_TST_PEMS_ftM_sl96_ll18_pl192_dm49_nh1_el1_dl1_df256_fc1_ebtimeF_dtTrue_Exp_0>>>>>>>>>>>>>>>>>>>>>>>>>>
train 9908
val 3111
test 3112
	iters: 100, epoch: 1 | loss: 1.8481544
	speed: 0.0436s/iter; left time: 2011.1516s
Epoch: 1 cost time: 5.13130784034729
Epoch: 1, Steps: 154 | Train Loss: 1.9511985 Vali Loss: 2.0144231 Test Loss: 1.9404157
Validation loss decreased (inf --> 2.014423).  Saving model ...
Updating learning rate to 4.0657965694378346e-06
	iters: 100, epoch: 2 | loss: 1.8488803
	speed: 0.0912s/iter; left time: 4188.2820s
Epoch: 2 cost time: 5.320629119873047
Epoch: 2, Steps: 154 | Train Loss: 1.7580691 Vali Loss: 1.7972244 Test Loss: 1.7161375
Validation loss decreased (2.014423 --> 1.797224).  Saving model ...
Updating learning rate to 4.2630058948950556e-06
	iters: 100, epoch: 3 | loss: 1.4902639
	speed: 0.0917s/iter; left time: 4199.4499s
Epoch: 3 cost time: 4.9971022605896
Epoch: 3, Steps: 154 | Train Loss: 1.5711246 Vali Loss: 1.6205398 Test Loss: 1.5372944
Validation loss decreased (1.797224 --> 1.620540).  Saving model ...
Updating learning rate to 4.59108732232687e-06
	iters: 100, epoch: 4 | loss: 1.3667303
	speed: 0.0937s/iter; left time: 4278.4692s
Epoch: 4 cost time: 5.212728261947632
Epoch: 4, Steps: 154 | Train Loss: 1.4023166 Vali Loss: 1.4224377 Test Loss: 1.3465519
Validation loss decreased (1.620540 --> 1.422438).  Saving model ...
Updating learning rate to 5.049141408715682e-06
	iters: 100, epoch: 5 | loss: 1.2298439
	speed: 0.0928s/iter; left time: 4218.7930s
Epoch: 5 cost time: 5.220105171203613
Epoch: 5, Steps: 154 | Train Loss: 1.2177037 Vali Loss: 1.2262152 Test Loss: 1.1619620
Validation loss decreased (1.422438 --> 1.226215).  Saving model ...
Updating learning rate to 5.635912387915622e-06
	iters: 100, epoch: 6 | loss: 1.0924189
	speed: 0.0950s/iter; left time: 4304.9490s
Epoch: 6 cost time: 5.279559850692749
Epoch: 6, Steps: 154 | Train Loss: 1.0654637 Vali Loss: 1.0985315 Test Loss: 1.0394751
Validation loss decreased (1.226215 --> 1.098531).  Saving model ...
Updating learning rate to 6.349791613365153e-06
	iters: 100, epoch: 7 | loss: 0.9756982
	speed: 0.0928s/iter; left time: 4191.4228s
Epoch: 7 cost time: 5.047119140625
Epoch: 7, Steps: 154 | Train Loss: 0.9700517 Vali Loss: 1.0103638 Test Loss: 0.9524350
Validation loss decreased (1.098531 --> 1.010364).  Saving model ...
Updating learning rate to 7.188821968229781e-06
	iters: 100, epoch: 8 | loss: 0.8958660
	speed: 0.0957s/iter; left time: 4308.1562s
Epoch: 8 cost time: 5.269347190856934
Epoch: 8, Steps: 154 | Train Loss: 0.9034778 Vali Loss: 0.9512218 Test Loss: 0.8909814
Validation loss decreased (1.010364 --> 0.951222).  Saving model ...
Updating learning rate to 8.150703230884327e-06
	iters: 100, epoch: 9 | loss: 0.8099922
	speed: 0.0972s/iter; left time: 4361.9335s
Epoch: 9 cost time: 5.28757119178772
Epoch: 9, Steps: 154 | Train Loss: 0.8574199 Vali Loss: 0.9019067 Test Loss: 0.8440492
Validation loss decreased (0.951222 --> 0.901907).  Saving model ...
Updating learning rate to 9.232798381025078e-06
	iters: 100, epoch: 10 | loss: 0.7675053
	speed: 0.0954s/iter; left time: 4267.2447s
Epoch: 10 cost time: 5.222405910491943
Epoch: 10, Steps: 154 | Train Loss: 0.8218786 Vali Loss: 0.8621129 Test Loss: 0.8048921
Validation loss decreased (0.901907 --> 0.862113).  Saving model ...
Updating learning rate to 1.043214082912352e-05
	iters: 100, epoch: 11 | loss: 0.7373894
	speed: 0.0948s/iter; left time: 4223.5150s
Epoch: 11 cost time: 5.177106142044067
Epoch: 11, Steps: 154 | Train Loss: 0.7913335 Vali Loss: 0.8295843 Test Loss: 0.7791598
Validation loss decreased (0.862113 --> 0.829584).  Saving model ...
Updating learning rate to 1.1745442549401886e-05
	iters: 100, epoch: 12 | loss: 0.7437220
	speed: 0.0967s/iter; left time: 4293.4849s
Epoch: 12 cost time: 5.222677230834961
Epoch: 12, Steps: 154 | Train Loss: 0.7650953 Vali Loss: 0.7978842 Test Loss: 0.7505189
Validation loss decreased (0.829584 --> 0.797884).  Saving model ...
Updating learning rate to 1.3169103094033888e-05
	iters: 100, epoch: 13 | loss: 0.7297460
	speed: 0.0967s/iter; left time: 4277.8866s
Epoch: 13 cost time: 5.34648060798645
Epoch: 13, Steps: 154 | Train Loss: 0.7411950 Vali Loss: 0.7756825 Test Loss: 0.7372319
Validation loss decreased (0.797884 --> 0.775683).  Saving model ...
Updating learning rate to 1.4699219463857815e-05
	iters: 100, epoch: 14 | loss: 0.6437666
	speed: 0.0999s/iter; left time: 4407.3028s
Epoch: 14 cost time: 5.303327322006226
Epoch: 14, Steps: 154 | Train Loss: 0.7210703 Vali Loss: 0.7502052 Test Loss: 0.7150933
Validation loss decreased (0.775683 --> 0.750205).  Saving model ...
Updating learning rate to 1.6331596808541392e-05
	iters: 100, epoch: 15 | loss: 0.7417498
	speed: 0.0979s/iter; left time: 4304.3991s
Epoch: 15 cost time: 5.325538158416748
Epoch: 15, Steps: 154 | Train Loss: 0.7015858 Vali Loss: 0.7312441 Test Loss: 0.7032973
Validation loss decreased (0.750205 --> 0.731244).  Saving model ...
Updating learning rate to 1.806175992686345e-05
	iters: 100, epoch: 16 | loss: 0.6637127
	speed: 0.0986s/iter; left time: 4316.9042s
Epoch: 16 cost time: 5.389977693557739
Epoch: 16, Steps: 154 | Train Loss: 0.6872258 Vali Loss: 0.7139251 Test Loss: 0.6906776
Validation loss decreased (0.731244 --> 0.713925).  Saving model ...
Updating learning rate to 1.9884965535584226e-05
	iters: 100, epoch: 17 | loss: 0.6823409
	speed: 0.0989s/iter; left time: 4316.0643s
Epoch: 17 cost time: 5.377578496932983
Epoch: 17, Steps: 154 | Train Loss: 0.6728537 Vali Loss: 0.6998867 Test Loss: 0.6850362
Validation loss decreased (0.713925 --> 0.699887).  Saving model ...
Updating learning rate to 2.1796215273269025e-05
	iters: 100, epoch: 18 | loss: 0.7119288
	speed: 0.0976s/iter; left time: 4243.2870s
Epoch: 18 cost time: 5.306634187698364
Epoch: 18, Steps: 154 | Train Loss: 0.6587024 Vali Loss: 0.6764286 Test Loss: 0.6637625
Validation loss decreased (0.699887 --> 0.676429).  Saving model ...
Updating learning rate to 2.3790269403414535e-05
	iters: 100, epoch: 19 | loss: 0.6635800
	speed: 0.0936s/iter; left time: 4057.0902s
Epoch: 19 cost time: 5.219764471054077
Epoch: 19, Steps: 154 | Train Loss: 0.6419198 Vali Loss: 0.6630332 Test Loss: 0.6530592
Validation loss decreased (0.676429 --> 0.663033).  Saving model ...
Updating learning rate to 2.5861661179310902e-05
	iters: 100, epoch: 20 | loss: 0.6064101
	speed: 0.0964s/iter; left time: 4162.0913s
Epoch: 20 cost time: 5.193808555603027
Epoch: 20, Steps: 154 | Train Loss: 0.6280731 Vali Loss: 0.6428187 Test Loss: 0.6389494
Validation loss decreased (0.663033 --> 0.642819).  Saving model ...
Updating learning rate to 2.8004711831257484e-05
	iters: 100, epoch: 21 | loss: 0.6118169
	speed: 0.0955s/iter; left time: 4106.4446s
Epoch: 21 cost time: 5.220832109451294
Epoch: 21, Steps: 154 | Train Loss: 0.6159251 Vali Loss: 0.6347453 Test Loss: 0.6361120
Validation loss decreased (0.642819 --> 0.634745).  Saving model ...
Updating learning rate to 3.0213546135044703e-05
	iters: 100, epoch: 22 | loss: 0.5905140
	speed: 0.0979s/iter; left time: 4198.2999s
Epoch: 22 cost time: 5.389079809188843
Epoch: 22, Steps: 154 | Train Loss: 0.6024479 Vali Loss: 0.6307945 Test Loss: 0.6354933
Validation loss decreased (0.634745 --> 0.630795).  Saving model ...
Updating learning rate to 3.248210851902065e-05
	iters: 100, epoch: 23 | loss: 0.6022565
	speed: 0.0999s/iter; left time: 4265.3334s
Epoch: 23 cost time: 5.4069664478302
Epoch: 23, Steps: 154 | Train Loss: 0.5906386 Vali Loss: 0.6051143 Test Loss: 0.6120939
Validation loss decreased (0.630795 --> 0.605114).  Saving model ...
Updating learning rate to 3.480417966558444e-05
	iters: 100, epoch: 24 | loss: 0.5596750
	speed: 0.0971s/iter; left time: 4134.3974s
Epoch: 24 cost time: 5.358080863952637
Epoch: 24, Steps: 154 | Train Loss: 0.5821491 Vali Loss: 0.5957377 Test Loss: 0.6043043
Validation loss decreased (0.605114 --> 0.595738).  Saving model ...
Updating learning rate to 3.717339356159296e-05
	iters: 100, epoch: 25 | loss: 0.5505337
	speed: 0.0972s/iter; left time: 4120.3201s
Epoch: 25 cost time: 5.3803253173828125
Epoch: 25, Steps: 154 | Train Loss: 0.5721953 Vali Loss: 0.5810304 Test Loss: 0.5909280
Validation loss decreased (0.595738 --> 0.581030).  Saving model ...
Updating learning rate to 3.9583254950936987e-05
	iters: 100, epoch: 26 | loss: 0.5682493
	speed: 0.1000s/iter; left time: 4225.2351s
Epoch: 26 cost time: 5.484349966049194
Epoch: 26, Steps: 154 | Train Loss: 0.5630588 Vali Loss: 0.5704557 Test Loss: 0.5866984
Validation loss decreased (0.581030 --> 0.570456).  Saving model ...
Updating learning rate to 4.202715714143987e-05
	iters: 100, epoch: 27 | loss: 0.5303034
	speed: 0.0932s/iter; left time: 3924.6293s
Epoch: 27 cost time: 5.156090974807739
Epoch: 27, Steps: 154 | Train Loss: 0.5550311 Vali Loss: 0.5625325 Test Loss: 0.5720626
Validation loss decreased (0.570456 --> 0.562532).  Saving model ...
Updating learning rate to 4.4498400117260904e-05
	iters: 100, epoch: 28 | loss: 0.5912356
	speed: 0.0941s/iter; left time: 3946.5049s
Epoch: 28 cost time: 5.180919885635376
Epoch: 28, Steps: 154 | Train Loss: 0.5461877 Vali Loss: 0.5496629 Test Loss: 0.5718200
Validation loss decreased (0.562532 --> 0.549663).  Saving model ...
Updating learning rate to 4.699020890714775e-05
	iters: 100, epoch: 29 | loss: 0.5495226
	speed: 0.0947s/iter; left time: 3956.6552s
Epoch: 29 cost time: 5.273000717163086
Epoch: 29, Steps: 154 | Train Loss: 0.5369290 Vali Loss: 0.5418916 Test Loss: 0.5569703
Validation loss decreased (0.549663 --> 0.541892).  Saving model ...
Updating learning rate to 4.949575215818084e-05
	iters: 100, epoch: 30 | loss: 0.5241951
	speed: 0.0962s/iter; left time: 4006.2520s
Epoch: 30 cost time: 5.275964021682739
Epoch: 30, Steps: 154 | Train Loss: 0.5290415 Vali Loss: 0.5384852 Test Loss: 0.5599977
Validation loss decreased (0.541892 --> 0.538485).  Saving model ...
Updating learning rate to 5.2008160864089506e-05
	iters: 100, epoch: 31 | loss: 0.5145327
	speed: 0.0955s/iter; left time: 3960.1467s
Epoch: 31 cost time: 5.227180242538452
Epoch: 31, Steps: 154 | Train Loss: 0.5210149 Vali Loss: 0.5247945 Test Loss: 0.5432129
Validation loss decreased (0.538485 --> 0.524795).  Saving model ...
Updating learning rate to 5.452054719679563e-05
	iters: 100, epoch: 32 | loss: 0.4906780
	speed: 0.0936s/iter; left time: 3867.6850s
Epoch: 32 cost time: 5.292961597442627
Epoch: 32, Steps: 154 | Train Loss: 0.5135052 Vali Loss: 0.5241675 Test Loss: 0.5463571
Validation loss decreased (0.524795 --> 0.524167).  Saving model ...
Updating learning rate to 5.702602338955779e-05
	iters: 100, epoch: 33 | loss: 0.5297623
	speed: 0.0981s/iter; left time: 4040.8161s
Epoch: 33 cost time: 5.399763107299805
Epoch: 33, Steps: 154 | Train Loss: 0.5065823 Vali Loss: 0.5118189 Test Loss: 0.5332018
Validation loss decreased (0.524167 --> 0.511819).  Saving model ...
Updating learning rate to 5.9517720619947164e-05
	iters: 100, epoch: 34 | loss: 0.5043025
	speed: 0.0954s/iter; left time: 3913.9966s
Epoch: 34 cost time: 5.346865892410278
Epoch: 34, Steps: 154 | Train Loss: 0.5000782 Vali Loss: 0.5008413 Test Loss: 0.5271146
Validation loss decreased (0.511819 --> 0.500841).  Saving model ...
Updating learning rate to 6.198880784088717e-05
	iters: 100, epoch: 35 | loss: 0.5065425
	speed: 0.0965s/iter; left time: 3945.0221s
Epoch: 35 cost time: 5.194307804107666
Epoch: 35, Steps: 154 | Train Loss: 0.4912001 Vali Loss: 0.4932056 Test Loss: 0.5211061
Validation loss decreased (0.500841 --> 0.493206).  Saving model ...
Updating learning rate to 6.443251050813118e-05
	iters: 100, epoch: 36 | loss: 0.4869826
	speed: 0.0948s/iter; left time: 3858.4920s
Epoch: 36 cost time: 5.189076662063599
Epoch: 36, Steps: 154 | Train Loss: 0.4860375 Vali Loss: 0.4936693 Test Loss: 0.5187148
EarlyStopping counter: 1 out of 20
Updating learning rate to 6.684212915283625e-05
	iters: 100, epoch: 37 | loss: 0.4746554
	speed: 0.0972s/iter; left time: 3940.6111s
Epoch: 37 cost time: 5.1539928913116455
Epoch: 37, Steps: 154 | Train Loss: 0.4773846 Vali Loss: 0.4789467 Test Loss: 0.5008232
Validation loss decreased (0.493206 --> 0.478947).  Saving model ...
Updating learning rate to 6.921105774831588e-05
	iters: 100, epoch: 38 | loss: 0.4663636
	speed: 0.0956s/iter; left time: 3863.8178s
Epoch: 38 cost time: 5.428171873092651
Epoch: 38, Steps: 154 | Train Loss: 0.4722125 Vali Loss: 0.4769366 Test Loss: 0.5017881
Validation loss decreased (0.478947 --> 0.476937).  Saving model ...
Updating learning rate to 7.153280182061906e-05
	iters: 100, epoch: 39 | loss: 0.5343823
	speed: 0.1000s/iter; left time: 4025.1419s
Epoch: 39 cost time: 5.375697135925293
Epoch: 39, Steps: 154 | Train Loss: 0.4660391 Vali Loss: 0.4607155 Test Loss: 0.4853485
Validation loss decreased (0.476937 --> 0.460716).  Saving model ...
Updating learning rate to 7.380099625328449e-05
	iters: 100, epoch: 40 | loss: 0.4859344
	speed: 0.0958s/iter; left time: 3843.0679s
Epoch: 40 cost time: 5.157564878463745
Epoch: 40, Steps: 154 | Train Loss: 0.4591524 Vali Loss: 0.4580438 Test Loss: 0.4831448
Validation loss decreased (0.460716 --> 0.458044).  Saving model ...
Updating learning rate to 7.600942273745856e-05
	iters: 100, epoch: 41 | loss: 0.4238507
	speed: 0.0973s/iter; left time: 3886.2136s
Epoch: 41 cost time: 5.285123109817505
Epoch: 41, Steps: 154 | Train Loss: 0.4570980 Vali Loss: 0.4584154 Test Loss: 0.4833214
EarlyStopping counter: 1 out of 20
Updating learning rate to 7.815202681953648e-05
	iters: 100, epoch: 42 | loss: 0.4370146
	speed: 0.0931s/iter; left time: 3704.7839s
Epoch: 42 cost time: 5.066501140594482
Epoch: 42, Steps: 154 | Train Loss: 0.4473976 Vali Loss: 0.4441285 Test Loss: 0.4743694
Validation loss decreased (0.458044 --> 0.444129).  Saving model ...
Updating learning rate to 8.02229344995906e-05
	iters: 100, epoch: 43 | loss: 0.4752555
	speed: 0.0958s/iter; left time: 3797.1588s
Epoch: 43 cost time: 5.26813530921936
Epoch: 43, Steps: 154 | Train Loss: 0.4458461 Vali Loss: 0.4422013 Test Loss: 0.4751265
Validation loss decreased (0.444129 --> 0.442201).  Saving model ...
Updating learning rate to 8.221646833508049e-05
	iters: 100, epoch: 44 | loss: 0.4689210
	speed: 0.0965s/iter; left time: 3810.3247s
Epoch: 44 cost time: 5.363102912902832
Epoch: 44, Steps: 154 | Train Loss: 0.4397414 Vali Loss: 0.4338578 Test Loss: 0.4592121
Validation loss decreased (0.442201 --> 0.433858).  Saving model ...
Updating learning rate to 8.41271630056964e-05
	iters: 100, epoch: 45 | loss: 0.4339519
	speed: 0.0967s/iter; left time: 3800.8933s
Epoch: 45 cost time: 5.268656969070435
Epoch: 45, Steps: 154 | Train Loss: 0.4326816 Vali Loss: 0.4278120 Test Loss: 0.4645298
Validation loss decreased (0.433858 --> 0.427812).  Saving model ...
Updating learning rate to 8.594978029666464e-05
	iters: 100, epoch: 46 | loss: 0.4141489
	speed: 0.0977s/iter; left time: 3827.8730s
Epoch: 46 cost time: 5.376580715179443
Epoch: 46, Steps: 154 | Train Loss: 0.4282540 Vali Loss: 0.4294196 Test Loss: 0.4590374
EarlyStopping counter: 1 out of 20
Updating learning rate to 8.767932345943752e-05
	iters: 100, epoch: 47 | loss: 0.4232481
	speed: 0.0946s/iter; left time: 3690.2790s
Epoch: 47 cost time: 5.160944700241089
Epoch: 47, Steps: 154 | Train Loss: 0.4239328 Vali Loss: 0.4263755 Test Loss: 0.4619931
Validation loss decreased (0.427812 --> 0.426376).  Saving model ...
Updating learning rate to 8.931105091039817e-05
	iters: 100, epoch: 48 | loss: 0.4038598
	speed: 0.1022s/iter; left time: 3970.2837s
Epoch: 48 cost time: 5.430266380310059
Epoch: 48, Steps: 154 | Train Loss: 0.4189108 Vali Loss: 0.4158217 Test Loss: 0.4539088
Validation loss decreased (0.426376 --> 0.415822).  Saving model ...
Updating learning rate to 9.084048923002446e-05
	iters: 100, epoch: 49 | loss: 0.4239799
	speed: 0.0967s/iter; left time: 3744.7912s
Epoch: 49 cost time: 5.222908973693848
Epoch: 49, Steps: 154 | Train Loss: 0.4140444 Vali Loss: 0.4115117 Test Loss: 0.4464568
Validation loss decreased (0.415822 --> 0.411512).  Saving model ...
Updating learning rate to 9.226344542687482e-05
	iters: 100, epoch: 50 | loss: 0.4061525
	speed: 0.0959s/iter; left time: 3698.5617s
Epoch: 50 cost time: 5.1272478103637695
Epoch: 50, Steps: 154 | Train Loss: 0.4109761 Vali Loss: 0.4072593 Test Loss: 0.4398959
Validation loss decreased (0.411512 --> 0.407259).  Saving model ...
Updating learning rate to 9.357601843277373e-05
	iters: 100, epoch: 51 | loss: 0.4264407
	speed: 0.0982s/iter; left time: 3772.3415s
Epoch: 51 cost time: 5.348397731781006
Epoch: 51, Steps: 154 | Train Loss: 0.4057743 Vali Loss: 0.4066752 Test Loss: 0.4482832
Validation loss decreased (0.407259 --> 0.406675).  Saving model ...
Updating learning rate to 9.47746097976826e-05
	iters: 100, epoch: 52 | loss: 0.3866597
	speed: 0.0973s/iter; left time: 3721.9093s
Epoch: 52 cost time: 5.359243154525757
Epoch: 52, Steps: 154 | Train Loss: 0.4013583 Vali Loss: 0.3963677 Test Loss: 0.4283788
Validation loss decreased (0.406675 --> 0.396368).  Saving model ...
Updating learning rate to 9.58559335549361e-05
	iters: 100, epoch: 53 | loss: 0.3705018
	speed: 0.0954s/iter; left time: 3633.3288s
Epoch: 53 cost time: 5.158308982849121
Epoch: 53, Steps: 154 | Train Loss: 0.3989001 Vali Loss: 0.4034438 Test Loss: 0.4297060
EarlyStopping counter: 1 out of 20
Updating learning rate to 9.68170252297976e-05
	iters: 100, epoch: 54 | loss: 0.3852823
	speed: 0.0970s/iter; left time: 3681.6117s
Epoch: 54 cost time: 5.39810585975647
Epoch: 54, Steps: 154 | Train Loss: 0.3940129 Vali Loss: 0.3941664 Test Loss: 0.4295889
Validation loss decreased (0.396368 --> 0.394166).  Saving model ...
Updating learning rate to 9.765524996663703e-05
	iters: 100, epoch: 55 | loss: 0.3885319
	speed: 0.0995s/iter; left time: 3761.4539s
Epoch: 55 cost time: 5.2719316482543945
Epoch: 55, Steps: 154 | Train Loss: 0.3911985 Vali Loss: 0.3829787 Test Loss: 0.4238093
Validation loss decreased (0.394166 --> 0.382979).  Saving model ...
Updating learning rate to 9.836830975245019e-05
	iters: 100, epoch: 56 | loss: 0.3746265
	speed: 0.0993s/iter; left time: 3736.6323s
Epoch: 56 cost time: 5.625046014785767
Epoch: 56, Steps: 154 | Train Loss: 0.3863061 Vali Loss: 0.3830992 Test Loss: 0.4179088
EarlyStopping counter: 1 out of 20
Updating learning rate to 9.895424971691577e-05
	iters: 100, epoch: 57 | loss: 0.3831291
	speed: 0.0993s/iter; left time: 3719.8128s
Epoch: 57 cost time: 5.351118803024292
Epoch: 57, Steps: 154 | Train Loss: 0.3851187 Vali Loss: 0.3859359 Test Loss: 0.4234183
EarlyStopping counter: 2 out of 20
Updating learning rate to 9.941146349171884e-05
	iters: 100, epoch: 58 | loss: 0.3515080
	speed: 0.1007s/iter; left time: 3757.8364s
Epoch: 58 cost time: 5.620025634765625
Epoch: 58, Steps: 154 | Train Loss: 0.3846210 Vali Loss: 0.3794506 Test Loss: 0.4218421
Validation loss decreased (0.382979 --> 0.379451).  Saving model ...
Updating learning rate to 9.973869761444768e-05
	iters: 100, epoch: 59 | loss: 0.3689888
	speed: 0.1002s/iter; left time: 3723.5299s
Epoch: 59 cost time: 5.418412208557129
Epoch: 59, Steps: 154 | Train Loss: 0.3786718 Vali Loss: 0.3757176 Test Loss: 0.4167818
Validation loss decreased (0.379451 --> 0.375718).  Saving model ...
Updating learning rate to 9.993505496499066e-05
	iters: 100, epoch: 60 | loss: 0.3994648
	speed: 0.0977s/iter; left time: 3617.0738s
Epoch: 60 cost time: 5.461796283721924
Epoch: 60, Steps: 154 | Train Loss: 0.3733964 Vali Loss: 0.3716640 Test Loss: 0.4149271
Validation loss decreased (0.375718 --> 0.371664).  Saving model ...
Updating learning rate to 9.999999981937657e-05
	iters: 100, epoch: 61 | loss: 0.3763420
	speed: 0.1007s/iter; left time: 3713.1481s
Epoch: 61 cost time: 5.275555610656738
Epoch: 61, Steps: 154 | Train Loss: 0.3713114 Vali Loss: 0.3662802 Test Loss: 0.4123367
Validation loss decreased (0.371664 --> 0.366280).  Saving model ...
Updating learning rate to 9.999566058479838e-05
	iters: 100, epoch: 62 | loss: 0.3953202
	speed: 0.0970s/iter; left time: 3559.0404s
Epoch: 62 cost time: 5.369225740432739
Epoch: 62, Steps: 154 | Train Loss: 0.3670506 Vali Loss: 0.3625507 Test Loss: 0.4014589
Validation loss decreased (0.366280 --> 0.362551).  Saving model ...
Updating learning rate to 9.998275488542632e-05
	iters: 100, epoch: 63 | loss: 0.3495085
	speed: 0.1005s/iter; left time: 3672.8675s
Epoch: 63 cost time: 5.594097852706909
Epoch: 63, Steps: 154 | Train Loss: 0.3658122 Vali Loss: 0.3677908 Test Loss: 0.4137735
EarlyStopping counter: 1 out of 20
Updating learning rate to 9.996128493258554e-05
	iters: 100, epoch: 64 | loss: 0.3799779
	speed: 0.0970s/iter; left time: 3531.8537s
Epoch: 64 cost time: 5.210754156112671
Epoch: 64, Steps: 154 | Train Loss: 0.3616385 Vali Loss: 0.3572424 Test Loss: 0.4032125
Validation loss decreased (0.362551 --> 0.357242).  Saving model ...
Updating learning rate to 9.993125440504193e-05
	iters: 100, epoch: 65 | loss: 0.3669198
	speed: 0.0969s/iter; left time: 3511.3567s
Epoch: 65 cost time: 5.292697191238403
Epoch: 65, Steps: 154 | Train Loss: 0.3625695 Vali Loss: 0.3581336 Test Loss: 0.3982268
EarlyStopping counter: 1 out of 20
Updating learning rate to 9.98926684483718e-05
	iters: 100, epoch: 66 | loss: 0.3423370
	speed: 0.1003s/iter; left time: 3618.7813s
Epoch: 66 cost time: 5.311054944992065
Epoch: 66, Steps: 154 | Train Loss: 0.3568348 Vali Loss: 0.3560655 Test Loss: 0.3980738
Validation loss decreased (0.357242 --> 0.356065).  Saving model ...
Updating learning rate to 9.984553367408014e-05
	iters: 100, epoch: 67 | loss: 0.3603598
	speed: 0.0975s/iter; left time: 3504.6194s
Epoch: 67 cost time: 5.245023250579834
Epoch: 67, Steps: 154 | Train Loss: 0.3559306 Vali Loss: 0.3571777 Test Loss: 0.4062196
EarlyStopping counter: 1 out of 20
Updating learning rate to 9.978985815846791e-05
	iters: 100, epoch: 68 | loss: 0.3396661
	speed: 0.1014s/iter; left time: 3630.0823s
Epoch: 68 cost time: 5.3458898067474365
Epoch: 68, Steps: 154 | Train Loss: 0.3513586 Vali Loss: 0.3537592 Test Loss: 0.3984968
Validation loss decreased (0.356065 --> 0.353759).  Saving model ...
Updating learning rate to 9.972565144124811e-05
	iters: 100, epoch: 69 | loss: 0.3593967
	speed: 0.0957s/iter; left time: 3408.7951s
Epoch: 69 cost time: 5.261152505874634
Epoch: 69, Steps: 154 | Train Loss: 0.3517205 Vali Loss: 0.3506380 Test Loss: 0.3955933
Validation loss decreased (0.353759 --> 0.350638).  Saving model ...
Updating learning rate to 9.965292452391116e-05
	iters: 100, epoch: 70 | loss: 0.3697998
	speed: 0.0976s/iter; left time: 3460.8392s
Epoch: 70 cost time: 5.564417362213135
Epoch: 70, Steps: 154 | Train Loss: 0.3477172 Vali Loss: 0.3465774 Test Loss: 0.3917902
Validation loss decreased (0.350638 --> 0.346577).  Saving model ...
Updating learning rate to 9.957168986783996e-05
	iters: 100, epoch: 71 | loss: 0.3381408
	speed: 0.0989s/iter; left time: 3491.9038s
Epoch: 71 cost time: 5.3698647022247314
Epoch: 71, Steps: 154 | Train Loss: 0.3435411 Vali Loss: 0.3445781 Test Loss: 0.3922666
Validation loss decreased (0.346577 --> 0.344578).  Saving model ...
Updating learning rate to 9.948196139217464e-05
	iters: 100, epoch: 72 | loss: 0.3627932
	speed: 0.1014s/iter; left time: 3566.8974s
Epoch: 72 cost time: 5.361621379852295
Epoch: 72, Steps: 154 | Train Loss: 0.3421173 Vali Loss: 0.3366062 Test Loss: 0.3792186
Validation loss decreased (0.344578 --> 0.336606).  Saving model ...
Updating learning rate to 9.938375447142757e-05
	iters: 100, epoch: 73 | loss: 0.3589878
	speed: 0.1019s/iter; left time: 3569.1265s
Epoch: 73 cost time: 5.547882318496704
Epoch: 73, Steps: 154 | Train Loss: 0.3394629 Vali Loss: 0.3412267 Test Loss: 0.3837031
EarlyStopping counter: 1 out of 20
Updating learning rate to 9.927708593284906e-05
	iters: 100, epoch: 74 | loss: 0.3547632
	speed: 0.1002s/iter; left time: 3492.9275s
Epoch: 74 cost time: 5.472380638122559
Epoch: 74, Steps: 154 | Train Loss: 0.3380431 Vali Loss: 0.3294999 Test Loss: 0.3710052
Validation loss decreased (0.336606 --> 0.329500).  Saving model ...
Updating learning rate to 9.916197405354405e-05
	iters: 100, epoch: 75 | loss: 0.3432169
	speed: 0.0966s/iter; left time: 3352.2104s
Epoch: 75 cost time: 5.170988321304321
Epoch: 75, Steps: 154 | Train Loss: 0.3336600 Vali Loss: 0.3321313 Test Loss: 0.3816338
EarlyStopping counter: 1 out of 20
Updating learning rate to 9.903843855734048e-05
	iters: 100, epoch: 76 | loss: 0.3254240
	speed: 0.0989s/iter; left time: 3417.4485s
Epoch: 76 cost time: 5.5904717445373535
Epoch: 76, Steps: 154 | Train Loss: 0.3334156 Vali Loss: 0.3303496 Test Loss: 0.3800426
EarlyStopping counter: 2 out of 20
Updating learning rate to 9.890650061140963e-05
	iters: 100, epoch: 77 | loss: 0.3099086
	speed: 0.1003s/iter; left time: 3450.3242s
Epoch: 77 cost time: 5.375024318695068
Epoch: 77, Steps: 154 | Train Loss: 0.3311088 Vali Loss: 0.3214175 Test Loss: 0.3647723
Validation loss decreased (0.329500 --> 0.321417).  Saving model ...
Updating learning rate to 9.876618282263936e-05
	iters: 100, epoch: 78 | loss: 0.3235639
	speed: 0.0971s/iter; left time: 3324.6203s
Epoch: 78 cost time: 5.447119235992432
Epoch: 78, Steps: 154 | Train Loss: 0.3287670 Vali Loss: 0.3214933 Test Loss: 0.3610469
EarlyStopping counter: 1 out of 20
Updating learning rate to 9.861750923376039e-05
	iters: 100, epoch: 79 | loss: 0.3218528
	speed: 0.0963s/iter; left time: 3281.8032s
Epoch: 79 cost time: 5.372920989990234
Epoch: 79, Steps: 154 | Train Loss: 0.3264080 Vali Loss: 0.3233804 Test Loss: 0.3637775
EarlyStopping counter: 2 out of 20
Updating learning rate to 9.84605053192268e-05
	iters: 100, epoch: 80 | loss: 0.3949487
	speed: 0.1007s/iter; left time: 3418.8679s
Epoch: 80 cost time: 5.4328131675720215
Epoch: 80, Steps: 154 | Train Loss: 0.3234781 Vali Loss: 0.3235013 Test Loss: 0.3633517
EarlyStopping counter: 3 out of 20
Updating learning rate to 9.829519798085111e-05
	iters: 100, epoch: 81 | loss: 0.3108466
	speed: 0.0981s/iter; left time: 3313.6370s
Epoch: 81 cost time: 5.223283290863037
Epoch: 81, Steps: 154 | Train Loss: 0.3213036 Vali Loss: 0.3196012 Test Loss: 0.3673252
Validation loss decreased (0.321417 --> 0.319601).  Saving model ...
Updating learning rate to 9.812161554319471e-05
	iters: 100, epoch: 82 | loss: 0.3350045
	speed: 0.0971s/iter; left time: 3265.8154s
Epoch: 82 cost time: 5.342604637145996
Epoch: 82, Steps: 154 | Train Loss: 0.3210627 Vali Loss: 0.3185112 Test Loss: 0.3683066
Validation loss decreased (0.319601 --> 0.318511).  Saving model ...
Updating learning rate to 9.793978774871471e-05
	iters: 100, epoch: 83 | loss: 0.3173400
	speed: 0.0985s/iter; left time: 3297.3237s
Epoch: 83 cost time: 5.363004922866821
Epoch: 83, Steps: 154 | Train Loss: 0.3167101 Vali Loss: 0.3140583 Test Loss: 0.3605429
Validation loss decreased (0.318511 --> 0.314058).  Saving model ...
Updating learning rate to 9.774974575266766e-05
	iters: 100, epoch: 84 | loss: 0.3507023
	speed: 0.1005s/iter; left time: 3347.1772s
Epoch: 84 cost time: 5.6374311447143555
Epoch: 84, Steps: 154 | Train Loss: 0.3161709 Vali Loss: 0.3135194 Test Loss: 0.3587156
Validation loss decreased (0.314058 --> 0.313519).  Saving model ...
Updating learning rate to 9.75515221177712e-05
	iters: 100, epoch: 85 | loss: 0.2964203
	speed: 0.0963s/iter; left time: 3195.1709s
Epoch: 85 cost time: 5.3990771770477295
Epoch: 85, Steps: 154 | Train Loss: 0.3153575 Vali Loss: 0.3072304 Test Loss: 0.3521234
Validation loss decreased (0.313519 --> 0.307230).  Saving model ...
Updating learning rate to 9.734515080862474e-05
	iters: 100, epoch: 86 | loss: 0.3378637
	speed: 0.0962s/iter; left time: 3176.6393s
Epoch: 86 cost time: 5.301403522491455
Epoch: 86, Steps: 154 | Train Loss: 0.3125310 Vali Loss: 0.3121192 Test Loss: 0.3635801
EarlyStopping counter: 1 out of 20
Updating learning rate to 9.71306671858897e-05
	iters: 100, epoch: 87 | loss: 0.3195814
	speed: 0.0949s/iter; left time: 3118.3320s
Epoch: 87 cost time: 5.305037021636963
Epoch: 87, Steps: 154 | Train Loss: 0.3093372 Vali Loss: 0.3034540 Test Loss: 0.3471590
Validation loss decreased (0.307230 --> 0.303454).  Saving model ...
Updating learning rate to 9.690810800023068e-05
	iters: 100, epoch: 88 | loss: 0.3128195
	speed: 0.0991s/iter; left time: 3240.1941s
Epoch: 88 cost time: 5.385860204696655
Epoch: 88, Steps: 154 | Train Loss: 0.3087759 Vali Loss: 0.3047400 Test Loss: 0.3505101
EarlyStopping counter: 1 out of 20
Updating learning rate to 9.667751138601838e-05
	iters: 100, epoch: 89 | loss: 0.3396288
	speed: 0.0969s/iter; left time: 3154.9370s
Epoch: 89 cost time: 5.333160877227783
Epoch: 89, Steps: 154 | Train Loss: 0.3086432 Vali Loss: 0.3084339 Test Loss: 0.3548609
EarlyStopping counter: 2 out of 20
Updating learning rate to 9.643891685479554e-05
	iters: 100, epoch: 90 | loss: 0.2851218
	speed: 0.0987s/iter; left time: 3198.6009s
Epoch: 90 cost time: 5.361402988433838
Epoch: 90, Steps: 154 | Train Loss: 0.3044659 Vali Loss: 0.3040854 Test Loss: 0.3561397
EarlyStopping counter: 3 out of 20
Updating learning rate to 9.619236528850679e-05
	iters: 100, epoch: 91 | loss: 0.3092321
	speed: 0.0973s/iter; left time: 3135.9401s
Epoch: 91 cost time: 5.318372964859009
Epoch: 91, Steps: 154 | Train Loss: 0.3033603 Vali Loss: 0.2986172 Test Loss: 0.3444863
Validation loss decreased (0.303454 --> 0.298617).  Saving model ...
Updating learning rate to 9.593789893249376e-05
	iters: 100, epoch: 92 | loss: 0.2961641
	speed: 0.0986s/iter; left time: 3162.6931s
Epoch: 92 cost time: 5.488802433013916
Epoch: 92, Steps: 154 | Train Loss: 0.3021517 Vali Loss: 0.2976182 Test Loss: 0.3477615
Validation loss decreased (0.298617 --> 0.297618).  Saving model ...
Updating learning rate to 9.56755613882566e-05
	iters: 100, epoch: 93 | loss: 0.3013153
	speed: 0.0973s/iter; left time: 3107.5842s
Epoch: 93 cost time: 5.254631757736206
Epoch: 93, Steps: 154 | Train Loss: 0.3015145 Vali Loss: 0.2973174 Test Loss: 0.3382632
Validation loss decreased (0.297618 --> 0.297317).  Saving model ...
Updating learning rate to 9.540539760598295e-05
	iters: 100, epoch: 94 | loss: 0.2938720
	speed: 0.0976s/iter; left time: 3102.3664s
Epoch: 94 cost time: 5.379637956619263
Epoch: 94, Steps: 154 | Train Loss: 0.2998100 Vali Loss: 0.2954512 Test Loss: 0.3453002
Validation loss decreased (0.297317 --> 0.295451).  Saving model ...
Updating learning rate to 9.512745387684611e-05
	iters: 100, epoch: 95 | loss: 0.2954336
	speed: 0.1002s/iter; left time: 3170.1458s
Epoch: 95 cost time: 5.5495123863220215
Epoch: 95, Steps: 154 | Train Loss: 0.2984158 Vali Loss: 0.2932683 Test Loss: 0.3364489
Validation loss decreased (0.295451 --> 0.293268).  Saving model ...
Updating learning rate to 9.484177782507321e-05
	iters: 100, epoch: 96 | loss: 0.3007677
	speed: 0.0988s/iter; left time: 3109.2765s
Epoch: 96 cost time: 5.478892803192139
Epoch: 96, Steps: 154 | Train Loss: 0.2971071 Vali Loss: 0.2918723 Test Loss: 0.3383642
Validation loss decreased (0.293268 --> 0.291872).  Saving model ...
Updating learning rate to 9.454841839978506e-05
	iters: 100, epoch: 97 | loss: 0.3178880
	speed: 0.0993s/iter; left time: 3108.4880s
Epoch: 97 cost time: 5.3501551151275635
Epoch: 97, Steps: 154 | Train Loss: 0.2966072 Vali Loss: 0.2895145 Test Loss: 0.3267905
Validation loss decreased (0.291872 --> 0.289515).  Saving model ...
Updating learning rate to 9.424742586660895e-05
	iters: 100, epoch: 98 | loss: 0.2867978
	speed: 0.0961s/iter; left time: 2995.6731s
Epoch: 98 cost time: 5.447113037109375
Epoch: 98, Steps: 154 | Train Loss: 0.2942138 Vali Loss: 0.2889608 Test Loss: 0.3329736
Validation loss decreased (0.289515 --> 0.288961).  Saving model ...
Updating learning rate to 9.393885179906595e-05
	iters: 100, epoch: 99 | loss: 0.2774577
	speed: 0.0995s/iter; left time: 3084.8189s
Epoch: 99 cost time: 5.241386890411377
Epoch: 99, Steps: 154 | Train Loss: 0.2920117 Vali Loss: 0.2930981 Test Loss: 0.3392438
EarlyStopping counter: 1 out of 20
Updating learning rate to 9.362274906973398e-05
	iters: 100, epoch: 100 | loss: 0.2828374
	speed: 0.0957s/iter; left time: 2952.4498s
Epoch: 100 cost time: 5.279830455780029
Epoch: 100, Steps: 154 | Train Loss: 0.2926929 Vali Loss: 0.2869200 Test Loss: 0.3325023
Validation loss decreased (0.288961 --> 0.286920).  Saving model ...
Updating learning rate to 9.32991718411884e-05
	iters: 100, epoch: 101 | loss: 0.3091773
	speed: 0.0962s/iter; left time: 2952.9783s
Epoch: 101 cost time: 5.185662269592285
Epoch: 101, Steps: 154 | Train Loss: 0.2900052 Vali Loss: 0.2886524 Test Loss: 0.3213643
EarlyStopping counter: 1 out of 20
Updating learning rate to 9.296817555672155e-05
	iters: 100, epoch: 102 | loss: 0.2837425
	speed: 0.0924s/iter; left time: 2821.4796s
Epoch: 102 cost time: 5.196035623550415
Epoch: 102, Steps: 154 | Train Loss: 0.2883625 Vali Loss: 0.2867410 Test Loss: 0.3275922
Validation loss decreased (0.286920 --> 0.286741).  Saving model ...
Updating learning rate to 9.26298169308428e-05
	iters: 100, epoch: 103 | loss: 0.2876889
	speed: 0.1011s/iter; left time: 3071.2985s
Epoch: 103 cost time: 5.5683510303497314
Epoch: 103, Steps: 154 | Train Loss: 0.2874818 Vali Loss: 0.2824466 Test Loss: 0.3253410
Validation loss decreased (0.286741 --> 0.282447).  Saving model ...
Updating learning rate to 9.228415393956082e-05
	iters: 100, epoch: 104 | loss: 0.2827492
	speed: 0.0965s/iter; left time: 2919.2460s
Epoch: 104 cost time: 5.24810266494751
Epoch: 104, Steps: 154 | Train Loss: 0.2872735 Vali Loss: 0.2787545 Test Loss: 0.3147102
Validation loss decreased (0.282447 --> 0.278754).  Saving model ...
Updating learning rate to 9.193124581044967e-05
	iters: 100, epoch: 105 | loss: 0.2772584
	speed: 0.0967s/iter; left time: 2908.7991s
Epoch: 105 cost time: 5.279768466949463
Epoch: 105, Steps: 154 | Train Loss: 0.2862577 Vali Loss: 0.2907241 Test Loss: 0.3332271
EarlyStopping counter: 1 out of 20
Updating learning rate to 9.157115301250053e-05
	iters: 100, epoch: 106 | loss: 0.2664012
	speed: 0.0986s/iter; left time: 2951.3598s
Epoch: 106 cost time: 5.2145397663116455
Epoch: 106, Steps: 154 | Train Loss: 0.2846400 Vali Loss: 0.2794189 Test Loss: 0.3209617
EarlyStopping counter: 2 out of 20
Updating learning rate to 9.120393724576055e-05
	iters: 100, epoch: 107 | loss: 0.2743593
	speed: 0.0970s/iter; left time: 2889.2551s
Epoch: 107 cost time: 5.304366588592529
Epoch: 107, Steps: 154 | Train Loss: 0.2843811 Vali Loss: 0.2807151 Test Loss: 0.3208376
EarlyStopping counter: 3 out of 20
Updating learning rate to 9.082966143076092e-05
	iters: 100, epoch: 108 | loss: 0.2997148
	speed: 0.1040s/iter; left time: 3080.0644s
Epoch: 108 cost time: 5.374517202377319
Epoch: 108, Steps: 154 | Train Loss: 0.2832570 Vali Loss: 0.2804470 Test Loss: 0.3144456
EarlyStopping counter: 4 out of 20
Updating learning rate to 9.044838969773576e-05
	iters: 100, epoch: 109 | loss: 0.2889538
	speed: 0.1003s/iter; left time: 2956.7063s
Epoch: 109 cost time: 5.6281702518463135
Epoch: 109, Steps: 154 | Train Loss: 0.2818278 Vali Loss: 0.2821872 Test Loss: 0.3247528
EarlyStopping counter: 5 out of 20
Updating learning rate to 9.006018737563377e-05
	iters: 100, epoch: 110 | loss: 0.2778439
	speed: 0.1010s/iter; left time: 2960.4048s
Epoch: 110 cost time: 5.514348030090332
Epoch: 110, Steps: 154 | Train Loss: 0.2821484 Vali Loss: 0.2791874 Test Loss: 0.3231859
EarlyStopping counter: 6 out of 20
Updating learning rate to 8.966512098092432e-05
	iters: 100, epoch: 111 | loss: 0.2801619
	speed: 0.1010s/iter; left time: 2944.9629s
Epoch: 111 cost time: 5.492660760879517
Epoch: 111, Steps: 154 | Train Loss: 0.2802306 Vali Loss: 0.2776960 Test Loss: 0.3143067
Validation loss decreased (0.278754 --> 0.277696).  Saving model ...
Updating learning rate to 8.926325820620037e-05
	iters: 100, epoch: 112 | loss: 0.2983136
	speed: 0.1046s/iter; left time: 3034.0122s
Epoch: 112 cost time: 5.440598726272583
Epoch: 112, Steps: 154 | Train Loss: 0.2803441 Vali Loss: 0.2816854 Test Loss: 0.3206049
EarlyStopping counter: 1 out of 20
Updating learning rate to 8.885466790857956e-05
	iters: 100, epoch: 113 | loss: 0.2731086
	speed: 0.0966s/iter; left time: 2787.5590s
Epoch: 113 cost time: 5.193904399871826
Epoch: 113, Steps: 154 | Train Loss: 0.2785126 Vali Loss: 0.2749104 Test Loss: 0.3160560
Validation loss decreased (0.277696 --> 0.274910).  Saving model ...
Updating learning rate to 8.843942009790595e-05
	iters: 100, epoch: 114 | loss: 0.2902533
	speed: 0.0976s/iter; left time: 2801.5059s
Epoch: 114 cost time: 5.205493688583374
Epoch: 114, Steps: 154 | Train Loss: 0.2781025 Vali Loss: 0.2722309 Test Loss: 0.3114781
Validation loss decreased (0.274910 --> 0.272231).  Saving model ...
Updating learning rate to 8.801758592475424e-05
	iters: 100, epoch: 115 | loss: 0.2926446
	speed: 0.0975s/iter; left time: 2782.7940s
Epoch: 115 cost time: 5.276385545730591
Epoch: 115, Steps: 154 | Train Loss: 0.2778832 Vali Loss: 0.2725489 Test Loss: 0.3117015
EarlyStopping counter: 1 out of 20
Updating learning rate to 8.758923766823833e-05
	iters: 100, epoch: 116 | loss: 0.2713826
	speed: 0.0992s/iter; left time: 2815.8716s
Epoch: 116 cost time: 5.460591077804565
Epoch: 116, Steps: 154 | Train Loss: 0.2767970 Vali Loss: 0.2723472 Test Loss: 0.3090681
EarlyStopping counter: 2 out of 20
Updating learning rate to 8.715444872362687e-05
	iters: 100, epoch: 117 | loss: 0.2529288
	speed: 0.0969s/iter; left time: 2735.9479s
Epoch: 117 cost time: 5.320892095565796
Epoch: 117, Steps: 154 | Train Loss: 0.2759205 Vali Loss: 0.2745540 Test Loss: 0.3151680
EarlyStopping counter: 3 out of 20
Updating learning rate to 8.671329358976722e-05
	iters: 100, epoch: 118 | loss: 0.2708572
	speed: 0.0952s/iter; left time: 2673.9678s
Epoch: 118 cost time: 5.1135993003845215
Epoch: 118, Steps: 154 | Train Loss: 0.2746062 Vali Loss: 0.2767471 Test Loss: 0.3196090
EarlyStopping counter: 4 out of 20
Updating learning rate to 8.62658478563205e-05
	iters: 100, epoch: 119 | loss: 0.3118871
	speed: 0.0961s/iter; left time: 2684.8154s
Epoch: 119 cost time: 5.267282485961914
Epoch: 119, Steps: 154 | Train Loss: 0.2747699 Vali Loss: 0.2719972 Test Loss: 0.3105854
Validation loss decreased (0.272231 --> 0.271997).  Saving model ...
Updating learning rate to 8.581218819080964e-05
	iters: 100, epoch: 120 | loss: 0.2629456
	speed: 0.1006s/iter; left time: 2794.2512s
Epoch: 120 cost time: 5.470065355300903
Epoch: 120, Steps: 154 | Train Loss: 0.2726599 Vali Loss: 0.2695111 Test Loss: 0.3050866
Validation loss decreased (0.271997 --> 0.269511).  Saving model ...
Updating learning rate to 8.535239232548291e-05
	iters: 100, epoch: 121 | loss: 0.2763843
	speed: 0.1012s/iter; left time: 2794.0512s
Epoch: 121 cost time: 5.518063545227051
Epoch: 121, Steps: 154 | Train Loss: 0.2723137 Vali Loss: 0.2699424 Test Loss: 0.3079842
EarlyStopping counter: 1 out of 20
Updating learning rate to 8.488653904399478e-05
	iters: 100, epoch: 122 | loss: 0.2517907
	speed: 0.1021s/iter; left time: 2803.3264s
Epoch: 122 cost time: 5.520703315734863
Epoch: 122, Steps: 154 | Train Loss: 0.2717369 Vali Loss: 0.2696814 Test Loss: 0.3086016
EarlyStopping counter: 2 out of 20
Updating learning rate to 8.441470816790685e-05
	iters: 100, epoch: 123 | loss: 0.2700325
	speed: 0.1016s/iter; left time: 2774.5104s
Epoch: 123 cost time: 5.3107521533966064
Epoch: 123, Steps: 154 | Train Loss: 0.2699852 Vali Loss: 0.2680351 Test Loss: 0.3028695
Validation loss decreased (0.269511 --> 0.268035).  Saving model ...
Updating learning rate to 8.393698054301071e-05
	iters: 100, epoch: 124 | loss: 0.2601363
	speed: 0.0993s/iter; left time: 2697.2122s
Epoch: 124 cost time: 5.343043327331543
Epoch: 124, Steps: 154 | Train Loss: 0.2701963 Vali Loss: 0.2748848 Test Loss: 0.3090431
EarlyStopping counter: 1 out of 20
Updating learning rate to 8.345343802547554e-05
	iters: 100, epoch: 125 | loss: 0.2664485
	speed: 0.0985s/iter; left time: 2660.4637s
Epoch: 125 cost time: 5.019845962524414
Epoch: 125, Steps: 154 | Train Loss: 0.2691449 Vali Loss: 0.2664180 Test Loss: 0.3042105
Validation loss decreased (0.268035 --> 0.266418).  Saving model ...
Updating learning rate to 8.296416346782246e-05
	iters: 100, epoch: 126 | loss: 0.2726356
	speed: 0.0998s/iter; left time: 2679.6866s
Epoch: 126 cost time: 5.366244077682495
Epoch: 126, Steps: 154 | Train Loss: 0.2691962 Vali Loss: 0.2616459 Test Loss: 0.2981145
Validation loss decreased (0.266418 --> 0.261646).  Saving model ...
Updating learning rate to 8.246924070472811e-05
	iters: 100, epoch: 127 | loss: 0.2732205
	speed: 0.1005s/iter; left time: 2682.3437s
Epoch: 127 cost time: 5.470431566238403
Epoch: 127, Steps: 154 | Train Loss: 0.2670971 Vali Loss: 0.2646218 Test Loss: 0.2973643
EarlyStopping counter: 1 out of 20
Updating learning rate to 8.196875453866008e-05
	iters: 100, epoch: 128 | loss: 0.3144674
	speed: 0.1001s/iter; left time: 2658.0515s
Epoch: 128 cost time: 5.462819576263428
Epoch: 128, Steps: 154 | Train Loss: 0.2689156 Vali Loss: 0.2684684 Test Loss: 0.3053729
EarlyStopping counter: 2 out of 20
Updating learning rate to 8.146279072534642e-05
	iters: 100, epoch: 129 | loss: 0.2675758
	speed: 0.0998s/iter; left time: 2633.4585s
Epoch: 129 cost time: 5.142624378204346
Epoch: 129, Steps: 154 | Train Loss: 0.2668451 Vali Loss: 0.2677012 Test Loss: 0.3107062
EarlyStopping counter: 3 out of 20
Updating learning rate to 8.095143595908184e-05
	iters: 100, epoch: 130 | loss: 0.2671039
	speed: 0.0973s/iter; left time: 2552.3861s
Epoch: 130 cost time: 5.3501365184783936
Epoch: 130, Steps: 154 | Train Loss: 0.2659649 Vali Loss: 0.2624023 Test Loss: 0.2986741
EarlyStopping counter: 4 out of 20
Updating learning rate to 8.043477785787307e-05
	iters: 100, epoch: 131 | loss: 0.2520040
	speed: 0.0981s/iter; left time: 2559.0483s
Epoch: 131 cost time: 5.260236740112305
Epoch: 131, Steps: 154 | Train Loss: 0.2641578 Vali Loss: 0.2668766 Test Loss: 0.3108985
EarlyStopping counter: 5 out of 20
Updating learning rate to 7.991290494842596e-05
	iters: 100, epoch: 132 | loss: 0.2613131
	speed: 0.0981s/iter; left time: 2543.6451s
Epoch: 132 cost time: 5.3196635246276855
Epoch: 132, Steps: 154 | Train Loss: 0.2636583 Vali Loss: 0.2659297 Test Loss: 0.3033698
EarlyStopping counter: 6 out of 20
Updating learning rate to 7.938590665097698e-05
	iters: 100, epoch: 133 | loss: 0.2364973
	speed: 0.0984s/iter; left time: 2534.8255s
Epoch: 133 cost time: 5.302608251571655
Epoch: 133, Steps: 154 | Train Loss: 0.2642137 Vali Loss: 0.2580506 Test Loss: 0.2942293
Validation loss decreased (0.261646 --> 0.258051).  Saving model ...
Updating learning rate to 7.88538732639714e-05
	iters: 100, epoch: 134 | loss: 0.2705527
	speed: 0.0975s/iter; left time: 2498.7530s
Epoch: 134 cost time: 5.182696580886841
Epoch: 134, Steps: 154 | Train Loss: 0.2634956 Vali Loss: 0.2680652 Test Loss: 0.3052867
EarlyStopping counter: 1 out of 20
Updating learning rate to 7.831689594859116e-05
	iters: 100, epoch: 135 | loss: 0.2586500
	speed: 0.0999s/iter; left time: 2543.7386s
Epoch: 135 cost time: 5.367565631866455
Epoch: 135, Steps: 154 | Train Loss: 0.2632262 Vali Loss: 0.2645583 Test Loss: 0.3005549
EarlyStopping counter: 2 out of 20
Updating learning rate to 7.777506671313485e-05
	iters: 100, epoch: 136 | loss: 0.2716224
	speed: 0.1016s/iter; left time: 2571.8387s
Epoch: 136 cost time: 5.3168439865112305
Epoch: 136, Steps: 154 | Train Loss: 0.2630125 Vali Loss: 0.2625509 Test Loss: 0.2981984
EarlyStopping counter: 3 out of 20
Updating learning rate to 7.722847839725265e-05
	iters: 100, epoch: 137 | loss: 0.2683292
	speed: 0.0995s/iter; left time: 2502.5443s
Epoch: 137 cost time: 5.373673677444458
Epoch: 137, Steps: 154 | Train Loss: 0.2618444 Vali Loss: 0.2611731 Test Loss: 0.2949623
EarlyStopping counter: 4 out of 20
Updating learning rate to 7.667722465603866e-05
	iters: 100, epoch: 138 | loss: 0.2656319
	speed: 0.0990s/iter; left time: 2475.9805s
Epoch: 138 cost time: 5.393968105316162
Epoch: 138, Steps: 154 | Train Loss: 0.2621573 Vali Loss: 0.2607475 Test Loss: 0.2995319
EarlyStopping counter: 5 out of 20
Updating learning rate to 7.612139994398354e-05
	iters: 100, epoch: 139 | loss: 0.2494360
	speed: 0.0980s/iter; left time: 2435.4878s
Epoch: 139 cost time: 5.374800682067871
Epoch: 139, Steps: 154 | Train Loss: 0.2611258 Vali Loss: 0.2673455 Test Loss: 0.3045578
EarlyStopping counter: 6 out of 20
Updating learning rate to 7.556109949879033e-05
	iters: 100, epoch: 140 | loss: 0.2405980
	speed: 0.0975s/iter; left time: 2407.8014s
Epoch: 140 cost time: 5.325181722640991
Epoch: 140, Steps: 154 | Train Loss: 0.2594329 Vali Loss: 0.2592877 Test Loss: 0.2989970
EarlyStopping counter: 7 out of 20
Updating learning rate to 7.499641932505588e-05
	iters: 100, epoch: 141 | loss: 0.2482069
	speed: 0.0977s/iter; left time: 2396.8453s
Epoch: 141 cost time: 5.406141519546509
Epoch: 141, Steps: 154 | Train Loss: 0.2603114 Vali Loss: 0.2541991 Test Loss: 0.2930460
Validation loss decreased (0.258051 --> 0.254199).  Saving model ...
Updating learning rate to 7.442745617782097e-05
	iters: 100, epoch: 142 | loss: 0.2625165
	speed: 0.0958s/iter; left time: 2336.8703s
Epoch: 142 cost time: 5.053190231323242
Epoch: 142, Steps: 154 | Train Loss: 0.2578444 Vali Loss: 0.2572832 Test Loss: 0.2924092
EarlyStopping counter: 1 out of 20
Updating learning rate to 7.385430754599182e-05
	iters: 100, epoch: 143 | loss: 0.2596790
	speed: 0.0989s/iter; left time: 2396.0456s
Epoch: 143 cost time: 5.383317470550537
Epoch: 143, Steps: 154 | Train Loss: 0.2583670 Vali Loss: 0.2582753 Test Loss: 0.2977189
EarlyStopping counter: 2 out of 20
Updating learning rate to 7.327707163563598e-05
	iters: 100, epoch: 144 | loss: 0.2691834
	speed: 0.1023s/iter; left time: 2463.3916s
Epoch: 144 cost time: 5.399705648422241
Epoch: 144, Steps: 154 | Train Loss: 0.2580469 Vali Loss: 0.2574526 Test Loss: 0.2976901
EarlyStopping counter: 3 out of 20
Updating learning rate to 7.269584735315502e-05
	iters: 100, epoch: 145 | loss: 0.2623639
	speed: 0.1003s/iter; left time: 2400.6800s
Epoch: 145 cost time: 5.4309821128845215
Epoch: 145, Steps: 154 | Train Loss: 0.2574368 Vali Loss: 0.2564597 Test Loss: 0.2940117
EarlyStopping counter: 4 out of 20
Updating learning rate to 7.211073428833761e-05
	iters: 100, epoch: 146 | loss: 0.2608437
	speed: 0.0988s/iter; left time: 2348.4971s
Epoch: 146 cost time: 5.389235973358154
Epoch: 146, Steps: 154 | Train Loss: 0.2565613 Vali Loss: 0.2538907 Test Loss: 0.2885936
Validation loss decreased (0.254199 --> 0.253891).  Saving model ...
Updating learning rate to 7.152183269729524e-05
	iters: 100, epoch: 147 | loss: 0.2524545
	speed: 0.0993s/iter; left time: 2346.0090s
Epoch: 147 cost time: 5.306092977523804
Epoch: 147, Steps: 154 | Train Loss: 0.2559918 Vali Loss: 0.2596807 Test Loss: 0.3003605
EarlyStopping counter: 1 out of 20
Updating learning rate to 7.092924348528385e-05
	iters: 100, epoch: 148 | loss: 0.2447377
	speed: 0.0977s/iter; left time: 2291.6098s
Epoch: 148 cost time: 5.304853916168213
Epoch: 148, Steps: 154 | Train Loss: 0.2564350 Vali Loss: 0.2615137 Test Loss: 0.2878858
EarlyStopping counter: 2 out of 20
Updating learning rate to 7.033306818941429e-05
	iters: 100, epoch: 149 | loss: 0.2481434
	speed: 0.0974s/iter; left time: 2269.2177s
Epoch: 149 cost time: 5.245641469955444
Epoch: 149, Steps: 154 | Train Loss: 0.2570976 Vali Loss: 0.2554320 Test Loss: 0.2986872
EarlyStopping counter: 3 out of 20
Updating learning rate to 6.973340896125432e-05
	iters: 100, epoch: 150 | loss: 0.2599513
	speed: 0.0972s/iter; left time: 2251.0786s
Epoch: 150 cost time: 5.276872158050537
Epoch: 150, Steps: 154 | Train Loss: 0.2549995 Vali Loss: 0.2518503 Test Loss: 0.2845301
Validation loss decreased (0.253891 --> 0.251850).  Saving model ...
Updating learning rate to 6.913036854932571e-05
	iters: 100, epoch: 151 | loss: 0.2621819
	speed: 0.0964s/iter; left time: 2216.6108s
Epoch: 151 cost time: 5.329591512680054
Epoch: 151, Steps: 154 | Train Loss: 0.2559289 Vali Loss: 0.2600088 Test Loss: 0.2932909
EarlyStopping counter: 1 out of 20
Updating learning rate to 6.852405028149855e-05
	iters: 100, epoch: 152 | loss: 0.2395523
	speed: 0.0970s/iter; left time: 2217.0740s
Epoch: 152 cost time: 5.3419270515441895
Epoch: 152, Steps: 154 | Train Loss: 0.2535838 Vali Loss: 0.2556635 Test Loss: 0.2910865
EarlyStopping counter: 2 out of 20
Updating learning rate to 6.791455804728669e-05
	iters: 100, epoch: 153 | loss: 0.2414710
	speed: 0.0962s/iter; left time: 2184.0185s
Epoch: 153 cost time: 5.24394154548645
Epoch: 153, Steps: 154 | Train Loss: 0.2544988 Vali Loss: 0.2557123 Test Loss: 0.2888376
EarlyStopping counter: 3 out of 20
Updating learning rate to 6.730199628004678e-05
	iters: 100, epoch: 154 | loss: 0.2343651
	speed: 0.0980s/iter; left time: 2209.3930s
Epoch: 154 cost time: 5.295773506164551
Epoch: 154, Steps: 154 | Train Loss: 0.2540839 Vali Loss: 0.2530759 Test Loss: 0.2890936
EarlyStopping counter: 4 out of 20
Updating learning rate to 6.668646993908419e-05
	iters: 100, epoch: 155 | loss: 0.2422086
	speed: 0.0977s/iter; left time: 2187.5718s
Epoch: 155 cost time: 5.246199607849121
Epoch: 155, Steps: 154 | Train Loss: 0.2523095 Vali Loss: 0.2549960 Test Loss: 0.2907522
EarlyStopping counter: 5 out of 20
Updating learning rate to 6.606808449166869e-05
	iters: 100, epoch: 156 | loss: 0.2588476
	speed: 0.0948s/iter; left time: 2108.5584s
Epoch: 156 cost time: 5.029403448104858
Epoch: 156, Steps: 154 | Train Loss: 0.2529408 Vali Loss: 0.2542813 Test Loss: 0.2853502
EarlyStopping counter: 6 out of 20
Updating learning rate to 6.544694589496325e-05
	iters: 100, epoch: 157 | loss: 0.2522191
	speed: 0.0997s/iter; left time: 2202.0382s
Epoch: 157 cost time: 5.43252158164978
Epoch: 157, Steps: 154 | Train Loss: 0.2523570 Vali Loss: 0.2525063 Test Loss: 0.2858624
EarlyStopping counter: 7 out of 20
Updating learning rate to 6.482316057786874e-05
	iters: 100, epoch: 158 | loss: 0.2538726
	speed: 0.0989s/iter; left time: 2167.8391s
Epoch: 158 cost time: 5.3005547523498535
Epoch: 158, Steps: 154 | Train Loss: 0.2520144 Vali Loss: 0.2483221 Test Loss: 0.2850093
Validation loss decreased (0.251850 --> 0.248322).  Saving model ...
Updating learning rate to 6.419683542278804e-05
	iters: 100, epoch: 159 | loss: 0.2525344
	speed: 0.0986s/iter; left time: 2147.4033s
Epoch: 159 cost time: 5.386943578720093
Epoch: 159, Steps: 154 | Train Loss: 0.2513456 Vali Loss: 0.2517140 Test Loss: 0.2863131
EarlyStopping counter: 1 out of 20
Updating learning rate to 6.356807774731214e-05
	iters: 100, epoch: 160 | loss: 0.2520890
	speed: 0.0991s/iter; left time: 2142.8368s
Epoch: 160 cost time: 5.362053394317627
Epoch: 160, Steps: 154 | Train Loss: 0.2504680 Vali Loss: 0.2493174 Test Loss: 0.2825339
EarlyStopping counter: 2 out of 20
Updating learning rate to 6.293699528583185e-05
	iters: 100, epoch: 161 | loss: 0.2342491
	speed: 0.0974s/iter; left time: 2090.8478s
Epoch: 161 cost time: 5.25800085067749
Epoch: 161, Steps: 154 | Train Loss: 0.2505808 Vali Loss: 0.2537974 Test Loss: 0.2944171
EarlyStopping counter: 3 out of 20
Updating learning rate to 6.230369617107812e-05
	iters: 100, epoch: 162 | loss: 0.2525129
	speed: 0.0980s/iter; left time: 2087.2315s
Epoch: 162 cost time: 5.326210021972656
Epoch: 162, Steps: 154 | Train Loss: 0.2509681 Vali Loss: 0.2482760 Test Loss: 0.2843314
Validation loss decreased (0.248322 --> 0.248276).  Saving model ...
Updating learning rate to 6.166828891559407e-05
	iters: 100, epoch: 163 | loss: 0.2509662
	speed: 0.0967s/iter; left time: 2045.0481s
Epoch: 163 cost time: 5.316669702529907
Epoch: 163, Steps: 154 | Train Loss: 0.2492824 Vali Loss: 0.2462251 Test Loss: 0.2812781
Validation loss decreased (0.248276 --> 0.246225).  Saving model ...
Updating learning rate to 6.1030882393141814e-05
	iters: 100, epoch: 164 | loss: 0.2356906
	speed: 0.0986s/iter; left time: 2070.5255s
Epoch: 164 cost time: 5.436212539672852
Epoch: 164, Steps: 154 | Train Loss: 0.2489144 Vali Loss: 0.2484599 Test Loss: 0.2852968
EarlyStopping counter: 1 out of 20
Updating learning rate to 6.0391585820047594e-05
	iters: 100, epoch: 165 | loss: 0.2422139
	speed: 0.0986s/iter; left time: 2054.5855s
Epoch: 165 cost time: 5.328929424285889
Epoch: 165, Steps: 154 | Train Loss: 0.2492362 Vali Loss: 0.2470861 Test Loss: 0.2802130
EarlyStopping counter: 2 out of 20
Updating learning rate to 5.975050873648811e-05
	iters: 100, epoch: 166 | loss: 0.2552699
	speed: 0.0978s/iter; left time: 2023.4932s
Epoch: 166 cost time: 5.422730207443237
Epoch: 166, Steps: 154 | Train Loss: 0.2487576 Vali Loss: 0.2549454 Test Loss: 0.2877177
EarlyStopping counter: 3 out of 20
Updating learning rate to 5.9107760987721366e-05
	iters: 100, epoch: 167 | loss: 0.2422759
	speed: 0.0999s/iter; left time: 2051.1075s
Epoch: 167 cost time: 5.363838195800781
Epoch: 167, Steps: 154 | Train Loss: 0.2476208 Vali Loss: 0.2486670 Test Loss: 0.2843081
EarlyStopping counter: 4 out of 20
Updating learning rate to 5.8463452705265215e-05
	iters: 100, epoch: 168 | loss: 0.2418753
	speed: 0.0996s/iter; left time: 2031.0181s
Epoch: 168 cost time: 5.433827638626099
Epoch: 168, Steps: 154 | Train Loss: 0.2488759 Vali Loss: 0.2474742 Test Loss: 0.2777477
EarlyStopping counter: 5 out of 20
Updating learning rate to 5.781769428802696e-05
	iters: 100, epoch: 169 | loss: 0.2578752
	speed: 0.0964s/iter; left time: 1950.9951s
Epoch: 169 cost time: 5.358796119689941
Epoch: 169, Steps: 154 | Train Loss: 0.2478178 Vali Loss: 0.2473167 Test Loss: 0.2815244
EarlyStopping counter: 6 out of 20
Updating learning rate to 5.717059638338703e-05
	iters: 100, epoch: 170 | loss: 0.2357308
	speed: 0.0992s/iter; left time: 1992.2938s
Epoch: 170 cost time: 5.3308775424957275
Epoch: 170, Steps: 154 | Train Loss: 0.2473247 Vali Loss: 0.2461430 Test Loss: 0.2832726
Validation loss decreased (0.246225 --> 0.246143).  Saving model ...
Updating learning rate to 5.652226986824012e-05
	iters: 100, epoch: 171 | loss: 0.2579086
	speed: 0.1001s/iter; left time: 1993.3600s
Epoch: 171 cost time: 5.307762861251831
Epoch: 171, Steps: 154 | Train Loss: 0.2473938 Vali Loss: 0.2422361 Test Loss: 0.2773249
Validation loss decreased (0.246143 --> 0.242236).  Saving model ...
Updating learning rate to 5.587282582999698e-05
	iters: 100, epoch: 172 | loss: 0.2536781
	speed: 0.0993s/iter; left time: 1962.1565s
Epoch: 172 cost time: 5.5428526401519775
Epoch: 172, Steps: 154 | Train Loss: 0.2457241 Vali Loss: 0.2482953 Test Loss: 0.2904542
EarlyStopping counter: 1 out of 20
Updating learning rate to 5.522237554755021e-05
	iters: 100, epoch: 173 | loss: 0.2266248
	speed: 0.1008s/iter; left time: 1976.8734s
Epoch: 173 cost time: 5.478602886199951
Epoch: 173, Steps: 154 | Train Loss: 0.2451622 Vali Loss: 0.2452321 Test Loss: 0.2810612
EarlyStopping counter: 2 out of 20
Updating learning rate to 5.457103047220723e-05
	iters: 100, epoch: 174 | loss: 0.2309283
	speed: 0.0984s/iter; left time: 1914.7085s
Epoch: 174 cost time: 5.300846099853516
Epoch: 174, Steps: 154 | Train Loss: 0.2458190 Vali Loss: 0.2450499 Test Loss: 0.2792806
EarlyStopping counter: 3 out of 20
Updating learning rate to 5.3918902208593534e-05
	iters: 100, epoch: 175 | loss: 0.2444288
	speed: 0.0979s/iter; left time: 1889.0714s
Epoch: 175 cost time: 5.4452064037323
Epoch: 175, Steps: 154 | Train Loss: 0.2457101 Vali Loss: 0.2438075 Test Loss: 0.2795850
EarlyStopping counter: 4 out of 20
Updating learning rate to 5.3266102495529934e-05
	iters: 100, epoch: 176 | loss: 0.2565979
	speed: 0.0978s/iter; left time: 1873.7537s
Epoch: 176 cost time: 5.360842943191528
Epoch: 176, Steps: 154 | Train Loss: 0.2444254 Vali Loss: 0.2491466 Test Loss: 0.2891717
EarlyStopping counter: 5 out of 20
Updating learning rate to 5.261274318688662e-05
	iters: 100, epoch: 177 | loss: 0.2356045
	speed: 0.0987s/iter; left time: 1874.2002s
Epoch: 177 cost time: 5.389090299606323
Epoch: 177, Steps: 154 | Train Loss: 0.2453230 Vali Loss: 0.2453918 Test Loss: 0.2814156
EarlyStopping counter: 6 out of 20
Updating learning rate to 5.195893623241765e-05
	iters: 100, epoch: 178 | loss: 0.2543975
	speed: 0.0982s/iter; left time: 1849.8341s
Epoch: 178 cost time: 5.310545444488525
Epoch: 178, Steps: 154 | Train Loss: 0.2449974 Vali Loss: 0.2453193 Test Loss: 0.2817305
EarlyStopping counter: 7 out of 20
Updating learning rate to 5.1304793658578855e-05
	iters: 100, epoch: 179 | loss: 0.2327307
	speed: 0.1030s/iter; left time: 1924.2745s
Epoch: 179 cost time: 5.397127151489258
Epoch: 179, Steps: 154 | Train Loss: 0.2448693 Vali Loss: 0.2429531 Test Loss: 0.2784977
EarlyStopping counter: 8 out of 20
Updating learning rate to 5.065042754933273e-05
	iters: 100, epoch: 180 | loss: 0.2354703
	speed: 0.0988s/iter; left time: 1830.3337s
Epoch: 180 cost time: 5.206376791000366
Epoch: 180, Steps: 154 | Train Loss: 0.2433423 Vali Loss: 0.2442545 Test Loss: 0.2756699
EarlyStopping counter: 9 out of 20
Updating learning rate to 4.999595002694342e-05
	iters: 100, epoch: 181 | loss: 0.2426668
	speed: 0.0989s/iter; left time: 1818.0006s
Epoch: 181 cost time: 5.361146688461304
Epoch: 181, Steps: 154 | Train Loss: 0.2434368 Vali Loss: 0.2445643 Test Loss: 0.2824674
EarlyStopping counter: 10 out of 20
Updating learning rate to 4.9341473232765096e-05
	iters: 100, epoch: 182 | loss: 0.2353010
	speed: 0.0973s/iter; left time: 1773.7854s
Epoch: 182 cost time: 5.311285972595215
Epoch: 182, Steps: 154 | Train Loss: 0.2432058 Vali Loss: 0.2451434 Test Loss: 0.2779196
EarlyStopping counter: 11 out of 20
Updating learning rate to 4.86871093080272e-05
	iters: 100, epoch: 183 | loss: 0.2249151
	speed: 0.0973s/iter; left time: 1758.7864s
Epoch: 183 cost time: 5.3742640018463135
Epoch: 183, Steps: 154 | Train Loss: 0.2433872 Vali Loss: 0.2440301 Test Loss: 0.2823093
EarlyStopping counter: 12 out of 20
Updating learning rate to 4.8032970374619576e-05
	iters: 100, epoch: 184 | loss: 0.2297779
	speed: 0.0974s/iter; left time: 1744.6860s
Epoch: 184 cost time: 5.366471290588379
Epoch: 184, Steps: 154 | Train Loss: 0.2423583 Vali Loss: 0.2452549 Test Loss: 0.2814579
EarlyStopping counter: 13 out of 20
Updating learning rate to 4.737916851588093e-05
	iters: 100, epoch: 185 | loss: 0.2604232
	speed: 0.0984s/iter; left time: 1748.8563s
Epoch: 185 cost time: 5.229347229003906
Epoch: 185, Steps: 154 | Train Loss: 0.2428426 Vali Loss: 0.2429236 Test Loss: 0.2788893
EarlyStopping counter: 14 out of 20
Updating learning rate to 4.672581575739399e-05
	iters: 100, epoch: 186 | loss: 0.2499297
	speed: 0.0975s/iter; left time: 1716.5200s
Epoch: 186 cost time: 5.303150415420532
Epoch: 186, Steps: 154 | Train Loss: 0.2423701 Vali Loss: 0.2419672 Test Loss: 0.2735666
Validation loss decreased (0.242236 --> 0.241967).  Saving model ...
Updating learning rate to 4.607302404779044e-05
	iters: 100, epoch: 187 | loss: 0.2413463
	speed: 0.0980s/iter; left time: 1711.3962s
Epoch: 187 cost time: 5.378303050994873
Epoch: 187, Steps: 154 | Train Loss: 0.2415287 Vali Loss: 0.2429995 Test Loss: 0.2822974
EarlyStopping counter: 1 out of 20
Updating learning rate to 4.542090523956914e-05
	iters: 100, epoch: 188 | loss: 0.2172112
	speed: 0.0997s/iter; left time: 1725.7391s
Epoch: 188 cost time: 5.423407316207886
Epoch: 188, Steps: 154 | Train Loss: 0.2420680 Vali Loss: 0.2457574 Test Loss: 0.2854457
EarlyStopping counter: 2 out of 20
Updating learning rate to 4.476957106993078e-05
	iters: 100, epoch: 189 | loss: 0.2445632
	speed: 0.1000s/iter; left time: 1714.3583s
Epoch: 189 cost time: 5.419866323471069
Epoch: 189, Steps: 154 | Train Loss: 0.2412355 Vali Loss: 0.2467663 Test Loss: 0.2807347
EarlyStopping counter: 3 out of 20
Updating learning rate to 4.411913314163221e-05
	iters: 100, epoch: 190 | loss: 0.2250545
	speed: 0.0989s/iter; left time: 1681.0146s
Epoch: 190 cost time: 5.231308698654175
Epoch: 190, Steps: 154 | Train Loss: 0.2412880 Vali Loss: 0.2413931 Test Loss: 0.2768575
Validation loss decreased (0.241967 --> 0.241393).  Saving model ...
Updating learning rate to 4.346970290386401e-05
	iters: 100, epoch: 191 | loss: 0.2383613
	speed: 0.0950s/iter; left time: 1600.6653s
Epoch: 191 cost time: 5.042192697525024
Epoch: 191, Steps: 154 | Train Loss: 0.2410351 Vali Loss: 0.2413423 Test Loss: 0.2772919
Validation loss decreased (0.241393 --> 0.241342).  Saving model ...
Updating learning rate to 4.2821391633154165e-05
	iters: 100, epoch: 192 | loss: 0.2422123
	speed: 0.0944s/iter; left time: 1575.0441s
Epoch: 192 cost time: 5.229346752166748
Epoch: 192, Steps: 154 | Train Loss: 0.2408886 Vali Loss: 0.2410897 Test Loss: 0.2743972
Validation loss decreased (0.241342 --> 0.241090).  Saving model ...
Updating learning rate to 4.217431041430135e-05
	iters: 100, epoch: 193 | loss: 0.2270011
	speed: 0.0947s/iter; left time: 1565.8399s
Epoch: 193 cost time: 5.2965710163116455
Epoch: 193, Steps: 154 | Train Loss: 0.2401435 Vali Loss: 0.2436770 Test Loss: 0.2775244
EarlyStopping counter: 1 out of 20
Updating learning rate to 4.152857012134128e-05
	iters: 100, epoch: 194 | loss: 0.2486413
	speed: 0.0957s/iter; left time: 1567.1732s
Epoch: 194 cost time: 5.3750293254852295
Epoch: 194, Steps: 154 | Train Loss: 0.2411388 Vali Loss: 0.2424176 Test Loss: 0.2781397
EarlyStopping counter: 2 out of 20
Updating learning rate to 4.088428139854882e-05
	iters: 100, epoch: 195 | loss: 0.2351705
	speed: 0.0954s/iter; left time: 1548.6132s
Epoch: 195 cost time: 5.263456344604492
Epoch: 195, Steps: 154 | Train Loss: 0.2396024 Vali Loss: 0.2407085 Test Loss: 0.2733285
Validation loss decreased (0.241090 --> 0.240709).  Saving model ...
Updating learning rate to 4.024155464147986e-05
	iters: 100, epoch: 196 | loss: 0.2352741
	speed: 0.0978s/iter; left time: 1572.3492s
Epoch: 196 cost time: 5.5230090618133545
Epoch: 196, Steps: 154 | Train Loss: 0.2400763 Vali Loss: 0.2423544 Test Loss: 0.2761773
EarlyStopping counter: 1 out of 20
Updating learning rate to 3.960049997805544e-05
	iters: 100, epoch: 197 | loss: 0.2387718
	speed: 0.0994s/iter; left time: 1582.6067s
Epoch: 197 cost time: 5.378747224807739
Epoch: 197, Steps: 154 | Train Loss: 0.2382473 Vali Loss: 0.2435853 Test Loss: 0.2805061
EarlyStopping counter: 2 out of 20
Updating learning rate to 3.896122724969195e-05
	iters: 100, epoch: 198 | loss: 0.2527601
	speed: 0.0978s/iter; left time: 1542.0410s
Epoch: 198 cost time: 5.24217963218689
Epoch: 198, Steps: 154 | Train Loss: 0.2390837 Vali Loss: 0.2383474 Test Loss: 0.2715934
Validation loss decreased (0.240709 --> 0.238347).  Saving model ...
Updating learning rate to 3.8323845992480475e-05
	iters: 100, epoch: 199 | loss: 0.2502187
	speed: 0.0987s/iter; left time: 1540.0581s
Epoch: 199 cost time: 5.20226788520813
Epoch: 199, Steps: 154 | Train Loss: 0.2399120 Vali Loss: 0.2426028 Test Loss: 0.2802056
EarlyStopping counter: 1 out of 20
Updating learning rate to 3.768846541841813e-05
	iters: 100, epoch: 200 | loss: 0.2502917
	speed: 0.0969s/iter; left time: 1497.9096s
Epoch: 200 cost time: 5.284693479537964
Epoch: 200, Steps: 154 | Train Loss: 0.2386556 Vali Loss: 0.2375762 Test Loss: 0.2765516
Validation loss decreased (0.238347 --> 0.237576).  Saving model ...
Updating learning rate to 3.705519439669537e-05
	iters: 100, epoch: 201 | loss: 0.2442769
	speed: 0.0953s/iter; left time: 1458.7494s
Epoch: 201 cost time: 5.1512978076934814
Epoch: 201, Steps: 154 | Train Loss: 0.2389299 Vali Loss: 0.2402726 Test Loss: 0.2740155
EarlyStopping counter: 1 out of 20
Updating learning rate to 3.642414143504167e-05
	iters: 100, epoch: 202 | loss: 0.2226932
	speed: 0.0977s/iter; left time: 1479.4931s
Epoch: 202 cost time: 5.268544435501099
Epoch: 202, Steps: 154 | Train Loss: 0.2384763 Vali Loss: 0.2417905 Test Loss: 0.2816994
EarlyStopping counter: 2 out of 20
Updating learning rate to 3.579541466113332e-05
	iters: 100, epoch: 203 | loss: 0.2379132
	speed: 0.0985s/iter; left time: 1476.1359s
Epoch: 203 cost time: 5.25701117515564
Epoch: 203, Steps: 154 | Train Loss: 0.2380887 Vali Loss: 0.2379404 Test Loss: 0.2717311
EarlyStopping counter: 3 out of 20
Updating learning rate to 3.516912180406637e-05
	iters: 100, epoch: 204 | loss: 0.2268492
	speed: 0.0972s/iter; left time: 1442.1687s
Epoch: 204 cost time: 5.376564264297485
Epoch: 204, Steps: 154 | Train Loss: 0.2372805 Vali Loss: 0.2413820 Test Loss: 0.2756010
EarlyStopping counter: 4 out of 20
Updating learning rate to 3.454537017589766e-05
	iters: 100, epoch: 205 | loss: 0.2481367
	speed: 0.0965s/iter; left time: 1417.5569s
Epoch: 205 cost time: 5.187240123748779
Epoch: 205, Steps: 154 | Train Loss: 0.2382644 Vali Loss: 0.2374735 Test Loss: 0.2722804
Validation loss decreased (0.237576 --> 0.237474).  Saving model ...
Updating learning rate to 3.3924266653257644e-05
	iters: 100, epoch: 206 | loss: 0.2450441
	speed: 0.0963s/iter; left time: 1398.8438s
Epoch: 206 cost time: 5.317680358886719
Epoch: 206, Steps: 154 | Train Loss: 0.2373766 Vali Loss: 0.2405167 Test Loss: 0.2772516
EarlyStopping counter: 1 out of 20
Updating learning rate to 3.330591765903748e-05
	iters: 100, epoch: 207 | loss: 0.2495364
	speed: 0.0957s/iter; left time: 1375.7649s
Epoch: 207 cost time: 5.367163419723511
Epoch: 207, Steps: 154 | Train Loss: 0.2370232 Vali Loss: 0.2371731 Test Loss: 0.2720123
Validation loss decreased (0.237474 --> 0.237173).  Saving model ...
Updating learning rate to 3.269042914415402e-05
	iters: 100, epoch: 208 | loss: 0.2191367
	speed: 0.1019s/iter; left time: 1448.7526s
Epoch: 208 cost time: 5.550501108169556
Epoch: 208, Steps: 154 | Train Loss: 0.2371344 Vali Loss: 0.2365526 Test Loss: 0.2701249
Validation loss decreased (0.237173 --> 0.236553).  Saving model ...
Updating learning rate to 3.207790656939577e-05
	iters: 100, epoch: 209 | loss: 0.2474585
	speed: 0.0973s/iter; left time: 1369.0336s
Epoch: 209 cost time: 5.320521593093872
Epoch: 209, Steps: 154 | Train Loss: 0.2371303 Vali Loss: 0.2392149 Test Loss: 0.2741769
EarlyStopping counter: 1 out of 20
Updating learning rate to 3.1468454887352637e-05
	iters: 100, epoch: 210 | loss: 0.2154749
	speed: 0.0980s/iter; left time: 1364.3561s
Epoch: 210 cost time: 5.558678150177002
Epoch: 210, Steps: 154 | Train Loss: 0.2365468 Vali Loss: 0.2409354 Test Loss: 0.2743954
EarlyStopping counter: 2 out of 20
Updating learning rate to 3.086217852443288e-05
	iters: 100, epoch: 211 | loss: 0.2433578
	speed: 0.0997s/iter; left time: 1371.5500s
Epoch: 211 cost time: 5.4141318798065186
Epoch: 211, Steps: 154 | Train Loss: 0.2360561 Vali Loss: 0.2359785 Test Loss: 0.2695120
Validation loss decreased (0.236553 --> 0.235979).  Saving model ...
Updating learning rate to 3.0259181362970143e-05
	iters: 100, epoch: 212 | loss: 0.2428632
	speed: 0.1019s/iter; left time: 1386.5424s
Epoch: 212 cost time: 5.375533103942871
Epoch: 212, Steps: 154 | Train Loss: 0.2367975 Vali Loss: 0.2376324 Test Loss: 0.2738285
EarlyStopping counter: 1 out of 20
Updating learning rate to 2.9659566723423813e-05
	iters: 100, epoch: 213 | loss: 0.2324258
	speed: 0.1003s/iter; left time: 1349.7448s
Epoch: 213 cost time: 5.695872068405151
Epoch: 213, Steps: 154 | Train Loss: 0.2364615 Vali Loss: 0.2399135 Test Loss: 0.2743122
EarlyStopping counter: 2 out of 20
Updating learning rate to 2.9063437346675564e-05
	iters: 100, epoch: 214 | loss: 0.2382730
	speed: 0.1021s/iter; left time: 1358.1835s
Epoch: 214 cost time: 5.345696926116943
Epoch: 214, Steps: 154 | Train Loss: 0.2361169 Vali Loss: 0.2376982 Test Loss: 0.2719377
EarlyStopping counter: 3 out of 20
Updating learning rate to 2.8470895376425238e-05
	iters: 100, epoch: 215 | loss: 0.2454489
	speed: 0.0978s/iter; left time: 1285.0838s
Epoch: 215 cost time: 5.464149713516235
Epoch: 215, Steps: 154 | Train Loss: 0.2362406 Vali Loss: 0.2383957 Test Loss: 0.2724629
EarlyStopping counter: 4 out of 20
Updating learning rate to 2.7882042341688978e-05
	iters: 100, epoch: 216 | loss: 0.2147591
	speed: 0.0968s/iter; left time: 1257.5950s
Epoch: 216 cost time: 5.2498695850372314
Epoch: 216, Steps: 154 | Train Loss: 0.2354443 Vali Loss: 0.2382448 Test Loss: 0.2755376
EarlyStopping counter: 5 out of 20
Updating learning rate to 2.729697913940288e-05
	iters: 100, epoch: 217 | loss: 0.2288924
	speed: 0.0970s/iter; left time: 1244.5788s
Epoch: 217 cost time: 5.361659049987793
Epoch: 217, Steps: 154 | Train Loss: 0.2350088 Vali Loss: 0.2381069 Test Loss: 0.2738559
EarlyStopping counter: 6 out of 20
Updating learning rate to 2.6715806017134767e-05
	iters: 100, epoch: 218 | loss: 0.2290534
	speed: 0.0975s/iter; left time: 1237.0086s
Epoch: 218 cost time: 5.2946717739105225
Epoch: 218, Steps: 154 | Train Loss: 0.2354687 Vali Loss: 0.2372056 Test Loss: 0.2707770
EarlyStopping counter: 7 out of 20
Updating learning rate to 2.6138622555907206e-05
	iters: 100, epoch: 219 | loss: 0.2394759
	speed: 0.0969s/iter; left time: 1213.7303s
Epoch: 219 cost time: 5.302119731903076
Epoch: 219, Steps: 154 | Train Loss: 0.2344638 Vali Loss: 0.2346351 Test Loss: 0.2703181
Validation loss decreased (0.235979 --> 0.234635).  Saving model ...
Updating learning rate to 2.5565527653134944e-05
	iters: 100, epoch: 220 | loss: 0.2415953
	speed: 0.0982s/iter; left time: 1214.8111s
Epoch: 220 cost time: 5.3664162158966064
Epoch: 220, Steps: 154 | Train Loss: 0.2356389 Vali Loss: 0.2371752 Test Loss: 0.2681819
EarlyStopping counter: 1 out of 20
Updating learning rate to 2.4996619505679312e-05
	iters: 100, epoch: 221 | loss: 0.2330149
	speed: 0.0965s/iter; left time: 1179.4231s
Epoch: 221 cost time: 5.303587436676025
Epoch: 221, Steps: 154 | Train Loss: 0.2347814 Vali Loss: 0.2355231 Test Loss: 0.2711847
EarlyStopping counter: 2 out of 20
Updating learning rate to 2.4431995593022585e-05
	iters: 100, epoch: 222 | loss: 0.2269365
	speed: 0.1018s/iter; left time: 1228.0080s
Epoch: 222 cost time: 5.707496643066406
Epoch: 222, Steps: 154 | Train Loss: 0.2347867 Vali Loss: 0.2400188 Test Loss: 0.2757545
EarlyStopping counter: 3 out of 20
Updating learning rate to 2.387175266056551e-05
	iters: 100, epoch: 223 | loss: 0.2587971
	speed: 0.0962s/iter; left time: 1146.2636s
Epoch: 223 cost time: 5.197618007659912
Epoch: 223, Steps: 154 | Train Loss: 0.2350215 Vali Loss: 0.2361448 Test Loss: 0.2719644
EarlyStopping counter: 4 out of 20
Updating learning rate to 2.3315986703050435e-05
	iters: 100, epoch: 224 | loss: 0.2259374
	speed: 0.0962s/iter; left time: 1130.9475s
Epoch: 224 cost time: 5.387118577957153
Epoch: 224, Steps: 154 | Train Loss: 0.2343656 Vali Loss: 0.2365712 Test Loss: 0.2737650
EarlyStopping counter: 5 out of 20
Updating learning rate to 2.2764792948113106e-05
	iters: 100, epoch: 225 | loss: 0.2299816
	speed: 0.0975s/iter; left time: 1131.7206s
Epoch: 225 cost time: 5.299521207809448
Epoch: 225, Steps: 154 | Train Loss: 0.2346353 Vali Loss: 0.2428910 Test Loss: 0.2730984
EarlyStopping counter: 6 out of 20
Updating learning rate to 2.221826583996584e-05
	iters: 100, epoch: 226 | loss: 0.2090927
	speed: 0.0966s/iter; left time: 1106.6562s
Epoch: 226 cost time: 5.295222043991089
Epoch: 226, Steps: 154 | Train Loss: 0.2341210 Vali Loss: 0.2336463 Test Loss: 0.2667700
Validation loss decreased (0.234635 --> 0.233646).  Saving model ...
Updating learning rate to 2.167649902321511e-05
	iters: 100, epoch: 227 | loss: 0.2410996
	speed: 0.0955s/iter; left time: 1079.3105s
Epoch: 227 cost time: 5.305665731430054
Epoch: 227, Steps: 154 | Train Loss: 0.2343731 Vali Loss: 0.2346772 Test Loss: 0.2681420
EarlyStopping counter: 1 out of 20
Updating learning rate to 2.1139585326815945e-05
	iters: 100, epoch: 228 | loss: 0.2183668
	speed: 0.0938s/iter; left time: 1044.7560s
Epoch: 228 cost time: 5.152788162231445
Epoch: 228, Steps: 154 | Train Loss: 0.2339557 Vali Loss: 0.2366809 Test Loss: 0.2687860
EarlyStopping counter: 2 out of 20
Updating learning rate to 2.0607616748166174e-05
	iters: 100, epoch: 229 | loss: 0.2259831
	speed: 0.0962s/iter; left time: 1057.5796s
Epoch: 229 cost time: 5.293513059616089
Epoch: 229, Steps: 154 | Train Loss: 0.2336280 Vali Loss: 0.2346599 Test Loss: 0.2683585
EarlyStopping counter: 3 out of 20
Updating learning rate to 2.008068443734317e-05
	iters: 100, epoch: 230 | loss: 0.2450071
	speed: 0.0963s/iter; left time: 1043.2813s
Epoch: 230 cost time: 5.1606714725494385
Epoch: 230, Steps: 154 | Train Loss: 0.2335466 Vali Loss: 0.2327943 Test Loss: 0.2662767
Validation loss decreased (0.233646 --> 0.232794).  Saving model ...
Updating learning rate to 1.9558878681485765e-05
	iters: 100, epoch: 231 | loss: 0.2454820
	speed: 0.0964s/iter; left time: 1029.6476s
Epoch: 231 cost time: 5.228596448898315
Epoch: 231, Steps: 154 | Train Loss: 0.2337424 Vali Loss: 0.2380474 Test Loss: 0.2730941
EarlyStopping counter: 1 out of 20
Updating learning rate to 1.9042288889323913e-05
	iters: 100, epoch: 232 | loss: 0.2372347
	speed: 0.0965s/iter; left time: 1015.9830s
Epoch: 232 cost time: 5.242596626281738
Epoch: 232, Steps: 154 | Train Loss: 0.2335309 Vali Loss: 0.2342110 Test Loss: 0.2689687
EarlyStopping counter: 2 out of 20
Updating learning rate to 1.853100357585912e-05
	iters: 100, epoch: 233 | loss: 0.2233785
	speed: 0.0960s/iter; left time: 995.6181s
Epoch: 233 cost time: 5.2733986377716064
Epoch: 233, Steps: 154 | Train Loss: 0.2337114 Vali Loss: 0.2333300 Test Loss: 0.2679848
EarlyStopping counter: 3 out of 20
Updating learning rate to 1.8025110347197736e-05
	iters: 100, epoch: 234 | loss: 0.2410754
	speed: 0.0965s/iter; left time: 986.1788s
Epoch: 234 cost time: 5.304863691329956
Epoch: 234, Steps: 154 | Train Loss: 0.2330491 Vali Loss: 0.2374898 Test Loss: 0.2745080
EarlyStopping counter: 4 out of 20
Updating learning rate to 1.7524695885540144e-05
	iters: 100, epoch: 235 | loss: 0.2202248
	speed: 0.0951s/iter; left time: 957.6276s
Epoch: 235 cost time: 5.192704439163208
Epoch: 235, Steps: 154 | Train Loss: 0.2333129 Vali Loss: 0.2343176 Test Loss: 0.2672389
EarlyStopping counter: 5 out of 20
Updating learning rate to 1.7029845934328218e-05
	iters: 100, epoch: 236 | loss: 0.2375498
	speed: 0.0980s/iter; left time: 971.5701s
Epoch: 236 cost time: 5.327117919921875
Epoch: 236, Steps: 154 | Train Loss: 0.2325409 Vali Loss: 0.2336313 Test Loss: 0.2685153
EarlyStopping counter: 6 out of 20
Updating learning rate to 1.65406452835536e-05
	iters: 100, epoch: 237 | loss: 0.2193866
	speed: 0.0986s/iter; left time: 961.9684s
Epoch: 237 cost time: 5.327245235443115
Epoch: 237, Steps: 154 | Train Loss: 0.2322386 Vali Loss: 0.2346147 Test Loss: 0.2700223
EarlyStopping counter: 7 out of 20
Updating learning rate to 1.6057177755229395e-05
	iters: 100, epoch: 238 | loss: 0.2356886
	speed: 0.0981s/iter; left time: 942.1241s
Epoch: 238 cost time: 5.270117521286011
Epoch: 238, Steps: 154 | Train Loss: 0.2330200 Vali Loss: 0.2364821 Test Loss: 0.2677156
EarlyStopping counter: 8 out of 20
Updating learning rate to 1.5579526189027667e-05
	iters: 100, epoch: 239 | loss: 0.2331327
	speed: 0.0956s/iter; left time: 903.2541s
Epoch: 239 cost time: 5.114660263061523
Epoch: 239, Steps: 154 | Train Loss: 0.2321938 Vali Loss: 0.2326156 Test Loss: 0.2665316
Validation loss decreased (0.232794 --> 0.232616).  Saving model ...
Updating learning rate to 1.5107772428085328e-05
	iters: 100, epoch: 240 | loss: 0.2232395
	speed: 0.0946s/iter; left time: 879.2620s
Epoch: 240 cost time: 5.223063230514526
Epoch: 240, Steps: 154 | Train Loss: 0.2325300 Vali Loss: 0.2340762 Test Loss: 0.2665947
EarlyStopping counter: 1 out of 20
Updating learning rate to 1.4641997304980738e-05
	iters: 100, epoch: 241 | loss: 0.2332230
	speed: 0.0989s/iter; left time: 903.8630s
Epoch: 241 cost time: 5.359482288360596
Epoch: 241, Steps: 154 | Train Loss: 0.2322246 Vali Loss: 0.2344352 Test Loss: 0.2697817
EarlyStopping counter: 2 out of 20
Updating learning rate to 1.4182280627883423e-05
	iters: 100, epoch: 242 | loss: 0.2272059
	speed: 0.0976s/iter; left time: 876.9259s
Epoch: 242 cost time: 5.330509901046753
Epoch: 242, Steps: 154 | Train Loss: 0.2315606 Vali Loss: 0.2327093 Test Loss: 0.2663218
EarlyStopping counter: 3 out of 20
Updating learning rate to 1.3728701166879339e-05
	iters: 100, epoch: 243 | loss: 0.2224631
	speed: 0.0971s/iter; left time: 857.3211s
Epoch: 243 cost time: 5.193067789077759
Epoch: 243, Steps: 154 | Train Loss: 0.2323986 Vali Loss: 0.2340921 Test Loss: 0.2694450
EarlyStopping counter: 4 out of 20
Updating learning rate to 1.328133664047414e-05
	iters: 100, epoch: 244 | loss: 0.2316132
	speed: 0.0973s/iter; left time: 844.0472s
Epoch: 244 cost time: 5.281519889831543
Epoch: 244, Steps: 154 | Train Loss: 0.2314155 Vali Loss: 0.2323815 Test Loss: 0.2688478
Validation loss decreased (0.232616 --> 0.232381).  Saving model ...
Updating learning rate to 1.2840263702276387e-05
	iters: 100, epoch: 245 | loss: 0.2238372
	speed: 0.0959s/iter; left time: 817.1666s
Epoch: 245 cost time: 5.316251516342163
Epoch: 245, Steps: 154 | Train Loss: 0.2319555 Vali Loss: 0.2330820 Test Loss: 0.2687308
EarlyStopping counter: 1 out of 20
Updating learning rate to 1.2405557927863364e-05
	iters: 100, epoch: 246 | loss: 0.2333877
	speed: 0.0975s/iter; left time: 815.9335s
Epoch: 246 cost time: 5.395019054412842
Epoch: 246, Steps: 154 | Train Loss: 0.2314423 Vali Loss: 0.2342912 Test Loss: 0.2674173
EarlyStopping counter: 2 out of 20
Updating learning rate to 1.197729380183165e-05
	iters: 100, epoch: 247 | loss: 0.2283301
	speed: 0.0970s/iter; left time: 797.3619s
Epoch: 247 cost time: 5.255741834640503
Epoch: 247, Steps: 154 | Train Loss: 0.2317125 Vali Loss: 0.2345811 Test Loss: 0.2697830
EarlyStopping counter: 3 out of 20
Updating learning rate to 1.155554470503455e-05
	iters: 100, epoch: 248 | loss: 0.2412801
	speed: 0.0964s/iter; left time: 777.2490s
Epoch: 248 cost time: 5.332481622695923
Epoch: 248, Steps: 154 | Train Loss: 0.2313986 Vali Loss: 0.2331867 Test Loss: 0.2691495
EarlyStopping counter: 4 out of 20
Updating learning rate to 1.1140382902008603e-05
	iters: 100, epoch: 249 | loss: 0.2221981
	speed: 0.0964s/iter; left time: 762.5270s
Epoch: 249 cost time: 5.248202085494995
Epoch: 249, Steps: 154 | Train Loss: 0.2316699 Vali Loss: 0.2337759 Test Loss: 0.2685649
EarlyStopping counter: 5 out of 20
Updating learning rate to 1.0731879528591494e-05
	iters: 100, epoch: 250 | loss: 0.2220271
	speed: 0.0940s/iter; left time: 728.6907s
Epoch: 250 cost time: 5.131273984909058
Epoch: 250, Steps: 154 | Train Loss: 0.2316937 Vali Loss: 0.2332299 Test Loss: 0.2675700
EarlyStopping counter: 6 out of 20
Updating learning rate to 1.0330104579733329e-05
	iters: 100, epoch: 251 | loss: 0.2343607
	speed: 0.0996s/iter; left time: 757.3481s
Epoch: 251 cost time: 5.353179454803467
Epoch: 251, Steps: 154 | Train Loss: 0.2317536 Vali Loss: 0.2333248 Test Loss: 0.2669736
EarlyStopping counter: 7 out of 20
Updating learning rate to 9.9351268975032e-06
	iters: 100, epoch: 252 | loss: 0.2162952
	speed: 0.0986s/iter; left time: 734.2049s
Epoch: 252 cost time: 5.163889169692993
Epoch: 252, Steps: 154 | Train Loss: 0.2311243 Vali Loss: 0.2344654 Test Loss: 0.2677541
EarlyStopping counter: 8 out of 20
Updating learning rate to 9.547014159293623e-06
	iters: 100, epoch: 253 | loss: 0.2312379
	speed: 0.0961s/iter; left time: 700.6251s
Epoch: 253 cost time: 5.326893329620361
Epoch: 253, Steps: 154 | Train Loss: 0.2307752 Vali Loss: 0.2335104 Test Loss: 0.2695759
EarlyStopping counter: 9 out of 20
Updating learning rate to 9.165832866224287e-06
	iters: 100, epoch: 254 | loss: 0.2267723
	speed: 0.0952s/iter; left time: 679.4872s
Epoch: 254 cost time: 5.348832607269287
Epoch: 254, Steps: 154 | Train Loss: 0.2314206 Vali Loss: 0.2341944 Test Loss: 0.2695368
EarlyStopping counter: 10 out of 20
Updating learning rate to 8.79164833174743e-06
	iters: 100, epoch: 255 | loss: 0.2328362
	speed: 0.0991s/iter; left time: 692.1877s
Epoch: 255 cost time: 5.3035876750946045
Epoch: 255, Steps: 154 | Train Loss: 0.2308935 Vali Loss: 0.2331068 Test Loss: 0.2691437
EarlyStopping counter: 11 out of 20
Updating learning rate to 8.424524670456721e-06
	iters: 100, epoch: 256 | loss: 0.2196394
	speed: 0.0985s/iter; left time: 672.8186s
Epoch: 256 cost time: 5.408954858779907
Epoch: 256, Steps: 154 | Train Loss: 0.2309044 Vali Loss: 0.2324073 Test Loss: 0.2678956
EarlyStopping counter: 12 out of 20
Updating learning rate to 8.064524787101566e-06
	iters: 100, epoch: 257 | loss: 0.2282905
	speed: 0.0964s/iter; left time: 643.8548s
Epoch: 257 cost time: 5.261713743209839
Epoch: 257, Steps: 154 | Train Loss: 0.2311404 Vali Loss: 0.2341650 Test Loss: 0.2706969
EarlyStopping counter: 13 out of 20
Updating learning rate to 7.711710365808693e-06
	iters: 100, epoch: 258 | loss: 0.2261086
	speed: 0.0955s/iter; left time: 622.6912s
Epoch: 258 cost time: 5.267101049423218
Epoch: 258, Steps: 154 | Train Loss: 0.2310744 Vali Loss: 0.2335516 Test Loss: 0.2679145
EarlyStopping counter: 14 out of 20
Updating learning rate to 7.366141859512901e-06
	iters: 100, epoch: 259 | loss: 0.2236795
	speed: 0.0927s/iter; left time: 590.2820s
Epoch: 259 cost time: 5.120509147644043
Epoch: 259, Steps: 154 | Train Loss: 0.2299922 Vali Loss: 0.2328534 Test Loss: 0.2684190
EarlyStopping counter: 15 out of 20
Updating learning rate to 7.027878479598752e-06
	iters: 100, epoch: 260 | loss: 0.2372787
	speed: 0.0957s/iter; left time: 594.9499s
Epoch: 260 cost time: 5.217257022857666
Epoch: 260, Steps: 154 | Train Loss: 0.2306328 Vali Loss: 0.2321817 Test Loss: 0.2660429
Validation loss decreased (0.232381 --> 0.232182).  Saving model ...
Updating learning rate to 6.696978185755013e-06
	iters: 100, epoch: 261 | loss: 0.2238256
	speed: 0.0957s/iter; left time: 580.3008s
Epoch: 261 cost time: 5.166916131973267
Epoch: 261, Steps: 154 | Train Loss: 0.2301643 Vali Loss: 0.2315223 Test Loss: 0.2653034
Validation loss decreased (0.232182 --> 0.231522).  Saving model ...
Updating learning rate to 6.373497676043547e-06
	iters: 100, epoch: 262 | loss: 0.2386001
	speed: 0.1009s/iter; left time: 596.1553s
Epoch: 262 cost time: 5.483296632766724
Epoch: 262, Steps: 154 | Train Loss: 0.2309532 Vali Loss: 0.2325584 Test Loss: 0.2665585
EarlyStopping counter: 1 out of 20
Updating learning rate to 6.057492377184408e-06
	iters: 100, epoch: 263 | loss: 0.2402302
	speed: 0.0950s/iter; left time: 546.7235s
Epoch: 263 cost time: 5.433780670166016
Epoch: 263, Steps: 154 | Train Loss: 0.2304743 Vali Loss: 0.2327040 Test Loss: 0.2664474
EarlyStopping counter: 2 out of 20
Updating learning rate to 5.749016435058763e-06
	iters: 100, epoch: 264 | loss: 0.2260180
	speed: 0.1008s/iter; left time: 564.5986s
Epoch: 264 cost time: 5.4361865520477295
Epoch: 264, Steps: 154 | Train Loss: 0.2304302 Vali Loss: 0.2321433 Test Loss: 0.2656662
EarlyStopping counter: 3 out of 20
Updating learning rate to 5.44812270543126e-06
	iters: 100, epoch: 265 | loss: 0.2224049
	speed: 0.0978s/iter; left time: 532.7499s
Epoch: 265 cost time: 5.53542423248291
Epoch: 265, Steps: 154 | Train Loss: 0.2309400 Vali Loss: 0.2323838 Test Loss: 0.2673521
EarlyStopping counter: 4 out of 20
Updating learning rate to 5.1548627448934545e-06
	iters: 100, epoch: 266 | loss: 0.2293745
	speed: 0.0970s/iter; left time: 513.2886s
Epoch: 266 cost time: 5.27512526512146
Epoch: 266, Steps: 154 | Train Loss: 0.2301189 Vali Loss: 0.2322850 Test Loss: 0.2671178
EarlyStopping counter: 5 out of 20
Updating learning rate to 4.8692868020298896e-06
	iters: 100, epoch: 267 | loss: 0.2409463
	speed: 0.0932s/iter; left time: 478.7287s
Epoch: 267 cost time: 5.1988232135772705
Epoch: 267, Steps: 154 | Train Loss: 0.2308285 Vali Loss: 0.2328386 Test Loss: 0.2677121
EarlyStopping counter: 6 out of 20
Updating learning rate to 4.591443808808228e-06
	iters: 100, epoch: 268 | loss: 0.2260735
	speed: 0.0963s/iter; left time: 479.9011s
Epoch: 268 cost time: 5.212728500366211
Epoch: 268, Steps: 154 | Train Loss: 0.2304582 Vali Loss: 0.2323680 Test Loss: 0.2666738
EarlyStopping counter: 7 out of 20
Updating learning rate to 4.321381372195004e-06
	iters: 100, epoch: 269 | loss: 0.2199751
	speed: 0.0999s/iter; left time: 482.1803s
Epoch: 269 cost time: 5.408193826675415
Epoch: 269, Steps: 154 | Train Loss: 0.2302463 Vali Loss: 0.2318332 Test Loss: 0.2666294
EarlyStopping counter: 8 out of 20
Updating learning rate to 4.0591457659984466e-06
	iters: 100, epoch: 270 | loss: 0.2460269
	speed: 0.0950s/iter; left time: 443.9361s
Epoch: 270 cost time: 5.1698198318481445
Epoch: 270, Steps: 154 | Train Loss: 0.2298084 Vali Loss: 0.2328753 Test Loss: 0.2655461
EarlyStopping counter: 9 out of 20
Updating learning rate to 3.8047819229397033e-06
	iters: 100, epoch: 271 | loss: 0.2333604
	speed: 0.0992s/iter; left time: 448.6934s
Epoch: 271 cost time: 5.357258558273315
Epoch: 271, Steps: 154 | Train Loss: 0.2309375 Vali Loss: 0.2318925 Test Loss: 0.2655063
EarlyStopping counter: 10 out of 20
Updating learning rate to 3.558333426953802e-06
	iters: 100, epoch: 272 | loss: 0.2231188
	speed: 0.0938s/iter; left time: 409.6839s
Epoch: 272 cost time: 5.1561877727508545
Epoch: 272, Steps: 154 | Train Loss: 0.2301913 Vali Loss: 0.2321133 Test Loss: 0.2667055
EarlyStopping counter: 11 out of 20
Updating learning rate to 3.319842505721794e-06
	iters: 100, epoch: 273 | loss: 0.2220979
	speed: 0.0924s/iter; left time: 389.1849s
Epoch: 273 cost time: 5.192240953445435
Epoch: 273, Steps: 154 | Train Loss: 0.2301995 Vali Loss: 0.2320246 Test Loss: 0.2664121
EarlyStopping counter: 12 out of 20
Updating learning rate to 3.089350023435304e-06
	iters: 100, epoch: 274 | loss: 0.2389045
	speed: 0.0926s/iter; left time: 375.8910s
Epoch: 274 cost time: 5.1893837451934814
Epoch: 274, Steps: 154 | Train Loss: 0.2298747 Vali Loss: 0.2323067 Test Loss: 0.2662157
EarlyStopping counter: 13 out of 20
Updating learning rate to 2.8668954737945906e-06
	iters: 100, epoch: 275 | loss: 0.2239182
	speed: 0.0932s/iter; left time: 364.1328s
Epoch: 275 cost time: 5.183373212814331
Epoch: 275, Steps: 154 | Train Loss: 0.2301734 Vali Loss: 0.2330518 Test Loss: 0.2666333
EarlyStopping counter: 14 out of 20
Updating learning rate to 2.652516973241524e-06
	iters: 100, epoch: 276 | loss: 0.2268773
	speed: 0.0939s/iter; left time: 352.0482s
Epoch: 276 cost time: 5.25226616859436
Epoch: 276, Steps: 154 | Train Loss: 0.2305915 Vali Loss: 0.2327523 Test Loss: 0.2667480
EarlyStopping counter: 15 out of 20
Updating learning rate to 2.446251254428547e-06
	iters: 100, epoch: 277 | loss: 0.2339031
	speed: 0.0969s/iter; left time: 348.7291s
Epoch: 277 cost time: 5.242471694946289
Epoch: 277, Steps: 154 | Train Loss: 0.2302957 Vali Loss: 0.2331084 Test Loss: 0.2671365
EarlyStopping counter: 16 out of 20
Updating learning rate to 2.2481336599247422e-06
	iters: 100, epoch: 278 | loss: 0.2379436
	speed: 0.0933s/iter; left time: 321.3983s
Epoch: 278 cost time: 5.179952621459961
Epoch: 278, Steps: 154 | Train Loss: 0.2300282 Vali Loss: 0.2318269 Test Loss: 0.2662227
EarlyStopping counter: 17 out of 20
Updating learning rate to 2.058198136159987e-06
	iters: 100, epoch: 279 | loss: 0.2200768
	speed: 0.0939s/iter; left time: 308.7984s
Epoch: 279 cost time: 5.233328104019165
Epoch: 279, Steps: 154 | Train Loss: 0.2299368 Vali Loss: 0.2335995 Test Loss: 0.2691255
EarlyStopping counter: 18 out of 20
Updating learning rate to 1.8764772276084973e-06
	iters: 100, epoch: 280 | loss: 0.2217458
	speed: 0.0954s/iter; left time: 299.0443s
Epoch: 280 cost time: 5.211538314819336
Epoch: 280, Steps: 154 | Train Loss: 0.2301445 Vali Loss: 0.2339831 Test Loss: 0.2684117
EarlyStopping counter: 19 out of 20
Updating learning rate to 1.7030020712124668e-06
	iters: 100, epoch: 281 | loss: 0.2223827
	speed: 0.0945s/iter; left time: 281.7796s
Epoch: 281 cost time: 5.149010896682739
Epoch: 281, Steps: 154 | Train Loss: 0.2293763 Vali Loss: 0.2321847 Test Loss: 0.2664151
EarlyStopping counter: 20 out of 20
Early stopping
>>>>>>>testing : 96_192_SPM_TST_PEMS_ftM_sl96_ll18_pl192_dm49_nh1_el1_dl1_df256_fc1_ebtimeF_dtTrue_Exp_0<<<<<<<<<<<<<<<<<<<<<<<<<<<<<<<<<
test 3112
mse:0.2653028070926666, mae:0.36418989300727844, rse:0.502871572971344
