Args in experiment:
Namespace(random_seed=2021, is_training=1, model_id='96_336', model='SPM_TST', data='Solar', root_path='./dataset/', data_path='solar_AL.txt', features='M', target='OT', freq='h', checkpoints='./checkpoints/', seq_len=96, label_len=18, pred_len=336, fc_dropout=0.2, head_dropout=0.0, patch_len=16, stride=8, padding_patch='end', revin=1, affine=0, subtract_last=0, decomposition=0, kernel_size=25, individual=0, embed_type=0, enc_in=137, dec_in=7, c_out=7, d_model=49, n_heads=1, e_layers=1, d_layers=1, d_ff=256, moving_avg=25, factor=1, distil=True, dropout=0.2, embed='timeF', activation='gelu', output_attention=False, do_predict=False, num_workers=10, itr=1, train_epochs=300, batch_size=64, patience=8, learning_rate=0.0001, des='Exp', loss='mse', lradj='TST', pct_start=0.2, use_amp=False, k=1.0, dishts=1, num_layers=3, hidden_size=[32, 8], traffic=0, hidden_size1=3, hidden_size2=3, use_gpu=True, gpu=0, use_multi_gpu=False, devices='0,1', test_flop=False)
Use GPU: cuda:0
>>>>>>>start training : 96_336_SPM_TST_Solar_ftM_sl96_ll18_pl336_dm49_nh1_el1_dl1_df256_fc1_ebtimeF_dtTrue_Exp_0>>>>>>>>>>>>>>>>>>>>>>>>>>
train 36361
val 4921
test 10177
	iters: 100, epoch: 1 | loss: 1.1121438
	speed: 0.0418s/iter; left time: 7122.6264s
	iters: 200, epoch: 1 | loss: 0.9251163
	speed: 0.0245s/iter; left time: 4177.0389s
	iters: 300, epoch: 1 | loss: 0.8748406
	speed: 0.0273s/iter; left time: 4639.6722s
	iters: 400, epoch: 1 | loss: 0.7538514
	speed: 0.0240s/iter; left time: 4073.5971s
	iters: 500, epoch: 1 | loss: 0.6604630
	speed: 0.0239s/iter; left time: 4062.0932s
Epoch: 1 cost time: 14.849950313568115
Epoch: 1, Steps: 568 | Train Loss: 0.9015917 Vali Loss: 0.5975364 Test Loss: 0.5518118
Validation loss decreased (inf --> 0.597536).  Saving model ...
Updating learning rate to 4.065786191533746e-06
	iters: 100, epoch: 2 | loss: 0.5191806
	speed: 0.1169s/iter; left time: 19833.6020s
	iters: 200, epoch: 2 | loss: 0.5055326
	speed: 0.0245s/iter; left time: 4154.9498s
	iters: 300, epoch: 2 | loss: 0.4522955
	speed: 0.0304s/iter; left time: 5156.0460s
	iters: 400, epoch: 2 | loss: 0.4482110
	speed: 0.0267s/iter; left time: 4518.8214s
	iters: 500, epoch: 2 | loss: 0.4123587
	speed: 0.0303s/iter; left time: 5129.5969s
Epoch: 2 cost time: 16.583000659942627
Epoch: 2, Steps: 568 | Train Loss: 0.4665485 Vali Loss: 0.3468578 Test Loss: 0.4101233
Validation loss decreased (0.597536 --> 0.346858).  Saving model ...
Updating learning rate to 4.262964440176817e-06
	iters: 100, epoch: 3 | loss: 0.3196504
	speed: 0.1543s/iter; left time: 26106.7430s
	iters: 200, epoch: 3 | loss: 0.3066066
	speed: 0.0296s/iter; left time: 4997.2661s
	iters: 300, epoch: 3 | loss: 0.3362871
	speed: 0.0340s/iter; left time: 5744.5733s
	iters: 400, epoch: 3 | loss: 0.2982656
	speed: 0.0338s/iter; left time: 5707.4117s
	iters: 500, epoch: 3 | loss: 0.3294948
	speed: 0.0342s/iter; left time: 5771.8738s
Epoch: 3 cost time: 19.242982149124146
Epoch: 3, Steps: 568 | Train Loss: 0.3404433 Vali Loss: 0.2801641 Test Loss: 0.3621543
Validation loss decreased (0.346858 --> 0.280164).  Saving model ...
Updating learning rate to 4.590994262344556e-06
	iters: 100, epoch: 4 | loss: 0.3485425
	speed: 0.1621s/iter; left time: 27331.1310s
	iters: 200, epoch: 4 | loss: 0.3290741
	speed: 0.0280s/iter; left time: 4720.6212s
	iters: 300, epoch: 4 | loss: 0.3382285
	speed: 0.0251s/iter; left time: 4221.5513s
	iters: 400, epoch: 4 | loss: 0.2708498
	speed: 0.0250s/iter; left time: 4215.0865s
	iters: 500, epoch: 4 | loss: 0.3178410
	speed: 0.0271s/iter; left time: 4563.3315s
Epoch: 4 cost time: 15.785262823104858
Epoch: 4, Steps: 568 | Train Loss: 0.3078994 Vali Loss: 0.2596664 Test Loss: 0.3465848
Validation loss decreased (0.280164 --> 0.259666).  Saving model ...
Updating learning rate to 5.0489764983407075e-06
	iters: 100, epoch: 5 | loss: 0.3322550
	speed: 0.1555s/iter; left time: 26131.2829s
	iters: 200, epoch: 5 | loss: 0.3035100
	speed: 0.0281s/iter; left time: 4712.7892s
	iters: 300, epoch: 5 | loss: 0.2894482
	speed: 0.0287s/iter; left time: 4822.7318s
	iters: 400, epoch: 5 | loss: 0.2950993
	speed: 0.0295s/iter; left time: 4947.3338s
	iters: 500, epoch: 5 | loss: 0.3221250
	speed: 0.0344s/iter; left time: 5773.5552s
Epoch: 5 cost time: 18.012524366378784
Epoch: 5, Steps: 568 | Train Loss: 0.2965010 Vali Loss: 0.2501853 Test Loss: 0.3393672
Validation loss decreased (0.259666 --> 0.250185).  Saving model ...
Updating learning rate to 5.635655777036267e-06
	iters: 100, epoch: 6 | loss: 0.3410456
	speed: 0.1637s/iter; left time: 27416.0956s
	iters: 200, epoch: 6 | loss: 0.2968398
	speed: 0.0344s/iter; left time: 5761.1867s
	iters: 300, epoch: 6 | loss: 0.2899343
	speed: 0.0350s/iter; left time: 5861.2082s
	iters: 400, epoch: 6 | loss: 0.2605956
	speed: 0.0346s/iter; left time: 5780.1308s
	iters: 500, epoch: 6 | loss: 0.2892743
	speed: 0.0266s/iter; left time: 4439.6764s
Epoch: 6 cost time: 19.555357933044434
Epoch: 6, Steps: 568 | Train Loss: 0.2891494 Vali Loss: 0.2430628 Test Loss: 0.3316771
Validation loss decreased (0.250185 --> 0.243063).  Saving model ...
Updating learning rate to 6.34942395695635e-06
	iters: 100, epoch: 7 | loss: 0.2725534
	speed: 0.1706s/iter; left time: 28478.7630s
	iters: 200, epoch: 7 | loss: 0.3099329
	speed: 0.0274s/iter; left time: 4570.8683s
	iters: 300, epoch: 7 | loss: 0.2459672
	speed: 0.0265s/iter; left time: 4410.1828s
	iters: 400, epoch: 7 | loss: 0.3110371
	speed: 0.0256s/iter; left time: 4270.3600s
	iters: 500, epoch: 7 | loss: 0.2759844
	speed: 0.0253s/iter; left time: 4213.0187s
Epoch: 7 cost time: 15.656909465789795
Epoch: 7, Steps: 568 | Train Loss: 0.2839411 Vali Loss: 0.2399325 Test Loss: 0.3272271
Validation loss decreased (0.243063 --> 0.239932).  Saving model ...
Updating learning rate to 7.18832453434284e-06
	iters: 100, epoch: 8 | loss: 0.2441582
	speed: 0.1577s/iter; left time: 26236.3917s
	iters: 200, epoch: 8 | loss: 0.2841811
	speed: 0.0290s/iter; left time: 4823.4377s
	iters: 300, epoch: 8 | loss: 0.2749095
	speed: 0.0249s/iter; left time: 4143.7674s
	iters: 400, epoch: 8 | loss: 0.2809811
	speed: 0.0251s/iter; left time: 4159.7636s
	iters: 500, epoch: 8 | loss: 0.2680018
	speed: 0.0284s/iter; left time: 4707.2118s
Epoch: 8 cost time: 16.436461687088013
Epoch: 8, Steps: 568 | Train Loss: 0.2793669 Vali Loss: 0.2348695 Test Loss: 0.3210719
Validation loss decreased (0.239932 --> 0.234869).  Saving model ...
Updating learning rate to 8.150058006109852e-06
	iters: 100, epoch: 9 | loss: 0.2690718
	speed: 0.1637s/iter; left time: 27128.2679s
	iters: 200, epoch: 9 | loss: 0.2415962
	speed: 0.0306s/iter; left time: 5067.9311s
	iters: 300, epoch: 9 | loss: 0.2498814
	speed: 0.0267s/iter; left time: 4421.2187s
	iters: 400, epoch: 9 | loss: 0.2770077
	speed: 0.0282s/iter; left time: 4658.9827s
	iters: 500, epoch: 9 | loss: 0.3204181
	speed: 0.0351s/iter; left time: 5798.8874s
Epoch: 9 cost time: 17.882989406585693
Epoch: 9, Steps: 568 | Train Loss: 0.2758897 Vali Loss: 0.2299720 Test Loss: 0.3168580
Validation loss decreased (0.234869 --> 0.229972).  Saving model ...
Updating learning rate to 9.231988172991575e-06
	iters: 100, epoch: 10 | loss: 0.2510250
	speed: 0.1597s/iter; left time: 26379.9414s
	iters: 200, epoch: 10 | loss: 0.2851701
	speed: 0.0253s/iter; left time: 4176.6820s
	iters: 300, epoch: 10 | loss: 0.2748627
	speed: 0.0258s/iter; left time: 4259.8866s
	iters: 400, epoch: 10 | loss: 0.2598085
	speed: 0.0295s/iter; left time: 4862.9747s
	iters: 500, epoch: 10 | loss: 0.3095430
	speed: 0.0251s/iter; left time: 4129.8607s
Epoch: 10 cost time: 15.85118842124939
Epoch: 10, Steps: 568 | Train Loss: 0.2720170 Vali Loss: 0.2261869 Test Loss: 0.3151244
Validation loss decreased (0.229972 --> 0.226187).  Saving model ...
Updating learning rate to 1.043114936560537e-05
	iters: 100, epoch: 11 | loss: 0.2639062
	speed: 0.1515s/iter; left time: 24944.7342s
	iters: 200, epoch: 11 | loss: 0.2790910
	speed: 0.0330s/iter; left time: 5427.8255s
	iters: 300, epoch: 11 | loss: 0.2753719
	speed: 0.0323s/iter; left time: 5317.8706s
	iters: 400, epoch: 11 | loss: 0.3035769
	speed: 0.0316s/iter; left time: 5192.1524s
	iters: 500, epoch: 11 | loss: 0.2480473
	speed: 0.0309s/iter; left time: 5081.2371s
Epoch: 11 cost time: 18.96705198287964
Epoch: 11, Steps: 568 | Train Loss: 0.2688764 Vali Loss: 0.2231401 Test Loss: 0.3104511
Validation loss decreased (0.226187 --> 0.223140).  Saving model ...
Updating learning rate to 1.174425457362218e-05
	iters: 100, epoch: 12 | loss: 0.2368512
	speed: 0.1831s/iter; left time: 30037.9090s
	iters: 200, epoch: 12 | loss: 0.2929300
	speed: 0.0311s/iter; left time: 5092.9172s
	iters: 300, epoch: 12 | loss: 0.2570019
	speed: 0.0303s/iter; left time: 4970.5373s
	iters: 400, epoch: 12 | loss: 0.2583591
	speed: 0.0307s/iter; left time: 5026.9738s
	iters: 500, epoch: 12 | loss: 0.3558507
	speed: 0.0292s/iter; left time: 4770.6772s
Epoch: 12 cost time: 18.757060289382935
Epoch: 12, Steps: 568 | Train Loss: 0.2660581 Vali Loss: 0.2196318 Test Loss: 0.3096382
Validation loss decreased (0.223140 --> 0.219632).  Saving model ...
Updating learning rate to 1.3167704455762053e-05
	iters: 100, epoch: 13 | loss: 0.2355313
	speed: 0.1630s/iter; left time: 26654.2411s
	iters: 200, epoch: 13 | loss: 0.2487653
	speed: 0.0263s/iter; left time: 4303.8789s
	iters: 300, epoch: 13 | loss: 0.2563299
	speed: 0.0252s/iter; left time: 4118.2993s
	iters: 400, epoch: 13 | loss: 0.3034568
	speed: 0.0294s/iter; left time: 4799.1576s
	iters: 500, epoch: 13 | loss: 0.2759333
	speed: 0.0347s/iter; left time: 5665.9178s
Epoch: 13 cost time: 17.813557624816895
Epoch: 13, Steps: 568 | Train Loss: 0.2629047 Vali Loss: 0.2189651 Test Loss: 0.3061213
Validation loss decreased (0.219632 --> 0.218965).  Saving model ...
Updating learning rate to 1.4697597205917272e-05
	iters: 100, epoch: 14 | loss: 0.2658662
	speed: 0.1711s/iter; left time: 27882.8433s
	iters: 200, epoch: 14 | loss: 0.2888941
	speed: 0.0288s/iter; left time: 4681.5229s
	iters: 300, epoch: 14 | loss: 0.2817478
	speed: 0.0254s/iter; left time: 4130.7042s
	iters: 400, epoch: 14 | loss: 0.2324551
	speed: 0.0276s/iter; left time: 4483.6794s
	iters: 500, epoch: 14 | loss: 0.2518225
	speed: 0.0286s/iter; left time: 4653.0631s
Epoch: 14 cost time: 17.159276723861694
Epoch: 14, Steps: 568 | Train Loss: 0.2604406 Vali Loss: 0.2173325 Test Loss: 0.3018815
Validation loss decreased (0.218965 --> 0.217333).  Saving model ...
Updating learning rate to 1.6329739248359195e-05
	iters: 100, epoch: 15 | loss: 0.2521601
	speed: 0.1875s/iter; left time: 30432.8385s
	iters: 200, epoch: 15 | loss: 0.2306869
	speed: 0.0342s/iter; left time: 5554.2851s
	iters: 300, epoch: 15 | loss: 0.2323086
	speed: 0.0270s/iter; left time: 4379.7840s
	iters: 400, epoch: 15 | loss: 0.2459151
	speed: 0.0292s/iter; left time: 4727.2437s
	iters: 500, epoch: 15 | loss: 0.2385876
	speed: 0.0286s/iter; left time: 4628.6349s
Epoch: 15 cost time: 18.339505195617676
Epoch: 15, Steps: 568 | Train Loss: 0.2579696 Vali Loss: 0.2136164 Test Loss: 0.2986366
Validation loss decreased (0.217333 --> 0.213616).  Saving model ...
Updating learning rate to 1.8059656732712196e-05
	iters: 100, epoch: 16 | loss: 0.2262562
	speed: 0.1759s/iter; left time: 28463.5194s
	iters: 200, epoch: 16 | loss: 0.2694385
	speed: 0.0264s/iter; left time: 4267.6242s
	iters: 300, epoch: 16 | loss: 0.2861816
	speed: 0.0315s/iter; left time: 5087.0152s
	iters: 400, epoch: 16 | loss: 0.2706417
	speed: 0.0283s/iter; left time: 4565.3160s
	iters: 500, epoch: 16 | loss: 0.2720439
	speed: 0.0283s/iter; left time: 4571.7932s
Epoch: 16 cost time: 17.572317361831665
Epoch: 16, Steps: 568 | Train Loss: 0.2553852 Vali Loss: 0.2114251 Test Loss: 0.3007018
Validation loss decreased (0.213616 --> 0.211425).  Saving model ...
Updating learning rate to 1.9882607797186167e-05
	iters: 100, epoch: 17 | loss: 0.2336108
	speed: 0.1635s/iter; left time: 26364.9594s
	iters: 200, epoch: 17 | loss: 0.2520462
	speed: 0.0328s/iter; left time: 5279.6072s
	iters: 300, epoch: 17 | loss: 0.2859942
	speed: 0.0281s/iter; left time: 4525.8111s
	iters: 400, epoch: 17 | loss: 0.2759904
	speed: 0.0255s/iter; left time: 4099.1749s
	iters: 500, epoch: 17 | loss: 0.2851814
	speed: 0.0305s/iter; left time: 4901.3592s
Epoch: 17 cost time: 17.65498995780945
Epoch: 17, Steps: 568 | Train Loss: 0.2531819 Vali Loss: 0.2083505 Test Loss: 0.2927701
Validation loss decreased (0.211425 --> 0.208350).  Saving model ...
Updating learning rate to 2.17935955664526e-05
	iters: 100, epoch: 18 | loss: 0.2394619
	speed: 0.1622s/iter; left time: 26063.7361s
	iters: 200, epoch: 18 | loss: 0.2260694
	speed: 0.0338s/iter; left time: 5426.7867s
	iters: 300, epoch: 18 | loss: 0.2308956
	speed: 0.0319s/iter; left time: 5117.2033s
	iters: 400, epoch: 18 | loss: 0.2224325
	speed: 0.0318s/iter; left time: 5096.5321s
	iters: 500, epoch: 18 | loss: 0.2250720
	speed: 0.0305s/iter; left time: 4890.2202s
Epoch: 18 cost time: 19.075298070907593
Epoch: 18, Steps: 568 | Train Loss: 0.2511472 Vali Loss: 0.2083437 Test Loss: 0.2903036
Validation loss decreased (0.208350 --> 0.208344).  Saving model ...
Updating learning rate to 2.3787381848536156e-05
	iters: 100, epoch: 19 | loss: 0.2715290
	speed: 0.1697s/iter; left time: 27158.1300s
	iters: 200, epoch: 19 | loss: 0.2797126
	speed: 0.0324s/iter; left time: 5181.4614s
	iters: 300, epoch: 19 | loss: 0.2845099
	speed: 0.0347s/iter; left time: 5551.3154s
	iters: 400, epoch: 19 | loss: 0.2390174
	speed: 0.0293s/iter; left time: 4687.6119s
	iters: 500, epoch: 19 | loss: 0.2592018
	speed: 0.0255s/iter; left time: 4076.4099s
Epoch: 19 cost time: 18.1756432056427
Epoch: 19, Steps: 568 | Train Loss: 0.2487399 Vali Loss: 0.2064153 Test Loss: 0.2860225
Validation loss decreased (0.208344 --> 0.206415).  Saving model ...
Updating learning rate to 2.585850149317725e-05
	iters: 100, epoch: 20 | loss: 0.2378462
	speed: 0.1682s/iter; left time: 26823.8305s
	iters: 200, epoch: 20 | loss: 0.2437799
	speed: 0.0304s/iter; left time: 4845.8507s
	iters: 300, epoch: 20 | loss: 0.2829109
	speed: 0.0295s/iter; left time: 4703.2983s
	iters: 400, epoch: 20 | loss: 0.2235816
	speed: 0.0289s/iter; left time: 4607.1066s
	iters: 500, epoch: 20 | loss: 0.2417757
	speed: 0.0332s/iter; left time: 5279.4226s
Epoch: 20 cost time: 18.664897441864014
Epoch: 20, Steps: 568 | Train Loss: 0.2471429 Vali Loss: 0.2039554 Test Loss: 0.2861530
Validation loss decreased (0.206415 --> 0.203955).  Saving model ...
Updating learning rate to 2.8001277372307893e-05
	iters: 100, epoch: 21 | loss: 0.2313458
	speed: 0.1669s/iter; left time: 26534.2297s
	iters: 200, epoch: 21 | loss: 0.2669464
	speed: 0.0249s/iter; left time: 3948.0405s
	iters: 300, epoch: 21 | loss: 0.2409231
	speed: 0.0244s/iter; left time: 3875.4502s
	iters: 400, epoch: 21 | loss: 0.2431933
	speed: 0.0284s/iter; left time: 4513.2332s
	iters: 500, epoch: 21 | loss: 0.2527518
	speed: 0.0276s/iter; left time: 4381.9374s
Epoch: 21 cost time: 16.901844263076782
Epoch: 21, Steps: 568 | Train Loss: 0.2458377 Vali Loss: 0.2031135 Test Loss: 0.2872455
Validation loss decreased (0.203955 --> 0.203114).  Saving model ...
Updating learning rate to 3.020983594157816e-05
	iters: 100, epoch: 22 | loss: 0.2322039
	speed: 0.1613s/iter; left time: 25547.5112s
	iters: 200, epoch: 22 | loss: 0.2455254
	speed: 0.0318s/iter; left time: 5036.1988s
	iters: 300, epoch: 22 | loss: 0.2388142
	speed: 0.0338s/iter; left time: 5344.1486s
	iters: 400, epoch: 22 | loss: 0.2522783
	speed: 0.0368s/iter; left time: 5819.9715s
	iters: 500, epoch: 22 | loss: 0.2489214
	speed: 0.0330s/iter; left time: 5207.9347s
Epoch: 22 cost time: 19.335225105285645
Epoch: 22, Steps: 568 | Train Loss: 0.2437541 Vali Loss: 0.2006374 Test Loss: 0.2826147
Validation loss decreased (0.203114 --> 0.200637).  Saving model ...
Updating learning rate to 3.2478123340277536e-05
	iters: 100, epoch: 23 | loss: 0.2666448
	speed: 0.1541s/iter; left time: 24322.2798s
	iters: 200, epoch: 23 | loss: 0.2575372
	speed: 0.0322s/iter; left time: 5076.2910s
	iters: 300, epoch: 23 | loss: 0.2345248
	speed: 0.0309s/iter; left time: 4862.9444s
	iters: 400, epoch: 23 | loss: 0.2526125
	speed: 0.0320s/iter; left time: 5033.3436s
	iters: 500, epoch: 23 | loss: 0.2525998
	speed: 0.0249s/iter; left time: 3917.1508s
Epoch: 23 cost time: 17.13699746131897
Epoch: 23, Steps: 568 | Train Loss: 0.2425872 Vali Loss: 0.2012858 Test Loss: 0.2781140
EarlyStopping counter: 1 out of 8
Updating learning rate to 3.479992198552005e-05
	iters: 100, epoch: 24 | loss: 0.2402639
	speed: 0.1707s/iter; left time: 26835.8276s
	iters: 200, epoch: 24 | loss: 0.2773834
	speed: 0.0299s/iter; left time: 4692.8006s
	iters: 300, epoch: 24 | loss: 0.2388967
	speed: 0.0271s/iter; left time: 4262.8116s
	iters: 400, epoch: 24 | loss: 0.2749109
	speed: 0.0254s/iter; left time: 3988.2906s
	iters: 500, epoch: 24 | loss: 0.2667311
	speed: 0.0240s/iter; left time: 3760.8353s
Epoch: 24 cost time: 16.41909956932068
Epoch: 24, Steps: 568 | Train Loss: 0.2416158 Vali Loss: 0.2041351 Test Loss: 0.2898665
EarlyStopping counter: 2 out of 8
Updating learning rate to 3.716886761520655e-05
	iters: 100, epoch: 25 | loss: 0.2260859
	speed: 0.1380s/iter; left time: 21620.9252s
	iters: 200, epoch: 25 | loss: 0.2272799
	speed: 0.0320s/iter; left time: 5003.6221s
	iters: 300, epoch: 25 | loss: 0.2589283
	speed: 0.0286s/iter; left time: 4479.1795s
	iters: 400, epoch: 25 | loss: 0.2990499
	speed: 0.0253s/iter; left time: 3963.2403s
	iters: 500, epoch: 25 | loss: 0.2454740
	speed: 0.0253s/iter; left time: 3953.7655s
Epoch: 25 cost time: 16.81744956970215
Epoch: 25, Steps: 568 | Train Loss: 0.2401866 Vali Loss: 0.1999924 Test Loss: 0.2746013
Validation loss decreased (0.200637 --> 0.199992).  Saving model ...
Updating learning rate to 3.957846673304841e-05
	iters: 100, epoch: 26 | loss: 0.2087585
	speed: 0.1612s/iter; left time: 25160.0939s
	iters: 200, epoch: 26 | loss: 0.2263546
	speed: 0.0260s/iter; left time: 4057.6746s
	iters: 300, epoch: 26 | loss: 0.2643244
	speed: 0.0280s/iter; left time: 4361.5388s
	iters: 400, epoch: 26 | loss: 0.2418666
	speed: 0.0252s/iter; left time: 3920.1594s
	iters: 500, epoch: 26 | loss: 0.2330260
	speed: 0.0297s/iter; left time: 4631.8277s
Epoch: 26 cost time: 16.92737126350403
Epoch: 26, Steps: 568 | Train Loss: 0.2388915 Vali Loss: 0.1978252 Test Loss: 0.2750124
Validation loss decreased (0.199992 --> 0.197825).  Saving model ...
Updating learning rate to 4.20221144078337e-05
	iters: 100, epoch: 27 | loss: 0.2218013
	speed: 0.1676s/iter; left time: 26069.2168s
	iters: 200, epoch: 27 | loss: 0.2267029
	speed: 0.0300s/iter; left time: 4657.7366s
	iters: 300, epoch: 27 | loss: 0.2372134
	speed: 0.0268s/iter; left time: 4160.2725s
	iters: 400, epoch: 27 | loss: 0.2379145
	speed: 0.0254s/iter; left time: 3941.8800s
	iters: 500, epoch: 27 | loss: 0.2152616
	speed: 0.0303s/iter; left time: 4700.8731s
Epoch: 27 cost time: 17.7147274017334
Epoch: 27, Steps: 568 | Train Loss: 0.2377513 Vali Loss: 0.1976402 Test Loss: 0.2773762
Validation loss decreased (0.197825 --> 0.197640).  Saving model ...
Updating learning rate to 4.4493112378146836e-05
	iters: 100, epoch: 28 | loss: 0.2378840
	speed: 0.1697s/iter; left time: 26305.2299s
	iters: 200, epoch: 28 | loss: 0.2175668
	speed: 0.0262s/iter; left time: 4059.0645s
	iters: 300, epoch: 28 | loss: 0.2272839
	speed: 0.0304s/iter; left time: 4708.8491s
	iters: 400, epoch: 28 | loss: 0.2716467
	speed: 0.0340s/iter; left time: 5257.6732s
	iters: 500, epoch: 28 | loss: 0.2757218
	speed: 0.0294s/iter; left time: 4541.5187s
Epoch: 28 cost time: 18.364577293395996
Epoch: 28, Steps: 568 | Train Loss: 0.2367304 Vali Loss: 0.1983631 Test Loss: 0.2737351
EarlyStopping counter: 1 out of 8
Updating learning rate to 4.6984687412914706e-05
	iters: 100, epoch: 29 | loss: 0.2474292
	speed: 0.1753s/iter; left time: 27066.4688s
	iters: 200, epoch: 29 | loss: 0.2891321
	speed: 0.0344s/iter; left time: 5308.9985s
	iters: 300, epoch: 29 | loss: 0.2805651
	speed: 0.0328s/iter; left time: 5063.9529s
	iters: 400, epoch: 29 | loss: 0.2392491
	speed: 0.0299s/iter; left time: 4606.7519s
	iters: 500, epoch: 29 | loss: 0.2409086
	speed: 0.0283s/iter; left time: 4354.4772s
Epoch: 29 cost time: 19.584790468215942
Epoch: 29, Steps: 568 | Train Loss: 0.2357762 Vali Loss: 0.1971443 Test Loss: 0.2701441
Validation loss decreased (0.197640 --> 0.197144).  Saving model ...
Updating learning rate to 4.9490009877451554e-05
	iters: 100, epoch: 30 | loss: 0.2302508
	speed: 0.1690s/iter; left time: 25994.4752s
	iters: 200, epoch: 30 | loss: 0.2337597
	speed: 0.0327s/iter; left time: 5023.5406s
	iters: 300, epoch: 30 | loss: 0.2403089
	speed: 0.0367s/iter; left time: 5636.5900s
	iters: 400, epoch: 30 | loss: 0.2412331
	speed: 0.0352s/iter; left time: 5401.0637s
	iters: 500, epoch: 30 | loss: 0.2604605
	speed: 0.0340s/iter; left time: 5215.9979s
Epoch: 30 cost time: 20.256314039230347
Epoch: 30, Steps: 568 | Train Loss: 0.2344852 Vali Loss: 0.1938075 Test Loss: 0.2713608
Validation loss decreased (0.197144 --> 0.193807).  Saving model ...
Updating learning rate to 5.200221245411131e-05
	iters: 100, epoch: 31 | loss: 0.2603749
	speed: 0.1685s/iter; left time: 25820.4048s
	iters: 200, epoch: 31 | loss: 0.2217299
	speed: 0.0281s/iter; left time: 4304.2710s
	iters: 300, epoch: 31 | loss: 0.2359330
	speed: 0.0261s/iter; left time: 3997.9219s
	iters: 400, epoch: 31 | loss: 0.2200168
	speed: 0.0311s/iter; left time: 4757.6154s
	iters: 500, epoch: 31 | loss: 0.2652109
	speed: 0.0319s/iter; left time: 4869.0295s
Epoch: 31 cost time: 17.628995656967163
Epoch: 31, Steps: 568 | Train Loss: 0.2337133 Vali Loss: 0.1934922 Test Loss: 0.2693944
Validation loss decreased (0.193807 --> 0.193492).  Saving model ...
Updating learning rate to 5.451440896623232e-05
	iters: 100, epoch: 32 | loss: 0.2354287
	speed: 0.1619s/iter; left time: 24721.4802s
	iters: 200, epoch: 32 | loss: 0.2271424
	speed: 0.0250s/iter; left time: 3815.1546s
	iters: 300, epoch: 32 | loss: 0.2117846
	speed: 0.0247s/iter; left time: 3760.5179s
	iters: 400, epoch: 32 | loss: 0.2249769
	speed: 0.0241s/iter; left time: 3665.1493s
	iters: 500, epoch: 32 | loss: 0.2151379
	speed: 0.0271s/iter; left time: 4125.4876s
Epoch: 32 cost time: 15.830128908157349
Epoch: 32, Steps: 568 | Train Loss: 0.2331383 Vali Loss: 0.1913753 Test Loss: 0.2741248
Validation loss decreased (0.193492 --> 0.191375).  Saving model ...
Updating learning rate to 5.7019713253776385e-05
	iters: 100, epoch: 33 | loss: 0.2611542
	speed: 0.1631s/iter; left time: 24808.6743s
	iters: 200, epoch: 33 | loss: 0.2265993
	speed: 0.0262s/iter; left time: 3980.8214s
	iters: 300, epoch: 33 | loss: 0.2228659
	speed: 0.0269s/iter; left time: 4082.9659s
	iters: 400, epoch: 33 | loss: 0.2175824
	speed: 0.0269s/iter; left time: 4077.8535s
	iters: 500, epoch: 33 | loss: 0.2016266
	speed: 0.0252s/iter; left time: 3824.7455s
Epoch: 33 cost time: 16.678750038146973
Epoch: 33, Steps: 568 | Train Loss: 0.2320771 Vali Loss: 0.1917136 Test Loss: 0.2779366
EarlyStopping counter: 1 out of 8
Updating learning rate to 5.951125804892222e-05
	iters: 100, epoch: 34 | loss: 0.2289390
	speed: 0.1815s/iter; left time: 27503.6610s
	iters: 200, epoch: 34 | loss: 0.2248517
	speed: 0.0303s/iter; left time: 4586.6930s
	iters: 300, epoch: 34 | loss: 0.2412141
	speed: 0.0317s/iter; left time: 4792.5546s
	iters: 400, epoch: 34 | loss: 0.2353960
	speed: 0.0327s/iter; left time: 4952.1400s
	iters: 500, epoch: 34 | loss: 0.1851238
	speed: 0.0317s/iter; left time: 4789.2556s
Epoch: 34 cost time: 19.756282567977905
Epoch: 34, Steps: 568 | Train Loss: 0.2313153 Vali Loss: 0.1917918 Test Loss: 0.2697840
EarlyStopping counter: 2 out of 8
Updating learning rate to 6.198221379987366e-05
	iters: 100, epoch: 35 | loss: 0.2391573
	speed: 0.1570s/iter; left time: 23706.8516s
	iters: 200, epoch: 35 | loss: 0.2246622
	speed: 0.0340s/iter; left time: 5134.9410s
	iters: 300, epoch: 35 | loss: 0.1963094
	speed: 0.0352s/iter; left time: 5303.0513s
	iters: 400, epoch: 35 | loss: 0.2555524
	speed: 0.0319s/iter; left time: 4811.7923s
	iters: 500, epoch: 35 | loss: 0.2283090
	speed: 0.0273s/iter; left time: 4106.0174s
Epoch: 35 cost time: 18.757917404174805
Epoch: 35, Steps: 568 | Train Loss: 0.2303868 Vali Loss: 0.1917140 Test Loss: 0.2662297
EarlyStopping counter: 3 out of 8
Updating learning rate to 6.44258073912847e-05
	iters: 100, epoch: 36 | loss: 0.2312000
	speed: 0.1588s/iter; left time: 23889.6545s
	iters: 200, epoch: 36 | loss: 0.2139701
	speed: 0.0296s/iter; left time: 4451.9961s
	iters: 300, epoch: 36 | loss: 0.2691272
	speed: 0.0302s/iter; left time: 4533.0958s
	iters: 400, epoch: 36 | loss: 0.2478351
	speed: 0.0300s/iter; left time: 4502.6797s
	iters: 500, epoch: 36 | loss: 0.2632693
	speed: 0.0304s/iter; left time: 4562.3870s
Epoch: 36 cost time: 19.2941677570343
Epoch: 36, Steps: 568 | Train Loss: 0.2296100 Vali Loss: 0.1899857 Test Loss: 0.2653567
Validation loss decreased (0.191375 --> 0.189986).  Saving model ...
Updating learning rate to 6.683534070998721e-05
	iters: 100, epoch: 37 | loss: 0.2652802
	speed: 0.1606s/iter; left time: 24060.3827s
	iters: 200, epoch: 37 | loss: 0.2278283
	speed: 0.0280s/iter; left time: 4188.3967s
	iters: 300, epoch: 37 | loss: 0.2158893
	speed: 0.0363s/iter; left time: 5432.6103s
	iters: 400, epoch: 37 | loss: 0.2401229
	speed: 0.0356s/iter; left time: 5324.9478s
	iters: 500, epoch: 37 | loss: 0.2358859
	speed: 0.0373s/iter; left time: 5577.2444s
Epoch: 37 cost time: 19.727831602096558
Epoch: 37, Steps: 568 | Train Loss: 0.2287427 Vali Loss: 0.1887882 Test Loss: 0.2655287
Validation loss decreased (0.189986 --> 0.188788).  Saving model ...
Updating learning rate to 6.920420900513073e-05
	iters: 100, epoch: 38 | loss: 0.2795101
	speed: 0.1784s/iter; left time: 26625.5240s
	iters: 200, epoch: 38 | loss: 0.1833728
	speed: 0.0249s/iter; left time: 3709.9322s
	iters: 300, epoch: 38 | loss: 0.2034881
	speed: 0.0311s/iter; left time: 4639.4377s
	iters: 400, epoch: 38 | loss: 0.2155788
	speed: 0.0340s/iter; left time: 5072.5698s
	iters: 500, epoch: 38 | loss: 0.2103955
	speed: 0.0300s/iter; left time: 4471.9768s
Epoch: 38 cost time: 19.068439722061157
Epoch: 38, Steps: 568 | Train Loss: 0.2279721 Vali Loss: 0.1938760 Test Loss: 0.2614196
EarlyStopping counter: 1 out of 8
Updating learning rate to 7.152591899240768e-05
	iters: 100, epoch: 39 | loss: 0.2500463
	speed: 0.1675s/iter; left time: 24909.4802s
	iters: 200, epoch: 39 | loss: 0.2030358
	speed: 0.0314s/iter; left time: 4664.7470s
	iters: 300, epoch: 39 | loss: 0.2403686
	speed: 0.0327s/iter; left time: 4854.7623s
	iters: 400, epoch: 39 | loss: 0.2158406
	speed: 0.0264s/iter; left time: 3913.8353s
	iters: 500, epoch: 39 | loss: 0.2237875
	speed: 0.0288s/iter; left time: 4271.5489s
Epoch: 39 cost time: 17.723155736923218
Epoch: 39, Steps: 568 | Train Loss: 0.2274242 Vali Loss: 0.1875911 Test Loss: 0.2646291
Validation loss decreased (0.188788 --> 0.187591).  Saving model ...
Updating learning rate to 7.37941066527385e-05
	iters: 100, epoch: 40 | loss: 0.2371218
	speed: 0.1510s/iter; left time: 22375.6381s
	iters: 200, epoch: 40 | loss: 0.2115220
	speed: 0.0254s/iter; left time: 3762.5405s
	iters: 300, epoch: 40 | loss: 0.2044271
	speed: 0.0257s/iter; left time: 3799.0221s
	iters: 400, epoch: 40 | loss: 0.2147126
	speed: 0.0248s/iter; left time: 3667.1054s
	iters: 500, epoch: 40 | loss: 0.2187268
	speed: 0.0284s/iter; left time: 4191.7091s
Epoch: 40 cost time: 16.649747371673584
Epoch: 40, Steps: 568 | Train Loss: 0.2263782 Vali Loss: 0.1881929 Test Loss: 0.2627589
EarlyStopping counter: 1 out of 8
Updating learning rate to 7.600255467662914e-05
	iters: 100, epoch: 41 | loss: 0.2462650
	speed: 0.1723s/iter; left time: 25433.1665s
	iters: 200, epoch: 41 | loss: 0.2630674
	speed: 0.0283s/iter; left time: 4172.9295s
	iters: 300, epoch: 41 | loss: 0.1984348
	speed: 0.0260s/iter; left time: 3827.7399s
	iters: 400, epoch: 41 | loss: 0.2343404
	speed: 0.0338s/iter; left time: 4975.4602s
	iters: 500, epoch: 41 | loss: 0.2048756
	speed: 0.0360s/iter; left time: 5302.4243s
Epoch: 41 cost time: 19.567610025405884
Epoch: 41, Steps: 568 | Train Loss: 0.2258318 Vali Loss: 0.1847192 Test Loss: 0.2609031
Validation loss decreased (0.187591 --> 0.184719).  Saving model ...
Updating learning rate to 7.814520950638412e-05
	iters: 100, epoch: 42 | loss: 0.2424752
	speed: 0.1814s/iter; left time: 26661.6151s
	iters: 200, epoch: 42 | loss: 0.2248738
	speed: 0.0298s/iter; left time: 4377.6964s
	iters: 300, epoch: 42 | loss: 0.2050181
	speed: 0.0291s/iter; left time: 4273.7548s
	iters: 400, epoch: 42 | loss: 0.2509968
	speed: 0.0311s/iter; left time: 4562.9221s
	iters: 500, epoch: 42 | loss: 0.2273137
	speed: 0.0277s/iter; left time: 4058.3158s
Epoch: 42 cost time: 17.757011651992798
Epoch: 42, Steps: 568 | Train Loss: 0.2246354 Vali Loss: 0.1897710 Test Loss: 0.2561437
EarlyStopping counter: 1 out of 8
Updating learning rate to 8.021619792946089e-05
	iters: 100, epoch: 43 | loss: 0.2523650
	speed: 0.1721s/iter; left time: 25207.9170s
	iters: 200, epoch: 43 | loss: 0.2335496
	speed: 0.0254s/iter; left time: 3722.1510s
	iters: 300, epoch: 43 | loss: 0.1812718
	speed: 0.0279s/iter; left time: 4076.6131s
	iters: 400, epoch: 43 | loss: 0.2552184
	speed: 0.0249s/iter; left time: 3640.3039s
	iters: 500, epoch: 43 | loss: 0.2131308
	speed: 0.0238s/iter; left time: 3469.5301s
Epoch: 43 cost time: 16.53994393348694
Epoch: 43, Steps: 568 | Train Loss: 0.2240403 Vali Loss: 0.1878150 Test Loss: 0.2656889
EarlyStopping counter: 2 out of 8
Updating learning rate to 8.220984317748175e-05
	iters: 100, epoch: 44 | loss: 0.2589265
	speed: 0.1716s/iter; left time: 25031.3804s
	iters: 200, epoch: 44 | loss: 0.2046951
	speed: 0.0291s/iter; left time: 4236.6809s
	iters: 300, epoch: 44 | loss: 0.2433477
	speed: 0.0309s/iter; left time: 4503.9814s
	iters: 400, epoch: 44 | loss: 0.2290308
	speed: 0.0211s/iter; left time: 3069.9037s
	iters: 500, epoch: 44 | loss: 0.2229824
	speed: 0.0281s/iter; left time: 4082.7225s
Epoch: 44 cost time: 17.226837158203125
Epoch: 44, Steps: 568 | Train Loss: 0.2232193 Vali Loss: 0.1876799 Test Loss: 0.2582528
EarlyStopping counter: 3 out of 8
Updating learning rate to 8.412068048677431e-05
	iters: 100, epoch: 45 | loss: 0.2086993
	speed: 0.1644s/iter; left time: 23885.7950s
	iters: 200, epoch: 45 | loss: 0.2370508
	speed: 0.0254s/iter; left time: 3691.4476s
	iters: 300, epoch: 45 | loss: 0.2331074
	speed: 0.0277s/iter; left time: 4020.4814s
	iters: 400, epoch: 45 | loss: 0.1948056
	speed: 0.0270s/iter; left time: 3922.1251s
	iters: 500, epoch: 45 | loss: 0.2355475
	speed: 0.0283s/iter; left time: 4100.8551s
Epoch: 45 cost time: 17.470609664916992
Epoch: 45, Steps: 568 | Train Loss: 0.2227767 Vali Loss: 0.1895532 Test Loss: 0.2518645
EarlyStopping counter: 4 out of 8
Updating learning rate to 8.594347207778784e-05
	iters: 100, epoch: 46 | loss: 0.2093338
	speed: 0.1695s/iter; left time: 24534.5589s
	iters: 200, epoch: 46 | loss: 0.2195104
	speed: 0.0316s/iter; left time: 4576.3465s
	iters: 300, epoch: 46 | loss: 0.2058961
	speed: 0.0348s/iter; left time: 5029.2508s
	iters: 400, epoch: 46 | loss: 0.2060021
	speed: 0.0336s/iter; left time: 4847.9151s
	iters: 500, epoch: 46 | loss: 0.2225166
	speed: 0.0287s/iter; left time: 4136.0535s
Epoch: 46 cost time: 18.880096197128296
Epoch: 46, Steps: 568 | Train Loss: 0.2220561 Vali Loss: 0.1843234 Test Loss: 0.2552544
Validation loss decreased (0.184719 --> 0.184323).  Saving model ...
Updating learning rate to 8.767322151232514e-05
	iters: 100, epoch: 47 | loss: 0.2199019
	speed: 0.1735s/iter; left time: 25016.3284s
	iters: 200, epoch: 47 | loss: 0.2418263
	speed: 0.0249s/iter; left time: 3594.0761s
	iters: 300, epoch: 47 | loss: 0.2125942
	speed: 0.0250s/iter; left time: 3597.5706s
	iters: 400, epoch: 47 | loss: 0.2129875
	speed: 0.0263s/iter; left time: 3785.5927s
	iters: 500, epoch: 47 | loss: 0.1659897
	speed: 0.0254s/iter; left time: 3651.4866s
Epoch: 47 cost time: 15.674775838851929
Epoch: 47, Steps: 568 | Train Loss: 0.2209022 Vali Loss: 0.1905616 Test Loss: 0.2539064
EarlyStopping counter: 1 out of 8
Updating learning rate to 8.930518738923594e-05
	iters: 100, epoch: 48 | loss: 0.2596557
	speed: 0.1526s/iter; left time: 21912.4077s
	iters: 200, epoch: 48 | loss: 0.1984715
	speed: 0.0388s/iter; left time: 5563.0971s
	iters: 300, epoch: 48 | loss: 0.2517829
	speed: 0.0398s/iter; left time: 5700.4563s
	iters: 400, epoch: 48 | loss: 0.2400851
	speed: 0.0299s/iter; left time: 4288.7767s
	iters: 500, epoch: 48 | loss: 0.2519144
	speed: 0.0368s/iter; left time: 5267.9160s
Epoch: 48 cost time: 21.1920268535614
Epoch: 48, Steps: 568 | Train Loss: 0.2203458 Vali Loss: 0.1864254 Test Loss: 0.2518252
EarlyStopping counter: 2 out of 8
Updating learning rate to 9.083489634103046e-05
	iters: 100, epoch: 49 | loss: 0.2413481
	speed: 0.1997s/iter; left time: 28558.3068s
	iters: 200, epoch: 49 | loss: 0.2496847
	speed: 0.0344s/iter; left time: 4910.5412s
	iters: 300, epoch: 49 | loss: 0.2281637
	speed: 0.0363s/iter; left time: 5181.9697s
	iters: 400, epoch: 49 | loss: 0.2302279
	speed: 0.0367s/iter; left time: 5237.0633s
	iters: 500, epoch: 49 | loss: 0.1980488
	speed: 0.0326s/iter; left time: 4650.5457s
Epoch: 49 cost time: 21.669158935546875
Epoch: 49, Steps: 568 | Train Loss: 0.2195032 Vali Loss: 0.1869831 Test Loss: 0.2545681
EarlyStopping counter: 3 out of 8
Updating learning rate to 9.225815529578812e-05
	iters: 100, epoch: 50 | loss: 0.2199262
	speed: 0.1802s/iter; left time: 25669.4206s
	iters: 200, epoch: 50 | loss: 0.2275027
	speed: 0.0319s/iter; left time: 4541.2385s
	iters: 300, epoch: 50 | loss: 0.2324031
	speed: 0.0335s/iter; left time: 4770.3371s
	iters: 400, epoch: 50 | loss: 0.2209570
	speed: 0.0335s/iter; left time: 4759.5450s
	iters: 500, epoch: 50 | loss: 0.2293330
	speed: 0.0318s/iter; left time: 4523.2870s
Epoch: 50 cost time: 20.302693367004395
Epoch: 50, Steps: 568 | Train Loss: 0.2191170 Vali Loss: 0.1874231 Test Loss: 0.2524914
EarlyStopping counter: 4 out of 8
Updating learning rate to 9.357106297075062e-05
	iters: 100, epoch: 51 | loss: 0.2198671
	speed: 0.1848s/iter; left time: 26224.9812s
	iters: 200, epoch: 51 | loss: 0.1950775
	speed: 0.0283s/iter; left time: 4013.3113s
	iters: 300, epoch: 51 | loss: 0.2198804
	speed: 0.0283s/iter; left time: 4008.6699s
	iters: 400, epoch: 51 | loss: 0.2140076
	speed: 0.0285s/iter; left time: 4035.8417s
	iters: 500, epoch: 51 | loss: 0.2421500
	speed: 0.0247s/iter; left time: 3489.7069s
Epoch: 51 cost time: 17.27553653717041
Epoch: 51, Steps: 568 | Train Loss: 0.2182934 Vali Loss: 0.1829897 Test Loss: 0.2515960
Validation loss decreased (0.184323 --> 0.182990).  Saving model ...
Updating learning rate to 9.477002056609415e-05
	iters: 100, epoch: 52 | loss: 0.2488442
	speed: 0.1756s/iter; left time: 24811.0938s
	iters: 200, epoch: 52 | loss: 0.2100190
	speed: 0.0282s/iter; left time: 3982.7567s
	iters: 300, epoch: 52 | loss: 0.2141829
	speed: 0.0277s/iter; left time: 3910.7273s
	iters: 400, epoch: 52 | loss: 0.2468060
	speed: 0.0329s/iter; left time: 4642.3461s
	iters: 500, epoch: 52 | loss: 0.1977085
	speed: 0.0243s/iter; left time: 3422.7890s
Epoch: 52 cost time: 17.06536102294922
Epoch: 52, Steps: 568 | Train Loss: 0.2175440 Vali Loss: 0.1836499 Test Loss: 0.2496131
EarlyStopping counter: 1 out of 8
Updating learning rate to 9.585174162956835e-05
	iters: 100, epoch: 53 | loss: 0.1952899
	speed: 0.1648s/iter; left time: 23191.7112s
	iters: 200, epoch: 53 | loss: 0.2005406
	speed: 0.0396s/iter; left time: 5567.2580s
	iters: 300, epoch: 53 | loss: 0.2218627
	speed: 0.0341s/iter; left time: 4797.3033s
	iters: 400, epoch: 53 | loss: 0.1976498
	speed: 0.0361s/iter; left time: 5076.8218s
	iters: 500, epoch: 53 | loss: 0.2076716
	speed: 0.0294s/iter; left time: 4130.7734s
Epoch: 53 cost time: 20.96367383003235
Epoch: 53, Steps: 568 | Train Loss: 0.2170675 Vali Loss: 0.1800671 Test Loss: 0.2528133
Validation loss decreased (0.182990 --> 0.180067).  Saving model ...
Updating learning rate to 9.681326106496208e-05
	iters: 100, epoch: 54 | loss: 0.2116495
	speed: 0.1725s/iter; left time: 24183.7191s
	iters: 200, epoch: 54 | loss: 0.2135952
	speed: 0.0330s/iter; left time: 4616.9832s
	iters: 300, epoch: 54 | loss: 0.2339928
	speed: 0.0292s/iter; left time: 4086.0083s
	iters: 400, epoch: 54 | loss: 0.2250786
	speed: 0.0359s/iter; left time: 5018.2850s
	iters: 500, epoch: 54 | loss: 0.2116151
	speed: 0.0308s/iter; left time: 4312.1542s
Epoch: 54 cost time: 19.407799243927002
Epoch: 54, Steps: 568 | Train Loss: 0.2162621 Vali Loss: 0.1842340 Test Loss: 0.2487511
EarlyStopping counter: 1 out of 8
Updating learning rate to 9.765194325970283e-05
	iters: 100, epoch: 55 | loss: 0.2253040
	speed: 0.1712s/iter; left time: 23901.1260s
	iters: 200, epoch: 55 | loss: 0.2392915
	speed: 0.0348s/iter; left time: 4852.0743s
	iters: 300, epoch: 55 | loss: 0.2296204
	speed: 0.0353s/iter; left time: 4918.9542s
	iters: 400, epoch: 55 | loss: 0.2009330
	speed: 0.0344s/iter; left time: 4789.5207s
	iters: 500, epoch: 55 | loss: 0.2228314
	speed: 0.0355s/iter; left time: 4945.8560s
Epoch: 55 cost time: 21.406335830688477
Epoch: 55, Steps: 568 | Train Loss: 0.2160358 Vali Loss: 0.1894613 Test Loss: 0.2465636
EarlyStopping counter: 2 out of 8
Updating learning rate to 9.836548930931146e-05
	iters: 100, epoch: 56 | loss: 0.2167322
	speed: 0.1865s/iter; left time: 25930.8921s
	iters: 200, epoch: 56 | loss: 0.2010830
	speed: 0.0312s/iter; left time: 4340.7978s
	iters: 300, epoch: 56 | loss: 0.2620202
	speed: 0.0346s/iter; left time: 4806.9366s
	iters: 400, epoch: 56 | loss: 0.2110275
	speed: 0.0299s/iter; left time: 4152.6685s
	iters: 500, epoch: 56 | loss: 0.2094938
	speed: 0.0251s/iter; left time: 3486.5196s
Epoch: 56 cost time: 17.86181092262268
Epoch: 56, Steps: 568 | Train Loss: 0.2151423 Vali Loss: 0.1814556 Test Loss: 0.2469979
EarlyStopping counter: 3 out of 8
Updating learning rate to 9.895194331890932e-05
	iters: 100, epoch: 57 | loss: 0.2252805
	speed: 0.1550s/iter; left time: 21459.7758s
	iters: 200, epoch: 57 | loss: 0.2247321
	speed: 0.0267s/iter; left time: 3695.2522s
	iters: 300, epoch: 57 | loss: 0.2084562
	speed: 0.0253s/iter; left time: 3496.1237s
	iters: 400, epoch: 57 | loss: 0.2135489
	speed: 0.0254s/iter; left time: 3505.3830s
	iters: 500, epoch: 57 | loss: 0.2203666
	speed: 0.0292s/iter; left time: 4035.5847s
Epoch: 57 cost time: 17.151341438293457
Epoch: 57, Steps: 568 | Train Loss: 0.2146859 Vali Loss: 0.1868682 Test Loss: 0.2478370
EarlyStopping counter: 4 out of 8
Updating learning rate to 9.940969776450471e-05
	iters: 100, epoch: 58 | loss: 0.2124898
	speed: 0.1741s/iter; left time: 24016.0231s
	iters: 200, epoch: 58 | loss: 0.1940602
	speed: 0.0253s/iter; left time: 3485.1905s
	iters: 300, epoch: 58 | loss: 0.2048421
	speed: 0.0250s/iter; left time: 3446.5413s
	iters: 400, epoch: 58 | loss: 0.2161720
	speed: 0.0254s/iter; left time: 3489.1430s
	iters: 500, epoch: 58 | loss: 0.1970512
	speed: 0.0318s/iter; left time: 4377.0254s
Epoch: 58 cost time: 16.830334901809692
Epoch: 58, Steps: 568 | Train Loss: 0.2137643 Vali Loss: 0.1846424 Test Loss: 0.2437051
EarlyStopping counter: 5 out of 8
Updating learning rate to 9.973749789936289e-05
	iters: 100, epoch: 59 | loss: 0.1939964
	speed: 0.1567s/iter; left time: 21521.8073s
	iters: 200, epoch: 59 | loss: 0.1965166
	speed: 0.0251s/iter; left time: 3445.3686s
	iters: 300, epoch: 59 | loss: 0.2220989
	speed: 0.0270s/iter; left time: 3708.2979s
	iters: 400, epoch: 59 | loss: 0.2345662
	speed: 0.0294s/iter; left time: 4028.0838s
	iters: 500, epoch: 59 | loss: 0.2365879
	speed: 0.0342s/iter; left time: 4686.8977s
Epoch: 59 cost time: 17.36609959602356
Epoch: 59, Steps: 568 | Train Loss: 0.2133234 Vali Loss: 0.1838673 Test Loss: 0.2445872
EarlyStopping counter: 6 out of 8
Updating learning rate to 9.99344451933815e-05
	iters: 100, epoch: 60 | loss: 0.2227138
	speed: 0.1583s/iter; left time: 21648.6993s
	iters: 200, epoch: 60 | loss: 0.2172574
	speed: 0.0268s/iter; left time: 3661.5058s
	iters: 300, epoch: 60 | loss: 0.2533689
	speed: 0.0278s/iter; left time: 3792.7870s
	iters: 400, epoch: 60 | loss: 0.1741083
	speed: 0.0314s/iter; left time: 4285.0424s
	iters: 500, epoch: 60 | loss: 0.2140861
	speed: 0.0256s/iter; left time: 3492.6285s
Epoch: 60 cost time: 16.6615629196167
Epoch: 60, Steps: 568 | Train Loss: 0.2127861 Vali Loss: 0.1854858 Test Loss: 0.2454303
EarlyStopping counter: 7 out of 8
Updating learning rate to 9.999999998672243e-05
	iters: 100, epoch: 61 | loss: 0.2045725
	speed: 0.1561s/iter; left time: 21258.1127s
	iters: 200, epoch: 61 | loss: 0.2323735
	speed: 0.0291s/iter; left time: 3964.4214s
	iters: 300, epoch: 61 | loss: 0.1894781
	speed: 0.0282s/iter; left time: 3830.8115s
	iters: 400, epoch: 61 | loss: 0.2408247
	speed: 0.0332s/iter; left time: 4509.2198s
	iters: 500, epoch: 61 | loss: 0.1874059
	speed: 0.0351s/iter; left time: 4768.0706s
Epoch: 61 cost time: 19.124833345413208
Epoch: 61, Steps: 568 | Train Loss: 0.2122016 Vali Loss: 0.1846796 Test Loss: 0.2461017
EarlyStopping counter: 8 out of 8
Early stopping
>>>>>>>testing : 96_336_SPM_TST_Solar_ftM_sl96_ll18_pl336_dm49_nh1_el1_dl1_df256_fc1_ebtimeF_dtTrue_Exp_0<<<<<<<<<<<<<<<<<<<<<<<<<<<<<<<<<
test 10177
mse:0.25281327962875366, mae:0.28060218691825867, rse:0.5826654434204102
