Args in experiment:
Namespace(activation='gelu', affine=1, batch_size=64, c_out=7, checkpoints='./checkpoints/', d_ff=256, d_layers=1, d_model=256, data='PEMS08', data_path='PEMS08.npz', dec_in=7, decomposition=0, des='Exp', devices='0,1,2,3', dishts=1, distil=True, do_predict=False, dropout=0.2, e_layers=1, embed='timeF', embed_type=0, enc_in=170, factor=1, fc_dropout=0.2, features='M', freq='h', gpu=0, head_dropout=0.0, hidden_size=[32, 8], hidden_size1=3, hidden_size2=3, individual=0, is_training=1, itr=1, k=1.0, kernel_size=25, label_len=18, learning_rate=0.0001, loss='mse', lradj='TST', model='SPM_TST', model_id='96_192', moving_avg=25, n_heads=1, num_layers=3, num_workers=10, output_attention=False, padding_patch='end', patch_len=16, patience=20, pct_start=0.2, pred_len=192, random_seed=2021, revin=1, root_path='./dataset/', seq_len=96, stride=8, subtract_last=0, target='OT', test_flop=False, traffic=0, train_epochs=300, use_amp=False, use_gpu=True, use_multi_gpu=False)
Use GPU: cuda:0
>>>>>>>start training : 96_192_SPM_TST_PEMS08_ftM_sl96_ll18_pl192_dm256_nh1_el1_dl1_df256_fc1_ebtimeF_dtTrue_Exp_0>>>>>>>>>>>>>>>>>>>>>>>>>>
model.revin_layer.affine_weight: 170
model.revin_layer.affine_bias: 170
model.DishTS.reduce_mlayer: 32640
model.DishTS.gamma: 170
model.DishTS.beta: 170
model.backbone.encoder.layers.0.self_attn.W_Q.weight: 65536
model.backbone.encoder.layers.0.self_attn.W_Q.bias: 256
model.backbone.encoder.layers.0.self_attn.W_K.weight: 65536
model.backbone.encoder.layers.0.self_attn.W_K.bias: 256
model.backbone.encoder.layers.0.self_attn.W_V.weight: 65536
model.backbone.encoder.layers.0.self_attn.W_V.bias: 256
model.backbone.encoder.layers.0.self_attn.to_out.0.weight: 65536
model.backbone.encoder.layers.0.self_attn.to_out.0.bias: 256
model.backbone.encoder.layers.0.norm_attn.1.weight: 256
model.backbone.encoder.layers.0.norm_attn.1.bias: 256
model.backbone.encoder.layers.0.ff.0.weight: 65536
model.backbone.encoder.layers.0.ff.0.bias: 256
model.backbone.encoder.layers.0.ff.3.weight: 65536
model.backbone.encoder.layers.0.ff.3.bias: 256
model.backbone.encoder.layers.0.norm_ffn.1.weight: 256
model.backbone.encoder.layers.0.norm_ffn.1.bias: 256
model.backbone.embeddings.weight: 12544
model.backbone.embeddings.bias: 256
model.predict.mlp.linear_0.weight: 1566720
model.predict.mlp.linear_0.bias: 3072
model.predict.mlp.linear_1.weight: 2359296
model.predict.mlp.linear_1.bias: 768
model.predict.mlp.linear_2.weight: 147456
model.predict.mlp.linear_2.bias: 192
Total trainable parameters: 4519400
train 10426
val 3284
test 3285
	iters: 100, epoch: 1 | loss: 1.7661787
	speed: 0.1319s/iter; left time: 6399.3457s
Epoch: 1 cost time: 17.499717712402344
Epoch: 1, Steps: 162 | Train Loss: 1.8470520 Vali Loss: 1.9244298 Test Loss: 1.8903062
Validation loss decreased (inf --> 1.924430).  Saving model ...
Updating learning rate to 4.0657958662351475e-06
	iters: 100, epoch: 2 | loss: 1.4051890
	speed: 0.3788s/iter; left time: 18312.4360s
Epoch: 2 cost time: 17.28405499458313
Epoch: 2, Steps: 162 | Train Loss: 1.4330933 Vali Loss: 1.5117922 Test Loss: 1.4283541
Validation loss decreased (1.924430 --> 1.511792).  Saving model ...
Updating learning rate to 4.2630030859400555e-06
	iters: 100, epoch: 3 | loss: 1.0981064
	speed: 0.3525s/iter; left time: 16984.0768s
Epoch: 3 cost time: 14.388581275939941
Epoch: 3, Steps: 162 | Train Loss: 1.0867015 Vali Loss: 1.2923877 Test Loss: 1.1944953
Validation loss decreased (1.511792 --> 1.292388).  Saving model ...
Updating learning rate to 4.591081016620981e-06
	iters: 100, epoch: 4 | loss: 0.9683575
	speed: 0.3659s/iter; left time: 17567.7673s
Epoch: 4 cost time: 15.952398538589478
Epoch: 4, Steps: 162 | Train Loss: 0.9297465 Vali Loss: 1.1777928 Test Loss: 1.0826288
Validation loss decreased (1.292388 --> 1.177793).  Saving model ...
Updating learning rate to 5.049130234459581e-06
	iters: 100, epoch: 5 | loss: 0.8316183
	speed: 0.3475s/iter; left time: 16631.2630s
Epoch: 5 cost time: 13.900304555892944
Epoch: 5, Steps: 162 | Train Loss: 0.8388345 Vali Loss: 1.0977622 Test Loss: 1.0119231
Validation loss decreased (1.177793 --> 1.097762).  Saving model ...
Updating learning rate to 5.635895000078087e-06
	iters: 100, epoch: 6 | loss: 0.6914462
	speed: 0.3669s/iter; left time: 17496.4457s
Epoch: 6 cost time: 17.713310480117798
Epoch: 6, Steps: 162 | Train Loss: 0.7684355 Vali Loss: 1.0167396 Test Loss: 0.9403104
Validation loss decreased (1.097762 --> 1.016740).  Saving model ...
Updating learning rate to 6.349766701141881e-06
	iters: 100, epoch: 7 | loss: 0.7727813
	speed: 0.3979s/iter; left time: 18910.3452s
Epoch: 7 cost time: 17.992602586746216
Epoch: 7, Steps: 162 | Train Loss: 0.7080396 Vali Loss: 0.9597971 Test Loss: 0.8870826
Validation loss decreased (1.016740 --> 0.959797).  Saving model ...
Updating learning rate to 7.188788262361322e-06
	iters: 100, epoch: 8 | loss: 0.6030507
	speed: 0.3903s/iter; left time: 18488.7470s
Epoch: 8 cost time: 14.558130264282227
Epoch: 8, Steps: 162 | Train Loss: 0.6568871 Vali Loss: 0.9021953 Test Loss: 0.8417462
Validation loss decreased (0.959797 --> 0.902195).  Saving model ...
Updating learning rate to 8.150659510802627e-06
	iters: 100, epoch: 9 | loss: 0.5913871
	speed: 0.3496s/iter; left time: 16503.4456s
Epoch: 9 cost time: 15.530545949935913
Epoch: 9, Steps: 162 | Train Loss: 0.6114075 Vali Loss: 0.8407930 Test Loss: 0.7839739
Validation loss decreased (0.902195 --> 0.840793).  Saving model ...
Updating learning rate to 9.23274348179922e-06
	iters: 100, epoch: 10 | loss: 0.5333072
	speed: 0.3140s/iter; left time: 14772.8874s
Epoch: 10 cost time: 13.775804042816162
Epoch: 10, Steps: 162 | Train Loss: 0.5706761 Vali Loss: 0.8095003 Test Loss: 0.7599402
Validation loss decreased (0.840793 --> 0.809500).  Saving model ...
Updating learning rate to 1.0432073648175636e-05
	iters: 100, epoch: 11 | loss: 0.5426504
	speed: 0.3736s/iter; left time: 17513.5998s
Epoch: 11 cost time: 15.655894041061401
Epoch: 11, Steps: 162 | Train Loss: 0.5363949 Vali Loss: 0.7669482 Test Loss: 0.7184014
Validation loss decreased (0.809500 --> 0.766948).  Saving model ...
Updating learning rate to 1.1745362052965289e-05
	iters: 100, epoch: 12 | loss: 0.5485596
	speed: 0.3606s/iter; left time: 16845.9882s
Epoch: 12 cost time: 16.124167442321777
Epoch: 12, Steps: 162 | Train Loss: 0.5100606 Vali Loss: 0.7273299 Test Loss: 0.6791813
Validation loss decreased (0.766948 --> 0.727330).  Saving model ...
Updating learning rate to 1.3169008323326073e-05
	iters: 100, epoch: 13 | loss: 0.5227606
	speed: 0.3945s/iter; left time: 18368.9077s
Epoch: 13 cost time: 16.21372961997986
Epoch: 13, Steps: 162 | Train Loss: 0.4889727 Vali Loss: 0.7244567 Test Loss: 0.6751055
Validation loss decreased (0.727330 --> 0.724457).  Saving model ...
Updating learning rate to 1.4699109540942576e-05
	iters: 100, epoch: 14 | loss: 0.5158833
	speed: 0.3826s/iter; left time: 17749.9278s
Epoch: 14 cost time: 18.681249856948853
Epoch: 14, Steps: 162 | Train Loss: 0.4680146 Vali Loss: 0.7087230 Test Loss: 0.6624635
Validation loss decreased (0.724457 --> 0.708723).  Saving model ...
Updating learning rate to 1.6331470941854744e-05
	iters: 100, epoch: 15 | loss: 0.4564235
	speed: 0.3730s/iter; left time: 17244.0332s
Epoch: 15 cost time: 16.09064221382141
Epoch: 15, Steps: 162 | Train Loss: 0.4517344 Vali Loss: 0.6773841 Test Loss: 0.6248019
Validation loss decreased (0.708723 --> 0.677384).  Saving model ...
Updating learning rate to 1.8061617416380014e-05
	iters: 100, epoch: 16 | loss: 0.4260591
	speed: 0.3678s/iter; left time: 16945.5122s
Epoch: 16 cost time: 17.711076021194458
Epoch: 16, Steps: 162 | Train Loss: 0.4351870 Vali Loss: 0.6685405 Test Loss: 0.6136914
Validation loss decreased (0.677384 --> 0.668540).  Saving model ...
Updating learning rate to 1.9884805777601504e-05
	iters: 100, epoch: 17 | loss: 0.3517100
	speed: 0.3616s/iter; left time: 16599.6227s
Epoch: 17 cost time: 15.550053119659424
Epoch: 17, Steps: 162 | Train Loss: 0.4233886 Vali Loss: 0.6574954 Test Loss: 0.6138148
Validation loss decreased (0.668540 --> 0.657495).  Saving model ...
Updating learning rate to 2.1796037764788522e-05
	iters: 100, epoch: 18 | loss: 0.4408543
	speed: 0.3800s/iter; left time: 17384.3802s
Epoch: 18 cost time: 14.306589841842651
Epoch: 18, Steps: 162 | Train Loss: 0.4113128 Vali Loss: 0.6282231 Test Loss: 0.5826668
Validation loss decreased (0.657495 --> 0.628223).  Saving model ...
Updating learning rate to 2.3790073746100522e-05
	iters: 100, epoch: 19 | loss: 0.4256152
	speed: 0.3636s/iter; left time: 16572.5835s
Epoch: 19 cost time: 17.822530031204224
Epoch: 19, Steps: 162 | Train Loss: 0.4006631 Vali Loss: 0.6261019 Test Loss: 0.5865633
Validation loss decreased (0.628223 --> 0.626102).  Saving model ...
Updating learning rate to 2.5861447083008583e-05
	iters: 100, epoch: 20 | loss: 0.3793465
	speed: 0.4028s/iter; left time: 18296.2375s
Epoch: 20 cost time: 16.29726266860962
Epoch: 20, Steps: 162 | Train Loss: 0.3899987 Vali Loss: 0.6198432 Test Loss: 0.5965483
Validation loss decreased (0.626102 --> 0.619843).  Saving model ...
Updating learning rate to 2.800447911705442e-05
	iters: 100, epoch: 21 | loss: 0.3725283
	speed: 0.3830s/iter; left time: 17337.1460s
Epoch: 21 cost time: 15.841506004333496
Epoch: 21, Steps: 162 | Train Loss: 0.3796762 Vali Loss: 0.6143778 Test Loss: 0.5839588
Validation loss decreased (0.619843 --> 0.614378).  Saving model ...
Updating learning rate to 3.021329473786098e-05
	iters: 100, epoch: 22 | loss: 0.3409921
	speed: 0.3458s/iter; left time: 15596.4921s
Epoch: 22 cost time: 16.0751953125
Epoch: 22, Steps: 162 | Train Loss: 0.3713924 Vali Loss: 0.6019336 Test Loss: 0.5806254
Validation loss decreased (0.614378 --> 0.601934).  Saving model ...
Updating learning rate to 3.24818384897147e-05
	iters: 100, epoch: 23 | loss: 0.3795969
	speed: 0.3674s/iter; left time: 16508.1452s
Epoch: 23 cost time: 14.7755708694458
Epoch: 23, Steps: 162 | Train Loss: 0.3624251 Vali Loss: 0.5958377 Test Loss: 0.5630885
Validation loss decreased (0.601934 --> 0.595838).  Saving model ...
Updating learning rate to 3.480389117256372e-05
	iters: 100, epoch: 24 | loss: 0.3792372
	speed: 0.3495s/iter; left time: 15647.9276s
Epoch: 24 cost time: 18.076645612716675
Epoch: 24, Steps: 162 | Train Loss: 0.3547871 Vali Loss: 0.5885416 Test Loss: 0.5553988
Validation loss decreased (0.595838 --> 0.588542).  Saving model ...
Updating learning rate to 3.717308689192003e-05
	iters: 100, epoch: 25 | loss: 0.3459355
	speed: 0.3879s/iter; left time: 17303.7117s
Epoch: 25 cost time: 16.752994060516357
Epoch: 25, Steps: 162 | Train Loss: 0.3460881 Vali Loss: 0.6142023 Test Loss: 0.5876803
EarlyStopping counter: 1 out of 20
Updating learning rate to 3.958293051092383e-05
	iters: 100, epoch: 26 | loss: 0.3506517
	speed: 0.3875s/iter; left time: 17225.6002s
Epoch: 26 cost time: 17.51705503463745
Epoch: 26, Steps: 162 | Train Loss: 0.3379845 Vali Loss: 0.5770563 Test Loss: 0.5374729
Validation loss decreased (0.588542 --> 0.577056).  Saving model ...
Updating learning rate to 4.2026815456724946e-05
	iters: 100, epoch: 27 | loss: 0.3271223
	speed: 0.3681s/iter; left time: 16304.0499s
Epoch: 27 cost time: 16.32703137397766
Epoch: 27, Steps: 162 | Train Loss: 0.3323356 Vali Loss: 0.5724341 Test Loss: 0.5335205
Validation loss decreased (0.577056 --> 0.572434).  Saving model ...
Updating learning rate to 4.449804183236556e-05
	iters: 100, epoch: 28 | loss: 0.3396987
	speed: 0.3650s/iter; left time: 16107.0891s
Epoch: 28 cost time: 14.28828477859497
Epoch: 28, Steps: 162 | Train Loss: 0.3255206 Vali Loss: 0.5725455 Test Loss: 0.5415164
EarlyStopping counter: 1 out of 20
Updating learning rate to 4.69898347845103e-05
	iters: 100, epoch: 29 | loss: 0.3159583
	speed: 0.3418s/iter; left time: 15025.1825s
Epoch: 29 cost time: 14.958713054656982
Epoch: 29, Steps: 162 | Train Loss: 0.3182546 Vali Loss: 0.5504599 Test Loss: 0.5047369
Validation loss decreased (0.572434 --> 0.550460).  Saving model ...
Updating learning rate to 4.949536307666899e-05
	iters: 100, epoch: 30 | loss: 0.3237273
	speed: 0.3686s/iter; left time: 16144.0188s
Epoch: 30 cost time: 15.3641197681427
Epoch: 30, Steps: 162 | Train Loss: 0.3121468 Vali Loss: 0.5521982 Test Loss: 0.5010439
EarlyStopping counter: 1 out of 20
Updating learning rate to 5.2007757816993306e-05
	iters: 100, epoch: 31 | loss: 0.3080681
	speed: 0.3563s/iter; left time: 15551.4310s
Epoch: 31 cost time: 17.462958335876465
Epoch: 31, Steps: 162 | Train Loss: 0.3060543 Vali Loss: 0.5584456 Test Loss: 0.5195323
EarlyStopping counter: 2 out of 20
Updating learning rate to 5.452013128930557e-05
	iters: 100, epoch: 32 | loss: 0.2935447
	speed: 0.3898s/iter; left time: 16946.3850s
Epoch: 32 cost time: 18.082030773162842
Epoch: 32, Steps: 162 | Train Loss: 0.2994580 Vali Loss: 0.5633026 Test Loss: 0.5189230
EarlyStopping counter: 3 out of 20
Updating learning rate to 5.702559583573424e-05
	iters: 100, epoch: 33 | loss: 0.2966948
	speed: 0.4074s/iter; left time: 17646.1809s
Epoch: 33 cost time: 18.40304183959961
Epoch: 33, Steps: 162 | Train Loss: 0.2960808 Vali Loss: 0.5536973 Test Loss: 0.5014910
EarlyStopping counter: 4 out of 20
Updating learning rate to 5.951728273918958e-05
	iters: 100, epoch: 34 | loss: 0.2886020
	speed: 0.3390s/iter; left time: 14630.1766s
Epoch: 34 cost time: 14.881571769714355
Epoch: 34, Steps: 162 | Train Loss: 0.2874782 Vali Loss: 0.5512850 Test Loss: 0.5003669
EarlyStopping counter: 5 out of 20
Updating learning rate to 6.198836105391329e-05
	iters: 100, epoch: 35 | loss: 0.2867844
	speed: 0.3659s/iter; left time: 15731.4241s
Epoch: 35 cost time: 16.091782093048096
Epoch: 35, Steps: 162 | Train Loss: 0.2837037 Vali Loss: 0.5560793 Test Loss: 0.4994293
EarlyStopping counter: 6 out of 20
Updating learning rate to 6.443205633247816e-05
	iters: 100, epoch: 36 | loss: 0.2614088
	speed: 0.3392s/iter; left time: 14527.6170s
Epoch: 36 cost time: 15.433130741119385
Epoch: 36, Steps: 162 | Train Loss: 0.2792642 Vali Loss: 0.5674485 Test Loss: 0.5247110
EarlyStopping counter: 7 out of 20
Updating learning rate to 6.684166919789804e-05
	iters: 100, epoch: 37 | loss: 0.3094670
	speed: 0.3567s/iter; left time: 15221.1887s
Epoch: 37 cost time: 13.482532501220703
Epoch: 37, Steps: 162 | Train Loss: 0.2753112 Vali Loss: 0.5344496 Test Loss: 0.4682628
Validation loss decreased (0.550460 --> 0.534450).  Saving model ...
Updating learning rate to 6.921059370993249e-05
	iters: 100, epoch: 38 | loss: 0.2989822
	speed: 0.3761s/iter; left time: 15986.1505s
Epoch: 38 cost time: 17.235838413238525
Epoch: 38, Steps: 162 | Train Loss: 0.2721947 Vali Loss: 0.5466661 Test Loss: 0.4818969
EarlyStopping counter: 1 out of 20
Updating learning rate to 7.153233547523499e-05
	iters: 100, epoch: 39 | loss: 0.2499958
	speed: 0.3668s/iter; left time: 15533.4231s
Epoch: 39 cost time: 15.842856407165527
Epoch: 39, Steps: 162 | Train Loss: 0.2656816 Vali Loss: 0.5247353 Test Loss: 0.4556424
Validation loss decreased (0.534450 --> 0.524735).  Saving model ...
Updating learning rate to 7.380052945169629e-05
	iters: 100, epoch: 40 | loss: 0.2740960
	speed: 0.3705s/iter; left time: 15627.5164s
Epoch: 40 cost time: 17.429078102111816
Epoch: 40, Steps: 162 | Train Loss: 0.2617121 Vali Loss: 0.5541077 Test Loss: 0.5051346
EarlyStopping counter: 1 out of 20
Updating learning rate to 7.600895739817178e-05
	iters: 100, epoch: 41 | loss: 0.2390426
	speed: 0.3716s/iter; left time: 15616.7035s
Epoch: 41 cost time: 16.273081302642822
Epoch: 41, Steps: 162 | Train Loss: 0.2580713 Vali Loss: 0.5201921 Test Loss: 0.4496233
Validation loss decreased (0.524735 --> 0.520192).  Saving model ...
Updating learning rate to 7.815156492175496e-05
	iters: 100, epoch: 42 | loss: 0.2700915
	speed: 0.3748s/iter; left time: 15686.7888s
Epoch: 42 cost time: 16.437187671661377
Epoch: 42, Steps: 162 | Train Loss: 0.2548816 Vali Loss: 0.5345782 Test Loss: 0.4746113
EarlyStopping counter: 1 out of 20
Updating learning rate to 8.022247807586182e-05
	iters: 100, epoch: 43 | loss: 0.2369947
	speed: 0.3438s/iter; left time: 14334.5679s
Epoch: 43 cost time: 15.961712837219238
Epoch: 43, Steps: 162 | Train Loss: 0.2513717 Vali Loss: 0.5228046 Test Loss: 0.4548507
EarlyStopping counter: 2 out of 20
Updating learning rate to 8.221601946362266e-05
	iters: 100, epoch: 44 | loss: 0.2504456
	speed: 0.3654s/iter; left time: 15176.3253s
Epoch: 44 cost time: 15.616554498672485
Epoch: 44, Steps: 162 | Train Loss: 0.2477503 Vali Loss: 0.5312862 Test Loss: 0.4596519
EarlyStopping counter: 3 out of 20
Updating learning rate to 8.412672380243407e-05
	iters: 100, epoch: 45 | loss: 0.2579145
	speed: 0.3768s/iter; left time: 15588.5855s
Epoch: 45 cost time: 17.932045698165894
Epoch: 45, Steps: 162 | Train Loss: 0.2440362 Vali Loss: 0.5058219 Test Loss: 0.4420280
Validation loss decreased (0.520192 --> 0.505822).  Saving model ...
Updating learning rate to 8.59493529070005e-05
	iters: 100, epoch: 46 | loss: 0.2518291
	speed: 0.3982s/iter; left time: 16410.5587s
Epoch: 46 cost time: 16.158873319625854
Epoch: 46, Steps: 162 | Train Loss: 0.2410128 Vali Loss: 0.5218208 Test Loss: 0.4551186
EarlyStopping counter: 1 out of 20
Updating learning rate to 8.767891004979032e-05
	iters: 100, epoch: 47 | loss: 0.2342626
	speed: 0.3599s/iter; left time: 14771.8670s
Epoch: 47 cost time: 15.449971437454224
Epoch: 47, Steps: 162 | Train Loss: 0.2393291 Vali Loss: 0.5186272 Test Loss: 0.4501790
EarlyStopping counter: 2 out of 20
Updating learning rate to 8.931065365953633e-05
	iters: 100, epoch: 48 | loss: 0.2394407
	speed: 0.3371s/iter; left time: 13781.4506s
Epoch: 48 cost time: 16.17984175682068
Epoch: 48, Steps: 162 | Train Loss: 0.2356215 Vali Loss: 0.5207388 Test Loss: 0.4641777
EarlyStopping counter: 3 out of 20
Updating learning rate to 9.084011032022693e-05
	iters: 100, epoch: 49 | loss: 0.2154384
	speed: 0.3808s/iter; left time: 15508.9155s
Epoch: 49 cost time: 15.936829090118408
Epoch: 49, Steps: 162 | Train Loss: 0.2327923 Vali Loss: 0.4964488 Test Loss: 0.4263268
Validation loss decreased (0.505822 --> 0.496449).  Saving model ...
Updating learning rate to 9.226308703495137e-05
	iters: 100, epoch: 50 | loss: 0.2394341
	speed: 0.3255s/iter; left time: 13205.0013s
Epoch: 50 cost time: 16.16675901412964
Epoch: 50, Steps: 162 | Train Loss: 0.2292972 Vali Loss: 0.4967895 Test Loss: 0.4366914
EarlyStopping counter: 1 out of 20
Updating learning rate to 9.357568272097723e-05
	iters: 100, epoch: 51 | loss: 0.2267894
	speed: 0.3933s/iter; left time: 15891.4910s
Epoch: 51 cost time: 16.360503911972046
Epoch: 51, Steps: 162 | Train Loss: 0.2279471 Vali Loss: 0.4992419 Test Loss: 0.4355173
EarlyStopping counter: 2 out of 20
Updating learning rate to 9.477429890454705e-05
	iters: 100, epoch: 52 | loss: 0.2309305
	speed: 0.3735s/iter; left time: 15028.4703s
Epoch: 52 cost time: 16.876101970672607
Epoch: 52, Steps: 162 | Train Loss: 0.2258884 Vali Loss: 0.5033114 Test Loss: 0.4403756
EarlyStopping counter: 3 out of 20
Updating learning rate to 9.585564958607415e-05
	iters: 100, epoch: 53 | loss: 0.2179947
	speed: 0.3467s/iter; left time: 13896.6742s
Epoch: 53 cost time: 13.796521186828613
Epoch: 53, Steps: 162 | Train Loss: 0.2239553 Vali Loss: 0.5060130 Test Loss: 0.4371081
EarlyStopping counter: 4 out of 20
Updating learning rate to 9.681677024869202e-05
	iters: 100, epoch: 54 | loss: 0.2164408
	speed: 0.3747s/iter; left time: 14954.9930s
Epoch: 54 cost time: 17.514641284942627
Epoch: 54, Steps: 162 | Train Loss: 0.2208873 Vali Loss: 0.4869775 Test Loss: 0.4236965
Validation loss decreased (0.496449 --> 0.486978).  Saving model ...
Updating learning rate to 9.765502598546096e-05
	iters: 100, epoch: 55 | loss: 0.2126277
	speed: 0.3540s/iter; left time: 14071.3544s
Epoch: 55 cost time: 13.180422306060791
Epoch: 55, Steps: 162 | Train Loss: 0.2178474 Vali Loss: 0.4855528 Test Loss: 0.4228629
Validation loss decreased (0.486978 --> 0.485553).  Saving model ...
Updating learning rate to 9.836811872295064e-05
	iters: 100, epoch: 56 | loss: 0.2067850
	speed: 0.3598s/iter; left time: 14246.4990s
Epoch: 56 cost time: 16.114785194396973
Epoch: 56, Steps: 162 | Train Loss: 0.2171871 Vali Loss: 0.4770148 Test Loss: 0.4139110
Validation loss decreased (0.485553 --> 0.477015).  Saving model ...
Updating learning rate to 9.895409352139572e-05
	iters: 100, epoch: 57 | loss: 0.1973006
	speed: 0.3635s/iter; left time: 14333.7276s
Epoch: 57 cost time: 18.51565933227539
Epoch: 57, Steps: 162 | Train Loss: 0.2137442 Vali Loss: 0.4738802 Test Loss: 0.4033768
Validation loss decreased (0.477015 --> 0.473880).  Saving model ...
Updating learning rate to 9.941134393415218e-05
	iters: 100, epoch: 58 | loss: 0.2075813
	speed: 0.3962s/iter; left time: 15557.4905s
Epoch: 58 cost time: 17.361976146697998
Epoch: 58, Steps: 162 | Train Loss: 0.2134891 Vali Loss: 0.4760251 Test Loss: 0.4111277
EarlyStopping counter: 1 out of 20
Updating learning rate to 9.973861641176196e-05
	iters: 100, epoch: 59 | loss: 0.2094767
	speed: 0.3893s/iter; left time: 15223.8253s
Epoch: 59 cost time: 16.809869527816772
Epoch: 59, Steps: 162 | Train Loss: 0.2106411 Vali Loss: 0.4685029 Test Loss: 0.4052940
Validation loss decreased (0.473880 --> 0.468503).  Saving model ...
Updating learning rate to 9.993501373855176e-05
	iters: 100, epoch: 60 | loss: 0.2078127
	speed: 0.3661s/iter; left time: 14256.4549s
Epoch: 60 cost time: 15.199776411056519
Epoch: 60, Steps: 162 | Train Loss: 0.2090834 Vali Loss: 0.4784741 Test Loss: 0.4065270
EarlyStopping counter: 1 out of 20
Updating learning rate to 9.999999983677544e-05
	iters: 100, epoch: 61 | loss: 0.2023004
	speed: 0.3662s/iter; left time: 14200.6364s
Epoch: 61 cost time: 15.327810525894165
Epoch: 61, Steps: 162 | Train Loss: 0.2081241 Vali Loss: 0.4692079 Test Loss: 0.4063933
EarlyStopping counter: 2 out of 20
Updating learning rate to 9.999566334937742e-05
	iters: 100, epoch: 62 | loss: 0.2114396
	speed: 0.3771s/iter; left time: 14565.0450s
Epoch: 62 cost time: 17.383427619934082
Epoch: 62, Steps: 162 | Train Loss: 0.2058466 Vali Loss: 0.4668803 Test Loss: 0.3987131
Validation loss decreased (0.468503 --> 0.466880).  Saving model ...
Updating learning rate to 9.998276039671182e-05
	iters: 100, epoch: 63 | loss: 0.1873518
	speed: 0.3657s/iter; left time: 14065.2619s
Epoch: 63 cost time: 15.866950035095215
Epoch: 63, Steps: 162 | Train Loss: 0.2031073 Vali Loss: 0.4653539 Test Loss: 0.3958726
Validation loss decreased (0.466880 --> 0.465354).  Saving model ...
Updating learning rate to 9.996129318963316e-05
	iters: 100, epoch: 64 | loss: 0.2020051
	speed: 0.3784s/iter; left time: 14490.2880s
Epoch: 64 cost time: 18.272892951965332
Epoch: 64, Steps: 162 | Train Loss: 0.2020647 Vali Loss: 0.4622680 Test Loss: 0.3946877
Validation loss decreased (0.465354 --> 0.462268).  Saving model ...
Updating learning rate to 9.993126540643689e-05
	iters: 100, epoch: 65 | loss: 0.2065466
	speed: 0.3847s/iter; left time: 14669.6414s
Epoch: 65 cost time: 15.3809335231781
Epoch: 65, Steps: 162 | Train Loss: 0.2007268 Vali Loss: 0.4783095 Test Loss: 0.4164883
EarlyStopping counter: 1 out of 20
Updating learning rate to 9.989268219222903e-05
	iters: 100, epoch: 66 | loss: 0.2131930
	speed: 0.3697s/iter; left time: 14038.6153s
Epoch: 66 cost time: 17.052003383636475
Epoch: 66, Steps: 162 | Train Loss: 0.1990601 Vali Loss: 0.4703841 Test Loss: 0.3983314
EarlyStopping counter: 2 out of 20
Updating learning rate to 9.984555015804473e-05
	iters: 100, epoch: 67 | loss: 0.1902584
	speed: 0.3760s/iter; left time: 14214.6708s
Epoch: 67 cost time: 18.56088161468506
Epoch: 67, Steps: 162 | Train Loss: 0.1972208 Vali Loss: 0.4610298 Test Loss: 0.4027486
Validation loss decreased (0.462268 --> 0.461030).  Saving model ...
Updating learning rate to 9.978987737971543e-05
	iters: 100, epoch: 68 | loss: 0.1977598
	speed: 0.3711s/iter; left time: 13969.7620s
Epoch: 68 cost time: 15.250702857971191
Epoch: 68, Steps: 162 | Train Loss: 0.1962568 Vali Loss: 0.4647046 Test Loss: 0.3970594
EarlyStopping counter: 1 out of 20
Updating learning rate to 9.972567339648507e-05
	iters: 100, epoch: 69 | loss: 0.1824512
	speed: 0.3685s/iter; left time: 13812.3489s
Epoch: 69 cost time: 17.338910341262817
Epoch: 69, Steps: 162 | Train Loss: 0.1954071 Vali Loss: 0.4571756 Test Loss: 0.3876149
Validation loss decreased (0.461030 --> 0.457176).  Saving model ...
Updating learning rate to 9.965294920937565e-05
	iters: 100, epoch: 70 | loss: 0.1897524
	speed: 0.3801s/iter; left time: 14187.5975s
Epoch: 70 cost time: 17.348607540130615
Epoch: 70, Steps: 162 | Train Loss: 0.1941687 Vali Loss: 0.4553298 Test Loss: 0.3876151
Validation loss decreased (0.457176 --> 0.455330).  Saving model ...
Updating learning rate to 9.957171727930228e-05
	iters: 100, epoch: 71 | loss: 0.1978672
	speed: 0.4054s/iter; left time: 15065.8127s
Epoch: 71 cost time: 16.64591336250305
Epoch: 71, Steps: 162 | Train Loss: 0.1925301 Vali Loss: 0.4768182 Test Loss: 0.4136698
EarlyStopping counter: 1 out of 20
Updating learning rate to 9.948199152493794e-05
	iters: 100, epoch: 72 | loss: 0.1825908
	speed: 0.3818s/iter; left time: 14126.1308s
Epoch: 72 cost time: 16.249460697174072
Epoch: 72, Steps: 162 | Train Loss: 0.1917690 Vali Loss: 0.4448802 Test Loss: 0.3812276
Validation loss decreased (0.455330 --> 0.444880).  Saving model ...
Updating learning rate to 9.938378732032877e-05
	iters: 100, epoch: 73 | loss: 0.1854811
	speed: 0.3480s/iter; left time: 12817.4503s
Epoch: 73 cost time: 14.34530758857727
Epoch: 73, Steps: 162 | Train Loss: 0.1903117 Vali Loss: 0.4592172 Test Loss: 0.3919776
EarlyStopping counter: 1 out of 20
Updating learning rate to 9.927712149225967e-05
	iters: 100, epoch: 74 | loss: 0.1901381
	speed: 0.3692s/iter; left time: 13540.4710s
Epoch: 74 cost time: 16.939568042755127
Epoch: 74, Steps: 162 | Train Loss: 0.1885730 Vali Loss: 0.4471625 Test Loss: 0.3800305
EarlyStopping counter: 2 out of 20
Updating learning rate to 9.916201231737116e-05
	iters: 100, epoch: 75 | loss: 0.1906127
	speed: 0.3512s/iter; left time: 12822.6744s
Epoch: 75 cost time: 15.456117868423462
Epoch: 75, Steps: 162 | Train Loss: 0.1882061 Vali Loss: 0.4592716 Test Loss: 0.3911991
EarlyStopping counter: 3 out of 20
Updating learning rate to 9.903847951902777e-05
	iters: 100, epoch: 76 | loss: 0.1840717
	speed: 0.3955s/iter; left time: 14376.9416s
Epoch: 76 cost time: 18.477553129196167
Epoch: 76, Steps: 162 | Train Loss: 0.1865275 Vali Loss: 0.4494627 Test Loss: 0.3788286
EarlyStopping counter: 4 out of 20
Updating learning rate to 9.890654426393853e-05
	iters: 100, epoch: 77 | loss: 0.1816498
	speed: 0.4041s/iter; left time: 14625.5875s
Epoch: 77 cost time: 18.492554426193237
Epoch: 77, Steps: 162 | Train Loss: 0.1855009 Vali Loss: 0.4453267 Test Loss: 0.3863104
EarlyStopping counter: 5 out of 20
Updating learning rate to 9.876622915853023e-05
	iters: 100, epoch: 78 | loss: 0.1836231
	speed: 0.3609s/iter; left time: 13002.2340s
Epoch: 78 cost time: 14.639179706573486
Epoch: 78, Steps: 162 | Train Loss: 0.1854069 Vali Loss: 0.4505463 Test Loss: 0.3845715
EarlyStopping counter: 6 out of 20
Updating learning rate to 9.86175582450738e-05
	iters: 100, epoch: 79 | loss: 0.1788084
	speed: 0.3895s/iter; left time: 13969.6598s
Epoch: 79 cost time: 16.499189853668213
Epoch: 79, Steps: 162 | Train Loss: 0.1831901 Vali Loss: 0.4495279 Test Loss: 0.3792447
EarlyStopping counter: 7 out of 20
Updating learning rate to 9.846055699756494e-05
	iters: 100, epoch: 80 | loss: 0.1724760
	speed: 0.3586s/iter; left time: 12803.1942s
Epoch: 80 cost time: 14.826277017593384
Epoch: 80, Steps: 162 | Train Loss: 0.1822066 Vali Loss: 0.4489195 Test Loss: 0.3762096
EarlyStopping counter: 8 out of 20
Updating learning rate to 9.829525231735914e-05
	iters: 100, epoch: 81 | loss: 0.1862135
	speed: 0.3659s/iter; left time: 13005.4561s
Epoch: 81 cost time: 14.379772186279297
Epoch: 81, Steps: 162 | Train Loss: 0.1817532 Vali Loss: 0.4463443 Test Loss: 0.3811541
EarlyStopping counter: 9 out of 20
Updating learning rate to 9.812167252856236e-05
	iters: 100, epoch: 82 | loss: 0.1778758
	speed: 0.3786s/iter; left time: 13395.8739s
Epoch: 82 cost time: 18.93891167640686
Epoch: 82, Steps: 162 | Train Loss: 0.1804447 Vali Loss: 0.4390931 Test Loss: 0.3846288
Validation loss decreased (0.444880 --> 0.439093).  Saving model ...
Updating learning rate to 9.793984737317784e-05
	iters: 100, epoch: 83 | loss: 0.1783024
	speed: 0.3820s/iter; left time: 13453.9408s
Epoch: 83 cost time: 16.911296367645264
Epoch: 83, Steps: 162 | Train Loss: 0.1803662 Vali Loss: 0.4407535 Test Loss: 0.3784305
EarlyStopping counter: 1 out of 20
Updating learning rate to 9.774980800600991e-05
	iters: 100, epoch: 84 | loss: 0.1840428
	speed: 0.3916s/iter; left time: 13729.2735s
Epoch: 84 cost time: 17.369847297668457
Epoch: 84, Steps: 162 | Train Loss: 0.1781268 Vali Loss: 0.4518302 Test Loss: 0.3891144
EarlyStopping counter: 2 out of 20
Updating learning rate to 9.755158698932579e-05
	iters: 100, epoch: 85 | loss: 0.1788084
	speed: 0.3636s/iter; left time: 12688.8321s
Epoch: 85 cost time: 16.21425151824951
Epoch: 85, Steps: 162 | Train Loss: 0.1778103 Vali Loss: 0.4611376 Test Loss: 0.3962935
EarlyStopping counter: 3 out of 20
Updating learning rate to 9.734521828727626e-05
	iters: 100, epoch: 86 | loss: 0.1760854
	speed: 0.3001s/iter; left time: 10421.7412s
Epoch: 86 cost time: 13.917491912841797
Epoch: 86, Steps: 162 | Train Loss: 0.1771135 Vali Loss: 0.4417076 Test Loss: 0.3763913
EarlyStopping counter: 4 out of 20
Updating learning rate to 9.713073726007603e-05
	iters: 100, epoch: 87 | loss: 0.1781029
	speed: 0.3565s/iter; left time: 12325.5656s
Epoch: 87 cost time: 16.681076288223267
Epoch: 87, Steps: 162 | Train Loss: 0.1756194 Vali Loss: 0.4442289 Test Loss: 0.3795367
EarlyStopping counter: 5 out of 20
Updating learning rate to 9.690818065794496e-05
	iters: 100, epoch: 88 | loss: 0.1651320
	speed: 0.3508s/iter; left time: 12068.2847s
Epoch: 88 cost time: 12.996141195297241
Epoch: 88, Steps: 162 | Train Loss: 0.1753216 Vali Loss: 0.4434309 Test Loss: 0.3766444
EarlyStopping counter: 6 out of 20
Updating learning rate to 9.667758661481108e-05
	iters: 100, epoch: 89 | loss: 0.1692730
	speed: 0.3504s/iter; left time: 12000.8548s
Epoch: 89 cost time: 15.540410041809082
Epoch: 89, Steps: 162 | Train Loss: 0.1736462 Vali Loss: 0.4551321 Test Loss: 0.3882222
EarlyStopping counter: 7 out of 20
Updating learning rate to 9.64389946417766e-05
	iters: 100, epoch: 90 | loss: 0.1637476
	speed: 0.3705s/iter; left time: 12628.0095s
Epoch: 90 cost time: 16.10278606414795
Epoch: 90, Steps: 162 | Train Loss: 0.1732430 Vali Loss: 0.4409454 Test Loss: 0.3779617
EarlyStopping counter: 8 out of 20
Updating learning rate to 9.619244562034782e-05
	iters: 100, epoch: 91 | loss: 0.1772765
	speed: 0.3626s/iter; left time: 12300.4252s
Epoch: 91 cost time: 15.62714695930481
Epoch: 91, Steps: 162 | Train Loss: 0.1725233 Vali Loss: 0.4427899 Test Loss: 0.3771329
EarlyStopping counter: 9 out of 20
Updating learning rate to 9.593798179543034e-05
	iters: 100, epoch: 92 | loss: 0.1758702
	speed: 0.3746s/iter; left time: 12647.2455s
Epoch: 92 cost time: 18.117908239364624
Epoch: 92, Steps: 162 | Train Loss: 0.1718032 Vali Loss: 0.4430258 Test Loss: 0.3776282
EarlyStopping counter: 10 out of 20
Updating learning rate to 9.567564676809054e-05
	iters: 100, epoch: 93 | loss: 0.1630473
	speed: 0.3783s/iter; left time: 12708.6270s
Epoch: 93 cost time: 15.452425003051758
Epoch: 93, Steps: 162 | Train Loss: 0.1716481 Vali Loss: 0.4375215 Test Loss: 0.3726218
Validation loss decreased (0.439093 --> 0.437522).  Saving model ...
Updating learning rate to 9.540548548808487e-05
	iters: 100, epoch: 94 | loss: 0.1758311
	speed: 0.3476s/iter; left time: 11621.5163s
Epoch: 94 cost time: 15.929280281066895
Epoch: 94, Steps: 162 | Train Loss: 0.1701221 Vali Loss: 0.4303026 Test Loss: 0.3658720
Validation loss decreased (0.437522 --> 0.430303).  Saving model ...
Updating learning rate to 9.512754424615788e-05
	iters: 100, epoch: 95 | loss: 0.1625528
	speed: 0.3647s/iter; left time: 12136.1243s
Epoch: 95 cost time: 15.436411619186401
Epoch: 95, Steps: 162 | Train Loss: 0.1700308 Vali Loss: 0.4449335 Test Loss: 0.3758227
EarlyStopping counter: 1 out of 20
Updating learning rate to 9.48418706661105e-05
	iters: 100, epoch: 96 | loss: 0.1697603
	speed: 0.3656s/iter; left time: 12105.0489s
Epoch: 96 cost time: 16.590933322906494
Epoch: 96, Steps: 162 | Train Loss: 0.1681468 Vali Loss: 0.4363308 Test Loss: 0.3719371
EarlyStopping counter: 2 out of 20
Updating learning rate to 9.454851369664004e-05
	iters: 100, epoch: 97 | loss: 0.1615235
	speed: 0.3641s/iter; left time: 11998.1831s
Epoch: 97 cost time: 16.68448543548584
Epoch: 97, Steps: 162 | Train Loss: 0.1673006 Vali Loss: 0.4416713 Test Loss: 0.3709755
EarlyStopping counter: 3 out of 20
Updating learning rate to 9.4247523602953e-05
	iters: 100, epoch: 98 | loss: 0.1585377
	speed: 0.3973s/iter; left time: 13027.4546s
Epoch: 98 cost time: 16.624063968658447
Epoch: 98, Steps: 162 | Train Loss: 0.1668502 Vali Loss: 0.4378552 Test Loss: 0.3705900
EarlyStopping counter: 4 out of 20
Updating learning rate to 9.393895195815245e-05
	iters: 100, epoch: 99 | loss: 0.1597132
	speed: 0.3586s/iter; left time: 11699.6277s
Epoch: 99 cost time: 16.358301639556885
Epoch: 99, Steps: 162 | Train Loss: 0.1661466 Vali Loss: 0.4337775 Test Loss: 0.3656100
EarlyStopping counter: 5 out of 20
Updating learning rate to 9.362285163440118e-05
	iters: 100, epoch: 100 | loss: 0.1628648
	speed: 0.3736s/iter; left time: 12129.6752s
Epoch: 100 cost time: 15.29023790359497
Epoch: 100, Steps: 162 | Train Loss: 0.1656024 Vali Loss: 0.4347095 Test Loss: 0.3728833
EarlyStopping counter: 6 out of 20
Updating learning rate to 9.329927679386236e-05
	iters: 100, epoch: 101 | loss: 0.1641915
	speed: 0.3706s/iter; left time: 11971.3550s
Epoch: 101 cost time: 17.406155586242676
Epoch: 101, Steps: 162 | Train Loss: 0.1641311 Vali Loss: 0.4287823 Test Loss: 0.3622212
Validation loss decreased (0.430303 --> 0.428782).  Saving model ...
Updating learning rate to 9.296828287941918e-05
	iters: 100, epoch: 102 | loss: 0.1676231
	speed: 0.3527s/iter; left time: 11334.6681s
Epoch: 102 cost time: 15.46690583229065
Epoch: 102, Steps: 162 | Train Loss: 0.1637627 Vali Loss: 0.4327917 Test Loss: 0.3672169
EarlyStopping counter: 1 out of 20
Updating learning rate to 9.262992660517492e-05
	iters: 100, epoch: 103 | loss: 0.1703530
	speed: 0.3758s/iter; left time: 12017.7549s
Epoch: 103 cost time: 17.515700101852417
Epoch: 103, Steps: 162 | Train Loss: 0.1628646 Vali Loss: 0.4304249 Test Loss: 0.3651698
EarlyStopping counter: 2 out of 20
Updating learning rate to 9.22842659467353e-05
	iters: 100, epoch: 104 | loss: 0.1554007
	speed: 0.3683s/iter; left time: 11715.9815s
Epoch: 104 cost time: 16.303925275802612
Epoch: 104, Steps: 162 | Train Loss: 0.1629493 Vali Loss: 0.4383602 Test Loss: 0.3667058
EarlyStopping counter: 3 out of 20
Updating learning rate to 9.193136013127464e-05
	iters: 100, epoch: 105 | loss: 0.1678644
	speed: 0.3962s/iter; left time: 12542.3133s
Epoch: 105 cost time: 16.63121461868286
Epoch: 105, Steps: 162 | Train Loss: 0.1616579 Vali Loss: 0.4388033 Test Loss: 0.3708704
EarlyStopping counter: 4 out of 20
Updating learning rate to 9.157126962738771e-05
	iters: 100, epoch: 106 | loss: 0.1605367
	speed: 0.3863s/iter; left time: 12164.8176s
Epoch: 106 cost time: 16.108042240142822
Epoch: 106, Steps: 162 | Train Loss: 0.1606531 Vali Loss: 0.4431693 Test Loss: 0.3751224
EarlyStopping counter: 5 out of 20
Updating learning rate to 9.120405613472858e-05
	iters: 100, epoch: 107 | loss: 0.1606441
	speed: 0.3566s/iter; left time: 11173.2435s
Epoch: 107 cost time: 15.523736715316772
Epoch: 107, Steps: 162 | Train Loss: 0.1605747 Vali Loss: 0.4321222 Test Loss: 0.3722639
EarlyStopping counter: 6 out of 20
Updating learning rate to 9.082978257343878e-05
	iters: 100, epoch: 108 | loss: 0.1529651
	speed: 0.3993s/iter; left time: 12446.2576s
Epoch: 108 cost time: 16.798349857330322
Epoch: 108, Steps: 162 | Train Loss: 0.1597622 Vali Loss: 0.4342094 Test Loss: 0.3686225
EarlyStopping counter: 7 out of 20
Updating learning rate to 9.04485130733663e-05
	iters: 100, epoch: 109 | loss: 0.1666257
	speed: 0.3293s/iter; left time: 10208.9468s
Epoch: 109 cost time: 16.64395236968994
Epoch: 109, Steps: 162 | Train Loss: 0.1597117 Vali Loss: 0.4364841 Test Loss: 0.3709470
EarlyStopping counter: 8 out of 20
Updating learning rate to 9.00603129630772e-05
	iters: 100, epoch: 110 | loss: 0.1575079
	speed: 0.3817s/iter; left time: 11772.4837s
Epoch: 110 cost time: 17.03397011756897
Epoch: 110, Steps: 162 | Train Loss: 0.1585888 Vali Loss: 0.4306875 Test Loss: 0.3679495
EarlyStopping counter: 9 out of 20
Updating learning rate to 8.966524875866187e-05
	iters: 100, epoch: 111 | loss: 0.1554745
	speed: 0.3887s/iter; left time: 11925.4455s
Epoch: 111 cost time: 17.849385499954224
Epoch: 111, Steps: 162 | Train Loss: 0.1574397 Vali Loss: 0.4262526 Test Loss: 0.3658217
Validation loss decreased (0.428782 --> 0.426253).  Saving model ...
Updating learning rate to 8.926338815233798e-05
	iters: 100, epoch: 112 | loss: 0.1582919
	speed: 0.3804s/iter; left time: 11609.3008s
Epoch: 112 cost time: 15.241421699523926
Epoch: 112, Steps: 162 | Train Loss: 0.1573219 Vali Loss: 0.4248760 Test Loss: 0.3594412
Validation loss decreased (0.426253 --> 0.424876).  Saving model ...
Updating learning rate to 8.885480000085163e-05
	iters: 100, epoch: 113 | loss: 0.1598837
	speed: 0.3887s/iter; left time: 11800.3733s
Epoch: 113 cost time: 16.50212550163269
Epoch: 113, Steps: 162 | Train Loss: 0.1572310 Vali Loss: 0.4389584 Test Loss: 0.3778054
EarlyStopping counter: 1 out of 20
Updating learning rate to 8.843955431367917e-05
	iters: 100, epoch: 114 | loss: 0.1564996
	speed: 0.3362s/iter; left time: 10151.4448s
Epoch: 114 cost time: 14.397031545639038
Epoch: 114, Steps: 162 | Train Loss: 0.1557488 Vali Loss: 0.4269754 Test Loss: 0.3636211
EarlyStopping counter: 2 out of 20
Updating learning rate to 8.801772224103141e-05
	iters: 100, epoch: 115 | loss: 0.1571673
	speed: 0.3883s/iter; left time: 11663.1176s
Epoch: 115 cost time: 16.10476040840149
Epoch: 115, Steps: 162 | Train Loss: 0.1551672 Vali Loss: 0.4334143 Test Loss: 0.3690094
EarlyStopping counter: 3 out of 20
Updating learning rate to 8.758937606166237e-05
	iters: 100, epoch: 116 | loss: 0.1533181
	speed: 0.3678s/iter; left time: 10985.9205s
Epoch: 116 cost time: 16.851752996444702
Epoch: 116, Steps: 162 | Train Loss: 0.1543872 Vali Loss: 0.4298654 Test Loss: 0.3664471
EarlyStopping counter: 4 out of 20
Updating learning rate to 8.715458917048476e-05
	iters: 100, epoch: 117 | loss: 0.1576366
	speed: 0.3707s/iter; left time: 11011.9690s
Epoch: 117 cost time: 16.889500617980957
Epoch: 117, Steps: 162 | Train Loss: 0.1545101 Vali Loss: 0.4271433 Test Loss: 0.3594776
EarlyStopping counter: 5 out of 20
Updating learning rate to 8.671343606599413e-05
	iters: 100, epoch: 118 | loss: 0.1547027
	speed: 0.4037s/iter; left time: 11927.5501s
Epoch: 118 cost time: 18.649608850479126
Epoch: 118, Steps: 162 | Train Loss: 0.1533913 Vali Loss: 0.4260235 Test Loss: 0.3627612
EarlyStopping counter: 6 out of 20
Updating learning rate to 8.626599233750384e-05
	iters: 100, epoch: 119 | loss: 0.1488023
	speed: 0.3588s/iter; left time: 10543.8254s
Epoch: 119 cost time: 15.59639286994934
Epoch: 119, Steps: 162 | Train Loss: 0.1528467 Vali Loss: 0.4292257 Test Loss: 0.3626728
EarlyStopping counter: 7 out of 20
Updating learning rate to 8.581233465219332e-05
	iters: 100, epoch: 120 | loss: 0.1578827
	speed: 0.3884s/iter; left time: 11349.9759s
Epoch: 120 cost time: 15.826771020889282
Epoch: 120, Steps: 162 | Train Loss: 0.1526176 Vali Loss: 0.4299101 Test Loss: 0.3637866
EarlyStopping counter: 8 out of 20
Updating learning rate to 8.535254074197152e-05
	iters: 100, epoch: 121 | loss: 0.1487218
	speed: 0.3621s/iter; left time: 10523.6841s
Epoch: 121 cost time: 16.486384630203247
Epoch: 121, Steps: 162 | Train Loss: 0.1519181 Vali Loss: 0.4271258 Test Loss: 0.3627054
EarlyStopping counter: 9 out of 20
Updating learning rate to 8.488668939015794e-05
	iters: 100, epoch: 122 | loss: 0.1527332
	speed: 0.3370s/iter; left time: 9737.7873s
Epoch: 122 cost time: 13.832709312438965
Epoch: 122, Steps: 162 | Train Loss: 0.1515576 Vali Loss: 0.4265747 Test Loss: 0.3654814
EarlyStopping counter: 10 out of 20
Updating learning rate to 8.441486041798349e-05
	iters: 100, epoch: 123 | loss: 0.1535569
	speed: 0.3904s/iter; left time: 11218.5269s
Epoch: 123 cost time: 18.098117351531982
Epoch: 123, Steps: 162 | Train Loss: 0.1506176 Vali Loss: 0.4273172 Test Loss: 0.3603607
EarlyStopping counter: 11 out of 20
Updating learning rate to 8.393713467091357e-05
	iters: 100, epoch: 124 | loss: 0.1451526
	speed: 0.3781s/iter; left time: 10803.0619s
Epoch: 124 cost time: 17.317310571670532
Epoch: 124, Steps: 162 | Train Loss: 0.1499508 Vali Loss: 0.4305582 Test Loss: 0.3666637
EarlyStopping counter: 12 out of 20
Updating learning rate to 8.345359400479562e-05
	iters: 100, epoch: 125 | loss: 0.1530258
	speed: 0.3920s/iter; left time: 11137.2683s
Epoch: 125 cost time: 16.02472233772278
Epoch: 125, Steps: 162 | Train Loss: 0.1498544 Vali Loss: 0.4217907 Test Loss: 0.3573682
Validation loss decreased (0.424876 --> 0.421791).  Saving model ...
Updating learning rate to 8.296432127183348e-05
	iters: 100, epoch: 126 | loss: 0.1499064
	speed: 0.3766s/iter; left time: 10638.5386s
Epoch: 126 cost time: 16.877814769744873
Epoch: 126, Steps: 162 | Train Loss: 0.1494225 Vali Loss: 0.4308520 Test Loss: 0.3680550
EarlyStopping counter: 1 out of 20
Updating learning rate to 8.246940030639117e-05
	iters: 100, epoch: 127 | loss: 0.1500089
	speed: 0.3433s/iter; left time: 9644.0678s
Epoch: 127 cost time: 14.854961395263672
Epoch: 127, Steps: 162 | Train Loss: 0.1489101 Vali Loss: 0.4217939 Test Loss: 0.3592375
EarlyStopping counter: 2 out of 20
Updating learning rate to 8.196891591062826e-05
	iters: 100, epoch: 128 | loss: 0.1468125
	speed: 0.3934s/iter; left time: 10987.7111s
Epoch: 128 cost time: 18.594141244888306
Epoch: 128, Steps: 162 | Train Loss: 0.1480425 Vali Loss: 0.4275610 Test Loss: 0.3637302
EarlyStopping counter: 3 out of 20
Updating learning rate to 8.146295383996947e-05
	iters: 100, epoch: 129 | loss: 0.1485294
	speed: 0.3455s/iter; left time: 9592.8199s
Epoch: 129 cost time: 13.917341947555542
Epoch: 129, Steps: 162 | Train Loss: 0.1479953 Vali Loss: 0.4219738 Test Loss: 0.3575111
EarlyStopping counter: 4 out of 20
Updating learning rate to 8.09516007884109e-05
	iters: 100, epoch: 130 | loss: 0.1557248
	speed: 0.3677s/iter; left time: 10148.4189s
Epoch: 130 cost time: 17.451495885849
Epoch: 130, Steps: 162 | Train Loss: 0.1469474 Vali Loss: 0.4315661 Test Loss: 0.3657464
EarlyStopping counter: 5 out of 20
Updating learning rate to 8.043494437366546e-05
	iters: 100, epoch: 131 | loss: 0.1481054
	speed: 0.4031s/iter; left time: 11062.8123s
Epoch: 131 cost time: 17.964495182037354
Epoch: 131, Steps: 162 | Train Loss: 0.1465897 Vali Loss: 0.4277743 Test Loss: 0.3608208
EarlyStopping counter: 6 out of 20
Updating learning rate to 7.991307312215012e-05
	iters: 100, epoch: 132 | loss: 0.1419088
	speed: 0.3701s/iter; left time: 10094.9241s
Epoch: 132 cost time: 14.153167963027954
Epoch: 132, Steps: 162 | Train Loss: 0.1462057 Vali Loss: 0.4227754 Test Loss: 0.3571195
EarlyStopping counter: 7 out of 20
Updating learning rate to 7.938607645381716e-05
	iters: 100, epoch: 133 | loss: 0.1479757
	speed: 0.3748s/iter; left time: 10163.6338s
Epoch: 133 cost time: 17.790574312210083
Epoch: 133, Steps: 162 | Train Loss: 0.1457794 Vali Loss: 0.4153426 Test Loss: 0.3529166
Validation loss decreased (0.421791 --> 0.415343).  Saving model ...
Updating learning rate to 7.885404466683276e-05
	iters: 100, epoch: 134 | loss: 0.1472104
	speed: 0.3573s/iter; left time: 9631.3050s
Epoch: 134 cost time: 15.682518005371094
Epoch: 134, Steps: 162 | Train Loss: 0.1454527 Vali Loss: 0.4212161 Test Loss: 0.3573525
EarlyStopping counter: 1 out of 20
Updating learning rate to 7.831706892210469e-05
	iters: 100, epoch: 135 | loss: 0.1445725
	speed: 0.3749s/iter; left time: 10045.7449s
Epoch: 135 cost time: 17.32625961303711
Epoch: 135, Steps: 162 | Train Loss: 0.1444499 Vali Loss: 0.4310493 Test Loss: 0.3681734
EarlyStopping counter: 2 out of 20
Updating learning rate to 7.777524122766246e-05
	iters: 100, epoch: 136 | loss: 0.1513451
	speed: 0.3716s/iter; left time: 9895.4187s
Epoch: 136 cost time: 17.688558101654053
Epoch: 136, Steps: 162 | Train Loss: 0.1442520 Vali Loss: 0.4280544 Test Loss: 0.3589006
EarlyStopping counter: 3 out of 20
Updating learning rate to 7.722865442289218e-05
	iters: 100, epoch: 137 | loss: 0.1498495
	speed: 0.3885s/iter; left time: 10283.0716s
Epoch: 137 cost time: 15.685091733932495
Epoch: 137, Steps: 162 | Train Loss: 0.1432182 Vali Loss: 0.4256618 Test Loss: 0.3616511
EarlyStopping counter: 4 out of 20
Updating learning rate to 7.6677402162629e-05
	iters: 100, epoch: 138 | loss: 0.1380013
	speed: 0.3814s/iter; left time: 10033.9367s
Epoch: 138 cost time: 17.131529808044434
Epoch: 138, Steps: 162 | Train Loss: 0.1437673 Vali Loss: 0.4171148 Test Loss: 0.3541896
EarlyStopping counter: 5 out of 20
Updating learning rate to 7.612157890110985e-05
	iters: 100, epoch: 139 | loss: 0.1474645
	speed: 0.3516s/iter; left time: 9191.7221s
Epoch: 139 cost time: 14.480772972106934
Epoch: 139, Steps: 162 | Train Loss: 0.1428915 Vali Loss: 0.4259065 Test Loss: 0.3598028
EarlyStopping counter: 6 out of 20
Updating learning rate to 7.556127987578924e-05
	iters: 100, epoch: 140 | loss: 0.1495302
	speed: 0.3820s/iter; left time: 9925.1925s
Epoch: 140 cost time: 16.28328585624695
Epoch: 140, Steps: 162 | Train Loss: 0.1424478 Vali Loss: 0.4180472 Test Loss: 0.3588561
EarlyStopping counter: 7 out of 20
Updating learning rate to 7.49966010910207e-05
	iters: 100, epoch: 141 | loss: 0.1465213
	speed: 0.3748s/iter; left time: 9677.5650s
Epoch: 141 cost time: 17.023837089538574
Epoch: 141, Steps: 162 | Train Loss: 0.1425857 Vali Loss: 0.4249074 Test Loss: 0.3580174
EarlyStopping counter: 8 out of 20
Updating learning rate to 7.442763930160704e-05
	iters: 100, epoch: 142 | loss: 0.1344912
	speed: 0.3686s/iter; left time: 9457.2002s
Epoch: 142 cost time: 14.844879388809204
Epoch: 142, Steps: 162 | Train Loss: 0.1416428 Vali Loss: 0.4250143 Test Loss: 0.3638030
EarlyStopping counter: 9 out of 20
Updating learning rate to 7.385449199622187e-05
	iters: 100, epoch: 143 | loss: 0.1437106
	speed: 0.3823s/iter; left time: 9748.5314s
Epoch: 143 cost time: 18.295845985412598
Epoch: 143, Steps: 162 | Train Loss: 0.1412268 Vali Loss: 0.4155446 Test Loss: 0.3559786
EarlyStopping counter: 10 out of 20
Updating learning rate to 7.327725738070535e-05
	iters: 100, epoch: 144 | loss: 0.1442427
	speed: 0.3819s/iter; left time: 9676.0158s
Epoch: 144 cost time: 17.698466300964355
Epoch: 144, Steps: 162 | Train Loss: 0.1413519 Vali Loss: 0.4145399 Test Loss: 0.3548876
Validation loss decreased (0.415343 --> 0.414540).  Saving model ...
Updating learning rate to 7.26960343612373e-05
	iters: 100, epoch: 145 | loss: 0.1363137
	speed: 0.3784s/iter; left time: 9525.1189s
Epoch: 145 cost time: 15.728198528289795
Epoch: 145, Steps: 162 | Train Loss: 0.1409230 Vali Loss: 0.4157127 Test Loss: 0.3514350
EarlyStopping counter: 1 out of 20
Updating learning rate to 7.211092252738989e-05
	iters: 100, epoch: 146 | loss: 0.1491122
	speed: 0.3765s/iter; left time: 9416.8589s
Epoch: 146 cost time: 15.995865821838379
Epoch: 146, Steps: 162 | Train Loss: 0.1399065 Vali Loss: 0.4175676 Test Loss: 0.3570483
EarlyStopping counter: 2 out of 20
Updating learning rate to 7.152202213506373e-05
	iters: 100, epoch: 147 | loss: 0.1261952
	speed: 0.3417s/iter; left time: 8490.4307s
Epoch: 147 cost time: 13.667472839355469
Epoch: 147, Steps: 162 | Train Loss: 0.1397545 Vali Loss: 0.4207399 Test Loss: 0.3615381
EarlyStopping counter: 3 out of 20
Updating learning rate to 7.092943408930938e-05
	iters: 100, epoch: 148 | loss: 0.1397307
	speed: 0.3665s/iter; left time: 9048.2878s
Epoch: 148 cost time: 17.88578510284424
Epoch: 148, Steps: 162 | Train Loss: 0.1393516 Vali Loss: 0.4179835 Test Loss: 0.3573830
EarlyStopping counter: 4 out of 20
Updating learning rate to 7.033325992703781e-05
	iters: 100, epoch: 149 | loss: 0.1353107
	speed: 0.3737s/iter; left time: 9165.9645s
Epoch: 149 cost time: 16.59485125541687
Epoch: 149, Steps: 162 | Train Loss: 0.1386941 Vali Loss: 0.4367732 Test Loss: 0.3725238
EarlyStopping counter: 5 out of 20
Updating learning rate to 6.973360179962263e-05
	iters: 100, epoch: 150 | loss: 0.1346098
	speed: 0.4027s/iter; left time: 9810.2598s
Epoch: 150 cost time: 17.49828314781189
Epoch: 150, Steps: 162 | Train Loss: 0.1384321 Vali Loss: 0.4179482 Test Loss: 0.3546397
EarlyStopping counter: 6 out of 20
Updating learning rate to 6.91305624553969e-05
	iters: 100, epoch: 151 | loss: 0.1340985
	speed: 0.3919s/iter; left time: 9484.4354s
Epoch: 151 cost time: 18.174330472946167
Epoch: 151, Steps: 162 | Train Loss: 0.1377035 Vali Loss: 0.4140061 Test Loss: 0.3520775
Validation loss decreased (0.414540 --> 0.414006).  Saving model ...
Updating learning rate to 6.852424522204782e-05
	iters: 100, epoch: 152 | loss: 0.1333400
	speed: 0.3548s/iter; left time: 8528.7055s
Epoch: 152 cost time: 15.268895387649536
Epoch: 152, Steps: 162 | Train Loss: 0.1376385 Vali Loss: 0.4242367 Test Loss: 0.3635446
EarlyStopping counter: 1 out of 20
Updating learning rate to 6.791475398891201e-05
	iters: 100, epoch: 153 | loss: 0.1366159
	speed: 0.3773s/iter; left time: 9009.6039s
Epoch: 153 cost time: 17.647204160690308
Epoch: 153, Steps: 162 | Train Loss: 0.1374575 Vali Loss: 0.4151137 Test Loss: 0.3580136
EarlyStopping counter: 2 out of 20
Updating learning rate to 6.730219318917454e-05
	iters: 100, epoch: 154 | loss: 0.1393946
	speed: 0.3612s/iter; left time: 8564.9503s
Epoch: 154 cost time: 14.43882942199707
Epoch: 154, Steps: 162 | Train Loss: 0.1367787 Vali Loss: 0.4195763 Test Loss: 0.3532298
EarlyStopping counter: 3 out of 20
Updating learning rate to 6.668666778197503e-05
	iters: 100, epoch: 155 | loss: 0.1415251
	speed: 0.3677s/iter; left time: 8659.3937s
Epoch: 155 cost time: 15.650157690048218
Epoch: 155, Steps: 162 | Train Loss: 0.1363793 Vali Loss: 0.4231126 Test Loss: 0.3606729
EarlyStopping counter: 4 out of 20
Updating learning rate to 6.606828323442324e-05
	iters: 100, epoch: 156 | loss: 0.1390980
	speed: 0.3848s/iter; left time: 9000.2698s
Epoch: 156 cost time: 17.003737926483154
Epoch: 156, Steps: 162 | Train Loss: 0.1362134 Vali Loss: 0.4269454 Test Loss: 0.3647541
EarlyStopping counter: 5 out of 20
Updating learning rate to 6.544714550352795e-05
	iters: 100, epoch: 157 | loss: 0.1331938
	speed: 0.3693s/iter; left time: 8578.0756s
Epoch: 157 cost time: 16.22793960571289
Epoch: 157, Steps: 162 | Train Loss: 0.1362516 Vali Loss: 0.4153738 Test Loss: 0.3545208
EarlyStopping counter: 6 out of 20
Updating learning rate to 6.482336101804174e-05
	iters: 100, epoch: 158 | loss: 0.1282327
	speed: 0.3800s/iter; left time: 8765.6754s
Epoch: 158 cost time: 19.05427360534668
Epoch: 158, Steps: 162 | Train Loss: 0.1357511 Vali Loss: 0.4178455 Test Loss: 0.3551795
EarlyStopping counter: 7 out of 20
Updating learning rate to 6.419703666022491e-05
	iters: 100, epoch: 159 | loss: 0.1347914
	speed: 0.3684s/iter; left time: 8438.2065s
Epoch: 159 cost time: 15.181722402572632
Epoch: 159, Steps: 162 | Train Loss: 0.1350014 Vali Loss: 0.4207784 Test Loss: 0.3579307
EarlyStopping counter: 8 out of 20
Updating learning rate to 6.356827974753187e-05
	iters: 100, epoch: 160 | loss: 0.1277114
	speed: 0.3751s/iter; left time: 8530.5648s
Epoch: 160 cost time: 16.895885944366455
Epoch: 160, Steps: 162 | Train Loss: 0.1347608 Vali Loss: 0.4152108 Test Loss: 0.3542001
EarlyStopping counter: 9 out of 20
Updating learning rate to 6.293719801422277e-05
	iters: 100, epoch: 161 | loss: 0.1314655
	speed: 0.3623s/iter; left time: 8180.3426s
Epoch: 161 cost time: 16.927022695541382
Epoch: 161, Steps: 162 | Train Loss: 0.1345054 Vali Loss: 0.4131235 Test Loss: 0.3516083
Validation loss decreased (0.414006 --> 0.413123).  Saving model ...
Updating learning rate to 6.230389959290377e-05
	iters: 100, epoch: 162 | loss: 0.1345017
	speed: 0.3913s/iter; left time: 8772.2855s
Epoch: 162 cost time: 16.423997402191162
Epoch: 162, Steps: 162 | Train Loss: 0.1340588 Vali Loss: 0.4163341 Test Loss: 0.3579392
EarlyStopping counter: 1 out of 20
Updating learning rate to 6.166849299599915e-05
	iters: 100, epoch: 163 | loss: 0.1325317
	speed: 0.3804s/iter; left time: 8467.0905s
Epoch: 163 cost time: 17.102214097976685
Epoch: 163, Steps: 162 | Train Loss: 0.1337311 Vali Loss: 0.4149960 Test Loss: 0.3516902
EarlyStopping counter: 2 out of 20
Updating learning rate to 6.1031087097158186e-05
	iters: 100, epoch: 164 | loss: 0.1312567
	speed: 0.3875s/iter; left time: 8562.6006s
Epoch: 164 cost time: 15.457233905792236
Epoch: 164, Steps: 162 | Train Loss: 0.1336423 Vali Loss: 0.4194799 Test Loss: 0.3607945
EarlyStopping counter: 3 out of 20
Updating learning rate to 6.0391791112600286e-05
	iters: 100, epoch: 165 | loss: 0.1332674
	speed: 0.3556s/iter; left time: 7799.7275s
Epoch: 165 cost time: 14.19773006439209
Epoch: 165, Steps: 162 | Train Loss: 0.1330771 Vali Loss: 0.4212310 Test Loss: 0.3608288
EarlyStopping counter: 4 out of 20
Updating learning rate to 5.97507145824013e-05
	iters: 100, epoch: 166 | loss: 0.1366120
	speed: 0.3598s/iter; left time: 7833.0948s
Epoch: 166 cost time: 17.483418941497803
Epoch: 166, Steps: 162 | Train Loss: 0.1327218 Vali Loss: 0.4179583 Test Loss: 0.3530103
EarlyStopping counter: 5 out of 20
Updating learning rate to 5.9107967351724435e-05
	iters: 100, epoch: 167 | loss: 0.1342503
	speed: 0.3797s/iter; left time: 8205.1217s
Epoch: 167 cost time: 13.794969320297241
Epoch: 167, Steps: 162 | Train Loss: 0.1326960 Vali Loss: 0.4283481 Test Loss: 0.3635716
EarlyStopping counter: 6 out of 20
Updating learning rate to 5.846365955199874e-05
	iters: 100, epoch: 168 | loss: 0.1382871
	speed: 0.3382s/iter; left time: 7253.4188s
Epoch: 168 cost time: 17.785970211029053
Epoch: 168, Steps: 162 | Train Loss: 0.1321733 Vali Loss: 0.4238532 Test Loss: 0.3627277
EarlyStopping counter: 7 out of 20
Updating learning rate to 5.7817901582048824e-05
	iters: 100, epoch: 169 | loss: 0.1308892
	speed: 0.3801s/iter; left time: 8089.7347s
Epoch: 169 cost time: 16.597033500671387
Epoch: 169, Steps: 162 | Train Loss: 0.1321992 Vali Loss: 0.4212304 Test Loss: 0.3592324
EarlyStopping counter: 8 out of 20
Updating learning rate to 5.717080408917847e-05
	iters: 100, epoch: 170 | loss: 0.1339832
	speed: 0.3827s/iter; left time: 8084.2047s
Epoch: 170 cost time: 16.996237993240356
Epoch: 170, Steps: 162 | Train Loss: 0.1314693 Vali Loss: 0.4117364 Test Loss: 0.3533089
Validation loss decreased (0.413123 --> 0.411736).  Saving model ...
Updating learning rate to 5.652247795021178e-05
	iters: 100, epoch: 171 | loss: 0.1370621
	speed: 0.3643s/iter; left time: 7636.2941s
Epoch: 171 cost time: 16.42122173309326
Epoch: 171, Steps: 162 | Train Loss: 0.1312643 Vali Loss: 0.4212410 Test Loss: 0.3567254
EarlyStopping counter: 1 out of 20
Updating learning rate to 5.5873034252495126e-05
	iters: 100, epoch: 172 | loss: 0.1315370
	speed: 0.3806s/iter; left time: 7915.1138s
Epoch: 172 cost time: 13.837665319442749
Epoch: 172, Steps: 162 | Train Loss: 0.1310657 Vali Loss: 0.4203878 Test Loss: 0.3586392
EarlyStopping counter: 2 out of 20
Updating learning rate to 5.522258427486274e-05
	iters: 100, epoch: 173 | loss: 0.1331994
	speed: 0.3488s/iter; left time: 7198.3942s
Epoch: 173 cost time: 16.99577784538269
Epoch: 173, Steps: 162 | Train Loss: 0.1310450 Vali Loss: 0.4169172 Test Loss: 0.3563101
EarlyStopping counter: 3 out of 20
Updating learning rate to 5.4571239468569746e-05
	iters: 100, epoch: 174 | loss: 0.1349755
	speed: 0.3806s/iter; left time: 7793.0398s
Epoch: 174 cost time: 15.995750188827515
Epoch: 174, Steps: 162 | Train Loss: 0.1302862 Vali Loss: 0.4165433 Test Loss: 0.3570232
EarlyStopping counter: 4 out of 20
Updating learning rate to 5.39191114381956e-05
	iters: 100, epoch: 175 | loss: 0.1269262
	speed: 0.3800s/iter; left time: 7718.0403s
Epoch: 175 cost time: 18.086827516555786
Epoch: 175, Steps: 162 | Train Loss: 0.1301191 Vali Loss: 0.4114810 Test Loss: 0.3541162
Validation loss decreased (0.411736 --> 0.411481).  Saving model ...
Updating learning rate to 5.326631192252113e-05
	iters: 100, epoch: 176 | loss: 0.1327050
	speed: 0.3732s/iter; left time: 7519.7124s
Epoch: 176 cost time: 17.50850558280945
Epoch: 176, Steps: 162 | Train Loss: 0.1302351 Vali Loss: 0.4194057 Test Loss: 0.3581705
EarlyStopping counter: 1 out of 20
Updating learning rate to 5.2612952775382716e-05
	iters: 100, epoch: 177 | loss: 0.1287120
	speed: 0.3886s/iter; left time: 7768.2818s
Epoch: 177 cost time: 15.041919946670532
Epoch: 177, Steps: 162 | Train Loss: 0.1295911 Vali Loss: 0.4098224 Test Loss: 0.3490497
Validation loss decreased (0.411481 --> 0.409822).  Saving model ...
Updating learning rate to 5.1959145946506753e-05
	iters: 100, epoch: 178 | loss: 0.1294520
	speed: 0.3454s/iter; left time: 6849.1549s
Epoch: 178 cost time: 16.987801790237427
Epoch: 178, Steps: 162 | Train Loss: 0.1292296 Vali Loss: 0.4152724 Test Loss: 0.3516364
EarlyStopping counter: 1 out of 20
Updating learning rate to 5.1305003462327516e-05
	iters: 100, epoch: 179 | loss: 0.1355194
	speed: 0.3696s/iter; left time: 7268.0090s
Epoch: 179 cost time: 15.752854585647583
Epoch: 179, Steps: 162 | Train Loss: 0.1289851 Vali Loss: 0.4190323 Test Loss: 0.3563783
EarlyStopping counter: 2 out of 20
Updating learning rate to 5.065063740679216e-05
	iters: 100, epoch: 180 | loss: 0.1253245
	speed: 0.3747s/iter; left time: 7306.9038s
Epoch: 180 cost time: 17.996201038360596
Epoch: 180, Steps: 162 | Train Loss: 0.1289354 Vali Loss: 0.4184171 Test Loss: 0.3579375
EarlyStopping counter: 3 out of 20
Updating learning rate to 4.999615990215562e-05
	iters: 100, epoch: 181 | loss: 0.1289984
	speed: 0.3862s/iter; left time: 7470.3274s
Epoch: 181 cost time: 16.95454978942871
Epoch: 181, Steps: 162 | Train Loss: 0.1285352 Vali Loss: 0.4173215 Test Loss: 0.3542084
EarlyStopping counter: 4 out of 20
Updating learning rate to 4.934168308976902e-05
	iters: 100, epoch: 182 | loss: 0.1238576
	speed: 0.4000s/iter; left time: 7672.2609s
Epoch: 182 cost time: 15.93085765838623
Epoch: 182, Steps: 162 | Train Loss: 0.1284396 Vali Loss: 0.4217330 Test Loss: 0.3557578
EarlyStopping counter: 5 out of 20
Updating learning rate to 4.868731911086496e-05
	iters: 100, epoch: 183 | loss: 0.1268817
	speed: 0.4018s/iter; left time: 7641.8106s
Epoch: 183 cost time: 18.14085292816162
Epoch: 183, Steps: 162 | Train Loss: 0.1279277 Vali Loss: 0.4202182 Test Loss: 0.3573922
EarlyStopping counter: 6 out of 20
Updating learning rate to 4.803318008734252e-05
	iters: 100, epoch: 184 | loss: 0.1247036
	speed: 0.3696s/iter; left time: 6968.4261s
Epoch: 184 cost time: 16.810011863708496
Epoch: 184, Steps: 162 | Train Loss: 0.1281813 Vali Loss: 0.4113847 Test Loss: 0.3525874
EarlyStopping counter: 7 out of 20
Updating learning rate to 4.7379378102555865e-05
	iters: 100, epoch: 185 | loss: 0.1262983
	speed: 0.3689s/iter; left time: 6895.7137s
Epoch: 185 cost time: 15.993718385696411
Epoch: 185, Steps: 162 | Train Loss: 0.1277390 Vali Loss: 0.4141820 Test Loss: 0.3479974
EarlyStopping counter: 8 out of 20
Updating learning rate to 4.672602518210931e-05
	iters: 100, epoch: 186 | loss: 0.1331202
	speed: 0.3532s/iter; left time: 6545.5372s
Epoch: 186 cost time: 16.922083616256714
Epoch: 186, Steps: 162 | Train Loss: 0.1274923 Vali Loss: 0.4141944 Test Loss: 0.3508660
EarlyStopping counter: 9 out of 20
Updating learning rate to 4.607323327466231e-05
	iters: 100, epoch: 187 | loss: 0.1329131
	speed: 0.3582s/iter; left time: 6579.0802s
Epoch: 187 cost time: 13.605978012084961
Epoch: 187, Steps: 162 | Train Loss: 0.1271185 Vali Loss: 0.4117862 Test Loss: 0.3524591
EarlyStopping counter: 10 out of 20
Updating learning rate to 4.54211142327476e-05
	iters: 100, epoch: 188 | loss: 0.1330248
	speed: 0.3612s/iter; left time: 6576.8941s
Epoch: 188 cost time: 17.24967885017395
Epoch: 188, Steps: 162 | Train Loss: 0.1268524 Vali Loss: 0.4165765 Test Loss: 0.3523923
EarlyStopping counter: 11 out of 20
Updating learning rate to 4.4769779793605906e-05
	iters: 100, epoch: 189 | loss: 0.1215143
	speed: 0.3992s/iter; left time: 7203.1634s
Epoch: 189 cost time: 17.035438060760498
Epoch: 189, Steps: 162 | Train Loss: 0.1265789 Vali Loss: 0.4133003 Test Loss: 0.3484359
EarlyStopping counter: 12 out of 20
Updating learning rate to 4.411934156004032e-05
	iters: 100, epoch: 190 | loss: 0.1319417
	speed: 0.3872s/iter; left time: 6924.9688s
Epoch: 190 cost time: 16.034600496292114
Epoch: 190, Steps: 162 | Train Loss: 0.1263349 Vali Loss: 0.4119057 Test Loss: 0.3542213
EarlyStopping counter: 13 out of 20
Updating learning rate to 4.346991098129368e-05
	iters: 100, epoch: 191 | loss: 0.1289334
	speed: 0.3406s/iter; left time: 6035.1178s
Epoch: 191 cost time: 16.55509305000305
Epoch: 191, Steps: 162 | Train Loss: 0.1262186 Vali Loss: 0.4254926 Test Loss: 0.3601912
EarlyStopping counter: 14 out of 20
Updating learning rate to 4.282159933395236e-05
	iters: 100, epoch: 192 | loss: 0.1296315
	speed: 0.3859s/iter; left time: 6776.8195s
Epoch: 192 cost time: 16.268667459487915
Epoch: 192, Steps: 162 | Train Loss: 0.1259716 Vali Loss: 0.4155673 Test Loss: 0.3553628
EarlyStopping counter: 15 out of 20
Updating learning rate to 4.2174517702879656e-05
	iters: 100, epoch: 193 | loss: 0.1203304
	speed: 0.3451s/iter; left time: 6003.1136s
Epoch: 193 cost time: 16.219536066055298
Epoch: 193, Steps: 162 | Train Loss: 0.1257932 Vali Loss: 0.4125070 Test Loss: 0.3526421
EarlyStopping counter: 16 out of 20
Updating learning rate to 4.1528776962181814e-05
	iters: 100, epoch: 194 | loss: 0.1246803
	speed: 0.3561s/iter; left time: 6137.0095s
Epoch: 194 cost time: 14.812791347503662
Epoch: 194, Steps: 162 | Train Loss: 0.1254792 Vali Loss: 0.4197714 Test Loss: 0.3577237
EarlyStopping counter: 17 out of 20
Updating learning rate to 4.088448775621051e-05
	iters: 100, epoch: 195 | loss: 0.1298418
	speed: 0.3718s/iter; left time: 6346.9728s
Epoch: 195 cost time: 16.675716876983643
Epoch: 195, Steps: 162 | Train Loss: 0.1253137 Vali Loss: 0.4192876 Test Loss: 0.3558038
EarlyStopping counter: 18 out of 20
Updating learning rate to 4.024176048060436e-05
	iters: 100, epoch: 196 | loss: 0.1259448
	speed: 0.3660s/iter; left time: 6188.9100s
Epoch: 196 cost time: 16.830888032913208
Epoch: 196, Steps: 162 | Train Loss: 0.1250795 Vali Loss: 0.4152129 Test Loss: 0.3562748
EarlyStopping counter: 19 out of 20
Updating learning rate to 3.960070526337327e-05
	iters: 100, epoch: 197 | loss: 0.1199447
	speed: 0.4129s/iter; left time: 6915.6650s
Epoch: 197 cost time: 15.13947081565857
Epoch: 197, Steps: 162 | Train Loss: 0.1249556 Vali Loss: 0.4175710 Test Loss: 0.3578940
EarlyStopping counter: 20 out of 20
Early stopping
>>>>>>>testing : 96_192_SPM_TST_PEMS08_ftM_sl96_ll18_pl192_dm256_nh1_el1_dl1_df256_fc1_ebtimeF_dtTrue_Exp_0<<<<<<<<<<<<<<<<<<<<<<<<<<<<<<<<<
test 3285
mse:0.34904980659484863, mae:0.3250592052936554, rse:0.5395767688751221
