Args in experiment:
Namespace(activation='gelu', affine=1, batch_size=64, c_out=7, checkpoints='./checkpoints/', d_ff=256, d_layers=1, d_model=256, data='PEMS08', data_path='PEMS08.npz', dec_in=7, decomposition=0, des='Exp', devices='0,1,2,3', dishts=1, distil=True, do_predict=False, dropout=0.2, e_layers=1, embed='timeF', embed_type=0, enc_in=170, factor=1, fc_dropout=0.2, features='M', freq='h', gpu=0, head_dropout=0.0, hidden_size=[32, 8], hidden_size1=3, hidden_size2=3, individual=0, is_training=1, itr=1, k=1.0, kernel_size=25, label_len=18, learning_rate=0.0001, loss='mse', lradj='TST', model='SPM_TST', model_id='96_336', moving_avg=25, n_heads=1, num_layers=3, num_workers=10, output_attention=False, padding_patch='end', patch_len=16, patience=20, pct_start=0.2, pred_len=336, random_seed=2021, revin=1, root_path='./dataset/', seq_len=96, stride=8, subtract_last=0, target='OT', test_flop=False, traffic=0, train_epochs=300, use_amp=False, use_gpu=True, use_multi_gpu=False)
Use GPU: cuda:0
>>>>>>>start training : 96_336_SPM_TST_PEMS08_ftM_sl96_ll18_pl336_dm256_nh1_el1_dl1_df256_fc1_ebtimeF_dtTrue_Exp_0>>>>>>>>>>>>>>>>>>>>>>>>>>
model.revin_layer.affine_weight: 170
model.revin_layer.affine_bias: 170
model.DishTS.reduce_mlayer: 32640
model.DishTS.gamma: 170
model.DishTS.beta: 170
model.backbone.encoder.layers.0.self_attn.W_Q.weight: 65536
model.backbone.encoder.layers.0.self_attn.W_Q.bias: 256
model.backbone.encoder.layers.0.self_attn.W_K.weight: 65536
model.backbone.encoder.layers.0.self_attn.W_K.bias: 256
model.backbone.encoder.layers.0.self_attn.W_V.weight: 65536
model.backbone.encoder.layers.0.self_attn.W_V.bias: 256
model.backbone.encoder.layers.0.self_attn.to_out.0.weight: 65536
model.backbone.encoder.layers.0.self_attn.to_out.0.bias: 256
model.backbone.encoder.layers.0.norm_attn.1.weight: 256
model.backbone.encoder.layers.0.norm_attn.1.bias: 256
model.backbone.encoder.layers.0.ff.0.weight: 65536
model.backbone.encoder.layers.0.ff.0.bias: 256
model.backbone.encoder.layers.0.ff.3.weight: 65536
model.backbone.encoder.layers.0.ff.3.bias: 256
model.backbone.encoder.layers.0.norm_ffn.1.weight: 256
model.backbone.encoder.layers.0.norm_ffn.1.bias: 256
model.backbone.embeddings.weight: 12544
model.backbone.embeddings.bias: 256
model.predict.mlp.linear_0.weight: 1566720
model.predict.mlp.linear_0.bias: 3072
model.predict.mlp.linear_1.weight: 2359296
model.predict.mlp.linear_1.bias: 768
model.predict.mlp.linear_2.weight: 258048
model.predict.mlp.linear_2.bias: 336
Total trainable parameters: 4630136
train 10282
val 3140
test 3141
	iters: 100, epoch: 1 | loss: 1.3981599
	speed: 0.1235s/iter; left time: 5913.9843s
Epoch: 1 cost time: 17.99395489692688
Epoch: 1, Steps: 160 | Train Loss: 1.4104362 Vali Loss: 1.5940446 Test Loss: 1.5276313
Validation loss decreased (inf --> 1.594045).  Saving model ...
Updating learning rate to 4.065796035442257e-06
	iters: 100, epoch: 2 | loss: 0.9674945
	speed: 0.3891s/iter; left time: 18577.9166s
Epoch: 2 cost time: 12.692382097244263
Epoch: 2, Steps: 160 | Train Loss: 1.0979325 Vali Loss: 1.2673755 Test Loss: 1.1867646
Validation loss decreased (1.594045 --> 1.267375).  Saving model ...
Updating learning rate to 4.263003761840729e-06
	iters: 100, epoch: 3 | loss: 0.8365186
	speed: 0.3362s/iter; left time: 15999.0281s
Epoch: 3 cost time: 17.381173133850098
Epoch: 3, Steps: 160 | Train Loss: 0.8363171 Vali Loss: 1.0796778 Test Loss: 0.9930273
Validation loss decreased (1.267375 --> 1.079678).  Saving model ...
Updating learning rate to 4.591082533922253e-06
	iters: 100, epoch: 4 | loss: 0.6947709
	speed: 0.3550s/iter; left time: 16833.4838s
Epoch: 4 cost time: 15.59137749671936
Epoch: 4, Steps: 160 | Train Loss: 0.7114456 Vali Loss: 0.9998207 Test Loss: 0.9124957
Validation loss decreased (1.079678 --> 0.999821).  Saving model ...
Updating learning rate to 5.049132923248673e-06
	iters: 100, epoch: 5 | loss: 0.6217983
	speed: 0.3740s/iter; left time: 17677.5032s
Epoch: 5 cost time: 18.093007802963257
Epoch: 5, Steps: 160 | Train Loss: 0.6491652 Vali Loss: 0.9458385 Test Loss: 0.8625364
Validation loss decreased (0.999821 --> 0.945838).  Saving model ...
Updating learning rate to 5.63589918400122e-06
	iters: 100, epoch: 6 | loss: 0.5647213
	speed: 0.3480s/iter; left time: 16393.3106s
Epoch: 6 cost time: 15.99757695198059
Epoch: 6, Steps: 160 | Train Loss: 0.6024263 Vali Loss: 0.8963633 Test Loss: 0.8123450
Validation loss decreased (0.945838 --> 0.896363).  Saving model ...
Updating learning rate to 6.3497726956095125e-06
	iters: 100, epoch: 7 | loss: 0.5721089
	speed: 0.4271s/iter; left time: 20050.1576s
Epoch: 7 cost time: 17.64562487602234
Epoch: 7, Steps: 160 | Train Loss: 0.5651094 Vali Loss: 0.8614703 Test Loss: 0.7819985
Validation loss decreased (0.896363 --> 0.861470).  Saving model ...
Updating learning rate to 7.188796372787281e-06
	iters: 100, epoch: 8 | loss: 0.4723577
	speed: 0.4035s/iter; left time: 18878.1464s
Epoch: 8 cost time: 18.493225574493408
Epoch: 8, Steps: 160 | Train Loss: 0.5344281 Vali Loss: 0.8313622 Test Loss: 0.7550979
Validation loss decreased (0.861470 --> 0.831362).  Saving model ...
Updating learning rate to 8.150670030884503e-06
	iters: 100, epoch: 9 | loss: 0.4856882
	speed: 0.3654s/iter; left time: 17037.0152s
Epoch: 9 cost time: 15.58437180519104
Epoch: 9, Steps: 160 | Train Loss: 0.5054467 Vali Loss: 0.8067555 Test Loss: 0.7324203
Validation loss decreased (0.831362 --> 0.806756).  Saving model ...
Updating learning rate to 9.232756691847035e-06
	iters: 100, epoch: 10 | loss: 0.4524530
	speed: 0.3993s/iter; left time: 18550.7291s
Epoch: 10 cost time: 15.620012044906616
Epoch: 10, Steps: 160 | Train Loss: 0.4786049 Vali Loss: 0.7706448 Test Loss: 0.6926169
Validation loss decreased (0.806756 --> 0.770645).  Saving model ...
Updating learning rate to 1.0432089813495858e-05
	iters: 100, epoch: 11 | loss: 0.4604147
	speed: 0.3471s/iter; left time: 16070.7210s
Epoch: 11 cost time: 15.104711294174194
Epoch: 11, Steps: 160 | Train Loss: 0.4557481 Vali Loss: 0.7620021 Test Loss: 0.6865369
Validation loss decreased (0.770645 --> 0.762002).  Saving model ...
Updating learning rate to 1.1745381422306869e-05
	iters: 100, epoch: 12 | loss: 0.4217364
	speed: 0.3888s/iter; left time: 17938.7442s
Epoch: 12 cost time: 16.063879251480103
Epoch: 12, Steps: 160 | Train Loss: 0.4344763 Vali Loss: 0.7292373 Test Loss: 0.6458256
Validation loss decreased (0.762002 --> 0.729237).  Saving model ...
Updating learning rate to 1.3169031127395063e-05
	iters: 100, epoch: 13 | loss: 0.4231822
	speed: 0.3954s/iter; left time: 18181.7777s
Epoch: 13 cost time: 17.957629919052124
Epoch: 13, Steps: 160 | Train Loss: 0.4190581 Vali Loss: 0.7175375 Test Loss: 0.6394501
Validation loss decreased (0.729237 --> 0.717538).  Saving model ...
Updating learning rate to 1.4699135990991582e-05
	iters: 100, epoch: 14 | loss: 0.4006225
	speed: 0.3859s/iter; left time: 17682.7846s
Epoch: 14 cost time: 14.997795343399048
Epoch: 14, Steps: 160 | Train Loss: 0.4081005 Vali Loss: 0.7267856 Test Loss: 0.6458839
EarlyStopping counter: 1 out of 20
Updating learning rate to 1.633150122835326e-05
	iters: 100, epoch: 15 | loss: 0.3972304
	speed: 0.3785s/iter; left time: 17283.7337s
Epoch: 15 cost time: 15.938313484191895
Epoch: 15, Steps: 160 | Train Loss: 0.3946646 Vali Loss: 0.6992604 Test Loss: 0.6199586
Validation loss decreased (0.717538 --> 0.699260).  Saving model ...
Updating learning rate to 1.8061651707771247e-05
	iters: 100, epoch: 16 | loss: 0.3759290
	speed: 0.3535s/iter; left time: 16086.7284s
Epoch: 16 cost time: 17.092112064361572
Epoch: 16, Steps: 160 | Train Loss: 0.3847209 Vali Loss: 0.6796913 Test Loss: 0.6038425
Validation loss decreased (0.699260 --> 0.679691).  Saving model ...
Updating learning rate to 1.9884844219151225e-05
	iters: 100, epoch: 17 | loss: 0.3791163
	speed: 0.3703s/iter; left time: 16789.7639s
Epoch: 17 cost time: 16.27681589126587
Epoch: 17, Steps: 160 | Train Loss: 0.3747259 Vali Loss: 0.6714640 Test Loss: 0.5974600
Validation loss decreased (0.679691 --> 0.671464).  Saving model ...
Updating learning rate to 2.17960804775308e-05
	iters: 100, epoch: 18 | loss: 0.3357834
	speed: 0.3755s/iter; left time: 16966.8447s
Epoch: 18 cost time: 19.139644861221313
Epoch: 18, Steps: 160 | Train Loss: 0.3655173 Vali Loss: 0.6624510 Test Loss: 0.5884771
Validation loss decreased (0.671464 --> 0.662451).  Saving model ...
Updating learning rate to 2.37901208258852e-05
	iters: 100, epoch: 19 | loss: 0.3761691
	speed: 0.4006s/iter; left time: 18037.1794s
Epoch: 19 cost time: 17.376662969589233
Epoch: 19, Steps: 160 | Train Loss: 0.3574526 Vali Loss: 0.6607177 Test Loss: 0.5881274
Validation loss decreased (0.662451 --> 0.660718).  Saving model ...
Updating learning rate to 2.5861498599654702e-05
	iters: 100, epoch: 20 | loss: 0.3466078
	speed: 0.4084s/iter; left time: 18320.7789s
Epoch: 20 cost time: 16.640226364135742
Epoch: 20, Steps: 160 | Train Loss: 0.3506037 Vali Loss: 0.6514868 Test Loss: 0.5812319
Validation loss decreased (0.660718 --> 0.651487).  Saving model ...
Updating learning rate to 2.800453511361356e-05
	iters: 100, epoch: 21 | loss: 0.3388428
	speed: 0.3619s/iter; left time: 16177.2719s
Epoch: 21 cost time: 17.390662908554077
Epoch: 21, Steps: 160 | Train Loss: 0.3428387 Vali Loss: 0.6474825 Test Loss: 0.5752476
Validation loss decreased (0.651487 --> 0.647483).  Saving model ...
Updating learning rate to 3.021335522999401e-05
	iters: 100, epoch: 22 | loss: 0.2969339
	speed: 0.3618s/iter; left time: 16117.1389s
Epoch: 22 cost time: 14.687494039535522
Epoch: 22, Steps: 160 | Train Loss: 0.3360672 Vali Loss: 0.6313256 Test Loss: 0.5509675
Validation loss decreased (0.647483 --> 0.631326).  Saving model ...
Updating learning rate to 3.2481903465185114e-05
	iters: 100, epoch: 23 | loss: 0.3378716
	speed: 0.3990s/iter; left time: 17708.0502s
Epoch: 23 cost time: 17.594231128692627
Epoch: 23, Steps: 160 | Train Loss: 0.3290003 Vali Loss: 0.6304147 Test Loss: 0.5566308
Validation loss decreased (0.631326 --> 0.630415).  Saving model ...
Updating learning rate to 3.480396059084997e-05
	iters: 100, epoch: 24 | loss: 0.3297573
	speed: 0.3554s/iter; left time: 15717.8838s
Epoch: 24 cost time: 15.559569597244263
Epoch: 24, Steps: 160 | Train Loss: 0.3230371 Vali Loss: 0.6270257 Test Loss: 0.5532492
Validation loss decreased (0.630415 --> 0.627026).  Saving model ...
Updating learning rate to 3.717316068394944e-05
	iters: 100, epoch: 25 | loss: 0.3135076
	speed: 0.4089s/iter; left time: 18017.3501s
Epoch: 25 cost time: 17.33851432800293
Epoch: 25, Steps: 160 | Train Loss: 0.3161709 Vali Loss: 0.6185591 Test Loss: 0.5371295
Validation loss decreased (0.627026 --> 0.618559).  Saving model ...
Updating learning rate to 3.958300857892958e-05
	iters: 100, epoch: 26 | loss: 0.3172240
	speed: 0.4142s/iter; left time: 18185.7608s
Epoch: 26 cost time: 17.558183431625366
Epoch: 26, Steps: 160 | Train Loss: 0.3096980 Vali Loss: 0.6163930 Test Loss: 0.5428138
Validation loss decreased (0.618559 --> 0.616393).  Saving model ...
Updating learning rate to 4.20268976742275e-05
	iters: 100, epoch: 27 | loss: 0.3323264
	speed: 0.3725s/iter; left time: 16292.5903s
Epoch: 27 cost time: 15.288678407669067
Epoch: 27, Steps: 160 | Train Loss: 0.3038464 Vali Loss: 0.6140856 Test Loss: 0.5434178
Validation loss decreased (0.616393 --> 0.614086).  Saving model ...
Updating learning rate to 4.449812804427944e-05
	iters: 100, epoch: 28 | loss: 0.2911772
	speed: 0.3781s/iter; left time: 16478.9194s
Epoch: 28 cost time: 15.653684616088867
Epoch: 28, Steps: 160 | Train Loss: 0.2976895 Vali Loss: 0.6095507 Test Loss: 0.5272169
Validation loss decreased (0.614086 --> 0.609551).  Saving model ...
Updating learning rate to 4.698992480737644e-05
	iters: 100, epoch: 29 | loss: 0.2767975
	speed: 0.3754s/iter; left time: 16301.2877s
Epoch: 29 cost time: 18.067874431610107
Epoch: 29, Steps: 160 | Train Loss: 0.2921709 Vali Loss: 0.6028270 Test Loss: 0.5247249
Validation loss decreased (0.609551 --> 0.602827).  Saving model ...
Updating learning rate to 4.949545669901271e-05
	iters: 100, epoch: 30 | loss: 0.2924920
	speed: 0.3772s/iter; left time: 16317.6711s
Epoch: 30 cost time: 17.017827033996582
Epoch: 30, Steps: 160 | Train Loss: 0.2868607 Vali Loss: 0.6073727 Test Loss: 0.5304801
EarlyStopping counter: 1 out of 20
Updating learning rate to 5.200785479980724e-05
	iters: 100, epoch: 31 | loss: 0.3186833
	speed: 0.4255s/iter; left time: 18339.0830s
Epoch: 31 cost time: 18.358172178268433
Epoch: 31, Steps: 160 | Train Loss: 0.2824412 Vali Loss: 0.6018974 Test Loss: 0.5174808
Validation loss decreased (0.602827 --> 0.601897).  Saving model ...
Updating learning rate to 5.45202313666565e-05
	iters: 100, epoch: 32 | loss: 0.3006582
	speed: 0.3901s/iter; left time: 16751.6640s
Epoch: 32 cost time: 17.17490816116333
Epoch: 32, Steps: 160 | Train Loss: 0.2779711 Vali Loss: 0.6031024 Test Loss: 0.5209380
EarlyStopping counter: 1 out of 20
Updating learning rate to 5.7025698715492295e-05
	iters: 100, epoch: 33 | loss: 0.2596707
	speed: 0.3736s/iter; left time: 15981.2562s
Epoch: 33 cost time: 15.152053117752075
Epoch: 33, Steps: 160 | Train Loss: 0.2744896 Vali Loss: 0.5956939 Test Loss: 0.5050403
Validation loss decreased (0.601897 --> 0.595694).  Saving model ...
Updating learning rate to 5.9517388103877804e-05
	iters: 100, epoch: 34 | loss: 0.2592197
	speed: 0.3961s/iter; left time: 16881.3487s
Epoch: 34 cost time: 18.29160737991333
Epoch: 34, Steps: 160 | Train Loss: 0.2689628 Vali Loss: 0.5914794 Test Loss: 0.5072384
Validation loss decreased (0.595694 --> 0.591479).  Saving model ...
Updating learning rate to 6.198846856167515e-05
	iters: 100, epoch: 35 | loss: 0.2587806
	speed: 0.3604s/iter; left time: 15304.6143s
Epoch: 35 cost time: 17.164130210876465
Epoch: 35, Steps: 160 | Train Loss: 0.2657260 Vali Loss: 0.5997432 Test Loss: 0.5171713
EarlyStopping counter: 1 out of 20
Updating learning rate to 6.443216561816009e-05
	iters: 100, epoch: 36 | loss: 0.2531117
	speed: 0.4026s/iter; left time: 17028.7124s
Epoch: 36 cost time: 18.87381601333618
Epoch: 36, Steps: 160 | Train Loss: 0.2621929 Vali Loss: 0.5766134 Test Loss: 0.4860170
Validation loss decreased (0.591479 --> 0.576613).  Saving model ...
Updating learning rate to 6.684177987424352e-05
	iters: 100, epoch: 37 | loss: 0.2559470
	speed: 0.4017s/iter; left time: 16927.4211s
Epoch: 37 cost time: 19.11658215522766
Epoch: 37, Steps: 160 | Train Loss: 0.2584655 Vali Loss: 0.5770974 Test Loss: 0.4798458
EarlyStopping counter: 1 out of 20
Updating learning rate to 6.921070536888392e-05
	iters: 100, epoch: 38 | loss: 0.2596108
	speed: 0.3756s/iter; left time: 15768.8333s
Epoch: 38 cost time: 15.550765037536621
Epoch: 38, Steps: 160 | Train Loss: 0.2549453 Vali Loss: 0.5848270 Test Loss: 0.5001822
EarlyStopping counter: 2 out of 20
Updating learning rate to 7.153244768933944e-05
	iters: 100, epoch: 39 | loss: 0.2534211
	speed: 0.2992s/iter; left time: 12511.4315s
Epoch: 39 cost time: 13.775390148162842
Epoch: 39, Steps: 160 | Train Loss: 0.2520464 Vali Loss: 0.5720835 Test Loss: 0.4797023
Validation loss decreased (0.576613 --> 0.572084).  Saving model ...
Updating learning rate to 7.380064177560986e-05
	iters: 100, epoch: 40 | loss: 0.2540978
	speed: 0.3025s/iter; left time: 12602.4316s
Epoch: 40 cost time: 14.937314510345459
Epoch: 40, Steps: 160 | Train Loss: 0.2483836 Vali Loss: 0.5765209 Test Loss: 0.4805726
EarlyStopping counter: 1 out of 20
Updating learning rate to 7.600906937025812e-05
	iters: 100, epoch: 41 | loss: 0.2388134
	speed: 0.3741s/iter; left time: 15525.0742s
Epoch: 41 cost time: 17.363152027130127
Epoch: 41, Steps: 160 | Train Loss: 0.2452133 Vali Loss: 0.5725133 Test Loss: 0.4834102
EarlyStopping counter: 2 out of 20
Updating learning rate to 7.815167606577215e-05
	iters: 100, epoch: 42 | loss: 0.2464007
	speed: 0.3991s/iter; left time: 16499.2452s
Epoch: 42 cost time: 17.3631010055542
Epoch: 42, Steps: 160 | Train Loss: 0.2424303 Vali Loss: 0.5649772 Test Loss: 0.4610649
Validation loss decreased (0.572084 --> 0.564977).  Saving model ...
Updating learning rate to 8.02225879027321e-05
	iters: 100, epoch: 43 | loss: 0.2364340
	speed: 0.4152s/iter; left time: 17096.9865s
Epoch: 43 cost time: 18.7800350189209
Epoch: 43, Steps: 160 | Train Loss: 0.2394386 Vali Loss: 0.5645900 Test Loss: 0.4638034
Validation loss decreased (0.564977 --> 0.564590).  Saving model ...
Updating learning rate to 8.221612747327869e-05
	iters: 100, epoch: 44 | loss: 0.2394097
	speed: 0.3852s/iter; left time: 15801.7791s
Epoch: 44 cost time: 14.868227005004883
Epoch: 44, Steps: 160 | Train Loss: 0.2375984 Vali Loss: 0.5813376 Test Loss: 0.4875066
EarlyStopping counter: 1 out of 20
Updating learning rate to 8.412682948573528e-05
	iters: 100, epoch: 45 | loss: 0.2287902
	speed: 0.3817s/iter; left time: 15596.5146s
Epoch: 45 cost time: 17.03145933151245
Epoch: 45, Steps: 160 | Train Loss: 0.2346731 Vali Loss: 0.5757627 Test Loss: 0.4751240
EarlyStopping counter: 2 out of 20
Updating learning rate to 8.594945574771307e-05
	iters: 100, epoch: 46 | loss: 0.2270951
	speed: 0.3599s/iter; left time: 14647.8698s
Epoch: 46 cost time: 14.101421117782593
Epoch: 46, Steps: 160 | Train Loss: 0.2334638 Vali Loss: 0.5613666 Test Loss: 0.4618228
Validation loss decreased (0.564590 --> 0.561367).  Saving model ...
Updating learning rate to 8.767900952662329e-05
	iters: 100, epoch: 47 | loss: 0.2163512
	speed: 0.3781s/iter; left time: 15330.4164s
Epoch: 47 cost time: 16.92797350883484
Epoch: 47, Steps: 160 | Train Loss: 0.2297641 Vali Loss: 0.5518286 Test Loss: 0.4502629
Validation loss decreased (0.561367 --> 0.551829).  Saving model ...
Updating learning rate to 8.931074924822688e-05
	iters: 100, epoch: 48 | loss: 0.2193008
	speed: 0.3922s/iter; left time: 15837.1706s
Epoch: 48 cost time: 17.384040594100952
Epoch: 48, Steps: 160 | Train Loss: 0.2273412 Vali Loss: 0.5602444 Test Loss: 0.4602080
EarlyStopping counter: 1 out of 20
Updating learning rate to 9.08402014956674e-05
	iters: 100, epoch: 49 | loss: 0.2152946
	speed: 0.4184s/iter; left time: 16829.1955s
Epoch: 49 cost time: 17.759117603302002
Epoch: 49, Steps: 160 | Train Loss: 0.2246389 Vali Loss: 0.5572003 Test Loss: 0.4485245
EarlyStopping counter: 2 out of 20
Updating learning rate to 9.226317327334985e-05
	iters: 100, epoch: 50 | loss: 0.2173115
	speed: 0.3618s/iter; left time: 14495.0864s
Epoch: 50 cost time: 16.18187427520752
Epoch: 50, Steps: 160 | Train Loss: 0.2230683 Vali Loss: 0.5535850 Test Loss: 0.4511308
EarlyStopping counter: 3 out of 20
Updating learning rate to 9.357576350204431e-05
	iters: 100, epoch: 51 | loss: 0.2330244
	speed: 0.3863s/iter; left time: 15415.1655s
Epoch: 51 cost time: 17.55418634414673
Epoch: 51, Steps: 160 | Train Loss: 0.2223004 Vali Loss: 0.5579575 Test Loss: 0.4568068
EarlyStopping counter: 4 out of 20
Updating learning rate to 9.477437371370046e-05
	iters: 100, epoch: 52 | loss: 0.2102591
	speed: 0.3468s/iter; left time: 13782.5600s
Epoch: 52 cost time: 16.655980348587036
Epoch: 52, Steps: 160 | Train Loss: 0.2189878 Vali Loss: 0.5592362 Test Loss: 0.4618174
EarlyStopping counter: 5 out of 20
Updating learning rate to 9.585571791665297e-05
	iters: 100, epoch: 53 | loss: 0.2216543
	speed: 0.3853s/iter; left time: 15249.3236s
Epoch: 53 cost time: 16.48840045928955
Epoch: 53, Steps: 160 | Train Loss: 0.2172361 Vali Loss: 0.5506262 Test Loss: 0.4456004
Validation loss decreased (0.551829 --> 0.550626).  Saving model ...
Updating learning rate to 9.681683160417256e-05
	iters: 100, epoch: 54 | loss: 0.2317512
	speed: 0.3687s/iter; left time: 14533.1203s
Epoch: 54 cost time: 17.678094148635864
Epoch: 54, Steps: 160 | Train Loss: 0.2151327 Vali Loss: 0.5492239 Test Loss: 0.4496184
Validation loss decreased (0.550626 --> 0.549224).  Saving model ...
Updating learning rate to 9.765507988166556e-05
	iters: 100, epoch: 55 | loss: 0.1978887
	speed: 0.4221s/iter; left time: 16570.4978s
Epoch: 55 cost time: 17.72677707672119
Epoch: 55, Steps: 160 | Train Loss: 0.2130199 Vali Loss: 0.5558816 Test Loss: 0.4494701
EarlyStopping counter: 1 out of 20
Updating learning rate to 9.836816469024132e-05
	iters: 100, epoch: 56 | loss: 0.2262243
	speed: 0.3466s/iter; left time: 13553.1903s
Epoch: 56 cost time: 16.197782039642334
Epoch: 56, Steps: 160 | Train Loss: 0.2117421 Vali Loss: 0.5505123 Test Loss: 0.4407198
EarlyStopping counter: 2 out of 20
Updating learning rate to 9.895413110684408e-05
	iters: 100, epoch: 57 | loss: 0.2043274
	speed: 0.3696s/iter; left time: 14391.4315s
Epoch: 57 cost time: 15.621372699737549
Epoch: 57, Steps: 160 | Train Loss: 0.2096709 Vali Loss: 0.5425314 Test Loss: 0.4320808
Validation loss decreased (0.549224 --> 0.542531).  Saving model ...
Updating learning rate to 9.94113727036774e-05
	iters: 100, epoch: 58 | loss: 0.2053089
	speed: 0.3439s/iter; left time: 13335.9893s
Epoch: 58 cost time: 16.149752855300903
Epoch: 58, Steps: 160 | Train Loss: 0.2079212 Vali Loss: 0.5413017 Test Loss: 0.4371328
Validation loss decreased (0.542531 --> 0.541302).  Saving model ...
Updating learning rate to 9.973863595222832e-05
	iters: 100, epoch: 59 | loss: 0.1924585
	speed: 0.3939s/iter; left time: 15211.2217s
Epoch: 59 cost time: 16.420869827270508
Epoch: 59, Steps: 160 | Train Loss: 0.2063641 Vali Loss: 0.5369464 Test Loss: 0.4309172
Validation loss decreased (0.541302 --> 0.536946).  Saving model ...
Updating learning rate to 9.993502365981765e-05
	iters: 100, epoch: 60 | loss: 0.2176976
	speed: 0.3670s/iter; left time: 14116.0075s
Epoch: 60 cost time: 17.012726068496704
Epoch: 60, Steps: 160 | Train Loss: 0.2045681 Vali Loss: 0.5412602 Test Loss: 0.4329492
EarlyStopping counter: 1 out of 20
Updating learning rate to 9.999999983266932e-05
	iters: 100, epoch: 61 | loss: 0.2129722
	speed: 0.3833s/iter; left time: 14680.0525s
Epoch: 61 cost time: 16.025734424591064
Epoch: 61, Steps: 160 | Train Loss: 0.2032148 Vali Loss: 0.5392973 Test Loss: 0.4302644
EarlyStopping counter: 2 out of 20
Updating learning rate to 9.999566268423108e-05
	iters: 100, epoch: 62 | loss: 0.2048457
	speed: 0.3601s/iter; left time: 13735.1334s
Epoch: 62 cost time: 16.597493171691895
Epoch: 62, Steps: 160 | Train Loss: 0.2010790 Vali Loss: 0.5364734 Test Loss: 0.4331637
Validation loss decreased (0.536946 --> 0.536473).  Saving model ...
Updating learning rate to 9.99827590706392e-05
	iters: 100, epoch: 63 | loss: 0.1997144
	speed: 0.3841s/iter; left time: 14588.3932s
Epoch: 63 cost time: 16.640810251235962
Epoch: 63, Steps: 160 | Train Loss: 0.2007801 Vali Loss: 0.5315107 Test Loss: 0.4210434
Validation loss decreased (0.536473 --> 0.531511).  Saving model ...
Updating learning rate to 9.996129120286151e-05
	iters: 100, epoch: 64 | loss: 0.1995467
	speed: 0.3397s/iter; left time: 12846.0293s
Epoch: 64 cost time: 16.06081199645996
Epoch: 64, Steps: 160 | Train Loss: 0.1995331 Vali Loss: 0.5469441 Test Loss: 0.4383688
EarlyStopping counter: 1 out of 20
Updating learning rate to 9.99312627593066e-05
	iters: 100, epoch: 65 | loss: 0.1802908
	speed: 0.3619s/iter; left time: 13628.8508s
Epoch: 65 cost time: 16.39557671546936
Epoch: 65, Steps: 160 | Train Loss: 0.1982155 Vali Loss: 0.5322609 Test Loss: 0.4268402
EarlyStopping counter: 2 out of 20
Updating learning rate to 9.989267888519369e-05
	iters: 100, epoch: 66 | loss: 0.1966666
	speed: 0.3753s/iter; left time: 14074.8837s
Epoch: 66 cost time: 17.240630388259888
Epoch: 66, Steps: 160 | Train Loss: 0.1968764 Vali Loss: 0.5312241 Test Loss: 0.4257758
Validation loss decreased (0.531511 --> 0.531224).  Saving model ...
Updating learning rate to 9.9845546191671e-05
	iters: 100, epoch: 67 | loss: 0.1855175
	speed: 0.4050s/iter; left time: 15123.0867s
Epoch: 67 cost time: 18.22125816345215
Epoch: 67, Steps: 160 | Train Loss: 0.1949250 Vali Loss: 0.5457168 Test Loss: 0.4412165
EarlyStopping counter: 1 out of 20
Updating learning rate to 9.97898727546829e-05
	iters: 100, epoch: 68 | loss: 0.1938378
	speed: 0.3417s/iter; left time: 12704.7420s
Epoch: 68 cost time: 15.73214054107666
Epoch: 68, Steps: 160 | Train Loss: 0.1932249 Vali Loss: 0.5318291 Test Loss: 0.4222883
EarlyStopping counter: 2 out of 20
Updating learning rate to 9.972566811358622e-05
	iters: 100, epoch: 69 | loss: 0.2058636
	speed: 0.3783s/iter; left time: 14005.5671s
Epoch: 69 cost time: 16.9956693649292
Epoch: 69, Steps: 160 | Train Loss: 0.1931192 Vali Loss: 0.5287194 Test Loss: 0.4208509
Validation loss decreased (0.531224 --> 0.528719).  Saving model ...
Updating learning rate to 9.965294326951569e-05
	iters: 100, epoch: 70 | loss: 0.1877379
	speed: 0.3503s/iter; left time: 12913.4067s
Epoch: 70 cost time: 15.65103554725647
Epoch: 70, Steps: 160 | Train Loss: 0.1915004 Vali Loss: 0.5310185 Test Loss: 0.4257712
EarlyStopping counter: 1 out of 20
Updating learning rate to 9.957171068349895e-05
	iters: 100, epoch: 71 | loss: 0.1887495
	speed: 0.3749s/iter; left time: 13758.8850s
Epoch: 71 cost time: 15.129352807998657
Epoch: 71, Steps: 160 | Train Loss: 0.1899448 Vali Loss: 0.5372106 Test Loss: 0.4394187
EarlyStopping counter: 2 out of 20
Updating learning rate to 9.948198427432142e-05
	iters: 100, epoch: 72 | loss: 0.1852606
	speed: 0.3599s/iter; left time: 13150.9604s
Epoch: 72 cost time: 16.317102432250977
Epoch: 72, Steps: 160 | Train Loss: 0.1888476 Vali Loss: 0.5384445 Test Loss: 0.4316700
EarlyStopping counter: 3 out of 20
Updating learning rate to 9.938377941614143e-05
	iters: 100, epoch: 73 | loss: 0.1751819
	speed: 0.3867s/iter; left time: 14068.0583s
Epoch: 73 cost time: 17.835671186447144
Epoch: 73, Steps: 160 | Train Loss: 0.1878721 Vali Loss: 0.5235141 Test Loss: 0.4201067
Validation loss decreased (0.528719 --> 0.523514).  Saving model ...
Updating learning rate to 9.927711293585582e-05
	iters: 100, epoch: 74 | loss: 0.1847905
	speed: 0.3503s/iter; left time: 12687.2631s
Epoch: 74 cost time: 15.81556749343872
Epoch: 74, Steps: 160 | Train Loss: 0.1866093 Vali Loss: 0.5322680 Test Loss: 0.4317722
EarlyStopping counter: 1 out of 20
Updating learning rate to 9.91620031102169e-05
	iters: 100, epoch: 75 | loss: 0.1799702
	speed: 0.3856s/iter; left time: 13903.7128s
Epoch: 75 cost time: 15.966902732849121
Epoch: 75, Steps: 160 | Train Loss: 0.1854678 Vali Loss: 0.5265412 Test Loss: 0.4217420
EarlyStopping counter: 2 out of 20
Updating learning rate to 9.90384696627007e-05
	iters: 100, epoch: 76 | loss: 0.1872638
	speed: 0.3235s/iter; left time: 11613.5842s
Epoch: 76 cost time: 15.449048519134521
Epoch: 76, Steps: 160 | Train Loss: 0.1844988 Vali Loss: 0.5209170 Test Loss: 0.4191344
Validation loss decreased (0.523514 --> 0.520917).  Saving model ...
Updating learning rate to 9.890653376012749e-05
	iters: 100, epoch: 77 | loss: 0.1743073
	speed: 0.3696s/iter; left time: 13210.5714s
Epoch: 77 cost time: 17.265012741088867
Epoch: 77, Steps: 160 | Train Loss: 0.1843848 Vali Loss: 0.5226939 Test Loss: 0.4270328
EarlyStopping counter: 1 out of 20
Updating learning rate to 9.876621800903499e-05
	iters: 100, epoch: 78 | loss: 0.1852360
	speed: 0.3590s/iter; left time: 12773.6960s
Epoch: 78 cost time: 16.819321632385254
Epoch: 78, Steps: 160 | Train Loss: 0.1822747 Vali Loss: 0.5111150 Test Loss: 0.4083686
Validation loss decreased (0.520917 --> 0.511115).  Saving model ...
Updating learning rate to 9.861754645180478e-05
	iters: 100, epoch: 79 | loss: 0.1885373
	speed: 0.4269s/iter; left time: 15122.9514s
Epoch: 79 cost time: 18.282286882400513
Epoch: 79, Steps: 160 | Train Loss: 0.1815146 Vali Loss: 0.5158334 Test Loss: 0.4162824
EarlyStopping counter: 1 out of 20
Updating learning rate to 9.846054456254282e-05
	iters: 100, epoch: 80 | loss: 0.1889202
	speed: 0.3359s/iter; left time: 11845.8705s
Epoch: 80 cost time: 15.573829650878906
Epoch: 80, Steps: 160 | Train Loss: 0.1802805 Vali Loss: 0.5189811 Test Loss: 0.4206888
EarlyStopping counter: 2 out of 20
Updating learning rate to 9.829523924271464e-05
	iters: 100, epoch: 81 | loss: 0.1727158
	speed: 0.3597s/iter; left time: 12625.5271s
Epoch: 81 cost time: 17.096522092819214
Epoch: 81, Steps: 160 | Train Loss: 0.1790606 Vali Loss: 0.5179177 Test Loss: 0.4161214
EarlyStopping counter: 3 out of 20
Updating learning rate to 9.812165881653574e-05
	iters: 100, epoch: 82 | loss: 0.1824411
	speed: 0.3477s/iter; left time: 12149.3013s
Epoch: 82 cost time: 14.385163068771362
Epoch: 82, Steps: 160 | Train Loss: 0.1783101 Vali Loss: 0.5213359 Test Loss: 0.4137455
EarlyStopping counter: 4 out of 20
Updating learning rate to 9.793983302611858e-05
	iters: 100, epoch: 83 | loss: 0.1830016
	speed: 0.3665s/iter; left time: 12747.9678s
Epoch: 83 cost time: 16.242456436157227
Epoch: 83, Steps: 160 | Train Loss: 0.1779997 Vali Loss: 0.5192867 Test Loss: 0.4183059
EarlyStopping counter: 5 out of 20
Updating learning rate to 9.774979302637629e-05
	iters: 100, epoch: 84 | loss: 0.1717388
	speed: 0.3571s/iter; left time: 12364.5348s
Epoch: 84 cost time: 17.072485208511353
Epoch: 84, Steps: 160 | Train Loss: 0.1765740 Vali Loss: 0.5107290 Test Loss: 0.4154139
Validation loss decreased (0.511115 --> 0.510729).  Saving model ...
Updating learning rate to 9.755157137968452e-05
	iters: 100, epoch: 85 | loss: 0.1733840
	speed: 0.3851s/iter; left time: 13270.8539s
Epoch: 85 cost time: 18.459392786026
Epoch: 85, Steps: 160 | Train Loss: 0.1756839 Vali Loss: 0.5097419 Test Loss: 0.4105091
Validation loss decreased (0.510729 --> 0.509742).  Saving model ...
Updating learning rate to 9.734520205030196e-05
	iters: 100, epoch: 86 | loss: 0.1759974
	speed: 0.3740s/iter; left time: 12827.5044s
Epoch: 86 cost time: 15.071857213973999
Epoch: 86, Steps: 160 | Train Loss: 0.1750810 Vali Loss: 0.5142159 Test Loss: 0.4165239
EarlyStopping counter: 1 out of 20
Updating learning rate to 9.71307203985508e-05
	iters: 100, epoch: 87 | loss: 0.1822937
	speed: 0.3636s/iter; left time: 12413.3591s
Epoch: 87 cost time: 17.484001398086548
Epoch: 87, Steps: 160 | Train Loss: 0.1737451 Vali Loss: 0.5100573 Test Loss: 0.4074793
EarlyStopping counter: 2 out of 20
Updating learning rate to 9.690816317475797e-05
	iters: 100, epoch: 88 | loss: 0.1752025
	speed: 0.3655s/iter; left time: 12421.1981s
Epoch: 88 cost time: 17.505820989608765
Epoch: 88, Steps: 160 | Train Loss: 0.1733320 Vali Loss: 0.5074009 Test Loss: 0.4082180
Validation loss decreased (0.509742 --> 0.507401).  Saving model ...
Updating learning rate to 9.667756851295798e-05
	iters: 100, epoch: 89 | loss: 0.1803415
	speed: 0.3693s/iter; left time: 12490.2938s
Epoch: 89 cost time: 17.68874502182007
Epoch: 89, Steps: 160 | Train Loss: 0.1723795 Vali Loss: 0.5185317 Test Loss: 0.4160310
EarlyStopping counter: 1 out of 20
Updating learning rate to 9.643897592435904e-05
	iters: 100, epoch: 90 | loss: 0.1638560
	speed: 0.3716s/iter; left time: 12509.7642s
Epoch: 90 cost time: 18.105782747268677
Epoch: 90, Steps: 160 | Train Loss: 0.1711142 Vali Loss: 0.5131083 Test Loss: 0.4138364
EarlyStopping counter: 2 out of 20
Updating learning rate to 9.619242629057293e-05
	iters: 100, epoch: 91 | loss: 0.1633027
	speed: 0.4071s/iter; left time: 13637.6085s
Epoch: 91 cost time: 19.341511249542236
Epoch: 91, Steps: 160 | Train Loss: 0.1704767 Vali Loss: 0.5136486 Test Loss: 0.4112160
EarlyStopping counter: 3 out of 20
Updating learning rate to 9.593796185661016e-05
	iters: 100, epoch: 92 | loss: 0.1875294
	speed: 0.3689s/iter; left time: 12299.1487s
Epoch: 92 cost time: 15.112285375595093
Epoch: 92, Steps: 160 | Train Loss: 0.1695953 Vali Loss: 0.5062760 Test Loss: 0.4074592
Validation loss decreased (0.507401 --> 0.506276).  Saving model ...
Updating learning rate to 9.567562622364153e-05
	iters: 100, epoch: 93 | loss: 0.1818376
	speed: 0.3757s/iter; left time: 12467.3087s
Epoch: 93 cost time: 17.299954175949097
Epoch: 93, Steps: 160 | Train Loss: 0.1689162 Vali Loss: 0.5041220 Test Loss: 0.4005028
Validation loss decreased (0.506276 --> 0.504122).  Saving model ...
Updating learning rate to 9.54054643415272e-05
	iters: 100, epoch: 94 | loss: 0.1687117
	speed: 0.3341s/iter; left time: 11032.4299s
Epoch: 94 cost time: 15.699920177459717
Epoch: 94, Steps: 160 | Train Loss: 0.1682266 Vali Loss: 0.5148942 Test Loss: 0.4151717
EarlyStopping counter: 1 out of 20
Updating learning rate to 9.512752250111487e-05
	iters: 100, epoch: 95 | loss: 0.1605450
	speed: 0.3803s/iter; left time: 12496.0147s
Epoch: 95 cost time: 15.93741488456726
Epoch: 95, Steps: 160 | Train Loss: 0.1675092 Vali Loss: 0.5024953 Test Loss: 0.4019225
Validation loss decreased (0.504122 --> 0.502495).  Saving model ...
Updating learning rate to 9.48418483263081e-05
	iters: 100, epoch: 96 | loss: 0.1661271
	speed: 0.3670s/iter; left time: 12002.2547s
Epoch: 96 cost time: 18.559481859207153
Epoch: 96, Steps: 160 | Train Loss: 0.1665851 Vali Loss: 0.4982954 Test Loss: 0.4050275
Validation loss decreased (0.502495 --> 0.498295).  Saving model ...
Updating learning rate to 9.454849076590603e-05
	iters: 100, epoch: 97 | loss: 0.1647788
	speed: 0.4015s/iter; left time: 13063.7858s
Epoch: 97 cost time: 17.40067768096924
Epoch: 97, Steps: 160 | Train Loss: 0.1660121 Vali Loss: 0.5048805 Test Loss: 0.4056301
EarlyStopping counter: 1 out of 20
Updating learning rate to 9.424750008521645e-05
	iters: 100, epoch: 98 | loss: 0.1761108
	speed: 0.3573s/iter; left time: 11568.5715s
Epoch: 98 cost time: 15.752329587936401
Epoch: 98, Steps: 160 | Train Loss: 0.1649640 Vali Loss: 0.5056274 Test Loss: 0.4091545
EarlyStopping counter: 2 out of 20
Updating learning rate to 9.393892785744299e-05
	iters: 100, epoch: 99 | loss: 0.1732186
	speed: 0.3665s/iter; left time: 11810.0339s
Epoch: 99 cost time: 15.583603620529175
Epoch: 99, Steps: 160 | Train Loss: 0.1645823 Vali Loss: 0.5084417 Test Loss: 0.4130742
EarlyStopping counter: 3 out of 20
Updating learning rate to 9.362282695484834e-05
	iters: 100, epoch: 100 | loss: 0.1636404
	speed: 0.3423s/iter; left time: 10974.1450s
Epoch: 100 cost time: 16.300334692001343
Epoch: 100, Steps: 160 | Train Loss: 0.1637290 Vali Loss: 0.5047412 Test Loss: 0.4087085
EarlyStopping counter: 4 out of 20
Updating learning rate to 9.32992515396949e-05
	iters: 100, epoch: 101 | loss: 0.1629996
	speed: 0.3901s/iter; left time: 12443.1590s
Epoch: 101 cost time: 16.916419982910156
Epoch: 101, Steps: 160 | Train Loss: 0.1626073 Vali Loss: 0.5058571 Test Loss: 0.4060767
EarlyStopping counter: 5 out of 20
Updating learning rate to 9.296825705496424e-05
	iters: 100, epoch: 102 | loss: 0.1658334
	speed: 0.3543s/iter; left time: 11245.1305s
Epoch: 102 cost time: 18.15078854560852
Epoch: 102, Steps: 160 | Train Loss: 0.1624950 Vali Loss: 0.4967415 Test Loss: 0.4010648
Validation loss decreased (0.498295 --> 0.496742).  Saving model ...
Updating learning rate to 9.262990021485738e-05
	iters: 100, epoch: 103 | loss: 0.1660645
	speed: 0.4021s/iter; left time: 12699.9781s
Epoch: 103 cost time: 18.106034517288208
Epoch: 103, Steps: 160 | Train Loss: 0.1620514 Vali Loss: 0.5093560 Test Loss: 0.4080246
EarlyStopping counter: 1 out of 20
Updating learning rate to 9.2284238995077e-05
	iters: 100, epoch: 104 | loss: 0.1534206
	speed: 0.3699s/iter; left time: 11624.0853s
Epoch: 104 cost time: 17.86213254928589
Epoch: 104, Steps: 160 | Train Loss: 0.1609699 Vali Loss: 0.5068691 Test Loss: 0.4071777
EarlyStopping counter: 2 out of 20
Updating learning rate to 9.193133262289364e-05
	iters: 100, epoch: 105 | loss: 0.1581999
	speed: 0.3767s/iter; left time: 11775.6182s
Epoch: 105 cost time: 16.925930500030518
Epoch: 105, Steps: 160 | Train Loss: 0.1609123 Vali Loss: 0.5020183 Test Loss: 0.4082186
EarlyStopping counter: 3 out of 20
Updating learning rate to 9.15712415669974e-05
	iters: 100, epoch: 106 | loss: 0.1563285
	speed: 0.3542s/iter; left time: 11017.2159s
Epoch: 106 cost time: 17.540918827056885
Epoch: 106, Steps: 160 | Train Loss: 0.1596392 Vali Loss: 0.4965072 Test Loss: 0.3981227
Validation loss decreased (0.496742 --> 0.496507).  Saving model ...
Updating learning rate to 9.120402752713697e-05
	iters: 100, epoch: 107 | loss: 0.1567028
	speed: 0.3809s/iter; left time: 11785.3631s
Epoch: 107 cost time: 16.11992049217224
Epoch: 107, Steps: 160 | Train Loss: 0.1585687 Vali Loss: 0.4997412 Test Loss: 0.4045644
EarlyStopping counter: 1 out of 20
Updating learning rate to 9.082975342354765e-05
	iters: 100, epoch: 108 | loss: 0.1564381
	speed: 0.3792s/iter; left time: 11672.3111s
Epoch: 108 cost time: 18.876943349838257
Epoch: 108, Steps: 160 | Train Loss: 0.1584740 Vali Loss: 0.5072218 Test Loss: 0.4081749
EarlyStopping counter: 2 out of 20
Updating learning rate to 9.044848338617031e-05
	iters: 100, epoch: 109 | loss: 0.1595399
	speed: 0.4016s/iter; left time: 12296.6867s
Epoch: 109 cost time: 17.723424196243286
Epoch: 109, Steps: 160 | Train Loss: 0.1577326 Vali Loss: 0.5031237 Test Loss: 0.4042968
EarlyStopping counter: 3 out of 20
Updating learning rate to 9.006028274366309e-05
	iters: 100, epoch: 110 | loss: 0.1526576
	speed: 0.3714s/iter; left time: 11313.4897s
Epoch: 110 cost time: 17.76714539527893
Epoch: 110, Steps: 160 | Train Loss: 0.1579086 Vali Loss: 0.4998192 Test Loss: 0.4036029
EarlyStopping counter: 4 out of 20
Updating learning rate to 8.966521801220763e-05
	iters: 100, epoch: 111 | loss: 0.1498005
	speed: 0.3628s/iter; left time: 10994.1573s
Epoch: 111 cost time: 15.764421224594116
Epoch: 111, Steps: 160 | Train Loss: 0.1565692 Vali Loss: 0.4954192 Test Loss: 0.4053756
Validation loss decreased (0.496507 --> 0.495419).  Saving model ...
Updating learning rate to 8.926335688411182e-05
	iters: 100, epoch: 112 | loss: 0.1460344
	speed: 0.3529s/iter; left time: 10637.9346s
Epoch: 112 cost time: 16.403665781021118
Epoch: 112, Steps: 160 | Train Loss: 0.1558638 Vali Loss: 0.4972624 Test Loss: 0.3965318
EarlyStopping counter: 1 out of 20
Updating learning rate to 8.885476821621121e-05
	iters: 100, epoch: 113 | loss: 0.1462470
	speed: 0.3722s/iter; left time: 11157.5082s
Epoch: 113 cost time: 15.06377625465393
Epoch: 113, Steps: 160 | Train Loss: 0.1554065 Vali Loss: 0.4923923 Test Loss: 0.4009464
Validation loss decreased (0.495419 --> 0.492392).  Saving model ...
Updating learning rate to 8.843952201807061e-05
	iters: 100, epoch: 114 | loss: 0.1568036
	speed: 0.3627s/iter; left time: 10815.4712s
Epoch: 114 cost time: 16.7498562335968
Epoch: 114, Steps: 160 | Train Loss: 0.1550920 Vali Loss: 0.4988919 Test Loss: 0.4002262
EarlyStopping counter: 1 out of 20
Updating learning rate to 8.801768943998841e-05
	iters: 100, epoch: 115 | loss: 0.1554743
	speed: 0.3637s/iter; left time: 10786.7253s
Epoch: 115 cost time: 17.416280508041382
Epoch: 115, Steps: 160 | Train Loss: 0.1544579 Vali Loss: 0.4914448 Test Loss: 0.3932396
Validation loss decreased (0.492392 --> 0.491445).  Saving model ...
Updating learning rate to 8.758934276080522e-05
	iters: 100, epoch: 116 | loss: 0.1587125
	speed: 0.3567s/iter; left time: 10521.8649s
Epoch: 116 cost time: 16.563218593597412
Epoch: 116, Steps: 160 | Train Loss: 0.1541964 Vali Loss: 0.4869357 Test Loss: 0.3923122
Validation loss decreased (0.491445 --> 0.486936).  Saving model ...
Updating learning rate to 8.71545553755194e-05
	iters: 100, epoch: 117 | loss: 0.1466873
	speed: 0.3147s/iter; left time: 9233.6719s
Epoch: 117 cost time: 12.288175344467163
Epoch: 117, Steps: 160 | Train Loss: 0.1530461 Vali Loss: 0.4971437 Test Loss: 0.4003022
EarlyStopping counter: 1 out of 20
Updating learning rate to 8.671340178271113e-05
	iters: 100, epoch: 118 | loss: 0.1468846
	speed: 0.2918s/iter; left time: 8514.4658s
Epoch: 118 cost time: 15.433248519897461
Epoch: 118, Steps: 160 | Train Loss: 0.1530740 Vali Loss: 0.4953488 Test Loss: 0.3982941
EarlyStopping counter: 2 out of 20
Updating learning rate to 8.626595757177746e-05
	iters: 100, epoch: 119 | loss: 0.1459768
	speed: 0.3028s/iter; left time: 8787.1670s
Epoch: 119 cost time: 11.380975723266602
Epoch: 119, Steps: 160 | Train Loss: 0.1519436 Vali Loss: 0.4976289 Test Loss: 0.3986543
EarlyStopping counter: 3 out of 20
Updating learning rate to 8.581229940998052e-05
	iters: 100, epoch: 120 | loss: 0.1564235
	speed: 0.2854s/iter; left time: 8235.6837s
Epoch: 120 cost time: 12.0571608543396
Epoch: 120, Steps: 160 | Train Loss: 0.1520352 Vali Loss: 0.4954422 Test Loss: 0.4002607
EarlyStopping counter: 4 out of 20
Updating learning rate to 8.535250502931086e-05
	iters: 100, epoch: 121 | loss: 0.1611848
	speed: 0.3088s/iter; left time: 8862.8179s
Epoch: 121 cost time: 14.327025651931763
Epoch: 121, Steps: 160 | Train Loss: 0.1510783 Vali Loss: 0.4921494 Test Loss: 0.3988923
EarlyStopping counter: 5 out of 20
Updating learning rate to 8.488665321316859e-05
	iters: 100, epoch: 122 | loss: 0.1539918
	speed: 0.2831s/iter; left time: 8079.3512s
Epoch: 122 cost time: 12.28173041343689
Epoch: 122, Steps: 160 | Train Loss: 0.1504656 Vali Loss: 0.4839709 Test Loss: 0.3910467
Validation loss decreased (0.486936 --> 0.483971).  Saving model ...
Updating learning rate to 8.44148237828642e-05
	iters: 100, epoch: 123 | loss: 0.1550240
	speed: 0.3345s/iter; left time: 9492.9777s
Epoch: 123 cost time: 16.85353922843933
Epoch: 123, Steps: 160 | Train Loss: 0.1501617 Vali Loss: 0.4947239 Test Loss: 0.3995711
EarlyStopping counter: 1 out of 20
Updating learning rate to 8.393709758394157e-05
	iters: 100, epoch: 124 | loss: 0.1552552
	speed: 0.3630s/iter; left time: 10243.5939s
Epoch: 124 cost time: 16.25235629081726
Epoch: 124, Steps: 160 | Train Loss: 0.1495096 Vali Loss: 0.4887507 Test Loss: 0.3965357
EarlyStopping counter: 2 out of 20
Updating learning rate to 8.345355647232558e-05
	iters: 100, epoch: 125 | loss: 0.1536141
	speed: 0.2860s/iter; left time: 8024.4081s
Epoch: 125 cost time: 14.067824840545654
Epoch: 125, Steps: 160 | Train Loss: 0.1490164 Vali Loss: 0.4814619 Test Loss: 0.3878463
Validation loss decreased (0.483971 --> 0.481462).  Saving model ...
Updating learning rate to 8.296428330029639e-05
	iters: 100, epoch: 126 | loss: 0.1508239
	speed: 0.3243s/iter; left time: 9048.3083s
Epoch: 126 cost time: 12.948820352554321
Epoch: 126, Steps: 160 | Train Loss: 0.1486246 Vali Loss: 0.4892617 Test Loss: 0.3947830
EarlyStopping counter: 1 out of 20
Updating learning rate to 8.246936190229326e-05
	iters: 100, epoch: 127 | loss: 0.1427653
	speed: 0.2995s/iter; left time: 8308.0322s
Epoch: 127 cost time: 13.156656265258789
Epoch: 127, Steps: 160 | Train Loss: 0.1487133 Vali Loss: 0.4784653 Test Loss: 0.3878467
Validation loss decreased (0.481462 --> 0.478465).  Saving model ...
Updating learning rate to 8.196887708054988e-05
	iters: 100, epoch: 128 | loss: 0.1463347
	speed: 0.3348s/iter; left time: 9233.2995s
Epoch: 128 cost time: 15.936311960220337
Epoch: 128, Steps: 160 | Train Loss: 0.1475654 Vali Loss: 0.4866440 Test Loss: 0.3913524
EarlyStopping counter: 1 out of 20
Updating learning rate to 8.146291459056394e-05
	iters: 100, epoch: 129 | loss: 0.1409896
	speed: 0.2722s/iter; left time: 7465.2347s
Epoch: 129 cost time: 11.050923824310303
Epoch: 129, Steps: 160 | Train Loss: 0.1474429 Vali Loss: 0.4906672 Test Loss: 0.4001735
EarlyStopping counter: 2 out of 20
Updating learning rate to 8.09515611264034e-05
	iters: 100, epoch: 130 | loss: 0.1535085
	speed: 0.3400s/iter; left time: 9268.5246s
Epoch: 130 cost time: 17.106485605239868
Epoch: 130, Steps: 160 | Train Loss: 0.1466021 Vali Loss: 0.4870915 Test Loss: 0.3916654
EarlyStopping counter: 3 out of 20
Updating learning rate to 8.04349043058519e-05
	iters: 100, epoch: 131 | loss: 0.1548489
	speed: 0.3117s/iter; left time: 8448.5909s
Epoch: 131 cost time: 14.568476676940918
Epoch: 131, Steps: 160 | Train Loss: 0.1461928 Vali Loss: 0.4806176 Test Loss: 0.3876179
EarlyStopping counter: 4 out of 20
Updating learning rate to 7.991303265539589e-05
	iters: 100, epoch: 132 | loss: 0.1440313
	speed: 0.3405s/iter; left time: 9172.7597s
Epoch: 132 cost time: 15.257449626922607
Epoch: 132, Steps: 160 | Train Loss: 0.1460003 Vali Loss: 0.4823250 Test Loss: 0.3876348
EarlyStopping counter: 5 out of 20
Updating learning rate to 7.938603559505605e-05
	iters: 100, epoch: 133 | loss: 0.1437249
	speed: 0.3041s/iter; left time: 8144.3814s
Epoch: 133 cost time: 12.718225955963135
Epoch: 133, Steps: 160 | Train Loss: 0.1451144 Vali Loss: 0.4806983 Test Loss: 0.3854599
EarlyStopping counter: 6 out of 20
Updating learning rate to 7.885400342306569e-05
	iters: 100, epoch: 134 | loss: 0.1433267
	speed: 0.2654s/iter; left time: 7064.9464s
Epoch: 134 cost time: 11.621434211730957
Epoch: 134, Steps: 160 | Train Loss: 0.1451678 Vali Loss: 0.4831297 Test Loss: 0.3891894
EarlyStopping counter: 7 out of 20
Updating learning rate to 7.831702730039858e-05
	iters: 100, epoch: 135 | loss: 0.1543067
	speed: 0.3309s/iter; left time: 8756.7334s
Epoch: 135 cost time: 15.195033550262451
Epoch: 135, Steps: 160 | Train Loss: 0.1443983 Vali Loss: 0.4821551 Test Loss: 0.3844202
EarlyStopping counter: 8 out of 20
Updating learning rate to 7.777519923514896e-05
	iters: 100, epoch: 136 | loss: 0.1425771
	speed: 0.2829s/iter; left time: 7441.1669s
Epoch: 136 cost time: 12.78091025352478
Epoch: 136, Steps: 160 | Train Loss: 0.1438542 Vali Loss: 0.4845743 Test Loss: 0.3896562
EarlyStopping counter: 9 out of 20
Updating learning rate to 7.72286120667665e-05
	iters: 100, epoch: 137 | loss: 0.1536673
	speed: 0.3434s/iter; left time: 8977.9397s
Epoch: 137 cost time: 15.782422304153442
Epoch: 137, Steps: 160 | Train Loss: 0.1435798 Vali Loss: 0.4812347 Test Loss: 0.3881809
EarlyStopping counter: 10 out of 20
Updating learning rate to 7.667735945014863e-05
	iters: 100, epoch: 138 | loss: 0.1502523
	speed: 0.3418s/iter; left time: 8879.1047s
Epoch: 138 cost time: 12.183269739151001
Epoch: 138, Steps: 160 | Train Loss: 0.1429005 Vali Loss: 0.4796573 Test Loss: 0.3893183
EarlyStopping counter: 11 out of 20
Updating learning rate to 7.612153583959338e-05
	iters: 100, epoch: 139 | loss: 0.1426282
	speed: 0.2995s/iter; left time: 7732.1610s
Epoch: 139 cost time: 16.05383539199829
Epoch: 139, Steps: 160 | Train Loss: 0.1428513 Vali Loss: 0.4784486 Test Loss: 0.3879702
Validation loss decreased (0.478465 --> 0.478449).  Saving model ...
Updating learning rate to 7.556123647261503e-05
	iters: 100, epoch: 140 | loss: 0.1469645
	speed: 0.3158s/iter; left time: 8103.0042s
Epoch: 140 cost time: 12.625109910964966
Epoch: 140, Steps: 160 | Train Loss: 0.1426164 Vali Loss: 0.4839870 Test Loss: 0.3909076
EarlyStopping counter: 1 out of 20
Updating learning rate to 7.499655735362565e-05
	iters: 100, epoch: 141 | loss: 0.1425531
	speed: 0.2805s/iter; left time: 7153.6478s
Epoch: 141 cost time: 11.653013944625854
Epoch: 141, Steps: 160 | Train Loss: 0.1420938 Vali Loss: 0.4764876 Test Loss: 0.3839316
Validation loss decreased (0.478449 --> 0.476488).  Saving model ...
Updating learning rate to 7.442759523748534e-05
	iters: 100, epoch: 142 | loss: 0.1452935
	speed: 0.3280s/iter; left time: 8312.2073s
Epoch: 142 cost time: 14.987367868423462
Epoch: 142, Steps: 160 | Train Loss: 0.1415961 Vali Loss: 0.4839142 Test Loss: 0.3908316
EarlyStopping counter: 1 out of 20
Updating learning rate to 7.385444761292366e-05
	iters: 100, epoch: 143 | loss: 0.1415675
	speed: 0.2814s/iter; left time: 7086.8227s
Epoch: 143 cost time: 13.905648231506348
Epoch: 143, Steps: 160 | Train Loss: 0.1419406 Vali Loss: 0.4826921 Test Loss: 0.3908671
EarlyStopping counter: 2 out of 20
Updating learning rate to 7.32772126858355e-05
	iters: 100, epoch: 144 | loss: 0.1394692
	speed: 0.3588s/iter; left time: 8978.3978s
Epoch: 144 cost time: 16.297634601593018
Epoch: 144, Steps: 160 | Train Loss: 0.1407692 Vali Loss: 0.4862783 Test Loss: 0.3929588
EarlyStopping counter: 3 out of 20
Updating learning rate to 7.269598936245403e-05
	iters: 100, epoch: 145 | loss: 0.1433503
	speed: 0.3327s/iter; left time: 8270.0280s
Epoch: 145 cost time: 12.279954671859741
Epoch: 145, Steps: 160 | Train Loss: 0.1404664 Vali Loss: 0.4786705 Test Loss: 0.3856012
EarlyStopping counter: 4 out of 20
Updating learning rate to 7.211087723240352e-05
	iters: 100, epoch: 146 | loss: 0.1384817
	speed: 0.2780s/iter; left time: 6866.4005s
Epoch: 146 cost time: 15.218097686767578
Epoch: 146, Steps: 160 | Train Loss: 0.1401427 Vali Loss: 0.4850287 Test Loss: 0.3916496
EarlyStopping counter: 5 out of 20
Updating learning rate to 7.152197655163533e-05
	iters: 100, epoch: 147 | loss: 0.1414886
	speed: 0.3077s/iter; left time: 7552.4272s
Epoch: 147 cost time: 11.699475049972534
Epoch: 147, Steps: 160 | Train Loss: 0.1397232 Vali Loss: 0.4812268 Test Loss: 0.3904389
EarlyStopping counter: 6 out of 20
Updating learning rate to 7.092938822524943e-05
	iters: 100, epoch: 148 | loss: 0.1322189
	speed: 0.2941s/iter; left time: 7169.6047s
Epoch: 148 cost time: 14.776660442352295
Epoch: 148, Steps: 160 | Train Loss: 0.1395103 Vali Loss: 0.4778492 Test Loss: 0.3878646
EarlyStopping counter: 7 out of 20
Updating learning rate to 7.033321379020488e-05
	iters: 100, epoch: 149 | loss: 0.1372030
	speed: 0.3201s/iter; left time: 7753.7523s
Epoch: 149 cost time: 13.726474046707153
Epoch: 149, Steps: 160 | Train Loss: 0.1391563 Vali Loss: 0.4784249 Test Loss: 0.3863377
EarlyStopping counter: 8 out of 20
Updating learning rate to 6.973355539792202e-05
	iters: 100, epoch: 150 | loss: 0.1383849
	speed: 0.2548s/iter; left time: 6129.6113s
Epoch: 150 cost time: 10.898366451263428
Epoch: 150, Steps: 160 | Train Loss: 0.1383975 Vali Loss: 0.4792708 Test Loss: 0.3851936
EarlyStopping counter: 9 out of 20
Updating learning rate to 6.913051579677932e-05
	iters: 100, epoch: 151 | loss: 0.1435460
	speed: 0.3508s/iter; left time: 8384.7872s
Epoch: 151 cost time: 16.19031572341919
Epoch: 151, Steps: 160 | Train Loss: 0.1384156 Vali Loss: 0.4841482 Test Loss: 0.3890536
EarlyStopping counter: 10 out of 20
Updating learning rate to 6.852419831450797e-05
	iters: 100, epoch: 152 | loss: 0.1336714
	speed: 0.3431s/iter; left time: 8146.3099s
Epoch: 152 cost time: 14.39208173751831
Epoch: 152, Steps: 160 | Train Loss: 0.1377152 Vali Loss: 0.4801004 Test Loss: 0.3873026
EarlyStopping counter: 11 out of 20
Updating learning rate to 6.791470684048724e-05
	iters: 100, epoch: 153 | loss: 0.1316558
	speed: 0.3007s/iter; left time: 7091.5312s
Epoch: 153 cost time: 14.976402759552002
Epoch: 153, Steps: 160 | Train Loss: 0.1376157 Vali Loss: 0.4771589 Test Loss: 0.3849281
EarlyStopping counter: 12 out of 20
Updating learning rate to 6.730214580794353e-05
	iters: 100, epoch: 154 | loss: 0.1413591
	speed: 0.2948s/iter; left time: 6903.6068s
Epoch: 154 cost time: 10.8054518699646
Epoch: 154, Steps: 160 | Train Loss: 0.1372564 Vali Loss: 0.4806611 Test Loss: 0.3911405
EarlyStopping counter: 13 out of 20
Updating learning rate to 6.66866201760563e-05
	iters: 100, epoch: 155 | loss: 0.1322318
	speed: 0.2755s/iter; left time: 6409.2039s
Epoch: 155 cost time: 12.96289348602295
Epoch: 155, Steps: 160 | Train Loss: 0.1367982 Vali Loss: 0.4755279 Test Loss: 0.3819817
Validation loss decreased (0.476488 --> 0.475528).  Saving model ...
Updating learning rate to 6.606823541197379e-05
	iters: 100, epoch: 156 | loss: 0.1342286
	speed: 0.3161s/iter; left time: 7301.6325s
Epoch: 156 cost time: 15.341933965682983
Epoch: 156, Steps: 160 | Train Loss: 0.1363725 Vali Loss: 0.4764315 Test Loss: 0.3870595
EarlyStopping counter: 1 out of 20
Updating learning rate to 6.544709747274194e-05
	iters: 100, epoch: 157 | loss: 0.1354865
	speed: 0.2914s/iter; left time: 6684.7694s
Epoch: 157 cost time: 12.07549786567688
Epoch: 157, Steps: 160 | Train Loss: 0.1365777 Vali Loss: 0.4754620 Test Loss: 0.3833393
Validation loss decreased (0.475528 --> 0.475462).  Saving model ...
Updating learning rate to 6.482331278714898e-05
	iters: 100, epoch: 158 | loss: 0.1380484
	speed: 0.3636s/iter; left time: 8283.7234s
Epoch: 158 cost time: 17.108088970184326
Epoch: 158, Steps: 160 | Train Loss: 0.1358593 Vali Loss: 0.4779191 Test Loss: 0.3824176
EarlyStopping counter: 1 out of 20
Updating learning rate to 6.419698823748951e-05
	iters: 100, epoch: 159 | loss: 0.1364692
	speed: 0.3254s/iter; left time: 7359.9014s
Epoch: 159 cost time: 13.68495798110962
Epoch: 159, Steps: 160 | Train Loss: 0.1359187 Vali Loss: 0.4720899 Test Loss: 0.3780998
Validation loss decreased (0.475462 --> 0.472090).  Saving model ...
Updating learning rate to 6.356823114125085e-05
	iters: 100, epoch: 160 | loss: 0.1312793
	speed: 0.2949s/iter; left time: 6624.3842s
Epoch: 160 cost time: 14.198233127593994
Epoch: 160, Steps: 160 | Train Loss: 0.1353330 Vali Loss: 0.4828120 Test Loss: 0.3875890
EarlyStopping counter: 1 out of 20
Updating learning rate to 6.293714923272452e-05
	iters: 100, epoch: 161 | loss: 0.1363542
	speed: 0.3141s/iter; left time: 7005.7900s
Epoch: 161 cost time: 11.591942548751831
Epoch: 161, Steps: 160 | Train Loss: 0.1352378 Vali Loss: 0.4714881 Test Loss: 0.3813412
Validation loss decreased (0.472090 --> 0.471488).  Saving model ...
Updating learning rate to 6.230385064454679e-05
	iters: 100, epoch: 162 | loss: 0.1319115
	speed: 0.2875s/iter; left time: 6366.0352s
Epoch: 162 cost time: 14.229977369308472
Epoch: 162, Steps: 160 | Train Loss: 0.1345510 Vali Loss: 0.4794023 Test Loss: 0.3879889
EarlyStopping counter: 1 out of 20
Updating learning rate to 6.166844388917045e-05
	iters: 100, epoch: 163 | loss: 0.1345216
	speed: 0.3114s/iter; left time: 6843.8001s
Epoch: 163 cost time: 13.466651201248169
Epoch: 163, Steps: 160 | Train Loss: 0.1341390 Vali Loss: 0.4796068 Test Loss: 0.3855630
EarlyStopping counter: 2 out of 20
Updating learning rate to 6.103103784027199e-05
	iters: 100, epoch: 164 | loss: 0.1395142
	speed: 0.2844s/iter; left time: 6206.5288s
Epoch: 164 cost time: 12.143238306045532
Epoch: 164, Steps: 160 | Train Loss: 0.1337314 Vali Loss: 0.4733253 Test Loss: 0.3834824
EarlyStopping counter: 3 out of 20
Updating learning rate to 6.039174171409653e-05
	iters: 100, epoch: 165 | loss: 0.1339573
	speed: 0.3673s/iter; left time: 7956.5168s
Epoch: 165 cost time: 16.955092668533325
Epoch: 165, Steps: 160 | Train Loss: 0.1332860 Vali Loss: 0.4749880 Test Loss: 0.3831184
EarlyStopping counter: 4 out of 20
Updating learning rate to 5.9750665050744146e-05
	iters: 100, epoch: 166 | loss: 0.1389850
	speed: 0.3345s/iter; left time: 7192.5541s
Epoch: 166 cost time: 14.011630296707153
Epoch: 166, Steps: 160 | Train Loss: 0.1333860 Vali Loss: 0.4744279 Test Loss: 0.3796099
EarlyStopping counter: 5 out of 20
Updating learning rate to 5.910791769540085e-05
	iters: 100, epoch: 167 | loss: 0.1386532
	speed: 0.3095s/iter; left time: 6605.5916s
Epoch: 167 cost time: 13.584376335144043
Epoch: 167, Steps: 160 | Train Loss: 0.1330390 Vali Loss: 0.4720183 Test Loss: 0.3813969
EarlyStopping counter: 6 out of 20
Updating learning rate to 5.84636097795171e-05
	iters: 100, epoch: 168 | loss: 0.1344836
	speed: 0.2920s/iter; left time: 6185.1498s
Epoch: 168 cost time: 11.786198377609253
Epoch: 168, Steps: 160 | Train Loss: 0.1327757 Vali Loss: 0.4766671 Test Loss: 0.3859573
EarlyStopping counter: 7 out of 20
Updating learning rate to 5.78178517019374e-05
	iters: 100, epoch: 169 | loss: 0.1273440
	speed: 0.2735s/iter; left time: 5750.2442s
Epoch: 169 cost time: 14.561043500900269
Epoch: 169, Steps: 160 | Train Loss: 0.1327593 Vali Loss: 0.4683647 Test Loss: 0.3812021
Validation loss decreased (0.471488 --> 0.468365).  Saving model ...
Updating learning rate to 5.717075410998395e-05
	iters: 100, epoch: 170 | loss: 0.1382366
	speed: 0.3222s/iter; left time: 6722.3683s
Epoch: 170 cost time: 12.127639532089233
Epoch: 170, Steps: 160 | Train Loss: 0.1322469 Vali Loss: 0.4754952 Test Loss: 0.3869655
EarlyStopping counter: 1 out of 20
Updating learning rate to 5.652242788049785e-05
	iters: 100, epoch: 171 | loss: 0.1381712
	speed: 0.2648s/iter; left time: 5481.9679s
Epoch: 171 cost time: 11.917786121368408
Epoch: 171, Steps: 160 | Train Loss: 0.1323808 Vali Loss: 0.4702034 Test Loss: 0.3805355
EarlyStopping counter: 2 out of 20
Updating learning rate to 5.587298410084096e-05
	iters: 100, epoch: 172 | loss: 0.1363711
	speed: 0.3439s/iter; left time: 7064.2834s
Epoch: 172 cost time: 17.182376623153687
Epoch: 172, Steps: 160 | Train Loss: 0.1316149 Vali Loss: 0.4688624 Test Loss: 0.3825461
EarlyStopping counter: 3 out of 20
Updating learning rate to 5.522253404986156e-05
	iters: 100, epoch: 173 | loss: 0.1291797
	speed: 0.3227s/iter; left time: 6576.4768s
Epoch: 173 cost time: 13.152733087539673
Epoch: 173, Steps: 160 | Train Loss: 0.1316521 Vali Loss: 0.4687682 Test Loss: 0.3766889
EarlyStopping counter: 4 out of 20
Updating learning rate to 5.457118917882738e-05
	iters: 100, epoch: 174 | loss: 0.1380791
	speed: 0.3208s/iter; left time: 6486.4906s
Epoch: 174 cost time: 13.590437173843384
Epoch: 174, Steps: 160 | Train Loss: 0.1311890 Vali Loss: 0.4753976 Test Loss: 0.3820942
EarlyStopping counter: 5 out of 20
Updating learning rate to 5.391906109232892e-05
	iters: 100, epoch: 175 | loss: 0.1307096
	speed: 0.2830s/iter; left time: 5676.4738s
Epoch: 175 cost time: 12.542542219161987
Epoch: 175, Steps: 160 | Train Loss: 0.1308149 Vali Loss: 0.4661990 Test Loss: 0.3783174
Validation loss decreased (0.468365 --> 0.466199).  Saving model ...
Updating learning rate to 5.3266261529156636e-05
	iters: 100, epoch: 176 | loss: 0.1306282
	speed: 0.2597s/iter; left time: 5167.8815s
Epoch: 176 cost time: 11.715208530426025
Epoch: 176, Steps: 160 | Train Loss: 0.1303998 Vali Loss: 0.4691395 Test Loss: 0.3799905
EarlyStopping counter: 1 out of 20
Updating learning rate to 5.261290234315506e-05
	iters: 100, epoch: 177 | loss: 0.1295882
	speed: 0.3205s/iter; left time: 6326.0187s
Epoch: 177 cost time: 13.939783573150635
Epoch: 177, Steps: 160 | Train Loss: 0.1300469 Vali Loss: 0.4703982 Test Loss: 0.3829086
EarlyStopping counter: 2 out of 20
Updating learning rate to 5.195909548405721e-05
	iters: 100, epoch: 178 | loss: 0.1319614
	speed: 0.2894s/iter; left time: 5667.7035s
Epoch: 178 cost time: 13.404526233673096
Epoch: 178, Steps: 160 | Train Loss: 0.1304880 Vali Loss: 0.4670639 Test Loss: 0.3776414
EarlyStopping counter: 3 out of 20
Updating learning rate to 5.130495297830259e-05
	iters: 100, epoch: 179 | loss: 0.1289054
	speed: 0.3456s/iter; left time: 6712.4320s
Epoch: 179 cost time: 16.55238938331604
Epoch: 179, Steps: 160 | Train Loss: 0.1298660 Vali Loss: 0.4656813 Test Loss: 0.3772698
Validation loss decreased (0.466199 --> 0.465681).  Saving model ...
Updating learning rate to 5.065058690984204e-05
	iters: 100, epoch: 180 | loss: 0.1288466
	speed: 0.3395s/iter; left time: 6538.2609s
Epoch: 180 cost time: 13.420135498046875
Epoch: 180, Steps: 160 | Train Loss: 0.1295027 Vali Loss: 0.4704908 Test Loss: 0.3808312
EarlyStopping counter: 1 out of 20
Updating learning rate to 4.9996109400932676e-05
	iters: 100, epoch: 181 | loss: 0.1298333
	speed: 0.3042s/iter; left time: 5809.8285s
Epoch: 181 cost time: 14.096384763717651
Epoch: 181, Steps: 160 | Train Loss: 0.1296773 Vali Loss: 0.4731681 Test Loss: 0.3845339
EarlyStopping counter: 2 out of 20
Updating learning rate to 4.934163259292641e-05
	iters: 100, epoch: 182 | loss: 0.1279043
	speed: 0.3066s/iter; left time: 5808.1037s
Epoch: 182 cost time: 13.706990718841553
Epoch: 182, Steps: 160 | Train Loss: 0.1290500 Vali Loss: 0.4694019 Test Loss: 0.3815446
EarlyStopping counter: 3 out of 20
Updating learning rate to 4.8687268627055024e-05
	iters: 100, epoch: 183 | loss: 0.1316628
	speed: 0.2765s/iter; left time: 5192.8605s
Epoch: 183 cost time: 13.066365003585815
Epoch: 183, Steps: 160 | Train Loss: 0.1286550 Vali Loss: 0.4733432 Test Loss: 0.3859024
EarlyStopping counter: 4 out of 20
Updating learning rate to 4.8033129625215386e-05
	iters: 100, epoch: 184 | loss: 0.1243907
	speed: 0.3254s/iter; left time: 6059.0271s
Epoch: 184 cost time: 12.934951782226562
Epoch: 184, Steps: 160 | Train Loss: 0.1285355 Vali Loss: 0.4761827 Test Loss: 0.3829936
EarlyStopping counter: 5 out of 20
Updating learning rate to 4.7379327670757994e-05
	iters: 100, epoch: 185 | loss: 0.1314878
	speed: 0.2669s/iter; left time: 4927.4061s
Epoch: 185 cost time: 13.5341956615448
Epoch: 185, Steps: 160 | Train Loss: 0.1285072 Vali Loss: 0.4682395 Test Loss: 0.3804289
EarlyStopping counter: 6 out of 20
Updating learning rate to 4.672597478928191e-05
	iters: 100, epoch: 186 | loss: 0.1266900
	speed: 0.3362s/iter; left time: 6152.7201s
Epoch: 186 cost time: 16.120846033096313
Epoch: 186, Steps: 160 | Train Loss: 0.1282873 Vali Loss: 0.4656748 Test Loss: 0.3784206
Validation loss decreased (0.465681 --> 0.465675).  Saving model ...
Updating learning rate to 4.607318292943994e-05
	iters: 100, epoch: 187 | loss: 0.1312504
	speed: 0.3580s/iter; left time: 6494.8283s
Epoch: 187 cost time: 13.732346534729004
Epoch: 187, Steps: 160 | Train Loss: 0.1284017 Vali Loss: 0.4681885 Test Loss: 0.3791011
EarlyStopping counter: 1 out of 20
Updating learning rate to 4.542106394375666e-05
	iters: 100, epoch: 188 | loss: 0.1282867
	speed: 0.3137s/iter; left time: 5640.6675s
Epoch: 188 cost time: 15.399222612380981
Epoch: 188, Steps: 160 | Train Loss: 0.1276725 Vali Loss: 0.4770808 Test Loss: 0.3868567
EarlyStopping counter: 2 out of 20
Updating learning rate to 4.476972956946317e-05
	iters: 100, epoch: 189 | loss: 0.1300529
	speed: 0.3092s/iter; left time: 5510.6880s
Epoch: 189 cost time: 13.24178409576416
Epoch: 189, Steps: 160 | Train Loss: 0.1276227 Vali Loss: 0.4712011 Test Loss: 0.3828075
EarlyStopping counter: 3 out of 20
Updating learning rate to 4.411929140935142e-05
	iters: 100, epoch: 190 | loss: 0.1260694
	speed: 0.2693s/iter; left time: 4756.7652s
Epoch: 190 cost time: 11.873107433319092
Epoch: 190, Steps: 160 | Train Loss: 0.1273780 Vali Loss: 0.4689687 Test Loss: 0.3797413
EarlyStopping counter: 4 out of 20
Updating learning rate to 4.346986091265164e-05
	iters: 100, epoch: 191 | loss: 0.1250763
	speed: 0.3275s/iter; left time: 5731.8638s
Epoch: 191 cost time: 13.78655219078064
Epoch: 191, Steps: 160 | Train Loss: 0.1270337 Vali Loss: 0.4669327 Test Loss: 0.3763902
EarlyStopping counter: 5 out of 20
Updating learning rate to 4.282154935593624e-05
	iters: 100, epoch: 192 | loss: 0.1406519
	speed: 0.2856s/iter; left time: 4952.4755s
Epoch: 192 cost time: 14.70647406578064
Epoch: 192, Steps: 160 | Train Loss: 0.1270121 Vali Loss: 0.4693034 Test Loss: 0.3822340
EarlyStopping counter: 6 out of 20
Updating learning rate to 4.21744678240529e-05
	iters: 100, epoch: 193 | loss: 0.1334595
	speed: 0.3592s/iter; left time: 6171.7042s
Epoch: 193 cost time: 17.044899225234985
Epoch: 193, Steps: 160 | Train Loss: 0.1269579 Vali Loss: 0.4673257 Test Loss: 0.3780778
EarlyStopping counter: 7 out of 20
Updating learning rate to 4.152872719109092e-05
	iters: 100, epoch: 194 | loss: 0.1328570
	speed: 0.3409s/iter; left time: 5803.2988s
Epoch: 194 cost time: 12.239938020706177
Epoch: 194, Steps: 160 | Train Loss: 0.1264791 Vali Loss: 0.4705777 Test Loss: 0.3792265
EarlyStopping counter: 8 out of 20
Updating learning rate to 4.088443810138349e-05
	iters: 100, epoch: 195 | loss: 0.1269320
	speed: 0.2943s/iter; left time: 4962.6829s
Epoch: 195 cost time: 14.236509323120117
Epoch: 195, Steps: 160 | Train Loss: 0.1263284 Vali Loss: 0.4694552 Test Loss: 0.3807759
EarlyStopping counter: 9 out of 20
Updating learning rate to 4.024171095054932e-05
	iters: 100, epoch: 196 | loss: 0.1297566
	speed: 0.3097s/iter; left time: 5171.6397s
Epoch: 196 cost time: 13.939265012741089
Epoch: 196, Steps: 160 | Train Loss: 0.1262474 Vali Loss: 0.4654691 Test Loss: 0.3769689
Validation loss decreased (0.465675 --> 0.465469).  Saving model ...
Updating learning rate to 3.960065586657694e-05
	iters: 100, epoch: 197 | loss: 0.1269694
	speed: 0.2891s/iter; left time: 4781.6707s
Epoch: 197 cost time: 13.084877014160156
Epoch: 197, Steps: 160 | Train Loss: 0.1259263 Vali Loss: 0.4670007 Test Loss: 0.3800213
EarlyStopping counter: 1 out of 20
Updating learning rate to 3.89613826909548e-05
	iters: 100, epoch: 198 | loss: 0.1303225
	speed: 0.3262s/iter; left time: 5342.8968s
Epoch: 198 cost time: 13.543898105621338
Epoch: 198, Steps: 160 | Train Loss: 0.1259462 Vali Loss: 0.4688710 Test Loss: 0.3806290
EarlyStopping counter: 2 out of 20
Updating learning rate to 3.832400095985058e-05
	iters: 100, epoch: 199 | loss: 0.1234805
	speed: 0.2759s/iter; left time: 4475.4622s
Epoch: 199 cost time: 14.92565655708313
Epoch: 199, Steps: 160 | Train Loss: 0.1254362 Vali Loss: 0.4695921 Test Loss: 0.3807873
EarlyStopping counter: 3 out of 20
Updating learning rate to 3.768861988534268e-05
	iters: 100, epoch: 200 | loss: 0.1283142
	speed: 0.3580s/iter; left time: 5750.0865s
Epoch: 200 cost time: 16.34020709991455
Epoch: 200, Steps: 160 | Train Loss: 0.1255173 Vali Loss: 0.4714445 Test Loss: 0.3778988
EarlyStopping counter: 4 out of 20
Updating learning rate to 3.705534833670721e-05
	iters: 100, epoch: 201 | loss: 0.1239726
	speed: 0.3315s/iter; left time: 5271.6774s
Epoch: 201 cost time: 12.151745557785034
Epoch: 201, Steps: 160 | Train Loss: 0.1255170 Vali Loss: 0.4688243 Test Loss: 0.3821977
EarlyStopping counter: 5 out of 20
Updating learning rate to 3.642429482176399e-05
	iters: 100, epoch: 202 | loss: 0.1274245
	speed: 0.3214s/iter; left time: 5058.5368s
Epoch: 202 cost time: 15.59169602394104
Epoch: 202, Steps: 160 | Train Loss: 0.1251460 Vali Loss: 0.4702401 Test Loss: 0.3808445
EarlyStopping counter: 6 out of 20
Updating learning rate to 3.579556746828409e-05
	iters: 100, epoch: 203 | loss: 0.1266010
	speed: 0.2804s/iter; left time: 4368.4189s
Epoch: 203 cost time: 12.99295949935913
Epoch: 203, Steps: 160 | Train Loss: 0.1249586 Vali Loss: 0.4658071 Test Loss: 0.3784519
EarlyStopping counter: 7 out of 20
Updating learning rate to 3.516927400546287e-05
	iters: 100, epoch: 204 | loss: 0.1229810
	speed: 0.2779s/iter; left time: 4285.2179s
Epoch: 204 cost time: 12.40810775756836
Epoch: 204, Steps: 160 | Train Loss: 0.1248789 Vali Loss: 0.4662674 Test Loss: 0.3781157
EarlyStopping counter: 8 out of 20
Updating learning rate to 3.4545521745461e-05
	iters: 100, epoch: 205 | loss: 0.1267622
	speed: 0.3384s/iter; left time: 5164.6829s
Epoch: 205 cost time: 15.002781391143799
Epoch: 205, Steps: 160 | Train Loss: 0.1247253 Vali Loss: 0.4680792 Test Loss: 0.3803484
EarlyStopping counter: 9 out of 20
Updating learning rate to 3.392441756501711e-05
	iters: 100, epoch: 206 | loss: 0.1236464
	speed: 0.2829s/iter; left time: 4272.6738s
Epoch: 206 cost time: 14.654920101165771
Epoch: 206, Steps: 160 | Train Loss: 0.1245208 Vali Loss: 0.4663481 Test Loss: 0.3780541
EarlyStopping counter: 10 out of 20
Updating learning rate to 3.330606788713513e-05
	iters: 100, epoch: 207 | loss: 0.1207074
	speed: 0.3650s/iter; left time: 5453.7381s
Epoch: 207 cost time: 16.994257926940918
Epoch: 207, Steps: 160 | Train Loss: 0.1240596 Vali Loss: 0.4663818 Test Loss: 0.3779349
EarlyStopping counter: 11 out of 20
Updating learning rate to 3.269057866284907e-05
	iters: 100, epoch: 208 | loss: 0.1234433
	speed: 0.3250s/iter; left time: 4803.9968s
Epoch: 208 cost time: 12.315794706344604
Epoch: 208, Steps: 160 | Train Loss: 0.1239934 Vali Loss: 0.4648402 Test Loss: 0.3769474
Validation loss decreased (0.465469 --> 0.464840).  Saving model ...
Updating learning rate to 3.207805535306894e-05
	iters: 100, epoch: 209 | loss: 0.1255554
	speed: 0.3089s/iter; left time: 4515.7501s
Epoch: 209 cost time: 15.27627182006836
Epoch: 209, Steps: 160 | Train Loss: 0.1236882 Vali Loss: 0.4663950 Test Loss: 0.3784087
EarlyStopping counter: 1 out of 20
Updating learning rate to 3.146860291051062e-05
	iters: 100, epoch: 210 | loss: 0.1285651
	speed: 0.2964s/iter; left time: 4285.9418s
Epoch: 210 cost time: 11.853330612182617
Epoch: 210, Steps: 160 | Train Loss: 0.1236050 Vali Loss: 0.4660852 Test Loss: 0.3785834
EarlyStopping counter: 2 out of 20
Updating learning rate to 3.0862325761712646e-05
	iters: 100, epoch: 211 | loss: 0.1256278
	speed: 0.2668s/iter; left time: 3815.5902s
Epoch: 211 cost time: 11.122145414352417
Epoch: 211, Steps: 160 | Train Loss: 0.1235831 Vali Loss: 0.4688420 Test Loss: 0.3803329
EarlyStopping counter: 3 out of 20
Updating learning rate to 3.0259327789143376e-05
	iters: 100, epoch: 212 | loss: 0.1288549
	speed: 0.3105s/iter; left time: 4391.2708s
Epoch: 212 cost time: 15.879742860794067
Epoch: 212, Steps: 160 | Train Loss: 0.1233989 Vali Loss: 0.4677516 Test Loss: 0.3778036
EarlyStopping counter: 4 out of 20
Updating learning rate to 2.965971231340113e-05
	iters: 100, epoch: 213 | loss: 0.1206467
	speed: 0.3112s/iter; left time: 4350.9450s
Epoch: 213 cost time: 16.01998734474182
Epoch: 213, Steps: 160 | Train Loss: 0.1233109 Vali Loss: 0.4649916 Test Loss: 0.3769347
EarlyStopping counter: 5 out of 20
Updating learning rate to 2.906358207551086e-05
	iters: 100, epoch: 214 | loss: 0.1212638
	speed: 0.3742s/iter; left time: 5172.2253s
Epoch: 214 cost time: 16.88266944885254
Epoch: 214, Steps: 160 | Train Loss: 0.1230547 Vali Loss: 0.4657302 Test Loss: 0.3775160
EarlyStopping counter: 6 out of 20
Updating learning rate to 2.8471039219319963e-05
	iters: 100, epoch: 215 | loss: 0.1256646
	speed: 0.3212s/iter; left time: 4388.0472s
Epoch: 215 cost time: 11.724615573883057
Epoch: 215, Steps: 160 | Train Loss: 0.1231147 Vali Loss: 0.4696925 Test Loss: 0.3816236
EarlyStopping counter: 7 out of 20
Updating learning rate to 2.7882185273996423e-05
	iters: 100, epoch: 216 | loss: 0.1254054
	speed: 0.2752s/iter; left time: 3715.4827s
Epoch: 216 cost time: 15.368340969085693
Epoch: 216, Steps: 160 | Train Loss: 0.1228355 Vali Loss: 0.4641797 Test Loss: 0.3772004
Validation loss decreased (0.464840 --> 0.464180).  Saving model ...
Updating learning rate to 2.729712113663232e-05
	iters: 100, epoch: 217 | loss: 0.1208861
	speed: 0.3232s/iter; left time: 4311.9200s
Epoch: 217 cost time: 12.067063093185425
Epoch: 217, Steps: 160 | Train Loss: 0.1225675 Vali Loss: 0.4648459 Test Loss: 0.3788072
EarlyStopping counter: 1 out of 20
Updating learning rate to 2.671594705495568e-05
	iters: 100, epoch: 218 | loss: 0.1205749
	speed: 0.2998s/iter; left time: 3951.9418s
Epoch: 218 cost time: 13.438291549682617
Epoch: 218, Steps: 160 | Train Loss: 0.1223054 Vali Loss: 0.4676721 Test Loss: 0.3782074
EarlyStopping counter: 2 out of 20
Updating learning rate to 2.613876261015352e-05
	iters: 100, epoch: 219 | loss: 0.1247126
	speed: 0.3248s/iter; left time: 4229.8707s
Epoch: 219 cost time: 14.443087100982666
Epoch: 219, Steps: 160 | Train Loss: 0.1224582 Vali Loss: 0.4640674 Test Loss: 0.3780707
Validation loss decreased (0.464180 --> 0.464067).  Saving model ...
Updating learning rate to 2.556566669980911e-05
	iters: 100, epoch: 220 | loss: 0.1243017
	speed: 0.2756s/iter; left time: 3543.9750s
Epoch: 220 cost time: 15.547157287597656
Epoch: 220, Steps: 160 | Train Loss: 0.1222668 Vali Loss: 0.4643278 Test Loss: 0.3765149
EarlyStopping counter: 1 out of 20
Updating learning rate to 2.499675752095632e-05
	iters: 100, epoch: 221 | loss: 0.1223387
	speed: 0.3757s/iter; left time: 4771.8515s
Epoch: 221 cost time: 16.91712737083435
Epoch: 221, Steps: 160 | Train Loss: 0.1220563 Vali Loss: 0.4694151 Test Loss: 0.3783315
EarlyStopping counter: 2 out of 20
Updating learning rate to 2.4432132553254284e-05
	iters: 100, epoch: 222 | loss: 0.1261362
	speed: 0.3349s/iter; left time: 4199.4831s
Epoch: 222 cost time: 12.218899011611938
Epoch: 222, Steps: 160 | Train Loss: 0.1219506 Vali Loss: 0.4665137 Test Loss: 0.3769502
EarlyStopping counter: 3 out of 20
Updating learning rate to 2.3871888542284467e-05
	iters: 100, epoch: 223 | loss: 0.1211903
	speed: 0.2949s/iter; left time: 3651.0845s
Epoch: 223 cost time: 15.614198684692383
Epoch: 223, Steps: 160 | Train Loss: 0.1219284 Vali Loss: 0.4645931 Test Loss: 0.3743205
EarlyStopping counter: 4 out of 20
Updating learning rate to 2.3316121482974005e-05
	iters: 100, epoch: 224 | loss: 0.1192614
	speed: 0.2930s/iter; left time: 3580.9194s
Epoch: 224 cost time: 11.237801551818848
Epoch: 224, Steps: 160 | Train Loss: 0.1217239 Vali Loss: 0.4647126 Test Loss: 0.3772656
EarlyStopping counter: 5 out of 20
Updating learning rate to 2.2764926603147426e-05
	iters: 100, epoch: 225 | loss: 0.1243300
	speed: 0.2763s/iter; left time: 3333.0031s
Epoch: 225 cost time: 11.258593320846558
Epoch: 225, Steps: 160 | Train Loss: 0.1216826 Vali Loss: 0.4627718 Test Loss: 0.3755021
Validation loss decreased (0.464067 --> 0.462772).  Saving model ...
Updating learning rate to 2.221839834720985e-05
	iters: 100, epoch: 226 | loss: 0.1208440
	speed: 0.3191s/iter; left time: 3797.3228s
Epoch: 226 cost time: 15.667310953140259
Epoch: 226, Steps: 160 | Train Loss: 0.1215521 Vali Loss: 0.4665857 Test Loss: 0.3789472
EarlyStopping counter: 1 out of 20
Updating learning rate to 2.167663035996435e-05
	iters: 100, epoch: 227 | loss: 0.1253672
	speed: 0.3100s/iter; left time: 3639.5172s
Epoch: 227 cost time: 15.235571384429932
Epoch: 227, Steps: 160 | Train Loss: 0.1213753 Vali Loss: 0.4615596 Test Loss: 0.3737347
Validation loss decreased (0.462772 --> 0.461560).  Saving model ...
Updating learning rate to 2.113971547056654e-05
	iters: 100, epoch: 228 | loss: 0.1279431
	speed: 0.3726s/iter; left time: 4315.1157s
Epoch: 228 cost time: 17.05929970741272
Epoch: 228, Steps: 160 | Train Loss: 0.1213426 Vali Loss: 0.4659200 Test Loss: 0.3776285
EarlyStopping counter: 1 out of 20
Updating learning rate to 2.0607745676618665e-05
	iters: 100, epoch: 229 | loss: 0.1245719
	speed: 0.3042s/iter; left time: 3474.1733s
Epoch: 229 cost time: 12.621025800704956
Epoch: 229, Steps: 160 | Train Loss: 0.1211619 Vali Loss: 0.4667534 Test Loss: 0.3791536
EarlyStopping counter: 2 out of 20
Updating learning rate to 2.008081212840633e-05
	iters: 100, epoch: 230 | loss: 0.1230748
	speed: 0.2984s/iter; left time: 3359.7588s
Epoch: 230 cost time: 16.181968688964844
Epoch: 230, Steps: 160 | Train Loss: 0.1209175 Vali Loss: 0.4663067 Test Loss: 0.3793436
EarlyStopping counter: 3 out of 20
Updating learning rate to 1.955900511328037e-05
	iters: 100, epoch: 231 | loss: 0.1239117
	speed: 0.3089s/iter; left time: 3428.8178s
Epoch: 231 cost time: 11.631795167922974
Epoch: 231, Steps: 160 | Train Loss: 0.1207065 Vali Loss: 0.4660105 Test Loss: 0.3777189
EarlyStopping counter: 4 out of 20
Updating learning rate to 1.9042414040186547e-05
	iters: 100, epoch: 232 | loss: 0.1218994
	speed: 0.2961s/iter; left time: 3239.9714s
Epoch: 232 cost time: 13.898930788040161
Epoch: 232, Steps: 160 | Train Loss: 0.1206771 Vali Loss: 0.4647177 Test Loss: 0.3758759
EarlyStopping counter: 5 out of 20
Updating learning rate to 1.8531127424345834e-05
	iters: 100, epoch: 233 | loss: 0.1218635
	speed: 0.3408s/iter; left time: 3673.9868s
Epoch: 233 cost time: 14.99455738067627
Epoch: 233, Steps: 160 | Train Loss: 0.1207278 Vali Loss: 0.4629616 Test Loss: 0.3758527
EarlyStopping counter: 6 out of 20
Updating learning rate to 1.802523287208772e-05
	iters: 100, epoch: 234 | loss: 0.1219935
	speed: 0.3238s/iter; left time: 3439.1050s
Epoch: 234 cost time: 15.910895109176636
Epoch: 234, Steps: 160 | Train Loss: 0.1206379 Vali Loss: 0.4660277 Test Loss: 0.3787355
EarlyStopping counter: 7 out of 20
Updating learning rate to 1.7524817065839392e-05
	iters: 100, epoch: 235 | loss: 0.1146795
	speed: 0.3795s/iter; left time: 3970.2228s
Epoch: 235 cost time: 16.3420889377594
Epoch: 235, Steps: 160 | Train Loss: 0.1204028 Vali Loss: 0.4683589 Test Loss: 0.3796200
EarlyStopping counter: 8 out of 20
Updating learning rate to 1.70299657492731e-05
	iters: 100, epoch: 236 | loss: 0.1184476
	speed: 0.3023s/iter; left time: 3113.9399s
Epoch: 236 cost time: 12.768704175949097
Epoch: 236, Steps: 160 | Train Loss: 0.1203509 Vali Loss: 0.4671036 Test Loss: 0.3781340
EarlyStopping counter: 9 out of 20
Updating learning rate to 1.6540763712614444e-05
	iters: 100, epoch: 237 | loss: 0.1171285
	speed: 0.3315s/iter; left time: 3361.5687s
Epoch: 237 cost time: 16.45895528793335
Epoch: 237, Steps: 160 | Train Loss: 0.1203948 Vali Loss: 0.4654773 Test Loss: 0.3764693
EarlyStopping counter: 10 out of 20
Updating learning rate to 1.6057294778113983e-05
	iters: 100, epoch: 238 | loss: 0.1188326
	speed: 0.2838s/iter; left time: 2832.8849s
Epoch: 238 cost time: 12.369768381118774
Epoch: 238, Steps: 160 | Train Loss: 0.1202477 Vali Loss: 0.4650844 Test Loss: 0.3773813
EarlyStopping counter: 11 out of 20
Updating learning rate to 1.5579641785684754e-05
	iters: 100, epoch: 239 | loss: 0.1196099
	speed: 0.2963s/iter; left time: 2910.1030s
Epoch: 239 cost time: 14.574225187301636
Epoch: 239, Steps: 160 | Train Loss: 0.1200977 Vali Loss: 0.4659132 Test Loss: 0.3769343
EarlyStopping counter: 12 out of 20
Updating learning rate to 1.5107886578708014e-05
	iters: 100, epoch: 240 | loss: 0.1208448
	speed: 0.3310s/iter; left time: 3198.1960s
Epoch: 240 cost time: 13.583076238632202
Epoch: 240, Steps: 160 | Train Loss: 0.1200197 Vali Loss: 0.4640434 Test Loss: 0.3775089
EarlyStopping counter: 13 out of 20
Updating learning rate to 1.4642109990009894e-05
	iters: 100, epoch: 241 | loss: 0.1185938
	speed: 0.3483s/iter; left time: 3308.9600s
Epoch: 241 cost time: 18.503360748291016
Epoch: 241, Steps: 160 | Train Loss: 0.1199021 Vali Loss: 0.4633397 Test Loss: 0.3748671
EarlyStopping counter: 14 out of 20
Updating learning rate to 1.4182391828011037e-05
	iters: 100, epoch: 242 | loss: 0.1205207
	speed: 0.3403s/iter; left time: 3178.8703s
Epoch: 242 cost time: 12.41002345085144
Epoch: 242, Steps: 160 | Train Loss: 0.1198984 Vali Loss: 0.4624892 Test Loss: 0.3749602
EarlyStopping counter: 15 out of 20
Updating learning rate to 1.3728810863051892e-05
	iters: 100, epoch: 243 | loss: 0.1203715
	speed: 0.2781s/iter; left time: 2553.4380s
Epoch: 243 cost time: 10.742690086364746
Epoch: 243, Steps: 160 | Train Loss: 0.1198179 Vali Loss: 0.4645515 Test Loss: 0.3768426
EarlyStopping counter: 16 out of 20
Updating learning rate to 1.3281444813895702e-05
	iters: 100, epoch: 244 | loss: 0.1243414
	speed: 0.3405s/iter; left time: 3071.2696s
Epoch: 244 cost time: 18.10726237297058
Epoch: 244, Steps: 160 | Train Loss: 0.1196430 Vali Loss: 0.4637505 Test Loss: 0.3751421
EarlyStopping counter: 17 out of 20
Updating learning rate to 1.2840370334412004e-05
	iters: 100, epoch: 245 | loss: 0.1244489
	speed: 0.3021s/iter; left time: 2676.5867s
Epoch: 245 cost time: 13.34721326828003
Epoch: 245, Steps: 160 | Train Loss: 0.1196630 Vali Loss: 0.4644341 Test Loss: 0.3762360
EarlyStopping counter: 18 out of 20
Updating learning rate to 1.2405663000442195e-05
	iters: 100, epoch: 246 | loss: 0.1209910
	speed: 0.3053s/iter; left time: 2656.5560s
Epoch: 246 cost time: 14.500506401062012
Epoch: 246, Steps: 160 | Train Loss: 0.1195075 Vali Loss: 0.4627896 Test Loss: 0.3747146
EarlyStopping counter: 19 out of 20
Updating learning rate to 1.1977397296850042e-05
	iters: 100, epoch: 247 | loss: 0.1112661
	speed: 0.3445s/iter; left time: 2942.2760s
Epoch: 247 cost time: 15.808342218399048
Epoch: 247, Steps: 160 | Train Loss: 0.1194395 Vali Loss: 0.4627257 Test Loss: 0.3751217
EarlyStopping counter: 20 out of 20
Early stopping
>>>>>>>testing : 96_336_SPM_TST_PEMS08_ftM_sl96_ll18_pl336_dm256_nh1_el1_dl1_df256_fc1_ebtimeF_dtTrue_Exp_0<<<<<<<<<<<<<<<<<<<<<<<<<<<<<<<<<
test 3141
mse:0.3737345337867737, mae:0.31372207403182983, rse:0.5564637780189514
