Args in experiment:
Namespace(activation='gelu', affine=0, batch_size=478, c_out=7, checkpoints='./checkpoints/', d_ff=89, d_layers=1, d_model=63, data='ETTm1', data_path='ETTm1.csv', dec_in=7, decomposition=0, des='Exp', devices='0,1,2,3', dishts=1, distil=True, do_predict=False, dropout=0.3, e_layers=1, embed='timeF', embed_type=0, enc_in=7, factor=1, fc_dropout=0.3, features='M', freq='h', gpu=0, head_dropout=0.0, hidden_size=[19, 20], hidden_size1=3, hidden_size2=3, individual=0, is_training=1, itr=1, k=1.0, kernel_size=25, label_len=18, learning_rate=0.00014, loss='mse', lradj='type3', model='SPM_TST', model_id='96_336', moving_avg=25, n_heads=1, num_layers=3, num_workers=10, output_attention=False, padding_patch='end', patch_len=16, patience=8, pct_start=0.3, pred_len=336, random_seed=2021, revin=1, root_path='./dataset/', seq_len=96, stride=8, subtract_last=0, target='OT', test_flop=False, traffic=0, train_epochs=300, use_amp=False, use_gpu=True, use_multi_gpu=False)
Use GPU: cuda:0
>>>>>>>start training : 96_336_SPM_TST_ETTm1_ftM_sl96_ll18_pl336_dm63_nh1_el1_dl1_df89_fc1_ebtimeF_dtTrue_Exp_0>>>>>>>>>>>>>>>>>>>>>>>>>>
train 34129
val 11185
test 11185
Epoch: 1 cost time: 2.3819339275360107
Epoch: 1, Steps: 71 | Train Loss: 0.5367485 Vali Loss: 0.9243426 Test Loss: 0.6468996
Validation loss decreased (inf --> 0.924343).  Saving model ...
Updating learning rate to 0.00014
Epoch: 2 cost time: 2.144251823425293
Epoch: 2, Steps: 71 | Train Loss: 0.4283397 Vali Loss: 0.6740271 Test Loss: 0.4089997
Validation loss decreased (0.924343 --> 0.674027).  Saving model ...
Updating learning rate to 0.00014
Epoch: 3 cost time: 2.158330202102661
Epoch: 3, Steps: 71 | Train Loss: 0.3937381 Vali Loss: 0.6657309 Test Loss: 0.3996890
Validation loss decreased (0.674027 --> 0.665731).  Saving model ...
Updating learning rate to 0.00014
Epoch: 4 cost time: 2.0945935249328613
Epoch: 4, Steps: 71 | Train Loss: 0.3822977 Vali Loss: 0.6594574 Test Loss: 0.3958937
Validation loss decreased (0.665731 --> 0.659457).  Saving model ...
Updating learning rate to 0.000126
Epoch: 5 cost time: 2.4071078300476074
Epoch: 5, Steps: 71 | Train Loss: 0.3752038 Vali Loss: 0.6568336 Test Loss: 0.3951496
Validation loss decreased (0.659457 --> 0.656834).  Saving model ...
Updating learning rate to 0.00011339999999999999
Epoch: 6 cost time: 2.6612350940704346
Epoch: 6, Steps: 71 | Train Loss: 0.3704038 Vali Loss: 0.6553673 Test Loss: 0.3935782
Validation loss decreased (0.656834 --> 0.655367).  Saving model ...
Updating learning rate to 0.00010206000000000001
Epoch: 7 cost time: 2.1542704105377197
Epoch: 7, Steps: 71 | Train Loss: 0.3664636 Vali Loss: 0.6591529 Test Loss: 0.3926566
EarlyStopping counter: 1 out of 8
Updating learning rate to 9.185399999999999e-05
Epoch: 8 cost time: 2.1111087799072266
Epoch: 8, Steps: 71 | Train Loss: 0.3639050 Vali Loss: 0.6560173 Test Loss: 0.3927401
EarlyStopping counter: 2 out of 8
Updating learning rate to 8.26686e-05
Epoch: 9 cost time: 2.159184455871582
Epoch: 9, Steps: 71 | Train Loss: 0.3608082 Vali Loss: 0.6583795 Test Loss: 0.3936565
EarlyStopping counter: 3 out of 8
Updating learning rate to 7.440174e-05
Epoch: 10 cost time: 2.1597793102264404
Epoch: 10, Steps: 71 | Train Loss: 0.3584881 Vali Loss: 0.6512840 Test Loss: 0.3944789
Validation loss decreased (0.655367 --> 0.651284).  Saving model ...
Updating learning rate to 6.6961566e-05
Epoch: 11 cost time: 2.228994607925415
Epoch: 11, Steps: 71 | Train Loss: 0.3564857 Vali Loss: 0.6537396 Test Loss: 0.3924551
EarlyStopping counter: 1 out of 8
Updating learning rate to 6.026540940000001e-05
Epoch: 12 cost time: 2.686563730239868
Epoch: 12, Steps: 71 | Train Loss: 0.3547970 Vali Loss: 0.6484966 Test Loss: 0.3935402
Validation loss decreased (0.651284 --> 0.648497).  Saving model ...
Updating learning rate to 5.4238868460000005e-05
Epoch: 13 cost time: 2.7296228408813477
Epoch: 13, Steps: 71 | Train Loss: 0.3534197 Vali Loss: 0.6499563 Test Loss: 0.3939014
EarlyStopping counter: 1 out of 8
Updating learning rate to 4.881498161400001e-05
Epoch: 14 cost time: 2.101280689239502
Epoch: 14, Steps: 71 | Train Loss: 0.3517187 Vali Loss: 0.6525341 Test Loss: 0.3935814
EarlyStopping counter: 2 out of 8
Updating learning rate to 4.39334834526e-05
Epoch: 15 cost time: 2.1756083965301514
Epoch: 15, Steps: 71 | Train Loss: 0.3504209 Vali Loss: 0.6502709 Test Loss: 0.3949717
EarlyStopping counter: 3 out of 8
Updating learning rate to 3.954013510734001e-05
Epoch: 16 cost time: 2.2080838680267334
Epoch: 16, Steps: 71 | Train Loss: 0.3493541 Vali Loss: 0.6511549 Test Loss: 0.3939473
EarlyStopping counter: 4 out of 8
Updating learning rate to 3.558612159660601e-05
Epoch: 17 cost time: 2.202686309814453
Epoch: 17, Steps: 71 | Train Loss: 0.3482283 Vali Loss: 0.6519724 Test Loss: 0.3944884
EarlyStopping counter: 5 out of 8
Updating learning rate to 3.202750943694541e-05
Epoch: 18 cost time: 2.2077696323394775
Epoch: 18, Steps: 71 | Train Loss: 0.3474144 Vali Loss: 0.6518707 Test Loss: 0.3949963
EarlyStopping counter: 6 out of 8
Updating learning rate to 2.8824758493250867e-05
Epoch: 19 cost time: 3.404548406600952
Epoch: 19, Steps: 71 | Train Loss: 0.3463014 Vali Loss: 0.6535392 Test Loss: 0.3932499
EarlyStopping counter: 7 out of 8
Updating learning rate to 2.594228264392578e-05
Epoch: 20 cost time: 2.8152027130126953
Epoch: 20, Steps: 71 | Train Loss: 0.3456271 Vali Loss: 0.6505481 Test Loss: 0.3953997
EarlyStopping counter: 8 out of 8
Early stopping
>>>>>>>testing : 96_336_SPM_TST_ETTm1_ftM_sl96_ll18_pl336_dm63_nh1_el1_dl1_df89_fc1_ebtimeF_dtTrue_Exp_0<<<<<<<<<<<<<<<<<<<<<<<<<<<<<<<<<
test 11185
mse:0.3935406804084778, mae:0.4045353829860687, rse:0.596575915813446
