Args in experiment:
Namespace(activation='gelu', affine=0, batch_size=438, c_out=7, checkpoints='./checkpoints/', d_ff=150, d_layers=1, d_model=367, data='ETTh2', data_path='ETTh2.csv', dec_in=7, decomposition=0, des='Exp', devices='0,1,2,3', dishts=1, distil=True, do_predict=False, dropout=0.3, e_layers=1, embed='timeF', embed_type=0, enc_in=7, factor=1, fc_dropout=0.3, features='M', freq='h', gpu=0, head_dropout=0.0, hidden_size=[18, 15], hidden_size1=3, hidden_size2=3, individual=0, is_training=1, itr=1, k=1.0, kernel_size=25, label_len=18, learning_rate=0.00818, loss='mse', lradj='type3', model='SPM_TST', model_id='96_720', moving_avg=25, n_heads=1, num_layers=3, num_workers=10, output_attention=False, padding_patch='end', patch_len=16, patience=20, pct_start=0.3, pred_len=720, random_seed=2021, revin=1, root_path='./dataset/', seq_len=96, stride=8, subtract_last=0, target='OT', test_flop=False, traffic=0, train_epochs=300, use_amp=False, use_gpu=True, use_multi_gpu=False)
Use GPU: cuda:0
>>>>>>>start training : 96_720_SPM_TST_ETTh2_ftM_sl96_ll18_pl720_dm367_nh1_el1_dl1_df150_fc1_ebtimeF_dtTrue_Exp_0>>>>>>>>>>>>>>>>>>>>>>>>>>
train 7825
val 2161
test 2161
Epoch: 1 cost time: 1.1536414623260498
Epoch: 1, Steps: 17 | Train Loss: 0.8526297 Vali Loss: 0.6191208 Test Loss: 0.3641548
Validation loss decreased (inf --> 0.619121).  Saving model ...
Updating learning rate to 0.00818
Epoch: 2 cost time: 0.882861852645874
Epoch: 2, Steps: 17 | Train Loss: 0.9078747 Vali Loss: 0.7591339 Test Loss: 0.6747124
EarlyStopping counter: 1 out of 20
Updating learning rate to 0.00818
Epoch: 3 cost time: 0.9026205539703369
Epoch: 3, Steps: 17 | Train Loss: 0.8320655 Vali Loss: 0.6622869 Test Loss: 0.4468426
EarlyStopping counter: 2 out of 20
Updating learning rate to 0.00818
Epoch: 4 cost time: 0.8825995922088623
Epoch: 4, Steps: 17 | Train Loss: 0.8025833 Vali Loss: 0.6453761 Test Loss: 0.4175333
EarlyStopping counter: 3 out of 20
Updating learning rate to 0.007362
Epoch: 5 cost time: 0.9190540313720703
Epoch: 5, Steps: 17 | Train Loss: 0.7787895 Vali Loss: 0.6361231 Test Loss: 0.3955444
EarlyStopping counter: 4 out of 20
Updating learning rate to 0.0066258
Epoch: 6 cost time: 0.8747107982635498
Epoch: 6, Steps: 17 | Train Loss: 0.7624410 Vali Loss: 0.6519527 Test Loss: 0.3913149
EarlyStopping counter: 5 out of 20
Updating learning rate to 0.005963220000000001
Epoch: 7 cost time: 0.8845691680908203
Epoch: 7, Steps: 17 | Train Loss: 0.7490798 Vali Loss: 0.6560520 Test Loss: 0.3812310
EarlyStopping counter: 6 out of 20
Updating learning rate to 0.005366898
Epoch: 8 cost time: 0.8982627391815186
Epoch: 8, Steps: 17 | Train Loss: 0.7377201 Vali Loss: 0.6712586 Test Loss: 0.3843387
EarlyStopping counter: 7 out of 20
Updating learning rate to 0.004830208200000001
Epoch: 9 cost time: 0.8549754619598389
Epoch: 9, Steps: 17 | Train Loss: 0.7236678 Vali Loss: 0.6695628 Test Loss: 0.3868244
EarlyStopping counter: 8 out of 20
Updating learning rate to 0.00434718738
Epoch: 10 cost time: 0.8907299041748047
Epoch: 10, Steps: 17 | Train Loss: 0.7180759 Vali Loss: 0.6496290 Test Loss: 0.3858748
EarlyStopping counter: 9 out of 20
Updating learning rate to 0.003912468642000001
Epoch: 11 cost time: 0.8747539520263672
Epoch: 11, Steps: 17 | Train Loss: 0.7114859 Vali Loss: 0.6705508 Test Loss: 0.3838491
EarlyStopping counter: 10 out of 20
Updating learning rate to 0.0035212217778000008
Epoch: 12 cost time: 0.9408407211303711
Epoch: 12, Steps: 17 | Train Loss: 0.7066774 Vali Loss: 0.6575872 Test Loss: 0.3730950
EarlyStopping counter: 11 out of 20
Updating learning rate to 0.0031690996000200006
Epoch: 13 cost time: 0.959510326385498
Epoch: 13, Steps: 17 | Train Loss: 0.6930141 Vali Loss: 0.6580901 Test Loss: 0.3814354
EarlyStopping counter: 12 out of 20
Updating learning rate to 0.0028521896400180006
Epoch: 14 cost time: 1.0267987251281738
Epoch: 14, Steps: 17 | Train Loss: 0.6861416 Vali Loss: 0.6597598 Test Loss: 0.3795597
EarlyStopping counter: 13 out of 20
Updating learning rate to 0.0025669706760162005
Epoch: 15 cost time: 1.0523252487182617
Epoch: 15, Steps: 17 | Train Loss: 0.6683659 Vali Loss: 0.6556259 Test Loss: 0.3809493
EarlyStopping counter: 14 out of 20
Updating learning rate to 0.0023102736084145807
Epoch: 16 cost time: 1.286008358001709
Epoch: 16, Steps: 17 | Train Loss: 0.6595419 Vali Loss: 0.6532969 Test Loss: 0.3791600
EarlyStopping counter: 15 out of 20
Updating learning rate to 0.0020792462475731225
Epoch: 17 cost time: 1.0227046012878418
Epoch: 17, Steps: 17 | Train Loss: 0.6567309 Vali Loss: 0.6633661 Test Loss: 0.3829904
EarlyStopping counter: 16 out of 20
Updating learning rate to 0.0018713216228158104
Epoch: 18 cost time: 0.9225778579711914
Epoch: 18, Steps: 17 | Train Loss: 0.6515433 Vali Loss: 0.6508442 Test Loss: 0.3770139
EarlyStopping counter: 17 out of 20
Updating learning rate to 0.0016841894605342295
Epoch: 19 cost time: 0.8886115550994873
Epoch: 19, Steps: 17 | Train Loss: 0.6425620 Vali Loss: 0.6496274 Test Loss: 0.3809989
EarlyStopping counter: 18 out of 20
Updating learning rate to 0.0015157705144808063
Epoch: 20 cost time: 0.8527200222015381
Epoch: 20, Steps: 17 | Train Loss: 0.6391158 Vali Loss: 0.6665720 Test Loss: 0.3818595
EarlyStopping counter: 19 out of 20
Updating learning rate to 0.001364193463032726
Epoch: 21 cost time: 1.0695853233337402
Epoch: 21, Steps: 17 | Train Loss: 0.6350647 Vali Loss: 0.6563046 Test Loss: 0.3875639
EarlyStopping counter: 20 out of 20
Early stopping
>>>>>>>testing : 96_720_SPM_TST_ETTh2_ftM_sl96_ll18_pl720_dm367_nh1_el1_dl1_df150_fc1_ebtimeF_dtTrue_Exp_0<<<<<<<<<<<<<<<<<<<<<<<<<<<<<<<<<
test 2161
mse:0.3641549348831177, mae:0.40682253241539, rse:0.49062007665634155
