Args in experiment:
Namespace(activation='gelu', affine=1, batch_size=64, c_out=7, checkpoints='./checkpoints/', d_ff=256, d_layers=1, d_model=256, data='PEMS07', data_path='PEMS07.npz', dec_in=7, decomposition=0, des='Exp', devices='0,1,2,3', dishts=0, distil=True, do_predict=False, dropout=0.2, e_layers=1, embed='timeF', embed_type=0, enc_in=883, factor=1, fc_dropout=0.2, features='M', freq='h', gpu=0, head_dropout=0.0, hidden_size=[32, 8], hidden_size1=3, hidden_size2=3, individual=0, is_training=1, itr=1, k=1.0, kernel_size=25, label_len=18, learning_rate=0.0001, loss='mse', lradj='TST', model='SPM_TST', model_id='96_192', moving_avg=25, n_heads=1, num_layers=3, num_workers=10, output_attention=False, padding_patch='end', patch_len=16, patience=20, pct_start=0.2, pred_len=192, random_seed=2021, revin=1, root_path='./dataset/', seq_len=96, stride=8, subtract_last=0, target='OT', test_flop=False, traffic=0, train_epochs=300, use_amp=False, use_gpu=True, use_multi_gpu=False)
Use GPU: cuda:0
>>>>>>>start training : 96_192_SPM_TST_PEMS07_ftM_sl96_ll18_pl192_dm256_nh1_el1_dl1_df256_fc1_ebtimeF_dtTrue_Exp_0>>>>>>>>>>>>>>>>>>>>>>>>>>
model.revin_layer.affine_weight: 883
model.revin_layer.affine_bias: 883
model.backbone.encoder.layers.0.self_attn.W_Q.weight: 65536
model.backbone.encoder.layers.0.self_attn.W_Q.bias: 256
model.backbone.encoder.layers.0.self_attn.W_K.weight: 65536
model.backbone.encoder.layers.0.self_attn.W_K.bias: 256
model.backbone.encoder.layers.0.self_attn.W_V.weight: 65536
model.backbone.encoder.layers.0.self_attn.W_V.bias: 256
model.backbone.encoder.layers.0.self_attn.to_out.0.weight: 65536
model.backbone.encoder.layers.0.self_attn.to_out.0.bias: 256
model.backbone.encoder.layers.0.norm_attn.1.weight: 256
model.backbone.encoder.layers.0.norm_attn.1.bias: 256
model.backbone.encoder.layers.0.ff.0.weight: 65536
model.backbone.encoder.layers.0.ff.0.bias: 256
model.backbone.encoder.layers.0.ff.3.weight: 65536
model.backbone.encoder.layers.0.ff.3.bias: 256
model.backbone.encoder.layers.0.norm_ffn.1.weight: 256
model.backbone.encoder.layers.0.norm_ffn.1.bias: 256
model.backbone.embeddings.weight: 12544
model.backbone.embeddings.bias: 256
model.predict.mlp.linear_0.weight: 1566720
model.predict.mlp.linear_0.bias: 3072
model.predict.mlp.linear_1.weight: 2359296
model.predict.mlp.linear_1.bias: 768
model.predict.mlp.linear_2.weight: 147456
model.predict.mlp.linear_2.bias: 192
Total trainable parameters: 4487846
train 16647
val 5358
test 5358
	iters: 100, epoch: 1 | loss: 1.7952194
	speed: 0.2350s/iter; left time: 18310.6220s
	iters: 200, epoch: 1 | loss: 1.5160298
	speed: 0.2034s/iter; left time: 15824.9133s
Epoch: 1 cost time: 54.42293858528137
Epoch: 1, Steps: 260 | Train Loss: 1.6937818 Vali Loss: 1.3143898 Test Loss: 1.3597573
Validation loss decreased (inf --> 1.314390).  Saving model ...
Updating learning rate to 4.065790764296446e-06
	iters: 100, epoch: 2 | loss: 1.2055601
	speed: 1.1670s/iter; left time: 90605.8995s
	iters: 200, epoch: 2 | loss: 1.0474229
	speed: 0.2066s/iter; left time: 16018.8947s
Epoch: 2 cost time: 55.068625926971436
Epoch: 2, Steps: 260 | Train Loss: 1.1908798 Vali Loss: 1.0028676 Test Loss: 1.0245681
Validation loss decreased (1.314390 --> 1.002868).  Saving model ...
Updating learning rate to 4.262982706157965e-06
	iters: 100, epoch: 3 | loss: 1.0541723
	speed: 1.1666s/iter; left time: 90275.4322s
	iters: 200, epoch: 3 | loss: 0.8030974
	speed: 0.1986s/iter; left time: 15344.9835s
Epoch: 3 cost time: 52.197285890579224
Epoch: 3, Steps: 260 | Train Loss: 0.9670253 Vali Loss: 0.8553657 Test Loss: 0.8591741
Validation loss decreased (1.002868 --> 0.855366).  Saving model ...
Updating learning rate to 4.591035266894247e-06
	iters: 100, epoch: 4 | loss: 0.8657564
	speed: 1.1982s/iter; left time: 92408.3306s
	iters: 200, epoch: 4 | loss: 0.8846461
	speed: 0.2075s/iter; left time: 15984.1241s
Epoch: 4 cost time: 55.66923642158508
Epoch: 4, Steps: 260 | Train Loss: 0.8277474 Vali Loss: 0.7509418 Test Loss: 0.7361479
Validation loss decreased (0.855366 --> 0.750942).  Saving model ...
Updating learning rate to 5.049049161976097e-06
	iters: 100, epoch: 5 | loss: 0.7060177
	speed: 1.1608s/iter; left time: 89220.2341s
	iters: 200, epoch: 5 | loss: 0.6475947
	speed: 0.2117s/iter; left time: 16252.7171s
Epoch: 5 cost time: 55.42122507095337
Epoch: 5, Steps: 260 | Train Loss: 0.7324830 Vali Loss: 0.6914731 Test Loss: 0.6623376
Validation loss decreased (0.750942 --> 0.691473).  Saving model ...
Updating learning rate to 5.6357688462278495e-06
	iters: 100, epoch: 6 | loss: 0.7678148
	speed: 1.1892s/iter; left time: 91096.3465s
	iters: 200, epoch: 6 | loss: 0.6147903
	speed: 0.1994s/iter; left time: 15257.4003s
Epoch: 6 cost time: 52.40904092788696
Epoch: 6, Steps: 260 | Train Loss: 0.6757416 Vali Loss: 0.6516830 Test Loss: 0.6147119
Validation loss decreased (0.691473 --> 0.651683).  Saving model ...
Updating learning rate to 6.349585955630577e-06
	iters: 100, epoch: 7 | loss: 0.6389022
	speed: 1.1412s/iter; left time: 87120.7856s
	iters: 200, epoch: 7 | loss: 0.6599621
	speed: 0.2052s/iter; left time: 15645.3586s
Epoch: 7 cost time: 53.96672463417053
Epoch: 7, Steps: 260 | Train Loss: 0.6396373 Vali Loss: 0.6244540 Test Loss: 0.5839781
Validation loss decreased (0.651683 --> 0.624454).  Saving model ...
Updating learning rate to 7.188543716301149e-06
	iters: 100, epoch: 8 | loss: 0.5592936
	speed: 1.1852s/iter; left time: 90169.3212s
	iters: 200, epoch: 8 | loss: 0.6155601
	speed: 0.1959s/iter; left time: 14882.8241s
Epoch: 8 cost time: 51.93147921562195
Epoch: 8, Steps: 260 | Train Loss: 0.6129645 Vali Loss: 0.6071744 Test Loss: 0.5655608
Validation loss decreased (0.624454 --> 0.607174).  Saving model ...
Updating learning rate to 8.150342308560913e-06
	iters: 100, epoch: 9 | loss: 0.6380251
	speed: 1.1986s/iter; left time: 90882.1289s
	iters: 200, epoch: 9 | loss: 0.5407947
	speed: 0.2034s/iter; left time: 15403.9363s
Epoch: 9 cost time: 53.76976704597473
Epoch: 9, Steps: 260 | Train Loss: 0.5881473 Vali Loss: 0.6077856 Test Loss: 0.5646743
EarlyStopping counter: 1 out of 20
Updating learning rate to 9.232345171389717e-06
	iters: 100, epoch: 10 | loss: 0.5359043
	speed: 1.1483s/iter; left time: 86763.4051s
	iters: 200, epoch: 10 | loss: 0.5609823
	speed: 0.1994s/iter; left time: 15046.3950s
Epoch: 10 cost time: 54.205607891082764
Epoch: 10, Steps: 260 | Train Loss: 0.5664350 Vali Loss: 0.5723452 Test Loss: 0.5278580
Validation loss decreased (0.607174 --> 0.572345).  Saving model ...
Updating learning rate to 1.0431586229982685e-05
	iters: 100, epoch: 11 | loss: 0.5627884
	speed: 1.1419s/iter; left time: 85983.6387s
	iters: 200, epoch: 11 | loss: 0.5560946
	speed: 0.1885s/iter; left time: 14176.8441s
Epoch: 11 cost time: 49.24454045295715
Epoch: 11, Steps: 260 | Train Loss: 0.5479420 Vali Loss: 0.5684870 Test Loss: 0.5208984
Validation loss decreased (0.572345 --> 0.568487).  Saving model ...
Updating learning rate to 1.1744778026597332e-05
	iters: 100, epoch: 12 | loss: 0.5985484
	speed: 1.1164s/iter; left time: 83778.6000s
	iters: 200, epoch: 12 | loss: 0.5347947
	speed: 0.2002s/iter; left time: 15004.1348s
Epoch: 12 cost time: 53.54468321800232
Epoch: 12, Steps: 260 | Train Loss: 0.5287524 Vali Loss: 0.5476732 Test Loss: 0.4991241
Validation loss decreased (0.568487 --> 0.547673).  Saving model ...
Updating learning rate to 1.3168320732401663e-05
	iters: 100, epoch: 13 | loss: 0.5284371
	speed: 1.1053s/iter; left time: 82654.5280s
	iters: 200, epoch: 13 | loss: 0.5123671
	speed: 0.1983s/iter; left time: 14812.1164s
Epoch: 13 cost time: 51.39181971549988
Epoch: 13, Steps: 260 | Train Loss: 0.5123983 Vali Loss: 0.5318521 Test Loss: 0.4809414
Validation loss decreased (0.547673 --> 0.531852).  Saving model ...
Updating learning rate to 1.4698312015619735e-05
	iters: 100, epoch: 14 | loss: 0.4742119
	speed: 1.1381s/iter; left time: 84811.3226s
	iters: 200, epoch: 14 | loss: 0.4601605
	speed: 0.1950s/iter; left time: 14511.2472s
Epoch: 14 cost time: 51.278557538986206
Epoch: 14, Steps: 260 | Train Loss: 0.4970640 Vali Loss: 0.5151231 Test Loss: 0.4611137
Validation loss decreased (0.531852 --> 0.515123).  Saving model ...
Updating learning rate to 1.6330557738922783e-05
	iters: 100, epoch: 15 | loss: 0.4946011
	speed: 1.1513s/iter; left time: 85493.0125s
	iters: 200, epoch: 15 | loss: 0.4583706
	speed: 0.2094s/iter; left time: 15529.2455s
Epoch: 15 cost time: 53.53862643241882
Epoch: 15, Steps: 260 | Train Loss: 0.4801620 Vali Loss: 0.5090289 Test Loss: 0.4517822
Validation loss decreased (0.515123 --> 0.509029).  Saving model ...
Updating learning rate to 1.806058345674181e-05
	iters: 100, epoch: 16 | loss: 0.4830231
	speed: 1.1527s/iter; left time: 85304.3361s
	iters: 200, epoch: 16 | loss: 0.4244729
	speed: 0.1930s/iter; left time: 14261.3849s
Epoch: 16 cost time: 52.120254039764404
Epoch: 16, Steps: 260 | Train Loss: 0.4642118 Vali Loss: 0.4925172 Test Loss: 0.4327008
Validation loss decreased (0.509029 --> 0.492517).  Saving model ...
Updating learning rate to 1.9883646680984016e-05
	iters: 100, epoch: 17 | loss: 0.4609219
	speed: 1.1466s/iter; left time: 84549.2773s
	iters: 200, epoch: 17 | loss: 0.4177202
	speed: 0.2058s/iter; left time: 15153.5919s
Epoch: 17 cost time: 53.20553994178772
Epoch: 17, Steps: 260 | Train Loss: 0.4465291 Vali Loss: 0.4821004 Test Loss: 0.4202160
Validation loss decreased (0.492517 --> 0.482100).  Saving model ...
Updating learning rate to 2.1794749881529242e-05
	iters: 100, epoch: 18 | loss: 0.4601877
	speed: 1.1349s/iter; left time: 83392.6330s
	iters: 200, epoch: 18 | loss: 0.3653805
	speed: 0.2109s/iter; left time: 15479.7092s
Epoch: 18 cost time: 53.87520670890808
Epoch: 18, Steps: 260 | Train Loss: 0.4292245 Vali Loss: 0.4725697 Test Loss: 0.4023437
Validation loss decreased (0.482100 --> 0.472570).  Saving model ...
Updating learning rate to 2.37886541858686e-05
	iters: 100, epoch: 19 | loss: 0.4105328
	speed: 1.1775s/iter; left time: 86214.0742s
	iters: 200, epoch: 19 | loss: 0.4103223
	speed: 0.1984s/iter; left time: 14504.5678s
Epoch: 19 cost time: 52.287983655929565
Epoch: 19, Steps: 260 | Train Loss: 0.4131171 Vali Loss: 0.4673260 Test Loss: 0.3964050
Validation loss decreased (0.472570 --> 0.467326).  Saving model ...
Updating learning rate to 2.5859893740330574e-05
	iters: 100, epoch: 20 | loss: 0.4141452
	speed: 1.1296s/iter; left time: 82417.1031s
	iters: 200, epoch: 20 | loss: 0.3810440
	speed: 0.2045s/iter; left time: 14901.5056s
Epoch: 20 cost time: 53.841182470321655
Epoch: 20, Steps: 260 | Train Loss: 0.4014748 Vali Loss: 0.4616677 Test Loss: 0.3851698
Validation loss decreased (0.467326 --> 0.461668).  Saving model ...
Updating learning rate to 2.800279069352645e-05
	iters: 100, epoch: 21 | loss: 0.3588131
	speed: 1.1639s/iter; left time: 84618.2358s
	iters: 200, epoch: 21 | loss: 0.3979167
	speed: 0.1927s/iter; left time: 13989.9918s
Epoch: 21 cost time: 52.55915188789368
Epoch: 21, Steps: 260 | Train Loss: 0.3908104 Vali Loss: 0.4509259 Test Loss: 0.3694919
Validation loss decreased (0.461668 --> 0.450926).  Saving model ...
Updating learning rate to 3.0211470760941255e-05
	iters: 100, epoch: 22 | loss: 0.3832587
	speed: 1.1537s/iter; left time: 83575.4481s
	iters: 200, epoch: 22 | loss: 0.3981788
	speed: 0.2121s/iter; left time: 15342.5280s
Epoch: 22 cost time: 55.48975586891174
Epoch: 22, Steps: 260 | Train Loss: 0.3811788 Vali Loss: 0.4434218 Test Loss: 0.3610068
Validation loss decreased (0.450926 --> 0.443422).  Saving model ...
Updating learning rate to 3.247987932800326e-05
	iters: 100, epoch: 23 | loss: 0.3612927
	speed: 1.1309s/iter; left time: 81627.0076s
	iters: 200, epoch: 23 | loss: 0.4252152
	speed: 0.2039s/iter; left time: 14694.5046s
Epoch: 23 cost time: 53.036863803863525
Epoch: 23, Steps: 260 | Train Loss: 0.3723207 Vali Loss: 0.4384023 Test Loss: 0.3557484
Validation loss decreased (0.443422 --> 0.438402).  Saving model ...
Updating learning rate to 3.4801798047488994e-05
	iters: 100, epoch: 24 | loss: 0.3348270
	speed: 1.1594s/iter; left time: 83384.8890s
	iters: 200, epoch: 24 | loss: 0.3481672
	speed: 0.2121s/iter; left time: 15232.8607s
Epoch: 24 cost time: 53.41568446159363
Epoch: 24, Steps: 260 | Train Loss: 0.3647114 Vali Loss: 0.4345696 Test Loss: 0.3482711
Validation loss decreased (0.438402 --> 0.434570).  Saving model ...
Updating learning rate to 3.717086188576557e-05
	iters: 100, epoch: 25 | loss: 0.3660912
	speed: 1.1696s/iter; left time: 83813.5724s
	iters: 200, epoch: 25 | loss: 0.3500833
	speed: 0.2234s/iter; left time: 15987.5777s
Epoch: 25 cost time: 57.10532760620117
Epoch: 25, Steps: 260 | Train Loss: 0.3580110 Vali Loss: 0.4311511 Test Loss: 0.3411819
Validation loss decreased (0.434570 --> 0.431151).  Saving model ...
Updating learning rate to 3.958057657114184e-05
	iters: 100, epoch: 26 | loss: 0.3583491
	speed: 1.2045s/iter; left time: 85999.0132s
	iters: 200, epoch: 26 | loss: 0.3676726
	speed: 0.2101s/iter; left time: 14978.4086s
Epoch: 26 cost time: 55.075618267059326
Epoch: 26, Steps: 260 | Train Loss: 0.3498212 Vali Loss: 0.4305003 Test Loss: 0.3337221
Validation loss decreased (0.431151 --> 0.430500).  Saving model ...
Updating learning rate to 4.202433639649752e-05
	iters: 100, epoch: 27 | loss: 0.3385724
	speed: 1.2302s/iter; left time: 87519.4910s
	iters: 200, epoch: 27 | loss: 0.3296131
	speed: 0.1990s/iter; left time: 14137.0568s
Epoch: 27 cost time: 55.1488823890686
Epoch: 27, Steps: 260 | Train Loss: 0.3435135 Vali Loss: 0.4220212 Test Loss: 0.3319438
Validation loss decreased (0.430500 --> 0.422021).  Saving model ...
Updating learning rate to 4.4495442327388144e-05
	iters: 100, epoch: 28 | loss: 0.3540789
	speed: 1.1740s/iter; left time: 83215.4993s
	iters: 200, epoch: 28 | loss: 0.3281082
	speed: 0.2054s/iter; left time: 14535.1651s
Epoch: 28 cost time: 53.87866473197937
Epoch: 28, Steps: 260 | Train Loss: 0.3365978 Vali Loss: 0.4260145 Test Loss: 0.3236389
EarlyStopping counter: 1 out of 20
Updating learning rate to 4.698712036598658e-05
	iters: 100, epoch: 29 | loss: 0.3219591
	speed: 1.2219s/iter; left time: 86292.3142s
	iters: 200, epoch: 29 | loss: 0.3272660
	speed: 0.1946s/iter; left time: 13726.2907s
Epoch: 29 cost time: 52.82707691192627
Epoch: 29, Steps: 260 | Train Loss: 0.3314153 Vali Loss: 0.4193024 Test Loss: 0.3238378
Validation loss decreased (0.422021 --> 0.419302).  Saving model ...
Updating learning rate to 4.949254012052035e-05
	iters: 100, epoch: 30 | loss: 0.3116047
	speed: 1.2230s/iter; left time: 86054.2186s
	iters: 200, epoch: 30 | loss: 0.3085722
	speed: 0.2127s/iter; left time: 14945.1774s
Epoch: 30 cost time: 55.284542083740234
Epoch: 30, Steps: 260 | Train Loss: 0.3252294 Vali Loss: 0.4232924 Test Loss: 0.3147168
EarlyStopping counter: 1 out of 20
Updating learning rate to 5.200483352930052e-05
	iters: 100, epoch: 31 | loss: 0.2966805
	speed: 1.1750s/iter; left time: 82366.5283s
	iters: 200, epoch: 31 | loss: 0.3051223
	speed: 0.1912s/iter; left time: 13382.9246s
Epoch: 31 cost time: 54.749711990356445
Epoch: 31, Steps: 260 | Train Loss: 0.3200302 Vali Loss: 0.4117372 Test Loss: 0.3083232
Validation loss decreased (0.419302 --> 0.411737).  Saving model ...
Updating learning rate to 5.451711368801456e-05
	iters: 100, epoch: 32 | loss: 0.3086327
	speed: 1.1734s/iter; left time: 81953.1749s
	iters: 200, epoch: 32 | loss: 0.3143957
	speed: 0.1734s/iter; left time: 12096.3907s
Epoch: 32 cost time: 48.61671996116638
Epoch: 32, Steps: 260 | Train Loss: 0.3145422 Vali Loss: 0.3977788 Test Loss: 0.3023979
Validation loss decreased (0.411737 --> 0.397779).  Saving model ...
Updating learning rate to 5.702249372867212e-05
	iters: 100, epoch: 33 | loss: 0.3048561
	speed: 1.0353s/iter; left time: 72038.4971s
	iters: 200, epoch: 33 | loss: 0.3091185
	speed: 0.1985s/iter; left time: 13794.6435s
Epoch: 33 cost time: 50.85975694656372
Epoch: 33, Steps: 260 | Train Loss: 0.3074771 Vali Loss: 0.3988261 Test Loss: 0.2963320
EarlyStopping counter: 1 out of 20
Updating learning rate to 5.951410569845122e-05
	iters: 100, epoch: 34 | loss: 0.2923785
	speed: 1.1011s/iter; left time: 76330.1754s
	iters: 200, epoch: 34 | loss: 0.2912911
	speed: 0.1885s/iter; left time: 13047.3280s
Epoch: 34 cost time: 50.26558232307434
Epoch: 34, Steps: 260 | Train Loss: 0.3020550 Vali Loss: 0.3876825 Test Loss: 0.2923504
Validation loss decreased (0.397779 --> 0.387682).  Saving model ...
Updating learning rate to 6.198511938669259e-05
	iters: 100, epoch: 35 | loss: 0.2854930
	speed: 1.0488s/iter; left time: 72434.2378s
	iters: 200, epoch: 35 | loss: 0.2900282
	speed: 0.1705s/iter; left time: 11756.5665s
Epoch: 35 cost time: 48.20370554924011
Epoch: 35, Steps: 260 | Train Loss: 0.2964390 Vali Loss: 0.3806795 Test Loss: 0.2892965
Validation loss decreased (0.387682 --> 0.380680).  Saving model ...
Updating learning rate to 6.442876104843223e-05
	iters: 100, epoch: 36 | loss: 0.3206534
	speed: 1.0700s/iter; left time: 73619.3217s
	iters: 200, epoch: 36 | loss: 0.3144244
	speed: 0.1778s/iter; left time: 12212.2741s
Epoch: 36 cost time: 48.24381375312805
Epoch: 36, Steps: 260 | Train Loss: 0.2913934 Vali Loss: 0.3602185 Test Loss: 0.2796650
Validation loss decreased (0.380680 --> 0.360218).  Saving model ...
Updating learning rate to 6.683833197314545e-05
	iters: 100, epoch: 37 | loss: 0.3068859
	speed: 1.0360s/iter; left time: 71008.4055s
	iters: 200, epoch: 37 | loss: 0.2543877
	speed: 0.1950s/iter; left time: 13345.9966s
Epoch: 37 cost time: 52.55128026008606
Epoch: 37, Steps: 260 | Train Loss: 0.2883527 Vali Loss: 0.3615443 Test Loss: 0.2774958
EarlyStopping counter: 1 out of 20
Updating learning rate to 6.920722684780042e-05
	iters: 100, epoch: 38 | loss: 0.2634212
	speed: 1.0568s/iter; left time: 72161.1262s
	iters: 200, epoch: 38 | loss: 0.2730097
	speed: 0.1702s/iter; left time: 11601.6118s
Epoch: 38 cost time: 48.00124931335449
Epoch: 38, Steps: 260 | Train Loss: 0.2803049 Vali Loss: 0.3518727 Test Loss: 0.2757428
Validation loss decreased (0.360218 --> 0.351873).  Saving model ...
Updating learning rate to 7.152895186388294e-05
	iters: 100, epoch: 39 | loss: 0.3032935
	speed: 1.1699s/iter; left time: 79577.0315s
	iters: 200, epoch: 39 | loss: 0.2555300
	speed: 0.1804s/iter; left time: 12249.6891s
Epoch: 39 cost time: 51.70417904853821
Epoch: 39, Steps: 260 | Train Loss: 0.2757125 Vali Loss: 0.3442802 Test Loss: 0.2676834
Validation loss decreased (0.351873 --> 0.344280).  Saving model ...
Updating learning rate to 7.379714251875577e-05
	iters: 100, epoch: 40 | loss: 0.2934168
	speed: 1.0970s/iter; left time: 74335.9202s
	iters: 200, epoch: 40 | loss: 0.2551029
	speed: 0.1791s/iter; left time: 12119.0419s
Epoch: 40 cost time: 48.19609332084656
Epoch: 40, Steps: 260 | Train Loss: 0.2707069 Vali Loss: 0.3292339 Test Loss: 0.2640209
Validation loss decreased (0.344280 --> 0.329234).  Saving model ...
Updating learning rate to 7.600558106255411e-05
	iters: 100, epoch: 41 | loss: 0.2556581
	speed: 1.1203s/iter; left time: 75622.1460s
	iters: 200, epoch: 41 | loss: 0.2962819
	speed: 0.1908s/iter; left time: 12859.3661s
Epoch: 41 cost time: 48.9095344543457
Epoch: 41, Steps: 260 | Train Loss: 0.2673588 Vali Loss: 0.3318682 Test Loss: 0.2628949
EarlyStopping counter: 1 out of 20
Updating learning rate to 7.814821354279057e-05
	iters: 100, epoch: 42 | loss: 0.2606636
	speed: 1.0451s/iter; left time: 70273.6076s
	iters: 200, epoch: 42 | loss: 0.2508714
	speed: 0.2148s/iter; left time: 14419.9540s
Epoch: 42 cost time: 52.205116510391235
Epoch: 42, Steps: 260 | Train Loss: 0.2623134 Vali Loss: 0.3143496 Test Loss: 0.2565725
Validation loss decreased (0.329234 --> 0.314350).  Saving model ...
Updating learning rate to 8.021916639994508e-05
	iters: 100, epoch: 43 | loss: 0.2413066
	speed: 1.1092s/iter; left time: 74293.2138s
	iters: 200, epoch: 43 | loss: 0.2611408
	speed: 0.1924s/iter; left time: 12869.4135s
Epoch: 43 cost time: 49.03101897239685
Epoch: 43, Steps: 260 | Train Loss: 0.2583373 Vali Loss: 0.3155680 Test Loss: 0.2530979
EarlyStopping counter: 1 out of 20
Updating learning rate to 8.221276256854706e-05
	iters: 100, epoch: 44 | loss: 0.2527691
	speed: 1.1485s/iter; left time: 76630.8650s
	iters: 200, epoch: 44 | loss: 0.2413987
	speed: 0.1835s/iter; left time: 12222.1271s
Epoch: 44 cost time: 51.280341386795044
Epoch: 44, Steps: 260 | Train Loss: 0.2546727 Vali Loss: 0.3061565 Test Loss: 0.2501354
Validation loss decreased (0.314350 --> 0.306156).  Saving model ...
Updating learning rate to 8.412353703961191e-05
	iters: 100, epoch: 45 | loss: 0.2615000
	speed: 1.1036s/iter; left time: 73348.0132s
	iters: 200, epoch: 45 | loss: 0.2403965
	speed: 0.1803s/iter; left time: 11965.9703s
Epoch: 45 cost time: 49.5184280872345
Epoch: 45, Steps: 260 | Train Loss: 0.2503499 Vali Loss: 0.3004909 Test Loss: 0.2486117
Validation loss decreased (0.306156 --> 0.300491).  Saving model ...
Updating learning rate to 8.594625184177086e-05
	iters: 100, epoch: 46 | loss: 0.2573510
	speed: 1.1378s/iter; left time: 75325.2682s
	iters: 200, epoch: 46 | loss: 0.2465028
	speed: 0.1872s/iter; left time: 12374.8672s
Epoch: 46 cost time: 49.36626100540161
Epoch: 46, Steps: 260 | Train Loss: 0.2471804 Vali Loss: 0.2966512 Test Loss: 0.2441483
Validation loss decreased (0.300491 --> 0.296651).  Saving model ...
Updating learning rate to 8.767591040002693e-05
	iters: 100, epoch: 47 | loss: 0.2570642
	speed: 1.0683s/iter; left time: 70446.7100s
	iters: 200, epoch: 47 | loss: 0.2330536
	speed: 0.2151s/iter; left time: 14165.3244s
Epoch: 47 cost time: 53.44953894615173
Epoch: 47, Steps: 260 | Train Loss: 0.2446218 Vali Loss: 0.2947791 Test Loss: 0.2422219
Validation loss decreased (0.296651 --> 0.294779).  Saving model ...
Updating learning rate to 8.930777123277516e-05
	iters: 100, epoch: 48 | loss: 0.2420091
	speed: 1.0938s/iter; left time: 71840.1610s
	iters: 200, epoch: 48 | loss: 0.2310956
	speed: 0.1824s/iter; left time: 11964.8447s
Epoch: 48 cost time: 50.20756769180298
Epoch: 48, Steps: 260 | Train Loss: 0.2397650 Vali Loss: 0.2927667 Test Loss: 0.2399372
Validation loss decreased (0.294779 --> 0.292767).  Saving model ...
Updating learning rate to 9.083736094953998e-05
	iters: 100, epoch: 49 | loss: 0.2374388
	speed: 1.1160s/iter; left time: 73008.2439s
	iters: 200, epoch: 49 | loss: 0.2288975
	speed: 0.1832s/iter; left time: 11963.8139s
Epoch: 49 cost time: 52.14926862716675
Epoch: 49, Steps: 260 | Train Loss: 0.2376594 Vali Loss: 0.2889200 Test Loss: 0.2375994
Validation loss decreased (0.292767 --> 0.288920).  Saving model ...
Updating learning rate to 9.226048651379954e-05
	iters: 100, epoch: 50 | loss: 0.2292405
	speed: 1.0533s/iter; left time: 68636.1796s
	iters: 200, epoch: 50 | loss: 0.2491276
	speed: 0.1832s/iter; left time: 11921.4169s
Epoch: 50 cost time: 50.10947060585022
Epoch: 50, Steps: 260 | Train Loss: 0.2333509 Vali Loss: 0.2862693 Test Loss: 0.2393204
Validation loss decreased (0.288920 --> 0.286269).  Saving model ...
Updating learning rate to 9.357324673728038e-05
	iters: 100, epoch: 51 | loss: 0.2333762
	speed: 1.0870s/iter; left time: 70549.5000s
	iters: 200, epoch: 51 | loss: 0.2430198
	speed: 0.1901s/iter; left time: 12320.8936s
Epoch: 51 cost time: 50.00299382209778
Epoch: 51, Steps: 260 | Train Loss: 0.2314843 Vali Loss: 0.2861145 Test Loss: 0.2374745
Validation loss decreased (0.286269 --> 0.286115).  Saving model ...
Updating learning rate to 9.477204297421413e-05
	iters: 100, epoch: 52 | loss: 0.2242286
	speed: 1.0347s/iter; left time: 66884.8834s
	iters: 200, epoch: 52 | loss: 0.2245741
	speed: 0.1934s/iter; left time: 12479.6230s
Epoch: 52 cost time: 49.92459535598755
Epoch: 52, Steps: 260 | Train Loss: 0.2300497 Vali Loss: 0.2841550 Test Loss: 0.2342690
Validation loss decreased (0.286115 --> 0.284155).  Saving model ...
Updating learning rate to 9.585358898623983e-05
	iters: 100, epoch: 53 | loss: 0.2609974
	speed: 1.0904s/iter; left time: 70203.1442s
	iters: 200, epoch: 53 | loss: 0.2121019
	speed: 0.1818s/iter; left time: 11689.3533s
Epoch: 53 cost time: 48.128506660461426
Epoch: 53, Steps: 260 | Train Loss: 0.2256715 Vali Loss: 0.2815335 Test Loss: 0.2359514
Validation loss decreased (0.284155 --> 0.281533).  Saving model ...
Updating learning rate to 9.681491995090942e-05
	iters: 100, epoch: 54 | loss: 0.2377952
	speed: 1.0523s/iter; left time: 67472.4206s
	iters: 200, epoch: 54 | loss: 0.2167133
	speed: 0.1957s/iter; left time: 12531.0470s
Epoch: 54 cost time: 53.295231103897095
Epoch: 54, Steps: 260 | Train Loss: 0.2230823 Vali Loss: 0.2707257 Test Loss: 0.2309251
Validation loss decreased (0.281533 --> 0.270726).  Saving model ...
Updating learning rate to 9.765340058910177e-05
	iters: 100, epoch: 55 | loss: 0.2293576
	speed: 1.0298s/iter; left time: 65766.9081s
	iters: 200, epoch: 55 | loss: 0.2277070
	speed: 0.1734s/iter; left time: 11054.5197s
Epoch: 55 cost time: 48.58942174911499
Epoch: 55, Steps: 260 | Train Loss: 0.2220235 Vali Loss: 0.2787575 Test Loss: 0.2340521
EarlyStopping counter: 1 out of 20
Updating learning rate to 9.836673238906544e-05
	iters: 100, epoch: 56 | loss: 0.2112787
	speed: 1.1300s/iter; left time: 71871.2590s
	iters: 200, epoch: 56 | loss: 0.2011986
	speed: 0.1703s/iter; left time: 10816.3695s
Epoch: 56 cost time: 47.69976449012756
Epoch: 56, Steps: 260 | Train Loss: 0.2186341 Vali Loss: 0.2706343 Test Loss: 0.2257961
Validation loss decreased (0.270726 --> 0.270634).  Saving model ...
Updating learning rate to 9.895295990728723e-05
	iters: 100, epoch: 57 | loss: 0.2140380
	speed: 1.0568s/iter; left time: 66940.7256s
	iters: 200, epoch: 57 | loss: 0.2112501
	speed: 0.1812s/iter; left time: 11459.1138s
Epoch: 57 cost time: 48.77315878868103
Epoch: 57, Steps: 260 | Train Loss: 0.2163176 Vali Loss: 0.2715200 Test Loss: 0.2259395
EarlyStopping counter: 1 out of 20
Updating learning rate to 9.941047612891402e-05
	iters: 100, epoch: 58 | loss: 0.1879517
	speed: 1.1086s/iter; left time: 69934.3631s
	iters: 200, epoch: 58 | loss: 0.1963079
	speed: 0.2061s/iter; left time: 12977.5630s
Epoch: 58 cost time: 51.11472773551941
Epoch: 58, Steps: 260 | Train Loss: 0.2147272 Vali Loss: 0.2645425 Test Loss: 0.2287742
Validation loss decreased (0.270634 --> 0.264543).  Saving model ...
Updating learning rate to 9.973802687303334e-05
	iters: 100, epoch: 59 | loss: 0.2184781
	speed: 1.0349s/iter; left time: 65012.8159s
	iters: 200, epoch: 59 | loss: 0.2126877
	speed: 0.1993s/iter; left time: 12502.7536s
Epoch: 59 cost time: 51.57605481147766
Epoch: 59, Steps: 260 | Train Loss: 0.2123055 Vali Loss: 0.2663183 Test Loss: 0.2261576
EarlyStopping counter: 1 out of 20
Updating learning rate to 9.993471423073679e-05
	iters: 100, epoch: 60 | loss: 0.1923660
	speed: 1.0709s/iter; left time: 66996.8417s
	iters: 200, epoch: 60 | loss: 0.1953583
	speed: 0.1761s/iter; left time: 11001.8639s
Epoch: 60 cost time: 48.843384742736816
Epoch: 60, Steps: 260 | Train Loss: 0.2105825 Vali Loss: 0.2595873 Test Loss: 0.2222779
Validation loss decreased (0.264543 --> 0.259587).  Saving model ...
Updating learning rate to 9.999999993663217e-05
	iters: 100, epoch: 61 | loss: 0.1921597
	speed: 1.0973s/iter; left time: 68363.2769s
	iters: 200, epoch: 61 | loss: 0.2131482
	speed: 0.1983s/iter; left time: 12332.7432s
Epoch: 61 cost time: 53.68682670593262
Epoch: 61, Steps: 260 | Train Loss: 0.2089151 Vali Loss: 0.2560456 Test Loss: 0.2209615
Validation loss decreased (0.259587 --> 0.256046).  Saving model ...
Updating learning rate to 9.99956833821417e-05
	iters: 100, epoch: 62 | loss: 0.2144661
	speed: 1.0447s/iter; left time: 64815.2483s
	iters: 200, epoch: 62 | loss: 0.1989733
	speed: 0.1795s/iter; left time: 11115.5918s
Epoch: 62 cost time: 49.37242674827576
Epoch: 62, Steps: 260 | Train Loss: 0.2059021 Vali Loss: 0.2552114 Test Loss: 0.2202065
Validation loss decreased (0.256046 --> 0.255211).  Saving model ...
Updating learning rate to 9.998280035895112e-05
	iters: 100, epoch: 63 | loss: 0.2133659
	speed: 1.1164s/iter; left time: 68972.2943s
	iters: 200, epoch: 63 | loss: 0.1880418
	speed: 0.1749s/iter; left time: 10789.1675s
Epoch: 63 cost time: 49.30154609680176
Epoch: 63, Steps: 260 | Train Loss: 0.2052145 Vali Loss: 0.2597095 Test Loss: 0.2187968
EarlyStopping counter: 1 out of 20
Updating learning rate to 9.996135307450019e-05
	iters: 100, epoch: 64 | loss: 0.2092078
	speed: 1.0515s/iter; left time: 64691.2566s
	iters: 200, epoch: 64 | loss: 0.2067789
	speed: 0.1963s/iter; left time: 12054.4636s
Epoch: 64 cost time: 52.23892784118652
Epoch: 64, Steps: 260 | Train Loss: 0.2030750 Vali Loss: 0.2524121 Test Loss: 0.2178712
Validation loss decreased (0.255211 --> 0.252412).  Saving model ...
Updating learning rate to 9.993134520367065e-05
	iters: 100, epoch: 65 | loss: 0.2032200
	speed: 1.0228s/iter; left time: 62657.5320s
	iters: 200, epoch: 65 | loss: 0.2084287
	speed: 0.1960s/iter; left time: 11988.1637s
Epoch: 65 cost time: 48.915271043777466
Epoch: 65, Steps: 260 | Train Loss: 0.2012541 Vali Loss: 0.2555290 Test Loss: 0.2153394
EarlyStopping counter: 1 out of 20
Updating learning rate to 9.98927818881567e-05
	iters: 100, epoch: 66 | loss: 0.2090521
	speed: 1.0278s/iter; left time: 62698.8310s
	iters: 200, epoch: 66 | loss: 0.1915808
	speed: 0.2037s/iter; left time: 12405.1557s
Epoch: 66 cost time: 50.955305337905884
Epoch: 66, Steps: 260 | Train Loss: 0.1991443 Vali Loss: 0.2467904 Test Loss: 0.2134227
Validation loss decreased (0.252412 --> 0.246790).  Saving model ...
Updating learning rate to 9.984566973558392e-05
	iters: 100, epoch: 67 | loss: 0.1996243
	speed: 1.0453s/iter; left time: 63490.4508s
	iters: 200, epoch: 67 | loss: 0.2017837
	speed: 0.1764s/iter; left time: 10696.7594s
Epoch: 67 cost time: 46.434892892837524
Epoch: 67, Steps: 260 | Train Loss: 0.1981208 Vali Loss: 0.2472074 Test Loss: 0.2126753
EarlyStopping counter: 1 out of 20
Updating learning rate to 9.979001681837713e-05
	iters: 100, epoch: 68 | loss: 0.1991868
	speed: 1.1060s/iter; left time: 66894.4921s
	iters: 200, epoch: 68 | loss: 0.1961423
	speed: 0.1799s/iter; left time: 10859.7969s
Epoch: 68 cost time: 47.412405490875244
Epoch: 68, Steps: 260 | Train Loss: 0.1960471 Vali Loss: 0.2449100 Test Loss: 0.2127038
Validation loss decreased (0.246790 --> 0.244910).  Saving model ...
Updating learning rate to 9.97258326723772e-05
	iters: 100, epoch: 69 | loss: 0.1891934
	speed: 1.0208s/iter; left time: 61472.7720s
	iters: 200, epoch: 69 | loss: 0.1851411
	speed: 0.1891s/iter; left time: 11367.5795s
Epoch: 69 cost time: 49.5339241027832
Epoch: 69, Steps: 260 | Train Loss: 0.1943868 Vali Loss: 0.2432885 Test Loss: 0.2080818
Validation loss decreased (0.244910 --> 0.243289).  Saving model ...
Updating learning rate to 9.96531282952071e-05
	iters: 100, epoch: 70 | loss: 0.1930522
	speed: 1.0989s/iter; left time: 65888.2929s
	iters: 200, epoch: 70 | loss: 0.1779302
	speed: 0.1932s/iter; left time: 11565.3391s
Epoch: 70 cost time: 48.569921016693115
Epoch: 70, Steps: 260 | Train Loss: 0.1927898 Vali Loss: 0.2402844 Test Loss: 0.2063155
Validation loss decreased (0.243289 --> 0.240284).  Saving model ...
Updating learning rate to 9.957191614438759e-05
	iters: 100, epoch: 71 | loss: 0.1864933
	speed: 1.0239s/iter; left time: 61126.5714s
	iters: 200, epoch: 71 | loss: 0.1951835
	speed: 0.1925s/iter; left time: 11473.1030s
Epoch: 71 cost time: 50.3936824798584
Epoch: 71, Steps: 260 | Train Loss: 0.1922674 Vali Loss: 0.2391481 Test Loss: 0.2076380
Validation loss decreased (0.240284 --> 0.239148).  Saving model ...
Updating learning rate to 9.948221013520265e-05
	iters: 100, epoch: 72 | loss: 0.1938185
	speed: 1.0736s/iter; left time: 63817.0566s
	iters: 200, epoch: 72 | loss: 0.1904842
	speed: 0.1656s/iter; left time: 9827.9614s
Epoch: 72 cost time: 47.3838050365448
Epoch: 72, Steps: 260 | Train Loss: 0.1898762 Vali Loss: 0.2472770 Test Loss: 0.2082637
EarlyStopping counter: 1 out of 20
Updating learning rate to 9.93840256383151e-05
	iters: 100, epoch: 73 | loss: 0.2100299
	speed: 1.0616s/iter; left time: 62824.8551s
	iters: 200, epoch: 73 | loss: 0.1869884
	speed: 0.1973s/iter; left time: 11656.9311s
Epoch: 73 cost time: 52.886866092681885
Epoch: 73, Steps: 260 | Train Loss: 0.1887375 Vali Loss: 0.2392318 Test Loss: 0.2067938
EarlyStopping counter: 2 out of 20
Updating learning rate to 9.927737947713309e-05
	iters: 100, epoch: 74 | loss: 0.1819261
	speed: 1.0068s/iter; left time: 59324.0860s
	iters: 200, epoch: 74 | loss: 0.1789376
	speed: 0.1765s/iter; left time: 10381.6825s
Epoch: 74 cost time: 47.85477423667908
Epoch: 74, Steps: 260 | Train Loss: 0.1869667 Vali Loss: 0.2348027 Test Loss: 0.2041555
Validation loss decreased (0.239148 --> 0.234803).  Saving model ...
Updating learning rate to 9.916228992492726e-05
	iters: 100, epoch: 75 | loss: 0.1793100
	speed: 1.1120s/iter; left time: 65228.6518s
	iters: 200, epoch: 75 | loss: 0.1844254
	speed: 0.1685s/iter; left time: 9864.7910s
Epoch: 75 cost time: 48.22174286842346
Epoch: 75, Steps: 260 | Train Loss: 0.1855044 Vali Loss: 0.2342553 Test Loss: 0.2029263
Validation loss decreased (0.234803 --> 0.234255).  Saving model ...
Updating learning rate to 9.903877670169993e-05
	iters: 100, epoch: 76 | loss: 0.1924519
	speed: 1.0257s/iter; left time: 59899.8238s
	iters: 200, epoch: 76 | loss: 0.1798407
	speed: 0.1913s/iter; left time: 11155.8791s
Epoch: 76 cost time: 51.09484601020813
Epoch: 76, Steps: 260 | Train Loss: 0.1841951 Vali Loss: 0.2361310 Test Loss: 0.2018144
EarlyStopping counter: 1 out of 20
Updating learning rate to 9.890686097080605e-05
	iters: 100, epoch: 77 | loss: 0.1671177
	speed: 1.0728s/iter; left time: 62373.2812s
	iters: 200, epoch: 77 | loss: 0.1694084
	speed: 0.1909s/iter; left time: 11078.7150s
Epoch: 77 cost time: 48.488354444503784
Epoch: 77, Steps: 260 | Train Loss: 0.1832129 Vali Loss: 0.2400361 Test Loss: 0.2070969
EarlyStopping counter: 2 out of 20
Updating learning rate to 9.8766565335327e-05
	iters: 100, epoch: 78 | loss: 0.1621524
	speed: 1.0543s/iter; left time: 61024.4782s
	iters: 200, epoch: 78 | loss: 0.1880642
	speed: 0.2051s/iter; left time: 11849.6988s
Epoch: 78 cost time: 53.52166271209717
Epoch: 78, Steps: 260 | Train Loss: 0.1818160 Vali Loss: 0.2378964 Test Loss: 0.2031605
EarlyStopping counter: 3 out of 20
Updating learning rate to 9.861791383419767e-05
	iters: 100, epoch: 79 | loss: 0.1949024
	speed: 1.0302s/iter; left time: 59362.0945s
	iters: 200, epoch: 79 | loss: 0.1634812
	speed: 0.1840s/iter; left time: 10582.5195s
Epoch: 79 cost time: 47.549896478652954
Epoch: 79, Steps: 260 | Train Loss: 0.1801481 Vali Loss: 0.2337630 Test Loss: 0.1994577
Validation loss decreased (0.234255 --> 0.233763).  Saving model ...
Updating learning rate to 9.846093193808752e-05
	iters: 100, epoch: 80 | loss: 0.1660170
	speed: 1.1006s/iter; left time: 63131.5956s
	iters: 200, epoch: 80 | loss: 0.1733797
	speed: 0.1813s/iter; left time: 10381.8142s
Epoch: 80 cost time: 50.043182611465454
Epoch: 80, Steps: 260 | Train Loss: 0.1795966 Vali Loss: 0.2276670 Test Loss: 0.2004674
Validation loss decreased (0.233763 --> 0.227667).  Saving model ...
Updating learning rate to 9.82956465450363e-05
	iters: 100, epoch: 81 | loss: 0.1829358
	speed: 1.0093s/iter; left time: 57632.3134s
	iters: 200, epoch: 81 | loss: 0.1754823
	speed: 0.1883s/iter; left time: 10736.0616s
Epoch: 81 cost time: 48.693684101104736
Epoch: 81, Steps: 260 | Train Loss: 0.1785678 Vali Loss: 0.2295913 Test Loss: 0.1970330
EarlyStopping counter: 1 out of 20
Updating learning rate to 9.812208597584525e-05
	iters: 100, epoch: 82 | loss: 0.1845445
	speed: 1.0911s/iter; left time: 62018.8814s
	iters: 200, epoch: 82 | loss: 0.1773812
	speed: 0.1813s/iter; left time: 10286.5065s
Epoch: 82 cost time: 47.133692026138306
Epoch: 82, Steps: 260 | Train Loss: 0.1772290 Vali Loss: 0.2291414 Test Loss: 0.1991513
EarlyStopping counter: 2 out of 20
Updating learning rate to 9.794027996922439e-05
	iters: 100, epoch: 83 | loss: 0.1735366
	speed: 1.0433s/iter; left time: 59029.3389s
	iters: 200, epoch: 83 | loss: 0.1659092
	speed: 0.1972s/iter; left time: 11139.1269s
Epoch: 83 cost time: 53.25750660896301
Epoch: 83, Steps: 260 | Train Loss: 0.1758121 Vali Loss: 0.2296847 Test Loss: 0.1968801
EarlyStopping counter: 3 out of 20
Updating learning rate to 9.775025967669698e-05
	iters: 100, epoch: 84 | loss: 0.1685602
	speed: 1.0581s/iter; left time: 59593.9522s
	iters: 200, epoch: 84 | loss: 0.1706814
	speed: 0.1797s/iter; left time: 10101.1047s
Epoch: 84 cost time: 49.385066986083984
Epoch: 84, Steps: 260 | Train Loss: 0.1751919 Vali Loss: 0.2299500 Test Loss: 0.1985436
EarlyStopping counter: 4 out of 20
Updating learning rate to 9.755205765726197e-05
	iters: 100, epoch: 85 | loss: 0.1721320
	speed: 1.0792s/iter; left time: 60499.5468s
	iters: 200, epoch: 85 | loss: 0.1620769
	speed: 0.2029s/iter; left time: 11353.2551s
Epoch: 85 cost time: 52.44891571998596
Epoch: 85, Steps: 260 | Train Loss: 0.1736127 Vali Loss: 0.2278602 Test Loss: 0.1944287
EarlyStopping counter: 5 out of 20
Updating learning rate to 9.734570787181501e-05
	iters: 100, epoch: 86 | loss: 0.1751507
	speed: 1.0273s/iter; left time: 57323.3317s
	iters: 200, epoch: 86 | loss: 0.1949367
	speed: 0.1658s/iter; left time: 9234.7628s
Epoch: 86 cost time: 48.05721306800842
Epoch: 86, Steps: 260 | Train Loss: 0.1724271 Vali Loss: 0.2253915 Test Loss: 0.1944968
Validation loss decreased (0.227667 --> 0.225392).  Saving model ...
Updating learning rate to 9.713124567732957e-05
	iters: 100, epoch: 87 | loss: 0.1697868
	speed: 1.1135s/iter; left time: 61843.7775s
	iters: 200, epoch: 87 | loss: 0.1732217
	speed: 0.1688s/iter; left time: 9355.8785s
Epoch: 87 cost time: 47.56576895713806
Epoch: 87, Steps: 260 | Train Loss: 0.1716332 Vali Loss: 0.2231658 Test Loss: 0.1935456
Validation loss decreased (0.225392 --> 0.223166).  Saving model ...
Updating learning rate to 9.690870782079858e-05
	iters: 100, epoch: 88 | loss: 0.1697811
	speed: 1.0318s/iter; left time: 57039.9152s
	iters: 200, epoch: 88 | loss: 0.1664221
	speed: 0.1972s/iter; left time: 10881.1763s
Epoch: 88 cost time: 50.55159902572632
Epoch: 88, Steps: 260 | Train Loss: 0.1702411 Vali Loss: 0.2268616 Test Loss: 0.1952254
EarlyStopping counter: 1 out of 20
Updating learning rate to 9.667813243293818e-05
	iters: 100, epoch: 89 | loss: 0.1660726
	speed: 1.0856s/iter; left time: 59730.5952s
	iters: 200, epoch: 89 | loss: 0.1762412
	speed: 0.1880s/iter; left time: 10322.7013s
Epoch: 89 cost time: 49.228293657302856
Epoch: 89, Steps: 260 | Train Loss: 0.1693619 Vali Loss: 0.2282399 Test Loss: 0.1934666
EarlyStopping counter: 2 out of 20
Updating learning rate to 9.643955902165403e-05
	iters: 100, epoch: 90 | loss: 0.1667039
	speed: 1.0619s/iter; left time: 58153.3978s
	iters: 200, epoch: 90 | loss: 0.1586258
	speed: 0.2028s/iter; left time: 11086.9456s
Epoch: 90 cost time: 51.91579604148865
Epoch: 90, Steps: 260 | Train Loss: 0.1686184 Vali Loss: 0.2264426 Test Loss: 0.1922565
EarlyStopping counter: 3 out of 20
Updating learning rate to 9.6193028465272e-05
	iters: 100, epoch: 91 | loss: 0.1763672
	speed: 1.0296s/iter; left time: 56112.4924s
	iters: 200, epoch: 91 | loss: 0.1759231
	speed: 0.1790s/iter; left time: 9740.1361s
Epoch: 91 cost time: 47.74880886077881
Epoch: 91, Steps: 260 | Train Loss: 0.1680354 Vali Loss: 0.2264790 Test Loss: 0.1916958
EarlyStopping counter: 4 out of 20
Updating learning rate to 9.593858300553378e-05
	iters: 100, epoch: 92 | loss: 0.1766020
	speed: 1.1196s/iter; left time: 60726.5110s
	iters: 200, epoch: 92 | loss: 0.1588894
	speed: 0.1753s/iter; left time: 9488.5765s
Epoch: 92 cost time: 48.2473258972168
Epoch: 92, Steps: 260 | Train Loss: 0.1665451 Vali Loss: 0.2213411 Test Loss: 0.1919503
Validation loss decreased (0.223166 --> 0.221341).  Saving model ...
Updating learning rate to 9.567626624035899e-05
	iters: 100, epoch: 93 | loss: 0.1626344
	speed: 1.0030s/iter; left time: 54141.3861s
	iters: 200, epoch: 93 | loss: 0.1570613
	speed: 0.2026s/iter; left time: 10918.8863s
Epoch: 93 cost time: 49.16430974006653
Epoch: 93, Steps: 260 | Train Loss: 0.1659327 Vali Loss: 0.2250955 Test Loss: 0.1919000
EarlyStopping counter: 1 out of 20
Updating learning rate to 9.540612311637497e-05
	iters: 100, epoch: 94 | loss: 0.1606951
	speed: 1.0869s/iter; left time: 58387.4199s
	iters: 200, epoch: 94 | loss: 0.1847120
	speed: 0.1850s/iter; left time: 9919.0976s
Epoch: 94 cost time: 47.44727325439453
Epoch: 94, Steps: 260 | Train Loss: 0.1648727 Vali Loss: 0.2238961 Test Loss: 0.1908061
EarlyStopping counter: 2 out of 20
Updating learning rate to 9.512819992121526e-05
	iters: 100, epoch: 95 | loss: 0.1491242
	speed: 1.0291s/iter; left time: 55015.6609s
	iters: 200, epoch: 95 | loss: 0.1710916
	speed: 0.1998s/iter; left time: 10663.0038s
Epoch: 95 cost time: 53.57670617103577
Epoch: 95, Steps: 260 | Train Loss: 0.1640187 Vali Loss: 0.2192759 Test Loss: 0.1903724
Validation loss decreased (0.221341 --> 0.219276).  Saving model ...
Updating learning rate to 9.484254427558864e-05
	iters: 100, epoch: 96 | loss: 0.1630239
	speed: 1.0255s/iter; left time: 54556.6808s
	iters: 200, epoch: 96 | loss: 0.1626984
	speed: 0.1879s/iter; left time: 9978.0810s
Epoch: 96 cost time: 48.81872367858887
Epoch: 96, Steps: 260 | Train Loss: 0.1632438 Vali Loss: 0.2213868 Test Loss: 0.1906615
EarlyStopping counter: 1 out of 20
Updating learning rate to 9.454920512511944e-05
	iters: 100, epoch: 97 | loss: 0.1442124
	speed: 1.0805s/iter; left time: 57203.0162s
	iters: 200, epoch: 97 | loss: 0.1708725
	speed: 0.1878s/iter; left time: 9923.5526s
Epoch: 97 cost time: 51.452831745147705
Epoch: 97, Steps: 260 | Train Loss: 0.1621521 Vali Loss: 0.2247980 Test Loss: 0.1891783
EarlyStopping counter: 2 out of 20
Updating learning rate to 9.424823273196092e-05
	iters: 100, epoch: 98 | loss: 0.1611841
	speed: 1.0046s/iter; left time: 52922.5063s
	iters: 200, epoch: 98 | loss: 0.1571481
	speed: 0.1767s/iter; left time: 9291.0073s
Epoch: 98 cost time: 47.974714040756226
Epoch: 98, Steps: 260 | Train Loss: 0.1614962 Vali Loss: 0.2205368 Test Loss: 0.1906254
EarlyStopping counter: 3 out of 20
Updating learning rate to 9.393967866618329e-05
	iters: 100, epoch: 99 | loss: 0.1707701
	speed: 1.1030s/iter; left time: 57817.8105s
	iters: 200, epoch: 99 | loss: 0.1723801
	speed: 0.1743s/iter; left time: 9121.6212s
Epoch: 99 cost time: 47.25722026824951
Epoch: 99, Steps: 260 | Train Loss: 0.1607895 Vali Loss: 0.2188342 Test Loss: 0.1884212
Validation loss decreased (0.219276 --> 0.218834).  Saving model ...
Updating learning rate to 9.362359579693725e-05
	iters: 100, epoch: 100 | loss: 0.1699915
	speed: 1.0244s/iter; left time: 53435.8023s
	iters: 200, epoch: 100 | loss: 0.1557889
	speed: 0.1995s/iter; left time: 10387.0183s
Epoch: 100 cost time: 51.71363282203674
Epoch: 100, Steps: 260 | Train Loss: 0.1598335 Vali Loss: 0.2206028 Test Loss: 0.1863152
EarlyStopping counter: 1 out of 20
Updating learning rate to 9.330003828339528e-05
	iters: 100, epoch: 101 | loss: 0.1628934
	speed: 1.0595s/iter; left time: 54987.2420s
	iters: 200, epoch: 101 | loss: 0.1668302
	speed: 0.1851s/iter; left time: 9589.8272s
Epoch: 101 cost time: 47.673686027526855
Epoch: 101, Steps: 260 | Train Loss: 0.1589321 Vali Loss: 0.2212702 Test Loss: 0.1879794
EarlyStopping counter: 2 out of 20
Updating learning rate to 9.296906156547163e-05
	iters: 100, epoch: 102 | loss: 0.1460670
	speed: 1.0607s/iter; left time: 54775.7690s
	iters: 200, epoch: 102 | loss: 0.1617021
	speed: 0.2014s/iter; left time: 10378.2418s
Epoch: 102 cost time: 51.41634774208069
Epoch: 102, Steps: 260 | Train Loss: 0.1585619 Vali Loss: 0.2233516 Test Loss: 0.1886264
EarlyStopping counter: 3 out of 20
Updating learning rate to 9.263072235432303e-05
	iters: 100, epoch: 103 | loss: 0.1598480
	speed: 1.0572s/iter; left time: 54318.0927s
	iters: 200, epoch: 103 | loss: 0.1543013
	speed: 0.1746s/iter; left time: 8952.3377s
Epoch: 103 cost time: 47.96679925918579
Epoch: 103, Steps: 260 | Train Loss: 0.1572527 Vali Loss: 0.2202686 Test Loss: 0.1868220
EarlyStopping counter: 4 out of 20
Updating learning rate to 9.228507862263153e-05
	iters: 100, epoch: 104 | loss: 0.1557151
	speed: 1.1239s/iter; left time: 57454.9602s
	iters: 200, epoch: 104 | loss: 0.1595348
	speed: 0.1853s/iter; left time: 9454.5136s
Epoch: 104 cost time: 49.47175574302673
Epoch: 104, Steps: 260 | Train Loss: 0.1569345 Vali Loss: 0.2184449 Test Loss: 0.1852122
Validation loss decreased (0.218834 --> 0.218445).  Saving model ...
Updating learning rate to 9.193218959467121e-05
	iters: 100, epoch: 105 | loss: 0.1553843
	speed: 1.0394s/iter; left time: 52864.8663s
	iters: 200, epoch: 105 | loss: 0.1603713
	speed: 0.1862s/iter; left time: 9453.2274s
Epoch: 105 cost time: 50.30830907821655
Epoch: 105, Steps: 260 | Train Loss: 0.1562446 Vali Loss: 0.2156826 Test Loss: 0.1847398
Validation loss decreased (0.218445 --> 0.215683).  Saving model ...
Updating learning rate to 9.157211573616032e-05
	iters: 100, epoch: 106 | loss: 0.1541246
	speed: 1.1061s/iter; left time: 55971.1271s
	iters: 200, epoch: 106 | loss: 0.1642379
	speed: 0.1712s/iter; left time: 8647.2397s
Epoch: 106 cost time: 47.29401922225952
Epoch: 106, Steps: 260 | Train Loss: 0.1557205 Vali Loss: 0.2153993 Test Loss: 0.1858209
Validation loss decreased (0.215683 --> 0.215399).  Saving model ...
Updating learning rate to 9.120491874390083e-05
	iters: 100, epoch: 107 | loss: 0.1580963
	speed: 1.0642s/iter; left time: 53572.3176s
	iters: 200, epoch: 107 | loss: 0.1537373
	speed: 0.1890s/iter; left time: 9497.8247s
Epoch: 107 cost time: 51.33043146133423
Epoch: 107, Steps: 260 | Train Loss: 0.1549846 Vali Loss: 0.2161644 Test Loss: 0.1853168
EarlyStopping counter: 1 out of 20
Updating learning rate to 9.083066153520705e-05
	iters: 100, epoch: 108 | loss: 0.1720324
	speed: 1.0564s/iter; left time: 52903.1814s
	iters: 200, epoch: 108 | loss: 0.1447831
	speed: 0.1831s/iter; left time: 9152.7083s
Epoch: 108 cost time: 48.65893530845642
Epoch: 108, Steps: 260 | Train Loss: 0.1543738 Vali Loss: 0.2160101 Test Loss: 0.1849982
EarlyStopping counter: 2 out of 20
Updating learning rate to 9.044940823712501e-05
	iters: 100, epoch: 109 | loss: 0.1646424
	speed: 1.0630s/iter; left time: 52958.6356s
	iters: 200, epoch: 109 | loss: 0.1525970
	speed: 0.2058s/iter; left time: 10231.7314s
Epoch: 109 cost time: 51.68212699890137
Epoch: 109, Steps: 260 | Train Loss: 0.1533535 Vali Loss: 0.2157497 Test Loss: 0.1831264
EarlyStopping counter: 3 out of 20
Updating learning rate to 9.006122417544462e-05
	iters: 100, epoch: 110 | loss: 0.1425517
	speed: 1.0091s/iter; left time: 50009.8322s
	iters: 200, epoch: 110 | loss: 0.1596196
	speed: 0.1808s/iter; left time: 8944.1982s
Epoch: 110 cost time: 47.33197546005249
Epoch: 110, Steps: 260 | Train Loss: 0.1526320 Vali Loss: 0.2123417 Test Loss: 0.1824313
Validation loss decreased (0.215399 --> 0.212342).  Saving model ...
Updating learning rate to 8.96661758635065e-05
	iters: 100, epoch: 111 | loss: 0.1450375
	speed: 1.0815s/iter; left time: 53319.7247s
	iters: 200, epoch: 111 | loss: 0.1516958
	speed: 0.1769s/iter; left time: 8702.8957s
Epoch: 111 cost time: 47.29423809051514
Epoch: 111, Steps: 260 | Train Loss: 0.1520950 Vali Loss: 0.2163673 Test Loss: 0.1836999
EarlyStopping counter: 1 out of 20
Updating learning rate to 8.926433099080515e-05
	iters: 100, epoch: 112 | loss: 0.1549942
	speed: 1.0281s/iter; left time: 50419.0674s
	iters: 200, epoch: 112 | loss: 0.1558226
	speed: 0.1899s/iter; left time: 9292.1316s
Epoch: 112 cost time: 50.015357971191406
Epoch: 112, Steps: 260 | Train Loss: 0.1517667 Vali Loss: 0.2155564 Test Loss: 0.1826735
EarlyStopping counter: 2 out of 20
Updating learning rate to 8.885575841139085e-05
	iters: 100, epoch: 113 | loss: 0.1366107
	speed: 1.0113s/iter; left time: 49333.3733s
	iters: 200, epoch: 113 | loss: 0.1469306
	speed: 0.1796s/iter; left time: 8743.5781s
Epoch: 113 cost time: 49.849825859069824
Epoch: 113, Steps: 260 | Train Loss: 0.1509755 Vali Loss: 0.2142851 Test Loss: 0.1828810
EarlyStopping counter: 3 out of 20
Updating learning rate to 8.84405281320717e-05
	iters: 100, epoch: 114 | loss: 0.1697783
	speed: 1.1450s/iter; left time: 55558.7982s
	iters: 200, epoch: 114 | loss: 0.1612029
	speed: 0.1911s/iter; left time: 9251.3608s
Epoch: 114 cost time: 50.46096920967102
Epoch: 114, Steps: 260 | Train Loss: 0.1505044 Vali Loss: 0.2131913 Test Loss: 0.1819451
EarlyStopping counter: 4 out of 20
Updating learning rate to 8.801871130041846e-05
	iters: 100, epoch: 115 | loss: 0.1490957
	speed: 1.0464s/iter; left time: 50500.4817s
	iters: 200, epoch: 115 | loss: 0.1451174
	speed: 0.1901s/iter; left time: 9155.6194s
Epoch: 115 cost time: 50.68393898010254
Epoch: 115, Steps: 260 | Train Loss: 0.1492813 Vali Loss: 0.2137136 Test Loss: 0.1804830
EarlyStopping counter: 5 out of 20
Updating learning rate to 8.759038019257375e-05
	iters: 100, epoch: 116 | loss: 0.1455124
	speed: 1.1402s/iter; left time: 54729.9009s
	iters: 200, epoch: 116 | loss: 0.1481421
	speed: 0.1716s/iter; left time: 8218.0786s
Epoch: 116 cost time: 47.943002223968506
Epoch: 116, Steps: 260 | Train Loss: 0.1489725 Vali Loss: 0.2117979 Test Loss: 0.1802143
Validation loss decreased (0.212342 --> 0.211798).  Saving model ...
Updating learning rate to 8.715560820086779e-05
	iters: 100, epoch: 117 | loss: 0.1545690
	speed: 1.0991s/iter; left time: 52471.4493s
	iters: 200, epoch: 117 | loss: 0.1587475
	speed: 0.2006s/iter; left time: 9555.3568s
Epoch: 117 cost time: 53.714383602142334
Epoch: 117, Steps: 260 | Train Loss: 0.1486959 Vali Loss: 0.2119554 Test Loss: 0.1811320
EarlyStopping counter: 1 out of 20
Updating learning rate to 8.67144698212432e-05
	iters: 100, epoch: 118 | loss: 0.1516154
	speed: 1.0633s/iter; left time: 50486.9421s
	iters: 200, epoch: 118 | loss: 0.1503706
	speed: 0.1929s/iter; left time: 9138.4329s
Epoch: 118 cost time: 50.83987283706665
Epoch: 118, Steps: 260 | Train Loss: 0.1476277 Vali Loss: 0.2137148 Test Loss: 0.1819739
EarlyStopping counter: 2 out of 20
Updating learning rate to 8.62670406404903e-05
	iters: 100, epoch: 119 | loss: 0.1482448
	speed: 1.1301s/iter; left time: 53363.0735s
	iters: 200, epoch: 119 | loss: 0.1503888
	speed: 0.1845s/iter; left time: 8691.9359s
Epoch: 119 cost time: 50.000577211380005
Epoch: 119, Steps: 260 | Train Loss: 0.1471448 Vali Loss: 0.2133970 Test Loss: 0.1799601
EarlyStopping counter: 3 out of 20
Updating learning rate to 8.581339732329587e-05
	iters: 100, epoch: 120 | loss: 0.1561024
	speed: 1.0607s/iter; left time: 49812.2472s
	iters: 200, epoch: 120 | loss: 0.1544496
	speed: 0.1812s/iter; left time: 8491.7933s
Epoch: 120 cost time: 48.48278856277466
Epoch: 120, Steps: 260 | Train Loss: 0.1467173 Vali Loss: 0.2147966 Test Loss: 0.1786486
EarlyStopping counter: 4 out of 20
Updating learning rate to 8.535361759910694e-05
	iters: 100, epoch: 121 | loss: 0.1580040
	speed: 1.1444s/iter; left time: 53445.9299s
	iters: 200, epoch: 121 | loss: 0.1517089
	speed: 0.1718s/iter; left time: 8007.1108s
Epoch: 121 cost time: 48.198540449142456
Epoch: 121, Steps: 260 | Train Loss: 0.1462565 Vali Loss: 0.2160134 Test Loss: 0.1801655
EarlyStopping counter: 5 out of 20
Updating learning rate to 8.488778024881229e-05
	iters: 100, epoch: 122 | loss: 0.1434518
	speed: 1.1075s/iter; left time: 51432.3983s
	iters: 200, epoch: 122 | loss: 0.1448343
	speed: 0.2072s/iter; left time: 9599.5969s
Epoch: 122 cost time: 54.74603247642517
Epoch: 122, Steps: 260 | Train Loss: 0.1459843 Vali Loss: 0.2144299 Test Loss: 0.1801516
EarlyStopping counter: 6 out of 20
Updating learning rate to 8.441596509124373e-05
	iters: 100, epoch: 123 | loss: 0.1566480
	speed: 1.0935s/iter; left time: 50499.4341s
	iters: 200, epoch: 123 | loss: 0.1384007
	speed: 0.2004s/iter; left time: 9234.3406s
Epoch: 123 cost time: 50.399495363235474
Epoch: 123, Steps: 260 | Train Loss: 0.1450659 Vali Loss: 0.2124897 Test Loss: 0.1795047
EarlyStopping counter: 7 out of 20
Updating learning rate to 8.393825296949966e-05
	iters: 100, epoch: 124 | loss: 0.1478868
	speed: 1.1151s/iter; left time: 51207.1780s
	iters: 200, epoch: 124 | loss: 0.1368322
	speed: 0.2059s/iter; left time: 9436.5562s
Epoch: 124 cost time: 50.94168162345886
Epoch: 124, Steps: 260 | Train Loss: 0.1446161 Vali Loss: 0.2145909 Test Loss: 0.1791341
EarlyStopping counter: 8 out of 20
Updating learning rate to 8.345472573709284e-05
	iters: 100, epoch: 125 | loss: 0.1502025
	speed: 1.0804s/iter; left time: 49333.3114s
	iters: 200, epoch: 125 | loss: 0.1339236
	speed: 0.1775s/iter; left time: 8088.3910s
Epoch: 125 cost time: 49.38462448120117
Epoch: 125, Steps: 260 | Train Loss: 0.1438776 Vali Loss: 0.2139439 Test Loss: 0.1803535
EarlyStopping counter: 9 out of 20
Updating learning rate to 8.296546624392533e-05
	iters: 100, epoch: 126 | loss: 0.1356311
	speed: 1.1670s/iter; left time: 52981.4613s
	iters: 200, epoch: 126 | loss: 0.1456732
	speed: 0.1835s/iter; left time: 8314.4015s
Epoch: 126 cost time: 48.307701587677
Epoch: 126, Steps: 260 | Train Loss: 0.1434697 Vali Loss: 0.2133333 Test Loss: 0.1776445
EarlyStopping counter: 10 out of 20
Updating learning rate to 8.24705583220926e-05
	iters: 100, epoch: 127 | loss: 0.1463481
	speed: 1.1035s/iter; left time: 49812.5122s
	iters: 200, epoch: 127 | loss: 0.1405544
	speed: 0.2038s/iter; left time: 9178.9321s
Epoch: 127 cost time: 56.1050443649292
Epoch: 127, Steps: 260 | Train Loss: 0.1434712 Vali Loss: 0.2112750 Test Loss: 0.1784925
Validation loss decreased (0.211798 --> 0.211275).  Saving model ...
Updating learning rate to 8.19700867715192e-05
	iters: 100, epoch: 128 | loss: 0.1462747
	speed: 1.0597s/iter; left time: 47560.5554s
	iters: 200, epoch: 128 | loss: 0.1476407
	speed: 0.1846s/iter; left time: 8268.0996s
Epoch: 128 cost time: 47.401278018951416
Epoch: 128, Steps: 260 | Train Loss: 0.1430286 Vali Loss: 0.2099625 Test Loss: 0.1778141
Validation loss decreased (0.211275 --> 0.209963).  Saving model ...
Updating learning rate to 8.146413734542895e-05
	iters: 100, epoch: 129 | loss: 0.1435552
	speed: 1.0705s/iter; left time: 47764.7915s
	iters: 200, epoch: 129 | loss: 0.1418079
	speed: 0.1950s/iter; left time: 8683.4413s
Epoch: 129 cost time: 51.26515460014343
Epoch: 129, Steps: 260 | Train Loss: 0.1418718 Vali Loss: 0.2096814 Test Loss: 0.1765477
Validation loss decreased (0.209963 --> 0.209681).  Saving model ...
Updating learning rate to 8.095279673565136e-05
	iters: 100, epoch: 130 | loss: 0.1484722
	speed: 1.0261s/iter; left time: 45520.3660s
	iters: 200, epoch: 130 | loss: 0.1391734
	speed: 0.1684s/iter; left time: 7455.1596s
Epoch: 130 cost time: 45.18473196029663
Epoch: 130, Steps: 260 | Train Loss: 0.1415747 Vali Loss: 0.2124918 Test Loss: 0.1777730
EarlyStopping counter: 1 out of 20
Updating learning rate to 8.043615255776751e-05
	iters: 100, epoch: 131 | loss: 0.1412447
	speed: 1.1326s/iter; left time: 49950.6705s
	iters: 200, epoch: 131 | loss: 0.1387895
	speed: 0.1770s/iter; left time: 7786.6867s
Epoch: 131 cost time: 47.01886296272278
Epoch: 131, Steps: 260 | Train Loss: 0.1412600 Vali Loss: 0.2110592 Test Loss: 0.1764179
EarlyStopping counter: 2 out of 20
Updating learning rate to 7.99142933360976e-05
	iters: 100, epoch: 132 | loss: 0.1447656
	speed: 1.0214s/iter; left time: 44777.3321s
	iters: 200, epoch: 132 | loss: 0.1462493
	speed: 0.2017s/iter; left time: 8822.0470s
Epoch: 132 cost time: 51.3473334312439
Epoch: 132, Steps: 260 | Train Loss: 0.1405955 Vali Loss: 0.2077572 Test Loss: 0.1768039
Validation loss decreased (0.209681 --> 0.207757).  Saving model ...
Updating learning rate to 7.938730848853272e-05
	iters: 100, epoch: 133 | loss: 0.1362931
	speed: 1.0631s/iter; left time: 46328.7991s
	iters: 200, epoch: 133 | loss: 0.1467496
	speed: 0.1958s/iter; left time: 8512.9615s
Epoch: 133 cost time: 49.6409387588501
Epoch: 133, Steps: 260 | Train Loss: 0.1404714 Vali Loss: 0.2109730 Test Loss: 0.1769013
EarlyStopping counter: 1 out of 20
Updating learning rate to 7.885528831121357e-05
	iters: 100, epoch: 134 | loss: 0.1305827
	speed: 1.0414s/iter; left time: 45116.5116s
	iters: 200, epoch: 134 | loss: 0.1356897
	speed: 0.1932s/iter; left time: 8349.0634s
Epoch: 134 cost time: 49.87505078315735
Epoch: 134, Steps: 260 | Train Loss: 0.1397622 Vali Loss: 0.2054793 Test Loss: 0.1758891
Validation loss decreased (0.207757 --> 0.205479).  Saving model ...
Updating learning rate to 7.83183239630587e-05
	iters: 100, epoch: 135 | loss: 0.1364616
	speed: 1.0398s/iter; left time: 44774.5245s
	iters: 200, epoch: 135 | loss: 0.1397563
	speed: 0.1651s/iter; left time: 7094.2374s
Epoch: 135 cost time: 45.71272420883179
Epoch: 135, Steps: 260 | Train Loss: 0.1394509 Vali Loss: 0.2092973 Test Loss: 0.1771444
EarlyStopping counter: 1 out of 20
Updating learning rate to 7.777650745014487e-05
	iters: 100, epoch: 136 | loss: 0.1365747
	speed: 0.9846s/iter; left time: 42141.8258s
	iters: 200, epoch: 136 | loss: 0.1520058
	speed: 0.1583s/iter; left time: 6761.6596s
Epoch: 136 cost time: 41.94336676597595
Epoch: 136, Steps: 260 | Train Loss: 0.1391428 Vali Loss: 0.2086089 Test Loss: 0.1742248
EarlyStopping counter: 2 out of 20
Updating learning rate to 7.722993160994228e-05
	iters: 100, epoch: 137 | loss: 0.1426332
	speed: 0.8066s/iter; left time: 34314.0058s
	iters: 200, epoch: 137 | loss: 0.1362364
	speed: 0.1529s/iter; left time: 6489.0826s
Epoch: 137 cost time: 40.85511040687561
Epoch: 137, Steps: 260 | Train Loss: 0.1388845 Vali Loss: 0.2088262 Test Loss: 0.1755199
EarlyStopping counter: 3 out of 20
Updating learning rate to 7.667869009540736e-05
	iters: 100, epoch: 138 | loss: 0.1415441
	speed: 0.9055s/iter; left time: 38285.5374s
	iters: 200, epoch: 138 | loss: 0.1407274
	speed: 0.1527s/iter; left time: 6442.0140s
Epoch: 138 cost time: 41.032092809677124
Epoch: 138, Steps: 260 | Train Loss: 0.1384452 Vali Loss: 0.2089876 Test Loss: 0.1754895
EarlyStopping counter: 4 out of 20
Updating learning rate to 7.612287735893583e-05
	iters: 100, epoch: 139 | loss: 0.1404227
	speed: 0.7990s/iter; left time: 33575.2876s
	iters: 200, epoch: 139 | loss: 0.1423393
	speed: 0.1668s/iter; left time: 6992.1157s
Epoch: 139 cost time: 42.40674567222595
Epoch: 139, Steps: 260 | Train Loss: 0.1380065 Vali Loss: 0.2099471 Test Loss: 0.1785955
EarlyStopping counter: 5 out of 20
Updating learning rate to 7.556258863617876e-05
	iters: 100, epoch: 140 | loss: 0.1409283
	speed: 0.8751s/iter; left time: 36547.0843s
	iters: 200, epoch: 140 | loss: 0.1391044
	speed: 0.1508s/iter; left time: 6283.4580s
Epoch: 140 cost time: 40.18202209472656
Epoch: 140, Steps: 260 | Train Loss: 0.1372960 Vali Loss: 0.2071268 Test Loss: 0.1744052
EarlyStopping counter: 6 out of 20
Updating learning rate to 7.499791992972442e-05
	iters: 100, epoch: 141 | loss: 0.1427320
	speed: 0.8214s/iter; left time: 34089.6071s
	iters: 200, epoch: 141 | loss: 0.1350189
	speed: 0.1570s/iter; left time: 6498.8791s
Epoch: 141 cost time: 41.680002212524414
Epoch: 141, Steps: 260 | Train Loss: 0.1368779 Vali Loss: 0.2075865 Test Loss: 0.1744023
EarlyStopping counter: 7 out of 20
Updating learning rate to 7.442896799264872e-05
	iters: 100, epoch: 142 | loss: 0.1413322
	speed: 0.8564s/iter; left time: 35317.4267s
	iters: 200, epoch: 142 | loss: 0.1327654
	speed: 0.1514s/iter; left time: 6227.8659s
Epoch: 142 cost time: 41.44959330558777
Epoch: 142, Steps: 260 | Train Loss: 0.1368745 Vali Loss: 0.2066199 Test Loss: 0.1753660
EarlyStopping counter: 8 out of 20
Updating learning rate to 7.385583031193714e-05
	iters: 100, epoch: 143 | loss: 0.1412163
	speed: 0.8296s/iter; left time: 33999.2408s
	iters: 200, epoch: 143 | loss: 0.1323794
	speed: 0.1520s/iter; left time: 6212.2499s
Epoch: 143 cost time: 40.837586879730225
Epoch: 143, Steps: 260 | Train Loss: 0.1361044 Vali Loss: 0.2093830 Test Loss: 0.1755052
EarlyStopping counter: 9 out of 20
Updating learning rate to 7.327860509178074e-05
	iters: 100, epoch: 144 | loss: 0.1348792
	speed: 0.8634s/iter; left time: 35160.2452s
	iters: 200, epoch: 144 | loss: 0.1350960
	speed: 0.1588s/iter; left time: 6451.9444s
Epoch: 144 cost time: 42.363768339157104
Epoch: 144, Steps: 260 | Train Loss: 0.1357985 Vali Loss: 0.2045890 Test Loss: 0.1731619
Validation loss decreased (0.205479 --> 0.204589).  Saving model ...
Updating learning rate to 7.26973912367494e-05
	iters: 100, epoch: 145 | loss: 0.1352130
	speed: 0.8122s/iter; left time: 32862.4246s
	iters: 200, epoch: 145 | loss: 0.1429666
	speed: 0.1510s/iter; left time: 6094.4895s
Epoch: 145 cost time: 40.36337089538574
Epoch: 145, Steps: 260 | Train Loss: 0.1359259 Vali Loss: 0.2056905 Test Loss: 0.1731195
EarlyStopping counter: 1 out of 20
Updating learning rate to 7.211228833484511e-05
	iters: 100, epoch: 146 | loss: 0.1295584
	speed: 0.8798s/iter; left time: 35369.1653s
	iters: 200, epoch: 146 | loss: 0.1366801
	speed: 0.1618s/iter; left time: 6490.0080s
Epoch: 146 cost time: 43.61526417732239
Epoch: 146, Steps: 260 | Train Loss: 0.1352281 Vali Loss: 0.2075077 Test Loss: 0.1728907
EarlyStopping counter: 2 out of 20
Updating learning rate to 7.152339664043797e-05
	iters: 100, epoch: 147 | loss: 0.1334169
	speed: 0.8013s/iter; left time: 32005.6290s
	iters: 200, epoch: 147 | loss: 0.1302829
	speed: 0.1553s/iter; left time: 6187.4491s
Epoch: 147 cost time: 41.686163902282715
Epoch: 147, Steps: 260 | Train Loss: 0.1343991 Vali Loss: 0.2041202 Test Loss: 0.1747663
Validation loss decreased (0.204589 --> 0.204120).  Saving model ...
Updating learning rate to 7.093081705708822e-05
	iters: 100, epoch: 148 | loss: 0.1393716
	speed: 0.8626s/iter; left time: 34230.0882s
	iters: 200, epoch: 148 | loss: 0.1243153
	speed: 0.1536s/iter; left time: 6078.7402s
Epoch: 148 cost time: 43.27879977226257
Epoch: 148, Steps: 260 | Train Loss: 0.1342663 Vali Loss: 0.2027225 Test Loss: 0.1730488
Validation loss decreased (0.204120 --> 0.202723).  Saving model ...
Updating learning rate to 7.033465112025685e-05
	iters: 100, epoch: 149 | loss: 0.1306441
	speed: 0.8075s/iter; left time: 31831.0547s
	iters: 200, epoch: 149 | loss: 0.1261574
	speed: 0.1603s/iter; left time: 6304.6325s
Epoch: 149 cost time: 41.565396547317505
Epoch: 149, Steps: 260 | Train Loss: 0.1336655 Vali Loss: 0.2067726 Test Loss: 0.1739907
EarlyStopping counter: 1 out of 20
Updating learning rate to 6.973500097990807e-05
	iters: 100, epoch: 150 | loss: 0.1424575
	speed: 0.8381s/iter; left time: 32820.6828s
	iters: 200, epoch: 150 | loss: 0.1310347
	speed: 0.1567s/iter; left time: 6120.9992s
Epoch: 150 cost time: 42.97324013710022
Epoch: 150, Steps: 260 | Train Loss: 0.1337264 Vali Loss: 0.2052100 Test Loss: 0.1739021
EarlyStopping counter: 2 out of 20
Updating learning rate to 6.913196938300641e-05
	iters: 100, epoch: 151 | loss: 0.1277406
	speed: 0.8094s/iter; left time: 31487.0026s
	iters: 200, epoch: 151 | loss: 0.1284067
	speed: 0.1596s/iter; left time: 6192.8039s
Epoch: 151 cost time: 41.55863404273987
Epoch: 151, Steps: 260 | Train Loss: 0.1332686 Vali Loss: 0.2026162 Test Loss: 0.1737461
Validation loss decreased (0.202723 --> 0.202616).  Saving model ...
Updating learning rate to 6.85256596559116e-05
	iters: 100, epoch: 152 | loss: 0.1300846
	speed: 0.8417s/iter; left time: 32523.2652s
	iters: 200, epoch: 152 | loss: 0.1360347
	speed: 0.1608s/iter; left time: 6199.1098s
Epoch: 152 cost time: 42.65650916099548
Epoch: 152, Steps: 260 | Train Loss: 0.1329323 Vali Loss: 0.2032596 Test Loss: 0.1730891
EarlyStopping counter: 1 out of 20
Updating learning rate to 6.791617568667408e-05
	iters: 100, epoch: 153 | loss: 0.1377505
	speed: 0.8062s/iter; left time: 30942.1131s
	iters: 200, epoch: 153 | loss: 0.1350855
	speed: 0.1605s/iter; left time: 6144.7281s
Epoch: 153 cost time: 41.448415756225586
Epoch: 153, Steps: 260 | Train Loss: 0.1327135 Vali Loss: 0.2052651 Test Loss: 0.1725819
EarlyStopping counter: 2 out of 20
Updating learning rate to 6.730362190723433e-05
	iters: 100, epoch: 154 | loss: 0.1354389
	speed: 0.8302s/iter; left time: 31647.3165s
	iters: 200, epoch: 154 | loss: 0.1335058
	speed: 0.1556s/iter; left time: 5915.6195s
Epoch: 154 cost time: 41.3451714515686
Epoch: 154, Steps: 260 | Train Loss: 0.1322661 Vali Loss: 0.2053387 Test Loss: 0.1719696
EarlyStopping counter: 3 out of 20
Updating learning rate to 6.668810327552903e-05
	iters: 100, epoch: 155 | loss: 0.1415159
	speed: 0.8108s/iter; left time: 30699.3475s
	iters: 200, epoch: 155 | loss: 0.1345050
	speed: 0.1539s/iter; left time: 5811.7134s
Epoch: 155 cost time: 40.99673342704773
Epoch: 155, Steps: 260 | Train Loss: 0.1317794 Vali Loss: 0.2010153 Test Loss: 0.1721340
Validation loss decreased (0.202616 --> 0.201015).  Saving model ...
Updating learning rate to 6.606972525750704e-05
	iters: 100, epoch: 156 | loss: 0.1332262
	speed: 0.8522s/iter; left time: 32042.0900s
	iters: 200, epoch: 156 | loss: 0.1356594
	speed: 0.1689s/iter; left time: 6334.6740s
Epoch: 156 cost time: 44.36080574989319
Epoch: 156, Steps: 260 | Train Loss: 0.1317762 Vali Loss: 0.2069040 Test Loss: 0.1721698
EarlyStopping counter: 1 out of 20
Updating learning rate to 6.544859380905831e-05
	iters: 100, epoch: 157 | loss: 0.1306189
	speed: 0.7850s/iter; left time: 29310.9807s
	iters: 200, epoch: 157 | loss: 0.1271360
	speed: 0.1531s/iter; left time: 5701.0534s
Epoch: 157 cost time: 41.457812786102295
Epoch: 157, Steps: 260 | Train Loss: 0.1315584 Vali Loss: 0.2057663 Test Loss: 0.1729133
EarlyStopping counter: 2 out of 20
Updating learning rate to 6.482481535785895e-05
	iters: 100, epoch: 158 | loss: 0.1420491
	speed: 0.8404s/iter; left time: 31162.4925s
	iters: 200, epoch: 158 | loss: 0.1362507
	speed: 0.1710s/iter; left time: 6324.7133s
Epoch: 158 cost time: 43.97248864173889
Epoch: 158, Steps: 260 | Train Loss: 0.1307175 Vali Loss: 0.2011728 Test Loss: 0.1712443
EarlyStopping counter: 3 out of 20
Updating learning rate to 6.419849678513535e-05
	iters: 100, epoch: 159 | loss: 0.1378735
	speed: 0.8050s/iter; left time: 29639.2015s
	iters: 200, epoch: 159 | loss: 0.1243684
	speed: 0.1565s/iter; left time: 5746.6068s
Epoch: 159 cost time: 41.81147480010986
Epoch: 159, Steps: 260 | Train Loss: 0.1305809 Vali Loss: 0.2059107 Test Loss: 0.1724282
EarlyStopping counter: 4 out of 20
Updating learning rate to 6.356974540735065e-05
	iters: 100, epoch: 160 | loss: 0.1238979
	speed: 0.8394s/iter; left time: 30688.4670s
	iters: 200, epoch: 160 | loss: 0.1325232
	speed: 0.1560s/iter; left time: 5688.9202s
Epoch: 160 cost time: 42.129777669906616
Epoch: 160, Steps: 260 | Train Loss: 0.1300548 Vali Loss: 0.2066883 Test Loss: 0.1715185
EarlyStopping counter: 5 out of 20
Updating learning rate to 6.293866895781662e-05
	iters: 100, epoch: 161 | loss: 0.1291761
	speed: 0.8206s/iter; left time: 29789.3102s
	iters: 200, epoch: 161 | loss: 0.1321593
	speed: 0.1607s/iter; left time: 5818.3854s
Epoch: 161 cost time: 41.94331216812134
Epoch: 161, Steps: 260 | Train Loss: 0.1302889 Vali Loss: 0.2023465 Test Loss: 0.1718903
EarlyStopping counter: 6 out of 20
Updating learning rate to 6.230537556823406e-05
	iters: 100, epoch: 162 | loss: 0.1295670
	speed: 0.8551s/iter; left time: 30819.8205s
	iters: 200, epoch: 162 | loss: 0.1288325
	speed: 0.1581s/iter; left time: 5681.7883s
Epoch: 162 cost time: 42.53957557678223
Epoch: 162, Steps: 260 | Train Loss: 0.1295809 Vali Loss: 0.2033963 Test Loss: 0.1710935
EarlyStopping counter: 7 out of 20
Updating learning rate to 6.166997375016513e-05
	iters: 100, epoch: 163 | loss: 0.1309807
	speed: 0.8123s/iter; left time: 29063.5320s
	iters: 200, epoch: 163 | loss: 0.1283011
	speed: 0.1562s/iter; left time: 5573.5316s
Epoch: 163 cost time: 41.34386372566223
Epoch: 163, Steps: 260 | Train Loss: 0.1294193 Vali Loss: 0.1994850 Test Loss: 0.1708338
Validation loss decreased (0.201015 --> 0.199485).  Saving model ...
Updating learning rate to 6.1032572376440245e-05
	iters: 100, epoch: 164 | loss: 0.1269828
	speed: 0.8884s/iter; left time: 31558.2873s
	iters: 200, epoch: 164 | loss: 0.1216156
	speed: 0.1586s/iter; left time: 5618.1184s
Epoch: 164 cost time: 43.70224475860596
Epoch: 164, Steps: 260 | Train Loss: 0.1291424 Vali Loss: 0.2012105 Test Loss: 0.1697864
EarlyStopping counter: 1 out of 20
Updating learning rate to 6.0393280662503474e-05
	iters: 100, epoch: 165 | loss: 0.1337751
	speed: 0.8099s/iter; left time: 28559.5591s
	iters: 200, epoch: 165 | loss: 0.1233015
	speed: 0.1563s/iter; left time: 5497.3026s
Epoch: 165 cost time: 41.30541658401489
Epoch: 165, Steps: 260 | Train Loss: 0.1291355 Vali Loss: 0.2006342 Test Loss: 0.1733137
EarlyStopping counter: 2 out of 20
Updating learning rate to 5.975220814769891e-05
	iters: 100, epoch: 166 | loss: 0.1408962
	speed: 0.8686s/iter; left time: 30403.0525s
	iters: 200, epoch: 166 | loss: 0.1273252
	speed: 0.1586s/iter; left time: 5534.3733s
Epoch: 166 cost time: 43.639315366744995
Epoch: 166, Steps: 260 | Train Loss: 0.1285184 Vali Loss: 0.2030778 Test Loss: 0.1724538
EarlyStopping counter: 3 out of 20
Updating learning rate to 5.910946467650172e-05
	iters: 100, epoch: 167 | loss: 0.1348719
	speed: 0.8054s/iter; left time: 27980.6123s
	iters: 200, epoch: 167 | loss: 0.1304519
	speed: 0.1549s/iter; left time: 5364.9500s
Epoch: 167 cost time: 40.95092749595642
Epoch: 167, Steps: 260 | Train Loss: 0.1286147 Vali Loss: 0.2042299 Test Loss: 0.1706003
EarlyStopping counter: 4 out of 20
Updating learning rate to 5.846516037969683e-05
	iters: 100, epoch: 168 | loss: 0.1268111
	speed: 0.8776s/iter; left time: 30261.8557s
	iters: 200, epoch: 168 | loss: 0.1286561
	speed: 0.1629s/iter; left time: 5601.4463s
Epoch: 168 cost time: 43.1739604473114
Epoch: 168, Steps: 260 | Train Loss: 0.1279457 Vali Loss: 0.2005418 Test Loss: 0.1715729
EarlyStopping counter: 5 out of 20
Updating learning rate to 5.781940565550862e-05
	iters: 100, epoch: 169 | loss: 0.1337088
	speed: 0.8063s/iter; left time: 27593.1081s
	iters: 200, epoch: 169 | loss: 0.1276859
	speed: 0.1527s/iter; left time: 5209.9360s
Epoch: 169 cost time: 41.04683303833008
Epoch: 169, Steps: 260 | Train Loss: 0.1276179 Vali Loss: 0.2032479 Test Loss: 0.1717096
EarlyStopping counter: 6 out of 20
Updating learning rate to 5.71723111506847e-05
	iters: 100, epoch: 170 | loss: 0.1203269
	speed: 0.8651s/iter; left time: 29378.1209s
	iters: 200, epoch: 170 | loss: 0.1300231
	speed: 0.1639s/iter; left time: 5551.3597s
Epoch: 170 cost time: 43.05506896972656
Epoch: 170, Steps: 260 | Train Loss: 0.1274528 Vali Loss: 0.2051149 Test Loss: 0.1706488
EarlyStopping counter: 7 out of 20
Updating learning rate to 5.652398774153726e-05
	iters: 100, epoch: 171 | loss: 0.1407069
	speed: 0.8391s/iter; left time: 28277.8183s
	iters: 200, epoch: 171 | loss: 0.1364982
	speed: 0.1536s/iter; left time: 5160.6623s
Epoch: 171 cost time: 41.74997806549072
Epoch: 171, Steps: 260 | Train Loss: 0.1274302 Vali Loss: 0.2019432 Test Loss: 0.1708975
EarlyStopping counter: 8 out of 20
Updating learning rate to 5.5874546514944845e-05
	iters: 100, epoch: 172 | loss: 0.1295335
	speed: 0.8828s/iter; left time: 29521.7355s
	iters: 200, epoch: 172 | loss: 0.1227150
	speed: 0.1592s/iter; left time: 5307.9271s
Epoch: 172 cost time: 41.6541645526886
Epoch: 172, Steps: 260 | Train Loss: 0.1269357 Vali Loss: 0.2044256 Test Loss: 0.1703186
EarlyStopping counter: 9 out of 20
Updating learning rate to 5.522409874931831e-05
	iters: 100, epoch: 173 | loss: 0.1279283
	speed: 0.7946s/iter; left time: 26366.1036s
	iters: 200, epoch: 173 | loss: 0.1293657
	speed: 0.1638s/iter; left time: 5419.1277s
Epoch: 173 cost time: 42.42744541168213
Epoch: 173, Steps: 260 | Train Loss: 0.1268568 Vali Loss: 0.1993201 Test Loss: 0.1708907
Validation loss decreased (0.199485 --> 0.199320).  Saving model ...
Updating learning rate to 5.4572755895533794e-05
	iters: 100, epoch: 174 | loss: 0.1287672
	speed: 0.8801s/iter; left time: 28975.1769s
	iters: 200, epoch: 174 | loss: 0.1206884
	speed: 0.1533s/iter; left time: 5031.8704s
Epoch: 174 cost time: 40.91119432449341
Epoch: 174, Steps: 260 | Train Loss: 0.1264545 Vali Loss: 0.2015987 Test Loss: 0.1700506
EarlyStopping counter: 1 out of 20
Updating learning rate to 5.392062955783615e-05
	iters: 100, epoch: 175 | loss: 0.1270839
	speed: 0.8265s/iter; left time: 26995.0907s
	iters: 200, epoch: 175 | loss: 0.1319448
	speed: 0.1592s/iter; left time: 5183.5586s
Epoch: 175 cost time: 41.843435287475586
Epoch: 175, Steps: 260 | Train Loss: 0.1262313 Vali Loss: 0.2017686 Test Loss: 0.1708081
EarlyStopping counter: 2 out of 20
Updating learning rate to 5.326783147471621e-05
	iters: 100, epoch: 176 | loss: 0.1241051
	speed: 0.8992s/iter; left time: 29134.5686s
	iters: 200, epoch: 176 | loss: 0.1323346
	speed: 0.1511s/iter; left time: 4882.0072s
Epoch: 176 cost time: 40.44497871398926
Epoch: 176, Steps: 260 | Train Loss: 0.1261053 Vali Loss: 0.2013591 Test Loss: 0.1695514
EarlyStopping counter: 3 out of 20
Updating learning rate to 5.261447349976487e-05
	iters: 100, epoch: 177 | loss: 0.1265997
	speed: 0.8107s/iter; left time: 26057.0258s
	iters: 200, epoch: 177 | loss: 0.1264423
	speed: 0.1519s/iter; left time: 4866.8506s
Epoch: 177 cost time: 41.203709840774536
Epoch: 177, Steps: 260 | Train Loss: 0.1258196 Vali Loss: 0.1988022 Test Loss: 0.1701514
Validation loss decreased (0.199320 --> 0.198802).  Saving model ...
Updating learning rate to 5.1960667582507684e-05
	iters: 100, epoch: 178 | loss: 0.1389184
	speed: 0.9069s/iter; left time: 28914.3059s
	iters: 200, epoch: 178 | loss: 0.1241617
	speed: 0.1581s/iter; left time: 5024.9081s
Epoch: 178 cost time: 42.25475883483887
Epoch: 178, Steps: 260 | Train Loss: 0.1256738 Vali Loss: 0.1988911 Test Loss: 0.1699663
EarlyStopping counter: 1 out of 20
Updating learning rate to 5.1306525749222735e-05
	iters: 100, epoch: 179 | loss: 0.1163735
	speed: 0.8199s/iter; left time: 25926.7222s
	iters: 200, epoch: 179 | loss: 0.1173500
	speed: 0.1534s/iter; left time: 4835.2469s
Epoch: 179 cost time: 40.75780916213989
Epoch: 179, Steps: 260 | Train Loss: 0.1253806 Vali Loss: 0.2022037 Test Loss: 0.1698171
EarlyStopping counter: 2 out of 20
Updating learning rate to 5.0652160083745646e-05
	iters: 100, epoch: 180 | loss: 0.1274305
	speed: 0.8732s/iter; left time: 27384.0652s
	iters: 200, epoch: 180 | loss: 0.1233557
	speed: 0.1637s/iter; left time: 5117.2779s
Epoch: 180 cost time: 42.17189264297485
Epoch: 180, Steps: 260 | Train Loss: 0.1253321 Vali Loss: 0.1997444 Test Loss: 0.1708763
EarlyStopping counter: 3 out of 20
Updating learning rate to 4.999768270826452e-05
	iters: 100, epoch: 181 | loss: 0.1217956
	speed: 0.7927s/iter; left time: 24654.6346s
	iters: 200, epoch: 181 | loss: 0.1271993
	speed: 0.1545s/iter; left time: 4790.8627s
Epoch: 181 cost time: 42.10394597053528
Epoch: 181, Steps: 260 | Train Loss: 0.1247021 Vali Loss: 0.2001459 Test Loss: 0.1694636
EarlyStopping counter: 4 out of 20
Updating learning rate to 4.934320576410835e-05
	iters: 100, epoch: 182 | loss: 0.1271809
	speed: 0.8840s/iter; left time: 27263.8739s
	iters: 200, epoch: 182 | loss: 0.1315994
	speed: 0.1559s/iter; left time: 4793.7895s
Epoch: 182 cost time: 41.39642834663391
Epoch: 182, Steps: 260 | Train Loss: 0.1247106 Vali Loss: 0.1996675 Test Loss: 0.1701768
EarlyStopping counter: 5 out of 20
Updating learning rate to 4.8688841392532306e-05
	iters: 100, epoch: 183 | loss: 0.1269958
	speed: 0.8201s/iter; left time: 25080.3758s
	iters: 200, epoch: 183 | loss: 0.1266475
	speed: 0.1583s/iter; left time: 4826.5128s
Epoch: 183 cost time: 42.27599883079529
Epoch: 183, Steps: 260 | Train Loss: 0.1247401 Vali Loss: 0.1996944 Test Loss: 0.1725068
EarlyStopping counter: 6 out of 20
Updating learning rate to 4.803470171550274e-05
	iters: 100, epoch: 184 | loss: 0.1253784
	speed: 0.8540s/iter; left time: 25893.2741s
	iters: 200, epoch: 184 | loss: 0.1238867
	speed: 0.1469s/iter; left time: 4440.2027s
Epoch: 184 cost time: 39.66903829574585
Epoch: 184, Steps: 260 | Train Loss: 0.1242333 Vali Loss: 0.2002639 Test Loss: 0.1685816
EarlyStopping counter: 7 out of 20
Updating learning rate to 4.738089881648583e-05
	iters: 100, epoch: 185 | loss: 0.1355694
	speed: 0.8269s/iter; left time: 24856.2563s
	iters: 200, epoch: 185 | loss: 0.1228073
	speed: 0.1651s/iter; left time: 4946.3617s
Epoch: 185 cost time: 43.28935122489929
Epoch: 185, Steps: 260 | Train Loss: 0.1240394 Vali Loss: 0.1977369 Test Loss: 0.1695034
Validation loss decreased (0.198802 --> 0.197737).  Saving model ...
Updating learning rate to 4.672754472124249e-05
	iters: 100, epoch: 186 | loss: 0.1249205
	speed: 0.8811s/iter; left time: 26258.7851s
	iters: 200, epoch: 186 | loss: 0.1200564
	speed: 0.1508s/iter; left time: 4479.6374s
Epoch: 186 cost time: 40.27362298965454
Epoch: 186, Steps: 260 | Train Loss: 0.1238979 Vali Loss: 0.2001922 Test Loss: 0.1685478
EarlyStopping counter: 1 out of 20
Updating learning rate to 4.60747513786335e-05
	iters: 100, epoch: 187 | loss: 0.1276798
	speed: 0.8115s/iter; left time: 23971.2948s
	iters: 200, epoch: 187 | loss: 0.1224787
	speed: 0.1676s/iter; left time: 4932.9186s
Epoch: 187 cost time: 42.7026207447052
Epoch: 187, Steps: 260 | Train Loss: 0.1236503 Vali Loss: 0.1981206 Test Loss: 0.1683995
EarlyStopping counter: 2 out of 20
Updating learning rate to 4.542263064143753e-05
	iters: 100, epoch: 188 | loss: 0.1309236
	speed: 0.8227s/iter; left time: 24090.1756s
	iters: 200, epoch: 188 | loss: 0.1227391
	speed: 0.1647s/iter; left time: 4805.8728s
Epoch: 188 cost time: 42.369746923446655
Epoch: 188, Steps: 260 | Train Loss: 0.1236436 Vali Loss: 0.1980918 Test Loss: 0.1681396
EarlyStopping counter: 3 out of 20
Updating learning rate to 4.477129424718576e-05
	iters: 100, epoch: 189 | loss: 0.1280880
	speed: 0.7905s/iter; left time: 22942.2475s
	iters: 200, epoch: 189 | loss: 0.1171869
	speed: 0.1630s/iter; left time: 4713.8869s
Epoch: 189 cost time: 42.10886001586914
Epoch: 189, Steps: 260 | Train Loss: 0.1231523 Vali Loss: 0.1980112 Test Loss: 0.1685643
EarlyStopping counter: 4 out of 20
Updating learning rate to 4.412085379901623e-05
	iters: 100, epoch: 190 | loss: 0.1265184
	speed: 0.8364s/iter; left time: 24055.6297s
	iters: 200, epoch: 190 | loss: 0.1217396
	speed: 0.1619s/iter; left time: 4640.2360s
Epoch: 190 cost time: 41.85729646682739
Epoch: 190, Steps: 260 | Train Loss: 0.1230416 Vali Loss: 0.1959912 Test Loss: 0.1693005
Validation loss decreased (0.197737 --> 0.195991).  Saving model ...
Updating learning rate to 4.347142074655131e-05
	iters: 100, epoch: 191 | loss: 0.1241758
	speed: 0.7687s/iter; left time: 21910.1054s
	iters: 200, epoch: 191 | loss: 0.1210457
	speed: 0.1676s/iter; left time: 4759.8181s
Epoch: 191 cost time: 43.112337589263916
Epoch: 191, Steps: 260 | Train Loss: 0.1228460 Vali Loss: 0.1992164 Test Loss: 0.1685672
EarlyStopping counter: 1 out of 20
Updating learning rate to 4.28231063668012e-05
	iters: 100, epoch: 192 | loss: 0.1258317
	speed: 0.8559s/iter; left time: 24170.8202s
	iters: 200, epoch: 192 | loss: 0.1303447
	speed: 0.1512s/iter; left time: 4255.2299s
Epoch: 192 cost time: 40.767274141311646
Epoch: 192, Steps: 260 | Train Loss: 0.1225777 Vali Loss: 0.1968232 Test Loss: 0.1692094
EarlyStopping counter: 2 out of 20
Updating learning rate to 4.217602174509735e-05
	iters: 100, epoch: 193 | loss: 0.1167129
	speed: 0.8029s/iter; left time: 22465.2425s
	iters: 200, epoch: 193 | loss: 0.1177962
	speed: 0.1723s/iter; left time: 4802.9347s
Epoch: 193 cost time: 43.99898409843445
Epoch: 193, Steps: 260 | Train Loss: 0.1223857 Vali Loss: 0.1977881 Test Loss: 0.1679962
EarlyStopping counter: 3 out of 20
Updating learning rate to 4.153027775605852e-05
	iters: 100, epoch: 194 | loss: 0.1199833
	speed: 0.8364s/iter; left time: 23186.1042s
	iters: 200, epoch: 194 | loss: 0.1207447
	speed: 0.1482s/iter; left time: 4094.1414s
Epoch: 194 cost time: 39.36994981765747
Epoch: 194, Steps: 260 | Train Loss: 0.1223041 Vali Loss: 0.1984854 Test Loss: 0.1684712
EarlyStopping counter: 4 out of 20
Updating learning rate to 4.0885985044592903e-05
	iters: 100, epoch: 195 | loss: 0.1308031
	speed: 0.8053s/iter; left time: 22114.6614s
	iters: 200, epoch: 195 | loss: 0.1245453
	speed: 0.1664s/iter; left time: 4552.8697s
Epoch: 195 cost time: 42.808103799819946
Epoch: 195, Steps: 260 | Train Loss: 0.1220664 Vali Loss: 0.1987654 Test Loss: 0.1671244
EarlyStopping counter: 5 out of 20
Updating learning rate to 4.02432540069398e-05
	iters: 100, epoch: 196 | loss: 0.1255131
	speed: 0.8284s/iter; left time: 22532.3392s
	iters: 200, epoch: 196 | loss: 0.1181935
	speed: 0.1608s/iter; left time: 4357.8689s
Epoch: 196 cost time: 41.89203715324402
Epoch: 196, Steps: 260 | Train Loss: 0.1218910 Vali Loss: 0.1975644 Test Loss: 0.1687021
EarlyStopping counter: 6 out of 20
Updating learning rate to 3.9602194771753696e-05
	iters: 100, epoch: 197 | loss: 0.1162678
	speed: 0.8136s/iter; left time: 21918.9205s
	iters: 200, epoch: 197 | loss: 0.1263611
	speed: 0.1642s/iter; left time: 4408.6248s
Epoch: 197 cost time: 42.30570459365845
Epoch: 197, Steps: 260 | Train Loss: 0.1218381 Vali Loss: 0.1968141 Test Loss: 0.1702349
EarlyStopping counter: 7 out of 20
Updating learning rate to 3.896291718123439e-05
	iters: 100, epoch: 198 | loss: 0.1197672
	speed: 0.8178s/iter; left time: 21820.5414s
	iters: 200, epoch: 198 | loss: 0.1189156
	speed: 0.1610s/iter; left time: 4279.5597s
Epoch: 198 cost time: 41.5970196723938
Epoch: 198, Steps: 260 | Train Loss: 0.1217718 Vali Loss: 0.1966552 Test Loss: 0.1670797
EarlyStopping counter: 8 out of 20
Updating learning rate to 3.832553077230598e-05
	iters: 100, epoch: 199 | loss: 0.1183615
	speed: 0.7816s/iter; left time: 20651.3011s
	iters: 200, epoch: 199 | loss: 0.1194379
	speed: 0.1616s/iter; left time: 4254.2707s
Epoch: 199 cost time: 43.012489318847656
Epoch: 199, Steps: 260 | Train Loss: 0.1217364 Vali Loss: 0.1958599 Test Loss: 0.1687891
Validation loss decreased (0.195991 --> 0.195860).  Saving model ...
Updating learning rate to 3.769014475784838e-05
	iters: 100, epoch: 200 | loss: 0.1137357
	speed: 0.8484s/iter; left time: 22194.3519s
	iters: 200, epoch: 200 | loss: 0.1149824
	speed: 0.1575s/iter; left time: 4103.7998s
Epoch: 200 cost time: 41.407395124435425
Epoch: 200, Steps: 260 | Train Loss: 0.1213181 Vali Loss: 0.1977497 Test Loss: 0.1679262
EarlyStopping counter: 1 out of 20
Updating learning rate to 3.7056868007984166e-05
	iters: 100, epoch: 201 | loss: 0.1132642
	speed: 0.7852s/iter; left time: 20336.7035s
	iters: 200, epoch: 201 | loss: 0.1166917
	speed: 0.1723s/iter; left time: 4445.5146s
Epoch: 201 cost time: 43.594810009002686
Epoch: 201, Steps: 260 | Train Loss: 0.1210041 Vali Loss: 0.1969044 Test Loss: 0.1671528
EarlyStopping counter: 2 out of 20
Updating learning rate to 3.6425809031424344e-05
	iters: 100, epoch: 202 | loss: 0.1226476
	speed: 0.8541s/iter; left time: 21899.3891s
	iters: 200, epoch: 202 | loss: 0.1148798
	speed: 0.1526s/iter; left time: 3896.9757s
Epoch: 202 cost time: 40.50008010864258
Epoch: 202, Steps: 260 | Train Loss: 0.1210337 Vali Loss: 0.1962813 Test Loss: 0.1682092
EarlyStopping counter: 3 out of 20
Updating learning rate to 3.579707595687584e-05
	iters: 100, epoch: 203 | loss: 0.1170141
	speed: 0.8097s/iter; left time: 20550.2860s
	iters: 200, epoch: 203 | loss: 0.1176743
	speed: 0.1765s/iter; left time: 4460.9898s
Epoch: 203 cost time: 44.12278389930725
Epoch: 203, Steps: 260 | Train Loss: 0.1208435 Vali Loss: 0.1968327 Test Loss: 0.1682874
EarlyStopping counter: 4 out of 20
Updating learning rate to 3.5170776514514246e-05
	iters: 100, epoch: 204 | loss: 0.1162684
	speed: 0.8457s/iter; left time: 21244.6517s
	iters: 200, epoch: 204 | loss: 0.1209359
	speed: 0.1507s/iter; left time: 3770.0801s
Epoch: 204 cost time: 40.579206705093384
Epoch: 204, Steps: 260 | Train Loss: 0.1206559 Vali Loss: 0.1957850 Test Loss: 0.1671877
Validation loss decreased (0.195860 --> 0.195785).  Saving model ...
Updating learning rate to 3.4547018017524796e-05
	iters: 100, epoch: 205 | loss: 0.1128848
	speed: 0.8131s/iter; left time: 20213.3808s
	iters: 200, epoch: 205 | loss: 0.1177928
	speed: 0.1587s/iter; left time: 3930.0186s
Epoch: 205 cost time: 41.92489528656006
Epoch: 205, Steps: 260 | Train Loss: 0.1204353 Vali Loss: 0.1953452 Test Loss: 0.1686564
Validation loss decreased (0.195785 --> 0.195345).  Saving model ...
Updating learning rate to 3.392590734371485e-05
	iters: 100, epoch: 206 | loss: 0.1162461
	speed: 0.8259s/iter; left time: 20317.0196s
	iters: 200, epoch: 206 | loss: 0.1285796
	speed: 0.1631s/iter; left time: 3995.6805s
Epoch: 206 cost time: 42.18103885650635
Epoch: 206, Steps: 260 | Train Loss: 0.1205969 Vali Loss: 0.1982122 Test Loss: 0.1687814
EarlyStopping counter: 1 out of 20
Updating learning rate to 3.3307550917200875e-05
	iters: 100, epoch: 207 | loss: 0.1303935
	speed: 0.8052s/iter; left time: 19599.5207s
	iters: 200, epoch: 207 | loss: 0.1187739
	speed: 0.1651s/iter; left time: 4002.2034s
Epoch: 207 cost time: 43.17304539680481
Epoch: 207, Steps: 260 | Train Loss: 0.1203298 Vali Loss: 0.1969061 Test Loss: 0.1677976
EarlyStopping counter: 2 out of 20
Updating learning rate to 3.269205469017322e-05
	iters: 100, epoch: 208 | loss: 0.1294201
	speed: 0.8268s/iter; left time: 19911.2957s
	iters: 200, epoch: 208 | loss: 0.1175822
	speed: 0.1587s/iter; left time: 3805.2786s
Epoch: 208 cost time: 41.04623556137085
Epoch: 208, Steps: 260 | Train Loss: 0.1200013 Vali Loss: 0.1936472 Test Loss: 0.1676536
Validation loss decreased (0.195345 --> 0.193647).  Saving model ...
Updating learning rate to 3.207952412474186e-05
	iters: 100, epoch: 209 | loss: 0.1213385
	speed: 0.7779s/iter; left time: 18529.5917s
	iters: 200, epoch: 209 | loss: 0.1170639
	speed: 0.1682s/iter; left time: 3990.0721s
Epoch: 209 cost time: 43.37561058998108
Epoch: 209, Steps: 260 | Train Loss: 0.1200468 Vali Loss: 0.1961412 Test Loss: 0.1677421
EarlyStopping counter: 1 out of 20
Updating learning rate to 3.147006417486582e-05
	iters: 100, epoch: 210 | loss: 0.1232293
	speed: 0.8535s/iter; left time: 20109.6568s
	iters: 200, epoch: 210 | loss: 0.1193552
	speed: 0.1534s/iter; left time: 3598.7623s
Epoch: 210 cost time: 41.10690760612488
Epoch: 210, Steps: 260 | Train Loss: 0.1197536 Vali Loss: 0.1962271 Test Loss: 0.1671767
EarlyStopping counter: 2 out of 20
Updating learning rate to 3.086377926837003e-05
	iters: 100, epoch: 211 | loss: 0.1188725
	speed: 0.8018s/iter; left time: 18683.0924s
	iters: 200, epoch: 211 | loss: 0.1266008
	speed: 0.1701s/iter; left time: 3945.9144s
Epoch: 211 cost time: 43.814621925354004
Epoch: 211, Steps: 260 | Train Loss: 0.1196008 Vali Loss: 0.1961377 Test Loss: 0.1670683
EarlyStopping counter: 3 out of 20
Updating learning rate to 3.0260773289052032e-05
	iters: 100, epoch: 212 | loss: 0.1257744
	speed: 0.8419s/iter; left time: 19398.5472s
	iters: 200, epoch: 212 | loss: 0.1188425
	speed: 0.1492s/iter; left time: 3421.7929s
Epoch: 212 cost time: 40.113932371139526
Epoch: 212, Steps: 260 | Train Loss: 0.1194975 Vali Loss: 0.1947080 Test Loss: 0.1668217
EarlyStopping counter: 4 out of 20
Updating learning rate to 2.9661149558882117e-05
	iters: 100, epoch: 213 | loss: 0.1154977
	speed: 0.8186s/iter; left time: 18647.4052s
	iters: 200, epoch: 213 | loss: 0.1199355
	speed: 0.1707s/iter; left time: 3872.6589s
Epoch: 213 cost time: 43.58223843574524
Epoch: 213, Steps: 260 | Train Loss: 0.1193384 Vali Loss: 0.1972531 Test Loss: 0.1673785
EarlyStopping counter: 5 out of 20
Updating learning rate to 2.9065010820299565e-05
	iters: 100, epoch: 214 | loss: 0.1357298
	speed: 0.8332s/iter; left time: 18763.8573s
	iters: 200, epoch: 214 | loss: 0.1204848
	speed: 0.1554s/iter; left time: 3484.3525s
Epoch: 214 cost time: 41.48507261276245
Epoch: 214, Steps: 260 | Train Loss: 0.1192645 Vali Loss: 0.1949675 Test Loss: 0.1673278
EarlyStopping counter: 6 out of 20
Updating learning rate to 2.8472459218608304e-05
	iters: 100, epoch: 215 | loss: 0.1273326
	speed: 0.8194s/iter; left time: 18241.4663s
	iters: 200, epoch: 215 | loss: 0.1158202
	speed: 0.1611s/iter; left time: 3570.9658s
Epoch: 215 cost time: 42.25418400764465
Epoch: 215, Steps: 260 | Train Loss: 0.1191450 Vali Loss: 0.1958438 Test Loss: 0.1664291
EarlyStopping counter: 7 out of 20
Updating learning rate to 2.7883596284474796e-05
	iters: 100, epoch: 216 | loss: 0.1141184
	speed: 0.8102s/iter; left time: 17824.4115s
	iters: 200, epoch: 216 | loss: 0.1138305
	speed: 0.1625s/iter; left time: 3558.0116s
Epoch: 216 cost time: 41.84110426902771
Epoch: 216, Steps: 260 | Train Loss: 0.1189793 Vali Loss: 0.1956506 Test Loss: 0.1669124
EarlyStopping counter: 8 out of 20
Updating learning rate to 2.72985229165314e-05
	iters: 100, epoch: 217 | loss: 0.1173848
	speed: 0.8066s/iter; left time: 17537.2563s
	iters: 200, epoch: 217 | loss: 0.1143015
	speed: 0.1681s/iter; left time: 3637.3413s
Epoch: 217 cost time: 43.734575271606445
Epoch: 217, Steps: 260 | Train Loss: 0.1188756 Vali Loss: 0.1948548 Test Loss: 0.1672032
EarlyStopping counter: 9 out of 20
Updating learning rate to 2.6717339364087686e-05
	iters: 100, epoch: 218 | loss: 0.1157280
	speed: 0.8475s/iter; left time: 18205.0536s
	iters: 200, epoch: 218 | loss: 0.1185692
	speed: 0.1569s/iter; left time: 3354.3547s
Epoch: 218 cost time: 41.30122637748718
Epoch: 218, Steps: 260 | Train Loss: 0.1188524 Vali Loss: 0.1951528 Test Loss: 0.1669035
EarlyStopping counter: 10 out of 20
Updating learning rate to 2.6140145209953434e-05
	iters: 100, epoch: 219 | loss: 0.1193078
	speed: 0.7966s/iter; left time: 16905.4778s
	iters: 200, epoch: 219 | loss: 0.1180376
	speed: 0.1714s/iter; left time: 3619.5379s
Epoch: 219 cost time: 43.42425036430359
Epoch: 219, Steps: 260 | Train Loss: 0.1185186 Vali Loss: 0.1948256 Test Loss: 0.1662571
EarlyStopping counter: 11 out of 20
Updating learning rate to 2.556703935337558e-05
	iters: 100, epoch: 220 | loss: 0.1150260
	speed: 0.8205s/iter; left time: 17197.5045s
	iters: 200, epoch: 220 | loss: 0.1218815
	speed: 0.1538s/iter; left time: 3208.4406s
Epoch: 220 cost time: 41.12251043319702
Epoch: 220, Steps: 260 | Train Loss: 0.1186005 Vali Loss: 0.1945704 Test Loss: 0.1658476
EarlyStopping counter: 12 out of 20
Updating learning rate to 2.499811999309226e-05
	iters: 100, epoch: 221 | loss: 0.1244200
	speed: 0.8148s/iter; left time: 16868.0714s
	iters: 200, epoch: 221 | loss: 0.1107597
	speed: 0.1730s/iter; left time: 3564.2489s
Epoch: 221 cost time: 44.21547245979309
Epoch: 221, Steps: 260 | Train Loss: 0.1184073 Vali Loss: 0.1937681 Test Loss: 0.1667280
EarlyStopping counter: 13 out of 20
Updating learning rate to 2.4433484610507056e-05
	iters: 100, epoch: 222 | loss: 0.1241842
	speed: 0.8174s/iter; left time: 16707.5981s
	iters: 200, epoch: 222 | loss: 0.1239204
	speed: 0.1546s/iter; left time: 3145.4221s
Epoch: 222 cost time: 41.61619186401367
Epoch: 222, Steps: 260 | Train Loss: 0.1182892 Vali Loss: 0.1969554 Test Loss: 0.1673939
EarlyStopping counter: 14 out of 20
Updating learning rate to 2.387322995298603e-05
	iters: 100, epoch: 223 | loss: 0.1169391
	speed: 0.8014s/iter; left time: 16173.5791s
	iters: 200, epoch: 223 | loss: 0.1182974
	speed: 0.1604s/iter; left time: 3220.3484s
Epoch: 223 cost time: 41.76152801513672
Epoch: 223, Steps: 260 | Train Loss: 0.1180100 Vali Loss: 0.1958080 Test Loss: 0.1666924
EarlyStopping counter: 15 out of 20
Updating learning rate to 2.3317452017280553e-05
	iters: 100, epoch: 224 | loss: 0.1128232
	speed: 0.8426s/iter; left time: 16786.4024s
	iters: 200, epoch: 224 | loss: 0.1225514
	speed: 0.1560s/iter; left time: 3092.6468s
Epoch: 224 cost time: 40.982046127319336
Epoch: 224, Steps: 260 | Train Loss: 0.1180704 Vali Loss: 0.1956656 Test Loss: 0.1671038
EarlyStopping counter: 16 out of 20
Updating learning rate to 2.2766246033078752e-05
	iters: 100, epoch: 225 | loss: 0.1128257
	speed: 0.8568s/iter; left time: 16846.3428s
	iters: 200, epoch: 225 | loss: 0.1186529
	speed: 0.1498s/iter; left time: 2930.7212s
Epoch: 225 cost time: 41.19225740432739
Epoch: 225, Steps: 260 | Train Loss: 0.1180452 Vali Loss: 0.1931099 Test Loss: 0.1666368
Validation loss decreased (0.193647 --> 0.193110).  Saving model ...
Updating learning rate to 2.2219706446688408e-05
	iters: 100, epoch: 226 | loss: 0.1244053
	speed: 0.8226s/iter; left time: 15959.5560s
	iters: 200, epoch: 226 | loss: 0.1212978
	speed: 0.1500s/iter; left time: 2894.5244s
Epoch: 226 cost time: 39.78897476196289
Epoch: 226, Steps: 260 | Train Loss: 0.1178597 Vali Loss: 0.1954140 Test Loss: 0.1652087
EarlyStopping counter: 1 out of 20
Updating learning rate to 2.1677926904854068e-05
	iters: 100, epoch: 227 | loss: 0.1191297
	speed: 0.8583s/iter; left time: 16429.5430s
	iters: 200, epoch: 227 | loss: 0.1217806
	speed: 0.1477s/iter; left time: 2811.8054s
Epoch: 227 cost time: 39.106878995895386
Epoch: 227, Steps: 260 | Train Loss: 0.1176597 Vali Loss: 0.1937597 Test Loss: 0.1654918
EarlyStopping counter: 2 out of 20
Updating learning rate to 2.1141000238711106e-05
	iters: 100, epoch: 228 | loss: 0.1158447
	speed: 0.7749s/iter; left time: 14631.7285s
	iters: 200, epoch: 228 | loss: 0.1172467
	speed: 0.1490s/iter; left time: 2798.2252s
Epoch: 228 cost time: 39.731579542160034
Epoch: 228, Steps: 260 | Train Loss: 0.1175657 Vali Loss: 0.1958082 Test Loss: 0.1659255
EarlyStopping counter: 3 out of 20
Updating learning rate to 2.060901844787967e-05
	iters: 100, epoch: 229 | loss: 0.1142901
	speed: 0.8125s/iter; left time: 15129.6215s
	iters: 200, epoch: 229 | loss: 0.1177543
	speed: 0.1621s/iter; left time: 3002.0565s
Epoch: 229 cost time: 43.32899308204651
Epoch: 229, Steps: 260 | Train Loss: 0.1175310 Vali Loss: 0.1957369 Test Loss: 0.1671757
EarlyStopping counter: 4 out of 20
Updating learning rate to 2.0082072684700976e-05
	iters: 100, epoch: 230 | loss: 0.1123902
	speed: 0.7749s/iter; left time: 14227.2342s
	iters: 200, epoch: 230 | loss: 0.1237466
	speed: 0.1522s/iter; left time: 2779.0712s
Epoch: 230 cost time: 39.88635230064392
Epoch: 230, Steps: 260 | Train Loss: 0.1174422 Vali Loss: 0.1946477 Test Loss: 0.1661579
EarlyStopping counter: 5 out of 20
Updating learning rate to 1.956025323861882e-05
	iters: 100, epoch: 231 | loss: 0.1139030
	speed: 0.7735s/iter; left time: 14001.8506s
	iters: 200, epoch: 231 | loss: 0.1140664
	speed: 0.1499s/iter; left time: 2697.7965s
Epoch: 231 cost time: 39.72301697731018
Epoch: 231, Steps: 260 | Train Loss: 0.1173993 Vali Loss: 0.1959704 Test Loss: 0.1660576
EarlyStopping counter: 6 out of 20
Updating learning rate to 1.904364952070895e-05
	iters: 100, epoch: 232 | loss: 0.1181290
	speed: 0.7824s/iter; left time: 13958.8150s
	iters: 200, epoch: 232 | loss: 0.1217608
	speed: 0.1756s/iter; left time: 3115.0554s
Epoch: 232 cost time: 44.656288385391235
Epoch: 232, Steps: 260 | Train Loss: 0.1171711 Vali Loss: 0.1938696 Test Loss: 0.1671208
EarlyStopping counter: 7 out of 20
Updating learning rate to 1.8532350048358953e-05
	iters: 100, epoch: 233 | loss: 0.1148766
	speed: 0.7618s/iter; left time: 13394.0561s
	iters: 200, epoch: 233 | loss: 0.1136254
	speed: 0.1584s/iter; left time: 2768.7497s
Epoch: 233 cost time: 41.35047006607056
Epoch: 233, Steps: 260 | Train Loss: 0.1171323 Vali Loss: 0.1946379 Test Loss: 0.1658831
EarlyStopping counter: 8 out of 20
Updating learning rate to 1.8026442430101252e-05
	iters: 100, epoch: 234 | loss: 0.1207224
	speed: 0.7562s/iter; left time: 13097.3603s
	iters: 200, epoch: 234 | loss: 0.1191020
	speed: 0.1501s/iter; left time: 2584.0906s
Epoch: 234 cost time: 40.100900650024414
Epoch: 234, Steps: 260 | Train Loss: 0.1169910 Vali Loss: 0.1946957 Test Loss: 0.1658826
EarlyStopping counter: 9 out of 20
Updating learning rate to 1.7526013350601784e-05
	iters: 100, epoch: 235 | loss: 0.1134927
	speed: 0.8363s/iter; left time: 14268.1786s
	iters: 200, epoch: 235 | loss: 0.1168160
	speed: 0.1489s/iter; left time: 2525.3904s
Epoch: 235 cost time: 39.8792405128479
Epoch: 235, Steps: 260 | Train Loss: 0.1170057 Vali Loss: 0.1947399 Test Loss: 0.1661024
EarlyStopping counter: 10 out of 20
Updating learning rate to 1.7031148555807114e-05
	iters: 100, epoch: 236 | loss: 0.1151611
	speed: 0.7717s/iter; left time: 12964.6046s
	iters: 200, epoch: 236 | loss: 0.1118723
	speed: 0.1561s/iter; left time: 2606.3544s
Epoch: 236 cost time: 41.05452036857605
Epoch: 236, Steps: 260 | Train Loss: 0.1169670 Vali Loss: 0.1932634 Test Loss: 0.1663983
EarlyStopping counter: 11 out of 20
Updating learning rate to 1.6541932838252288e-05
	iters: 100, epoch: 237 | loss: 0.1149832
	speed: 0.7864s/iter; left time: 13008.0872s
	iters: 200, epoch: 237 | loss: 0.1222531
	speed: 0.1687s/iter; left time: 2773.8324s
Epoch: 237 cost time: 44.85941982269287
Epoch: 237, Steps: 260 | Train Loss: 0.1168057 Vali Loss: 0.1961051 Test Loss: 0.1666852
EarlyStopping counter: 12 out of 20
Updating learning rate to 1.6058450022531963e-05
	iters: 100, epoch: 238 | loss: 0.1079700
	speed: 0.7768s/iter; left time: 12647.0075s
	iters: 200, epoch: 238 | loss: 0.1119963
	speed: 0.1483s/iter; left time: 2399.2368s
Epoch: 238 cost time: 40.701093673706055
Epoch: 238, Steps: 260 | Train Loss: 0.1167062 Vali Loss: 0.1952286 Test Loss: 0.1662529
EarlyStopping counter: 13 out of 20
Updating learning rate to 1.5580782950937685e-05
	iters: 100, epoch: 239 | loss: 0.1174553
	speed: 0.7773s/iter; left time: 12453.2698s
	iters: 200, epoch: 239 | loss: 0.1201378
	speed: 0.1486s/iter; left time: 2365.9435s
Epoch: 239 cost time: 39.48136568069458
Epoch: 239, Steps: 260 | Train Loss: 0.1167284 Vali Loss: 0.1960906 Test Loss: 0.1653522
EarlyStopping counter: 14 out of 20
Updating learning rate to 1.5109013469263137e-05
	iters: 100, epoch: 240 | loss: 0.1115159
	speed: 0.8571s/iter; left time: 13508.4486s
	iters: 200, epoch: 240 | loss: 0.1163566
	speed: 0.1575s/iter; left time: 2466.6822s
Epoch: 240 cost time: 41.10589337348938
Epoch: 240, Steps: 260 | Train Loss: 0.1165878 Vali Loss: 0.1951222 Test Loss: 0.1654630
EarlyStopping counter: 15 out of 20
Updating learning rate to 1.4643222412780298e-05
	iters: 100, epoch: 241 | loss: 0.1176903
	speed: 0.7432s/iter; left time: 11520.9388s
	iters: 200, epoch: 241 | loss: 0.1127772
	speed: 0.1544s/iter; left time: 2377.6126s
Epoch: 241 cost time: 40.793211221694946
Epoch: 241, Steps: 260 | Train Loss: 0.1163909 Vali Loss: 0.1934676 Test Loss: 0.1656838
EarlyStopping counter: 16 out of 20
Updating learning rate to 1.4183489592388811e-05
	iters: 100, epoch: 242 | loss: 0.1141039
	speed: 0.7775s/iter; left time: 11849.5560s
	iters: 200, epoch: 242 | loss: 0.1205834
	speed: 0.1498s/iter; left time: 2268.1525s
Epoch: 242 cost time: 41.53968095779419
Epoch: 242, Steps: 260 | Train Loss: 0.1164199 Vali Loss: 0.1940894 Test Loss: 0.1652949
EarlyStopping counter: 17 out of 20
Updating learning rate to 1.3729893780940738e-05
	iters: 100, epoch: 243 | loss: 0.1205394
	speed: 0.7223s/iter; left time: 10820.8616s
	iters: 200, epoch: 243 | loss: 0.1124318
	speed: 0.1471s/iter; left time: 2189.6384s
Epoch: 243 cost time: 38.8831524848938
Epoch: 243, Steps: 260 | Train Loss: 0.1162785 Vali Loss: 0.1950184 Test Loss: 0.1661164
EarlyStopping counter: 18 out of 20
Updating learning rate to 1.328251269974327e-05
	iters: 100, epoch: 244 | loss: 0.1201363
	speed: 0.6997s/iter; left time: 10300.4190s
	iters: 200, epoch: 244 | loss: 0.1075259
	speed: 0.1460s/iter; left time: 2134.3724s
Epoch: 244 cost time: 38.44082975387573
Epoch: 244, Steps: 260 | Train Loss: 0.1162298 Vali Loss: 0.1945685 Test Loss: 0.1656067
EarlyStopping counter: 19 out of 20
Updating learning rate to 1.2841423005241518e-05
	iters: 100, epoch: 245 | loss: 0.1186653
	speed: 0.7162s/iter; left time: 10356.4237s
	iters: 200, epoch: 245 | loss: 0.1166073
	speed: 0.1454s/iter; left time: 2087.9499s
Epoch: 245 cost time: 39.12006449699402
Epoch: 245, Steps: 260 | Train Loss: 0.1161695 Vali Loss: 0.1937890 Test Loss: 0.1654593
EarlyStopping counter: 20 out of 20
Early stopping
>>>>>>>testing : 96_192_SPM_TST_PEMS07_ftM_sl96_ll18_pl192_dm256_nh1_el1_dl1_df256_fc1_ebtimeF_dtTrue_Exp_0<<<<<<<<<<<<<<<<<<<<<<<<<<<<<<<<<
test 5358
mse:0.16663549840450287, mae:0.2600007653236389, rse:0.400391161441803
