Args in experiment:
Namespace(activation='gelu', affine=0, batch_size=430, c_out=7, checkpoints='./checkpoints/', d_ff=107, d_layers=1, d_model=256, data='ETTh1', data_path='ETTh1.csv', dec_in=7, decomposition=0, des='Exp', devices='0,1,2,3', dishts=1, distil=True, do_predict=False, dropout=0.3, e_layers=1, embed='timeF', embed_type=0, enc_in=7, factor=1, fc_dropout=0.3, features='M', freq='h', gpu=0, head_dropout=0.0, hidden_size=[19, 18], hidden_size1=3, hidden_size2=3, individual=0, is_training=1, itr=1, k=1.0, kernel_size=25, label_len=18, learning_rate=0.00937, loss='mse', lradj='type3', model='SPM_TST', model_id='96_336', moving_avg=25, n_heads=1, num_layers=3, num_workers=10, output_attention=False, padding_patch='end', patch_len=16, patience=8, pct_start=0.3, pred_len=336, random_seed=2021, revin=1, root_path='./dataset/', seq_len=96, stride=8, subtract_last=0, target='OT', test_flop=False, traffic=0, train_epochs=300, use_amp=False, use_gpu=True, use_multi_gpu=False)
Use GPU: cuda:0
>>>>>>>start training : 96_336_SPM_TST_ETTh1_ftM_sl96_ll18_pl336_dm256_nh1_el1_dl1_df107_fc1_ebtimeF_dtTrue_Exp_0>>>>>>>>>>>>>>>>>>>>>>>>>>
train 8209
val 2545
test 2545
Epoch: 1 cost time: 1.187495470046997
Epoch: 1, Steps: 19 | Train Loss: 0.5266985 Vali Loss: 1.3023900 Test Loss: 0.4386703
Validation loss decreased (inf --> 1.302390).  Saving model ...
Updating learning rate to 0.00937
Epoch: 2 cost time: 0.8358407020568848
Epoch: 2, Steps: 19 | Train Loss: 0.6527641 Vali Loss: 1.8700190 Test Loss: 0.9471552
EarlyStopping counter: 1 out of 8
Updating learning rate to 0.00937
Epoch: 3 cost time: 0.9324436187744141
Epoch: 3, Steps: 19 | Train Loss: 0.5750815 Vali Loss: 1.4525626 Test Loss: 0.5632955
EarlyStopping counter: 2 out of 8
Updating learning rate to 0.00937
Epoch: 4 cost time: 0.9216659069061279
Epoch: 4, Steps: 19 | Train Loss: 0.5312792 Vali Loss: 1.3743284 Test Loss: 0.5088633
EarlyStopping counter: 3 out of 8
Updating learning rate to 0.008433
Epoch: 5 cost time: 0.9116237163543701
Epoch: 5, Steps: 19 | Train Loss: 0.5104028 Vali Loss: 1.3376836 Test Loss: 0.4795047
EarlyStopping counter: 4 out of 8
Updating learning rate to 0.0075897000000000004
Epoch: 6 cost time: 1.020782709121704
Epoch: 6, Steps: 19 | Train Loss: 0.4969988 Vali Loss: 1.3449744 Test Loss: 0.4626719
EarlyStopping counter: 5 out of 8
Updating learning rate to 0.006830730000000001
Epoch: 7 cost time: 1.108349323272705
Epoch: 7, Steps: 19 | Train Loss: 0.4876166 Vali Loss: 1.3463243 Test Loss: 0.4564288
EarlyStopping counter: 6 out of 8
Updating learning rate to 0.006147657
Epoch: 8 cost time: 0.9579935073852539
Epoch: 8, Steps: 19 | Train Loss: 0.4790079 Vali Loss: 1.3429282 Test Loss: 0.4590816
EarlyStopping counter: 7 out of 8
Updating learning rate to 0.0055328913
Epoch: 9 cost time: 0.9285886287689209
Epoch: 9, Steps: 19 | Train Loss: 0.4704853 Vali Loss: 1.3407530 Test Loss: 0.4592059
EarlyStopping counter: 8 out of 8
Early stopping
>>>>>>>testing : 96_336_SPM_TST_ETTh1_ftM_sl96_ll18_pl336_dm256_nh1_el1_dl1_df107_fc1_ebtimeF_dtTrue_Exp_0<<<<<<<<<<<<<<<<<<<<<<<<<<<<<<<<<
test 2545
mse:0.43867024779319763, mae:0.438616007566452, rse:0.6434995532035828
