Args in experiment:
Namespace(activation='gelu', affine=1, batch_size=64, c_out=7, checkpoints='./checkpoints/', d_ff=256, d_layers=1, d_model=512, data='PEMS04', data_path='PEMS04.npz', dec_in=7, decomposition=0, des='Exp', devices='0,1,2,3', dishts=0, distil=True, do_predict=False, dropout=0.2, e_layers=1, embed='timeF', embed_type=0, enc_in=307, factor=1, fc_dropout=0.2, features='M', freq='h', gpu=0, head_dropout=0.0, hidden_size=[32, 8], hidden_size1=3, hidden_size2=3, individual=0, is_training=1, itr=1, k=1.0, kernel_size=25, label_len=18, learning_rate=0.0001, loss='mse', lradj='TST', model='SPM_TST', model_id='96_192', moving_avg=25, n_heads=1, num_layers=3, num_workers=10, output_attention=False, padding_patch='end', patch_len=16, patience=20, pct_start=0.2, pred_len=192, random_seed=2021, revin=1, root_path='./dataset/', seq_len=96, stride=8, subtract_last=0, target='OT', test_flop=False, traffic=0, train_epochs=300, use_amp=False, use_gpu=True, use_multi_gpu=False)
Use GPU: cuda:0
>>>>>>>start training : 96_192_SPM_TST_PEMS04_ftM_sl96_ll18_pl192_dm512_nh1_el1_dl1_df256_fc1_ebtimeF_dtTrue_Exp_0>>>>>>>>>>>>>>>>>>>>>>>>>>
model.revin_layer.affine_weight: 307
model.revin_layer.affine_bias: 307
model.backbone.encoder.layers.0.self_attn.W_Q.weight: 262144
model.backbone.encoder.layers.0.self_attn.W_Q.bias: 512
model.backbone.encoder.layers.0.self_attn.W_K.weight: 262144
model.backbone.encoder.layers.0.self_attn.W_K.bias: 512
model.backbone.encoder.layers.0.self_attn.W_V.weight: 262144
model.backbone.encoder.layers.0.self_attn.W_V.bias: 512
model.backbone.encoder.layers.0.self_attn.to_out.0.weight: 262144
model.backbone.encoder.layers.0.self_attn.to_out.0.bias: 512
model.backbone.encoder.layers.0.norm_attn.1.weight: 512
model.backbone.encoder.layers.0.norm_attn.1.bias: 512
model.backbone.encoder.layers.0.ff.0.weight: 131072
model.backbone.encoder.layers.0.ff.0.bias: 256
model.backbone.encoder.layers.0.ff.3.weight: 131072
model.backbone.encoder.layers.0.ff.3.bias: 512
model.backbone.encoder.layers.0.norm_ffn.1.weight: 512
model.backbone.encoder.layers.0.norm_ffn.1.bias: 512
model.backbone.embeddings.weight: 25088
model.backbone.embeddings.bias: 512
model.predict.mlp.linear_0.weight: 3139584
model.predict.mlp.linear_0.bias: 3072
model.predict.mlp.linear_1.weight: 2359296
model.predict.mlp.linear_1.bias: 768
model.predict.mlp.linear_2.weight: 147456
model.predict.mlp.linear_2.bias: 192
Total trainable parameters: 6992166
train 9908
val 3111
test 3112
	iters: 100, epoch: 1 | loss: 1.8996172
	speed: 0.1523s/iter; left time: 7023.3799s
Epoch: 1 cost time: 20.76003384590149
Epoch: 1, Steps: 154 | Train Loss: 1.8440493 Vali Loss: 1.7451345 Test Loss: 1.6790577
Validation loss decreased (inf --> 1.745134).  Saving model ...
Updating learning rate to 4.0657965694378346e-06
	iters: 100, epoch: 2 | loss: 1.2394098
	speed: 0.3271s/iter; left time: 15028.4646s
Epoch: 2 cost time: 22.313881158828735
Epoch: 2, Steps: 154 | Train Loss: 1.3814612 Vali Loss: 1.2782136 Test Loss: 1.1856524
Validation loss decreased (1.745134 --> 1.278214).  Saving model ...
Updating learning rate to 4.2630058948950556e-06
	iters: 100, epoch: 3 | loss: 1.0673691
	speed: 0.3754s/iter; left time: 17192.0493s
Epoch: 3 cost time: 25.14177703857422
Epoch: 3, Steps: 154 | Train Loss: 1.0584253 Vali Loss: 1.0560287 Test Loss: 0.9712381
Validation loss decreased (1.278214 --> 1.056029).  Saving model ...
Updating learning rate to 4.59108732232687e-06
	iters: 100, epoch: 4 | loss: 0.7876503
	speed: 0.3687s/iter; left time: 16825.7124s
Epoch: 4 cost time: 24.980353832244873
Epoch: 4, Steps: 154 | Train Loss: 0.9081434 Vali Loss: 0.9211249 Test Loss: 0.8528231
Validation loss decreased (1.056029 --> 0.921125).  Saving model ...
Updating learning rate to 5.049141408715682e-06
	iters: 100, epoch: 5 | loss: 0.8246708
	speed: 0.3691s/iter; left time: 16787.7473s
Epoch: 5 cost time: 23.067572116851807
Epoch: 5, Steps: 154 | Train Loss: 0.8068807 Vali Loss: 0.8146396 Test Loss: 0.7648069
Validation loss decreased (0.921125 --> 0.814640).  Saving model ...
Updating learning rate to 5.635912387915622e-06
	iters: 100, epoch: 6 | loss: 0.7060198
	speed: 0.3191s/iter; left time: 14464.6435s
Epoch: 6 cost time: 20.429354190826416
Epoch: 6, Steps: 154 | Train Loss: 0.7300838 Vali Loss: 0.7400566 Test Loss: 0.6999955
Validation loss decreased (0.814640 --> 0.740057).  Saving model ...
Updating learning rate to 6.349791613365153e-06
	iters: 100, epoch: 7 | loss: 0.6838766
	speed: 0.3636s/iter; left time: 16427.9250s
Epoch: 7 cost time: 25.125593423843384
Epoch: 7, Steps: 154 | Train Loss: 0.6728802 Vali Loss: 0.6862274 Test Loss: 0.6561415
Validation loss decreased (0.740057 --> 0.686227).  Saving model ...
Updating learning rate to 7.188821968229781e-06
	iters: 100, epoch: 8 | loss: 0.5799454
	speed: 0.3748s/iter; left time: 16873.2905s
Epoch: 8 cost time: 25.073637008666992
Epoch: 8, Steps: 154 | Train Loss: 0.6303572 Vali Loss: 0.6458219 Test Loss: 0.6258749
Validation loss decreased (0.686227 --> 0.645822).  Saving model ...
Updating learning rate to 8.150703230884327e-06
	iters: 100, epoch: 9 | loss: 0.6109688
	speed: 0.3691s/iter; left time: 16561.7315s
Epoch: 9 cost time: 24.978739738464355
Epoch: 9, Steps: 154 | Train Loss: 0.6026693 Vali Loss: 0.6160142 Test Loss: 0.6000048
Validation loss decreased (0.645822 --> 0.616014).  Saving model ...
Updating learning rate to 9.232798381025078e-06
	iters: 100, epoch: 10 | loss: 0.5987183
	speed: 0.3290s/iter; left time: 14710.3175s
Epoch: 10 cost time: 19.157105922698975
Epoch: 10, Steps: 154 | Train Loss: 0.5767460 Vali Loss: 0.5949716 Test Loss: 0.5851771
Validation loss decreased (0.616014 --> 0.594972).  Saving model ...
Updating learning rate to 1.043214082912352e-05
	iters: 100, epoch: 11 | loss: 0.5844483
	speed: 0.3456s/iter; left time: 15400.1543s
Epoch: 11 cost time: 25.22879385948181
Epoch: 11, Steps: 154 | Train Loss: 0.5559981 Vali Loss: 0.5735819 Test Loss: 0.5624990
Validation loss decreased (0.594972 --> 0.573582).  Saving model ...
Updating learning rate to 1.1745442549401886e-05
	iters: 100, epoch: 12 | loss: 0.5069906
	speed: 0.3797s/iter; left time: 16862.2108s
Epoch: 12 cost time: 25.102049589157104
Epoch: 12, Steps: 154 | Train Loss: 0.5364019 Vali Loss: 0.5487747 Test Loss: 0.5298069
Validation loss decreased (0.573582 --> 0.548775).  Saving model ...
Updating learning rate to 1.3169103094033888e-05
	iters: 100, epoch: 13 | loss: 0.5429834
	speed: 0.3717s/iter; left time: 16448.3983s
Epoch: 13 cost time: 25.0696542263031
Epoch: 13, Steps: 154 | Train Loss: 0.5200806 Vali Loss: 0.5424902 Test Loss: 0.5311490
Validation loss decreased (0.548775 --> 0.542490).  Saving model ...
Updating learning rate to 1.4699219463857815e-05
	iters: 100, epoch: 14 | loss: 0.4433681
	speed: 0.3343s/iter; left time: 14743.0950s
Epoch: 14 cost time: 18.74128270149231
Epoch: 14, Steps: 154 | Train Loss: 0.5052137 Vali Loss: 0.5204298 Test Loss: 0.5025281
Validation loss decreased (0.542490 --> 0.520430).  Saving model ...
Updating learning rate to 1.6331596808541392e-05
	iters: 100, epoch: 15 | loss: 0.5084012
	speed: 0.3528s/iter; left time: 15501.9917s
Epoch: 15 cost time: 24.9395010471344
Epoch: 15, Steps: 154 | Train Loss: 0.4904538 Vali Loss: 0.5053501 Test Loss: 0.4957013
Validation loss decreased (0.520430 --> 0.505350).  Saving model ...
Updating learning rate to 1.806175992686345e-05
	iters: 100, epoch: 16 | loss: 0.4714529
	speed: 0.3654s/iter; left time: 16000.3306s
Epoch: 16 cost time: 25.01698589324951
Epoch: 16, Steps: 154 | Train Loss: 0.4766830 Vali Loss: 0.4881125 Test Loss: 0.4728645
Validation loss decreased (0.505350 --> 0.488113).  Saving model ...
Updating learning rate to 1.9884965535584226e-05
	iters: 100, epoch: 17 | loss: 0.4665317
	speed: 0.3736s/iter; left time: 16303.5271s
Epoch: 17 cost time: 25.124027490615845
Epoch: 17, Steps: 154 | Train Loss: 0.4612655 Vali Loss: 0.4771513 Test Loss: 0.4715632
Validation loss decreased (0.488113 --> 0.477151).  Saving model ...
Updating learning rate to 2.1796215273269025e-05
	iters: 100, epoch: 18 | loss: 0.4973610
	speed: 0.3250s/iter; left time: 14131.2190s
Epoch: 18 cost time: 18.582225799560547
Epoch: 18, Steps: 154 | Train Loss: 0.4485054 Vali Loss: 0.4770192 Test Loss: 0.4804343
Validation loss decreased (0.477151 --> 0.477019).  Saving model ...
Updating learning rate to 2.3790269403414535e-05
	iters: 100, epoch: 19 | loss: 0.3885275
	speed: 0.3494s/iter; left time: 15138.5659s
Epoch: 19 cost time: 24.71774411201477
Epoch: 19, Steps: 154 | Train Loss: 0.4345689 Vali Loss: 0.4366721 Test Loss: 0.4283969
Validation loss decreased (0.477019 --> 0.436672).  Saving model ...
Updating learning rate to 2.5861661179310902e-05
	iters: 100, epoch: 20 | loss: 0.4255618
	speed: 0.3611s/iter; left time: 15590.8766s
Epoch: 20 cost time: 24.848432779312134
Epoch: 20, Steps: 154 | Train Loss: 0.4199931 Vali Loss: 0.4429487 Test Loss: 0.4494885
EarlyStopping counter: 1 out of 20
Updating learning rate to 2.8004711831257484e-05
	iters: 100, epoch: 21 | loss: 0.3895536
	speed: 0.3650s/iter; left time: 15702.8161s
Epoch: 21 cost time: 24.973015308380127
Epoch: 21, Steps: 154 | Train Loss: 0.4078468 Vali Loss: 0.4063993 Test Loss: 0.4053831
Validation loss decreased (0.436672 --> 0.406399).  Saving model ...
Updating learning rate to 3.0213546135044703e-05
	iters: 100, epoch: 22 | loss: 0.3894434
	speed: 0.3555s/iter; left time: 15240.4962s
Epoch: 22 cost time: 21.173986434936523
Epoch: 22, Steps: 154 | Train Loss: 0.3962273 Vali Loss: 0.3945406 Test Loss: 0.3985068
Validation loss decreased (0.406399 --> 0.394541).  Saving model ...
Updating learning rate to 3.248210851902065e-05
	iters: 100, epoch: 23 | loss: 0.4157237
	speed: 0.3188s/iter; left time: 13615.1491s
Epoch: 23 cost time: 21.898634910583496
Epoch: 23, Steps: 154 | Train Loss: 0.3861552 Vali Loss: 0.3861351 Test Loss: 0.3848994
Validation loss decreased (0.394541 --> 0.386135).  Saving model ...
Updating learning rate to 3.480417966558444e-05
	iters: 100, epoch: 24 | loss: 0.3944146
	speed: 0.3713s/iter; left time: 15800.5393s
Epoch: 24 cost time: 25.034119606018066
Epoch: 24, Steps: 154 | Train Loss: 0.3771489 Vali Loss: 0.3781303 Test Loss: 0.3876922
Validation loss decreased (0.386135 --> 0.378130).  Saving model ...
Updating learning rate to 3.717339356159296e-05
	iters: 100, epoch: 25 | loss: 0.3675858
	speed: 0.3716s/iter; left time: 15757.9474s
Epoch: 25 cost time: 25.019134283065796
Epoch: 25, Steps: 154 | Train Loss: 0.3703421 Vali Loss: 0.3804449 Test Loss: 0.3779242
EarlyStopping counter: 1 out of 20
Updating learning rate to 3.9583254950936987e-05
	iters: 100, epoch: 26 | loss: 0.3378411
	speed: 0.3736s/iter; left time: 15784.7425s
Epoch: 26 cost time: 23.550387382507324
Epoch: 26, Steps: 154 | Train Loss: 0.3666071 Vali Loss: 0.3576596 Test Loss: 0.3655789
Validation loss decreased (0.378130 --> 0.357660).  Saving model ...
Updating learning rate to 4.202715714143987e-05
	iters: 100, epoch: 27 | loss: 0.3610920
	speed: 0.3280s/iter; left time: 13806.4174s
Epoch: 27 cost time: 20.190739154815674
Epoch: 27, Steps: 154 | Train Loss: 0.3564935 Vali Loss: 0.3526411 Test Loss: 0.3580271
Validation loss decreased (0.357660 --> 0.352641).  Saving model ...
Updating learning rate to 4.4498400117260904e-05
	iters: 100, epoch: 28 | loss: 0.3697387
	speed: 0.3596s/iter; left time: 15084.2503s
Epoch: 28 cost time: 25.081920862197876
Epoch: 28, Steps: 154 | Train Loss: 0.3497284 Vali Loss: 0.3422872 Test Loss: 0.3467175
Validation loss decreased (0.352641 --> 0.342287).  Saving model ...
Updating learning rate to 4.699020890714775e-05
	iters: 100, epoch: 29 | loss: 0.3271918
	speed: 0.3691s/iter; left time: 15424.4891s
Epoch: 29 cost time: 24.891763925552368
Epoch: 29, Steps: 154 | Train Loss: 0.3448994 Vali Loss: 0.3333222 Test Loss: 0.3460077
Validation loss decreased (0.342287 --> 0.333322).  Saving model ...
Updating learning rate to 4.949575215818084e-05
	iters: 100, epoch: 30 | loss: 0.3448831
	speed: 0.3690s/iter; left time: 15362.5497s
Epoch: 30 cost time: 25.025367975234985
Epoch: 30, Steps: 154 | Train Loss: 0.3382535 Vali Loss: 0.3322766 Test Loss: 0.3472870
Validation loss decreased (0.333322 --> 0.332277).  Saving model ...
Updating learning rate to 5.2008160864089506e-05
	iters: 100, epoch: 31 | loss: 0.3279018
	speed: 0.3415s/iter; left time: 14165.9916s
Epoch: 31 cost time: 19.330623865127563
Epoch: 31, Steps: 154 | Train Loss: 0.3315053 Vali Loss: 0.3254624 Test Loss: 0.3395706
Validation loss decreased (0.332277 --> 0.325462).  Saving model ...
Updating learning rate to 5.452054719679563e-05
	iters: 100, epoch: 32 | loss: 0.3264157
	speed: 0.3516s/iter; left time: 14531.0403s
Epoch: 32 cost time: 25.030869960784912
Epoch: 32, Steps: 154 | Train Loss: 0.3259855 Vali Loss: 0.3153133 Test Loss: 0.3256978
Validation loss decreased (0.325462 --> 0.315313).  Saving model ...
Updating learning rate to 5.702602338955779e-05
	iters: 100, epoch: 33 | loss: 0.3178229
	speed: 0.3710s/iter; left time: 15276.4107s
Epoch: 33 cost time: 25.085835456848145
Epoch: 33, Steps: 154 | Train Loss: 0.3181105 Vali Loss: 0.3098803 Test Loss: 0.3274375
Validation loss decreased (0.315313 --> 0.309880).  Saving model ...
Updating learning rate to 5.9517720619947164e-05
	iters: 100, epoch: 34 | loss: 0.3322646
	speed: 0.3694s/iter; left time: 15154.0732s
Epoch: 34 cost time: 24.947445392608643
Epoch: 34, Steps: 154 | Train Loss: 0.3143309 Vali Loss: 0.3155269 Test Loss: 0.3185107
EarlyStopping counter: 1 out of 20
Updating learning rate to 6.198880784088717e-05
	iters: 100, epoch: 35 | loss: 0.3004500
	speed: 0.3295s/iter; left time: 13466.5332s
Epoch: 35 cost time: 18.915034294128418
Epoch: 35, Steps: 154 | Train Loss: 0.3090710 Vali Loss: 0.3096209 Test Loss: 0.3147850
Validation loss decreased (0.309880 --> 0.309621).  Saving model ...
Updating learning rate to 6.443251050813118e-05
	iters: 100, epoch: 36 | loss: 0.2966014
	speed: 0.3565s/iter; left time: 14515.4712s
Epoch: 36 cost time: 25.152090549468994
Epoch: 36, Steps: 154 | Train Loss: 0.3053076 Vali Loss: 0.3056565 Test Loss: 0.3208719
Validation loss decreased (0.309621 --> 0.305657).  Saving model ...
Updating learning rate to 6.684212915283625e-05
	iters: 100, epoch: 37 | loss: 0.3051191
	speed: 0.3746s/iter; left time: 15191.8731s
Epoch: 37 cost time: 25.07046365737915
Epoch: 37, Steps: 154 | Train Loss: 0.3010677 Vali Loss: 0.2900397 Test Loss: 0.3065339
Validation loss decreased (0.305657 --> 0.290040).  Saving model ...
Updating learning rate to 6.921105774831588e-05
	iters: 100, epoch: 38 | loss: 0.3192852
	speed: 0.3721s/iter; left time: 15032.7550s
Epoch: 38 cost time: 24.963069438934326
Epoch: 38, Steps: 154 | Train Loss: 0.2963461 Vali Loss: 0.2878300 Test Loss: 0.2991336
Validation loss decreased (0.290040 --> 0.287830).  Saving model ...
Updating learning rate to 7.153280182061906e-05
	iters: 100, epoch: 39 | loss: 0.3084158
	speed: 0.3262s/iter; left time: 13128.4755s
Epoch: 39 cost time: 18.71875500679016
Epoch: 39, Steps: 154 | Train Loss: 0.2933329 Vali Loss: 0.2881210 Test Loss: 0.3009213
EarlyStopping counter: 1 out of 20
Updating learning rate to 7.380099625328449e-05
	iters: 100, epoch: 40 | loss: 0.3001123
	speed: 0.3511s/iter; left time: 14079.1713s
Epoch: 40 cost time: 25.206361770629883
Epoch: 40, Steps: 154 | Train Loss: 0.2884426 Vali Loss: 0.2811027 Test Loss: 0.2994573
Validation loss decreased (0.287830 --> 0.281103).  Saving model ...
Updating learning rate to 7.600942273745856e-05
	iters: 100, epoch: 41 | loss: 0.2861623
	speed: 0.3792s/iter; left time: 15147.0960s
Epoch: 41 cost time: 25.312373399734497
Epoch: 41, Steps: 154 | Train Loss: 0.2851399 Vali Loss: 0.2838393 Test Loss: 0.2946257
EarlyStopping counter: 1 out of 20
Updating learning rate to 7.815202681953648e-05
	iters: 100, epoch: 42 | loss: 0.2766981
	speed: 0.3707s/iter; left time: 14747.1372s
Epoch: 42 cost time: 25.059622287750244
Epoch: 42, Steps: 154 | Train Loss: 0.2794132 Vali Loss: 0.2741168 Test Loss: 0.2918673
Validation loss decreased (0.281103 --> 0.274117).  Saving model ...
Updating learning rate to 8.02229344995906e-05
	iters: 100, epoch: 43 | loss: 0.2772116
	speed: 0.3379s/iter; left time: 13391.2141s
Epoch: 43 cost time: 19.503772735595703
Epoch: 43, Steps: 154 | Train Loss: 0.2758517 Vali Loss: 0.2719958 Test Loss: 0.2944559
Validation loss decreased (0.274117 --> 0.271996).  Saving model ...
Updating learning rate to 8.221646833508049e-05
	iters: 100, epoch: 44 | loss: 0.2736477
	speed: 0.3501s/iter; left time: 13821.9559s
Epoch: 44 cost time: 24.13386631011963
Epoch: 44, Steps: 154 | Train Loss: 0.2729446 Vali Loss: 0.2660192 Test Loss: 0.2822772
Validation loss decreased (0.271996 --> 0.266019).  Saving model ...
Updating learning rate to 8.41271630056964e-05
	iters: 100, epoch: 45 | loss: 0.2663611
	speed: 0.3750s/iter; left time: 14748.1367s
Epoch: 45 cost time: 25.23855972290039
Epoch: 45, Steps: 154 | Train Loss: 0.2711910 Vali Loss: 0.2731502 Test Loss: 0.2872867
EarlyStopping counter: 1 out of 20
Updating learning rate to 8.594978029666464e-05
	iters: 100, epoch: 46 | loss: 0.2595930
	speed: 0.3764s/iter; left time: 14743.7432s
Epoch: 46 cost time: 25.261154890060425
Epoch: 46, Steps: 154 | Train Loss: 0.2674440 Vali Loss: 0.2706401 Test Loss: 0.2856787
EarlyStopping counter: 2 out of 20
Updating learning rate to 8.767932345943752e-05
	iters: 100, epoch: 47 | loss: 0.2628374
	speed: 0.3493s/iter; left time: 13629.9356s
Epoch: 47 cost time: 20.640223264694214
Epoch: 47, Steps: 154 | Train Loss: 0.2648966 Vali Loss: 0.2634013 Test Loss: 0.2774510
Validation loss decreased (0.266019 --> 0.263401).  Saving model ...
Updating learning rate to 8.931105091039817e-05
	iters: 100, epoch: 48 | loss: 0.2377301
	speed: 0.3405s/iter; left time: 13233.1215s
Epoch: 48 cost time: 23.026864051818848
Epoch: 48, Steps: 154 | Train Loss: 0.2600726 Vali Loss: 0.2572507 Test Loss: 0.2738154
Validation loss decreased (0.263401 --> 0.257251).  Saving model ...
Updating learning rate to 9.084048923002446e-05
	iters: 100, epoch: 49 | loss: 0.2343970
	speed: 0.3717s/iter; left time: 14387.4359s
Epoch: 49 cost time: 24.990148305892944
Epoch: 49, Steps: 154 | Train Loss: 0.2579952 Vali Loss: 0.2531410 Test Loss: 0.2777553
Validation loss decreased (0.257251 --> 0.253141).  Saving model ...
Updating learning rate to 9.226344542687482e-05
	iters: 100, epoch: 50 | loss: 0.2593995
	speed: 0.3774s/iter; left time: 14549.6717s
Epoch: 50 cost time: 25.252043962478638
Epoch: 50, Steps: 154 | Train Loss: 0.2547066 Vali Loss: 0.2505277 Test Loss: 0.2718315
Validation loss decreased (0.253141 --> 0.250528).  Saving model ...
Updating learning rate to 9.357601843277373e-05
	iters: 100, epoch: 51 | loss: 0.2510535
	speed: 0.3628s/iter; left time: 13931.7193s
Epoch: 51 cost time: 22.13864254951477
Epoch: 51, Steps: 154 | Train Loss: 0.2511217 Vali Loss: 0.2567408 Test Loss: 0.2715285
EarlyStopping counter: 1 out of 20
Updating learning rate to 9.47746097976826e-05
	iters: 100, epoch: 52 | loss: 0.2463976
	speed: 0.3170s/iter; left time: 12124.3013s
Epoch: 52 cost time: 21.483355045318604
Epoch: 52, Steps: 154 | Train Loss: 0.2495754 Vali Loss: 0.2531233 Test Loss: 0.2705003
EarlyStopping counter: 2 out of 20
Updating learning rate to 9.58559335549361e-05
	iters: 100, epoch: 53 | loss: 0.2328377
	speed: 0.3696s/iter; left time: 14078.8850s
Epoch: 53 cost time: 24.966291666030884
Epoch: 53, Steps: 154 | Train Loss: 0.2478402 Vali Loss: 0.2477468 Test Loss: 0.2704870
Validation loss decreased (0.250528 --> 0.247747).  Saving model ...
Updating learning rate to 9.68170252297976e-05
	iters: 100, epoch: 54 | loss: 0.2567610
	speed: 0.3677s/iter; left time: 13948.4503s
Epoch: 54 cost time: 25.190508604049683
Epoch: 54, Steps: 154 | Train Loss: 0.2442489 Vali Loss: 0.2559393 Test Loss: 0.2746939
EarlyStopping counter: 1 out of 20
Updating learning rate to 9.765524996663703e-05
	iters: 100, epoch: 55 | loss: 0.2415040
	speed: 0.3722s/iter; left time: 14061.8575s
Epoch: 55 cost time: 24.37911081314087
Epoch: 55, Steps: 154 | Train Loss: 0.2412413 Vali Loss: 0.2455838 Test Loss: 0.2654805
Validation loss decreased (0.247747 --> 0.245584).  Saving model ...
Updating learning rate to 9.836830975245019e-05
	iters: 100, epoch: 56 | loss: 0.2374327
	speed: 0.3309s/iter; left time: 12453.7319s
Epoch: 56 cost time: 18.90191125869751
Epoch: 56, Steps: 154 | Train Loss: 0.2390269 Vali Loss: 0.2410332 Test Loss: 0.2629210
Validation loss decreased (0.245584 --> 0.241033).  Saving model ...
Updating learning rate to 9.895424971691577e-05
	iters: 100, epoch: 57 | loss: 0.2376592
	speed: 0.3439s/iter; left time: 12888.5274s
Epoch: 57 cost time: 24.887576818466187
Epoch: 57, Steps: 154 | Train Loss: 0.2370180 Vali Loss: 0.2492417 Test Loss: 0.2621445
EarlyStopping counter: 1 out of 20
Updating learning rate to 9.941146349171884e-05
	iters: 100, epoch: 58 | loss: 0.2145886
	speed: 0.3712s/iter; left time: 13852.7329s
Epoch: 58 cost time: 24.910627841949463
Epoch: 58, Steps: 154 | Train Loss: 0.2344062 Vali Loss: 0.2397129 Test Loss: 0.2564811
Validation loss decreased (0.241033 --> 0.239713).  Saving model ...
Updating learning rate to 9.973869761444768e-05
	iters: 100, epoch: 59 | loss: 0.2260743
	speed: 0.3663s/iter; left time: 13615.8659s
Epoch: 59 cost time: 24.990660905838013
Epoch: 59, Steps: 154 | Train Loss: 0.2323266 Vali Loss: 0.2326045 Test Loss: 0.2583195
Validation loss decreased (0.239713 --> 0.232605).  Saving model ...
Updating learning rate to 9.993505496499066e-05
	iters: 100, epoch: 60 | loss: 0.2254310
	speed: 0.3352s/iter; left time: 12409.0160s
Epoch: 60 cost time: 18.53640341758728
Epoch: 60, Steps: 154 | Train Loss: 0.2304041 Vali Loss: 0.2379504 Test Loss: 0.2551921
EarlyStopping counter: 1 out of 20
Updating learning rate to 9.999999981937657e-05
	iters: 100, epoch: 61 | loss: 0.2334320
	speed: 0.3481s/iter; left time: 12829.8354s
Epoch: 61 cost time: 24.730024099349976
Epoch: 61, Steps: 154 | Train Loss: 0.2284177 Vali Loss: 0.2353833 Test Loss: 0.2539252
EarlyStopping counter: 2 out of 20
Updating learning rate to 9.999566058479838e-05
	iters: 100, epoch: 62 | loss: 0.2450630
	speed: 0.3619s/iter; left time: 13283.2172s
Epoch: 62 cost time: 24.72254180908203
Epoch: 62, Steps: 154 | Train Loss: 0.2276582 Vali Loss: 0.2365248 Test Loss: 0.2606128
EarlyStopping counter: 3 out of 20
Updating learning rate to 9.998275488542632e-05
	iters: 100, epoch: 63 | loss: 0.2286832
	speed: 0.3642s/iter; left time: 13313.2219s
Epoch: 63 cost time: 24.78663969039917
Epoch: 63, Steps: 154 | Train Loss: 0.2240652 Vali Loss: 0.2285652 Test Loss: 0.2507342
Validation loss decreased (0.232605 --> 0.228565).  Saving model ...
Updating learning rate to 9.996128493258554e-05
	iters: 100, epoch: 64 | loss: 0.2238524
	speed: 0.3305s/iter; left time: 12029.9486s
Epoch: 64 cost time: 18.79783296585083
Epoch: 64, Steps: 154 | Train Loss: 0.2221353 Vali Loss: 0.2298675 Test Loss: 0.2511316
EarlyStopping counter: 1 out of 20
Updating learning rate to 9.993125440504193e-05
	iters: 100, epoch: 65 | loss: 0.2317284
	speed: 0.3472s/iter; left time: 12582.7264s
Epoch: 65 cost time: 24.01083207130432
Epoch: 65, Steps: 154 | Train Loss: 0.2214095 Vali Loss: 0.2339796 Test Loss: 0.2518531
EarlyStopping counter: 2 out of 20
Updating learning rate to 9.98926684483718e-05
	iters: 100, epoch: 66 | loss: 0.2264776
	speed: 0.3714s/iter; left time: 13404.9958s
Epoch: 66 cost time: 24.944451570510864
Epoch: 66, Steps: 154 | Train Loss: 0.2186898 Vali Loss: 0.2277488 Test Loss: 0.2493839
Validation loss decreased (0.228565 --> 0.227749).  Saving model ...
Updating learning rate to 9.984553367408014e-05
	iters: 100, epoch: 67 | loss: 0.2201821
	speed: 0.3662s/iter; left time: 13160.7598s
Epoch: 67 cost time: 24.80526351928711
Epoch: 67, Steps: 154 | Train Loss: 0.2174325 Vali Loss: 0.2278566 Test Loss: 0.2470457
EarlyStopping counter: 1 out of 20
Updating learning rate to 9.978985815846791e-05
	iters: 100, epoch: 68 | loss: 0.2343201
	speed: 0.3529s/iter; left time: 12629.4955s
Epoch: 68 cost time: 21.60499596595764
Epoch: 68, Steps: 154 | Train Loss: 0.2138708 Vali Loss: 0.2245828 Test Loss: 0.2419750
Validation loss decreased (0.227749 --> 0.224583).  Saving model ...
Updating learning rate to 9.972565144124811e-05
	iters: 100, epoch: 69 | loss: 0.1910270
	speed: 0.3208s/iter; left time: 11430.6447s
Epoch: 69 cost time: 21.54687523841858
Epoch: 69, Steps: 154 | Train Loss: 0.2138888 Vali Loss: 0.2262053 Test Loss: 0.2461502
EarlyStopping counter: 1 out of 20
Updating learning rate to 9.965292452391116e-05
	iters: 100, epoch: 70 | loss: 0.2029682
	speed: 0.3713s/iter; left time: 13173.1549s
Epoch: 70 cost time: 24.950953722000122
Epoch: 70, Steps: 154 | Train Loss: 0.2113122 Vali Loss: 0.2244858 Test Loss: 0.2416095
Validation loss decreased (0.224583 --> 0.224486).  Saving model ...
Updating learning rate to 9.957168986783996e-05
	iters: 100, epoch: 71 | loss: 0.2017635
	speed: 0.3694s/iter; left time: 13047.8098s
Epoch: 71 cost time: 24.96498680114746
Epoch: 71, Steps: 154 | Train Loss: 0.2093340 Vali Loss: 0.2302545 Test Loss: 0.2498574
EarlyStopping counter: 1 out of 20
Updating learning rate to 9.948196139217464e-05
	iters: 100, epoch: 72 | loss: 0.1956870
	speed: 0.3669s/iter; left time: 12901.0269s
Epoch: 72 cost time: 24.064679861068726
Epoch: 72, Steps: 154 | Train Loss: 0.2081112 Vali Loss: 0.2170019 Test Loss: 0.2417134
Validation loss decreased (0.224486 --> 0.217002).  Saving model ...
Updating learning rate to 9.938375447142757e-05
	iters: 100, epoch: 73 | loss: 0.1941637
	speed: 0.3255s/iter; left time: 11396.8558s
Epoch: 73 cost time: 19.054460525512695
Epoch: 73, Steps: 154 | Train Loss: 0.2067257 Vali Loss: 0.2166442 Test Loss: 0.2362554
Validation loss decreased (0.217002 --> 0.216644).  Saving model ...
Updating learning rate to 9.927708593284906e-05
	iters: 100, epoch: 74 | loss: 0.2122394
	speed: 0.3483s/iter; left time: 12142.6335s
Epoch: 74 cost time: 24.96592354774475
Epoch: 74, Steps: 154 | Train Loss: 0.2054461 Vali Loss: 0.2139429 Test Loss: 0.2384020
Validation loss decreased (0.216644 --> 0.213943).  Saving model ...
Updating learning rate to 9.916197405354405e-05
	iters: 100, epoch: 75 | loss: 0.2123367
	speed: 0.3724s/iter; left time: 12924.2001s
Epoch: 75 cost time: 24.924471616744995
Epoch: 75, Steps: 154 | Train Loss: 0.2038282 Vali Loss: 0.2182775 Test Loss: 0.2383387
EarlyStopping counter: 1 out of 20
Updating learning rate to 9.903843855734048e-05
	iters: 100, epoch: 76 | loss: 0.1898994
	speed: 0.3655s/iter; left time: 12629.8377s
Epoch: 76 cost time: 24.90508270263672
Epoch: 76, Steps: 154 | Train Loss: 0.2020181 Vali Loss: 0.2148513 Test Loss: 0.2368694
EarlyStopping counter: 2 out of 20
Updating learning rate to 9.890650061140963e-05
	iters: 100, epoch: 77 | loss: 0.2228752
	speed: 0.3307s/iter; left time: 11376.5611s
Epoch: 77 cost time: 18.657100915908813
Epoch: 77, Steps: 154 | Train Loss: 0.2024759 Vali Loss: 0.2170984 Test Loss: 0.2387674
EarlyStopping counter: 3 out of 20
Updating learning rate to 9.876618282263936e-05
	iters: 100, epoch: 78 | loss: 0.1921516
	speed: 0.3592s/iter; left time: 12300.8927s
Epoch: 78 cost time: 24.874196529388428
Epoch: 78, Steps: 154 | Train Loss: 0.1998280 Vali Loss: 0.2142374 Test Loss: 0.2345325
EarlyStopping counter: 4 out of 20
Updating learning rate to 9.861750923376039e-05
	iters: 100, epoch: 79 | loss: 0.1953001
	speed: 0.3747s/iter; left time: 12771.4839s
Epoch: 79 cost time: 25.265408992767334
Epoch: 79, Steps: 154 | Train Loss: 0.1988399 Vali Loss: 0.2124611 Test Loss: 0.2335895
Validation loss decreased (0.213943 --> 0.212461).  Saving model ...
Updating learning rate to 9.84605053192268e-05
	iters: 100, epoch: 80 | loss: 0.2089348
	speed: 0.3785s/iter; left time: 12842.7031s
Epoch: 80 cost time: 25.060614824295044
Epoch: 80, Steps: 154 | Train Loss: 0.1980158 Vali Loss: 0.2143817 Test Loss: 0.2332083
EarlyStopping counter: 1 out of 20
Updating learning rate to 9.829519798085111e-05
	iters: 100, epoch: 81 | loss: 0.1936158
	speed: 0.3243s/iter; left time: 10956.3417s
Epoch: 81 cost time: 20.188600778579712
Epoch: 81, Steps: 154 | Train Loss: 0.1954048 Vali Loss: 0.2165017 Test Loss: 0.2355899
EarlyStopping counter: 2 out of 20
Updating learning rate to 9.812161554319471e-05
	iters: 100, epoch: 82 | loss: 0.2042180
	speed: 0.3622s/iter; left time: 12180.7239s
Epoch: 82 cost time: 24.929978609085083
Epoch: 82, Steps: 154 | Train Loss: 0.1945401 Vali Loss: 0.2101711 Test Loss: 0.2305997
Validation loss decreased (0.212461 --> 0.210171).  Saving model ...
Updating learning rate to 9.793978774871471e-05
	iters: 100, epoch: 83 | loss: 0.1973816
	speed: 0.3657s/iter; left time: 12240.9859s
Epoch: 83 cost time: 24.89953112602234
Epoch: 83, Steps: 154 | Train Loss: 0.1942033 Vali Loss: 0.2110014 Test Loss: 0.2313807
EarlyStopping counter: 1 out of 20
Updating learning rate to 9.774974575266766e-05
	iters: 100, epoch: 84 | loss: 0.2066278
	speed: 0.3735s/iter; left time: 12444.7105s
Epoch: 84 cost time: 25.07073163986206
Epoch: 84, Steps: 154 | Train Loss: 0.1927309 Vali Loss: 0.2117996 Test Loss: 0.2359120
EarlyStopping counter: 2 out of 20
Updating learning rate to 9.75515221177712e-05
	iters: 100, epoch: 85 | loss: 0.1870042
	speed: 0.3266s/iter; left time: 10832.4756s
Epoch: 85 cost time: 18.873737335205078
Epoch: 85, Steps: 154 | Train Loss: 0.1906491 Vali Loss: 0.2050990 Test Loss: 0.2304388
Validation loss decreased (0.210171 --> 0.205099).  Saving model ...
Updating learning rate to 9.734515080862474e-05
	iters: 100, epoch: 86 | loss: 0.1911139
	speed: 0.3499s/iter; left time: 11551.4803s
Epoch: 86 cost time: 24.923190355300903
Epoch: 86, Steps: 154 | Train Loss: 0.1892787 Vali Loss: 0.2027668 Test Loss: 0.2267302
Validation loss decreased (0.205099 --> 0.202767).  Saving model ...
Updating learning rate to 9.71306671858897e-05
	iters: 100, epoch: 87 | loss: 0.1845302
	speed: 0.3636s/iter; left time: 11948.3758s
Epoch: 87 cost time: 24.93604850769043
Epoch: 87, Steps: 154 | Train Loss: 0.1878370 Vali Loss: 0.2065834 Test Loss: 0.2248287
EarlyStopping counter: 1 out of 20
Updating learning rate to 9.690810800023068e-05
	iters: 100, epoch: 88 | loss: 0.1854086
	speed: 0.3657s/iter; left time: 11960.0708s
Epoch: 88 cost time: 24.90863275527954
Epoch: 88, Steps: 154 | Train Loss: 0.1877158 Vali Loss: 0.2060680 Test Loss: 0.2263451
EarlyStopping counter: 2 out of 20
Updating learning rate to 9.667751138601838e-05
	iters: 100, epoch: 89 | loss: 0.1820928
	speed: 0.3488s/iter; left time: 11354.5988s
Epoch: 89 cost time: 20.59425687789917
Epoch: 89, Steps: 154 | Train Loss: 0.1872590 Vali Loss: 0.2041285 Test Loss: 0.2300950
EarlyStopping counter: 3 out of 20
Updating learning rate to 9.643891685479554e-05
	iters: 100, epoch: 90 | loss: 0.1893250
	speed: 0.3267s/iter; left time: 10584.6860s
Epoch: 90 cost time: 21.898619890213013
Epoch: 90, Steps: 154 | Train Loss: 0.1856016 Vali Loss: 0.2073702 Test Loss: 0.2311375
EarlyStopping counter: 4 out of 20
Updating learning rate to 9.619236528850679e-05
	iters: 100, epoch: 91 | loss: 0.1826006
	speed: 0.3638s/iter; left time: 11728.6279s
Epoch: 91 cost time: 24.864237546920776
Epoch: 91, Steps: 154 | Train Loss: 0.1842083 Vali Loss: 0.2036223 Test Loss: 0.2246917
EarlyStopping counter: 5 out of 20
Updating learning rate to 9.593789893249376e-05
	iters: 100, epoch: 92 | loss: 0.1997246
	speed: 0.3648s/iter; left time: 11706.5810s
Epoch: 92 cost time: 24.93578314781189
Epoch: 92, Steps: 154 | Train Loss: 0.1837605 Vali Loss: 0.2012599 Test Loss: 0.2288925
Validation loss decreased (0.202767 --> 0.201260).  Saving model ...
Updating learning rate to 9.56755613882566e-05
	iters: 100, epoch: 93 | loss: 0.1892942
	speed: 0.3668s/iter; left time: 11712.8071s
Epoch: 93 cost time: 24.04729723930359
Epoch: 93, Steps: 154 | Train Loss: 0.1822363 Vali Loss: 0.2012794 Test Loss: 0.2229666
EarlyStopping counter: 1 out of 20
Updating learning rate to 9.540539760598295e-05
	iters: 100, epoch: 94 | loss: 0.1866246
	speed: 0.3290s/iter; left time: 10456.5503s
Epoch: 94 cost time: 18.810534954071045
Epoch: 94, Steps: 154 | Train Loss: 0.1805279 Vali Loss: 0.1982520 Test Loss: 0.2250086
Validation loss decreased (0.201260 --> 0.198252).  Saving model ...
Updating learning rate to 9.512745387684611e-05
	iters: 100, epoch: 95 | loss: 0.1902288
	speed: 0.3465s/iter; left time: 10957.6223s
Epoch: 95 cost time: 24.88398838043213
Epoch: 95, Steps: 154 | Train Loss: 0.1806041 Vali Loss: 0.2020236 Test Loss: 0.2283822
EarlyStopping counter: 1 out of 20
Updating learning rate to 9.484177782507321e-05
	iters: 100, epoch: 96 | loss: 0.1693783
	speed: 0.3684s/iter; left time: 11595.4882s
Epoch: 96 cost time: 24.779459953308105
Epoch: 96, Steps: 154 | Train Loss: 0.1792621 Vali Loss: 0.1973029 Test Loss: 0.2238073
Validation loss decreased (0.198252 --> 0.197303).  Saving model ...
Updating learning rate to 9.454841839978506e-05
	iters: 100, epoch: 97 | loss: 0.1812254
	speed: 0.3723s/iter; left time: 11660.1259s
Epoch: 97 cost time: 24.949483633041382
Epoch: 97, Steps: 154 | Train Loss: 0.1786184 Vali Loss: 0.2061478 Test Loss: 0.2258739
EarlyStopping counter: 1 out of 20
Updating learning rate to 9.424742586660895e-05
	iters: 100, epoch: 98 | loss: 0.1828891
	speed: 0.3290s/iter; left time: 10252.5269s
Epoch: 98 cost time: 18.80452060699463
Epoch: 98, Steps: 154 | Train Loss: 0.1778610 Vali Loss: 0.1973962 Test Loss: 0.2171850
EarlyStopping counter: 2 out of 20
Updating learning rate to 9.393885179906595e-05
	iters: 100, epoch: 99 | loss: 0.1830135
	speed: 0.3545s/iter; left time: 10992.1790s
Epoch: 99 cost time: 25.09881019592285
Epoch: 99, Steps: 154 | Train Loss: 0.1760045 Vali Loss: 0.1941395 Test Loss: 0.2202594
Validation loss decreased (0.197303 --> 0.194139).  Saving model ...
Updating learning rate to 9.362274906973398e-05
	iters: 100, epoch: 100 | loss: 0.1662965
	speed: 0.3671s/iter; left time: 11327.6406s
Epoch: 100 cost time: 24.85379958152771
Epoch: 100, Steps: 154 | Train Loss: 0.1761455 Vali Loss: 0.1992521 Test Loss: 0.2210669
EarlyStopping counter: 1 out of 20
Updating learning rate to 9.32991718411884e-05
	iters: 100, epoch: 101 | loss: 0.1795245
	speed: 0.3642s/iter; left time: 11180.9849s
Epoch: 101 cost time: 25.0900456905365
Epoch: 101, Steps: 154 | Train Loss: 0.1748664 Vali Loss: 0.1995505 Test Loss: 0.2234995
EarlyStopping counter: 2 out of 20
Updating learning rate to 9.296817555672155e-05
	iters: 100, epoch: 102 | loss: 0.1772311
	speed: 0.3270s/iter; left time: 9988.7228s
Epoch: 102 cost time: 18.737611293792725
Epoch: 102, Steps: 154 | Train Loss: 0.1740612 Vali Loss: 0.1955773 Test Loss: 0.2194505
EarlyStopping counter: 3 out of 20
Updating learning rate to 9.26298169308428e-05
	iters: 100, epoch: 103 | loss: 0.1692976
	speed: 0.3453s/iter; left time: 10494.5162s
Epoch: 103 cost time: 24.625683069229126
Epoch: 103, Steps: 154 | Train Loss: 0.1726404 Vali Loss: 0.1989441 Test Loss: 0.2205691
EarlyStopping counter: 4 out of 20
Updating learning rate to 9.228415393956082e-05
	iters: 100, epoch: 104 | loss: 0.1830785
	speed: 0.3763s/iter; left time: 11378.7146s
Epoch: 104 cost time: 25.23511028289795
Epoch: 104, Steps: 154 | Train Loss: 0.1725462 Vali Loss: 0.1986195 Test Loss: 0.2212969
EarlyStopping counter: 5 out of 20
Updating learning rate to 9.193124581044967e-05
	iters: 100, epoch: 105 | loss: 0.1651114
	speed: 0.3653s/iter; left time: 10989.6411s
Epoch: 105 cost time: 25.032066822052002
Epoch: 105, Steps: 154 | Train Loss: 0.1709889 Vali Loss: 0.1921042 Test Loss: 0.2152099
Validation loss decreased (0.194139 --> 0.192104).  Saving model ...
Updating learning rate to 9.157115301250053e-05
	iters: 100, epoch: 106 | loss: 0.1799143
	speed: 0.3479s/iter; left time: 10413.1664s
Epoch: 106 cost time: 20.709741830825806
Epoch: 106, Steps: 154 | Train Loss: 0.1704209 Vali Loss: 0.1961675 Test Loss: 0.2209240
EarlyStopping counter: 1 out of 20
Updating learning rate to 9.120393724576055e-05
	iters: 100, epoch: 107 | loss: 0.1737550
	speed: 0.3325s/iter; left time: 9901.4911s
Epoch: 107 cost time: 22.365052461624146
Epoch: 107, Steps: 154 | Train Loss: 0.1698586 Vali Loss: 0.1923401 Test Loss: 0.2152515
EarlyStopping counter: 2 out of 20
Updating learning rate to 9.082966143076092e-05
	iters: 100, epoch: 108 | loss: 0.1641596
	speed: 0.3687s/iter; left time: 10921.4830s
Epoch: 108 cost time: 25.060553073883057
Epoch: 108, Steps: 154 | Train Loss: 0.1690919 Vali Loss: 0.1924439 Test Loss: 0.2159739
EarlyStopping counter: 3 out of 20
Updating learning rate to 9.044838969773576e-05
	iters: 100, epoch: 109 | loss: 0.1658408
	speed: 0.3747s/iter; left time: 11041.2411s
Epoch: 109 cost time: 24.872161149978638
Epoch: 109, Steps: 154 | Train Loss: 0.1677384 Vali Loss: 0.1889870 Test Loss: 0.2137959
Validation loss decreased (0.192104 --> 0.188987).  Saving model ...
Updating learning rate to 9.006018737563377e-05
	iters: 100, epoch: 110 | loss: 0.1718500
	speed: 0.3670s/iter; left time: 10757.5486s
Epoch: 110 cost time: 22.892382621765137
Epoch: 110, Steps: 154 | Train Loss: 0.1675264 Vali Loss: 0.1885350 Test Loss: 0.2164561
Validation loss decreased (0.188987 --> 0.188535).  Saving model ...
Updating learning rate to 8.966512098092432e-05
	iters: 100, epoch: 111 | loss: 0.1659035
	speed: 0.3133s/iter; left time: 9136.3580s
Epoch: 111 cost time: 20.398772478103638
Epoch: 111, Steps: 154 | Train Loss: 0.1669526 Vali Loss: 0.1883651 Test Loss: 0.2131925
Validation loss decreased (0.188535 --> 0.188365).  Saving model ...
Updating learning rate to 8.926325820620037e-05
	iters: 100, epoch: 112 | loss: 0.1651754
	speed: 0.3594s/iter; left time: 10424.2381s
Epoch: 112 cost time: 25.080111980438232
Epoch: 112, Steps: 154 | Train Loss: 0.1662872 Vali Loss: 0.1874867 Test Loss: 0.2149421
Validation loss decreased (0.188365 --> 0.187487).  Saving model ...
Updating learning rate to 8.885466790857956e-05
	iters: 100, epoch: 113 | loss: 0.1578126
	speed: 0.3740s/iter; left time: 10790.7719s
Epoch: 113 cost time: 25.063116788864136
Epoch: 113, Steps: 154 | Train Loss: 0.1649369 Vali Loss: 0.1881329 Test Loss: 0.2114453
EarlyStopping counter: 1 out of 20
Updating learning rate to 8.843942009790595e-05
	iters: 100, epoch: 114 | loss: 0.1666334
	speed: 0.3738s/iter; left time: 10727.3666s
Epoch: 114 cost time: 25.037225246429443
Epoch: 114, Steps: 154 | Train Loss: 0.1645569 Vali Loss: 0.1904465 Test Loss: 0.2160635
EarlyStopping counter: 2 out of 20
Updating learning rate to 8.801758592475424e-05
	iters: 100, epoch: 115 | loss: 0.1589783
	speed: 0.3326s/iter; left time: 9493.2741s
Epoch: 115 cost time: 19.045307159423828
Epoch: 115, Steps: 154 | Train Loss: 0.1630750 Vali Loss: 0.1863682 Test Loss: 0.2132088
Validation loss decreased (0.187487 --> 0.186368).  Saving model ...
Updating learning rate to 8.758923766823833e-05
	iters: 100, epoch: 116 | loss: 0.1580181
	speed: 0.3437s/iter; left time: 9757.4932s
Epoch: 116 cost time: 24.836726665496826
Epoch: 116, Steps: 154 | Train Loss: 0.1629796 Vali Loss: 0.1876615 Test Loss: 0.2129627
EarlyStopping counter: 1 out of 20
Updating learning rate to 8.715444872362687e-05
	iters: 100, epoch: 117 | loss: 0.1775839
	speed: 0.3653s/iter; left time: 10314.2203s
Epoch: 117 cost time: 25.045244455337524
Epoch: 117, Steps: 154 | Train Loss: 0.1622482 Vali Loss: 0.1879568 Test Loss: 0.2133272
EarlyStopping counter: 2 out of 20
Updating learning rate to 8.671329358976722e-05
	iters: 100, epoch: 118 | loss: 0.1574503
	speed: 0.3759s/iter; left time: 10557.4484s
Epoch: 118 cost time: 25.165270805358887
Epoch: 118, Steps: 154 | Train Loss: 0.1617817 Vali Loss: 0.1851276 Test Loss: 0.2117845
Validation loss decreased (0.186368 --> 0.185128).  Saving model ...
Updating learning rate to 8.62658478563205e-05
	iters: 100, epoch: 119 | loss: 0.1506039
	speed: 0.3337s/iter; left time: 9321.2674s
Epoch: 119 cost time: 18.67213773727417
Epoch: 119, Steps: 154 | Train Loss: 0.1603017 Vali Loss: 0.1844327 Test Loss: 0.2089353
Validation loss decreased (0.185128 --> 0.184433).  Saving model ...
Updating learning rate to 8.581218819080964e-05
	iters: 100, epoch: 120 | loss: 0.1542252
	speed: 0.3495s/iter; left time: 9707.8067s
Epoch: 120 cost time: 25.053515911102295
Epoch: 120, Steps: 154 | Train Loss: 0.1601014 Vali Loss: 0.1856727 Test Loss: 0.2137776
EarlyStopping counter: 1 out of 20
Updating learning rate to 8.535239232548291e-05
	iters: 100, epoch: 121 | loss: 0.1637942
	speed: 0.3676s/iter; left time: 10153.5607s
Epoch: 121 cost time: 24.995652675628662
Epoch: 121, Steps: 154 | Train Loss: 0.1590838 Vali Loss: 0.1873567 Test Loss: 0.2117608
EarlyStopping counter: 2 out of 20
Updating learning rate to 8.488653904399478e-05
	iters: 100, epoch: 122 | loss: 0.1545517
	speed: 0.3661s/iter; left time: 10054.5206s
Epoch: 122 cost time: 24.99723482131958
Epoch: 122, Steps: 154 | Train Loss: 0.1584801 Vali Loss: 0.1857143 Test Loss: 0.2120191
EarlyStopping counter: 3 out of 20
Updating learning rate to 8.441470816790685e-05
	iters: 100, epoch: 123 | loss: 0.1595940
	speed: 0.3308s/iter; left time: 9036.0468s
Epoch: 123 cost time: 18.68129825592041
Epoch: 123, Steps: 154 | Train Loss: 0.1586626 Vali Loss: 0.1871102 Test Loss: 0.2102335
EarlyStopping counter: 4 out of 20
Updating learning rate to 8.393698054301071e-05
	iters: 100, epoch: 124 | loss: 0.1593257
	speed: 0.3512s/iter; left time: 9538.2360s
Epoch: 124 cost time: 24.55086922645569
Epoch: 124, Steps: 154 | Train Loss: 0.1574902 Vali Loss: 0.1845625 Test Loss: 0.2092508
EarlyStopping counter: 5 out of 20
Updating learning rate to 8.345343802547554e-05
	iters: 100, epoch: 125 | loss: 0.1536397
	speed: 0.3652s/iter; left time: 9861.0704s
Epoch: 125 cost time: 24.835785627365112
Epoch: 125, Steps: 154 | Train Loss: 0.1561285 Vali Loss: 0.1833543 Test Loss: 0.2128286
Validation loss decreased (0.184433 --> 0.183354).  Saving model ...
Updating learning rate to 8.296416346782246e-05
	iters: 100, epoch: 126 | loss: 0.1572550
	speed: 0.3653s/iter; left time: 9808.1849s
Epoch: 126 cost time: 25.02420949935913
Epoch: 126, Steps: 154 | Train Loss: 0.1563667 Vali Loss: 0.1841742 Test Loss: 0.2088223
EarlyStopping counter: 1 out of 20
Updating learning rate to 8.246924070472811e-05
	iters: 100, epoch: 127 | loss: 0.1501531
	speed: 0.3532s/iter; left time: 9430.1892s
Epoch: 127 cost time: 20.946744680404663
Epoch: 127, Steps: 154 | Train Loss: 0.1560024 Vali Loss: 0.1827097 Test Loss: 0.2069822
Validation loss decreased (0.183354 --> 0.182710).  Saving model ...
Updating learning rate to 8.196875453866008e-05
	iters: 100, epoch: 128 | loss: 0.1497039
	speed: 0.3401s/iter; left time: 9027.2084s
Epoch: 128 cost time: 22.55054211616516
Epoch: 128, Steps: 154 | Train Loss: 0.1547564 Vali Loss: 0.1819090 Test Loss: 0.2069395
Validation loss decreased (0.182710 --> 0.181909).  Saving model ...
Updating learning rate to 8.146279072534642e-05
	iters: 100, epoch: 129 | loss: 0.1540499
	speed: 0.3684s/iter; left time: 9722.2832s
Epoch: 129 cost time: 25.07801127433777
Epoch: 129, Steps: 154 | Train Loss: 0.1548187 Vali Loss: 0.1837583 Test Loss: 0.2101078
EarlyStopping counter: 1 out of 20
Updating learning rate to 8.095143595908184e-05
	iters: 100, epoch: 130 | loss: 0.1571798
	speed: 0.3672s/iter; left time: 9634.5984s
Epoch: 130 cost time: 25.00463557243347
Epoch: 130, Steps: 154 | Train Loss: 0.1531565 Vali Loss: 0.1839327 Test Loss: 0.2086135
EarlyStopping counter: 2 out of 20
Updating learning rate to 8.043477785787307e-05
	iters: 100, epoch: 131 | loss: 0.1573546
	speed: 0.3652s/iter; left time: 9523.8883s
Epoch: 131 cost time: 23.170119285583496
Epoch: 131, Steps: 154 | Train Loss: 0.1525979 Vali Loss: 0.1810988 Test Loss: 0.2080438
Validation loss decreased (0.181909 --> 0.181099).  Saving model ...
Updating learning rate to 7.991290494842596e-05
	iters: 100, epoch: 132 | loss: 0.1538302
	speed: 0.3271s/iter; left time: 8481.1642s
Epoch: 132 cost time: 19.790408849716187
Epoch: 132, Steps: 154 | Train Loss: 0.1520909 Vali Loss: 0.1815981 Test Loss: 0.2078941
EarlyStopping counter: 1 out of 20
Updating learning rate to 7.938590665097698e-05
	iters: 100, epoch: 133 | loss: 0.1533758
	speed: 0.3587s/iter; left time: 9246.0181s
Epoch: 133 cost time: 25.013263702392578
Epoch: 133, Steps: 154 | Train Loss: 0.1519085 Vali Loss: 0.1800788 Test Loss: 0.2053792
Validation loss decreased (0.181099 --> 0.180079).  Saving model ...
Updating learning rate to 7.88538732639714e-05
	iters: 100, epoch: 134 | loss: 0.1510174
	speed: 0.3683s/iter; left time: 9435.2252s
Epoch: 134 cost time: 25.029139041900635
Epoch: 134, Steps: 154 | Train Loss: 0.1511449 Vali Loss: 0.1818548 Test Loss: 0.2063846
EarlyStopping counter: 1 out of 20
Updating learning rate to 7.831689594859116e-05
	iters: 100, epoch: 135 | loss: 0.1494527
	speed: 0.3676s/iter; left time: 9361.0719s
Epoch: 135 cost time: 24.94985866546631
Epoch: 135, Steps: 154 | Train Loss: 0.1511019 Vali Loss: 0.1824898 Test Loss: 0.2074007
EarlyStopping counter: 2 out of 20
Updating learning rate to 7.777506671313485e-05
	iters: 100, epoch: 136 | loss: 0.1460700
	speed: 0.3279s/iter; left time: 8298.6483s
Epoch: 136 cost time: 18.795809984207153
Epoch: 136, Steps: 154 | Train Loss: 0.1502432 Vali Loss: 0.1803565 Test Loss: 0.2030926
EarlyStopping counter: 3 out of 20
Updating learning rate to 7.722847839725265e-05
	iters: 100, epoch: 137 | loss: 0.1486728
	speed: 0.3514s/iter; left time: 8840.3408s
Epoch: 137 cost time: 25.207111835479736
Epoch: 137, Steps: 154 | Train Loss: 0.1498162 Vali Loss: 0.1804148 Test Loss: 0.2042935
EarlyStopping counter: 4 out of 20
Updating learning rate to 7.667722465603866e-05
	iters: 100, epoch: 138 | loss: 0.1489341
	speed: 0.3719s/iter; left time: 9298.5277s
Epoch: 138 cost time: 24.90864634513855
Epoch: 138, Steps: 154 | Train Loss: 0.1492213 Vali Loss: 0.1795467 Test Loss: 0.2040038
Validation loss decreased (0.180079 --> 0.179547).  Saving model ...
Updating learning rate to 7.612139994398354e-05
	iters: 100, epoch: 139 | loss: 0.1445610
	speed: 0.3696s/iter; left time: 9185.2884s
Epoch: 139 cost time: 24.954021215438843
Epoch: 139, Steps: 154 | Train Loss: 0.1481825 Vali Loss: 0.1787774 Test Loss: 0.2058776
Validation loss decreased (0.179547 --> 0.178777).  Saving model ...
Updating learning rate to 7.556109949879033e-05
	iters: 100, epoch: 140 | loss: 0.1600755
	speed: 0.3245s/iter; left time: 8013.6865s
Epoch: 140 cost time: 18.550453901290894
Epoch: 140, Steps: 154 | Train Loss: 0.1475674 Vali Loss: 0.1797617 Test Loss: 0.2065840
EarlyStopping counter: 1 out of 20
Updating learning rate to 7.499641932505588e-05
	iters: 100, epoch: 141 | loss: 0.1592877
	speed: 0.3451s/iter; left time: 8469.3078s
Epoch: 141 cost time: 25.023014783859253
Epoch: 141, Steps: 154 | Train Loss: 0.1474090 Vali Loss: 0.1803751 Test Loss: 0.2043831
EarlyStopping counter: 2 out of 20
Updating learning rate to 7.442745617782097e-05
	iters: 100, epoch: 142 | loss: 0.1498651
	speed: 0.3766s/iter; left time: 9183.6787s
Epoch: 142 cost time: 24.910102605819702
Epoch: 142, Steps: 154 | Train Loss: 0.1473813 Vali Loss: 0.1793793 Test Loss: 0.2042840
EarlyStopping counter: 3 out of 20
Updating learning rate to 7.385430754599182e-05
	iters: 100, epoch: 143 | loss: 0.1373204
	speed: 0.3700s/iter; left time: 8967.2733s
Epoch: 143 cost time: 24.881296634674072
Epoch: 143, Steps: 154 | Train Loss: 0.1462246 Vali Loss: 0.1778799 Test Loss: 0.2049651
Validation loss decreased (0.178777 --> 0.177880).  Saving model ...
Updating learning rate to 7.327707163563598e-05
	iters: 100, epoch: 144 | loss: 0.1498476
	speed: 0.3291s/iter; left time: 7923.3733s
Epoch: 144 cost time: 18.85383892059326
Epoch: 144, Steps: 154 | Train Loss: 0.1456159 Vali Loss: 0.1752837 Test Loss: 0.2019674
Validation loss decreased (0.177880 --> 0.175284).  Saving model ...
Updating learning rate to 7.269584735315502e-05
	iters: 100, epoch: 145 | loss: 0.1511636
	speed: 0.3476s/iter; left time: 8316.2792s
Epoch: 145 cost time: 24.502164363861084
Epoch: 145, Steps: 154 | Train Loss: 0.1453848 Vali Loss: 0.1784040 Test Loss: 0.2055726
EarlyStopping counter: 1 out of 20
Updating learning rate to 7.211073428833761e-05
	iters: 100, epoch: 146 | loss: 0.1385743
	speed: 0.3632s/iter; left time: 8634.3458s
Epoch: 146 cost time: 24.78191566467285
Epoch: 146, Steps: 154 | Train Loss: 0.1445270 Vali Loss: 0.1763056 Test Loss: 0.2028460
EarlyStopping counter: 2 out of 20
Updating learning rate to 7.152183269729524e-05
	iters: 100, epoch: 147 | loss: 0.1464718
	speed: 0.3697s/iter; left time: 8730.8477s
Epoch: 147 cost time: 25.011780738830566
Epoch: 147, Steps: 154 | Train Loss: 0.1444241 Vali Loss: 0.1756033 Test Loss: 0.2018121
EarlyStopping counter: 3 out of 20
Updating learning rate to 7.092924348528385e-05
	iters: 100, epoch: 148 | loss: 0.1341106
	speed: 0.3561s/iter; left time: 8354.0330s
Epoch: 148 cost time: 21.12682580947876
Epoch: 148, Steps: 154 | Train Loss: 0.1446995 Vali Loss: 0.1762234 Test Loss: 0.2026703
EarlyStopping counter: 4 out of 20
Updating learning rate to 7.033306818941429e-05
	iters: 100, epoch: 149 | loss: 0.1358504
	speed: 0.3411s/iter; left time: 7951.5292s
Epoch: 149 cost time: 22.80821442604065
Epoch: 149, Steps: 154 | Train Loss: 0.1436115 Vali Loss: 0.1755019 Test Loss: 0.2038773
EarlyStopping counter: 5 out of 20
Updating learning rate to 6.973340896125432e-05
	iters: 100, epoch: 150 | loss: 0.1363235
	speed: 0.3646s/iter; left time: 8443.0730s
Epoch: 150 cost time: 24.90669059753418
Epoch: 150, Steps: 154 | Train Loss: 0.1428158 Vali Loss: 0.1757788 Test Loss: 0.2017702
EarlyStopping counter: 6 out of 20
Updating learning rate to 6.913036854932571e-05
	iters: 100, epoch: 151 | loss: 0.1378655
	speed: 0.3697s/iter; left time: 8504.3930s
Epoch: 151 cost time: 25.07932186126709
Epoch: 151, Steps: 154 | Train Loss: 0.1420921 Vali Loss: 0.1766731 Test Loss: 0.2036533
EarlyStopping counter: 7 out of 20
Updating learning rate to 6.852405028149855e-05
	iters: 100, epoch: 152 | loss: 0.1388712
	speed: 0.3711s/iter; left time: 8478.6415s
Epoch: 152 cost time: 22.72694444656372
Epoch: 152, Steps: 154 | Train Loss: 0.1418775 Vali Loss: 0.1777268 Test Loss: 0.2033399
EarlyStopping counter: 8 out of 20
Updating learning rate to 6.791455804728669e-05
	iters: 100, epoch: 153 | loss: 0.1393086
	speed: 0.3168s/iter; left time: 7188.0873s
Epoch: 153 cost time: 20.825364112854004
Epoch: 153, Steps: 154 | Train Loss: 0.1416233 Vali Loss: 0.1734527 Test Loss: 0.2001801
Validation loss decreased (0.175284 --> 0.173453).  Saving model ...
Updating learning rate to 6.730199628004678e-05
	iters: 100, epoch: 154 | loss: 0.1430727
	speed: 0.3684s/iter; left time: 8302.9611s
Epoch: 154 cost time: 25.09580373764038
Epoch: 154, Steps: 154 | Train Loss: 0.1412133 Vali Loss: 0.1749121 Test Loss: 0.2007913
EarlyStopping counter: 1 out of 20
Updating learning rate to 6.668646993908419e-05
	iters: 100, epoch: 155 | loss: 0.1378949
	speed: 0.3708s/iter; left time: 8301.1605s
Epoch: 155 cost time: 25.07239603996277
Epoch: 155, Steps: 154 | Train Loss: 0.1407570 Vali Loss: 0.1733215 Test Loss: 0.1999836
Validation loss decreased (0.173453 --> 0.173321).  Saving model ...
Updating learning rate to 6.606808449166869e-05
	iters: 100, epoch: 156 | loss: 0.1437584
	speed: 0.3720s/iter; left time: 8270.1027s
Epoch: 156 cost time: 24.62885570526123
Epoch: 156, Steps: 154 | Train Loss: 0.1398869 Vali Loss: 0.1746081 Test Loss: 0.1996697
EarlyStopping counter: 1 out of 20
Updating learning rate to 6.544694589496325e-05
	iters: 100, epoch: 157 | loss: 0.1448272
	speed: 0.3305s/iter; left time: 7295.9523s
Epoch: 157 cost time: 19.19580078125
Epoch: 157, Steps: 154 | Train Loss: 0.1398506 Vali Loss: 0.1747033 Test Loss: 0.2013447
EarlyStopping counter: 2 out of 20
Updating learning rate to 6.482316057786874e-05
	iters: 100, epoch: 158 | loss: 0.1357860
	speed: 0.2584s/iter; left time: 5665.4636s
Epoch: 158 cost time: 17.079554557800293
Epoch: 158, Steps: 154 | Train Loss: 0.1392318 Vali Loss: 0.1744819 Test Loss: 0.2012365
EarlyStopping counter: 3 out of 20
Updating learning rate to 6.419683542278804e-05
	iters: 100, epoch: 159 | loss: 0.1413702
	speed: 0.2437s/iter; left time: 5306.1000s
Epoch: 159 cost time: 13.125853776931763
Epoch: 159, Steps: 154 | Train Loss: 0.1390851 Vali Loss: 0.1729146 Test Loss: 0.1980555
Validation loss decreased (0.173321 --> 0.172915).  Saving model ...
Updating learning rate to 6.356807774731214e-05
	iters: 100, epoch: 160 | loss: 0.1337988
	speed: 0.2150s/iter; left time: 4646.6680s
Epoch: 160 cost time: 13.01322078704834
Epoch: 160, Steps: 154 | Train Loss: 0.1386776 Vali Loss: 0.1731463 Test Loss: 0.2001819
EarlyStopping counter: 1 out of 20
Updating learning rate to 6.293699528583185e-05
	iters: 100, epoch: 161 | loss: 0.1433277
	speed: 0.2189s/iter; left time: 4697.7842s
Epoch: 161 cost time: 18.080897092819214
Epoch: 161, Steps: 154 | Train Loss: 0.1379584 Vali Loss: 0.1729397 Test Loss: 0.2012574
EarlyStopping counter: 2 out of 20
Updating learning rate to 6.230369617107812e-05
	iters: 100, epoch: 162 | loss: 0.1432622
	speed: 0.3695s/iter; left time: 7872.5987s
Epoch: 162 cost time: 25.35300874710083
Epoch: 162, Steps: 154 | Train Loss: 0.1375068 Vali Loss: 0.1727600 Test Loss: 0.1990833
Validation loss decreased (0.172915 --> 0.172760).  Saving model ...
Updating learning rate to 6.166828891559407e-05
	iters: 100, epoch: 163 | loss: 0.1344173
	speed: 0.3746s/iter; left time: 7923.0371s
Epoch: 163 cost time: 25.192062854766846
Epoch: 163, Steps: 154 | Train Loss: 0.1370527 Vali Loss: 0.1741856 Test Loss: 0.2009900
EarlyStopping counter: 1 out of 20
Updating learning rate to 6.1030882393141814e-05
	iters: 100, epoch: 164 | loss: 0.1305254
	speed: 0.3730s/iter; left time: 7832.2258s
Epoch: 164 cost time: 25.21040678024292
Epoch: 164, Steps: 154 | Train Loss: 0.1372524 Vali Loss: 0.1744990 Test Loss: 0.2012554
EarlyStopping counter: 2 out of 20
Updating learning rate to 6.0391585820047594e-05
	iters: 100, epoch: 165 | loss: 0.1403478
	speed: 0.3338s/iter; left time: 6958.8967s
Epoch: 165 cost time: 19.12554097175598
Epoch: 165, Steps: 154 | Train Loss: 0.1364721 Vali Loss: 0.1723579 Test Loss: 0.1988873
Validation loss decreased (0.172760 --> 0.172358).  Saving model ...
Updating learning rate to 5.975050873648811e-05
	iters: 100, epoch: 166 | loss: 0.1370416
	speed: 0.3485s/iter; left time: 7211.0000s
Epoch: 166 cost time: 25.31968116760254
Epoch: 166, Steps: 154 | Train Loss: 0.1357802 Vali Loss: 0.1732879 Test Loss: 0.1962284
EarlyStopping counter: 1 out of 20
Updating learning rate to 5.9107760987721366e-05
	iters: 100, epoch: 167 | loss: 0.1323354
	speed: 0.3708s/iter; left time: 7615.1644s
Epoch: 167 cost time: 25.253589630126953
Epoch: 167, Steps: 154 | Train Loss: 0.1356949 Vali Loss: 0.1717065 Test Loss: 0.1966558
Validation loss decreased (0.172358 --> 0.171707).  Saving model ...
Updating learning rate to 5.8463452705265215e-05
	iters: 100, epoch: 168 | loss: 0.1350324
	speed: 0.3762s/iter; left time: 7668.5977s
Epoch: 168 cost time: 25.381339073181152
Epoch: 168, Steps: 154 | Train Loss: 0.1354285 Vali Loss: 0.1729916 Test Loss: 0.1973322
EarlyStopping counter: 1 out of 20
Updating learning rate to 5.781769428802696e-05
	iters: 100, epoch: 169 | loss: 0.1380376
	speed: 0.3250s/iter; left time: 6575.2722s
Epoch: 169 cost time: 18.09791922569275
Epoch: 169, Steps: 154 | Train Loss: 0.1354368 Vali Loss: 0.1706838 Test Loss: 0.1973079
Validation loss decreased (0.171707 --> 0.170684).  Saving model ...
Updating learning rate to 5.717059638338703e-05
	iters: 100, epoch: 170 | loss: 0.1242279
	speed: 0.3338s/iter; left time: 6700.3462s
Epoch: 170 cost time: 23.285542249679565
Epoch: 170, Steps: 154 | Train Loss: 0.1345345 Vali Loss: 0.1710640 Test Loss: 0.1991102
EarlyStopping counter: 1 out of 20
Updating learning rate to 5.652226986824012e-05
	iters: 100, epoch: 171 | loss: 0.1312659
	speed: 0.3717s/iter; left time: 7404.9921s
Epoch: 171 cost time: 25.330681800842285
Epoch: 171, Steps: 154 | Train Loss: 0.1343642 Vali Loss: 0.1712350 Test Loss: 0.1978406
EarlyStopping counter: 2 out of 20
Updating learning rate to 5.587282582999698e-05
	iters: 100, epoch: 172 | loss: 0.1297218
	speed: 0.3803s/iter; left time: 7518.1249s
Epoch: 172 cost time: 25.55594301223755
Epoch: 172, Steps: 154 | Train Loss: 0.1342743 Vali Loss: 0.1704369 Test Loss: 0.1969219
Validation loss decreased (0.170684 --> 0.170437).  Saving model ...
Updating learning rate to 5.522237554755021e-05
	iters: 100, epoch: 173 | loss: 0.1316434
	speed: 0.3805s/iter; left time: 7462.2194s
Epoch: 173 cost time: 22.78119206428528
Epoch: 173, Steps: 154 | Train Loss: 0.1340595 Vali Loss: 0.1702455 Test Loss: 0.1988497
Validation loss decreased (0.170437 --> 0.170246).  Saving model ...
Updating learning rate to 5.457103047220723e-05
	iters: 100, epoch: 174 | loss: 0.1321212
	speed: 0.3131s/iter; left time: 6092.5763s
Epoch: 174 cost time: 19.551795482635498
Epoch: 174, Steps: 154 | Train Loss: 0.1332563 Vali Loss: 0.1708410 Test Loss: 0.1978086
EarlyStopping counter: 1 out of 20
Updating learning rate to 5.3918902208593534e-05
	iters: 100, epoch: 175 | loss: 0.1363929
	speed: 0.3523s/iter; left time: 6801.6550s
Epoch: 175 cost time: 25.1558940410614
Epoch: 175, Steps: 154 | Train Loss: 0.1330147 Vali Loss: 0.1702583 Test Loss: 0.1990429
EarlyStopping counter: 2 out of 20
Updating learning rate to 5.3266102495529934e-05
	iters: 100, epoch: 176 | loss: 0.1289155
	speed: 0.3717s/iter; left time: 7118.2203s
Epoch: 176 cost time: 25.303321361541748
Epoch: 176, Steps: 154 | Train Loss: 0.1325146 Vali Loss: 0.1703749 Test Loss: 0.1949149
EarlyStopping counter: 3 out of 20
Updating learning rate to 5.261274318688662e-05
	iters: 100, epoch: 177 | loss: 0.1396343
	speed: 0.3745s/iter; left time: 7115.3098s
Epoch: 177 cost time: 25.298307180404663
Epoch: 177, Steps: 154 | Train Loss: 0.1322097 Vali Loss: 0.1708573 Test Loss: 0.1981767
EarlyStopping counter: 4 out of 20
Updating learning rate to 5.195893623241765e-05
	iters: 100, epoch: 178 | loss: 0.1301939
	speed: 0.3313s/iter; left time: 6242.1403s
Epoch: 178 cost time: 18.588314294815063
Epoch: 178, Steps: 154 | Train Loss: 0.1318218 Vali Loss: 0.1709354 Test Loss: 0.1967402
EarlyStopping counter: 5 out of 20
Updating learning rate to 5.1304793658578855e-05
	iters: 100, epoch: 179 | loss: 0.1254217
	speed: 0.3523s/iter; left time: 6584.5982s
Epoch: 179 cost time: 25.335779190063477
Epoch: 179, Steps: 154 | Train Loss: 0.1314271 Vali Loss: 0.1702413 Test Loss: 0.1973316
Validation loss decreased (0.170246 --> 0.170241).  Saving model ...
Updating learning rate to 5.065042754933273e-05
	iters: 100, epoch: 180 | loss: 0.1311760
	speed: 0.3736s/iter; left time: 6924.5446s
Epoch: 180 cost time: 25.258450269699097
Epoch: 180, Steps: 154 | Train Loss: 0.1310712 Vali Loss: 0.1715252 Test Loss: 0.1976595
EarlyStopping counter: 1 out of 20
Updating learning rate to 4.999595002694342e-05
	iters: 100, epoch: 181 | loss: 0.1354451
	speed: 0.3715s/iter; left time: 6828.6905s
Epoch: 181 cost time: 25.290863275527954
Epoch: 181, Steps: 154 | Train Loss: 0.1310773 Vali Loss: 0.1699547 Test Loss: 0.1967137
Validation loss decreased (0.170241 --> 0.169955).  Saving model ...
Updating learning rate to 4.9341473232765096e-05
	iters: 100, epoch: 182 | loss: 0.1316355
	speed: 0.3603s/iter; left time: 6567.8187s
Epoch: 182 cost time: 21.279120445251465
Epoch: 182, Steps: 154 | Train Loss: 0.1306093 Vali Loss: 0.1687277 Test Loss: 0.1958777
Validation loss decreased (0.169955 --> 0.168728).  Saving model ...
Updating learning rate to 4.86871093080272e-05
	iters: 100, epoch: 183 | loss: 0.1291221
	speed: 0.3151s/iter; left time: 5695.0417s
Epoch: 183 cost time: 20.56595492362976
Epoch: 183, Steps: 154 | Train Loss: 0.1304702 Vali Loss: 0.1689680 Test Loss: 0.1955162
EarlyStopping counter: 1 out of 20
Updating learning rate to 4.8032970374619576e-05
	iters: 100, epoch: 184 | loss: 0.1330916
	speed: 0.3611s/iter; left time: 6470.0594s
Epoch: 184 cost time: 25.133830547332764
Epoch: 184, Steps: 154 | Train Loss: 0.1299798 Vali Loss: 0.1690904 Test Loss: 0.1950317
EarlyStopping counter: 2 out of 20
Updating learning rate to 4.737916851588093e-05
	iters: 100, epoch: 185 | loss: 0.1331516
	speed: 0.3708s/iter; left time: 6587.3833s
Epoch: 185 cost time: 25.267675161361694
Epoch: 185, Steps: 154 | Train Loss: 0.1298255 Vali Loss: 0.1712372 Test Loss: 0.1985450
EarlyStopping counter: 3 out of 20
Updating learning rate to 4.672581575739399e-05
	iters: 100, epoch: 186 | loss: 0.1256792
	speed: 0.3718s/iter; left time: 6548.0796s
Epoch: 186 cost time: 25.249879121780396
Epoch: 186, Steps: 154 | Train Loss: 0.1296869 Vali Loss: 0.1692496 Test Loss: 0.1950735
EarlyStopping counter: 4 out of 20
Updating learning rate to 4.607302404779044e-05
	iters: 100, epoch: 187 | loss: 0.1338480
	speed: 0.3319s/iter; left time: 5793.7090s
Epoch: 187 cost time: 18.675643920898438
Epoch: 187, Steps: 154 | Train Loss: 0.1290880 Vali Loss: 0.1682542 Test Loss: 0.1961692
Validation loss decreased (0.168728 --> 0.168254).  Saving model ...
Updating learning rate to 4.542090523956914e-05
	iters: 100, epoch: 188 | loss: 0.1314937
	speed: 0.3559s/iter; left time: 6157.4235s
Epoch: 188 cost time: 25.350437879562378
Epoch: 188, Steps: 154 | Train Loss: 0.1289985 Vali Loss: 0.1690022 Test Loss: 0.1960851
EarlyStopping counter: 1 out of 20
Updating learning rate to 4.476957106993078e-05
	iters: 100, epoch: 189 | loss: 0.1401045
	speed: 0.3717s/iter; left time: 6373.7697s
Epoch: 189 cost time: 25.37343955039978
Epoch: 189, Steps: 154 | Train Loss: 0.1287738 Vali Loss: 0.1681266 Test Loss: 0.1956950
Validation loss decreased (0.168254 --> 0.168127).  Saving model ...
Updating learning rate to 4.411913314163221e-05
	iters: 100, epoch: 190 | loss: 0.1354975
	speed: 0.3745s/iter; left time: 6365.3408s
Epoch: 190 cost time: 25.414244174957275
Epoch: 190, Steps: 154 | Train Loss: 0.1283324 Vali Loss: 0.1681078 Test Loss: 0.1951925
Validation loss decreased (0.168127 --> 0.168108).  Saving model ...
Updating learning rate to 4.346970290386401e-05
	iters: 100, epoch: 191 | loss: 0.1340219
	speed: 0.3458s/iter; left time: 5823.6475s
Epoch: 191 cost time: 19.41202735900879
Epoch: 191, Steps: 154 | Train Loss: 0.1283469 Vali Loss: 0.1669198 Test Loss: 0.1945341
Validation loss decreased (0.168108 --> 0.166920).  Saving model ...
Updating learning rate to 4.2821391633154165e-05
	iters: 100, epoch: 192 | loss: 0.1255081
	speed: 0.3290s/iter; left time: 5489.7512s
Epoch: 192 cost time: 21.896798372268677
Epoch: 192, Steps: 154 | Train Loss: 0.1277631 Vali Loss: 0.1687144 Test Loss: 0.1927981
EarlyStopping counter: 1 out of 20
Updating learning rate to 4.217431041430135e-05
	iters: 100, epoch: 193 | loss: 0.1286535
	speed: 0.3744s/iter; left time: 6190.0162s
Epoch: 193 cost time: 25.343138456344604
Epoch: 193, Steps: 154 | Train Loss: 0.1276023 Vali Loss: 0.1666073 Test Loss: 0.1940880
Validation loss decreased (0.166920 --> 0.166607).  Saving model ...
Updating learning rate to 4.152857012134128e-05
	iters: 100, epoch: 194 | loss: 0.1373276
	speed: 0.3732s/iter; left time: 6113.0436s
Epoch: 194 cost time: 25.341599702835083
Epoch: 194, Steps: 154 | Train Loss: 0.1274291 Vali Loss: 0.1670051 Test Loss: 0.1962796
EarlyStopping counter: 1 out of 20
Updating learning rate to 4.088428139854882e-05
	iters: 100, epoch: 195 | loss: 0.1230619
	speed: 0.3713s/iter; left time: 6023.5651s
Epoch: 195 cost time: 25.095404386520386
Epoch: 195, Steps: 154 | Train Loss: 0.1270559 Vali Loss: 0.1680908 Test Loss: 0.1945843
EarlyStopping counter: 2 out of 20
Updating learning rate to 4.024155464147986e-05
	iters: 100, epoch: 196 | loss: 0.1280842
	speed: 0.3432s/iter; left time: 5515.9897s
Epoch: 196 cost time: 18.964102506637573
Epoch: 196, Steps: 154 | Train Loss: 0.1268408 Vali Loss: 0.1692940 Test Loss: 0.1958375
EarlyStopping counter: 3 out of 20
Updating learning rate to 3.960049997805544e-05
	iters: 100, epoch: 197 | loss: 0.1238228
	speed: 0.3511s/iter; left time: 5588.9761s
Epoch: 197 cost time: 25.33800983428955
Epoch: 197, Steps: 154 | Train Loss: 0.1266831 Vali Loss: 0.1669788 Test Loss: 0.1961197
EarlyStopping counter: 4 out of 20
Updating learning rate to 3.896122724969195e-05
	iters: 100, epoch: 198 | loss: 0.1231919
	speed: 0.3721s/iter; left time: 5865.3736s
Epoch: 198 cost time: 25.28484582901001
Epoch: 198, Steps: 154 | Train Loss: 0.1263635 Vali Loss: 0.1662682 Test Loss: 0.1939530
Validation loss decreased (0.166607 --> 0.166268).  Saving model ...
Updating learning rate to 3.8323845992480475e-05
	iters: 100, epoch: 199 | loss: 0.1221375
	speed: 0.3757s/iter; left time: 5864.1568s
Epoch: 199 cost time: 25.483003854751587
Epoch: 199, Steps: 154 | Train Loss: 0.1260719 Vali Loss: 0.1669701 Test Loss: 0.1940582
EarlyStopping counter: 1 out of 20
Updating learning rate to 3.768846541841813e-05
	iters: 100, epoch: 200 | loss: 0.1318654
	speed: 0.3261s/iter; left time: 5039.2893s
Epoch: 200 cost time: 18.66571307182312
Epoch: 200, Steps: 154 | Train Loss: 0.1258022 Vali Loss: 0.1676596 Test Loss: 0.1959331
EarlyStopping counter: 2 out of 20
Updating learning rate to 3.705519439669537e-05
	iters: 100, epoch: 201 | loss: 0.1228004
	speed: 0.3632s/iter; left time: 5556.9789s
Epoch: 201 cost time: 24.910840272903442
Epoch: 201, Steps: 154 | Train Loss: 0.1256181 Vali Loss: 0.1654547 Test Loss: 0.1925480
Validation loss decreased (0.166268 --> 0.165455).  Saving model ...
Updating learning rate to 3.642414143504167e-05
	iters: 100, epoch: 202 | loss: 0.1271413
	speed: 0.3808s/iter; left time: 5767.9129s
Epoch: 202 cost time: 25.37823796272278
Epoch: 202, Steps: 154 | Train Loss: 0.1253145 Vali Loss: 0.1662471 Test Loss: 0.1944488
EarlyStopping counter: 1 out of 20
Updating learning rate to 3.579541466113332e-05
	iters: 100, epoch: 203 | loss: 0.1251834
	speed: 0.3709s/iter; left time: 5561.4240s
Epoch: 203 cost time: 25.357362508773804
Epoch: 203, Steps: 154 | Train Loss: 0.1251693 Vali Loss: 0.1662339 Test Loss: 0.1948343
EarlyStopping counter: 2 out of 20
Updating learning rate to 3.516912180406637e-05
	iters: 100, epoch: 204 | loss: 0.1272462
	speed: 0.3620s/iter; left time: 5372.3919s
Epoch: 204 cost time: 22.094752550125122
Epoch: 204, Steps: 154 | Train Loss: 0.1249858 Vali Loss: 0.1661585 Test Loss: 0.1931847
EarlyStopping counter: 3 out of 20
Updating learning rate to 3.454537017589766e-05
	iters: 100, epoch: 205 | loss: 0.1339738
	speed: 0.3169s/iter; left time: 4654.0064s
Epoch: 205 cost time: 20.177019119262695
Epoch: 205, Steps: 154 | Train Loss: 0.1248156 Vali Loss: 0.1666874 Test Loss: 0.1931511
EarlyStopping counter: 4 out of 20
Updating learning rate to 3.3924266653257644e-05
	iters: 100, epoch: 206 | loss: 0.1226207
	speed: 0.3595s/iter; left time: 5223.4858s
Epoch: 206 cost time: 25.07614278793335
Epoch: 206, Steps: 154 | Train Loss: 0.1246506 Vali Loss: 0.1654087 Test Loss: 0.1933906
Validation loss decreased (0.165455 --> 0.165409).  Saving model ...
Updating learning rate to 3.330591765903748e-05
	iters: 100, epoch: 207 | loss: 0.1244579
	speed: 0.3738s/iter; left time: 5374.5120s
Epoch: 207 cost time: 25.36935544013977
Epoch: 207, Steps: 154 | Train Loss: 0.1244573 Vali Loss: 0.1668661 Test Loss: 0.1930060
EarlyStopping counter: 1 out of 20
Updating learning rate to 3.269042914415402e-05
	iters: 100, epoch: 208 | loss: 0.1213914
	speed: 0.3780s/iter; left time: 5376.3309s
Epoch: 208 cost time: 25.363270044326782
Epoch: 208, Steps: 154 | Train Loss: 0.1242712 Vali Loss: 0.1662118 Test Loss: 0.1917668
EarlyStopping counter: 2 out of 20
Updating learning rate to 3.207790656939577e-05
	iters: 100, epoch: 209 | loss: 0.1220678
	speed: 0.3309s/iter; left time: 4655.6232s
Epoch: 209 cost time: 18.626995086669922
Epoch: 209, Steps: 154 | Train Loss: 0.1237611 Vali Loss: 0.1654562 Test Loss: 0.1920900
EarlyStopping counter: 3 out of 20
Updating learning rate to 3.1468454887352637e-05
	iters: 100, epoch: 210 | loss: 0.1207981
	speed: 0.3553s/iter; left time: 4943.4251s
Epoch: 210 cost time: 25.308274745941162
Epoch: 210, Steps: 154 | Train Loss: 0.1237114 Vali Loss: 0.1671958 Test Loss: 0.1942955
EarlyStopping counter: 4 out of 20
Updating learning rate to 3.086217852443288e-05
	iters: 100, epoch: 211 | loss: 0.1202225
	speed: 0.3839s/iter; left time: 5282.1687s
Epoch: 211 cost time: 25.527589082717896
Epoch: 211, Steps: 154 | Train Loss: 0.1235256 Vali Loss: 0.1664499 Test Loss: 0.1926353
EarlyStopping counter: 5 out of 20
Updating learning rate to 3.0259181362970143e-05
	iters: 100, epoch: 212 | loss: 0.1180375
	speed: 0.3744s/iter; left time: 5094.2722s
Epoch: 212 cost time: 25.312222242355347
Epoch: 212, Steps: 154 | Train Loss: 0.1232994 Vali Loss: 0.1649064 Test Loss: 0.1924315
Validation loss decreased (0.165409 --> 0.164906).  Saving model ...
Updating learning rate to 2.9659566723423813e-05
	iters: 100, epoch: 213 | loss: 0.1218789
	speed: 0.3335s/iter; left time: 4486.5569s
Epoch: 213 cost time: 18.96421217918396
Epoch: 213, Steps: 154 | Train Loss: 0.1230665 Vali Loss: 0.1639179 Test Loss: 0.1929461
Validation loss decreased (0.164906 --> 0.163918).  Saving model ...
Updating learning rate to 2.9063437346675564e-05
	iters: 100, epoch: 214 | loss: 0.1318311
	speed: 0.3288s/iter; left time: 4372.8243s
Epoch: 214 cost time: 22.406037092208862
Epoch: 214, Steps: 154 | Train Loss: 0.1230315 Vali Loss: 0.1642284 Test Loss: 0.1929070
EarlyStopping counter: 1 out of 20
Updating learning rate to 2.8470895376425238e-05
	iters: 100, epoch: 215 | loss: 0.1245293
	speed: 0.3746s/iter; left time: 4923.8924s
Epoch: 215 cost time: 25.577994108200073
Epoch: 215, Steps: 154 | Train Loss: 0.1226848 Vali Loss: 0.1654697 Test Loss: 0.1920085
EarlyStopping counter: 2 out of 20
Updating learning rate to 2.7882042341688978e-05
	iters: 100, epoch: 216 | loss: 0.1216339
	speed: 0.3813s/iter; left time: 4953.5521s
Epoch: 216 cost time: 25.45101809501648
Epoch: 216, Steps: 154 | Train Loss: 0.1226366 Vali Loss: 0.1656821 Test Loss: 0.1928451
EarlyStopping counter: 3 out of 20
Updating learning rate to 2.729697913940288e-05
	iters: 100, epoch: 217 | loss: 0.1195557
	speed: 0.3772s/iter; left time: 4842.7451s
Epoch: 217 cost time: 23.76074743270874
Epoch: 217, Steps: 154 | Train Loss: 0.1222252 Vali Loss: 0.1648581 Test Loss: 0.1924895
EarlyStopping counter: 4 out of 20
Updating learning rate to 2.6715806017134767e-05
	iters: 100, epoch: 218 | loss: 0.1261175
	speed: 0.3282s/iter; left time: 4161.9596s
Epoch: 218 cost time: 19.444917678833008
Epoch: 218, Steps: 154 | Train Loss: 0.1224083 Vali Loss: 0.1651291 Test Loss: 0.1920859
EarlyStopping counter: 5 out of 20
Updating learning rate to 2.6138622555907206e-05
	iters: 100, epoch: 219 | loss: 0.1255645
	speed: 0.3557s/iter; left time: 4456.6439s
Epoch: 219 cost time: 25.425872087478638
Epoch: 219, Steps: 154 | Train Loss: 0.1223724 Vali Loss: 0.1655710 Test Loss: 0.1930461
EarlyStopping counter: 6 out of 20
Updating learning rate to 2.5565527653134944e-05
	iters: 100, epoch: 220 | loss: 0.1238311
	speed: 0.3766s/iter; left time: 4660.5861s
Epoch: 220 cost time: 25.46517848968506
Epoch: 220, Steps: 154 | Train Loss: 0.1218717 Vali Loss: 0.1663321 Test Loss: 0.1936173
EarlyStopping counter: 7 out of 20
Updating learning rate to 2.4996619505679312e-05
	iters: 100, epoch: 221 | loss: 0.1265703
	speed: 0.3770s/iter; left time: 4606.7846s
Epoch: 221 cost time: 25.413174867630005
Epoch: 221, Steps: 154 | Train Loss: 0.1216650 Vali Loss: 0.1652251 Test Loss: 0.1923004
EarlyStopping counter: 8 out of 20
Updating learning rate to 2.4431995593022585e-05
	iters: 100, epoch: 222 | loss: 0.1222009
	speed: 0.3343s/iter; left time: 4033.5925s
Epoch: 222 cost time: 18.730994701385498
Epoch: 222, Steps: 154 | Train Loss: 0.1216091 Vali Loss: 0.1637660 Test Loss: 0.1910959
Validation loss decreased (0.163918 --> 0.163766).  Saving model ...
Updating learning rate to 2.387175266056551e-05
	iters: 100, epoch: 223 | loss: 0.1230366
	speed: 0.3552s/iter; left time: 4231.8002s
Epoch: 223 cost time: 25.500258445739746
Epoch: 223, Steps: 154 | Train Loss: 0.1213189 Vali Loss: 0.1652251 Test Loss: 0.1930393
EarlyStopping counter: 1 out of 20
Updating learning rate to 2.3315986703050435e-05
	iters: 100, epoch: 224 | loss: 0.1202725
	speed: 0.3744s/iter; left time: 4402.7479s
Epoch: 224 cost time: 25.446434020996094
Epoch: 224, Steps: 154 | Train Loss: 0.1212660 Vali Loss: 0.1637738 Test Loss: 0.1923558
EarlyStopping counter: 2 out of 20
Updating learning rate to 2.2764792948113106e-05
	iters: 100, epoch: 225 | loss: 0.1228766
	speed: 0.3806s/iter; left time: 4416.6947s
Epoch: 225 cost time: 25.44983959197998
Epoch: 225, Steps: 154 | Train Loss: 0.1211749 Vali Loss: 0.1658882 Test Loss: 0.1916507
EarlyStopping counter: 3 out of 20
Updating learning rate to 2.221826583996584e-05
	iters: 100, epoch: 226 | loss: 0.1273198
	speed: 0.3488s/iter; left time: 3993.8144s
Epoch: 226 cost time: 20.615642547607422
Epoch: 226, Steps: 154 | Train Loss: 0.1209326 Vali Loss: 0.1640879 Test Loss: 0.1911521
EarlyStopping counter: 4 out of 20
Updating learning rate to 2.167649902321511e-05
	iters: 100, epoch: 227 | loss: 0.1136625
	speed: 0.3256s/iter; left time: 3678.2081s
Epoch: 227 cost time: 21.7962908744812
Epoch: 227, Steps: 154 | Train Loss: 0.1206789 Vali Loss: 0.1641222 Test Loss: 0.1916254
EarlyStopping counter: 5 out of 20
Updating learning rate to 2.1139585326815945e-05
	iters: 100, epoch: 228 | loss: 0.1178511
	speed: 0.3721s/iter; left time: 4146.7755s
Epoch: 228 cost time: 25.452078819274902
Epoch: 228, Steps: 154 | Train Loss: 0.1204999 Vali Loss: 0.1658838 Test Loss: 0.1935502
EarlyStopping counter: 6 out of 20
Updating learning rate to 2.0607616748166174e-05
	iters: 100, epoch: 229 | loss: 0.1145524
	speed: 0.3741s/iter; left time: 4110.9152s
Epoch: 229 cost time: 25.37466549873352
Epoch: 229, Steps: 154 | Train Loss: 0.1205572 Vali Loss: 0.1642256 Test Loss: 0.1913333
EarlyStopping counter: 7 out of 20
Updating learning rate to 2.008068443734317e-05
	iters: 100, epoch: 230 | loss: 0.1149362
	speed: 0.3748s/iter; left time: 4061.2358s
Epoch: 230 cost time: 25.21587634086609
Epoch: 230, Steps: 154 | Train Loss: 0.1203867 Vali Loss: 0.1646035 Test Loss: 0.1922439
EarlyStopping counter: 8 out of 20
Updating learning rate to 1.9558878681485765e-05
	iters: 100, epoch: 231 | loss: 0.1248156
	speed: 0.3354s/iter; left time: 3582.7886s
Epoch: 231 cost time: 18.862342596054077
Epoch: 231, Steps: 154 | Train Loss: 0.1202434 Vali Loss: 0.1643656 Test Loss: 0.1911146
EarlyStopping counter: 9 out of 20
Updating learning rate to 1.9042288889323913e-05
	iters: 100, epoch: 232 | loss: 0.1224178
	speed: 0.3451s/iter; left time: 3632.7988s
Epoch: 232 cost time: 25.26758337020874
Epoch: 232, Steps: 154 | Train Loss: 0.1202588 Vali Loss: 0.1643628 Test Loss: 0.1909545
EarlyStopping counter: 10 out of 20
Updating learning rate to 1.853100357585912e-05
	iters: 100, epoch: 233 | loss: 0.1257362
	speed: 0.3711s/iter; left time: 3849.9104s
Epoch: 233 cost time: 25.36723232269287
Epoch: 233, Steps: 154 | Train Loss: 0.1200382 Vali Loss: 0.1648713 Test Loss: 0.1918709
EarlyStopping counter: 11 out of 20
Updating learning rate to 1.8025110347197736e-05
	iters: 100, epoch: 234 | loss: 0.1243704
	speed: 0.3708s/iter; left time: 3789.3754s
Epoch: 234 cost time: 25.30212903022766
Epoch: 234, Steps: 154 | Train Loss: 0.1198790 Vali Loss: 0.1638833 Test Loss: 0.1913062
EarlyStopping counter: 12 out of 20
Updating learning rate to 1.7524695885540144e-05
	iters: 100, epoch: 235 | loss: 0.1220047
	speed: 0.3322s/iter; left time: 3343.6793s
Epoch: 235 cost time: 18.722982168197632
Epoch: 235, Steps: 154 | Train Loss: 0.1195801 Vali Loss: 0.1633608 Test Loss: 0.1910964
Validation loss decreased (0.163766 --> 0.163361).  Saving model ...
Updating learning rate to 1.7029845934328218e-05
	iters: 100, epoch: 236 | loss: 0.1181401
	speed: 0.3362s/iter; left time: 3332.2334s
Epoch: 236 cost time: 22.817359685897827
Epoch: 236, Steps: 154 | Train Loss: 0.1196593 Vali Loss: 0.1637184 Test Loss: 0.1911821
EarlyStopping counter: 1 out of 20
Updating learning rate to 1.65406452835536e-05
	iters: 100, epoch: 237 | loss: 0.1206471
	speed: 0.3669s/iter; left time: 3579.9431s
Epoch: 237 cost time: 25.086713075637817
Epoch: 237, Steps: 154 | Train Loss: 0.1194518 Vali Loss: 0.1634262 Test Loss: 0.1914018
EarlyStopping counter: 2 out of 20
Updating learning rate to 1.6057177755229395e-05
	iters: 100, epoch: 238 | loss: 0.1220507
	speed: 0.3694s/iter; left time: 3547.7980s
Epoch: 238 cost time: 25.119152784347534
Epoch: 238, Steps: 154 | Train Loss: 0.1193537 Vali Loss: 0.1629153 Test Loss: 0.1911310
Validation loss decreased (0.163361 --> 0.162915).  Saving model ...
Updating learning rate to 1.5579526189027667e-05
	iters: 100, epoch: 239 | loss: 0.1171326
	speed: 0.3767s/iter; left time: 3559.4434s
Epoch: 239 cost time: 24.854450702667236
Epoch: 239, Steps: 154 | Train Loss: 0.1192497 Vali Loss: 0.1654419 Test Loss: 0.1924215
EarlyStopping counter: 1 out of 20
Updating learning rate to 1.5107772428085328e-05
	iters: 100, epoch: 240 | loss: 0.1163047
	speed: 0.3326s/iter; left time: 3091.2999s
Epoch: 240 cost time: 19.03174376487732
Epoch: 240, Steps: 154 | Train Loss: 0.1191127 Vali Loss: 0.1634852 Test Loss: 0.1913733
EarlyStopping counter: 2 out of 20
Updating learning rate to 1.4641997304980738e-05
	iters: 100, epoch: 241 | loss: 0.1134531
	speed: 0.3480s/iter; left time: 3180.8528s
Epoch: 241 cost time: 25.01215648651123
Epoch: 241, Steps: 154 | Train Loss: 0.1190313 Vali Loss: 0.1637645 Test Loss: 0.1911699
EarlyStopping counter: 3 out of 20
Updating learning rate to 1.4182280627883423e-05
	iters: 100, epoch: 242 | loss: 0.1205881
	speed: 0.3703s/iter; left time: 3328.1709s
Epoch: 242 cost time: 25.224735736846924
Epoch: 242, Steps: 154 | Train Loss: 0.1188593 Vali Loss: 0.1626277 Test Loss: 0.1907051
Validation loss decreased (0.162915 --> 0.162628).  Saving model ...
Updating learning rate to 1.3728701166879339e-05
	iters: 100, epoch: 243 | loss: 0.1177586
	speed: 0.3726s/iter; left time: 3291.5528s
Epoch: 243 cost time: 25.206892251968384
Epoch: 243, Steps: 154 | Train Loss: 0.1189788 Vali Loss: 0.1641610 Test Loss: 0.1918844
EarlyStopping counter: 1 out of 20
Updating learning rate to 1.328133664047414e-05
	iters: 100, epoch: 244 | loss: 0.1145586
	speed: 0.3305s/iter; left time: 2868.3216s
Epoch: 244 cost time: 18.550813913345337
Epoch: 244, Steps: 154 | Train Loss: 0.1187182 Vali Loss: 0.1634824 Test Loss: 0.1914534
EarlyStopping counter: 2 out of 20
Updating learning rate to 1.2840263702276387e-05
	iters: 100, epoch: 245 | loss: 0.1158836
	speed: 0.3395s/iter; left time: 2894.1868s
Epoch: 245 cost time: 22.815051794052124
Epoch: 245, Steps: 154 | Train Loss: 0.1184998 Vali Loss: 0.1630772 Test Loss: 0.1909537
EarlyStopping counter: 3 out of 20
Updating learning rate to 1.2405557927863364e-05
	iters: 100, epoch: 246 | loss: 0.1216583
	speed: 0.3712s/iter; left time: 3107.3838s
Epoch: 246 cost time: 25.25781559944153
Epoch: 246, Steps: 154 | Train Loss: 0.1184249 Vali Loss: 0.1635527 Test Loss: 0.1905360
EarlyStopping counter: 4 out of 20
Updating learning rate to 1.197729380183165e-05
	iters: 100, epoch: 247 | loss: 0.1108341
	speed: 0.3732s/iter; left time: 3066.3463s
Epoch: 247 cost time: 25.27349853515625
Epoch: 247, Steps: 154 | Train Loss: 0.1184184 Vali Loss: 0.1630975 Test Loss: 0.1896809
EarlyStopping counter: 5 out of 20
Updating learning rate to 1.155554470503455e-05
	iters: 100, epoch: 248 | loss: 0.1156289
	speed: 0.3698s/iter; left time: 2981.4854s
Epoch: 248 cost time: 24.166285753250122
Epoch: 248, Steps: 154 | Train Loss: 0.1184233 Vali Loss: 0.1629747 Test Loss: 0.1901343
EarlyStopping counter: 6 out of 20
Updating learning rate to 1.1140382902008603e-05
	iters: 100, epoch: 249 | loss: 0.1167253
	speed: 0.3366s/iter; left time: 2661.8000s
Epoch: 249 cost time: 18.94679546356201
Epoch: 249, Steps: 154 | Train Loss: 0.1181787 Vali Loss: 0.1623050 Test Loss: 0.1907936
Validation loss decreased (0.162628 --> 0.162305).  Saving model ...
Updating learning rate to 1.0731879528591494e-05
	iters: 100, epoch: 250 | loss: 0.1163429
	speed: 0.3583s/iter; left time: 2778.6244s
Epoch: 250 cost time: 25.30104899406433
Epoch: 250, Steps: 154 | Train Loss: 0.1181471 Vali Loss: 0.1626659 Test Loss: 0.1901725
EarlyStopping counter: 1 out of 20
Updating learning rate to 1.0330104579733329e-05
	iters: 100, epoch: 251 | loss: 0.1183660
	speed: 0.3723s/iter; left time: 2829.9845s
Epoch: 251 cost time: 25.36683416366577
Epoch: 251, Steps: 154 | Train Loss: 0.1180905 Vali Loss: 0.1633314 Test Loss: 0.1908835
EarlyStopping counter: 2 out of 20
Updating learning rate to 9.9351268975032e-06
	iters: 100, epoch: 252 | loss: 0.1238805
	speed: 0.3720s/iter; left time: 2770.5205s
Epoch: 252 cost time: 25.37312889099121
Epoch: 252, Steps: 154 | Train Loss: 0.1180610 Vali Loss: 0.1627377 Test Loss: 0.1903211
EarlyStopping counter: 3 out of 20
Updating learning rate to 9.547014159293623e-06
	iters: 100, epoch: 253 | loss: 0.1164184
	speed: 0.3267s/iter; left time: 2382.6566s
Epoch: 253 cost time: 18.608970880508423
Epoch: 253, Steps: 154 | Train Loss: 0.1178948 Vali Loss: 0.1634839 Test Loss: 0.1909845
EarlyStopping counter: 4 out of 20
Updating learning rate to 9.165832866224287e-06
	iters: 100, epoch: 254 | loss: 0.1201609
	speed: 0.3578s/iter; left time: 2554.1755s
Epoch: 254 cost time: 25.325872898101807
Epoch: 254, Steps: 154 | Train Loss: 0.1178856 Vali Loss: 0.1628837 Test Loss: 0.1908854
EarlyStopping counter: 5 out of 20
Updating learning rate to 8.79164833174743e-06
	iters: 100, epoch: 255 | loss: 0.1180894
	speed: 0.3746s/iter; left time: 2616.6639s
Epoch: 255 cost time: 25.259543418884277
Epoch: 255, Steps: 154 | Train Loss: 0.1177674 Vali Loss: 0.1632358 Test Loss: 0.1905091
EarlyStopping counter: 6 out of 20
Updating learning rate to 8.424524670456721e-06
	iters: 100, epoch: 256 | loss: 0.1129752
	speed: 0.3732s/iter; left time: 2549.3459s
Epoch: 256 cost time: 25.41804528236389
Epoch: 256, Steps: 154 | Train Loss: 0.1176875 Vali Loss: 0.1637754 Test Loss: 0.1910313
EarlyStopping counter: 7 out of 20
Updating learning rate to 8.064524787101566e-06
	iters: 100, epoch: 257 | loss: 0.1120217
	speed: 0.3586s/iter; left time: 2394.0966s
Epoch: 257 cost time: 21.398311853408813
Epoch: 257, Steps: 154 | Train Loss: 0.1176353 Vali Loss: 0.1637814 Test Loss: 0.1915558
EarlyStopping counter: 8 out of 20
Updating learning rate to 7.711710365808693e-06
	iters: 100, epoch: 258 | loss: 0.1129149
	speed: 0.3102s/iter; left time: 2023.7547s
Epoch: 258 cost time: 20.76630401611328
Epoch: 258, Steps: 154 | Train Loss: 0.1174901 Vali Loss: 0.1629529 Test Loss: 0.1903226
EarlyStopping counter: 9 out of 20
Updating learning rate to 7.366141859512901e-06
	iters: 100, epoch: 259 | loss: 0.1148104
	speed: 0.3745s/iter; left time: 2384.9687s
Epoch: 259 cost time: 25.316868782043457
Epoch: 259, Steps: 154 | Train Loss: 0.1174675 Vali Loss: 0.1632009 Test Loss: 0.1907585
EarlyStopping counter: 10 out of 20
Updating learning rate to 7.027878479598752e-06
	iters: 100, epoch: 260 | loss: 0.1109643
	speed: 0.3743s/iter; left time: 2326.0743s
Epoch: 260 cost time: 25.236177921295166
Epoch: 260, Steps: 154 | Train Loss: 0.1174402 Vali Loss: 0.1625087 Test Loss: 0.1907133
EarlyStopping counter: 11 out of 20
Updating learning rate to 6.696978185755013e-06
	iters: 100, epoch: 261 | loss: 0.1176332
	speed: 0.3699s/iter; left time: 2241.7420s
Epoch: 261 cost time: 25.455273151397705
Epoch: 261, Steps: 154 | Train Loss: 0.1174701 Vali Loss: 0.1631567 Test Loss: 0.1900972
EarlyStopping counter: 12 out of 20
Updating learning rate to 6.373497676043547e-06
	iters: 100, epoch: 262 | loss: 0.1179522
	speed: 0.3317s/iter; left time: 1959.5838s
Epoch: 262 cost time: 18.929850339889526
Epoch: 262, Steps: 154 | Train Loss: 0.1174175 Vali Loss: 0.1626994 Test Loss: 0.1904936
EarlyStopping counter: 13 out of 20
Updating learning rate to 6.057492377184408e-06
	iters: 100, epoch: 263 | loss: 0.1159330
	speed: 0.3516s/iter; left time: 2022.8179s
Epoch: 263 cost time: 25.34523916244507
Epoch: 263, Steps: 154 | Train Loss: 0.1172388 Vali Loss: 0.1628785 Test Loss: 0.1905963
EarlyStopping counter: 14 out of 20
Updating learning rate to 5.749016435058763e-06
	iters: 100, epoch: 264 | loss: 0.1131969
	speed: 0.3807s/iter; left time: 2131.6014s
Epoch: 264 cost time: 25.33042597770691
Epoch: 264, Steps: 154 | Train Loss: 0.1172222 Vali Loss: 0.1628595 Test Loss: 0.1906345
EarlyStopping counter: 15 out of 20
Updating learning rate to 5.44812270543126e-06
	iters: 100, epoch: 265 | loss: 0.1186815
	speed: 0.3728s/iter; left time: 2029.6468s
Epoch: 265 cost time: 25.3094322681427
Epoch: 265, Steps: 154 | Train Loss: 0.1171965 Vali Loss: 0.1626569 Test Loss: 0.1897088
EarlyStopping counter: 16 out of 20
Updating learning rate to 5.1548627448934545e-06
	iters: 100, epoch: 266 | loss: 0.1165172
	speed: 0.3336s/iter; left time: 1765.1653s
Epoch: 266 cost time: 18.85085892677307
Epoch: 266, Steps: 154 | Train Loss: 0.1170846 Vali Loss: 0.1626307 Test Loss: 0.1902209
EarlyStopping counter: 17 out of 20
Updating learning rate to 4.8692868020298896e-06
	iters: 100, epoch: 267 | loss: 0.1145355
	speed: 0.3339s/iter; left time: 1715.1682s
Epoch: 267 cost time: 23.147319793701172
Epoch: 267, Steps: 154 | Train Loss: 0.1170524 Vali Loss: 0.1631433 Test Loss: 0.1906508
EarlyStopping counter: 18 out of 20
Updating learning rate to 4.591443808808228e-06
	iters: 100, epoch: 268 | loss: 0.1140310
	speed: 0.3771s/iter; left time: 1878.9449s
Epoch: 268 cost time: 25.645456314086914
Epoch: 268, Steps: 154 | Train Loss: 0.1169752 Vali Loss: 0.1623599 Test Loss: 0.1899851
EarlyStopping counter: 19 out of 20
Updating learning rate to 4.321381372195004e-06
	iters: 100, epoch: 269 | loss: 0.1195548
	speed: 0.3821s/iter; left time: 1844.9757s
Epoch: 269 cost time: 25.441139698028564
Epoch: 269, Steps: 154 | Train Loss: 0.1169793 Vali Loss: 0.1630716 Test Loss: 0.1902993
EarlyStopping counter: 20 out of 20
Early stopping
>>>>>>>testing : 96_192_SPM_TST_PEMS04_ftM_sl96_ll18_pl192_dm512_nh1_el1_dl1_df256_fc1_ebtimeF_dtTrue_Exp_0<<<<<<<<<<<<<<<<<<<<<<<<<<<<<<<<<
test 3112
mse:0.19079329073429108, mae:0.2985179126262665, rse:0.42644959688186646
