Args in experiment:
Namespace(activation='gelu', affine=0, batch_size=64, c_out=7, checkpoints='./checkpoints/', d_ff=256, d_layers=1, d_model=256, data='custom', data_path='traffic.csv', dec_in=7, decomposition=0, des='Exp', devices='0,1,2,3', dishts=0, distil=True, do_predict=False, dropout=0.2, e_layers=1, embed='timeF', embed_type=0, enc_in=862, factor=1, fc_dropout=0.2, features='M', freq='h', gpu=0, head_dropout=0.0, hidden_size=[32, 8], hidden_size1=3, hidden_size2=3, individual=0, is_training=1, itr=1, k=1.0, kernel_size=25, label_len=18, learning_rate=0.0001, loss='mse', lradj='TST', model='SPM_TST', model_id='96_720', moving_avg=25, n_heads=1, num_layers=3, num_workers=10, output_attention=False, padding_patch='end', patch_len=16, patience=20, pct_start=0.2, pred_len=720, random_seed=2021, revin=1, root_path='./dataset/', seq_len=96, stride=8, subtract_last=0, target='OT', test_flop=False, traffic=0, train_epochs=300, use_amp=False, use_gpu=True, use_multi_gpu=False)
Use GPU: cuda:0
>>>>>>>start training : 96_720_SPM_TST_custom_ftM_sl96_ll18_pl720_dm256_nh1_el1_dl1_df256_fc1_ebtimeF_dtTrue_Exp_0>>>>>>>>>>>>>>>>>>>>>>>>>>
train 11465
val 1037
test 2789
	iters: 100, epoch: 1 | loss: 0.9561398
	speed: 0.3122s/iter; left time: 16733.8118s
Epoch: 1 cost time: 53.97250533103943
Epoch: 1, Steps: 179 | Train Loss: 0.9515961 Vali Loss: 1.0337104 Test Loss: 1.2463760
Validation loss decreased (inf --> 1.033710).  Saving model ...
Updating learning rate to 4.065794580660528e-06
	iters: 100, epoch: 2 | loss: 0.6830167
	speed: 0.9552s/iter; left time: 51029.0536s
Epoch: 2 cost time: 54.158371686935425
Epoch: 2, Steps: 179 | Train Loss: 0.7010156 Vali Loss: 0.7461473 Test Loss: 0.9229838
Validation loss decreased (1.033710 --> 0.746147).  Saving model ...
Updating learning rate to 4.262997950690259e-06
	iters: 100, epoch: 3 | loss: 0.5442089
	speed: 0.9999s/iter; left time: 53237.8419s
Epoch: 3 cost time: 53.54590582847595
Epoch: 3, Steps: 179 | Train Loss: 0.5394258 Vali Loss: 0.6615238 Test Loss: 0.8151762
Validation loss decreased (0.746147 --> 0.661524).  Saving model ...
Updating learning rate to 4.591069488712687e-06
	iters: 100, epoch: 4 | loss: 0.4740999
	speed: 0.9405s/iter; left time: 49907.1687s
Epoch: 4 cost time: 53.93654108047485
Epoch: 4, Steps: 179 | Train Loss: 0.4848043 Vali Loss: 0.6192080 Test Loss: 0.7522818
Validation loss decreased (0.661524 --> 0.619208).  Saving model ...
Updating learning rate to 5.049109806008211e-06
	iters: 100, epoch: 5 | loss: 0.4475547
	speed: 0.9961s/iter; left time: 52680.5628s
Epoch: 5 cost time: 52.57891249656677
Epoch: 5, Steps: 179 | Train Loss: 0.4504862 Vali Loss: 0.5877308 Test Loss: 0.7079296
Validation loss decreased (0.619208 --> 0.587731).  Saving model ...
Updating learning rate to 5.635863212135068e-06
	iters: 100, epoch: 6 | loss: 0.4256793
	speed: 0.9426s/iter; left time: 49681.7193s
Epoch: 6 cost time: 51.519328117370605
Epoch: 6, Steps: 179 | Train Loss: 0.4257903 Vali Loss: 0.5634794 Test Loss: 0.6738660
Validation loss decreased (0.587731 --> 0.563479).  Saving model ...
Updating learning rate to 6.349721157330456e-06
	iters: 100, epoch: 7 | loss: 0.3977900
	speed: 0.9185s/iter; left time: 48247.1503s
Epoch: 7 cost time: 51.07088255882263
Epoch: 7, Steps: 179 | Train Loss: 0.4060188 Vali Loss: 0.5419922 Test Loss: 0.6456476
Validation loss decreased (0.563479 --> 0.541992).  Saving model ...
Updating learning rate to 7.1887266422545725e-06
	iters: 100, epoch: 8 | loss: 0.3878683
	speed: 0.9555s/iter; left time: 50020.6568s
Epoch: 8 cost time: 52.04520273208618
Epoch: 8, Steps: 179 | Train Loss: 0.3901071 Vali Loss: 0.5257283 Test Loss: 0.6231526
Validation loss decreased (0.541992 --> 0.525728).  Saving model ...
Updating learning rate to 8.150579582988558e-06
	iters: 100, epoch: 9 | loss: 0.3841957
	speed: 0.9532s/iter; left time: 49729.0566s
Epoch: 9 cost time: 51.431544065475464
Epoch: 9, Steps: 179 | Train Loss: 0.3776014 Vali Loss: 0.5133511 Test Loss: 0.6041681
Validation loss decreased (0.525728 --> 0.513351).  Saving model ...
Updating learning rate to 9.232643116578569e-06
	iters: 100, epoch: 10 | loss: 0.3635160
	speed: 0.9102s/iter; left time: 47321.4509s
Epoch: 10 cost time: 51.31104373931885
Epoch: 10, Steps: 179 | Train Loss: 0.3674537 Vali Loss: 0.5033575 Test Loss: 0.5891064
Validation loss decreased (0.513351 --> 0.503358).  Saving model ...
Updating learning rate to 1.0431950829839569e-05
	iters: 100, epoch: 11 | loss: 0.3540431
	speed: 0.9332s/iter; left time: 48349.6134s
Epoch: 11 cost time: 51.48844647407532
Epoch: 11, Steps: 179 | Train Loss: 0.3589560 Vali Loss: 0.4955837 Test Loss: 0.5762832
Validation loss decreased (0.503358 --> 0.495584).  Saving model ...
Updating learning rate to 1.1745214891601668e-05
	iters: 100, epoch: 12 | loss: 0.3543249
	speed: 0.9602s/iter; left time: 49575.4127s
Epoch: 12 cost time: 51.065901041030884
Epoch: 12, Steps: 179 | Train Loss: 0.3519101 Vali Loss: 0.4889318 Test Loss: 0.5656109
Validation loss decreased (0.495584 --> 0.488932).  Saving model ...
Updating learning rate to 1.3168835066104895e-05
	iters: 100, epoch: 13 | loss: 0.3478704
	speed: 0.9155s/iter; left time: 47105.5175s
Epoch: 13 cost time: 50.68229413032532
Epoch: 13, Steps: 179 | Train Loss: 0.3459480 Vali Loss: 0.4833667 Test Loss: 0.5565705
Validation loss decreased (0.488932 --> 0.483367).  Saving model ...
Updating learning rate to 1.4698908582832493e-05
	iters: 100, epoch: 14 | loss: 0.3375478
	speed: 0.9165s/iter; left time: 46990.7283s
Epoch: 14 cost time: 51.52819585800171
Epoch: 14, Steps: 179 | Train Loss: 0.3409594 Vali Loss: 0.4800465 Test Loss: 0.5494280
Validation loss decreased (0.483367 --> 0.480047).  Saving model ...
Updating learning rate to 1.633124083572562e-05
	iters: 100, epoch: 15 | loss: 0.3421097
	speed: 0.9515s/iter; left time: 48614.7457s
Epoch: 15 cost time: 51.39579200744629
Epoch: 15, Steps: 179 | Train Loss: 0.3367062 Vali Loss: 0.4762906 Test Loss: 0.5429652
Validation loss decreased (0.480047 --> 0.476291).  Saving model ...
Updating learning rate to 1.8061356882447682e-05
	iters: 100, epoch: 16 | loss: 0.3460899
	speed: 0.9473s/iter; left time: 48231.8323s
Epoch: 16 cost time: 50.962716817855835
Epoch: 16, Steps: 179 | Train Loss: 0.3329502 Vali Loss: 0.4726143 Test Loss: 0.5373565
Validation loss decreased (0.476291 --> 0.472614).  Saving model ...
Updating learning rate to 1.9884513712174187e-05
	iters: 100, epoch: 17 | loss: 0.3275789
	speed: 0.8977s/iter; left time: 45544.9244s
Epoch: 17 cost time: 51.230035066604614
Epoch: 17, Steps: 179 | Train Loss: 0.3295609 Vali Loss: 0.4705594 Test Loss: 0.5331305
Validation loss decreased (0.472614 --> 0.470559).  Saving model ...
Updating learning rate to 2.1795713248276376e-05
	iters: 100, epoch: 18 | loss: 0.3320286
	speed: 0.9278s/iter; left time: 46910.0733s
Epoch: 18 cost time: 50.99076819419861
Epoch: 18, Steps: 179 | Train Loss: 0.3268262 Vali Loss: 0.4678395 Test Loss: 0.5279782
Validation loss decreased (0.470559 --> 0.467839).  Saving model ...
Updating learning rate to 2.3789716050252714e-05
	iters: 100, epoch: 19 | loss: 0.3166773
	speed: 0.9547s/iter; left time: 48095.3916s
Epoch: 19 cost time: 51.24272346496582
Epoch: 19, Steps: 179 | Train Loss: 0.3241171 Vali Loss: 0.4675163 Test Loss: 0.5249870
Validation loss decreased (0.467839 --> 0.467516).  Saving model ...
Updating learning rate to 2.5861055677345237e-05
	iters: 100, epoch: 20 | loss: 0.3281577
	speed: 0.9289s/iter; left time: 46630.5092s
Epoch: 20 cost time: 51.18567633628845
Epoch: 20, Steps: 179 | Train Loss: 0.3217676 Vali Loss: 0.4647363 Test Loss: 0.5217363
Validation loss decreased (0.467516 --> 0.464736).  Saving model ...
Updating learning rate to 2.80040536744635e-05
	iters: 100, epoch: 21 | loss: 0.3147691
	speed: 0.9086s/iter; left time: 45447.0519s
Epoch: 21 cost time: 51.12523150444031
Epoch: 21, Steps: 179 | Train Loss: 0.3197067 Vali Loss: 0.4618808 Test Loss: 0.5180368
Validation loss decreased (0.464736 --> 0.461881).  Saving model ...
Updating learning rate to 3.0212835139333463e-05
	iters: 100, epoch: 22 | loss: 0.3123461
	speed: 0.9430s/iter; left time: 47002.2990s
Epoch: 22 cost time: 51.58202505111694
Epoch: 22, Steps: 179 | Train Loss: 0.3176874 Vali Loss: 0.4615104 Test Loss: 0.5145762
Validation loss decreased (0.461881 --> 0.461510).  Saving model ...
Updating learning rate to 3.248134482819466e-05
	iters: 100, epoch: 23 | loss: 0.3064217
	speed: 0.9545s/iter; left time: 47405.6481s
Epoch: 23 cost time: 50.94946002960205
Epoch: 23, Steps: 179 | Train Loss: 0.3160011 Vali Loss: 0.4598545 Test Loss: 0.5120102
Validation loss decreased (0.461510 --> 0.459855).  Saving model ...
Updating learning rate to 3.48033637558928e-05
	iters: 100, epoch: 24 | loss: 0.3109773
	speed: 0.9074s/iter; left time: 44904.0092s
Epoch: 24 cost time: 51.388938188552856
Epoch: 24, Steps: 179 | Train Loss: 0.3142558 Vali Loss: 0.4594406 Test Loss: 0.5097940
Validation loss decreased (0.459855 --> 0.459441).  Saving model ...
Updating learning rate to 3.717252624485976e-05
	iters: 100, epoch: 25 | loss: 0.3162945
	speed: 0.9150s/iter; left time: 45113.5213s
Epoch: 25 cost time: 50.881267786026
Epoch: 25, Steps: 179 | Train Loss: 0.3126387 Vali Loss: 0.4580303 Test Loss: 0.5075279
Validation loss decreased (0.459441 --> 0.458030).  Saving model ...
Updating learning rate to 3.958233737624235e-05
	iters: 100, epoch: 26 | loss: 0.3052340
	speed: 0.9493s/iter; left time: 46636.0825s
Epoch: 26 cost time: 51.340511083602905
Epoch: 26, Steps: 179 | Train Loss: 0.3112280 Vali Loss: 0.4564187 Test Loss: 0.5056918
Validation loss decreased (0.458030 --> 0.456419).  Saving model ...
Updating learning rate to 4.202619079533801e-05
	iters: 100, epoch: 27 | loss: 0.3070091
	speed: 0.9384s/iter; left time: 45933.7766s
Epoch: 27 cost time: 50.72775173187256
Epoch: 27, Steps: 179 | Train Loss: 0.3099953 Vali Loss: 0.4552357 Test Loss: 0.5035586
Validation loss decreased (0.456419 --> 0.455236).  Saving model ...
Updating learning rate to 4.449738682252571e-05
	iters: 100, epoch: 28 | loss: 0.3108794
	speed: 0.9124s/iter; left time: 44498.0009s
Epoch: 28 cost time: 53.08276915550232
Epoch: 28, Steps: 179 | Train Loss: 0.3087158 Vali Loss: 0.4550149 Test Loss: 0.5021431
Validation loss decreased (0.455236 --> 0.455015).  Saving model ...
Updating learning rate to 4.6989150820041325e-05
	iters: 100, epoch: 29 | loss: 0.3172761
	speed: 0.9497s/iter; left time: 46143.7347s
Epoch: 29 cost time: 51.766992807388306
Epoch: 29, Steps: 179 | Train Loss: 0.3075757 Vali Loss: 0.4538287 Test Loss: 0.4994159
Validation loss decreased (0.455015 --> 0.453829).  Saving model ...
Updating learning rate to 4.949465176424648e-05
	iters: 100, epoch: 30 | loss: 0.2943742
	speed: 0.9650s/iter; left time: 46717.6338s
Epoch: 30 cost time: 50.507652044296265
Epoch: 30, Steps: 179 | Train Loss: 0.3063706 Vali Loss: 0.4538601 Test Loss: 0.4988535
EarlyStopping counter: 1 out of 20
Updating learning rate to 5.2007020972475776e-05
	iters: 100, epoch: 31 | loss: 0.2947583
	speed: 0.9139s/iter; left time: 44076.6776s
Epoch: 31 cost time: 51.100186824798584
Epoch: 31, Steps: 179 | Train Loss: 0.3052863 Vali Loss: 0.4526208 Test Loss: 0.4977072
Validation loss decreased (0.453829 --> 0.452621).  Saving model ...
Updating learning rate to 5.451937093312425e-05
	iters: 100, epoch: 32 | loss: 0.3085389
	speed: 0.9131s/iter; left time: 43876.5757s
Epoch: 32 cost time: 51.17146134376526
Epoch: 32, Steps: 179 | Train Loss: 0.3044568 Vali Loss: 0.4526659 Test Loss: 0.4964989
EarlyStopping counter: 1 out of 20
Updating learning rate to 5.702481418735301e-05
	iters: 100, epoch: 33 | loss: 0.3122103
	speed: 0.9419s/iter; left time: 45093.6364s
Epoch: 33 cost time: 51.82679486274719
Epoch: 33, Steps: 179 | Train Loss: 0.3036318 Vali Loss: 0.4519030 Test Loss: 0.4954898
Validation loss decreased (0.452621 --> 0.451903).  Saving model ...
Updating learning rate to 5.951648221065035e-05
	iters: 100, epoch: 34 | loss: 0.3068387
	speed: 0.9626s/iter; left time: 45911.3365s
Epoch: 34 cost time: 51.29750633239746
Epoch: 34, Steps: 179 | Train Loss: 0.3029062 Vali Loss: 0.4508015 Test Loss: 0.4941556
Validation loss decreased (0.451903 --> 0.450801).  Saving model ...
Updating learning rate to 6.198754424248553e-05
	iters: 100, epoch: 35 | loss: 0.3065489
	speed: 0.9120s/iter; left time: 43333.2008s
Epoch: 35 cost time: 51.4670889377594
Epoch: 35, Steps: 179 | Train Loss: 0.3019279 Vali Loss: 0.4501249 Test Loss: 0.4934267
Validation loss decreased (0.450801 --> 0.450125).  Saving model ...
Updating learning rate to 6.443122601243475e-05
	iters: 100, epoch: 36 | loss: 0.2956856
	speed: 0.9253s/iter; left time: 43801.9235s
Epoch: 36 cost time: 51.11384558677673
Epoch: 36, Steps: 179 | Train Loss: 0.3011524 Vali Loss: 0.4508974 Test Loss: 0.4935199
EarlyStopping counter: 1 out of 20
Updating learning rate to 6.684082831144296e-05
	iters: 100, epoch: 37 | loss: 0.3051307
	speed: 0.9729s/iter; left time: 45878.1763s
Epoch: 37 cost time: 51.29732656478882
Epoch: 37, Steps: 179 | Train Loss: 0.3004428 Vali Loss: 0.4495445 Test Loss: 0.4910295
Validation loss decreased (0.450125 --> 0.449545).  Saving model ...
Updating learning rate to 6.920974535730925e-05
	iters: 100, epoch: 38 | loss: 0.2914040
	speed: 0.9068s/iter; left time: 42598.5248s
Epoch: 38 cost time: 50.508260011672974
Epoch: 38, Steps: 179 | Train Loss: 0.2996938 Vali Loss: 0.4486411 Test Loss: 0.4903875
Validation loss decreased (0.449545 --> 0.448641).  Saving model ...
Updating learning rate to 7.15314829040481e-05
	iters: 100, epoch: 39 | loss: 0.3048749
	speed: 0.8996s/iter; left time: 42099.4890s
Epoch: 39 cost time: 50.99592638015747
Epoch: 39, Steps: 179 | Train Loss: 0.2989186 Vali Loss: 0.4488786 Test Loss: 0.4902986
EarlyStopping counter: 1 out of 20
Updating learning rate to 7.37996760454807e-05
	iters: 100, epoch: 40 | loss: 0.2976730
	speed: 0.9258s/iter; left time: 43159.1291s
Epoch: 40 cost time: 51.21139144897461
Epoch: 40, Steps: 179 | Train Loss: 0.2983592 Vali Loss: 0.4475304 Test Loss: 0.4877318
Validation loss decreased (0.448641 --> 0.447530).  Saving model ...
Updating learning rate to 7.600810666424881e-05
	iters: 100, epoch: 41 | loss: 0.2972529
	speed: 0.9438s/iter; left time: 43831.3145s
Epoch: 41 cost time: 50.37115550041199
Epoch: 41, Steps: 179 | Train Loss: 0.2976757 Vali Loss: 0.4476323 Test Loss: 0.4882463
EarlyStopping counter: 1 out of 20
Updating learning rate to 7.815072047841578e-05
	iters: 100, epoch: 42 | loss: 0.2921113
	speed: 0.8945s/iter; left time: 41380.7023s
Epoch: 42 cost time: 50.46835541725159
Epoch: 42, Steps: 179 | Train Loss: 0.2970590 Vali Loss: 0.4464917 Test Loss: 0.4874780
Validation loss decreased (0.447530 --> 0.446492).  Saving model ...
Updating learning rate to 8.02216436389224e-05
	iters: 100, epoch: 43 | loss: 0.3134165
	speed: 0.9003s/iter; left time: 41490.0986s
Epoch: 43 cost time: 50.451656341552734
Epoch: 43, Steps: 179 | Train Loss: 0.2963388 Vali Loss: 0.4475664 Test Loss: 0.4883862
EarlyStopping counter: 1 out of 20
Updating learning rate to 8.22151988323968e-05
	iters: 100, epoch: 44 | loss: 0.3109471
	speed: 0.9365s/iter; left time: 42989.4384s
Epoch: 44 cost time: 51.21206569671631
Epoch: 44, Steps: 179 | Train Loss: 0.2959742 Vali Loss: 0.4476757 Test Loss: 0.4869938
EarlyStopping counter: 2 out of 20
Updating learning rate to 8.41259208451732e-05
	iters: 100, epoch: 45 | loss: 0.2873762
	speed: 0.9395s/iter; left time: 42958.7700s
Epoch: 45 cost time: 50.85556602478027
Epoch: 45, Steps: 179 | Train Loss: 0.2955534 Vali Loss: 0.4455975 Test Loss: 0.4857090
Validation loss decreased (0.446492 --> 0.445597).  Saving model ...
Updating learning rate to 8.594857154585205e-05
	iters: 100, epoch: 46 | loss: 0.2782952
	speed: 0.8948s/iter; left time: 40752.7431s
Epoch: 46 cost time: 50.74644708633423
Epoch: 46, Steps: 179 | Train Loss: 0.2946551 Vali Loss: 0.4449924 Test Loss: 0.4844168
Validation loss decreased (0.445597 --> 0.444992).  Saving model ...
Updating learning rate to 8.767815424532743e-05
	iters: 100, epoch: 47 | loss: 0.2813140
	speed: 0.9078s/iter; left time: 41186.0243s
Epoch: 47 cost time: 50.30314826965332
Epoch: 47, Steps: 179 | Train Loss: 0.2941002 Vali Loss: 0.4458182 Test Loss: 0.4836168
EarlyStopping counter: 1 out of 20
Updating learning rate to 8.930992739491478e-05
	iters: 100, epoch: 48 | loss: 0.2902050
	speed: 0.9417s/iter; left time: 42551.6166s
Epoch: 48 cost time: 51.24155259132385
Epoch: 48, Steps: 179 | Train Loss: 0.2936552 Vali Loss: 0.4442507 Test Loss: 0.4827517
Validation loss decreased (0.444992 --> 0.444251).  Saving model ...
Updating learning rate to 9.083941758502616e-05
	iters: 100, epoch: 49 | loss: 0.2987328
	speed: 0.9323s/iter; left time: 41962.8612s
Epoch: 49 cost time: 50.64453387260437
Epoch: 49, Steps: 179 | Train Loss: 0.2932575 Vali Loss: 0.4445376 Test Loss: 0.4827294
EarlyStopping counter: 1 out of 20
Updating learning rate to 9.226243180875812e-05
	iters: 100, epoch: 50 | loss: 0.2884139
	speed: 0.8847s/iter; left time: 39661.5569s
Epoch: 50 cost time: 50.49691724777222
Epoch: 50, Steps: 179 | Train Loss: 0.2926120 Vali Loss: 0.4445301 Test Loss: 0.4816114
EarlyStopping counter: 2 out of 20
Updating learning rate to 9.357506895677217e-05
	iters: 100, epoch: 51 | loss: 0.2979470
	speed: 0.9216s/iter; left time: 41148.7501s
Epoch: 51 cost time: 50.966115951538086
Epoch: 51, Steps: 179 | Train Loss: 0.2920794 Vali Loss: 0.4438418 Test Loss: 0.4798571
Validation loss decreased (0.444251 --> 0.443842).  Saving model ...
Updating learning rate to 9.477373051195526e-05
	iters: 100, epoch: 52 | loss: 0.2943473
	speed: 0.9481s/iter; left time: 42165.1533s
Epoch: 52 cost time: 50.40183997154236
Epoch: 52, Steps: 179 | Train Loss: 0.2915070 Vali Loss: 0.4441319 Test Loss: 0.4814569
EarlyStopping counter: 1 out of 20
Updating learning rate to 9.585513041454166e-05
	iters: 100, epoch: 53 | loss: 0.2851522
	speed: 0.9015s/iter; left time: 39931.5210s
Epoch: 53 cost time: 50.45428109169006
Epoch: 53, Steps: 179 | Train Loss: 0.2910268 Vali Loss: 0.4447550 Test Loss: 0.4815984
EarlyStopping counter: 2 out of 20
Updating learning rate to 9.68163040706515e-05
	iters: 100, epoch: 54 | loss: 0.2911958
	speed: 0.9027s/iter; left time: 39822.3582s
Epoch: 54 cost time: 50.479060888290405
Epoch: 54, Steps: 179 | Train Loss: 0.2905845 Vali Loss: 0.4415652 Test Loss: 0.4785661
Validation loss decreased (0.443842 --> 0.441565).  Saving model ...
Updating learning rate to 9.765461647954955e-05
	iters: 100, epoch: 55 | loss: 0.2993943
	speed: 0.9452s/iter; left time: 41525.2133s
Epoch: 55 cost time: 50.765230655670166
Epoch: 55, Steps: 179 | Train Loss: 0.2901830 Vali Loss: 0.4413132 Test Loss: 0.4790346
Validation loss decreased (0.441565 --> 0.441313).  Saving model ...
Updating learning rate to 9.836776945734389e-05
	iters: 100, epoch: 56 | loss: 0.2929646
	speed: 0.9253s/iter; left time: 40489.2498s
Epoch: 56 cost time: 50.69363784790039
Epoch: 56, Steps: 179 | Train Loss: 0.2895509 Vali Loss: 0.4427298 Test Loss: 0.4789023
EarlyStopping counter: 1 out of 20
Updating learning rate to 9.895380793732114e-05
	iters: 100, epoch: 57 | loss: 0.2946601
	speed: 0.8870s/iter; left time: 38651.6747s
Epoch: 57 cost time: 50.322524070739746
Epoch: 57, Steps: 179 | Train Loss: 0.2893644 Vali Loss: 0.4421327 Test Loss: 0.4783183
EarlyStopping counter: 2 out of 20
Updating learning rate to 9.941112532964629e-05
	iters: 100, epoch: 58 | loss: 0.2928123
	speed: 0.9098s/iter; left time: 39484.7985s
Epoch: 58 cost time: 50.142433166503906
Epoch: 58, Steps: 179 | Train Loss: 0.2888262 Vali Loss: 0.4420529 Test Loss: 0.4772440
EarlyStopping counter: 3 out of 20
Updating learning rate to 9.973846792573361e-05
	iters: 100, epoch: 59 | loss: 0.2949607
	speed: 0.9409s/iter; left time: 40663.0951s
Epoch: 59 cost time: 51.37234544754028
Epoch: 59, Steps: 179 | Train Loss: 0.2886061 Vali Loss: 0.4400673 Test Loss: 0.4755214
Validation loss decreased (0.441313 --> 0.440067).  Saving model ...
Updating learning rate to 9.99349383352147e-05
	iters: 100, epoch: 60 | loss: 0.2810847
	speed: 0.9280s/iter; left time: 39942.8800s
Epoch: 60 cost time: 48.158395290374756
Epoch: 60, Steps: 179 | Train Loss: 0.2881388 Vali Loss: 0.4414291 Test Loss: 0.4767535
EarlyStopping counter: 1 out of 20
Updating learning rate to 9.999999986630675e-05
	iters: 100, epoch: 61 | loss: 0.2901447
	speed: 0.8490s/iter; left time: 36388.6024s
Epoch: 61 cost time: 49.583237409591675
Epoch: 61, Steps: 179 | Train Loss: 0.2878108 Vali Loss: 0.4396078 Test Loss: 0.4763461
Validation loss decreased (0.440067 --> 0.439608).  Saving model ...
Updating learning rate to 9.999566840133745e-05
	iters: 100, epoch: 62 | loss: 0.2945341
	speed: 0.9022s/iter; left time: 38507.7816s
Epoch: 62 cost time: 49.58762574195862
Epoch: 62, Steps: 179 | Train Loss: 0.2874226 Vali Loss: 0.4394425 Test Loss: 0.4761342
Validation loss decreased (0.439608 --> 0.439443).  Saving model ...
Updating learning rate to 9.998277047023495e-05
	iters: 100, epoch: 63 | loss: 0.2972825
	speed: 0.9079s/iter; left time: 38589.5554s
Epoch: 63 cost time: 50.11643624305725
Epoch: 63, Steps: 179 | Train Loss: 0.2869259 Vali Loss: 0.4400366 Test Loss: 0.4752816
EarlyStopping counter: 1 out of 20
Updating learning rate to 9.996130828299334e-05
	iters: 100, epoch: 64 | loss: 0.2895250
	speed: 0.9084s/iter; left time: 38445.7811s
Epoch: 64 cost time: 50.062140226364136
Epoch: 64, Steps: 179 | Train Loss: 0.2866188 Vali Loss: 0.4393514 Test Loss: 0.4743502
Validation loss decreased (0.439443 --> 0.439351).  Saving model ...
Updating learning rate to 9.993128551704795e-05
	iters: 100, epoch: 65 | loss: 0.2775571
	speed: 0.9246s/iter; left time: 38968.8332s
Epoch: 65 cost time: 50.684247732162476
Epoch: 65, Steps: 179 | Train Loss: 0.2863019 Vali Loss: 0.4393634 Test Loss: 0.4743071
EarlyStopping counter: 1 out of 20
Updating learning rate to 9.989270731664514e-05
	iters: 100, epoch: 66 | loss: 0.2928903
	speed: 0.9210s/iter; left time: 38649.4999s
Epoch: 66 cost time: 50.46581482887268
Epoch: 66, Steps: 179 | Train Loss: 0.2856019 Vali Loss: 0.4395095 Test Loss: 0.4731175
EarlyStopping counter: 2 out of 20
Updating learning rate to 9.984558029196093e-05
	iters: 100, epoch: 67 | loss: 0.2884130
	speed: 0.9320s/iter; left time: 38943.6476s
Epoch: 67 cost time: 51.33670902252197
Epoch: 67, Steps: 179 | Train Loss: 0.2853777 Vali Loss: 0.4377786 Test Loss: 0.4729784
Validation loss decreased (0.439351 --> 0.437779).  Saving model ...
Updating learning rate to 9.978991251796843e-05
	iters: 100, epoch: 68 | loss: 0.2734651
	speed: 0.9313s/iter; left time: 38749.4471s
Epoch: 68 cost time: 51.35811901092529
Epoch: 68, Steps: 179 | Train Loss: 0.2852373 Vali Loss: 0.4382794 Test Loss: 0.4733013
EarlyStopping counter: 1 out of 20
Updating learning rate to 9.972571353305412e-05
	iters: 100, epoch: 69 | loss: 0.2889137
	speed: 0.9317s/iter; left time: 38599.2794s
Epoch: 69 cost time: 51.864545583724976
Epoch: 69, Steps: 179 | Train Loss: 0.2847813 Vali Loss: 0.4376396 Test Loss: 0.4742496
Validation loss decreased (0.437779 --> 0.437640).  Saving model ...
Updating learning rate to 9.965299433738355e-05
	iters: 100, epoch: 70 | loss: 0.2896747
	speed: 0.9336s/iter; left time: 38510.1827s
Epoch: 70 cost time: 51.644434690475464
Epoch: 70, Steps: 179 | Train Loss: 0.2845245 Vali Loss: 0.4370300 Test Loss: 0.4723617
Validation loss decreased (0.437640 --> 0.437030).  Saving model ...
Updating learning rate to 9.957176739101656e-05
	iters: 100, epoch: 71 | loss: 0.2907027
	speed: 0.9352s/iter; left time: 38410.9655s
Epoch: 71 cost time: 51.47542643547058
Epoch: 71, Steps: 179 | Train Loss: 0.2841842 Vali Loss: 0.4369471 Test Loss: 0.4708446
Validation loss decreased (0.437030 --> 0.436947).  Saving model ...
Updating learning rate to 9.948204661177224e-05
	iters: 100, epoch: 72 | loss: 0.2873564
	speed: 0.9323s/iter; left time: 38124.9164s
Epoch: 72 cost time: 51.37495040893555
Epoch: 72, Steps: 179 | Train Loss: 0.2839089 Vali Loss: 0.4366974 Test Loss: 0.4719508
Validation loss decreased (0.436947 --> 0.436697).  Saving model ...
Updating learning rate to 9.938384737284425e-05
	iters: 100, epoch: 73 | loss: 0.2841563
	speed: 0.9279s/iter; left time: 37777.2794s
Epoch: 73 cost time: 51.930171489715576
Epoch: 73, Steps: 179 | Train Loss: 0.2837379 Vali Loss: 0.4372171 Test Loss: 0.4711982
EarlyStopping counter: 1 out of 20
Updating learning rate to 9.927718650016662e-05
	iters: 100, epoch: 74 | loss: 0.2775758
	speed: 0.9277s/iter; left time: 37602.0046s
Epoch: 74 cost time: 50.97007155418396
Epoch: 74, Steps: 179 | Train Loss: 0.2832173 Vali Loss: 0.4375573 Test Loss: 0.4711830
EarlyStopping counter: 2 out of 20
Updating learning rate to 9.916208226953081e-05
	iters: 100, epoch: 75 | loss: 0.2866988
	speed: 0.9310s/iter; left time: 37571.6779s
Epoch: 75 cost time: 49.99316954612732
Epoch: 75, Steps: 179 | Train Loss: 0.2830821 Vali Loss: 0.4363057 Test Loss: 0.4704502
Validation loss decreased (0.436697 --> 0.436306).  Saving model ...
Updating learning rate to 9.903855440345417e-05
	iters: 100, epoch: 76 | loss: 0.2802889
	speed: 0.9139s/iter; left time: 36715.2520s
Epoch: 76 cost time: 50.407780170440674
Epoch: 76, Steps: 179 | Train Loss: 0.2827710 Vali Loss: 0.4362484 Test Loss: 0.4711689
Validation loss decreased (0.436306 --> 0.436248).  Saving model ...
Updating learning rate to 9.890662406780066e-05
	iters: 100, epoch: 77 | loss: 0.2847399
	speed: 0.9094s/iter; left time: 36373.0308s
Epoch: 77 cost time: 50.15177822113037
Epoch: 77, Steps: 179 | Train Loss: 0.2823101 Vali Loss: 0.4351135 Test Loss: 0.4696413
Validation loss decreased (0.436248 --> 0.435114).  Saving model ...
Updating learning rate to 9.876631386815408e-05
	iters: 100, epoch: 78 | loss: 0.2844627
	speed: 0.9055s/iter; left time: 36056.0051s
Epoch: 78 cost time: 49.68211507797241
Epoch: 78, Steps: 179 | Train Loss: 0.2822967 Vali Loss: 0.4346223 Test Loss: 0.4699344
Validation loss decreased (0.435114 --> 0.434622).  Saving model ...
Updating learning rate to 9.861764784594483e-05
	iters: 100, epoch: 79 | loss: 0.2890700
	speed: 0.9096s/iter; left time: 36056.9137s
Epoch: 79 cost time: 50.442161560058594
Epoch: 79, Steps: 179 | Train Loss: 0.2820359 Vali Loss: 0.4352087 Test Loss: 0.4686344
EarlyStopping counter: 1 out of 20
Updating learning rate to 9.846065147433047e-05
	iters: 100, epoch: 80 | loss: 0.2771726
	speed: 0.9076s/iter; left time: 35812.6706s
Epoch: 80 cost time: 50.44016933441162
Epoch: 80, Steps: 179 | Train Loss: 0.2816707 Vali Loss: 0.4357119 Test Loss: 0.4687654
EarlyStopping counter: 2 out of 20
Updating learning rate to 9.829535165383107e-05
	iters: 100, epoch: 81 | loss: 0.2809421
	speed: 0.9099s/iter; left time: 35741.4658s
Epoch: 81 cost time: 50.21749806404114
Epoch: 81, Steps: 179 | Train Loss: 0.2814389 Vali Loss: 0.4350077 Test Loss: 0.4699880
EarlyStopping counter: 3 out of 20
Updating learning rate to 9.812177670771991e-05
	iters: 100, epoch: 82 | loss: 0.2719536
	speed: 0.9080s/iter; left time: 35504.7492s
Epoch: 82 cost time: 50.172913551330566
Epoch: 82, Steps: 179 | Train Loss: 0.2809891 Vali Loss: 0.4347452 Test Loss: 0.4693310
EarlyStopping counter: 4 out of 20
Updating learning rate to 9.793995637717045e-05
	iters: 100, epoch: 83 | loss: 0.2743485
	speed: 0.9140s/iter; left time: 35577.0662s
Epoch: 83 cost time: 49.99063324928284
Epoch: 83, Steps: 179 | Train Loss: 0.2810317 Vali Loss: 0.4335631 Test Loss: 0.4681998
Validation loss decreased (0.434622 --> 0.433563).  Saving model ...
Updating learning rate to 9.77499218161603e-05
	iters: 100, epoch: 84 | loss: 0.2829974
	speed: 0.9102s/iter; left time: 35263.4662s
Epoch: 84 cost time: 50.10643458366394
Epoch: 84, Steps: 179 | Train Loss: 0.2805838 Vali Loss: 0.4340386 Test Loss: 0.4677275
EarlyStopping counter: 1 out of 20
Updating learning rate to 9.755170558613318e-05
	iters: 100, epoch: 85 | loss: 0.2837593
	speed: 0.9168s/iter; left time: 35356.1436s
Epoch: 85 cost time: 49.66724419593811
Epoch: 85, Steps: 179 | Train Loss: 0.2803712 Vali Loss: 0.4336715 Test Loss: 0.4670528
EarlyStopping counter: 2 out of 20
Updating learning rate to 9.73453416504197e-05
	iters: 100, epoch: 86 | loss: 0.2795790
	speed: 0.9116s/iter; left time: 34992.7243s
Epoch: 86 cost time: 50.1030752658844
Epoch: 86, Steps: 179 | Train Loss: 0.2802015 Vali Loss: 0.4338002 Test Loss: 0.4670534
EarlyStopping counter: 3 out of 20
Updating learning rate to 9.713086536841787e-05
	iters: 100, epoch: 87 | loss: 0.2821986
	speed: 0.9253s/iter; left time: 35354.4338s
Epoch: 87 cost time: 51.06545400619507
Epoch: 87, Steps: 179 | Train Loss: 0.2799372 Vali Loss: 0.4346806 Test Loss: 0.4688865
EarlyStopping counter: 4 out of 20
Updating learning rate to 9.690831348953449e-05
	iters: 100, epoch: 88 | loss: 0.2891617
	speed: 0.9322s/iter; left time: 35450.1787s
Epoch: 88 cost time: 51.26452565193176
Epoch: 88, Steps: 179 | Train Loss: 0.2796889 Vali Loss: 0.4335102 Test Loss: 0.4666082
Validation loss decreased (0.433563 --> 0.433510).  Saving model ...
Updating learning rate to 9.667772414688832e-05
	iters: 100, epoch: 89 | loss: 0.2763626
	speed: 0.9597s/iter; left time: 36322.6643s
Epoch: 89 cost time: 52.635581254959106
Epoch: 89, Steps: 179 | Train Loss: 0.2794950 Vali Loss: 0.4321000 Test Loss: 0.4669289
Validation loss decreased (0.433510 --> 0.432100).  Saving model ...
Updating learning rate to 9.643913685077613e-05
	iters: 100, epoch: 90 | loss: 0.2735372
	speed: 0.9630s/iter; left time: 36274.8798s
Epoch: 90 cost time: 51.93054175376892
Epoch: 90, Steps: 179 | Train Loss: 0.2793351 Vali Loss: 0.4341969 Test Loss: 0.4679458
EarlyStopping counter: 1 out of 20
Updating learning rate to 9.619259248190284e-05
	iters: 100, epoch: 91 | loss: 0.2820996
	speed: 0.9403s/iter; left time: 35253.1944s
Epoch: 91 cost time: 51.628748178482056
Epoch: 91, Steps: 179 | Train Loss: 0.2789132 Vali Loss: 0.4323241 Test Loss: 0.4664840
EarlyStopping counter: 2 out of 20
Updating learning rate to 9.593813328437689e-05
	iters: 100, epoch: 92 | loss: 0.2799404
	speed: 0.9742s/iter; left time: 36348.1401s
Epoch: 92 cost time: 52.35371947288513
Epoch: 92, Steps: 179 | Train Loss: 0.2788379 Vali Loss: 0.4322209 Test Loss: 0.4671454
EarlyStopping counter: 3 out of 20
Updating learning rate to 9.567580285847176e-05
	iters: 100, epoch: 93 | loss: 0.2716204
	speed: 0.9464s/iter; left time: 35142.7921s
Epoch: 93 cost time: 51.487282514572144
Epoch: 93, Steps: 179 | Train Loss: 0.2785120 Vali Loss: 0.4323229 Test Loss: 0.4671068
EarlyStopping counter: 4 out of 20
Updating learning rate to 9.540564615315549e-05
	iters: 100, epoch: 94 | loss: 0.2725008
	speed: 0.9496s/iter; left time: 35091.1598s
Epoch: 94 cost time: 49.94757676124573
Epoch: 94, Steps: 179 | Train Loss: 0.2784299 Vali Loss: 0.4327118 Test Loss: 0.4664402
EarlyStopping counter: 5 out of 20
Updating learning rate to 9.512770945838875e-05
	iters: 100, epoch: 95 | loss: 0.2824557
	speed: 0.9163s/iter; left time: 33697.7838s
Epoch: 95 cost time: 51.39146542549133
Epoch: 95, Steps: 179 | Train Loss: 0.2781347 Vali Loss: 0.4309748 Test Loss: 0.4655581
Validation loss decreased (0.432100 --> 0.430975).  Saving model ...
Updating learning rate to 9.484204039719336e-05
	iters: 100, epoch: 96 | loss: 0.2858678
	speed: 0.9303s/iter; left time: 34043.5076s
Epoch: 96 cost time: 50.695260763168335
Epoch: 96, Steps: 179 | Train Loss: 0.2780106 Vali Loss: 0.4312407 Test Loss: 0.4646645
EarlyStopping counter: 1 out of 20
Updating learning rate to 9.454868791749236e-05
	iters: 100, epoch: 97 | loss: 0.2784267
	speed: 0.9280s/iter; left time: 33793.5242s
Epoch: 97 cost time: 51.21505641937256
Epoch: 97, Steps: 179 | Train Loss: 0.2777225 Vali Loss: 0.4325210 Test Loss: 0.4644250
EarlyStopping counter: 2 out of 20
Updating learning rate to 9.424770228372292e-05
	iters: 100, epoch: 98 | loss: 0.2779047
	speed: 0.9262s/iter; left time: 33562.9691s
Epoch: 98 cost time: 51.26535487174988
Epoch: 98, Steps: 179 | Train Loss: 0.2774649 Vali Loss: 0.4301615 Test Loss: 0.4650534
Validation loss decreased (0.430975 --> 0.430162).  Saving model ...
Updating learning rate to 9.393913506822395e-05
	iters: 100, epoch: 99 | loss: 0.2721624
	speed: 0.9343s/iter; left time: 33688.8232s
Epoch: 99 cost time: 50.73749327659607
Epoch: 99, Steps: 179 | Train Loss: 0.2772986 Vali Loss: 0.4300319 Test Loss: 0.4656107
Validation loss decreased (0.430162 --> 0.430032).  Saving model ...
Updating learning rate to 9.362303914239926e-05
	iters: 100, epoch: 100 | loss: 0.2849989
	speed: 0.9474s/iter; left time: 33994.3764s
Epoch: 100 cost time: 50.92220067977905
Epoch: 100, Steps: 179 | Train Loss: 0.2770495 Vali Loss: 0.4302717 Test Loss: 0.4642842
EarlyStopping counter: 1 out of 20
Updating learning rate to 9.329946866765854e-05
	iters: 100, epoch: 101 | loss: 0.2823077
	speed: 0.9712s/iter; left time: 34671.7698s
Epoch: 101 cost time: 52.57557511329651
Epoch: 101, Steps: 179 | Train Loss: 0.2768999 Vali Loss: 0.4302673 Test Loss: 0.4648382
EarlyStopping counter: 2 out of 20
Updating learning rate to 9.296847908613685e-05
	iters: 100, epoch: 102 | loss: 0.2697259
	speed: 0.9676s/iter; left time: 34370.2229s
Epoch: 102 cost time: 53.16815662384033
Epoch: 102, Steps: 179 | Train Loss: 0.2768045 Vali Loss: 0.4307342 Test Loss: 0.4641744
EarlyStopping counter: 3 out of 20
Updating learning rate to 9.263012711119505e-05
	iters: 100, epoch: 103 | loss: 0.2732010
	speed: 0.9511s/iter; left time: 33613.3990s
Epoch: 103 cost time: 50.856497287750244
Epoch: 103, Steps: 179 | Train Loss: 0.2765985 Vali Loss: 0.4292668 Test Loss: 0.4637391
Validation loss decreased (0.430032 --> 0.429267).  Saving model ...
Updating learning rate to 9.228447071770223e-05
	iters: 100, epoch: 104 | loss: 0.2840791
	speed: 0.9277s/iter; left time: 32621.6642s
Epoch: 104 cost time: 50.87686276435852
Epoch: 104, Steps: 179 | Train Loss: 0.2762897 Vali Loss: 0.4296137 Test Loss: 0.4648578
EarlyStopping counter: 1 out of 20
Updating learning rate to 9.193156913210192e-05
	iters: 100, epoch: 105 | loss: 0.2842180
	speed: 0.9168s/iter; left time: 32075.5957s
Epoch: 105 cost time: 50.05815052986145
Epoch: 105, Steps: 179 | Train Loss: 0.2761300 Vali Loss: 0.4294347 Test Loss: 0.4628804
EarlyStopping counter: 2 out of 20
Updating learning rate to 9.157148282226414e-05
	iters: 100, epoch: 106 | loss: 0.2782181
	speed: 0.9293s/iter; left time: 32345.5761s
Epoch: 106 cost time: 51.48996353149414
Epoch: 106, Steps: 179 | Train Loss: 0.2761379 Vali Loss: 0.4295951 Test Loss: 0.4631683
EarlyStopping counter: 3 out of 20
Updating learning rate to 9.120427348712428e-05
	iters: 100, epoch: 107 | loss: 0.2719174
	speed: 0.9332s/iter; left time: 32314.4828s
Epoch: 107 cost time: 52.275853395462036
Epoch: 107, Steps: 179 | Train Loss: 0.2757673 Vali Loss: 0.4292352 Test Loss: 0.4633264
Validation loss decreased (0.429267 --> 0.429235).  Saving model ...
Updating learning rate to 9.083000404611157e-05
	iters: 100, epoch: 108 | loss: 0.2794490
	speed: 0.9298s/iter; left time: 32029.8476s
Epoch: 108 cost time: 51.14983820915222
Epoch: 108, Steps: 179 | Train Loss: 0.2754940 Vali Loss: 0.4294039 Test Loss: 0.4623771
EarlyStopping counter: 1 out of 20
Updating learning rate to 9.044873862836795e-05
	iters: 100, epoch: 109 | loss: 0.2731507
	speed: 0.9456s/iter; left time: 32406.4111s
Epoch: 109 cost time: 52.795552015304565
Epoch: 109, Steps: 179 | Train Loss: 0.2753770 Vali Loss: 0.4297980 Test Loss: 0.4634881
EarlyStopping counter: 2 out of 20
Updating learning rate to 9.006054256176002e-05
	iters: 100, epoch: 110 | loss: 0.2767520
	speed: 0.9292s/iter; left time: 31676.8412s
Epoch: 110 cost time: 49.51077318191528
Epoch: 110, Steps: 179 | Train Loss: 0.2754328 Vali Loss: 0.4293544 Test Loss: 0.4626065
EarlyStopping counter: 3 out of 20
Updating learning rate to 8.966548236168533e-05
	iters: 100, epoch: 111 | loss: 0.2673955
	speed: 0.9307s/iter; left time: 31562.2779s
Epoch: 111 cost time: 50.84601855278015
Epoch: 111, Steps: 179 | Train Loss: 0.2750783 Vali Loss: 0.4290978 Test Loss: 0.4632011
Validation loss decreased (0.429235 --> 0.429098).  Saving model ...
Updating learning rate to 8.92636257196754e-05
	iters: 100, epoch: 112 | loss: 0.2762630
	speed: 0.9210s/iter; left time: 31068.4201s
Epoch: 112 cost time: 49.87496829032898
Epoch: 112, Steps: 179 | Train Loss: 0.2748776 Vali Loss: 0.4281614 Test Loss: 0.4613076
Validation loss decreased (0.429098 --> 0.428161).  Saving model ...
Updating learning rate to 8.885504149179707e-05
	iters: 100, epoch: 113 | loss: 0.2744077
	speed: 0.9207s/iter; left time: 30893.6217s
Epoch: 113 cost time: 50.351118326187134
Epoch: 113, Steps: 179 | Train Loss: 0.2746396 Vali Loss: 0.4278268 Test Loss: 0.4625982
Validation loss decreased (0.428161 --> 0.427827).  Saving model ...
Updating learning rate to 8.843979968685441e-05
	iters: 100, epoch: 114 | loss: 0.2731896
	speed: 0.9283s/iter; left time: 30982.3395s
Epoch: 114 cost time: 51.4014949798584
Epoch: 114, Steps: 179 | Train Loss: 0.2745873 Vali Loss: 0.4297996 Test Loss: 0.4622496
EarlyStopping counter: 1 out of 20
Updating learning rate to 8.801797145439298e-05
	iters: 100, epoch: 115 | loss: 0.2782894
	speed: 0.9327s/iter; left time: 30959.7865s
Epoch: 115 cost time: 51.61130714416504
Epoch: 115, Steps: 179 | Train Loss: 0.2744356 Vali Loss: 0.4291152 Test Loss: 0.4621724
EarlyStopping counter: 2 out of 20
Updating learning rate to 8.758962907250888e-05
	iters: 100, epoch: 116 | loss: 0.2733402
	speed: 0.9301s/iter; left time: 30707.3490s
Epoch: 116 cost time: 51.714070558547974
Epoch: 116, Steps: 179 | Train Loss: 0.2741622 Vali Loss: 0.4270901 Test Loss: 0.4622049
Validation loss decreased (0.427827 --> 0.427090).  Saving model ...
Updating learning rate to 8.71548459354641e-05
	iters: 100, epoch: 117 | loss: 0.2813599
	speed: 0.9412s/iter; left time: 30906.0320s
Epoch: 117 cost time: 51.67316031455994
Epoch: 117, Steps: 179 | Train Loss: 0.2740132 Vali Loss: 0.4277869 Test Loss: 0.4611468
EarlyStopping counter: 1 out of 20
Updating learning rate to 8.671369654111093e-05
	iters: 100, epoch: 118 | loss: 0.2669098
	speed: 0.9271s/iter; left time: 30277.3700s
Epoch: 118 cost time: 51.81752824783325
Epoch: 118, Steps: 179 | Train Loss: 0.2739173 Vali Loss: 0.4276571 Test Loss: 0.4622638
EarlyStopping counter: 2 out of 20
Updating learning rate to 8.626625647812704e-05
	iters: 100, epoch: 119 | loss: 0.2776677
	speed: 0.9448s/iter; left time: 30686.1024s
Epoch: 119 cost time: 51.61428165435791
Epoch: 119, Steps: 179 | Train Loss: 0.2737435 Vali Loss: 0.4276844 Test Loss: 0.4612956
EarlyStopping counter: 3 out of 20
Updating learning rate to 8.581260241306378e-05
	iters: 100, epoch: 120 | loss: 0.2711011
	speed: 0.9323s/iter; left time: 30112.9854s
Epoch: 120 cost time: 51.45058798789978
Epoch: 120, Steps: 179 | Train Loss: 0.2734979 Vali Loss: 0.4276811 Test Loss: 0.4610785
EarlyStopping counter: 4 out of 20
Updating learning rate to 8.53528120772098e-05
	iters: 100, epoch: 121 | loss: 0.2685436
	speed: 0.9213s/iter; left time: 29592.8375s
Epoch: 121 cost time: 51.29548740386963
Epoch: 121, Steps: 179 | Train Loss: 0.2733625 Vali Loss: 0.4279231 Test Loss: 0.4608832
EarlyStopping counter: 5 out of 20
Updating learning rate to 8.488696425327213e-05
	iters: 100, epoch: 122 | loss: 0.2717198
	speed: 0.9310s/iter; left time: 29739.1095s
Epoch: 122 cost time: 51.75439238548279
Epoch: 122, Steps: 179 | Train Loss: 0.2731341 Vali Loss: 0.4276116 Test Loss: 0.4607390
EarlyStopping counter: 6 out of 20
Updating learning rate to 8.44151387618772e-05
	iters: 100, epoch: 123 | loss: 0.2742917
	speed: 0.9295s/iter; left time: 29522.4650s
Epoch: 123 cost time: 51.868180990219116
Epoch: 123, Steps: 179 | Train Loss: 0.2729384 Vali Loss: 0.4277591 Test Loss: 0.4609373
EarlyStopping counter: 7 out of 20
Updating learning rate to 8.393741644789404e-05
	iters: 100, epoch: 124 | loss: 0.2698022
	speed: 0.8786s/iter; left time: 27748.9185s
Epoch: 124 cost time: 52.70408511161804
Epoch: 124, Steps: 179 | Train Loss: 0.2729025 Vali Loss: 0.4265644 Test Loss: 0.4599968
Validation loss decreased (0.427090 --> 0.426564).  Saving model ...
Updating learning rate to 8.34538791665818e-05
	iters: 100, epoch: 125 | loss: 0.2708021
	speed: 0.9473s/iter; left time: 29749.3401s
Epoch: 125 cost time: 51.81880569458008
Epoch: 125, Steps: 179 | Train Loss: 0.2727532 Vali Loss: 0.4269946 Test Loss: 0.4609587
EarlyStopping counter: 1 out of 20
Updating learning rate to 8.296460976956435e-05
	iters: 100, epoch: 126 | loss: 0.2706624
	speed: 0.9245s/iter; left time: 28869.4838s
Epoch: 126 cost time: 48.94567275047302
Epoch: 126, Steps: 179 | Train Loss: 0.2726045 Vali Loss: 0.4269547 Test Loss: 0.4611633
EarlyStopping counter: 2 out of 20
Updating learning rate to 8.246969209063415e-05
	iters: 100, epoch: 127 | loss: 0.2754330
	speed: 0.9558s/iter; left time: 29673.6482s
Epoch: 127 cost time: 49.51010799407959
Epoch: 127, Steps: 179 | Train Loss: 0.2725265 Vali Loss: 0.4273114 Test Loss: 0.4602313
EarlyStopping counter: 3 out of 20
Updating learning rate to 8.196921093138763e-05
	iters: 100, epoch: 128 | loss: 0.2687064
	speed: 0.9490s/iter; left time: 29294.7776s
Epoch: 128 cost time: 50.380974531173706
Epoch: 128, Steps: 179 | Train Loss: 0.2723129 Vali Loss: 0.4275412 Test Loss: 0.4602476
EarlyStopping counter: 4 out of 20
Updating learning rate to 8.146325204669492e-05
	iters: 100, epoch: 129 | loss: 0.2697792
	speed: 0.9263s/iter; left time: 28427.7824s
Epoch: 129 cost time: 53.399436712265015
Epoch: 129, Steps: 179 | Train Loss: 0.2721711 Vali Loss: 0.4264195 Test Loss: 0.4595459
Validation loss decreased (0.426564 --> 0.426419).  Saving model ...
Updating learning rate to 8.095190213000624e-05
	iters: 100, epoch: 130 | loss: 0.2726253
	speed: 0.9324s/iter; left time: 28448.6363s
Epoch: 130 cost time: 52.13398623466492
Epoch: 130, Steps: 179 | Train Loss: 0.2719534 Vali Loss: 0.4261179 Test Loss: 0.4606350
Validation loss decreased (0.426419 --> 0.426118).  Saving model ...
Updating learning rate to 8.043524879849739e-05
	iters: 100, epoch: 131 | loss: 0.2701721
	speed: 0.9192s/iter; left time: 27881.6461s
Epoch: 131 cost time: 49.37905287742615
Epoch: 131, Steps: 179 | Train Loss: 0.2718649 Vali Loss: 0.4256753 Test Loss: 0.4607469
Validation loss decreased (0.426118 --> 0.425675).  Saving model ...
Updating learning rate to 7.991338057805696e-05
	iters: 100, epoch: 132 | loss: 0.2718822
	speed: 0.9511s/iter; left time: 28677.8998s
Epoch: 132 cost time: 49.547359466552734
Epoch: 132, Steps: 179 | Train Loss: 0.2716382 Vali Loss: 0.4267491 Test Loss: 0.4601847
EarlyStopping counter: 1 out of 20
Updating learning rate to 7.938638688811798e-05
	iters: 100, epoch: 133 | loss: 0.2705729
	speed: 0.9483s/iter; left time: 28422.1691s
Epoch: 133 cost time: 49.398237228393555
Epoch: 133, Steps: 179 | Train Loss: 0.2716233 Vali Loss: 0.4272041 Test Loss: 0.4594776
EarlyStopping counter: 2 out of 20
Updating learning rate to 7.885435802633621e-05
	iters: 100, epoch: 134 | loss: 0.2747723
	speed: 0.9206s/iter; left time: 27426.9888s
Epoch: 134 cost time: 52.566197872161865
Epoch: 134, Steps: 179 | Train Loss: 0.2714027 Vali Loss: 0.4260435 Test Loss: 0.4589526
EarlyStopping counter: 3 out of 20
Updating learning rate to 7.831738515311824e-05
	iters: 100, epoch: 135 | loss: 0.2668656
	speed: 0.9248s/iter; left time: 27388.1330s
Epoch: 135 cost time: 53.20550060272217
Epoch: 135, Steps: 179 | Train Loss: 0.2711930 Vali Loss: 0.4259629 Test Loss: 0.4603842
EarlyStopping counter: 4 out of 20
Updating learning rate to 7.777556027600156e-05
	iters: 100, epoch: 136 | loss: 0.2741560
	speed: 0.9293s/iter; left time: 27353.9984s
Epoch: 136 cost time: 49.518134117126465
Epoch: 136, Steps: 179 | Train Loss: 0.2711827 Vali Loss: 0.4267893 Test Loss: 0.4590892
EarlyStopping counter: 5 out of 20
Updating learning rate to 7.722897623388952e-05
	iters: 100, epoch: 137 | loss: 0.2688188
	speed: 0.9413s/iter; left time: 27538.6051s
Epoch: 137 cost time: 49.575613498687744
Epoch: 137, Steps: 179 | Train Loss: 0.2710993 Vali Loss: 0.4264103 Test Loss: 0.4596926
EarlyStopping counter: 6 out of 20
Updating learning rate to 7.667772668114393e-05
	iters: 100, epoch: 138 | loss: 0.2743788
	speed: 0.9581s/iter; left time: 27858.2269s
Epoch: 138 cost time: 50.70660758018494
Epoch: 138, Steps: 179 | Train Loss: 0.2707713 Vali Loss: 0.4260753 Test Loss: 0.4594597
EarlyStopping counter: 7 out of 20
Updating learning rate to 7.61219060715378e-05
	iters: 100, epoch: 139 | loss: 0.2618733
	speed: 0.9574s/iter; left time: 27666.5201s
Epoch: 139 cost time: 50.08939290046692
Epoch: 139, Steps: 179 | Train Loss: 0.2707019 Vali Loss: 0.4257126 Test Loss: 0.4586452
EarlyStopping counter: 8 out of 20
Updating learning rate to 7.556160964207124e-05
	iters: 100, epoch: 140 | loss: 0.2768507
	speed: 0.9276s/iter; left time: 26640.4914s
Epoch: 140 cost time: 52.26644492149353
Epoch: 140, Steps: 179 | Train Loss: 0.2706873 Vali Loss: 0.4251668 Test Loss: 0.4582674
Validation loss decreased (0.425675 --> 0.425167).  Saving model ...
Updating learning rate to 7.499693339665299e-05
	iters: 100, epoch: 141 | loss: 0.2668381
	speed: 0.9308s/iter; left time: 26566.6408s
Epoch: 141 cost time: 53.2551691532135
Epoch: 141, Steps: 179 | Train Loss: 0.2704360 Vali Loss: 0.4252369 Test Loss: 0.4582583
EarlyStopping counter: 1 out of 20
Updating learning rate to 7.442797408965076e-05
	iters: 100, epoch: 142 | loss: 0.2787151
	speed: 0.9266s/iter; left time: 26279.9688s
Epoch: 142 cost time: 49.46884846687317
Epoch: 142, Steps: 179 | Train Loss: 0.2703079 Vali Loss: 0.4251643 Test Loss: 0.4587262
Validation loss decreased (0.425167 --> 0.425164).  Saving model ...
Updating learning rate to 7.385482920931281e-05
	iters: 100, epoch: 143 | loss: 0.2722652
	speed: 0.9479s/iter; left time: 26713.6041s
Epoch: 143 cost time: 50.40113615989685
Epoch: 143, Steps: 179 | Train Loss: 0.2702173 Vali Loss: 0.4258638 Test Loss: 0.4585673
EarlyStopping counter: 1 out of 20
Updating learning rate to 7.32775969610638e-05
	iters: 100, epoch: 144 | loss: 0.2779622
	speed: 0.9594s/iter; left time: 26865.7712s
Epoch: 144 cost time: 49.938995361328125
Epoch: 144, Steps: 179 | Train Loss: 0.2700075 Vali Loss: 0.4250761 Test Loss: 0.4586983
Validation loss decreased (0.425164 --> 0.425076).  Saving model ...
Updating learning rate to 7.26963762506779e-05
	iters: 100, epoch: 145 | loss: 0.2759438
	speed: 0.9446s/iter; left time: 26284.4670s
Epoch: 145 cost time: 51.61084270477295
Epoch: 145, Steps: 179 | Train Loss: 0.2699683 Vali Loss: 0.4261551 Test Loss: 0.4581100
EarlyStopping counter: 1 out of 20
Updating learning rate to 7.211126666733164e-05
	iters: 100, epoch: 146 | loss: 0.2641892
	speed: 0.9455s/iter; left time: 26140.2428s
Epoch: 146 cost time: 52.754695653915405
Epoch: 146, Steps: 179 | Train Loss: 0.2697786 Vali Loss: 0.4255586 Test Loss: 0.4577045
EarlyStopping counter: 2 out of 20
Updating learning rate to 7.152236846654005e-05
	iters: 100, epoch: 147 | loss: 0.2788737
	speed: 0.9276s/iter; left time: 25478.3912s
Epoch: 147 cost time: 53.066362619400024
Epoch: 147, Steps: 179 | Train Loss: 0.2695742 Vali Loss: 0.4249246 Test Loss: 0.4591807
Validation loss decreased (0.425076 --> 0.424925).  Saving model ...
Updating learning rate to 7.092978255297812e-05
	iters: 100, epoch: 148 | loss: 0.2712059
	speed: 0.9308s/iter; left time: 25399.5090s
Epoch: 148 cost time: 50.01535177230835
Epoch: 148, Steps: 179 | Train Loss: 0.2695356 Vali Loss: 0.4253243 Test Loss: 0.4586832
EarlyStopping counter: 1 out of 20
Updating learning rate to 7.033361046319152e-05
	iters: 100, epoch: 149 | loss: 0.2722859
	speed: 0.9564s/iter; left time: 25926.9178s
Epoch: 149 cost time: 49.92533302307129
Epoch: 149, Steps: 179 | Train Loss: 0.2693705 Vali Loss: 0.4258755 Test Loss: 0.4591534
EarlyStopping counter: 2 out of 20
Updating learning rate to 6.973395434819875e-05
	iters: 100, epoch: 150 | loss: 0.2614433
	speed: 0.9612s/iter; left time: 25885.7293s
Epoch: 150 cost time: 49.77678084373474
Epoch: 150, Steps: 179 | Train Loss: 0.2692115 Vali Loss: 0.4260036 Test Loss: 0.4588477
EarlyStopping counter: 3 out of 20
Updating learning rate to 6.913091695598807e-05
	iters: 100, epoch: 151 | loss: 0.2680062
	speed: 0.9560s/iter; left time: 25573.7629s
Epoch: 151 cost time: 50.603758573532104
Epoch: 151, Steps: 179 | Train Loss: 0.2690396 Vali Loss: 0.4250613 Test Loss: 0.4578039
EarlyStopping counter: 4 out of 20
Updating learning rate to 6.852460161391217e-05
	iters: 100, epoch: 152 | loss: 0.2736813
	speed: 0.9365s/iter; left time: 24885.9585s
Epoch: 152 cost time: 53.00967454910278
Epoch: 152, Steps: 179 | Train Loss: 0.2691368 Vali Loss: 0.4246936 Test Loss: 0.4584231
Validation loss decreased (0.424925 --> 0.424694).  Saving model ...
Updating learning rate to 6.79151122109836e-05
	iters: 100, epoch: 153 | loss: 0.2666891
	speed: 0.9324s/iter; left time: 24609.9910s
Epoch: 153 cost time: 53.36351752281189
Epoch: 153, Steps: 179 | Train Loss: 0.2686517 Vali Loss: 0.4255520 Test Loss: 0.4580300
EarlyStopping counter: 1 out of 20
Updating learning rate to 6.73025531800739e-05
	iters: 100, epoch: 154 | loss: 0.2665884
	speed: 0.9537s/iter; left time: 25000.1306s
Epoch: 154 cost time: 51.691126346588135
Epoch: 154, Steps: 179 | Train Loss: 0.2687852 Vali Loss: 0.4252024 Test Loss: 0.4585972
EarlyStopping counter: 2 out of 20
Updating learning rate to 6.668702948001957e-05
	iters: 100, epoch: 155 | loss: 0.2703251
	speed: 0.9486s/iter; left time: 24696.2259s
Epoch: 155 cost time: 51.26108455657959
Epoch: 155, Steps: 179 | Train Loss: 0.2687799 Vali Loss: 0.4242272 Test Loss: 0.4586043
Validation loss decreased (0.424694 --> 0.424227).  Saving model ...
Updating learning rate to 6.606864657763786e-05
	iters: 100, epoch: 156 | loss: 0.2685684
	speed: 0.9645s/iter; left time: 24937.3450s
Epoch: 156 cost time: 51.13339710235596
Epoch: 156, Steps: 179 | Train Loss: 0.2685211 Vali Loss: 0.4245062 Test Loss: 0.4572419
EarlyStopping counter: 1 out of 20
Updating learning rate to 6.544751042965564e-05
	iters: 100, epoch: 157 | loss: 0.2633150
	speed: 0.9656s/iter; left time: 24793.3955s
Epoch: 157 cost time: 51.26080632209778
Epoch: 157, Steps: 179 | Train Loss: 0.2684390 Vali Loss: 0.4251879 Test Loss: 0.4573331
EarlyStopping counter: 2 out of 20
Updating learning rate to 6.48237274645543e-05
	iters: 100, epoch: 158 | loss: 0.2657813
	speed: 0.9662s/iter; left time: 24635.2061s
Epoch: 158 cost time: 50.40887427330017
Epoch: 158, Steps: 179 | Train Loss: 0.2682568 Vali Loss: 0.4244834 Test Loss: 0.4577873
EarlyStopping counter: 3 out of 20
Updating learning rate to 6.419740456433363e-05
	iters: 100, epoch: 159 | loss: 0.2799742
	speed: 0.9425s/iter; left time: 23863.7559s
Epoch: 159 cost time: 52.16970229148865
Epoch: 159, Steps: 179 | Train Loss: 0.2681653 Vali Loss: 0.4246783 Test Loss: 0.4582332
EarlyStopping counter: 4 out of 20
Updating learning rate to 6.356864904619827e-05
	iters: 100, epoch: 160 | loss: 0.2656573
	speed: 0.9422s/iter; left time: 23687.0777s
Epoch: 160 cost time: 53.48604226112366
Epoch: 160, Steps: 179 | Train Loss: 0.2680834 Vali Loss: 0.4242054 Test Loss: 0.4571705
Validation loss decreased (0.424227 --> 0.424205).  Saving model ...
Updating learning rate to 6.293756864416939e-05
	iters: 100, epoch: 161 | loss: 0.2629604
	speed: 0.9303s/iter; left time: 23220.4401s
Epoch: 161 cost time: 51.186694860458374
Epoch: 161, Steps: 179 | Train Loss: 0.2679644 Vali Loss: 0.4245067 Test Loss: 0.4573202
EarlyStopping counter: 1 out of 20
Updating learning rate to 6.230427149062511e-05
	iters: 100, epoch: 162 | loss: 0.2628653
	speed: 0.9349s/iter; left time: 23168.4306s
Epoch: 162 cost time: 49.81769251823425
Epoch: 162, Steps: 179 | Train Loss: 0.2679220 Vali Loss: 0.4239924 Test Loss: 0.4578561
Validation loss decreased (0.424205 --> 0.423992).  Saving model ...
Updating learning rate to 6.166886609777243e-05
	iters: 100, epoch: 163 | loss: 0.2667594
	speed: 0.9574s/iter; left time: 23555.0147s
Epoch: 163 cost time: 50.29204607009888
Epoch: 163, Steps: 179 | Train Loss: 0.2677897 Vali Loss: 0.4242078 Test Loss: 0.4574369
EarlyStopping counter: 1 out of 20
Updating learning rate to 6.103146133905435e-05
	iters: 100, epoch: 164 | loss: 0.2666686
	speed: 0.9613s/iter; left time: 23479.1936s
Epoch: 164 cost time: 49.863452672958374
Epoch: 164, Steps: 179 | Train Loss: 0.2675854 Vali Loss: 0.4244012 Test Loss: 0.4575259
EarlyStopping counter: 2 out of 20
Updating learning rate to 6.039216643049494e-05
	iters: 100, epoch: 165 | loss: 0.2660215
	speed: 0.9283s/iter; left time: 22507.1983s
Epoch: 165 cost time: 52.583338260650635
Epoch: 165, Steps: 179 | Train Loss: 0.2676375 Vali Loss: 0.4233762 Test Loss: 0.4575682
Validation loss decreased (0.423992 --> 0.423376).  Saving model ...
Updating learning rate to 5.975109091198564e-05
	iters: 100, epoch: 166 | loss: 0.2677583
	speed: 0.9301s/iter; left time: 22384.2545s
Epoch: 166 cost time: 53.16364574432373
Epoch: 166, Steps: 179 | Train Loss: 0.2672814 Vali Loss: 0.4238315 Test Loss: 0.4567271
EarlyStopping counter: 1 out of 20
Updating learning rate to 5.910834462851629e-05
	iters: 100, epoch: 167 | loss: 0.2711275
	speed: 0.9399s/iter; left time: 22452.0151s
Epoch: 167 cost time: 50.847058057785034
Epoch: 167, Steps: 179 | Train Loss: 0.2672798 Vali Loss: 0.4244631 Test Loss: 0.4566526
EarlyStopping counter: 2 out of 20
Updating learning rate to 5.84640377113537e-05
	iters: 100, epoch: 168 | loss: 0.2624485
	speed: 0.9449s/iter; left time: 22402.2133s
Epoch: 168 cost time: 50.703070640563965
Epoch: 168, Steps: 179 | Train Loss: 0.2671882 Vali Loss: 0.4236037 Test Loss: 0.4568920
EarlyStopping counter: 3 out of 20
Updating learning rate to 5.781828055917122e-05
	iters: 100, epoch: 169 | loss: 0.2637345
	speed: 0.9678s/iter; left time: 22770.2014s
Epoch: 169 cost time: 51.42609262466431
Epoch: 169, Steps: 179 | Train Loss: 0.2669766 Vali Loss: 0.4242930 Test Loss: 0.4562254
EarlyStopping counter: 4 out of 20
Updating learning rate to 5.717118381913253e-05
	iters: 100, epoch: 170 | loss: 0.2695740
	speed: 0.9723s/iter; left time: 22703.5607s
Epoch: 170 cost time: 50.117576360702515
Epoch: 170, Steps: 179 | Train Loss: 0.2669755 Vali Loss: 0.4234679 Test Loss: 0.4571401
EarlyStopping counter: 5 out of 20
Updating learning rate to 5.652285836793275e-05
	iters: 100, epoch: 171 | loss: 0.2747317
	speed: 0.9607s/iter; left time: 22260.6112s
Epoch: 171 cost time: 50.25321912765503
Epoch: 171, Steps: 179 | Train Loss: 0.2668524 Vali Loss: 0.4237253 Test Loss: 0.4565971
EarlyStopping counter: 6 out of 20
Updating learning rate to 5.587341529280036e-05
	iters: 100, epoch: 172 | loss: 0.2615936
	speed: 0.9311s/iter; left time: 21407.6247s
Epoch: 172 cost time: 53.00264930725098
Epoch: 172, Steps: 179 | Train Loss: 0.2668400 Vali Loss: 0.4240730 Test Loss: 0.4570001
EarlyStopping counter: 7 out of 20
Updating learning rate to 5.522296587246295e-05
	iters: 100, epoch: 173 | loss: 0.2633414
	speed: 0.9298s/iter; left time: 21211.1989s
Epoch: 173 cost time: 52.97761011123657
Epoch: 173, Steps: 179 | Train Loss: 0.2668029 Vali Loss: 0.4240721 Test Loss: 0.4561790
EarlyStopping counter: 8 out of 20
Updating learning rate to 5.457162155808015e-05
	iters: 100, epoch: 174 | loss: 0.2665141
	speed: 0.9340s/iter; left time: 21139.3648s
Epoch: 174 cost time: 50.23824739456177
Epoch: 174, Steps: 179 | Train Loss: 0.2666107 Vali Loss: 0.4241428 Test Loss: 0.4567858
EarlyStopping counter: 9 out of 20
Updating learning rate to 5.391949395414713e-05
	iters: 100, epoch: 175 | loss: 0.2715250
	speed: 0.9574s/iter; left time: 21498.3990s
Epoch: 175 cost time: 51.5534303188324
Epoch: 175, Steps: 179 | Train Loss: 0.2664733 Vali Loss: 0.4237347 Test Loss: 0.4562780
EarlyStopping counter: 10 out of 20
Updating learning rate to 5.326669479937163e-05
	iters: 100, epoch: 176 | loss: 0.2679488
	speed: 0.9693s/iter; left time: 21591.5862s
Epoch: 176 cost time: 50.54978585243225
Epoch: 176, Steps: 179 | Train Loss: 0.2664071 Vali Loss: 0.4238114 Test Loss: 0.4560478
EarlyStopping counter: 11 out of 20
Updating learning rate to 5.2613335947528245e-05
	iters: 100, epoch: 177 | loss: 0.2637402
	speed: 0.9705s/iter; left time: 21444.9811s
Epoch: 177 cost time: 51.19999980926514
Epoch: 177, Steps: 179 | Train Loss: 0.2662975 Vali Loss: 0.4232877 Test Loss: 0.4572829
Validation loss decreased (0.423376 --> 0.423288).  Saving model ...
Updating learning rate to 5.195952934829269e-05
	iters: 100, epoch: 178 | loss: 0.2627934
	speed: 0.9501s/iter; left time: 20824.5293s
Epoch: 178 cost time: 51.6491539478302
Epoch: 178, Steps: 179 | Train Loss: 0.2661708 Vali Loss: 0.4237387 Test Loss: 0.4564889
EarlyStopping counter: 1 out of 20
Updating learning rate to 5.130538702805996e-05
	iters: 100, epoch: 179 | loss: 0.2596051
	speed: 0.9488s/iter; left time: 20625.6254s
Epoch: 179 cost time: 53.50746035575867
Epoch: 179, Steps: 179 | Train Loss: 0.2660882 Vali Loss: 0.4239438 Test Loss: 0.4561522
EarlyStopping counter: 2 out of 20
Updating learning rate to 5.065102107074911e-05
	iters: 100, epoch: 180 | loss: 0.2725938
	speed: 0.9444s/iter; left time: 20361.1376s
Epoch: 180 cost time: 52.21874141693115
Epoch: 180, Steps: 179 | Train Loss: 0.2659550 Vali Loss: 0.4233235 Test Loss: 0.4564009
EarlyStopping counter: 3 out of 20
Updating learning rate to 4.999654359859822e-05
	iters: 100, epoch: 181 | loss: 0.2613253
	speed: 0.9396s/iter; left time: 20089.2284s
Epoch: 181 cost time: 50.544665813446045
Epoch: 181, Steps: 179 | Train Loss: 0.2659593 Vali Loss: 0.4241155 Test Loss: 0.4557386
EarlyStopping counter: 4 out of 20
Updating learning rate to 4.9342066752952866e-05
	iters: 100, epoch: 182 | loss: 0.2685721
	speed: 0.9616s/iter; left time: 20388.0703s
Epoch: 182 cost time: 51.59458780288696
Epoch: 182, Steps: 179 | Train Loss: 0.2657657 Vali Loss: 0.4230698 Test Loss: 0.4561387
Validation loss decreased (0.423288 --> 0.423070).  Saving model ...
Updating learning rate to 4.868770267505134e-05
	iters: 100, epoch: 183 | loss: 0.2686587
	speed: 0.9771s/iter; left time: 20541.1986s
Epoch: 183 cost time: 51.48845553398132
Epoch: 183, Steps: 179 | Train Loss: 0.2656906 Vali Loss: 0.4230257 Test Loss: 0.4557845
Validation loss decreased (0.423070 --> 0.423026).  Saving model ...
Updating learning rate to 4.8033563486809675e-05
	iters: 100, epoch: 184 | loss: 0.2700387
	speed: 0.9704s/iter; left time: 20226.3739s
Epoch: 184 cost time: 51.498494386672974
Epoch: 184, Steps: 179 | Train Loss: 0.2655868 Vali Loss: 0.4235425 Test Loss: 0.4557064
EarlyStopping counter: 1 out of 20
Updating learning rate to 4.7379761271610286e-05
	iters: 100, epoch: 185 | loss: 0.2637371
	speed: 0.9686s/iter; left time: 20016.1002s
Epoch: 185 cost time: 49.82332134246826
Epoch: 185, Steps: 179 | Train Loss: 0.2654584 Vali Loss: 0.4228402 Test Loss: 0.4556580
Validation loss decreased (0.423026 --> 0.422840).  Saving model ...
Updating learning rate to 4.6726408055096934e-05
	iters: 100, epoch: 186 | loss: 0.2734014
	speed: 0.9407s/iter; left time: 19271.9230s
Epoch: 186 cost time: 52.277244091033936
Epoch: 186, Steps: 179 | Train Loss: 0.2654581 Vali Loss: 0.4228798 Test Loss: 0.4566455
EarlyStopping counter: 1 out of 20
Updating learning rate to 4.607361578597983e-05
	iters: 100, epoch: 187 | loss: 0.2708176
	speed: 0.9466s/iter; left time: 19222.0827s
Epoch: 187 cost time: 53.56279754638672
Epoch: 187, Steps: 179 | Train Loss: 0.2654168 Vali Loss: 0.4228044 Test Loss: 0.4561565
Validation loss decreased (0.422840 --> 0.422804).  Saving model ...
Updating learning rate to 4.5421496316853675e-05
	iters: 100, epoch: 188 | loss: 0.2622530
	speed: 0.9378s/iter; left time: 18875.0971s
Epoch: 188 cost time: 51.166725397109985
Epoch: 188, Steps: 179 | Train Loss: 0.2652630 Vali Loss: 0.4224666 Test Loss: 0.4562294
Validation loss decreased (0.422804 --> 0.422467).  Saving model ...
Updating learning rate to 4.4770161385032386e-05
	iters: 100, epoch: 189 | loss: 0.2641040
	speed: 0.9362s/iter; left time: 18677.1153s
Epoch: 189 cost time: 49.77526330947876
Epoch: 189, Steps: 179 | Train Loss: 0.2652088 Vali Loss: 0.4232874 Test Loss: 0.4556360
EarlyStopping counter: 1 out of 20
Updating learning rate to 4.4119722593403484e-05
	iters: 100, epoch: 190 | loss: 0.2599792
	speed: 0.9635s/iter; left time: 19047.9214s
Epoch: 190 cost time: 45.395710945129395
Epoch: 190, Steps: 179 | Train Loss: 0.2650331 Vali Loss: 0.4232534 Test Loss: 0.4548178
EarlyStopping counter: 2 out of 20
Updating learning rate to 4.347029139130541e-05
	iters: 100, epoch: 191 | loss: 0.2676330
	speed: 0.8401s/iter; left time: 16458.6376s
Epoch: 191 cost time: 53.06154131889343
Epoch: 191, Steps: 179 | Train Loss: 0.2649826 Vali Loss: 0.4232970 Test Loss: 0.4554764
EarlyStopping counter: 3 out of 20
Updating learning rate to 4.282197905543138e-05
	iters: 100, epoch: 192 | loss: 0.2668631
	speed: 0.9667s/iter; left time: 18765.3195s
Epoch: 192 cost time: 47.507450103759766
Epoch: 192, Steps: 179 | Train Loss: 0.2649396 Vali Loss: 0.4235444 Test Loss: 0.4559526
EarlyStopping counter: 4 out of 20
Updating learning rate to 4.217489667076262e-05
	iters: 100, epoch: 193 | loss: 0.2622663
	speed: 0.8925s/iter; left time: 17165.6220s
Epoch: 193 cost time: 49.95022249221802
Epoch: 193, Steps: 179 | Train Loss: 0.2648639 Vali Loss: 0.4230254 Test Loss: 0.4554781
EarlyStopping counter: 5 out of 20
Updating learning rate to 4.152915511153455e-05
	iters: 100, epoch: 194 | loss: 0.2662030
	speed: 0.9858s/iter; left time: 18783.4918s
Epoch: 194 cost time: 50.860801458358765
Epoch: 194, Steps: 179 | Train Loss: 0.2647636 Vali Loss: 0.4228644 Test Loss: 0.4555750
EarlyStopping counter: 6 out of 20
Updating learning rate to 4.088486502223907e-05
	iters: 100, epoch: 195 | loss: 0.2678388
	speed: 0.8847s/iter; left time: 16698.4470s
Epoch: 195 cost time: 45.49957251548767
Epoch: 195, Steps: 179 | Train Loss: 0.2646412 Vali Loss: 0.4229502 Test Loss: 0.4552293
EarlyStopping counter: 7 out of 20
Updating learning rate to 4.024213679866613e-05
	iters: 100, epoch: 196 | loss: 0.2712262
	speed: 0.9309s/iter; left time: 17404.1431s
Epoch: 196 cost time: 53.025925636291504
Epoch: 196, Steps: 179 | Train Loss: 0.2645594 Vali Loss: 0.4235246 Test Loss: 0.4552108
EarlyStopping counter: 8 out of 20
Updating learning rate to 3.96010805689881e-05
	iters: 100, epoch: 197 | loss: 0.2631517
	speed: 0.9841s/iter; left time: 18222.9425s
Epoch: 197 cost time: 49.34910011291504
Epoch: 197, Steps: 179 | Train Loss: 0.2646234 Vali Loss: 0.4224316 Test Loss: 0.4551278
Validation loss decreased (0.422467 --> 0.422432).  Saving model ...
Updating learning rate to 3.896180617488978e-05
	iters: 100, epoch: 198 | loss: 0.2604831
	speed: 0.8834s/iter; left time: 16199.4656s
Epoch: 198 cost time: 48.264776945114136
Epoch: 198, Steps: 179 | Train Loss: 0.2643767 Vali Loss: 0.4232388 Test Loss: 0.4548897
EarlyStopping counter: 1 out of 20
Updating learning rate to 3.832442315274757e-05
	iters: 100, epoch: 199 | loss: 0.2636080
	speed: 0.9847s/iter; left time: 17880.7903s
Epoch: 199 cost time: 53.360896825790405
Epoch: 199, Steps: 179 | Train Loss: 0.2643898 Vali Loss: 0.4230175 Test Loss: 0.4557680
EarlyStopping counter: 2 out of 20
Updating learning rate to 3.7689040714861086e-05
	iters: 100, epoch: 200 | loss: 0.2652077
	speed: 0.9418s/iter; left time: 16933.9031s
Epoch: 200 cost time: 48.33685755729675
Epoch: 200, Steps: 179 | Train Loss: 0.2643764 Vali Loss: 0.4219567 Test Loss: 0.4557679
Validation loss decreased (0.422432 --> 0.421957).  Saving model ...
Updating learning rate to 3.7055767730740075e-05
	iters: 100, epoch: 201 | loss: 0.2680239
	speed: 0.9194s/iter; left time: 16365.7832s
Epoch: 201 cost time: 50.604275941848755
Epoch: 201, Steps: 179 | Train Loss: 0.2642715 Vali Loss: 0.4221851 Test Loss: 0.4549063
EarlyStopping counter: 1 out of 20
Updating learning rate to 3.64247127084503e-05
	iters: 100, epoch: 202 | loss: 0.2710344
	speed: 1.0009s/iter; left time: 17638.5739s
Epoch: 202 cost time: 49.55408000946045
Epoch: 202, Steps: 179 | Train Loss: 0.2640751 Vali Loss: 0.4224038 Test Loss: 0.4554220
EarlyStopping counter: 2 out of 20
Updating learning rate to 3.579598377602112e-05
	iters: 100, epoch: 203 | loss: 0.2614900
	speed: 0.8605s/iter; left time: 15009.2517s
Epoch: 203 cost time: 46.892728328704834
Epoch: 203, Steps: 179 | Train Loss: 0.2640703 Vali Loss: 0.4227987 Test Loss: 0.4551943
EarlyStopping counter: 3 out of 20
Updating learning rate to 3.51696886629184e-05
	iters: 100, epoch: 204 | loss: 0.2690739
	speed: 0.9807s/iter; left time: 16930.3432s
Epoch: 204 cost time: 55.19178533554077
Epoch: 204, Steps: 179 | Train Loss: 0.2639851 Vali Loss: 0.4233683 Test Loss: 0.4552751
EarlyStopping counter: 4 out of 20
Updating learning rate to 3.454593468158563e-05
	iters: 100, epoch: 205 | loss: 0.2605666
	speed: 0.9642s/iter; left time: 16473.2998s
Epoch: 205 cost time: 46.33605170249939
Epoch: 205, Steps: 179 | Train Loss: 0.2638173 Vali Loss: 0.4226966 Test Loss: 0.4551362
EarlyStopping counter: 5 out of 20
Updating learning rate to 3.392482870905638e-05
	iters: 100, epoch: 206 | loss: 0.2594002
	speed: 0.8750s/iter; left time: 14792.9289s
Epoch: 206 cost time: 49.85405969619751
Epoch: 206, Steps: 179 | Train Loss: 0.2639101 Vali Loss: 0.4221450 Test Loss: 0.4550307
EarlyStopping counter: 6 out of 20
Updating learning rate to 3.330647716864161e-05
	iters: 100, epoch: 207 | loss: 0.2650285
	speed: 0.9788s/iter; left time: 16372.2165s
Epoch: 207 cost time: 51.92919945716858
Epoch: 207, Steps: 179 | Train Loss: 0.2638340 Vali Loss: 0.4225233 Test Loss: 0.4552166
EarlyStopping counter: 7 out of 20
Updating learning rate to 3.2690986011694466e-05
	iters: 100, epoch: 208 | loss: 0.2612015
	speed: 0.9169s/iter; left time: 15172.3912s
Epoch: 208 cost time: 45.542784690856934
Epoch: 208, Steps: 179 | Train Loss: 0.2636755 Vali Loss: 0.4219126 Test Loss: 0.4548185
Validation loss decreased (0.421957 --> 0.421913).  Saving model ...
Updating learning rate to 3.207846069945615e-05
	iters: 100, epoch: 209 | loss: 0.2690338
	speed: 0.9105s/iter; left time: 14904.2224s
Epoch: 209 cost time: 51.70678758621216
Epoch: 209, Steps: 179 | Train Loss: 0.2637713 Vali Loss: 0.4219122 Test Loss: 0.4545408
Validation loss decreased (0.421913 --> 0.421912).  Saving model ...
Updating learning rate to 3.1469006184985615e-05
	iters: 100, epoch: 210 | loss: 0.2681069
	speed: 0.9915s/iter; left time: 16052.6883s
Epoch: 210 cost time: 51.11259651184082
Epoch: 210, Steps: 179 | Train Loss: 0.2635259 Vali Loss: 0.4228785 Test Loss: 0.4549482
EarlyStopping counter: 1 out of 20
Updating learning rate to 3.086272689517642e-05
	iters: 100, epoch: 211 | loss: 0.2557139
	speed: 0.8791s/iter; left time: 14075.4760s
Epoch: 211 cost time: 46.84215784072876
Epoch: 211, Steps: 179 | Train Loss: 0.2634523 Vali Loss: 0.4216552 Test Loss: 0.4544401
Validation loss decreased (0.421912 --> 0.421655).  Saving model ...
Updating learning rate to 3.025972671286376e-05
	iters: 100, epoch: 212 | loss: 0.2583690
	speed: 0.9877s/iter; left time: 15637.6599s
Epoch: 212 cost time: 54.428799867630005
Epoch: 212, Steps: 179 | Train Loss: 0.2633578 Vali Loss: 0.4224152 Test Loss: 0.4549550
EarlyStopping counter: 1 out of 20
Updating learning rate to 2.9660108959024627e-05
	iters: 100, epoch: 213 | loss: 0.2627158
	speed: 0.9531s/iter; left time: 14918.2039s
Epoch: 213 cost time: 48.42496156692505
Epoch: 213, Steps: 179 | Train Loss: 0.2634466 Vali Loss: 0.4214308 Test Loss: 0.4548027
Validation loss decreased (0.421655 --> 0.421431).  Saving model ...
Updating learning rate to 2.9063976375074283e-05
	iters: 100, epoch: 214 | loss: 0.2644667
	speed: 0.9084s/iter; left time: 14057.1516s
Epoch: 214 cost time: 50.962965965270996
Epoch: 214, Steps: 179 | Train Loss: 0.2632987 Vali Loss: 0.4227791 Test Loss: 0.4552130
EarlyStopping counter: 1 out of 20
Updating learning rate to 2.84714311052621e-05
	iters: 100, epoch: 215 | loss: 0.2610322
	speed: 0.9915s/iter; left time: 15164.9531s
Epoch: 215 cost time: 50.75459694862366
Epoch: 215, Steps: 179 | Train Loss: 0.2632576 Vali Loss: 0.4220338 Test Loss: 0.4549388
EarlyStopping counter: 2 out of 20
Updating learning rate to 2.7882574679169633e-05
	iters: 100, epoch: 216 | loss: 0.2598090
	speed: 0.8884s/iter; left time: 13428.7708s
Epoch: 216 cost time: 48.04778838157654
Epoch: 216, Steps: 179 | Train Loss: 0.2632275 Vali Loss: 0.4221955 Test Loss: 0.4542179
EarlyStopping counter: 3 out of 20
Updating learning rate to 2.7297507994314033e-05
	iters: 100, epoch: 217 | loss: 0.2736417
	speed: 0.9910s/iter; left time: 14802.6614s
Epoch: 217 cost time: 55.04710125923157
Epoch: 217, Steps: 179 | Train Loss: 0.2631393 Vali Loss: 0.4220579 Test Loss: 0.4546761
EarlyStopping counter: 4 out of 20
Updating learning rate to 2.6716331298859833e-05
	iters: 100, epoch: 218 | loss: 0.2602978
	speed: 0.9592s/iter; left time: 14155.9387s
Epoch: 218 cost time: 46.39672231674194
Epoch: 218, Steps: 179 | Train Loss: 0.2630212 Vali Loss: 0.4223277 Test Loss: 0.4543284
EarlyStopping counter: 5 out of 20
Updating learning rate to 2.6139144174441887e-05
	iters: 100, epoch: 219 | loss: 0.2630989
	speed: 0.8785s/iter; left time: 12807.8002s
Epoch: 219 cost time: 49.54370141029358
Epoch: 219, Steps: 179 | Train Loss: 0.2630764 Vali Loss: 0.4225934 Test Loss: 0.4548471
EarlyStopping counter: 6 out of 20
Updating learning rate to 2.5566045519102595e-05
	iters: 100, epoch: 220 | loss: 0.2608761
	speed: 0.9829s/iter; left time: 14154.2873s
Epoch: 220 cost time: 53.08367037773132
Epoch: 220, Steps: 179 | Train Loss: 0.2629242 Vali Loss: 0.4223386 Test Loss: 0.4545300
EarlyStopping counter: 7 out of 20
Updating learning rate to 2.4997133530346236e-05
	iters: 100, epoch: 221 | loss: 0.2648176
	speed: 0.9399s/iter; left time: 13366.1981s
Epoch: 221 cost time: 45.848512172698975
Epoch: 221, Steps: 179 | Train Loss: 0.2628961 Vali Loss: 0.4218342 Test Loss: 0.4548382
EarlyStopping counter: 8 out of 20
Updating learning rate to 2.443250568831332e-05
	iters: 100, epoch: 222 | loss: 0.2577797
	speed: 0.8865s/iter; left time: 12448.7691s
Epoch: 222 cost time: 50.6537389755249
Epoch: 222, Steps: 179 | Train Loss: 0.2628997 Vali Loss: 0.4226300 Test Loss: 0.4545182
EarlyStopping counter: 9 out of 20
Updating learning rate to 2.3872258739077877e-05
	iters: 100, epoch: 223 | loss: 0.2597910
	speed: 1.0007s/iter; left time: 13872.7818s
Epoch: 223 cost time: 52.18931436538696
Epoch: 223, Steps: 179 | Train Loss: 0.2628743 Vali Loss: 0.4214065 Test Loss: 0.4548412
Validation loss decreased (0.421431 --> 0.421407).  Saving model ...
Updating learning rate to 2.331648867807046e-05
	iters: 100, epoch: 224 | loss: 0.2624886
	speed: 0.9286s/iter; left time: 12707.1304s
Epoch: 224 cost time: 46.56162357330322
Epoch: 224, Steps: 179 | Train Loss: 0.2626607 Vali Loss: 0.4219060 Test Loss: 0.4546262
EarlyStopping counter: 1 out of 20
Updating learning rate to 2.2765290733629936e-05
	iters: 100, epoch: 225 | loss: 0.2662149
	speed: 0.9378s/iter; left time: 12665.6318s
Epoch: 225 cost time: 52.28150916099548
Epoch: 225, Steps: 179 | Train Loss: 0.2626239 Vali Loss: 0.4226517 Test Loss: 0.4542860
EarlyStopping counter: 2 out of 20
Updating learning rate to 2.2218759350686513e-05
	iters: 100, epoch: 226 | loss: 0.2609935
	speed: 0.9922s/iter; left time: 13222.6054s
Epoch: 226 cost time: 50.798205852508545
Epoch: 226, Steps: 179 | Train Loss: 0.2625781 Vali Loss: 0.4217174 Test Loss: 0.4547954
EarlyStopping counter: 3 out of 20
Updating learning rate to 2.16769881745791e-05
	iters: 100, epoch: 227 | loss: 0.2687491
	speed: 0.8864s/iter; left time: 11653.7381s
Epoch: 227 cost time: 44.73835849761963
Epoch: 227, Steps: 179 | Train Loss: 0.2625389 Vali Loss: 0.4222813 Test Loss: 0.4544159
EarlyStopping counter: 4 out of 20
Updating learning rate to 2.114007003500968e-05
	iters: 100, epoch: 228 | loss: 0.2640063
	speed: 0.9310s/iter; left time: 12073.0776s
Epoch: 228 cost time: 52.53188395500183
Epoch: 228, Steps: 179 | Train Loss: 0.2625840 Vali Loss: 0.4220195 Test Loss: 0.4541602
EarlyStopping counter: 5 out of 20
Updating learning rate to 2.0608096930137426e-05
	iters: 100, epoch: 229 | loss: 0.2661709
	speed: 0.9918s/iter; left time: 12684.0693s
Epoch: 229 cost time: 50.152358293533325
Epoch: 229, Steps: 179 | Train Loss: 0.2624781 Vali Loss: 0.4215189 Test Loss: 0.4545388
EarlyStopping counter: 6 out of 20
Updating learning rate to 2.0081160010815212e-05
	iters: 100, epoch: 230 | loss: 0.2629068
	speed: 0.8810s/iter; left time: 11109.9680s
Epoch: 230 cost time: 45.82135987281799
Epoch: 230, Steps: 179 | Train Loss: 0.2623573 Vali Loss: 0.4219224 Test Loss: 0.4542645
EarlyStopping counter: 7 out of 20
Updating learning rate to 1.955934956497151e-05
	iters: 100, epoch: 231 | loss: 0.2703117
	speed: 0.9527s/iter; left time: 11842.5719s
Epoch: 231 cost time: 52.74378991127014
Epoch: 231, Steps: 179 | Train Loss: 0.2624304 Vali Loss: 0.4217404 Test Loss: 0.4541185
EarlyStopping counter: 8 out of 20
Updating learning rate to 1.9042755002139924e-05
	iters: 100, epoch: 232 | loss: 0.2594415
	speed: 0.9953s/iter; left time: 12194.4583s
Epoch: 232 cost time: 50.3294677734375
Epoch: 232, Steps: 179 | Train Loss: 0.2622950 Vali Loss: 0.4224454 Test Loss: 0.4543603
EarlyStopping counter: 9 out of 20
Updating learning rate to 1.853146483813937e-05
	iters: 100, epoch: 233 | loss: 0.2649360
	speed: 0.8731s/iter; left time: 10540.4076s
Epoch: 233 cost time: 45.13226318359375
Epoch: 233, Steps: 179 | Train Loss: 0.2622946 Vali Loss: 0.4210924 Test Loss: 0.4545287
Validation loss decreased (0.421407 --> 0.421092).  Saving model ...
Updating learning rate to 1.8025566679907285e-05
	iters: 100, epoch: 234 | loss: 0.2652129
	speed: 0.9445s/iter; left time: 11233.9486s
Epoch: 234 cost time: 52.249332427978516
Epoch: 234, Steps: 179 | Train Loss: 0.2621789 Vali Loss: 0.4218923 Test Loss: 0.4543310
EarlyStopping counter: 1 out of 20
Updating learning rate to 1.7525147210488746e-05
	iters: 100, epoch: 235 | loss: 0.2593347
	speed: 0.9925s/iter; left time: 11626.8314s
Epoch: 235 cost time: 49.7804069519043
Epoch: 235, Steps: 179 | Train Loss: 0.2622136 Vali Loss: 0.4220141 Test Loss: 0.4539981
EarlyStopping counter: 2 out of 20
Updating learning rate to 1.703029217418368e-05
	iters: 100, epoch: 236 | loss: 0.2650518
	speed: 0.8802s/iter; left time: 10154.0250s
Epoch: 236 cost time: 45.71394610404968
Epoch: 236, Steps: 179 | Train Loss: 0.2621559 Vali Loss: 0.4215655 Test Loss: 0.4543415
EarlyStopping counter: 3 out of 20
Updating learning rate to 1.6541086361855e-05
	iters: 100, epoch: 237 | loss: 0.2540423
	speed: 0.9429s/iter; left time: 10708.3761s
Epoch: 237 cost time: 52.55641007423401
Epoch: 237, Steps: 179 | Train Loss: 0.2620997 Vali Loss: 0.4216129 Test Loss: 0.4541793
EarlyStopping counter: 4 out of 20
Updating learning rate to 1.6057613596400227e-05
	iters: 100, epoch: 238 | loss: 0.2624509
	speed: 0.9786s/iter; left time: 10938.4593s
Epoch: 238 cost time: 49.62884712219238
Epoch: 238, Steps: 179 | Train Loss: 0.2620767 Vali Loss: 0.4217104 Test Loss: 0.4543461
EarlyStopping counter: 5 out of 20
Updating learning rate to 1.5579956718388822e-05
	iters: 100, epoch: 239 | loss: 0.2635101
	speed: 0.8623s/iter; left time: 9484.4607s
Epoch: 239 cost time: 45.16843628883362
Epoch: 239, Steps: 179 | Train Loss: 0.2619654 Vali Loss: 0.4217386 Test Loss: 0.4538160
EarlyStopping counter: 6 out of 20
Updating learning rate to 1.5108197571867798e-05
	iters: 100, epoch: 240 | loss: 0.2638844
	speed: 0.9257s/iter; left time: 10015.5331s
Epoch: 240 cost time: 51.63339352607727
Epoch: 240, Steps: 179 | Train Loss: 0.2619348 Vali Loss: 0.4213227 Test Loss: 0.4544578
EarlyStopping counter: 7 out of 20
Updating learning rate to 1.4642416990338309e-05
	iters: 100, epoch: 241 | loss: 0.2627989
	speed: 0.9836s/iter; left time: 10466.7578s
Epoch: 241 cost time: 50.19778084754944
Epoch: 241, Steps: 179 | Train Loss: 0.2619088 Vali Loss: 0.4215834 Test Loss: 0.4541835
EarlyStopping counter: 8 out of 20
Updating learning rate to 1.4182694782905187e-05
	iters: 100, epoch: 242 | loss: 0.2669895
	speed: 0.8696s/iter; left time: 9097.7193s
Epoch: 242 cost time: 46.87942337989807
Epoch: 242, Steps: 179 | Train Loss: 0.2618823 Vali Loss: 0.4216946 Test Loss: 0.4542656
EarlyStopping counter: 9 out of 20
Updating learning rate to 1.372910972060198e-05
	iters: 100, epoch: 243 | loss: 0.2622347
	speed: 0.9665s/iter; left time: 9938.2054s
Epoch: 243 cost time: 54.13159394264221
Epoch: 243, Steps: 179 | Train Loss: 0.2618717 Vali Loss: 0.4213790 Test Loss: 0.4543512
EarlyStopping counter: 10 out of 20
Updating learning rate to 1.3281739522894069e-05
	iters: 100, epoch: 244 | loss: 0.2609040
	speed: 0.9652s/iter; left time: 9752.1622s
Epoch: 244 cost time: 47.28263545036316
Epoch: 244, Steps: 179 | Train Loss: 0.2617918 Vali Loss: 0.4218593 Test Loss: 0.4539394
EarlyStopping counter: 11 out of 20
Updating learning rate to 1.2840660844361754e-05
	iters: 100, epoch: 245 | loss: 0.2618782
	speed: 0.8777s/iter; left time: 8710.7321s
Epoch: 245 cost time: 48.86664152145386
Epoch: 245, Steps: 179 | Train Loss: 0.2618079 Vali Loss: 0.4224459 Test Loss: 0.4537622
EarlyStopping counter: 12 out of 20
Updating learning rate to 1.2405949261565946e-05
	iters: 100, epoch: 246 | loss: 0.2538525
	speed: 0.9768s/iter; left time: 9519.8673s
Epoch: 246 cost time: 51.61527490615845
Epoch: 246, Steps: 179 | Train Loss: 0.2617669 Vali Loss: 0.4220308 Test Loss: 0.4537276
EarlyStopping counter: 13 out of 20
Updating learning rate to 1.197767926009842e-05
	iters: 100, epoch: 247 | loss: 0.2597692
	speed: 0.9048s/iter; left time: 8656.5436s
Epoch: 247 cost time: 46.93234324455261
Epoch: 247, Steps: 179 | Train Loss: 0.2617680 Vali Loss: 0.4220467 Test Loss: 0.4540767
EarlyStopping counter: 14 out of 20
Updating learning rate to 1.1555924221819206e-05
	iters: 100, epoch: 248 | loss: 0.2679577
	speed: 0.9268s/iter; left time: 8700.9204s
Epoch: 248 cost time: 51.70992088317871
Epoch: 248, Steps: 179 | Train Loss: 0.2617014 Vali Loss: 0.4223656 Test Loss: 0.4539560
EarlyStopping counter: 15 out of 20
Updating learning rate to 1.1140756412282909e-05
	iters: 100, epoch: 249 | loss: 0.2660020
	speed: 0.9850s/iter; left time: 9071.0247s
Epoch: 249 cost time: 49.70418882369995
Epoch: 249, Steps: 179 | Train Loss: 0.2616779 Vali Loss: 0.4220853 Test Loss: 0.4542349
EarlyStopping counter: 16 out of 20
Updating learning rate to 1.0732246968356401e-05
	iters: 100, epoch: 250 | loss: 0.2612738
	speed: 0.8628s/iter; left time: 7790.7570s
Epoch: 250 cost time: 47.184324741363525
Epoch: 250, Steps: 179 | Train Loss: 0.2616359 Vali Loss: 0.4216028 Test Loss: 0.4539643
EarlyStopping counter: 17 out of 20
Updating learning rate to 1.0330465886029902e-05
	iters: 100, epoch: 251 | loss: 0.2619726
	speed: 0.9738s/iter; left time: 8619.4598s
Epoch: 251 cost time: 54.49926948547363
Epoch: 251, Steps: 179 | Train Loss: 0.2616263 Vali Loss: 0.4218838 Test Loss: 0.4540492
EarlyStopping counter: 18 out of 20
Updating learning rate to 9.935482008423472e-06
	iters: 100, epoch: 252 | loss: 0.2589735
	speed: 0.9619s/iter; left time: 8341.8474s
Epoch: 252 cost time: 47.47927951812744
Epoch: 252, Steps: 179 | Train Loss: 0.2615158 Vali Loss: 0.4217654 Test Loss: 0.4540046
EarlyStopping counter: 19 out of 20
Updating learning rate to 9.547363013991183e-06
	iters: 100, epoch: 253 | loss: 0.2570946
	speed: 0.8826s/iter; left time: 7495.4976s
Epoch: 253 cost time: 49.69626975059509
Epoch: 253, Steps: 179 | Train Loss: 0.2615112 Vali Loss: 0.4211435 Test Loss: 0.4536863
EarlyStopping counter: 20 out of 20
Early stopping
>>>>>>>testing : 96_720_SPM_TST_custom_ftM_sl96_ll18_pl720_dm256_nh1_el1_dl1_df256_fc1_ebtimeF_dtTrue_Exp_0<<<<<<<<<<<<<<<<<<<<<<<<<<<<<<<<<
test 2789
mse:0.4545242488384247, mae:0.29772159457206726, rse:0.5508373379707336
