Args in experiment:
Namespace(activation='gelu', affine=1, batch_size=64, c_out=7, checkpoints='./checkpoints/', d_ff=256, d_layers=1, d_model=256, data='PEMS03', data_path='PEMS03.npz', dec_in=7, decomposition=0, des='Exp', devices='0,1,2,3', dishts=1, distil=True, do_predict=False, dropout=0.2, e_layers=1, embed='timeF', embed_type=0, enc_in=358, factor=1, fc_dropout=0.2, features='M', freq='h', gpu=0, head_dropout=0.0, hidden_size=[32, 8], hidden_size1=3, hidden_size2=3, individual=0, is_training=1, itr=1, k=1.0, kernel_size=25, label_len=18, learning_rate=0.0001, loss='mse', lradj='TST', model='SPM_TST', model_id='96_720', moving_avg=25, n_heads=1, num_layers=3, num_workers=10, output_attention=False, padding_patch='end', patch_len=16, patience=20, pct_start=0.2, pred_len=720, random_seed=2021, revin=1, root_path='./dataset/', seq_len=96, stride=8, subtract_last=0, target='OT', test_flop=False, traffic=0, train_epochs=300, use_amp=False, use_gpu=True, use_multi_gpu=False)
Use GPU: cuda:0
>>>>>>>start training : 96_720_SPM_TST_PEMS03_ftM_sl96_ll18_pl720_dm256_nh1_el1_dl1_df256_fc1_ebtimeF_dtTrue_Exp_0>>>>>>>>>>>>>>>>>>>>>>>>>>
model.revin_layer.affine_weight: 358
model.revin_layer.affine_bias: 358
model.DishTS.reduce_mlayer: 68736
model.DishTS.gamma: 358
model.DishTS.beta: 358
model.backbone.encoder.layers.0.self_attn.W_Q.weight: 65536
model.backbone.encoder.layers.0.self_attn.W_Q.bias: 256
model.backbone.encoder.layers.0.self_attn.W_K.weight: 65536
model.backbone.encoder.layers.0.self_attn.W_K.bias: 256
model.backbone.encoder.layers.0.self_attn.W_V.weight: 65536
model.backbone.encoder.layers.0.self_attn.W_V.bias: 256
model.backbone.encoder.layers.0.self_attn.to_out.0.weight: 65536
model.backbone.encoder.layers.0.self_attn.to_out.0.bias: 256
model.backbone.encoder.layers.0.norm_attn.1.weight: 256
model.backbone.encoder.layers.0.norm_attn.1.bias: 256
model.backbone.encoder.layers.0.ff.0.weight: 65536
model.backbone.encoder.layers.0.ff.0.bias: 256
model.backbone.encoder.layers.0.ff.3.weight: 65536
model.backbone.encoder.layers.0.ff.3.bias: 256
model.backbone.encoder.layers.0.norm_ffn.1.weight: 256
model.backbone.encoder.layers.0.norm_ffn.1.bias: 256
model.backbone.embeddings.weight: 12544
model.backbone.embeddings.bias: 256
model.predict.mlp.linear_0.weight: 1566720
model.predict.mlp.linear_0.bias: 3072
model.predict.mlp.linear_1.weight: 2359296
model.predict.mlp.linear_1.bias: 768
model.predict.mlp.linear_2.weight: 552960
model.predict.mlp.linear_2.bias: 720
Total trainable parameters: 4962280
train 14909
val 4427
test 4427
	iters: 100, epoch: 1 | loss: 1.6053259
	speed: 0.1787s/iter; left time: 12421.3503s
	iters: 200, epoch: 1 | loss: 1.4565268
	speed: 0.2038s/iter; left time: 14146.1793s
Epoch: 1 cost time: 44.627784967422485
Epoch: 1, Steps: 232 | Train Loss: 1.5401050 Vali Loss: 1.3330059 Test Loss: 1.3074387
Validation loss decreased (inf --> 1.333006).  Saving model ...
Updating learning rate to 4.065791782123518e-06
	iters: 100, epoch: 2 | loss: 1.0719008
	speed: 0.8227s/iter; left time: 56986.6529s
	iters: 200, epoch: 2 | loss: 0.9874773
	speed: 0.2304s/iter; left time: 15933.5579s
Epoch: 2 cost time: 50.43620276451111
Epoch: 2, Steps: 232 | Train Loss: 1.1043255 Vali Loss: 0.9355406 Test Loss: 0.9224772
Validation loss decreased (1.333006 --> 0.935541).  Saving model ...
Updating learning rate to 4.262986771885971e-06
	iters: 100, epoch: 3 | loss: 0.7961023
	speed: 0.8064s/iter; left time: 55668.6777s
	iters: 200, epoch: 3 | loss: 0.7207515
	speed: 0.2158s/iter; left time: 14876.1775s
Epoch: 3 cost time: 46.03741788864136
Epoch: 3, Steps: 232 | Train Loss: 0.8472111 Vali Loss: 0.7817336 Test Loss: 0.7770140
Validation loss decreased (0.935541 --> 0.781734).  Saving model ...
Updating learning rate to 4.591044393878924e-06
	iters: 100, epoch: 4 | loss: 0.7866398
	speed: 0.8453s/iter; left time: 58159.1970s
	iters: 200, epoch: 4 | loss: 0.5930840
	speed: 0.2324s/iter; left time: 15968.0352s
Epoch: 4 cost time: 52.64903974533081
Epoch: 4, Steps: 232 | Train Loss: 0.7357769 Vali Loss: 0.6859930 Test Loss: 0.6966637
Validation loss decreased (0.781734 --> 0.685993).  Saving model ...
Updating learning rate to 5.04906533578611e-06
	iters: 100, epoch: 5 | loss: 0.6617225
	speed: 0.8552s/iter; left time: 58641.2214s
	iters: 200, epoch: 5 | loss: 0.6278536
	speed: 0.2248s/iter; left time: 15393.2948s
Epoch: 5 cost time: 50.75663948059082
Epoch: 5, Steps: 232 | Train Loss: 0.6507300 Vali Loss: 0.5966933 Test Loss: 0.6237288
Validation loss decreased (0.685993 --> 0.596693).  Saving model ...
Updating learning rate to 5.635794013690134e-06
	iters: 100, epoch: 6 | loss: 0.5835139
	speed: 0.8740s/iter; left time: 59729.9519s
	iters: 200, epoch: 6 | loss: 0.5396648
	speed: 0.2340s/iter; left time: 15968.0755s
Epoch: 6 cost time: 54.699156761169434
Epoch: 6, Steps: 232 | Train Loss: 0.5806311 Vali Loss: 0.5317110 Test Loss: 0.5749666
Validation loss decreased (0.596693 --> 0.531711).  Saving model ...
Updating learning rate to 6.349622014035036e-06
	iters: 100, epoch: 7 | loss: 0.4760367
	speed: 0.8715s/iter; left time: 59359.2419s
	iters: 200, epoch: 7 | loss: 0.5037400
	speed: 0.2306s/iter; left time: 15684.5909s
Epoch: 7 cost time: 52.57244110107422
Epoch: 7, Steps: 232 | Train Loss: 0.5287386 Vali Loss: 0.4858720 Test Loss: 0.5399113
Validation loss decreased (0.531711 --> 0.485872).  Saving model ...
Updating learning rate to 7.188592502809497e-06
	iters: 100, epoch: 8 | loss: 0.5119652
	speed: 0.8682s/iter; left time: 58933.7047s
	iters: 200, epoch: 8 | loss: 0.5210365
	speed: 0.2322s/iter; left time: 15740.3401s
Epoch: 8 cost time: 54.37765908241272
Epoch: 8, Steps: 232 | Train Loss: 0.4942272 Vali Loss: 0.4626765 Test Loss: 0.5244158
Validation loss decreased (0.485872 --> 0.462676).  Saving model ...
Updating learning rate to 8.150405589863258e-06
	iters: 100, epoch: 9 | loss: 0.4576754
	speed: 0.9005s/iter; left time: 60915.5724s
	iters: 200, epoch: 9 | loss: 0.4437921
	speed: 0.2205s/iter; left time: 14891.1949s
Epoch: 9 cost time: 52.033384561538696
Epoch: 9, Steps: 232 | Train Loss: 0.4690861 Vali Loss: 0.4300276 Test Loss: 0.4929930
Validation loss decreased (0.462676 --> 0.430028).  Saving model ...
Updating learning rate to 9.232424633651913e-06
	iters: 100, epoch: 10 | loss: 0.4303861
	speed: 0.8517s/iter; left time: 57414.0517s
	iters: 200, epoch: 10 | loss: 0.4579054
	speed: 0.2039s/iter; left time: 13726.7550s
Epoch: 10 cost time: 50.62026357650757
Epoch: 10, Steps: 232 | Train Loss: 0.4484413 Vali Loss: 0.4146472 Test Loss: 0.4811564
Validation loss decreased (0.430028 --> 0.414647).  Saving model ...
Updating learning rate to 1.0431683469126139e-05
	iters: 100, epoch: 11 | loss: 0.4368388
	speed: 0.8337s/iter; left time: 56006.6713s
	iters: 200, epoch: 11 | loss: 0.4700490
	speed: 0.2179s/iter; left time: 14618.5823s
Epoch: 11 cost time: 49.52995777130127
Epoch: 11, Steps: 232 | Train Loss: 0.4304889 Vali Loss: 0.3964926 Test Loss: 0.4645999
Validation loss decreased (0.414647 --> 0.396493).  Saving model ...
Updating learning rate to 1.1744894538952082e-05
	iters: 100, epoch: 12 | loss: 0.3743034
	speed: 0.8253s/iter; left time: 55255.3326s
	iters: 200, epoch: 12 | loss: 0.3738963
	speed: 0.2309s/iter; left time: 15435.4269s
Epoch: 12 cost time: 50.745784759521484
Epoch: 12, Steps: 232 | Train Loss: 0.4156600 Vali Loss: 0.3840840 Test Loss: 0.4549887
Validation loss decreased (0.396493 --> 0.384084).  Saving model ...
Updating learning rate to 1.3168457905771873e-05
	iters: 100, epoch: 13 | loss: 0.3914437
	speed: 0.9074s/iter; left time: 60537.6297s
	iters: 200, epoch: 13 | loss: 0.3933617
	speed: 0.2322s/iter; left time: 15467.0500s
Epoch: 13 cost time: 54.55228400230408
Epoch: 13, Steps: 232 | Train Loss: 0.4011250 Vali Loss: 0.3655571 Test Loss: 0.4350877
Validation loss decreased (0.384084 --> 0.365557).  Saving model ...
Updating learning rate to 1.4698471120799342e-05
	iters: 100, epoch: 14 | loss: 0.3820340
	speed: 0.8715s/iter; left time: 57942.0084s
	iters: 200, epoch: 14 | loss: 0.3939054
	speed: 0.2254s/iter; left time: 14961.5728s
Epoch: 14 cost time: 52.94553089141846
Epoch: 14, Steps: 232 | Train Loss: 0.3888566 Vali Loss: 0.3542427 Test Loss: 0.4224581
Validation loss decreased (0.365557 --> 0.354243).  Saving model ...
Updating learning rate to 1.633073992169744e-05
	iters: 100, epoch: 15 | loss: 0.3734094
	speed: 0.8941s/iter; left time: 59236.1403s
	iters: 200, epoch: 15 | loss: 0.3549605
	speed: 0.2308s/iter; left time: 15268.1366s
Epoch: 15 cost time: 54.20077037811279
Epoch: 15, Steps: 232 | Train Loss: 0.3770075 Vali Loss: 0.3490161 Test Loss: 0.4201212
Validation loss decreased (0.354243 --> 0.349016).  Saving model ...
Updating learning rate to 1.8060789730411315e-05
	iters: 100, epoch: 16 | loss: 0.3512528
	speed: 0.8562s/iter; left time: 56528.5333s
	iters: 200, epoch: 16 | loss: 0.3618343
	speed: 0.2092s/iter; left time: 13788.6287s
Epoch: 16 cost time: 50.46776556968689
Epoch: 16, Steps: 232 | Train Loss: 0.3672312 Vali Loss: 0.3401020 Test Loss: 0.4104004
Validation loss decreased (0.349016 --> 0.340102).  Saving model ...
Updating learning rate to 1.9883877919437735e-05
	iters: 100, epoch: 17 | loss: 0.3796687
	speed: 0.8723s/iter; left time: 57390.6117s
	iters: 200, epoch: 17 | loss: 0.3623802
	speed: 0.2241s/iter; left time: 14723.6429s
Epoch: 17 cost time: 52.5679190158844
Epoch: 17, Steps: 232 | Train Loss: 0.3579089 Vali Loss: 0.3292280 Test Loss: 0.4007816
Validation loss decreased (0.340102 --> 0.329228).  Saving model ...
Updating learning rate to 2.179500681290486e-05
	iters: 100, epoch: 18 | loss: 0.3735662
	speed: 0.8542s/iter; left time: 55998.8640s
	iters: 200, epoch: 18 | loss: 0.3273019
	speed: 0.1793s/iter; left time: 11739.3385s
Epoch: 18 cost time: 45.49802112579346
Epoch: 18, Steps: 232 | Train Loss: 0.3488963 Vali Loss: 0.3245670 Test Loss: 0.3972702
Validation loss decreased (0.329228 --> 0.324567).  Saving model ...
Updating learning rate to 2.3788937386822322e-05
	iters: 100, epoch: 19 | loss: 0.3224512
	speed: 0.8641s/iter; left time: 56444.1580s
	iters: 200, epoch: 19 | loss: 0.3557887
	speed: 0.2020s/iter; left time: 13175.6951s
Epoch: 19 cost time: 50.28342890739441
Epoch: 19, Steps: 232 | Train Loss: 0.3413103 Vali Loss: 0.3214899 Test Loss: 0.3956453
Validation loss decreased (0.324567 --> 0.321490).  Saving model ...
Updating learning rate to 2.586020363094476e-05
	iters: 100, epoch: 20 | loss: 0.3559875
	speed: 0.8459s/iter; left time: 55062.1977s
	iters: 200, epoch: 20 | loss: 0.3058393
	speed: 0.1586s/iter; left time: 10307.0677s
Epoch: 20 cost time: 43.89890933036804
Epoch: 20, Steps: 232 | Train Loss: 0.3344418 Vali Loss: 0.3130914 Test Loss: 0.3885780
Validation loss decreased (0.321490 --> 0.313091).  Saving model ...
Updating learning rate to 2.8003127532878297e-05
	iters: 100, epoch: 21 | loss: 0.3374739
	speed: 0.8436s/iter; left time: 54715.8392s
	iters: 200, epoch: 21 | loss: 0.3025388
	speed: 0.1932s/iter; left time: 12511.1243s
Epoch: 21 cost time: 48.71551060676575
Epoch: 21, Steps: 232 | Train Loss: 0.3286997 Vali Loss: 0.3081568 Test Loss: 0.3859328
Validation loss decreased (0.313091 --> 0.308157).  Saving model ...
Updating learning rate to 3.0211834643353603e-05
	iters: 100, epoch: 22 | loss: 0.3000689
	speed: 0.8336s/iter; left time: 53876.1502s
	iters: 200, epoch: 22 | loss: 0.3231967
	speed: 0.1719s/iter; left time: 11091.0710s
Epoch: 22 cost time: 44.625874519348145
Epoch: 22, Steps: 232 | Train Loss: 0.3224192 Vali Loss: 0.2992632 Test Loss: 0.3737546
Validation loss decreased (0.308157 --> 0.299263).  Saving model ...
Updating learning rate to 3.248027017999623e-05
	iters: 100, epoch: 23 | loss: 0.3240533
	speed: 0.8309s/iter; left time: 53509.3104s
	iters: 200, epoch: 23 | loss: 0.3079081
	speed: 0.2299s/iter; left time: 14781.9096s
Epoch: 23 cost time: 50.45465803146362
Epoch: 23, Steps: 232 | Train Loss: 0.3160487 Vali Loss: 0.2972772 Test Loss: 0.3764095
Validation loss decreased (0.299263 --> 0.297277).  Saving model ...
Updating learning rate to 3.480221562544836e-05
	iters: 100, epoch: 24 | loss: 0.3074891
	speed: 0.8295s/iter; left time: 53222.4539s
	iters: 200, epoch: 24 | loss: 0.2854635
	speed: 0.2046s/iter; left time: 13109.0702s
Epoch: 24 cost time: 47.968268156051636
Epoch: 24, Steps: 232 | Train Loss: 0.3109754 Vali Loss: 0.2950823 Test Loss: 0.3765470
Validation loss decreased (0.297277 --> 0.295082).  Saving model ...
Updating learning rate to 3.717130577434123e-05
	iters: 100, epoch: 25 | loss: 0.3145463
	speed: 0.8751s/iter; left time: 55947.8247s
	iters: 200, epoch: 25 | loss: 0.3036162
	speed: 0.2304s/iter; left time: 14705.9274s
Epoch: 25 cost time: 54.20433163642883
Epoch: 25, Steps: 232 | Train Loss: 0.3056105 Vali Loss: 0.2864108 Test Loss: 0.3673617
Validation loss decreased (0.295082 --> 0.286411).  Saving model ...
Updating learning rate to 3.9581046182387056e-05
	iters: 100, epoch: 26 | loss: 0.2975904
	speed: 0.7786s/iter; left time: 49594.6090s
	iters: 200, epoch: 26 | loss: 0.3106285
	speed: 0.1445s/iter; left time: 9191.6386s
Epoch: 26 cost time: 34.00418305397034
Epoch: 26, Steps: 232 | Train Loss: 0.3011304 Vali Loss: 0.2806068 Test Loss: 0.3621536
Validation loss decreased (0.286411 --> 0.280607).  Saving model ...
Updating learning rate to 4.202483096975666e-05
	iters: 100, epoch: 27 | loss: 0.2841327
	speed: 0.7915s/iter; left time: 50234.6316s
	iters: 200, epoch: 27 | loss: 0.2884372
	speed: 0.2297s/iter; left time: 14558.2353s
Epoch: 27 cost time: 50.49264407157898
Epoch: 27, Steps: 232 | Train Loss: 0.2963817 Vali Loss: 0.2747557 Test Loss: 0.3559951
Validation loss decreased (0.280607 --> 0.274756).  Saving model ...
Updating learning rate to 4.449596092993805e-05
	iters: 100, epoch: 28 | loss: 0.3011782
	speed: 0.8406s/iter; left time: 53159.2867s
	iters: 200, epoch: 28 | loss: 0.2835284
	speed: 0.2244s/iter; left time: 14170.9840s
Epoch: 28 cost time: 49.22778868675232
Epoch: 28, Steps: 232 | Train Loss: 0.2916577 Vali Loss: 0.2710372 Test Loss: 0.3546743
Validation loss decreased (0.274756 --> 0.271037).  Saving model ...
Updating learning rate to 4.698766189443378e-05
	iters: 100, epoch: 29 | loss: 0.2727473
	speed: 0.8306s/iter; left time: 52330.2345s
	iters: 200, epoch: 29 | loss: 0.2893111
	speed: 0.1967s/iter; left time: 12376.0696s
Epoch: 29 cost time: 48.803816080093384
Epoch: 29, Steps: 232 | Train Loss: 0.2870280 Vali Loss: 0.2715367 Test Loss: 0.3569316
EarlyStopping counter: 1 out of 20
Updating learning rate to 4.9493103302953284e-05
	iters: 100, epoch: 30 | loss: 0.2991872
	speed: 0.8621s/iter; left time: 54118.7314s
	iters: 200, epoch: 30 | loss: 0.3099537
	speed: 0.2298s/iter; left time: 14402.8727s
Epoch: 30 cost time: 51.93930983543396
Epoch: 30, Steps: 232 | Train Loss: 0.2832296 Vali Loss: 0.2682498 Test Loss: 0.3571592
Validation loss decreased (0.271037 --> 0.268250).  Saving model ...
Updating learning rate to 5.2005416928193556e-05
	iters: 100, epoch: 31 | loss: 0.2736066
	speed: 0.8708s/iter; left time: 54458.7706s
	iters: 200, epoch: 31 | loss: 0.3102157
	speed: 0.2017s/iter; left time: 12594.5196s
Epoch: 31 cost time: 49.73062539100647
Epoch: 31, Steps: 232 | Train Loss: 0.2785760 Vali Loss: 0.2647382 Test Loss: 0.3545448
Validation loss decreased (0.268250 --> 0.264738).  Saving model ...
Updating learning rate to 5.451771570387719e-05
	iters: 100, epoch: 32 | loss: 0.2879872
	speed: 0.8495s/iter; left time: 52932.0174s
	iters: 200, epoch: 32 | loss: 0.2677001
	speed: 0.2283s/iter; left time: 14204.6633s
Epoch: 32 cost time: 51.62019991874695
Epoch: 32, Steps: 232 | Train Loss: 0.2746257 Vali Loss: 0.2559858 Test Loss: 0.3436386
Validation loss decreased (0.264738 --> 0.255986).  Saving model ...
Updating learning rate to 5.70231126044342e-05
	iters: 100, epoch: 33 | loss: 0.2573645
	speed: 0.8694s/iter; left time: 53971.6482s
	iters: 200, epoch: 33 | loss: 0.2605070
	speed: 0.2059s/iter; left time: 12762.7477s
Epoch: 33 cost time: 49.22106981277466
Epoch: 33, Steps: 232 | Train Loss: 0.2711396 Vali Loss: 0.2578312 Test Loss: 0.3487582
EarlyStopping counter: 1 out of 20
Updating learning rate to 5.951473952457235e-05
	iters: 100, epoch: 34 | loss: 0.2775412
	speed: 0.8275s/iter; left time: 51177.5395s
	iters: 200, epoch: 34 | loss: 0.2719090
	speed: 0.2104s/iter; left time: 12990.5216s
Epoch: 34 cost time: 48.93392467498779
Epoch: 34, Steps: 232 | Train Loss: 0.2677890 Vali Loss: 0.2577603 Test Loss: 0.3481755
EarlyStopping counter: 2 out of 20
Updating learning rate to 6.19857661069807e-05
	iters: 100, epoch: 35 | loss: 0.2702536
	speed: 0.8540s/iter; left time: 52616.4779s
	iters: 200, epoch: 35 | loss: 0.2581083
	speed: 0.1951s/iter; left time: 12001.7649s
Epoch: 35 cost time: 47.572792053222656
Epoch: 35, Steps: 232 | Train Loss: 0.2636551 Vali Loss: 0.2541971 Test Loss: 0.3481308
Validation loss decreased (0.255986 --> 0.254197).  Saving model ...
Updating learning rate to 6.442941846655374e-05
	iters: 100, epoch: 36 | loss: 0.2532670
	speed: 0.8600s/iter; left time: 52787.1542s
	iters: 200, epoch: 36 | loss: 0.2689957
	speed: 0.1920s/iter; left time: 11767.9394s
Epoch: 36 cost time: 48.31262278556824
Epoch: 36, Steps: 232 | Train Loss: 0.2610354 Vali Loss: 0.2483177 Test Loss: 0.3384295
Validation loss decreased (0.254197 --> 0.248318).  Saving model ...
Updating learning rate to 6.683899775980704e-05
	iters: 100, epoch: 37 | loss: 0.2393327
	speed: 0.7673s/iter; left time: 46920.6650s
	iters: 200, epoch: 37 | loss: 0.2580186
	speed: 0.1707s/iter; left time: 10419.8568s
Epoch: 37 cost time: 39.35191106796265
Epoch: 37, Steps: 232 | Train Loss: 0.2578114 Vali Loss: 0.2501905 Test Loss: 0.3393966
EarlyStopping counter: 1 out of 20
Updating learning rate to 6.920789854857932e-05
	iters: 100, epoch: 38 | loss: 0.2473712
	speed: 0.8588s/iter; left time: 52317.6086s
	iters: 200, epoch: 38 | loss: 0.2434741
	speed: 0.2248s/iter; left time: 13670.7538s
Epoch: 38 cost time: 52.77680277824402
Epoch: 38, Steps: 232 | Train Loss: 0.2538751 Vali Loss: 0.2559733 Test Loss: 0.3601319
EarlyStopping counter: 2 out of 20
Updating learning rate to 7.152962690768028e-05
	iters: 100, epoch: 39 | loss: 0.2622404
	speed: 0.8338s/iter; left time: 50598.5539s
	iters: 200, epoch: 39 | loss: 0.2531465
	speed: 0.1775s/iter; left time: 10752.2417s
Epoch: 39 cost time: 43.52086520195007
Epoch: 39, Steps: 232 | Train Loss: 0.2515869 Vali Loss: 0.2460740 Test Loss: 0.3448013
Validation loss decreased (0.248318 --> 0.246074).  Saving model ...
Updating learning rate to 7.379781822684524e-05
	iters: 100, epoch: 40 | loss: 0.2475597
	speed: 0.8021s/iter; left time: 48489.6102s
	iters: 200, epoch: 40 | loss: 0.2366220
	speed: 0.2264s/iter; left time: 13662.8893s
Epoch: 40 cost time: 49.93268370628357
Epoch: 40, Steps: 232 | Train Loss: 0.2494038 Vali Loss: 0.2456526 Test Loss: 0.3411948
Validation loss decreased (0.246074 --> 0.245653).  Saving model ...
Updating learning rate to 7.600625465819567e-05
	iters: 100, epoch: 41 | loss: 0.2557941
	speed: 0.8571s/iter; left time: 51613.5427s
	iters: 200, epoch: 41 | loss: 0.2441485
	speed: 0.2285s/iter; left time: 13737.9214s
Epoch: 41 cost time: 50.9516806602478
Epoch: 41, Steps: 232 | Train Loss: 0.2455150 Vali Loss: 0.2414280 Test Loss: 0.3361600
Validation loss decreased (0.245653 --> 0.241428).  Saving model ...
Updating learning rate to 7.814888216137635e-05
	iters: 100, epoch: 42 | loss: 0.2546232
	speed: 0.8388s/iter; left time: 50317.9553s
	iters: 200, epoch: 42 | loss: 0.2323331
	speed: 0.1877s/iter; left time: 11243.4380s
Epoch: 42 cost time: 48.332592487335205
Epoch: 42, Steps: 232 | Train Loss: 0.2428976 Vali Loss: 0.2400488 Test Loss: 0.3397134
Validation loss decreased (0.241428 --> 0.240049).  Saving model ...
Updating learning rate to 8.021982709964307e-05
	iters: 100, epoch: 43 | loss: 0.2383298
	speed: 0.8669s/iter; left time: 51802.8501s
	iters: 200, epoch: 43 | loss: 0.2468213
	speed: 0.2253s/iter; left time: 13438.0969s
Epoch: 43 cost time: 52.0433611869812
Epoch: 43, Steps: 232 | Train Loss: 0.2406058 Vali Loss: 0.2463462 Test Loss: 0.3402668
EarlyStopping counter: 1 out of 20
Updating learning rate to 8.22134123414055e-05
	iters: 100, epoch: 44 | loss: 0.2389103
	speed: 0.8558s/iter; left time: 50943.6506s
	iters: 200, epoch: 44 | loss: 0.2283779
	speed: 0.2120s/iter; left time: 12600.3425s
Epoch: 44 cost time: 50.033376932144165
Epoch: 44, Steps: 232 | Train Loss: 0.2378335 Vali Loss: 0.2370530 Test Loss: 0.3394439
Validation loss decreased (0.240049 --> 0.237053).  Saving model ...
Updating learning rate to 8.412417282308566e-05
	iters: 100, epoch: 45 | loss: 0.2327861
	speed: 0.8295s/iter; left time: 49182.2896s
	iters: 200, epoch: 45 | loss: 0.2312902
	speed: 0.2262s/iter; left time: 13392.0036s
Epoch: 45 cost time: 49.84197282791138
Epoch: 45, Steps: 232 | Train Loss: 0.2349464 Vali Loss: 0.2348049 Test Loss: 0.3366518
Validation loss decreased (0.237053 --> 0.234805).  Saving model ...
Updating learning rate to 8.594687053062937e-05
	iters: 100, epoch: 46 | loss: 0.2368544
	speed: 0.8539s/iter; left time: 50435.0832s
	iters: 200, epoch: 46 | loss: 0.2372902
	speed: 0.2111s/iter; left time: 12444.8975s
Epoch: 46 cost time: 50.25329542160034
Epoch: 46, Steps: 232 | Train Loss: 0.2321985 Vali Loss: 0.2350690 Test Loss: 0.3374167
EarlyStopping counter: 1 out of 20
Updating learning rate to 8.767650885860115e-05
	iters: 100, epoch: 47 | loss: 0.2189547
	speed: 0.8536s/iter; left time: 50216.2443s
	iters: 200, epoch: 47 | loss: 0.2354975
	speed: 0.1911s/iter; left time: 11225.0917s
Epoch: 47 cost time: 48.00897264480591
Epoch: 47, Steps: 232 | Train Loss: 0.2295437 Vali Loss: 0.2344030 Test Loss: 0.3402848
Validation loss decreased (0.234805 --> 0.234403).  Saving model ...
Updating learning rate to 8.930834630749988e-05
	iters: 100, epoch: 48 | loss: 0.2247418
	speed: 0.8221s/iter; left time: 48174.1792s
	iters: 200, epoch: 48 | loss: 0.2176749
	speed: 0.1964s/iter; left time: 11490.9992s
Epoch: 48 cost time: 46.711119651794434
Epoch: 48, Steps: 232 | Train Loss: 0.2272822 Vali Loss: 0.2306414 Test Loss: 0.3321525
Validation loss decreased (0.234403 --> 0.230641).  Saving model ...
Updating learning rate to 9.083790948174644e-05
	iters: 100, epoch: 49 | loss: 0.2147000
	speed: 0.8623s/iter; left time: 50331.0094s
	iters: 200, epoch: 49 | loss: 0.2121600
	speed: 0.2141s/iter; left time: 12472.0837s
Epoch: 49 cost time: 50.20491290092468
Epoch: 49, Steps: 232 | Train Loss: 0.2253990 Vali Loss: 0.2252896 Test Loss: 0.3288250
Validation loss decreased (0.230641 --> 0.225290).  Saving model ...
Updating learning rate to 9.226100535271147e-05
	iters: 100, epoch: 50 | loss: 0.2276991
	speed: 0.7927s/iter; left time: 46082.3021s
	iters: 200, epoch: 50 | loss: 0.2205543
	speed: 0.1545s/iter; left time: 8966.5759s
Epoch: 50 cost time: 39.19275403022766
Epoch: 50, Steps: 232 | Train Loss: 0.2228160 Vali Loss: 0.2275188 Test Loss: 0.3312117
EarlyStopping counter: 1 out of 20
Updating learning rate to 9.357373275316654e-05
	iters: 100, epoch: 51 | loss: 0.2315826
	speed: 0.8457s/iter; left time: 48967.1749s
	iters: 200, epoch: 51 | loss: 0.2241353
	speed: 0.2257s/iter; left time: 13045.3874s
Epoch: 51 cost time: 51.906044483184814
Epoch: 51, Steps: 232 | Train Loss: 0.2208905 Vali Loss: 0.2268142 Test Loss: 0.3292389
EarlyStopping counter: 2 out of 20
Updating learning rate to 9.477249307164836e-05
	iters: 100, epoch: 52 | loss: 0.2342580
	speed: 0.8333s/iter; left time: 48054.5458s
	iters: 200, epoch: 52 | loss: 0.2222985
	speed: 0.1766s/iter; left time: 10164.6320s
Epoch: 52 cost time: 43.88461685180664
Epoch: 52, Steps: 232 | Train Loss: 0.2187984 Vali Loss: 0.2228596 Test Loss: 0.3230845
Validation loss decreased (0.225290 --> 0.222860).  Saving model ...
Updating learning rate to 9.585400011741975e-05
	iters: 100, epoch: 53 | loss: 0.2078577
	speed: 0.8028s/iter; left time: 46109.0668s
	iters: 200, epoch: 53 | loss: 0.2100155
	speed: 0.2137s/iter; left time: 12250.2002s
Epoch: 53 cost time: 48.04842758178711
Epoch: 53, Steps: 232 | Train Loss: 0.2160222 Vali Loss: 0.2265898 Test Loss: 0.3318742
EarlyStopping counter: 1 out of 20
Updating learning rate to 9.681528912898406e-05
	iters: 100, epoch: 54 | loss: 0.2239236
	speed: 0.8395s/iter; left time: 48024.4358s
	iters: 200, epoch: 54 | loss: 0.2089495
	speed: 0.2210s/iter; left time: 12622.6746s
Epoch: 54 cost time: 50.04943919181824
Epoch: 54, Steps: 232 | Train Loss: 0.2138526 Vali Loss: 0.2239746 Test Loss: 0.3327201
EarlyStopping counter: 2 out of 20
Updating learning rate to 9.765372490145766e-05
	iters: 100, epoch: 55 | loss: 0.2093585
	speed: 0.8554s/iter; left time: 48737.3892s
	iters: 200, epoch: 55 | loss: 0.2233966
	speed: 0.1888s/iter; left time: 10736.2158s
Epoch: 55 cost time: 48.177388429641724
Epoch: 55, Steps: 232 | Train Loss: 0.2132098 Vali Loss: 0.2216840 Test Loss: 0.3297692
Validation loss decreased (0.222860 --> 0.221684).  Saving model ...
Updating learning rate to 9.836700901052109e-05
	iters: 100, epoch: 56 | loss: 0.1935033
	speed: 0.8090s/iter; left time: 45901.8395s
	iters: 200, epoch: 56 | loss: 0.2257795
	speed: 0.2256s/iter; left time: 12779.2973s
Epoch: 56 cost time: 48.05498671531677
Epoch: 56, Steps: 232 | Train Loss: 0.2103648 Vali Loss: 0.2297776 Test Loss: 0.3376089
EarlyStopping counter: 1 out of 20
Updating learning rate to 9.895318611314538e-05
	iters: 100, epoch: 57 | loss: 0.2160141
	speed: 0.8550s/iter; left time: 48315.0473s
	iters: 200, epoch: 57 | loss: 0.2208034
	speed: 0.2252s/iter; left time: 12700.6430s
Epoch: 57 cost time: 51.77435755729675
Epoch: 57, Steps: 232 | Train Loss: 0.2085324 Vali Loss: 0.2200107 Test Loss: 0.3288205
Validation loss decreased (0.221684 --> 0.220011).  Saving model ...
Updating learning rate to 9.941064930782125e-05
	iters: 100, epoch: 58 | loss: 0.2039960
	speed: 0.8275s/iter; left time: 46566.4450s
	iters: 200, epoch: 58 | loss: 0.2081336
	speed: 0.2235s/iter; left time: 12556.7894s
Epoch: 58 cost time: 49.145530223846436
Epoch: 58, Steps: 232 | Train Loss: 0.2068768 Vali Loss: 0.2184542 Test Loss: 0.3222100
Validation loss decreased (0.220011 --> 0.218454).  Saving model ...
Updating learning rate to 9.973814453959735e-05
	iters: 100, epoch: 59 | loss: 0.2101629
	speed: 0.8657s/iter; left time: 48518.1999s
	iters: 200, epoch: 59 | loss: 0.2083681
	speed: 0.2234s/iter; left time: 12495.4046s
Epoch: 59 cost time: 53.00969839096069
Epoch: 59, Steps: 232 | Train Loss: 0.2042533 Vali Loss: 0.2181974 Test Loss: 0.3305794
Validation loss decreased (0.218454 --> 0.218197).  Saving model ...
Updating learning rate to 9.993477403785133e-05
	iters: 100, epoch: 60 | loss: 0.2115226
	speed: 0.8573s/iter; left time: 47846.6876s
	iters: 200, epoch: 60 | loss: 0.1953586
	speed: 0.1880s/iter; left time: 10475.1718s
Epoch: 60 cost time: 47.83228659629822
Epoch: 60, Steps: 232 | Train Loss: 0.2033632 Vali Loss: 0.2190996 Test Loss: 0.3272490
EarlyStopping counter: 1 out of 20
Updating learning rate to 9.999999992041348e-05
	iters: 100, epoch: 61 | loss: 0.2031323
	speed: 0.8310s/iter; left time: 46190.3714s
	iters: 200, epoch: 61 | loss: 0.1998760
	speed: 0.2217s/iter; left time: 12299.0802s
Epoch: 61 cost time: 49.48685383796692
Epoch: 61, Steps: 232 | Train Loss: 0.2012771 Vali Loss: 0.2149413 Test Loss: 0.3210376
Validation loss decreased (0.218197 --> 0.214941).  Saving model ...
Updating learning rate to 9.999567938916033e-05
	iters: 100, epoch: 62 | loss: 0.1985734
	speed: 0.8669s/iter; left time: 47981.7224s
	iters: 200, epoch: 62 | loss: 0.1869407
	speed: 0.2120s/iter; left time: 11715.4407s
Epoch: 62 cost time: 50.28423285484314
Epoch: 62, Steps: 232 | Train Loss: 0.1994267 Vali Loss: 0.2140748 Test Loss: 0.3218040
Validation loss decreased (0.214941 --> 0.214075).  Saving model ...
Updating learning rate to 9.998279238989127e-05
	iters: 100, epoch: 63 | loss: 0.1923473
	speed: 0.8094s/iter; left time: 44609.7350s
	iters: 200, epoch: 63 | loss: 0.1960732
	speed: 0.1790s/iter; left time: 9848.4210s
Epoch: 63 cost time: 44.16401982307434
Epoch: 63, Steps: 232 | Train Loss: 0.1975868 Vali Loss: 0.2156726 Test Loss: 0.3228869
EarlyStopping counter: 1 out of 20
Updating learning rate to 9.996134113072729e-05
	iters: 100, epoch: 64 | loss: 0.1913449
	speed: 0.8638s/iter; left time: 47409.3286s
	iters: 200, epoch: 64 | loss: 0.2000745
	speed: 0.2273s/iter; left time: 12452.2101s
Epoch: 64 cost time: 53.27678036689758
Epoch: 64, Steps: 232 | Train Loss: 0.1961095 Vali Loss: 0.2136561 Test Loss: 0.3186188
Validation loss decreased (0.214075 --> 0.213656).  Saving model ...
Updating learning rate to 9.993132928723125e-05
	iters: 100, epoch: 65 | loss: 0.1761630
	speed: 0.8171s/iter; left time: 44656.0452s
	iters: 200, epoch: 65 | loss: 0.1915330
	speed: 0.1497s/iter; left time: 8165.9525s
Epoch: 65 cost time: 38.79983186721802
Epoch: 65, Steps: 232 | Train Loss: 0.1943617 Vali Loss: 0.2129179 Test Loss: 0.3179561
Validation loss decreased (0.213656 --> 0.212918).  Saving model ...
Updating learning rate to 9.989276200177796e-05
	iters: 100, epoch: 66 | loss: 0.1865381
	speed: 0.8059s/iter; left time: 43855.9820s
	iters: 200, epoch: 66 | loss: 0.1832688
	speed: 0.2282s/iter; left time: 12397.5532s
Epoch: 66 cost time: 49.97891664505005
Epoch: 66, Steps: 232 | Train Loss: 0.1924220 Vali Loss: 0.2073876 Test Loss: 0.3137830
Validation loss decreased (0.212918 --> 0.207388).  Saving model ...
Updating learning rate to 9.984564588267329e-05
	iters: 100, epoch: 67 | loss: 0.1738924
	speed: 0.8264s/iter; left time: 44781.2193s
	iters: 200, epoch: 67 | loss: 0.2055229
	speed: 0.2059s/iter; left time: 11138.6994s
Epoch: 67 cost time: 46.972882986068726
Epoch: 67, Steps: 232 | Train Loss: 0.1908412 Vali Loss: 0.2114123 Test Loss: 0.3219322
EarlyStopping counter: 1 out of 20
Updating learning rate to 9.978998900302168e-05
	iters: 100, epoch: 68 | loss: 0.2014321
	speed: 0.8248s/iter; left time: 44504.8285s
	iters: 200, epoch: 68 | loss: 0.1906125
	speed: 0.1974s/iter; left time: 10629.7587s
Epoch: 68 cost time: 48.295769691467285
Epoch: 68, Steps: 232 | Train Loss: 0.1895228 Vali Loss: 0.2098857 Test Loss: 0.3235689
EarlyStopping counter: 2 out of 20
Updating learning rate to 9.972580089934294e-05
	iters: 100, epoch: 69 | loss: 0.1880759
	speed: 0.8148s/iter; left time: 43775.6794s
	iters: 200, epoch: 69 | loss: 0.1752053
	speed: 0.2154s/iter; left time: 11551.2689s
Epoch: 69 cost time: 47.50537633895874
Epoch: 69, Steps: 232 | Train Loss: 0.1884442 Vali Loss: 0.2097926 Test Loss: 0.3206533
EarlyStopping counter: 3 out of 20
Updating learning rate to 9.96530925699382e-05
	iters: 100, epoch: 70 | loss: 0.1795282
	speed: 0.8686s/iter; left time: 46465.4221s
	iters: 200, epoch: 70 | loss: 0.1910658
	speed: 0.2125s/iter; left time: 11346.2250s
Epoch: 70 cost time: 50.443376302719116
Epoch: 70, Steps: 232 | Train Loss: 0.1869558 Vali Loss: 0.2065937 Test Loss: 0.3161774
Validation loss decreased (0.207388 --> 0.206594).  Saving model ...
Updating learning rate to 9.957187647300538e-05
	iters: 100, epoch: 71 | loss: 0.1842935
	speed: 0.8134s/iter; left time: 43323.1833s
	iters: 200, epoch: 71 | loss: 0.1897641
	speed: 0.2280s/iter; left time: 12121.3020s
Epoch: 71 cost time: 47.94201350212097
Epoch: 71, Steps: 232 | Train Loss: 0.1854422 Vali Loss: 0.2091857 Test Loss: 0.3183746
EarlyStopping counter: 1 out of 20
Updating learning rate to 9.94821665245046e-05
	iters: 100, epoch: 72 | loss: 0.1833665
	speed: 0.8570s/iter; left time: 45444.6389s
	iters: 200, epoch: 72 | loss: 0.1770224
	speed: 0.2284s/iter; left time: 12087.4273s
Epoch: 72 cost time: 53.49145293235779
Epoch: 72, Steps: 232 | Train Loss: 0.1838970 Vali Loss: 0.2069293 Test Loss: 0.3135512
EarlyStopping counter: 2 out of 20
Updating learning rate to 9.938397809577369e-05
	iters: 100, epoch: 73 | loss: 0.1827696
	speed: 0.8476s/iter; left time: 44749.0754s
	iters: 200, epoch: 73 | loss: 0.1778291
	speed: 0.1976s/iter; left time: 10412.3050s
Epoch: 73 cost time: 47.85874009132385
Epoch: 73, Steps: 232 | Train Loss: 0.1829414 Vali Loss: 0.2060835 Test Loss: 0.3154092
Validation loss decreased (0.206594 --> 0.206084).  Saving model ...
Updating learning rate to 9.927732801089447e-05
	iters: 100, epoch: 74 | loss: 0.1918896
	speed: 0.8472s/iter; left time: 44535.0112s
	iters: 200, epoch: 74 | loss: 0.1746444
	speed: 0.2254s/iter; left time: 11825.4931s
Epoch: 74 cost time: 51.9610276222229
Epoch: 74, Steps: 232 | Train Loss: 0.1816512 Vali Loss: 0.2027150 Test Loss: 0.3145991
Validation loss decreased (0.206084 --> 0.202715).  Saving model ...
Updating learning rate to 9.916223454380993e-05
	iters: 100, epoch: 75 | loss: 0.1741084
	speed: 0.8823s/iter; left time: 46172.0575s
	iters: 200, epoch: 75 | loss: 0.1755983
	speed: 0.1954s/iter; left time: 10203.7574s
Epoch: 75 cost time: 48.87807321548462
Epoch: 75, Steps: 232 | Train Loss: 0.1800133 Vali Loss: 0.2046070 Test Loss: 0.3161787
EarlyStopping counter: 1 out of 20
Updating learning rate to 9.903871741519315e-05
	iters: 100, epoch: 76 | loss: 0.1781093
	speed: 0.8025s/iter; left time: 41812.0097s
	iters: 200, epoch: 76 | loss: 0.1818728
	speed: 0.2182s/iter; left time: 11346.9995s
Epoch: 76 cost time: 47.97526025772095
Epoch: 76, Steps: 232 | Train Loss: 0.1785604 Vali Loss: 0.2061752 Test Loss: 0.3197088
EarlyStopping counter: 2 out of 20
Updating learning rate to 9.890679778906825e-05
	iters: 100, epoch: 77 | loss: 0.1780540
	speed: 0.8689s/iter; left time: 45071.2994s
	iters: 200, epoch: 77 | loss: 0.1731093
	speed: 0.2252s/iter; left time: 11657.0184s
Epoch: 77 cost time: 51.768861532211304
Epoch: 77, Steps: 232 | Train Loss: 0.1781802 Vali Loss: 0.2042260 Test Loss: 0.3176140
EarlyStopping counter: 3 out of 20
Updating learning rate to 9.876649826918406e-05
	iters: 100, epoch: 78 | loss: 0.1730534
	speed: 0.8269s/iter; left time: 42696.4752s
	iters: 200, epoch: 78 | loss: 0.1770308
	speed: 0.1623s/iter; left time: 8365.1020s
Epoch: 78 cost time: 43.30391502380371
Epoch: 78, Steps: 232 | Train Loss: 0.1763913 Vali Loss: 0.2014627 Test Loss: 0.3096305
Validation loss decreased (0.202715 --> 0.201463).  Saving model ...
Updating learning rate to 9.861784289514102e-05
	iters: 100, epoch: 79 | loss: 0.1652509
	speed: 0.8616s/iter; left time: 44289.1471s
	iters: 200, epoch: 79 | loss: 0.1767244
	speed: 0.2248s/iter; left time: 11532.1382s
Epoch: 79 cost time: 52.96436595916748
Epoch: 79, Steps: 232 | Train Loss: 0.1751080 Vali Loss: 0.2022496 Test Loss: 0.3105363
EarlyStopping counter: 1 out of 20
Updating learning rate to 9.846085713827221e-05
	iters: 100, epoch: 80 | loss: 0.1655191
	speed: 0.8219s/iter; left time: 42057.7201s
	iters: 200, epoch: 80 | loss: 0.1624381
	speed: 0.1672s/iter; left time: 8539.2062s
Epoch: 80 cost time: 41.73400807380676
Epoch: 80, Steps: 232 | Train Loss: 0.1736665 Vali Loss: 0.1988965 Test Loss: 0.3117065
Validation loss decreased (0.201463 --> 0.198896).  Saving model ...
Updating learning rate to 9.82955678972789e-05
	iters: 100, epoch: 81 | loss: 0.1728012
	speed: 0.7995s/iter; left time: 40727.8903s
	iters: 200, epoch: 81 | loss: 0.1727492
	speed: 0.2111s/iter; left time: 10734.7587s
Epoch: 81 cost time: 48.50296235084534
Epoch: 81, Steps: 232 | Train Loss: 0.1726327 Vali Loss: 0.1989403 Test Loss: 0.3096896
EarlyStopping counter: 1 out of 20
Updating learning rate to 9.812200349362163e-05
	iters: 100, epoch: 82 | loss: 0.1756597
	speed: 0.8234s/iter; left time: 41755.2640s
	iters: 200, epoch: 82 | loss: 0.1733377
	speed: 0.2007s/iter; left time: 10155.7505s
Epoch: 82 cost time: 47.121981620788574
Epoch: 82, Steps: 232 | Train Loss: 0.1721084 Vali Loss: 0.2021907 Test Loss: 0.3179494
EarlyStopping counter: 2 out of 20
Updating learning rate to 9.794019366666746e-05
	iters: 100, epoch: 83 | loss: 0.1685837
	speed: 0.8422s/iter; left time: 42512.6243s
	iters: 200, epoch: 83 | loss: 0.1681469
	speed: 0.1999s/iter; left time: 10072.1423s
Epoch: 83 cost time: 49.30662131309509
Epoch: 83, Steps: 232 | Train Loss: 0.1706156 Vali Loss: 0.2001747 Test Loss: 0.3102722
EarlyStopping counter: 3 out of 20
Updating learning rate to 9.775016956859425e-05
	iters: 100, epoch: 84 | loss: 0.1646392
	speed: 0.7768s/iter; left time: 39031.7560s
	iters: 200, epoch: 84 | loss: 0.1664703
	speed: 0.2106s/iter; left time: 10559.6683s
Epoch: 84 cost time: 44.88266563415527
Epoch: 84, Steps: 232 | Train Loss: 0.1698785 Vali Loss: 0.2014281 Test Loss: 0.3164041
EarlyStopping counter: 4 out of 20
Updating learning rate to 9.755196375905298e-05
	iters: 100, epoch: 85 | loss: 0.1765857
	speed: 0.8584s/iter; left time: 42929.4062s
	iters: 200, epoch: 85 | loss: 0.1702764
	speed: 0.2255s/iter; left time: 11257.7873s
Epoch: 85 cost time: 52.83206653594971
Epoch: 85, Steps: 232 | Train Loss: 0.1691656 Vali Loss: 0.1981232 Test Loss: 0.3118376
Validation loss decreased (0.198896 --> 0.198123).  Saving model ...
Updating learning rate to 9.734561019958876e-05
	iters: 100, epoch: 86 | loss: 0.1513107
	speed: 0.8385s/iter; left time: 41739.6398s
	iters: 200, epoch: 86 | loss: 0.1651574
	speed: 0.2039s/iter; left time: 10130.1671s
Epoch: 86 cost time: 47.13338851928711
Epoch: 86, Steps: 232 | Train Loss: 0.1677720 Vali Loss: 0.2015627 Test Loss: 0.3148270
EarlyStopping counter: 1 out of 20
Updating learning rate to 9.713114424782166e-05
	iters: 100, epoch: 87 | loss: 0.1561764
	speed: 0.8553s/iter; left time: 42378.5973s
	iters: 200, epoch: 87 | loss: 0.1634820
	speed: 0.2255s/iter; left time: 11152.8905s
Epoch: 87 cost time: 52.20555639266968
Epoch: 87, Steps: 232 | Train Loss: 0.1667661 Vali Loss: 0.1996686 Test Loss: 0.3120385
EarlyStopping counter: 2 out of 20
Updating learning rate to 9.690860265138847e-05
	iters: 100, epoch: 88 | loss: 0.1661457
	speed: 0.8804s/iter; left time: 43420.0392s
	iters: 200, epoch: 88 | loss: 0.1599628
	speed: 0.1955s/iter; left time: 9621.7586s
Epoch: 88 cost time: 48.877803802490234
Epoch: 88, Steps: 232 | Train Loss: 0.1659529 Vali Loss: 0.1979260 Test Loss: 0.3159318
Validation loss decreased (0.198123 --> 0.197926).  Saving model ...
Updating learning rate to 9.667802354164606e-05
	iters: 100, epoch: 89 | loss: 0.1756042
	speed: 0.8067s/iter; left time: 39594.7859s
	iters: 200, epoch: 89 | loss: 0.1704412
	speed: 0.2189s/iter; left time: 10722.3960s
Epoch: 89 cost time: 49.12482762336731
Epoch: 89, Steps: 232 | Train Loss: 0.1645976 Vali Loss: 0.1985009 Test Loss: 0.3122778
EarlyStopping counter: 1 out of 20
Updating learning rate to 9.64394464271379e-05
	iters: 100, epoch: 90 | loss: 0.1678871
	speed: 0.8854s/iter; left time: 43253.4779s
	iters: 200, epoch: 90 | loss: 0.1588530
	speed: 0.2247s/iter; left time: 10953.5435s
Epoch: 90 cost time: 51.57025933265686
Epoch: 90, Steps: 232 | Train Loss: 0.1637960 Vali Loss: 0.1981018 Test Loss: 0.3086013
EarlyStopping counter: 2 out of 20
Updating learning rate to 9.619291218682434e-05
	iters: 100, epoch: 91 | loss: 0.1709184
	speed: 0.8287s/iter; left time: 40291.3736s
	iters: 200, epoch: 91 | loss: 0.1655671
	speed: 0.1906s/iter; left time: 9250.2845s
Epoch: 91 cost time: 46.70331048965454
Epoch: 91, Steps: 232 | Train Loss: 0.1631300 Vali Loss: 0.1961366 Test Loss: 0.3079076
Validation loss decreased (0.197926 --> 0.196137).  Saving model ...
Updating learning rate to 9.593846306307831e-05
	iters: 100, epoch: 92 | loss: 0.1645177
	speed: 0.8666s/iter; left time: 41932.2116s
	iters: 200, epoch: 92 | loss: 0.1525792
	speed: 0.2261s/iter; left time: 10916.3859s
Epoch: 92 cost time: 53.0450496673584
Epoch: 92, Steps: 232 | Train Loss: 0.1616731 Vali Loss: 0.1950141 Test Loss: 0.3097203
Validation loss decreased (0.196137 --> 0.195014).  Saving model ...
Updating learning rate to 9.567614265444724e-05
	iters: 100, epoch: 93 | loss: 0.1757960
	speed: 0.8540s/iter; left time: 41126.8785s
	iters: 200, epoch: 93 | loss: 0.1587691
	speed: 0.1535s/iter; left time: 7376.5729s
Epoch: 93 cost time: 43.20255184173584
Epoch: 93, Steps: 232 | Train Loss: 0.1609886 Vali Loss: 0.1967589 Test Loss: 0.3121944
EarlyStopping counter: 1 out of 20
Updating learning rate to 9.540599590818272e-05
	iters: 100, epoch: 94 | loss: 0.1675833
	speed: 0.7357s/iter; left time: 35257.8272s
	iters: 200, epoch: 94 | loss: 0.1747614
	speed: 0.1934s/iter; left time: 9251.4945s
Epoch: 94 cost time: 41.34449529647827
Epoch: 94, Steps: 232 | Train Loss: 0.1600693 Vali Loss: 0.1953840 Test Loss: 0.3133599
EarlyStopping counter: 2 out of 20
Updating learning rate to 9.512806911253902e-05
	iters: 100, epoch: 95 | loss: 0.1618910
	speed: 0.8594s/iter; left time: 40987.1339s
	iters: 200, epoch: 95 | loss: 0.1604760
	speed: 0.2147s/iter; left time: 10216.8942s
Epoch: 95 cost time: 50.475167989730835
Epoch: 95, Steps: 232 | Train Loss: 0.1594571 Vali Loss: 0.1994455 Test Loss: 0.3153133
EarlyStopping counter: 3 out of 20
Updating learning rate to 9.484240988884178e-05
	iters: 100, epoch: 96 | loss: 0.1652661
	speed: 0.7670s/iter; left time: 36401.1908s
	iters: 200, epoch: 96 | loss: 0.1575382
	speed: 0.1748s/iter; left time: 8280.6953s
Epoch: 96 cost time: 40.742005348205566
Epoch: 96, Steps: 232 | Train Loss: 0.1584035 Vali Loss: 0.1951884 Test Loss: 0.3119672
EarlyStopping counter: 4 out of 20
Updating learning rate to 9.45490671833284e-05
	iters: 100, epoch: 97 | loss: 0.1637550
	speed: 0.8531s/iter; left time: 40292.0905s
	iters: 200, epoch: 97 | loss: 0.1480354
	speed: 0.2250s/iter; left time: 10605.1268s
Epoch: 97 cost time: 52.02929639816284
Epoch: 97, Steps: 232 | Train Loss: 0.1580867 Vali Loss: 0.1946547 Test Loss: 0.3143049
Validation loss decreased (0.195014 --> 0.194655).  Saving model ...
Updating learning rate to 9.424809125876138e-05
	iters: 100, epoch: 98 | loss: 0.1495894
	speed: 0.8333s/iter; left time: 39162.0870s
	iters: 200, epoch: 98 | loss: 0.1520618
	speed: 0.1594s/iter; left time: 7476.1506s
Epoch: 98 cost time: 42.55942749977112
Epoch: 98, Steps: 232 | Train Loss: 0.1570663 Vali Loss: 0.1955375 Test Loss: 0.3094882
EarlyStopping counter: 1 out of 20
Updating learning rate to 9.393953368581593e-05
	iters: 100, epoch: 99 | loss: 0.1630537
	speed: 0.8101s/iter; left time: 37882.9401s
	iters: 200, epoch: 99 | loss: 0.1637918
	speed: 0.2220s/iter; left time: 10361.3066s
Epoch: 99 cost time: 49.02106022834778
Epoch: 99, Steps: 232 | Train Loss: 0.1564763 Vali Loss: 0.1941051 Test Loss: 0.3098686
Validation loss decreased (0.194655 --> 0.194105).  Saving model ...
Updating learning rate to 9.362344733424371e-05
	iters: 100, epoch: 100 | loss: 0.1540315
	speed: 0.8356s/iter; left time: 38882.2173s
	iters: 200, epoch: 100 | loss: 0.1604248
	speed: 0.2026s/iter; left time: 9405.1318s
Epoch: 100 cost time: 47.13324594497681
Epoch: 100, Steps: 232 | Train Loss: 0.1556336 Vali Loss: 0.1944474 Test Loss: 0.3103292
EarlyStopping counter: 1 out of 20
Updating learning rate to 9.329988636381386e-05
	iters: 100, epoch: 101 | loss: 0.1592297
	speed: 0.8415s/iter; left time: 38960.5252s
	iters: 200, epoch: 101 | loss: 0.1625069
	speed: 0.1928s/iter; left time: 8908.4245s
Epoch: 101 cost time: 48.45822811126709
Epoch: 101, Steps: 232 | Train Loss: 0.1545315 Vali Loss: 0.1949172 Test Loss: 0.3147224
EarlyStopping counter: 2 out of 20
Updating learning rate to 9.2968906215033e-05
	iters: 100, epoch: 102 | loss: 0.1509363
	speed: 0.8400s/iter; left time: 38696.2128s
	iters: 200, epoch: 102 | loss: 0.1608601
	speed: 0.2025s/iter; left time: 9309.7560s
Epoch: 102 cost time: 46.78130316734314
Epoch: 102, Steps: 232 | Train Loss: 0.1539966 Vali Loss: 0.1951076 Test Loss: 0.3126647
EarlyStopping counter: 3 out of 20
Updating learning rate to 9.263056359964564e-05
	iters: 100, epoch: 103 | loss: 0.1507763
	speed: 0.8710s/iter; left time: 39922.1532s
	iters: 200, epoch: 103 | loss: 0.1554157
	speed: 0.2003s/iter; left time: 9160.4243s
Epoch: 103 cost time: 49.732465982437134
Epoch: 103, Steps: 232 | Train Loss: 0.1531123 Vali Loss: 0.1932243 Test Loss: 0.3072586
Validation loss decreased (0.194105 --> 0.193224).  Saving model ...
Updating learning rate to 9.228491649091724e-05
	iters: 100, epoch: 104 | loss: 0.1562116
	speed: 0.7879s/iter; left time: 35932.9650s
	iters: 200, epoch: 104 | loss: 0.1531342
	speed: 0.1826s/iter; left time: 8310.8708s
Epoch: 104 cost time: 41.76650953292847
Epoch: 104, Steps: 232 | Train Loss: 0.1522088 Vali Loss: 0.1927762 Test Loss: 0.3100424
Validation loss decreased (0.193224 --> 0.192776).  Saving model ...
Updating learning rate to 9.193202411370042e-05
	iters: 100, epoch: 105 | loss: 0.1481915
	speed: 0.8670s/iter; left time: 39340.3643s
	iters: 200, epoch: 105 | loss: 0.1641092
	speed: 0.2334s/iter; left time: 10567.9972s
Epoch: 105 cost time: 54.720078229904175
Epoch: 105, Steps: 232 | Train Loss: 0.1515365 Vali Loss: 0.1911725 Test Loss: 0.3114238
Validation loss decreased (0.192776 --> 0.191172).  Saving model ...
Updating learning rate to 9.157194693428732e-05
	iters: 100, epoch: 106 | loss: 0.1575516
	speed: 0.8324s/iter; left time: 37574.4856s
	iters: 200, epoch: 106 | loss: 0.1538729
	speed: 0.1640s/iter; left time: 7384.7171s
Epoch: 106 cost time: 42.518792152404785
Epoch: 106, Steps: 232 | Train Loss: 0.1509915 Vali Loss: 0.1915150 Test Loss: 0.3117248
EarlyStopping counter: 1 out of 20
Updating learning rate to 9.120474665004899e-05
	iters: 100, epoch: 107 | loss: 0.1491908
	speed: 0.8476s/iter; left time: 38065.1217s
	iters: 200, epoch: 107 | loss: 0.1525349
	speed: 0.2293s/iter; left time: 10274.5193s
Epoch: 107 cost time: 52.45105481147766
Epoch: 107, Steps: 232 | Train Loss: 0.1502908 Vali Loss: 0.1911555 Test Loss: 0.3096666
Validation loss decreased (0.191172 --> 0.191156).  Saving model ...
Updating learning rate to 9.083048617886375e-05
	iters: 100, epoch: 108 | loss: 0.1467077
	speed: 0.8397s/iter; left time: 37514.3418s
	iters: 200, epoch: 108 | loss: 0.1552496
	speed: 0.1781s/iter; left time: 7940.1614s
Epoch: 108 cost time: 44.75342535972595
Epoch: 108, Steps: 232 | Train Loss: 0.1496361 Vali Loss: 0.1943764 Test Loss: 0.3111296
EarlyStopping counter: 1 out of 20
Updating learning rate to 9.044922964833666e-05
	iters: 100, epoch: 109 | loss: 0.1389397
	speed: 0.8129s/iter; left time: 36130.4083s
	iters: 200, epoch: 109 | loss: 0.1490269
	speed: 0.2283s/iter; left time: 10125.0475s
Epoch: 109 cost time: 49.70872354507446
Epoch: 109, Steps: 232 | Train Loss: 0.1485036 Vali Loss: 0.1901711 Test Loss: 0.3129570
Validation loss decreased (0.191156 --> 0.190171).  Saving model ...
Updating learning rate to 9.00610423848115e-05
	iters: 100, epoch: 110 | loss: 0.1411769
	speed: 0.8602s/iter; left time: 38032.3878s
	iters: 200, epoch: 110 | loss: 0.1413721
	speed: 0.2099s/iter; left time: 9259.5143s
Epoch: 110 cost time: 47.99097299575806
Epoch: 110, Steps: 232 | Train Loss: 0.1481271 Vali Loss: 0.1900855 Test Loss: 0.3094475
Validation loss decreased (0.190171 --> 0.190086).  Saving model ...
Updating learning rate to 8.966599090217748e-05
	iters: 100, epoch: 111 | loss: 0.1503118
	speed: 0.8271s/iter; left time: 36374.9182s
	iters: 200, epoch: 111 | loss: 0.1384970
	speed: 0.2044s/iter; left time: 8971.1651s
Epoch: 111 cost time: 48.280450105667114
Epoch: 111, Steps: 232 | Train Loss: 0.1478245 Vali Loss: 0.1925151 Test Loss: 0.3127389
EarlyStopping counter: 1 out of 20
Updating learning rate to 8.926414289047241e-05
	iters: 100, epoch: 112 | loss: 0.1461947
	speed: 0.8249s/iter; left time: 36087.7950s
	iters: 200, epoch: 112 | loss: 0.1441393
	speed: 0.2010s/iter; left time: 8771.6071s
Epoch: 112 cost time: 46.759833335876465
Epoch: 112, Steps: 232 | Train Loss: 0.1469210 Vali Loss: 0.1913446 Test Loss: 0.3121432
EarlyStopping counter: 2 out of 20
Updating learning rate to 8.885556720428441e-05
	iters: 100, epoch: 113 | loss: 0.1493421
	speed: 0.8545s/iter; left time: 37186.2713s
	iters: 200, epoch: 113 | loss: 0.1457270
	speed: 0.2055s/iter; left time: 8922.0319s
Epoch: 113 cost time: 50.01253271102905
Epoch: 113, Steps: 232 | Train Loss: 0.1464109 Vali Loss: 0.1879158 Test Loss: 0.3108034
Validation loss decreased (0.190086 --> 0.187916).  Saving model ...
Updating learning rate to 8.844033385095391e-05
	iters: 100, epoch: 114 | loss: 0.1468380
	speed: 0.7778s/iter; left time: 33668.3937s
	iters: 200, epoch: 114 | loss: 0.1444609
	speed: 0.1779s/iter; left time: 7682.6418s
Epoch: 114 cost time: 41.47164702415466
Epoch: 114, Steps: 232 | Train Loss: 0.1464061 Vali Loss: 0.1912940 Test Loss: 0.3098889
EarlyStopping counter: 1 out of 20
Updating learning rate to 8.80185139785784e-05
	iters: 100, epoch: 115 | loss: 0.1552909
	speed: 0.8661s/iter; left time: 37288.7491s
	iters: 200, epoch: 115 | loss: 0.1366967
	speed: 0.2251s/iter; left time: 9667.3006s
Epoch: 115 cost time: 53.38793182373047
Epoch: 115, Steps: 232 | Train Loss: 0.1453472 Vali Loss: 0.1897363 Test Loss: 0.3107845
EarlyStopping counter: 2 out of 20
Updating learning rate to 8.759017986382149e-05
	iters: 100, epoch: 116 | loss: 0.1446730
	speed: 0.8218s/iter; left time: 35189.2221s
	iters: 200, epoch: 116 | loss: 0.1466477
	speed: 0.1582s/iter; left time: 6758.0468s
Epoch: 116 cost time: 41.20728325843811
Epoch: 116, Steps: 232 | Train Loss: 0.1449112 Vali Loss: 0.1932320 Test Loss: 0.3104241
EarlyStopping counter: 3 out of 20
Updating learning rate to 8.715540489952865e-05
	iters: 100, epoch: 117 | loss: 0.1413123
	speed: 0.7987s/iter; left time: 34015.9556s
	iters: 200, epoch: 117 | loss: 0.1367572
	speed: 0.2249s/iter; left time: 9556.2246s
Epoch: 117 cost time: 49.582099199295044
Epoch: 117, Steps: 232 | Train Loss: 0.1439068 Vali Loss: 0.1904229 Test Loss: 0.3104452
EarlyStopping counter: 4 out of 20
Updating learning rate to 8.671426358215179e-05
	iters: 100, epoch: 118 | loss: 0.1342356
	speed: 0.8292s/iter; left time: 35123.5550s
	iters: 200, epoch: 118 | loss: 0.1413597
	speed: 0.1926s/iter; left time: 8138.6186s
Epoch: 118 cost time: 45.38370680809021
Epoch: 118, Steps: 232 | Train Loss: 0.1435503 Vali Loss: 0.1899814 Test Loss: 0.3130303
EarlyStopping counter: 5 out of 20
Updating learning rate to 8.626683149898466e-05
	iters: 100, epoch: 119 | loss: 0.1410362
	speed: 0.8175s/iter; left time: 34437.2959s
	iters: 200, epoch: 119 | loss: 0.1399389
	speed: 0.1991s/iter; left time: 8367.8030s
Epoch: 119 cost time: 48.30163788795471
Epoch: 119, Steps: 232 | Train Loss: 0.1429797 Vali Loss: 0.1902915 Test Loss: 0.3090505
EarlyStopping counter: 6 out of 20
Updating learning rate to 8.58131853152113e-05
	iters: 100, epoch: 120 | loss: 0.1411816
	speed: 0.8059s/iter; left time: 33759.5030s
	iters: 200, epoch: 120 | loss: 0.1421800
	speed: 0.1969s/iter; left time: 8227.8075s
Epoch: 120 cost time: 44.66223478317261
Epoch: 120, Steps: 232 | Train Loss: 0.1421119 Vali Loss: 0.1894562 Test Loss: 0.3099983
EarlyStopping counter: 7 out of 20
Updating learning rate to 8.535340276076992e-05
	iters: 100, epoch: 121 | loss: 0.1424403
	speed: 0.8482s/iter; left time: 35334.8354s
	iters: 200, epoch: 121 | loss: 0.1406947
	speed: 0.2141s/iter; left time: 8899.5019s
Epoch: 121 cost time: 50.22577524185181
Epoch: 121, Steps: 232 | Train Loss: 0.1416939 Vali Loss: 0.1879812 Test Loss: 0.3096779
EarlyStopping counter: 8 out of 20
Updating learning rate to 8.488756261703426e-05
	iters: 100, epoch: 122 | loss: 0.1357408
	speed: 0.7609s/iter; left time: 31524.1686s
	iters: 200, epoch: 122 | loss: 0.1445133
	speed: 0.1657s/iter; left time: 6849.1674s
Epoch: 122 cost time: 39.292293310165405
Epoch: 122, Steps: 232 | Train Loss: 0.1410389 Vali Loss: 0.1910014 Test Loss: 0.3083562
EarlyStopping counter: 9 out of 20
Updating learning rate to 8.441574470331483e-05
	iters: 100, epoch: 123 | loss: 0.1404111
	speed: 0.8335s/iter; left time: 34338.2796s
	iters: 200, epoch: 123 | loss: 0.1461784
	speed: 0.2277s/iter; left time: 9355.9625s
Epoch: 123 cost time: 52.19170427322388
Epoch: 123, Steps: 232 | Train Loss: 0.1408755 Vali Loss: 0.1878211 Test Loss: 0.3107549
Validation loss decreased (0.187916 --> 0.187821).  Saving model ...
Updating learning rate to 8.39380298631822e-05
	iters: 100, epoch: 124 | loss: 0.1362503
	speed: 0.8239s/iter; left time: 33749.2764s
	iters: 200, epoch: 124 | loss: 0.1426965
	speed: 0.1680s/iter; left time: 6866.7554s
Epoch: 124 cost time: 41.85249876976013
Epoch: 124, Steps: 232 | Train Loss: 0.1403717 Vali Loss: 0.1896589 Test Loss: 0.3141983
EarlyStopping counter: 1 out of 20
Updating learning rate to 8.345449995061491e-05
	iters: 100, epoch: 125 | loss: 0.1365450
	speed: 0.7947s/iter; left time: 32371.5012s
	iters: 200, epoch: 125 | loss: 0.1467340
	speed: 0.2085s/iter; left time: 8470.0781s
Epoch: 125 cost time: 47.9087655544281
Epoch: 125, Steps: 232 | Train Loss: 0.1395889 Vali Loss: 0.1867856 Test Loss: 0.3097832
Validation loss decreased (0.187821 --> 0.186786).  Saving model ...
Updating learning rate to 8.29652378159743e-05
	iters: 100, epoch: 126 | loss: 0.1452871
	speed: 0.8323s/iter; left time: 33707.6490s
	iters: 200, epoch: 126 | loss: 0.1392065
	speed: 0.1970s/iter; left time: 7957.9046s
Epoch: 126 cost time: 46.750152826309204
Epoch: 126, Steps: 232 | Train Loss: 0.1393506 Vali Loss: 0.1902175 Test Loss: 0.3104659
EarlyStopping counter: 1 out of 20
Updating learning rate to 8.24703272918084e-05
	iters: 100, epoch: 127 | loss: 0.1347203
	speed: 0.8515s/iter; left time: 34289.7733s
	iters: 200, epoch: 127 | loss: 0.1439934
	speed: 0.1865s/iter; left time: 7490.2584s
Epoch: 127 cost time: 48.21445846557617
Epoch: 127, Steps: 232 | Train Loss: 0.1384463 Vali Loss: 0.1905589 Test Loss: 0.3101357
EarlyStopping counter: 2 out of 20
Updating learning rate to 8.196985317848774e-05
	iters: 100, epoch: 128 | loss: 0.1334279
	speed: 0.7844s/iter; left time: 31404.9923s
	iters: 200, epoch: 128 | loss: 0.1366989
	speed: 0.1447s/iter; left time: 5778.6519s
Epoch: 128 cost time: 35.7268807888031
Epoch: 128, Steps: 232 | Train Loss: 0.1381086 Vali Loss: 0.1890787 Test Loss: 0.3096774
EarlyStopping counter: 3 out of 20
Updating learning rate to 8.146390122967516e-05
	iters: 100, epoch: 129 | loss: 0.1430859
	speed: 0.7799s/iter; left time: 31043.7176s
	iters: 200, epoch: 129 | loss: 0.1398185
	speed: 0.1661s/iter; left time: 6596.8706s
Epoch: 129 cost time: 39.260436058044434
Epoch: 129, Steps: 232 | Train Loss: 0.1376355 Vali Loss: 0.1869262 Test Loss: 0.3106700
EarlyStopping counter: 4 out of 20
Updating learning rate to 8.095255813763243e-05
	iters: 100, epoch: 130 | loss: 0.1391420
	speed: 0.7825s/iter; left time: 30965.3702s
	iters: 200, epoch: 130 | loss: 0.1417084
	speed: 0.1780s/iter; left time: 7024.8526s
Epoch: 130 cost time: 41.87466382980347
Epoch: 130, Steps: 232 | Train Loss: 0.1373505 Vali Loss: 0.1872905 Test Loss: 0.3089480
EarlyStopping counter: 5 out of 20
Updating learning rate to 8.043591151836601e-05
	iters: 100, epoch: 131 | loss: 0.1289621
	speed: 0.8008s/iter; left time: 31505.0827s
	iters: 200, epoch: 131 | loss: 0.1383257
	speed: 0.1800s/iter; left time: 7063.6814s
Epoch: 131 cost time: 42.90699291229248
Epoch: 131, Steps: 232 | Train Loss: 0.1371314 Vali Loss: 0.1887312 Test Loss: 0.3107126
EarlyStopping counter: 6 out of 20
Updating learning rate to 7.99140498966144e-05
	iters: 100, epoch: 132 | loss: 0.1355941
	speed: 0.8097s/iter; left time: 31666.3653s
	iters: 200, epoch: 132 | loss: 0.1394525
	speed: 0.2008s/iter; left time: 7831.1209s
Epoch: 132 cost time: 45.01494812965393
Epoch: 132, Steps: 232 | Train Loss: 0.1361288 Vali Loss: 0.1886210 Test Loss: 0.3093763
EarlyStopping counter: 7 out of 20
Updating learning rate to 7.938706269067992e-05
	iters: 100, epoch: 133 | loss: 0.1385037
	speed: 0.8126s/iter; left time: 31591.4163s
	iters: 200, epoch: 133 | loss: 0.1375895
	speed: 0.2087s/iter; left time: 8092.4466s
Epoch: 133 cost time: 45.99583029747009
Epoch: 133, Steps: 232 | Train Loss: 0.1360315 Vali Loss: 0.1898478 Test Loss: 0.3124768
EarlyStopping counter: 8 out of 20
Updating learning rate to 7.885504019710735e-05
	iters: 100, epoch: 134 | loss: 0.1376911
	speed: 0.8090s/iter; left time: 31263.1778s
	iters: 200, epoch: 134 | loss: 0.1382303
	speed: 0.2187s/iter; left time: 8429.4401s
Epoch: 134 cost time: 47.779746532440186
Epoch: 134, Steps: 232 | Train Loss: 0.1353371 Vali Loss: 0.1880112 Test Loss: 0.3087925
EarlyStopping counter: 9 out of 20
Updating learning rate to 7.831807357521216e-05
	iters: 100, epoch: 135 | loss: 0.1321900
	speed: 0.8102s/iter; left time: 31121.7571s
	iters: 200, epoch: 135 | loss: 0.1295255
	speed: 0.2202s/iter; left time: 8437.8118s
Epoch: 135 cost time: 47.906861305236816
Epoch: 135, Steps: 232 | Train Loss: 0.1351902 Vali Loss: 0.1895587 Test Loss: 0.3101828
EarlyStopping counter: 10 out of 20
Updating learning rate to 7.777625483146064e-05
	iters: 100, epoch: 136 | loss: 0.1318616
	speed: 0.8482s/iter; left time: 32386.3180s
	iters: 200, epoch: 136 | loss: 0.1346793
	speed: 0.2225s/iter; left time: 8473.3688s
Epoch: 136 cost time: 51.56246495246887
Epoch: 136, Steps: 232 | Train Loss: 0.1348754 Vali Loss: 0.1867905 Test Loss: 0.3119897
EarlyStopping counter: 11 out of 20
Updating learning rate to 7.722967680370529e-05
	iters: 100, epoch: 137 | loss: 0.1317587
	speed: 0.8086s/iter; left time: 30685.8688s
	iters: 200, epoch: 137 | loss: 0.1412878
	speed: 0.1934s/iter; left time: 7321.3153s
Epoch: 137 cost time: 46.51480317115784
Epoch: 137, Steps: 232 | Train Loss: 0.1342916 Vali Loss: 0.1859945 Test Loss: 0.3099238
Validation loss decreased (0.186786 --> 0.185995).  Saving model ...
Updating learning rate to 7.667843314527735e-05
	iters: 100, epoch: 138 | loss: 0.1338018
	speed: 0.8207s/iter; left time: 30956.1797s
	iters: 200, epoch: 138 | loss: 0.1437518
	speed: 0.2212s/iter; left time: 8322.4443s
Epoch: 138 cost time: 51.92802953720093
Epoch: 138, Steps: 232 | Train Loss: 0.1341075 Vali Loss: 0.1877857 Test Loss: 0.3108450
EarlyStopping counter: 1 out of 20
Updating learning rate to 7.612261830893987e-05
	iters: 100, epoch: 139 | loss: 0.1371649
	speed: 0.8072s/iter; left time: 30257.3887s
	iters: 200, epoch: 139 | loss: 0.1362234
	speed: 0.2034s/iter; left time: 7602.7279s
Epoch: 139 cost time: 47.88621282577515
Epoch: 139, Steps: 232 | Train Loss: 0.1334269 Vali Loss: 0.1893993 Test Loss: 0.3091106
EarlyStopping counter: 2 out of 20
Updating learning rate to 7.556232753070376e-05
	iters: 100, epoch: 140 | loss: 0.1301206
	speed: 0.8269s/iter; left time: 30803.0577s
	iters: 200, epoch: 140 | loss: 0.1301242
	speed: 0.2221s/iter; left time: 8252.9211s
Epoch: 140 cost time: 52.07916235923767
Epoch: 140, Steps: 232 | Train Loss: 0.1330087 Vali Loss: 0.1874711 Test Loss: 0.3109179
EarlyStopping counter: 3 out of 20
Updating learning rate to 7.499765681350944e-05
	iters: 100, epoch: 141 | loss: 0.1357609
	speed: 0.8347s/iter; left time: 30901.2755s
	iters: 200, epoch: 141 | loss: 0.1364854
	speed: 0.2229s/iter; left time: 8228.2281s
Epoch: 141 cost time: 49.97449731826782
Epoch: 141, Steps: 232 | Train Loss: 0.1324006 Vali Loss: 0.1840117 Test Loss: 0.3084425
Validation loss decreased (0.185995 --> 0.184012).  Saving model ...
Updating learning rate to 7.44287029107774e-05
	iters: 100, epoch: 142 | loss: 0.1301946
	speed: 0.8221s/iter; left time: 30243.4636s
	iters: 200, epoch: 142 | loss: 0.1231987
	speed: 0.2225s/iter; left time: 8163.8143s
Epoch: 142 cost time: 50.6410756111145
Epoch: 142, Steps: 232 | Train Loss: 0.1324871 Vali Loss: 0.1846918 Test Loss: 0.3093411
EarlyStopping counter: 1 out of 20
Updating learning rate to 7.385556330982986e-05
	iters: 100, epoch: 143 | loss: 0.1371911
	speed: 0.8512s/iter; left time: 31116.9919s
	iters: 200, epoch: 143 | loss: 0.1280397
	speed: 0.1983s/iter; left time: 7228.3536s
Epoch: 143 cost time: 47.941067695617676
Epoch: 143, Steps: 232 | Train Loss: 0.1325293 Vali Loss: 0.1858263 Test Loss: 0.3117925
EarlyStopping counter: 2 out of 20
Updating learning rate to 7.327833621518692e-05
	iters: 100, epoch: 144 | loss: 0.1374307
	speed: 0.8191s/iter; left time: 29752.2349s
	iters: 200, epoch: 144 | loss: 0.1355546
	speed: 0.1961s/iter; left time: 7104.1696s
Epoch: 144 cost time: 47.268046855926514
Epoch: 144, Steps: 232 | Train Loss: 0.1313836 Vali Loss: 0.1857498 Test Loss: 0.3094240
EarlyStopping counter: 3 out of 20
Updating learning rate to 7.269712053173968e-05
	iters: 100, epoch: 145 | loss: 0.1257699
	speed: 0.8372s/iter; left time: 30217.0700s
	iters: 200, epoch: 145 | loss: 0.1375864
	speed: 0.1740s/iter; left time: 6263.7852s
Epoch: 145 cost time: 45.595741510391235
Epoch: 145, Steps: 232 | Train Loss: 0.1307387 Vali Loss: 0.1856230 Test Loss: 0.3100168
EarlyStopping counter: 4 out of 20
Updating learning rate to 7.21120158478034e-05
	iters: 100, epoch: 146 | loss: 0.1292617
	speed: 0.8197s/iter; left time: 29394.5686s
	iters: 200, epoch: 146 | loss: 0.1390807
	speed: 0.1690s/iter; left time: 6042.8086s
Epoch: 146 cost time: 43.51290011405945
Epoch: 146, Steps: 232 | Train Loss: 0.1310318 Vali Loss: 0.1874595 Test Loss: 0.3107625
EarlyStopping counter: 5 out of 20
Updating learning rate to 7.152312241805354e-05
	iters: 100, epoch: 147 | loss: 0.1302421
	speed: 0.8051s/iter; left time: 28684.7889s
	iters: 200, epoch: 147 | loss: 0.1310908
	speed: 0.1743s/iter; left time: 6191.8971s
Epoch: 147 cost time: 43.94733786582947
Epoch: 147, Steps: 232 | Train Loss: 0.1304300 Vali Loss: 0.1875456 Test Loss: 0.3123912
EarlyStopping counter: 6 out of 20
Updating learning rate to 7.093054114634766e-05
	iters: 100, epoch: 148 | loss: 0.1299423
	speed: 0.8198s/iter; left time: 29018.7821s
	iters: 200, epoch: 148 | loss: 0.1267149
	speed: 0.1660s/iter; left time: 5860.5165s
Epoch: 148 cost time: 41.32420229911804
Epoch: 148, Steps: 232 | Train Loss: 0.1299530 Vali Loss: 0.1854350 Test Loss: 0.3094436
EarlyStopping counter: 7 out of 20
Updating learning rate to 7.033437356843603e-05
	iters: 100, epoch: 149 | loss: 0.1236363
	speed: 0.7927s/iter; left time: 27876.4509s
	iters: 200, epoch: 149 | loss: 0.1305959
	speed: 0.1745s/iter; left time: 6120.1677s
Epoch: 149 cost time: 41.830482482910156
Epoch: 149, Steps: 232 | Train Loss: 0.1302336 Vali Loss: 0.1849024 Test Loss: 0.3088896
EarlyStopping counter: 8 out of 20
Updating learning rate to 6.973472183456407e-05
	iters: 100, epoch: 150 | loss: 0.1221020
	speed: 0.8012s/iter; left time: 27988.9246s
	iters: 200, epoch: 150 | loss: 0.1272279
	speed: 0.1683s/iter; left time: 5862.7125s
Epoch: 150 cost time: 40.261651039123535
Epoch: 150, Steps: 232 | Train Loss: 0.1293646 Vali Loss: 0.1868021 Test Loss: 0.3109261
EarlyStopping counter: 9 out of 20
Updating learning rate to 6.913168869196934e-05
	iters: 100, epoch: 151 | loss: 0.1358930
	speed: 0.7929s/iter; left time: 27514.6119s
	iters: 200, epoch: 151 | loss: 0.1184712
	speed: 0.1959s/iter; left time: 6777.7964s
Epoch: 151 cost time: 45.21990370750427
Epoch: 151, Steps: 232 | Train Loss: 0.1291421 Vali Loss: 0.1859235 Test Loss: 0.3085128
EarlyStopping counter: 10 out of 20
Updating learning rate to 6.852537746727641e-05
	iters: 100, epoch: 152 | loss: 0.1335791
	speed: 0.8057s/iter; left time: 27770.9069s
	iters: 200, epoch: 152 | loss: 0.1318873
	speed: 0.1801s/iter; left time: 6188.8136s
Epoch: 152 cost time: 42.06892681121826
Epoch: 152, Steps: 232 | Train Loss: 0.1284608 Vali Loss: 0.1843535 Test Loss: 0.3084331
EarlyStopping counter: 11 out of 20
Updating learning rate to 6.791589204879237e-05
	iters: 100, epoch: 153 | loss: 0.1311487
	speed: 0.8108s/iter; left time: 27759.9430s
	iters: 200, epoch: 153 | loss: 0.1271004
	speed: 0.2219s/iter; left time: 7575.8684s
Epoch: 153 cost time: 48.663100242614746
Epoch: 153, Steps: 232 | Train Loss: 0.1286593 Vali Loss: 0.1846436 Test Loss: 0.3086575
EarlyStopping counter: 12 out of 20
Updating learning rate to 6.730333686870597e-05
	iters: 100, epoch: 154 | loss: 0.1245641
	speed: 0.7774s/iter; left time: 26436.1747s
	iters: 200, epoch: 154 | loss: 0.1225787
	speed: 0.1866s/iter; left time: 6326.8495s
Epoch: 154 cost time: 41.082756996154785
Epoch: 154, Steps: 232 | Train Loss: 0.1280945 Vali Loss: 0.1838741 Test Loss: 0.3081495
Validation loss decreased (0.184012 --> 0.183874).  Saving model ...
Updating learning rate to 6.668781688519394e-05
	iters: 100, epoch: 155 | loss: 0.1289305
	speed: 0.8248s/iter; left time: 27855.0329s
	iters: 200, epoch: 155 | loss: 0.1186455
	speed: 0.2204s/iter; left time: 7421.1527s
Epoch: 155 cost time: 50.22716522216797
Epoch: 155, Steps: 232 | Train Loss: 0.1278406 Vali Loss: 0.1837308 Test Loss: 0.3100670
Validation loss decreased (0.183874 --> 0.183731).  Saving model ...
Updating learning rate to 6.606943756443669e-05
	iters: 100, epoch: 156 | loss: 0.1252767
	speed: 0.7958s/iter; left time: 26693.3495s
	iters: 200, epoch: 156 | loss: 0.1330521
	speed: 0.2034s/iter; left time: 6801.4366s
Epoch: 156 cost time: 45.681357622146606
Epoch: 156, Steps: 232 | Train Loss: 0.1277998 Vali Loss: 0.1842988 Test Loss: 0.3090714
EarlyStopping counter: 1 out of 20
Updating learning rate to 6.544830486254745e-05
	iters: 100, epoch: 157 | loss: 0.1256332
	speed: 0.8229s/iter; left time: 27410.6659s
	iters: 200, epoch: 157 | loss: 0.1276360
	speed: 0.2196s/iter; left time: 7291.3967s
Epoch: 157 cost time: 50.76728940010071
Epoch: 157, Steps: 232 | Train Loss: 0.1269759 Vali Loss: 0.1844963 Test Loss: 0.3092028
EarlyStopping counter: 2 out of 20
Updating learning rate to 6.482452520741707e-05
	iters: 100, epoch: 158 | loss: 0.1274711
	speed: 0.8420s/iter; left time: 27851.6214s
	iters: 200, epoch: 158 | loss: 0.1243104
	speed: 0.2236s/iter; left time: 7374.5427s
Epoch: 158 cost time: 50.75066685676575
Epoch: 158, Steps: 232 | Train Loss: 0.1268162 Vali Loss: 0.1833173 Test Loss: 0.3051809
Validation loss decreased (0.183731 --> 0.183317).  Saving model ...
Updating learning rate to 6.419820548047824e-05
	iters: 100, epoch: 159 | loss: 0.1294803
	speed: 0.8347s/iter; left time: 27415.5748s
	iters: 200, epoch: 159 | loss: 0.1292613
	speed: 0.2242s/iter; left time: 7342.4367s
Epoch: 159 cost time: 52.386873960494995
Epoch: 159, Steps: 232 | Train Loss: 0.1262920 Vali Loss: 0.1848144 Test Loss: 0.3071024
EarlyStopping counter: 1 out of 20
Updating learning rate to 6.356945299839185e-05
	iters: 100, epoch: 160 | loss: 0.1271923
	speed: 0.8364s/iter; left time: 27278.5495s
	iters: 200, epoch: 160 | loss: 0.1271084
	speed: 0.2224s/iter; left time: 7230.8228s
Epoch: 160 cost time: 51.725884675979614
Epoch: 160, Steps: 232 | Train Loss: 0.1261712 Vali Loss: 0.1838874 Test Loss: 0.3106483
EarlyStopping counter: 2 out of 20
Updating learning rate to 6.29383754946589e-05
	iters: 100, epoch: 161 | loss: 0.1333623
	speed: 0.8496s/iter; left time: 27509.5005s
	iters: 200, epoch: 161 | loss: 0.1247067
	speed: 0.2222s/iter; left time: 7173.8766s
Epoch: 161 cost time: 51.202433347702026
Epoch: 161, Steps: 232 | Train Loss: 0.1260065 Vali Loss: 0.1844502 Test Loss: 0.3095653
EarlyStopping counter: 3 out of 20
Updating learning rate to 6.230508110116084e-05
	iters: 100, epoch: 162 | loss: 0.1237315
	speed: 0.8440s/iter; left time: 27134.9886s
	iters: 200, epoch: 162 | loss: 0.1206973
	speed: 0.2235s/iter; left time: 7161.7703s
Epoch: 162 cost time: 52.492533922195435
Epoch: 162, Steps: 232 | Train Loss: 0.1257567 Vali Loss: 0.1834585 Test Loss: 0.3103093
EarlyStopping counter: 4 out of 20
Updating learning rate to 6.166967832963181e-05
	iters: 100, epoch: 163 | loss: 0.1296282
	speed: 0.8436s/iter; left time: 26926.5207s
	iters: 200, epoch: 163 | loss: 0.1238055
	speed: 0.1904s/iter; left time: 6058.5828s
Epoch: 163 cost time: 45.336108684539795
Epoch: 163, Steps: 232 | Train Loss: 0.1256092 Vali Loss: 0.1835721 Test Loss: 0.3090608
EarlyStopping counter: 5 out of 20
Updating learning rate to 6.1032276053065614e-05
	iters: 100, epoch: 164 | loss: 0.1216377
	speed: 0.8270s/iter; left time: 26203.7866s
	iters: 200, epoch: 164 | loss: 0.1253682
	speed: 0.2226s/iter; left time: 7031.1763s
Epoch: 164 cost time: 50.691312074661255
Epoch: 164, Steps: 232 | Train Loss: 0.1253201 Vali Loss: 0.1835635 Test Loss: 0.3100102
EarlyStopping counter: 6 out of 20
Updating learning rate to 6.039298348706104e-05
	iters: 100, epoch: 165 | loss: 0.1259356
	speed: 0.7974s/iter; left time: 25081.6631s
	iters: 200, epoch: 165 | loss: 0.1191239
	speed: 0.1769s/iter; left time: 5546.7015s
Epoch: 165 cost time: 43.44476556777954
Epoch: 165, Steps: 232 | Train Loss: 0.1250202 Vali Loss: 0.1826712 Test Loss: 0.3071804
Validation loss decreased (0.183317 --> 0.182671).  Saving model ...
Updating learning rate to 5.975191017110813e-05
	iters: 100, epoch: 166 | loss: 0.1172253
	speed: 0.8369s/iter; left time: 26127.6621s
	iters: 200, epoch: 166 | loss: 0.1289528
	speed: 0.1973s/iter; left time: 6141.6260s
Epoch: 166 cost time: 48.05781126022339
Epoch: 166, Steps: 232 | Train Loss: 0.1246259 Vali Loss: 0.1830796 Test Loss: 0.3078329
EarlyStopping counter: 1 out of 20
Updating learning rate to 5.910916594981934e-05
	iters: 100, epoch: 167 | loss: 0.1244463
	speed: 0.8031s/iter; left time: 24885.8438s
	iters: 200, epoch: 167 | loss: 0.1265540
	speed: 0.1731s/iter; left time: 5346.1284s
Epoch: 167 cost time: 42.650285482406616
Epoch: 167, Steps: 232 | Train Loss: 0.1241759 Vali Loss: 0.1830370 Test Loss: 0.3101532
EarlyStopping counter: 2 out of 20
Updating learning rate to 5.846486095410815e-05
	iters: 100, epoch: 168 | loss: 0.1187158
	speed: 0.8151s/iter; left time: 25068.6319s
	iters: 200, epoch: 168 | loss: 0.1298079
	speed: 0.1737s/iter; left time: 5325.3898s
Epoch: 168 cost time: 43.80067753791809
Epoch: 168, Steps: 232 | Train Loss: 0.1242014 Vali Loss: 0.1849376 Test Loss: 0.3108207
EarlyStopping counter: 3 out of 20
Updating learning rate to 5.7819105582318655e-05
	iters: 100, epoch: 169 | loss: 0.1275802
	speed: 0.7833s/iter; left time: 23908.8523s
	iters: 200, epoch: 169 | loss: 0.1313002
	speed: 0.1758s/iter; left time: 5347.6933s
Epoch: 169 cost time: 40.038015604019165
Epoch: 169, Steps: 232 | Train Loss: 0.1239562 Vali Loss: 0.1878087 Test Loss: 0.3126404
EarlyStopping counter: 4 out of 20
Updating learning rate to 5.717201048130948e-05
	iters: 100, epoch: 170 | loss: 0.1269585
	speed: 0.7951s/iter; left time: 24086.0575s
	iters: 200, epoch: 170 | loss: 0.1238583
	speed: 0.1762s/iter; left time: 5320.2159s
Epoch: 170 cost time: 42.33835768699646
Epoch: 170, Steps: 232 | Train Loss: 0.1237825 Vali Loss: 0.1835269 Test Loss: 0.3107880
EarlyStopping counter: 5 out of 20
Updating learning rate to 5.6523686527494895e-05
	iters: 100, epoch: 171 | loss: 0.1230859
	speed: 0.7894s/iter; left time: 23730.6405s
	iters: 200, epoch: 171 | loss: 0.1193690
	speed: 0.1884s/iter; left time: 5643.4124s
Epoch: 171 cost time: 41.852181911468506
Epoch: 171, Steps: 232 | Train Loss: 0.1232161 Vali Loss: 0.1839769 Test Loss: 0.3092291
EarlyStopping counter: 6 out of 20
Updating learning rate to 5.5874244807846826e-05
	iters: 100, epoch: 172 | loss: 0.1224169
	speed: 0.8018s/iter; left time: 23918.1896s
	iters: 200, epoch: 172 | loss: 0.1237759
	speed: 0.1922s/iter; left time: 5714.3632s
Epoch: 172 cost time: 44.38032054901123
Epoch: 172, Steps: 232 | Train Loss: 0.1233224 Vali Loss: 0.1828897 Test Loss: 0.3086926
EarlyStopping counter: 7 out of 20
Updating learning rate to 5.522379660086061e-05
	iters: 100, epoch: 173 | loss: 0.1150689
	speed: 0.8009s/iter; left time: 23705.2534s
	iters: 200, epoch: 173 | loss: 0.1187041
	speed: 0.2080s/iter; left time: 6136.5240s
Epoch: 173 cost time: 44.93577241897583
Epoch: 173, Steps: 232 | Train Loss: 0.1227013 Vali Loss: 0.1842452 Test Loss: 0.3096562
EarlyStopping counter: 8 out of 20
Updating learning rate to 5.457245335748798e-05
	iters: 100, epoch: 174 | loss: 0.1217796
	speed: 0.7880s/iter; left time: 23140.4207s
	iters: 200, epoch: 174 | loss: 0.1229899
	speed: 0.2092s/iter; left time: 6121.2952s
Epoch: 174 cost time: 46.12861609458923
Epoch: 174, Steps: 232 | Train Loss: 0.1229467 Vali Loss: 0.1833159 Test Loss: 0.3098279
EarlyStopping counter: 9 out of 20
Updating learning rate to 5.392032668204056e-05
	iters: 100, epoch: 175 | loss: 0.1215187
	speed: 0.7760s/iter; left time: 22607.2381s
	iters: 200, epoch: 175 | loss: 0.1255688
	speed: 0.2189s/iter; left time: 6356.4749s
Epoch: 175 cost time: 45.93771004676819
Epoch: 175, Steps: 232 | Train Loss: 0.1226573 Vali Loss: 0.1862018 Test Loss: 0.3088237
EarlyStopping counter: 10 out of 20
Updating learning rate to 5.326752831306706e-05
	iters: 100, epoch: 176 | loss: 0.1221856
	speed: 0.8490s/iter; left time: 24537.2006s
	iters: 200, epoch: 176 | loss: 0.1248710
	speed: 0.2197s/iter; left time: 6326.5161s
Epoch: 176 cost time: 48.63657736778259
Epoch: 176, Steps: 232 | Train Loss: 0.1220369 Vali Loss: 0.1836985 Test Loss: 0.3112164
EarlyStopping counter: 11 out of 20
Updating learning rate to 5.261417010420735e-05
	iters: 100, epoch: 177 | loss: 0.1249296
	speed: 0.7842s/iter; left time: 22481.1678s
	iters: 200, epoch: 177 | loss: 0.1182852
	speed: 0.2210s/iter; left time: 6312.6257s
Epoch: 177 cost time: 50.20738625526428
Epoch: 177, Steps: 232 | Train Loss: 0.1220287 Vali Loss: 0.1832353 Test Loss: 0.3079559
EarlyStopping counter: 12 out of 20
Updating learning rate to 5.196036400502705e-05
	iters: 100, epoch: 178 | loss: 0.1267515
	speed: 0.7991s/iter; left time: 22724.2706s
	iters: 200, epoch: 178 | loss: 0.1122000
	speed: 0.2093s/iter; left time: 5931.4180s
Epoch: 178 cost time: 48.62445855140686
Epoch: 178, Steps: 232 | Train Loss: 0.1220467 Vali Loss: 0.1813668 Test Loss: 0.3067981
Validation loss decreased (0.182671 --> 0.181367).  Saving model ...
Updating learning rate to 5.1306222041835425e-05
	iters: 100, epoch: 179 | loss: 0.1131556
	speed: 0.8251s/iter; left time: 23272.8058s
	iters: 200, epoch: 179 | loss: 0.1233034
	speed: 0.2239s/iter; left time: 6293.6216s
Epoch: 179 cost time: 52.29634714126587
Epoch: 179, Steps: 232 | Train Loss: 0.1214268 Vali Loss: 0.1837129 Test Loss: 0.3113686
EarlyStopping counter: 1 out of 20
Updating learning rate to 5.065185629849037e-05
	iters: 100, epoch: 180 | loss: 0.1224927
	speed: 0.7876s/iter; left time: 22031.4730s
	iters: 200, epoch: 180 | loss: 0.1198921
	speed: 0.1893s/iter; left time: 5276.7298s
Epoch: 180 cost time: 46.29514455795288
Epoch: 180, Steps: 232 | Train Loss: 0.1215811 Vali Loss: 0.1827669 Test Loss: 0.3115519
EarlyStopping counter: 2 out of 20
Updating learning rate to 4.999737889719329e-05
	iters: 100, epoch: 181 | loss: 0.1198268
	speed: 0.8192s/iter; left time: 22724.6027s
	iters: 200, epoch: 181 | loss: 0.1205236
	speed: 0.2240s/iter; left time: 6192.9044s
Epoch: 181 cost time: 52.76201128959656
Epoch: 181, Steps: 232 | Train Loss: 0.1209298 Vali Loss: 0.1827778 Test Loss: 0.3102236
EarlyStopping counter: 3 out of 20
Updating learning rate to 4.934290197927766e-05
	iters: 100, epoch: 182 | loss: 0.1250441
	speed: 0.8025s/iter; left time: 22076.1873s
	iters: 200, epoch: 182 | loss: 0.1195919
	speed: 0.2000s/iter; left time: 5481.9777s
Epoch: 182 cost time: 47.05614948272705
Epoch: 182, Steps: 232 | Train Loss: 0.1210197 Vali Loss: 0.1822525 Test Loss: 0.3094593
EarlyStopping counter: 4 out of 20
Updating learning rate to 4.868853768599411e-05
	iters: 100, epoch: 183 | loss: 0.1218091
	speed: 0.8485s/iter; left time: 23145.8514s
	iters: 200, epoch: 183 | loss: 0.1166635
	speed: 0.2196s/iter; left time: 5969.3553s
Epoch: 183 cost time: 51.525771141052246
Epoch: 183, Steps: 232 | Train Loss: 0.1208942 Vali Loss: 0.1828314 Test Loss: 0.3105149
EarlyStopping counter: 5 out of 20
Updating learning rate to 4.8034398139295595e-05
	iters: 100, epoch: 184 | loss: 0.1171605
	speed: 0.7985s/iter; left time: 21594.4592s
	iters: 200, epoch: 184 | loss: 0.1240810
	speed: 0.2193s/iter; left time: 5908.8600s
Epoch: 184 cost time: 48.59959387779236
Epoch: 184, Steps: 232 | Train Loss: 0.1207335 Vali Loss: 0.1838655 Test Loss: 0.3108585
EarlyStopping counter: 6 out of 20
Updating learning rate to 4.738059542262595e-05
	iters: 100, epoch: 185 | loss: 0.1153321
	speed: 0.8137s/iter; left time: 21818.6826s
	iters: 200, epoch: 185 | loss: 0.1171330
	speed: 0.2150s/iter; left time: 5742.5925s
Epoch: 185 cost time: 49.83025908470154
Epoch: 185, Steps: 232 | Train Loss: 0.1203553 Vali Loss: 0.1821063 Test Loss: 0.3064676
EarlyStopping counter: 7 out of 20
Updating learning rate to 4.672724156171486e-05
	iters: 100, epoch: 186 | loss: 0.1216829
	speed: 0.8191s/iter; left time: 21773.7087s
	iters: 200, epoch: 186 | loss: 0.1168100
	speed: 0.1951s/iter; left time: 5167.5300s
Epoch: 186 cost time: 47.892290353775024
Epoch: 186, Steps: 232 | Train Loss: 0.1201076 Vali Loss: 0.1836116 Test Loss: 0.3082471
EarlyStopping counter: 8 out of 20
Updating learning rate to 4.6074448505382945e-05
	iters: 100, epoch: 187 | loss: 0.1167937
	speed: 0.8124s/iter; left time: 21406.4907s
	iters: 200, epoch: 187 | loss: 0.1240835
	speed: 0.1909s/iter; left time: 5010.2565s
Epoch: 187 cost time: 47.099748849868774
Epoch: 187, Steps: 232 | Train Loss: 0.1200716 Vali Loss: 0.1833832 Test Loss: 0.3108094
EarlyStopping counter: 9 out of 20
Updating learning rate to 4.5422328106359796e-05
	iters: 100, epoch: 188 | loss: 0.1192748
	speed: 0.8230s/iter; left time: 21493.0083s
	iters: 200, epoch: 188 | loss: 0.1209759
	speed: 0.1777s/iter; left time: 4622.2914s
Epoch: 188 cost time: 46.521069049835205
Epoch: 188, Steps: 232 | Train Loss: 0.1198053 Vali Loss: 0.1825576 Test Loss: 0.3100322
EarlyStopping counter: 10 out of 20
Updating learning rate to 4.477099210211867e-05
	iters: 100, epoch: 189 | loss: 0.1169133
	speed: 0.8188s/iter; left time: 21194.7418s
	iters: 200, epoch: 189 | loss: 0.1248276
	speed: 0.1754s/iter; left time: 4522.1151s
Epoch: 189 cost time: 45.49850630760193
Epoch: 189, Steps: 232 | Train Loss: 0.1196601 Vali Loss: 0.1830749 Test Loss: 0.3098474
EarlyStopping counter: 11 out of 20
Updating learning rate to 4.412055209573084e-05
	iters: 100, epoch: 190 | loss: 0.1174652
	speed: 0.8055s/iter; left time: 20662.7522s
	iters: 200, epoch: 190 | loss: 0.1209163
	speed: 0.1753s/iter; left time: 4478.1759s
Epoch: 190 cost time: 42.57498097419739
Epoch: 190, Steps: 232 | Train Loss: 0.1194589 Vali Loss: 0.1826041 Test Loss: 0.3109743
EarlyStopping counter: 12 out of 20
Updating learning rate to 4.347111953674288e-05
	iters: 100, epoch: 191 | loss: 0.1143596
	speed: 0.7806s/iter; left time: 19843.4739s
	iters: 200, epoch: 191 | loss: 0.1184234
	speed: 0.1731s/iter; left time: 4383.9653s
Epoch: 191 cost time: 41.8854706287384
Epoch: 191, Steps: 232 | Train Loss: 0.1190331 Vali Loss: 0.1806040 Test Loss: 0.3084938
Validation loss decreased (0.181367 --> 0.180604).  Saving model ...
Updating learning rate to 4.28228057020805e-05
	iters: 100, epoch: 192 | loss: 0.1238224
	speed: 0.7923s/iter; left time: 19956.5442s
	iters: 200, epoch: 192 | loss: 0.1223934
	speed: 0.1974s/iter; left time: 4952.0330s
Epoch: 192 cost time: 45.28852558135986
Epoch: 192, Steps: 232 | Train Loss: 0.1190746 Vali Loss: 0.1811400 Test Loss: 0.3085136
EarlyStopping counter: 1 out of 20
Updating learning rate to 4.2175721676981746e-05
	iters: 100, epoch: 193 | loss: 0.1239737
	speed: 0.7931s/iter; left time: 19793.7233s
	iters: 200, epoch: 193 | loss: 0.1183596
	speed: 0.2011s/iter; left time: 4998.7868s
Epoch: 193 cost time: 44.58588218688965
Epoch: 193, Steps: 232 | Train Loss: 0.1188918 Vali Loss: 0.1831435 Test Loss: 0.3105190
EarlyStopping counter: 2 out of 20
Updating learning rate to 4.1529978335963106e-05
	iters: 100, epoch: 194 | loss: 0.1201022
	speed: 0.8129s/iter; left time: 20099.7432s
	iters: 200, epoch: 194 | loss: 0.1174211
	speed: 0.2221s/iter; left time: 5470.0354s
Epoch: 194 cost time: 48.63959550857544
Epoch: 194, Steps: 232 | Train Loss: 0.1187071 Vali Loss: 0.1819997 Test Loss: 0.3088453
EarlyStopping counter: 3 out of 20
Updating learning rate to 4.08856863238218e-05
	iters: 100, epoch: 195 | loss: 0.1268142
	speed: 0.7763s/iter; left time: 19014.7068s
	iters: 200, epoch: 195 | loss: 0.1218281
	speed: 0.2041s/iter; left time: 4978.9523s
Epoch: 195 cost time: 45.48925828933716
Epoch: 195, Steps: 232 | Train Loss: 0.1184841 Vali Loss: 0.1814644 Test Loss: 0.3073037
EarlyStopping counter: 4 out of 20
Updating learning rate to 4.024295603667723e-05
	iters: 100, epoch: 196 | loss: 0.1173825
	speed: 0.8106s/iter; left time: 19664.8380s
	iters: 200, epoch: 196 | loss: 0.1202055
	speed: 0.2224s/iter; left time: 5372.6676s
Epoch: 196 cost time: 50.20752835273743
Epoch: 196, Steps: 232 | Train Loss: 0.1183915 Vali Loss: 0.1822345 Test Loss: 0.3084125
EarlyStopping counter: 5 out of 20
Updating learning rate to 3.960189760305536e-05
	iters: 100, epoch: 197 | loss: 0.1106973
	speed: 0.7697s/iter; left time: 18494.6495s
	iters: 200, epoch: 197 | loss: 0.1180369
	speed: 0.1938s/iter; left time: 4637.0771s
Epoch: 197 cost time: 43.727733850479126
Epoch: 197, Steps: 232 | Train Loss: 0.1182081 Vali Loss: 0.1827658 Test Loss: 0.3088648
EarlyStopping counter: 6 out of 20
Updating learning rate to 3.896262086501861e-05
	iters: 100, epoch: 198 | loss: 0.1137670
	speed: 0.8166s/iter; left time: 19433.5824s
	iters: 200, epoch: 198 | loss: 0.1234273
	speed: 0.2213s/iter; left time: 5243.9036s
Epoch: 198 cost time: 50.97723412513733
Epoch: 198, Steps: 232 | Train Loss: 0.1182664 Vali Loss: 0.1812777 Test Loss: 0.3099571
EarlyStopping counter: 7 out of 20
Updating learning rate to 3.832523535934502e-05
	iters: 100, epoch: 199 | loss: 0.1155539
	speed: 0.7725s/iter; left time: 18204.0630s
	iters: 200, epoch: 199 | loss: 0.1206383
	speed: 0.1957s/iter; left time: 4592.6230s
Epoch: 199 cost time: 45.31612014770508
Epoch: 199, Steps: 232 | Train Loss: 0.1179558 Vali Loss: 0.1830340 Test Loss: 0.3123119
EarlyStopping counter: 8 out of 20
Updating learning rate to 3.7689850298759725e-05
	iters: 100, epoch: 200 | loss: 0.1149597
	speed: 0.8216s/iter; left time: 19169.3518s
	iters: 200, epoch: 200 | loss: 0.1227758
	speed: 0.2201s/iter; left time: 5114.0763s
Epoch: 200 cost time: 51.28891587257385
Epoch: 200, Steps: 232 | Train Loss: 0.1178055 Vali Loss: 0.1817032 Test Loss: 0.3075807
EarlyStopping counter: 9 out of 20
Updating learning rate to 3.7056574553221886e-05
	iters: 100, epoch: 201 | loss: 0.1165982
	speed: 0.7992s/iter; left time: 18461.4925s
	iters: 200, epoch: 201 | loss: 0.1215003
	speed: 0.2240s/iter; left time: 5151.5146s
Epoch: 201 cost time: 49.70853066444397
Epoch: 201, Steps: 232 | Train Loss: 0.1175938 Vali Loss: 0.1815702 Test Loss: 0.3105673
EarlyStopping counter: 10 out of 20
Updating learning rate to 3.642551663127039e-05
	iters: 100, epoch: 202 | loss: 0.1127371
	speed: 0.7673s/iter; left time: 17546.7261s
	iters: 200, epoch: 202 | loss: 0.1118464
	speed: 0.1648s/iter; left time: 3751.4144s
Epoch: 202 cost time: 39.862733602523804
Epoch: 202, Steps: 232 | Train Loss: 0.1175395 Vali Loss: 0.1811224 Test Loss: 0.3096050
EarlyStopping counter: 11 out of 20
Updating learning rate to 3.579678466143144e-05
	iters: 100, epoch: 203 | loss: 0.1125993
	speed: 0.7133s/iter; left time: 16146.6472s
	iters: 200, epoch: 203 | loss: 0.1207060
	speed: 0.1815s/iter; left time: 4091.5085s
Epoch: 203 cost time: 41.47365641593933
Epoch: 203, Steps: 232 | Train Loss: 0.1171656 Vali Loss: 0.1823288 Test Loss: 0.3091864
EarlyStopping counter: 12 out of 20
Updating learning rate to 3.517048637369139e-05
	iters: 100, epoch: 204 | loss: 0.1212952
	speed: 0.8368s/iter; left time: 18749.4347s
	iters: 200, epoch: 204 | loss: 0.1217474
	speed: 0.1879s/iter; left time: 4190.8078s
Epoch: 204 cost time: 44.96182060241699
Epoch: 204, Steps: 232 | Train Loss: 0.1170280 Vali Loss: 0.1825190 Test Loss: 0.3109149
EarlyStopping counter: 13 out of 20
Updating learning rate to 3.454672908103763e-05
	iters: 100, epoch: 205 | loss: 0.1243894
	speed: 0.8327s/iter; left time: 18464.4788s
	iters: 200, epoch: 205 | loss: 0.1198598
	speed: 0.1985s/iter; left time: 4381.9140s
Epoch: 205 cost time: 45.080893993377686
Epoch: 205, Steps: 232 | Train Loss: 0.1170533 Vali Loss: 0.1822213 Test Loss: 0.3099439
EarlyStopping counter: 14 out of 20
Updating learning rate to 3.3925619661071164e-05
	iters: 100, epoch: 206 | loss: 0.1180096
	speed: 0.8335s/iter; left time: 18287.8426s
	iters: 200, epoch: 206 | loss: 0.1249522
	speed: 0.1765s/iter; left time: 3855.6977s
Epoch: 206 cost time: 44.01682734489441
Epoch: 206, Steps: 232 | Train Loss: 0.1169124 Vali Loss: 0.1811132 Test Loss: 0.3087167
EarlyStopping counter: 15 out of 20
Updating learning rate to 3.3307264537693595e-05
	iters: 100, epoch: 207 | loss: 0.1150446
	speed: 0.8316s/iter; left time: 18053.3037s
	iters: 200, epoch: 207 | loss: 0.1161428
	speed: 0.1982s/iter; left time: 4282.5754s
Epoch: 207 cost time: 45.03253483772278
Epoch: 207, Steps: 232 | Train Loss: 0.1169238 Vali Loss: 0.1821150 Test Loss: 0.3092436
EarlyStopping counter: 16 out of 20
Updating learning rate to 3.269176966287203e-05
	iters: 100, epoch: 208 | loss: 0.1206760
	speed: 0.8373s/iter; left time: 17983.5002s
	iters: 200, epoch: 208 | loss: 0.1183734
	speed: 0.1654s/iter; left time: 3536.6375s
Epoch: 208 cost time: 43.07595348358154
Epoch: 208, Steps: 232 | Train Loss: 0.1166933 Vali Loss: 0.1825304 Test Loss: 0.3108747
EarlyStopping counter: 17 out of 20
Updating learning rate to 3.207924049848469e-05
	iters: 100, epoch: 209 | loss: 0.1241774
	speed: 0.8349s/iter; left time: 17738.0362s
	iters: 200, epoch: 209 | loss: 0.1122748
	speed: 0.1974s/iter; left time: 4174.7507s
Epoch: 209 cost time: 44.82978081703186
Epoch: 209, Steps: 232 | Train Loss: 0.1164332 Vali Loss: 0.1799954 Test Loss: 0.3077714
Validation loss decreased (0.180604 --> 0.179995).  Saving model ...
Updating learning rate to 3.1469781998250584e-05
	iters: 100, epoch: 210 | loss: 0.1126764
	speed: 0.8356s/iter; left time: 17559.3889s
	iters: 200, epoch: 210 | loss: 0.1203977
	speed: 0.1599s/iter; left time: 3344.6702s
Epoch: 210 cost time: 41.50187301635742
Epoch: 210, Steps: 232 | Train Loss: 0.1160817 Vali Loss: 0.1810021 Test Loss: 0.3085690
EarlyStopping counter: 1 out of 20
Updating learning rate to 3.086349858974621e-05
	iters: 100, epoch: 211 | loss: 0.1144411
	speed: 0.8400s/iter; left time: 17456.2157s
	iters: 200, epoch: 211 | loss: 0.1234231
	speed: 0.2041s/iter; left time: 4221.8631s
Epoch: 211 cost time: 46.46230387687683
Epoch: 211, Steps: 232 | Train Loss: 0.1162248 Vali Loss: 0.1829391 Test Loss: 0.3094544
EarlyStopping counter: 2 out of 20
Updating learning rate to 3.0260494156512478e-05
	iters: 100, epoch: 212 | loss: 0.1152864
	speed: 0.8208s/iter; left time: 16865.6577s
	iters: 200, epoch: 212 | loss: 0.1152214
	speed: 0.1607s/iter; left time: 3287.0731s
Epoch: 212 cost time: 41.12850093841553
Epoch: 212, Steps: 232 | Train Loss: 0.1159545 Vali Loss: 0.1800479 Test Loss: 0.3086902
EarlyStopping counter: 3 out of 20
Updating learning rate to 2.9660872020254756e-05
	iters: 100, epoch: 213 | loss: 0.1113382
	speed: 0.8422s/iter; left time: 17110.9504s
	iters: 200, epoch: 213 | loss: 0.1170375
	speed: 0.2030s/iter; left time: 4103.1549s
Epoch: 213 cost time: 45.55767774581909
Epoch: 213, Steps: 232 | Train Loss: 0.1157736 Vali Loss: 0.1812439 Test Loss: 0.3097386
EarlyStopping counter: 4 out of 20
Updating learning rate to 2.906473492313922e-05
	iters: 100, epoch: 214 | loss: 0.1220593
	speed: 0.8271s/iter; left time: 16613.0075s
	iters: 200, epoch: 214 | loss: 0.1110828
	speed: 0.1615s/iter; left time: 3228.5302s
Epoch: 214 cost time: 40.19097590446472
Epoch: 214, Steps: 232 | Train Loss: 0.1159229 Vali Loss: 0.1809260 Test Loss: 0.3103549
EarlyStopping counter: 5 out of 20
Updating learning rate to 2.847218501018852e-05
	iters: 100, epoch: 215 | loss: 0.1199316
	speed: 0.8364s/iter; left time: 16604.9371s
	iters: 200, epoch: 215 | loss: 0.1118188
	speed: 0.2068s/iter; left time: 4085.0347s
Epoch: 215 cost time: 46.596047163009644
Epoch: 215, Steps: 232 | Train Loss: 0.1155594 Vali Loss: 0.1808734 Test Loss: 0.3086378
EarlyStopping counter: 6 out of 20
Updating learning rate to 2.7883323811779806e-05
	iters: 100, epoch: 216 | loss: 0.1116830
	speed: 0.8066s/iter; left time: 15825.4693s
	iters: 200, epoch: 216 | loss: 0.1129659
	speed: 0.1632s/iter; left time: 3186.5029s
Epoch: 216 cost time: 39.426527976989746
Epoch: 216, Steps: 232 | Train Loss: 0.1154843 Vali Loss: 0.1817488 Test Loss: 0.3084300
EarlyStopping counter: 7 out of 20
Updating learning rate to 2.7298252226247953e-05
	iters: 100, epoch: 217 | loss: 0.1133233
	speed: 0.8249s/iter; left time: 15993.8501s
	iters: 200, epoch: 217 | loss: 0.1163481
	speed: 0.2028s/iter; left time: 3912.4118s
Epoch: 217 cost time: 46.323612213134766
Epoch: 217, Steps: 232 | Train Loss: 0.1152793 Vali Loss: 0.1810410 Test Loss: 0.3092557
EarlyStopping counter: 8 out of 20
Updating learning rate to 2.671707050259719e-05
	iters: 100, epoch: 218 | loss: 0.1214755
	speed: 0.8065s/iter; left time: 15449.4815s
	iters: 200, epoch: 218 | loss: 0.1140116
	speed: 0.1708s/iter; left time: 3255.1554s
Epoch: 218 cost time: 40.36618995666504
Epoch: 218, Steps: 232 | Train Loss: 0.1151818 Vali Loss: 0.1808221 Test Loss: 0.3088267
EarlyStopping counter: 9 out of 20
Updating learning rate to 2.6139878223323923e-05
	iters: 100, epoch: 219 | loss: 0.1123788
	speed: 0.8351s/iter; left time: 15803.3770s
	iters: 200, epoch: 219 | loss: 0.1163094
	speed: 0.2037s/iter; left time: 3834.8509s
Epoch: 219 cost time: 47.35345458984375
Epoch: 219, Steps: 232 | Train Loss: 0.1152019 Vali Loss: 0.1806589 Test Loss: 0.3111341
EarlyStopping counter: 10 out of 20
Updating learning rate to 2.556677428735382e-05
	iters: 100, epoch: 220 | loss: 0.1202923
	speed: 0.8050s/iter; left time: 15047.8379s
	iters: 200, epoch: 220 | loss: 0.1118942
	speed: 0.1719s/iter; left time: 3195.4490s
Epoch: 220 cost time: 39.73078393936157
Epoch: 220, Steps: 232 | Train Loss: 0.1149512 Vali Loss: 0.1814826 Test Loss: 0.3103597
EarlyStopping counter: 11 out of 20
Updating learning rate to 2.4997856893095978e-05
	iters: 100, epoch: 221 | loss: 0.1126852
	speed: 0.8260s/iter; left time: 15249.6443s
	iters: 200, epoch: 221 | loss: 0.1138619
	speed: 0.2035s/iter; left time: 3736.3251s
Epoch: 221 cost time: 47.614800691604614
Epoch: 221, Steps: 232 | Train Loss: 0.1148651 Vali Loss: 0.1810706 Test Loss: 0.3070371
EarlyStopping counter: 12 out of 20
Updating learning rate to 2.443322352161707e-05
	iters: 100, epoch: 222 | loss: 0.1120705
	speed: 0.8061s/iter; left time: 14694.5834s
	iters: 200, epoch: 222 | loss: 0.1148560
	speed: 0.1751s/iter; left time: 3173.7658s
Epoch: 222 cost time: 40.987444162368774
Epoch: 222, Steps: 232 | Train Loss: 0.1147872 Vali Loss: 0.1812598 Test Loss: 0.3086430
EarlyStopping counter: 13 out of 20
Updating learning rate to 2.3872970919938575e-05
	iters: 100, epoch: 223 | loss: 0.1136029
	speed: 0.8472s/iter; left time: 15247.8371s
	iters: 200, epoch: 223 | loss: 0.1134517
	speed: 0.2049s/iter; left time: 3667.8233s
Epoch: 223 cost time: 48.192416191101074
Epoch: 223, Steps: 232 | Train Loss: 0.1147537 Vali Loss: 0.1805689 Test Loss: 0.3089701
EarlyStopping counter: 14 out of 20
Updating learning rate to 2.331719508445963e-05
	iters: 100, epoch: 224 | loss: 0.1082058
	speed: 0.8210s/iter; left time: 14585.7745s
	iters: 200, epoch: 224 | loss: 0.1181622
	speed: 0.1811s/iter; left time: 3199.4682s
Epoch: 224 cost time: 42.26758146286011
Epoch: 224, Steps: 232 | Train Loss: 0.1144921 Vali Loss: 0.1809770 Test Loss: 0.3103560
EarlyStopping counter: 15 out of 20
Updating learning rate to 2.2765991244508455e-05
	iters: 100, epoch: 225 | loss: 0.1173054
	speed: 0.8470s/iter; left time: 14850.6027s
	iters: 200, epoch: 225 | loss: 0.1160355
	speed: 0.2031s/iter; left time: 3540.1237s
Epoch: 225 cost time: 47.00640082359314
Epoch: 225, Steps: 232 | Train Loss: 0.1144546 Vali Loss: 0.1807068 Test Loss: 0.3097537
EarlyStopping counter: 16 out of 20
Updating learning rate to 2.221945384602543e-05
	iters: 100, epoch: 226 | loss: 0.1134220
	speed: 0.8198s/iter; left time: 14184.0865s
	iters: 200, epoch: 226 | loss: 0.1174547
	speed: 0.1878s/iter; left time: 3230.2791s
Epoch: 226 cost time: 43.271586894989014
Epoch: 226, Steps: 232 | Train Loss: 0.1144957 Vali Loss: 0.1817662 Test Loss: 0.3088699
EarlyStopping counter: 17 out of 20
Updating learning rate to 2.1677676535380254e-05
	iters: 100, epoch: 227 | loss: 0.1136751
	speed: 0.8473s/iter; left time: 14462.2683s
	iters: 200, epoch: 227 | loss: 0.1091665
	speed: 0.1889s/iter; left time: 3204.8532s
Epoch: 227 cost time: 45.69958257675171
Epoch: 227, Steps: 232 | Train Loss: 0.1142875 Vali Loss: 0.1805467 Test Loss: 0.3094815
EarlyStopping counter: 18 out of 20
Updating learning rate to 2.1140752143325972e-05
	iters: 100, epoch: 228 | loss: 0.1103762
	speed: 0.8151s/iter; left time: 13723.4409s
	iters: 200, epoch: 228 | loss: 0.1110957
	speed: 0.1901s/iter; left time: 3181.9209s
Epoch: 228 cost time: 43.35873818397522
Epoch: 228, Steps: 232 | Train Loss: 0.1143331 Vali Loss: 0.1804029 Test Loss: 0.3084211
EarlyStopping counter: 19 out of 20
Updating learning rate to 2.060877266909309e-05
	iters: 100, epoch: 229 | loss: 0.1124634
	speed: 0.8400s/iter; left time: 13948.4746s
	iters: 200, epoch: 229 | loss: 0.1148949
	speed: 0.1834s/iter; left time: 3027.1958s
Epoch: 229 cost time: 45.61104869842529
Epoch: 229, Steps: 232 | Train Loss: 0.1142113 Vali Loss: 0.1815516 Test Loss: 0.3090985
EarlyStopping counter: 20 out of 20
Early stopping
>>>>>>>testing : 96_720_SPM_TST_PEMS03_ftM_sl96_ll18_pl720_dm256_nh1_el1_dl1_df256_fc1_ebtimeF_dtTrue_Exp_0<<<<<<<<<<<<<<<<<<<<<<<<<<<<<<<<<
test 4427
mse:0.30777087807655334, mae:0.3687273859977722, rse:0.5569822788238525
