Args in experiment:
Namespace(activation='gelu', affine=0, batch_size=32, c_out=7, checkpoints='./checkpoints/', d_ff=256, d_layers=1, d_model=256, data='custom', data_path='electricity.csv', dec_in=7, decomposition=0, des='Exp', devices='0,1,2,3', dishts=1, distil=True, do_predict=False, dropout=0.2, e_layers=1, embed='timeF', embed_type=0, enc_in=321, factor=1, fc_dropout=0.2, features='M', freq='h', gpu=0, head_dropout=0.0, hidden_size=[64, 16], hidden_size1=3, hidden_size2=3, individual=0, is_training=1, itr=1, k=1.0, kernel_size=25, label_len=18, learning_rate=0.0001, loss='mse', lradj='TST', model='SPM_TST', model_id='96_192', moving_avg=25, n_heads=1, num_layers=3, num_workers=10, output_attention=False, padding_patch='end', patch_len=16, patience=20, pct_start=0.2, pred_len=192, random_seed=2021, revin=1, root_path='./dataset/', seq_len=96, stride=8, subtract_last=0, target='OT', test_flop=False, traffic=0, train_epochs=300, use_amp=False, use_gpu=True, use_multi_gpu=False)
Use GPU: cuda:0
>>>>>>>start training : 96_192_SPM_TST_custom_ftM_sl96_ll18_pl192_dm256_nh1_el1_dl1_df256_fc1_ebtimeF_dtTrue_Exp_0>>>>>>>>>>>>>>>>>>>>>>>>>>
train 18125
val 2441
test 5069
	iters: 100, epoch: 1 | loss: 0.4514877
	speed: 0.0850s/iter; left time: 14418.6111s
	iters: 200, epoch: 1 | loss: 0.2879107
	speed: 0.0745s/iter; left time: 12631.5561s
	iters: 300, epoch: 1 | loss: 0.2406150
	speed: 0.0941s/iter; left time: 15944.9083s
	iters: 400, epoch: 1 | loss: 0.2237700
	speed: 0.0954s/iter; left time: 16161.6021s
	iters: 500, epoch: 1 | loss: 0.2182783
	speed: 0.0947s/iter; left time: 16024.5785s
Epoch: 1 cost time: 49.787699460983276
Epoch: 1, Steps: 566 | Train Loss: 0.3234050 Vali Loss: 0.1888819 Test Loss: 0.2140748
Validation loss decreased (inf --> 0.188882).  Saving model ...
Updating learning rate to 4.065786205173063e-06
	iters: 100, epoch: 2 | loss: 0.1848688
	speed: 0.2660s/iter; left time: 44987.4924s
	iters: 200, epoch: 2 | loss: 0.2206211
	speed: 0.0673s/iter; left time: 11383.2626s
	iters: 300, epoch: 2 | loss: 0.2076566
	speed: 0.0723s/iter; left time: 12219.0356s
	iters: 400, epoch: 2 | loss: 0.2217120
	speed: 0.0859s/iter; left time: 14497.5400s
	iters: 500, epoch: 2 | loss: 0.2187126
	speed: 0.0957s/iter; left time: 16152.1784s
Epoch: 2 cost time: 46.072174072265625
Epoch: 2, Steps: 566 | Train Loss: 0.2071798 Vali Loss: 0.1755223 Test Loss: 0.1995307
Validation loss decreased (0.188882 --> 0.175522).  Saving model ...
Updating learning rate to 4.262964494659263e-06
	iters: 100, epoch: 3 | loss: 0.2045984
	speed: 0.3235s/iter; left time: 54524.3464s
	iters: 200, epoch: 3 | loss: 0.1751649
	speed: 0.0684s/iter; left time: 11522.6344s
	iters: 300, epoch: 3 | loss: 0.1946867
	speed: 0.0670s/iter; left time: 11272.5445s
	iters: 400, epoch: 3 | loss: 0.2061323
	speed: 0.0720s/iter; left time: 12123.0921s
	iters: 500, epoch: 3 | loss: 0.2006337
	speed: 0.0887s/iter; left time: 14917.5147s
Epoch: 3 cost time: 46.29714226722717
Epoch: 3, Steps: 566 | Train Loss: 0.1984834 Vali Loss: 0.1704183 Test Loss: 0.1937584
Validation loss decreased (0.175522 --> 0.170418).  Saving model ...
Updating learning rate to 4.590994384649975e-06
	iters: 100, epoch: 4 | loss: 0.1924117
	speed: 0.3195s/iter; left time: 53680.5928s
	iters: 200, epoch: 4 | loss: 0.1831327
	speed: 0.0947s/iter; left time: 15894.6465s
	iters: 300, epoch: 4 | loss: 0.2033747
	speed: 0.0681s/iter; left time: 11425.4783s
	iters: 400, epoch: 4 | loss: 0.1843485
	speed: 0.0676s/iter; left time: 11340.2937s
	iters: 500, epoch: 4 | loss: 0.1956395
	speed: 0.0723s/iter; left time: 12125.4403s
Epoch: 4 cost time: 45.86849665641785
Epoch: 4, Steps: 566 | Train Loss: 0.1941274 Vali Loss: 0.1674435 Test Loss: 0.1903964
Validation loss decreased (0.170418 --> 0.167443).  Saving model ...
Updating learning rate to 5.048976715076611e-06
	iters: 100, epoch: 5 | loss: 0.1962001
	speed: 0.3121s/iter; left time: 52263.1432s
	iters: 200, epoch: 5 | loss: 0.1760640
	speed: 0.0935s/iter; left time: 15654.2355s
	iters: 300, epoch: 5 | loss: 0.1758083
	speed: 0.0933s/iter; left time: 15606.9229s
	iters: 400, epoch: 5 | loss: 0.2071296
	speed: 0.0724s/iter; left time: 12094.0992s
	iters: 500, epoch: 5 | loss: 0.1829369
	speed: 0.0665s/iter; left time: 11107.0849s
Epoch: 5 cost time: 47.54791307449341
Epoch: 5, Steps: 566 | Train Loss: 0.1908293 Vali Loss: 0.1650015 Test Loss: 0.1871745
Validation loss decreased (0.167443 --> 0.165001).  Saving model ...
Updating learning rate to 5.635656114291013e-06
	iters: 100, epoch: 6 | loss: 0.1850260
	speed: 0.3006s/iter; left time: 50167.1818s
	iters: 200, epoch: 6 | loss: 0.1728024
	speed: 0.0936s/iter; left time: 15610.6533s
	iters: 300, epoch: 6 | loss: 0.1942239
	speed: 0.0932s/iter; left time: 15541.0758s
	iters: 400, epoch: 6 | loss: 0.1734886
	speed: 0.0932s/iter; left time: 15526.4341s
	iters: 500, epoch: 6 | loss: 0.1755335
	speed: 0.0762s/iter; left time: 12683.9680s
Epoch: 6 cost time: 50.18148756027222
Epoch: 6, Steps: 566 | Train Loss: 0.1879122 Vali Loss: 0.1628070 Test Loss: 0.1854331
Validation loss decreased (0.165001 --> 0.162807).  Saving model ...
Updating learning rate to 6.349424440154575e-06
	iters: 100, epoch: 7 | loss: 0.1956024
	speed: 0.3050s/iter; left time: 50716.2290s
	iters: 200, epoch: 7 | loss: 0.2004849
	speed: 0.0931s/iter; left time: 15465.5041s
	iters: 300, epoch: 7 | loss: 0.1737113
	speed: 0.0927s/iter; left time: 15390.9005s
	iters: 400, epoch: 7 | loss: 0.2102391
	speed: 0.0935s/iter; left time: 15524.8913s
	iters: 500, epoch: 7 | loss: 0.1916720
	speed: 0.0925s/iter; left time: 15342.0933s
Epoch: 7 cost time: 52.759750843048096
Epoch: 7, Steps: 566 | Train Loss: 0.1855620 Vali Loss: 0.1611058 Test Loss: 0.1836817
Validation loss decreased (0.162807 --> 0.161106).  Saving model ...
Updating learning rate to 7.188325188103468e-06
	iters: 100, epoch: 8 | loss: 0.1931941
	speed: 0.3093s/iter; left time: 51269.9394s
	iters: 200, epoch: 8 | loss: 0.1759812
	speed: 0.0940s/iter; left time: 15572.8515s
	iters: 300, epoch: 8 | loss: 0.1846688
	speed: 0.0934s/iter; left time: 15469.3970s
	iters: 400, epoch: 8 | loss: 0.1706625
	speed: 0.0928s/iter; left time: 15356.0355s
	iters: 500, epoch: 8 | loss: 0.1780907
	speed: 0.0933s/iter; left time: 15424.1509s
Epoch: 8 cost time: 52.43427562713623
Epoch: 8, Steps: 566 | Train Loss: 0.1836298 Vali Loss: 0.1597534 Test Loss: 0.1817742
Validation loss decreased (0.161106 --> 0.159753).  Saving model ...
Updating learning rate to 8.150058854107536e-06
	iters: 100, epoch: 9 | loss: 0.1782835
	speed: 0.2920s/iter; left time: 48231.3624s
	iters: 200, epoch: 9 | loss: 0.1613107
	speed: 0.0764s/iter; left time: 12610.0944s
	iters: 300, epoch: 9 | loss: 0.1706238
	speed: 0.0930s/iter; left time: 15350.4892s
	iters: 400, epoch: 9 | loss: 0.1587794
	speed: 0.0930s/iter; left time: 15330.5277s
	iters: 500, epoch: 9 | loss: 0.1720158
	speed: 0.0926s/iter; left time: 15262.8594s
Epoch: 9 cost time: 49.59430980682373
Epoch: 9, Steps: 566 | Train Loss: 0.1820763 Vali Loss: 0.1586081 Test Loss: 0.1805920
Validation loss decreased (0.159753 --> 0.158608).  Saving model ...
Updating learning rate to 9.231989237822009e-06
	iters: 100, epoch: 10 | loss: 0.1816282
	speed: 0.2895s/iter; left time: 47652.5747s
	iters: 200, epoch: 10 | loss: 0.1592707
	speed: 0.0698s/iter; left time: 11482.2505s
	iters: 300, epoch: 10 | loss: 0.1625832
	speed: 0.0732s/iter; left time: 12034.9870s
	iters: 400, epoch: 10 | loss: 0.1844610
	speed: 0.0932s/iter; left time: 15308.5438s
	iters: 500, epoch: 10 | loss: 0.1860555
	speed: 0.0929s/iter; left time: 15251.1576s
Epoch: 10 cost time: 46.53964972496033
Epoch: 10, Steps: 566 | Train Loss: 0.1805589 Vali Loss: 0.1573397 Test Loss: 0.1793933
Validation loss decreased (0.158608 --> 0.157340).  Saving model ...
Updating learning rate to 1.0431150668654984e-05
	iters: 100, epoch: 11 | loss: 0.1895695
	speed: 0.3104s/iter; left time: 50918.9576s
	iters: 200, epoch: 11 | loss: 0.1978542
	speed: 0.0681s/iter; left time: 11167.6571s
	iters: 300, epoch: 11 | loss: 0.1779618
	speed: 0.0671s/iter; left time: 11000.9757s
	iters: 400, epoch: 11 | loss: 0.1920785
	speed: 0.0692s/iter; left time: 11337.0650s
	iters: 500, epoch: 11 | loss: 0.1955132
	speed: 0.0916s/iter; left time: 14996.0071s
Epoch: 11 cost time: 45.23680400848389
Epoch: 11, Steps: 566 | Train Loss: 0.1793139 Vali Loss: 0.1567715 Test Loss: 0.1782808
Validation loss decreased (0.157340 --> 0.156771).  Saving model ...
Updating learning rate to 1.1744256134942969e-05
	iters: 100, epoch: 12 | loss: 0.1689205
	speed: 0.3185s/iter; left time: 52071.6527s
	iters: 200, epoch: 12 | loss: 0.1842956
	speed: 0.0946s/iter; left time: 15457.5389s
	iters: 300, epoch: 12 | loss: 0.1682341
	speed: 0.0666s/iter; left time: 10867.8657s
	iters: 400, epoch: 12 | loss: 0.1741334
	speed: 0.0666s/iter; left time: 10859.8980s
	iters: 500, epoch: 12 | loss: 0.1900082
	speed: 0.0706s/iter; left time: 11512.2081s
Epoch: 12 cost time: 45.37322473526001
Epoch: 12, Steps: 566 | Train Loss: 0.1780727 Vali Loss: 0.1555526 Test Loss: 0.1773956
Validation loss decreased (0.156771 --> 0.155553).  Saving model ...
Updating learning rate to 1.3167706293951796e-05
	iters: 100, epoch: 13 | loss: 0.1730470
	speed: 0.3126s/iter; left time: 50924.6814s
	iters: 200, epoch: 13 | loss: 0.1935311
	speed: 0.0928s/iter; left time: 15106.2798s
	iters: 300, epoch: 13 | loss: 0.1755002
	speed: 0.0937s/iter; left time: 15242.5943s
	iters: 400, epoch: 13 | loss: 0.1703245
	speed: 0.0686s/iter; left time: 11158.3893s
	iters: 500, epoch: 13 | loss: 0.1715592
	speed: 0.0663s/iter; left time: 10769.5359s
Epoch: 13 cost time: 46.93093395233154
Epoch: 13, Steps: 566 | Train Loss: 0.1769385 Vali Loss: 0.1546925 Test Loss: 0.1764155
Validation loss decreased (0.155553 --> 0.154693).  Saving model ...
Updating learning rate to 1.4697599338005913e-05
	iters: 100, epoch: 14 | loss: 0.1559571
	speed: 0.2996s/iter; left time: 48635.9269s
	iters: 200, epoch: 14 | loss: 0.1701040
	speed: 0.0932s/iter; left time: 15122.4764s
	iters: 300, epoch: 14 | loss: 0.1867265
	speed: 0.0932s/iter; left time: 15116.7171s
	iters: 400, epoch: 14 | loss: 0.1959386
	speed: 0.0930s/iter; left time: 15068.4829s
	iters: 500, epoch: 14 | loss: 0.1676497
	speed: 0.0713s/iter; left time: 11552.8639s
Epoch: 14 cost time: 49.502607345581055
Epoch: 14, Steps: 566 | Train Loss: 0.1758403 Vali Loss: 0.1539145 Test Loss: 0.1758588
Validation loss decreased (0.154693 --> 0.153914).  Saving model ...
Updating learning rate to 1.6329741689701598e-05
	iters: 100, epoch: 15 | loss: 0.1722789
	speed: 0.2995s/iter; left time: 48449.2382s
	iters: 200, epoch: 15 | loss: 0.1732483
	speed: 0.0930s/iter; left time: 15035.8850s
	iters: 300, epoch: 15 | loss: 0.1704727
	speed: 0.0938s/iter; left time: 15155.8392s
	iters: 400, epoch: 15 | loss: 0.1888061
	speed: 0.0926s/iter; left time: 14955.1179s
	iters: 500, epoch: 15 | loss: 0.1957898
	speed: 0.0928s/iter; left time: 14969.7134s
Epoch: 15 cost time: 52.640188694000244
Epoch: 15, Steps: 566 | Train Loss: 0.1748723 Vali Loss: 0.1530881 Test Loss: 0.1745895
Validation loss decreased (0.153914 --> 0.153088).  Saving model ...
Updating learning rate to 1.805965949688798e-05
	iters: 100, epoch: 16 | loss: 0.1829025
	speed: 0.3170s/iter; left time: 51110.6279s
	iters: 200, epoch: 16 | loss: 0.1729849
	speed: 0.0937s/iter; left time: 15095.1587s
	iters: 300, epoch: 16 | loss: 0.1807983
	speed: 0.0936s/iter; left time: 15069.6690s
	iters: 400, epoch: 16 | loss: 0.1543159
	speed: 0.0934s/iter; left time: 15021.4708s
	iters: 500, epoch: 16 | loss: 0.1521187
	speed: 0.0935s/iter; left time: 15039.8039s
Epoch: 16 cost time: 53.271533250808716
Epoch: 16, Steps: 566 | Train Loss: 0.1738910 Vali Loss: 0.1516133 Test Loss: 0.1737230
Validation loss decreased (0.153088 --> 0.151613).  Saving model ...
Updating learning rate to 1.9882610895906937e-05
	iters: 100, epoch: 17 | loss: 0.1818443
	speed: 0.2980s/iter; left time: 47873.9139s
	iters: 200, epoch: 17 | loss: 0.1872908
	speed: 0.0836s/iter; left time: 13414.0649s
	iters: 300, epoch: 17 | loss: 0.1665823
	speed: 0.0927s/iter; left time: 14865.4027s
	iters: 400, epoch: 17 | loss: 0.1661385
	speed: 0.0933s/iter; left time: 14966.1762s
	iters: 500, epoch: 17 | loss: 0.1585910
	speed: 0.0935s/iter; left time: 14984.1544s
Epoch: 17 cost time: 50.47640919685364
Epoch: 17, Steps: 566 | Train Loss: 0.1730280 Vali Loss: 0.1508446 Test Loss: 0.1730219
Validation loss decreased (0.151613 --> 0.150845).  Saving model ...
Updating learning rate to 2.1793599009476894e-05
	iters: 100, epoch: 18 | loss: 0.1739567
	speed: 0.2922s/iter; left time: 46777.6368s
	iters: 200, epoch: 18 | loss: 0.1884335
	speed: 0.0705s/iter; left time: 11276.6241s
	iters: 300, epoch: 18 | loss: 0.1584231
	speed: 0.0805s/iter; left time: 12877.6097s
	iters: 400, epoch: 18 | loss: 0.1645980
	speed: 0.0934s/iter; left time: 14928.4406s
	iters: 500, epoch: 18 | loss: 0.1629036
	speed: 0.0937s/iter; left time: 14965.4733s
Epoch: 18 cost time: 47.5835063457489
Epoch: 18, Steps: 566 | Train Loss: 0.1721280 Vali Loss: 0.1501445 Test Loss: 0.1722713
Validation loss decreased (0.150845 --> 0.150145).  Saving model ...
Updating learning rate to 2.3787385643592792e-05
	iters: 100, epoch: 19 | loss: 0.1693622
	speed: 0.3029s/iter; left time: 48309.7029s
	iters: 200, epoch: 19 | loss: 0.1780655
	speed: 0.0659s/iter; left time: 10499.0070s
	iters: 300, epoch: 19 | loss: 0.1711024
	speed: 0.0698s/iter; left time: 11115.5947s
	iters: 400, epoch: 19 | loss: 0.1610691
	speed: 0.0770s/iter; left time: 12253.6339s
	iters: 500, epoch: 19 | loss: 0.1757260
	speed: 0.0933s/iter; left time: 14852.8970s
Epoch: 19 cost time: 45.10047245025635
Epoch: 19, Steps: 566 | Train Loss: 0.1711346 Vali Loss: 0.1510672 Test Loss: 0.1719835
EarlyStopping counter: 1 out of 20
Updating learning rate to 2.5858505645896988e-05
	iters: 100, epoch: 20 | loss: 0.1667210
	speed: 0.3153s/iter; left time: 50114.0458s
	iters: 200, epoch: 20 | loss: 0.1711978
	speed: 0.0820s/iter; left time: 13027.3284s
	iters: 300, epoch: 20 | loss: 0.1784510
	speed: 0.0661s/iter; left time: 10497.5809s
	iters: 400, epoch: 20 | loss: 0.1318130
	speed: 0.0690s/iter; left time: 10952.2775s
	iters: 500, epoch: 20 | loss: 0.1599037
	speed: 0.0719s/iter; left time: 11395.2765s
Epoch: 20 cost time: 45.05218434333801
Epoch: 20, Steps: 566 | Train Loss: 0.1703776 Vali Loss: 0.1486988 Test Loss: 0.1710067
Validation loss decreased (0.150145 --> 0.148699).  Saving model ...
Updating learning rate to 2.8001281886164074e-05
	iters: 100, epoch: 21 | loss: 0.1634751
	speed: 0.3168s/iter; left time: 50169.2227s
	iters: 200, epoch: 21 | loss: 0.1891973
	speed: 0.0940s/iter; left time: 14872.5804s
	iters: 300, epoch: 21 | loss: 0.1741261
	speed: 0.0871s/iter; left time: 13775.1564s
	iters: 400, epoch: 21 | loss: 0.1835424
	speed: 0.0673s/iter; left time: 10646.6595s
	iters: 500, epoch: 21 | loss: 0.1518775
	speed: 0.0670s/iter; left time: 10585.9998s
Epoch: 21 cost time: 46.43441987037659
Epoch: 21, Steps: 566 | Train Loss: 0.1696542 Vali Loss: 0.1490847 Test Loss: 0.1704188
EarlyStopping counter: 1 out of 20
Updating learning rate to 3.020984081783644e-05
	iters: 100, epoch: 22 | loss: 0.1561493
	speed: 0.2956s/iter; left time: 46654.1587s
	iters: 200, epoch: 22 | loss: 0.1922173
	speed: 0.0931s/iter; left time: 14676.4292s
	iters: 300, epoch: 22 | loss: 0.1828663
	speed: 0.0933s/iter; left time: 14705.5395s
	iters: 400, epoch: 22 | loss: 0.1872434
	speed: 0.0932s/iter; left time: 14682.4101s
	iters: 500, epoch: 22 | loss: 0.1603265
	speed: 0.0697s/iter; left time: 10970.0736s
Epoch: 22 cost time: 49.35976314544678
Epoch: 22, Steps: 566 | Train Loss: 0.1687617 Vali Loss: 0.1476574 Test Loss: 0.1702825
Validation loss decreased (0.148699 --> 0.147657).  Saving model ...
Updating learning rate to 3.2478128577955123e-05
	iters: 100, epoch: 23 | loss: 0.1704013
	speed: 0.3056s/iter; left time: 48051.5272s
	iters: 200, epoch: 23 | loss: 0.1862810
	speed: 0.0952s/iter; left time: 14962.8871s
	iters: 300, epoch: 23 | loss: 0.1616736
	speed: 0.0939s/iter; left time: 14753.4115s
	iters: 400, epoch: 23 | loss: 0.1867367
	speed: 0.0942s/iter; left time: 14781.4605s
	iters: 500, epoch: 23 | loss: 0.1554272
	speed: 0.0936s/iter; left time: 14688.7301s
Epoch: 23 cost time: 52.40106678009033
Epoch: 23, Steps: 566 | Train Loss: 0.1679771 Vali Loss: 0.1477625 Test Loss: 0.1690248
EarlyStopping counter: 1 out of 20
Updating learning rate to 3.479992758135433e-05
	iters: 100, epoch: 24 | loss: 0.1662909
	speed: 0.3048s/iter; left time: 47749.1732s
	iters: 200, epoch: 24 | loss: 0.1718247
	speed: 0.0933s/iter; left time: 14606.4965s
	iters: 300, epoch: 24 | loss: 0.1678255
	speed: 0.0931s/iter; left time: 14564.1585s
	iters: 400, epoch: 24 | loss: 0.1497389
	speed: 0.0936s/iter; left time: 14633.2232s
	iters: 500, epoch: 24 | loss: 0.1676292
	speed: 0.0935s/iter; left time: 14611.4644s
Epoch: 24 cost time: 53.11103630065918
Epoch: 24, Steps: 566 | Train Loss: 0.1673572 Vali Loss: 0.1467869 Test Loss: 0.1690189
Validation loss decreased (0.147657 --> 0.146787).  Saving model ...
Updating learning rate to 3.7168873563633736e-05
	iters: 100, epoch: 25 | loss: 0.1567348
	speed: 0.2989s/iter; left time: 46663.6287s
	iters: 200, epoch: 25 | loss: 0.1718561
	speed: 0.0897s/iter; left time: 13989.8428s
	iters: 300, epoch: 25 | loss: 0.1558936
	speed: 0.0936s/iter; left time: 14596.3373s
	iters: 400, epoch: 25 | loss: 0.1642603
	speed: 0.0924s/iter; left time: 14403.9682s
	iters: 500, epoch: 25 | loss: 0.1453630
	speed: 0.0936s/iter; left time: 14582.0409s
Epoch: 25 cost time: 50.76231360435486
Epoch: 25, Steps: 566 | Train Loss: 0.1666020 Vali Loss: 0.1461144 Test Loss: 0.1679353
Validation loss decreased (0.146787 --> 0.146114).  Saving model ...
Updating learning rate to 3.95784730261919e-05
	iters: 100, epoch: 26 | loss: 0.1513707
	speed: 0.2938s/iter; left time: 45705.6878s
	iters: 200, epoch: 26 | loss: 0.1612030
	speed: 0.0708s/iter; left time: 11003.1228s
	iters: 300, epoch: 26 | loss: 0.1586075
	speed: 0.0874s/iter; left time: 13576.6385s
	iters: 400, epoch: 26 | loss: 0.1443500
	speed: 0.0931s/iter; left time: 14453.1218s
	iters: 500, epoch: 26 | loss: 0.1665412
	speed: 0.0934s/iter; left time: 14486.1580s
Epoch: 26 cost time: 48.17478966712952
Epoch: 26, Steps: 566 | Train Loss: 0.1658479 Vali Loss: 0.1455094 Test Loss: 0.1675981
Validation loss decreased (0.146114 --> 0.145509).  Saving model ...
Updating learning rate to 4.202212103550262e-05
	iters: 100, epoch: 27 | loss: 0.1744331
	speed: 0.2951s/iter; left time: 45737.0553s
	iters: 200, epoch: 27 | loss: 0.1765395
	speed: 0.0668s/iter; left time: 10353.8133s
	iters: 300, epoch: 27 | loss: 0.1662578
	speed: 0.0709s/iter; left time: 10968.3378s
	iters: 400, epoch: 27 | loss: 0.2115199
	speed: 0.0847s/iter; left time: 13103.3619s
	iters: 500, epoch: 27 | loss: 0.1670874
	speed: 0.0941s/iter; left time: 14549.6621s
Epoch: 27 cost time: 45.74194312095642
Epoch: 27, Steps: 566 | Train Loss: 0.1651867 Vali Loss: 0.1451131 Test Loss: 0.1670595
Validation loss decreased (0.145509 --> 0.145113).  Saving model ...
Updating learning rate to 4.4493119327844625e-05
	iters: 100, epoch: 28 | loss: 0.1472783
	speed: 0.3215s/iter; left time: 49644.3232s
	iters: 200, epoch: 28 | loss: 0.1622815
	speed: 0.0711s/iter; left time: 10966.0059s
	iters: 300, epoch: 28 | loss: 0.1828017
	speed: 0.0665s/iter; left time: 10249.2534s
	iters: 400, epoch: 28 | loss: 0.1551442
	speed: 0.0722s/iter; left time: 11134.4465s
	iters: 500, epoch: 28 | loss: 0.1851662
	speed: 0.0837s/iter; left time: 12884.3801s
Epoch: 28 cost time: 45.96441912651062
Epoch: 28, Steps: 566 | Train Loss: 0.1643509 Vali Loss: 0.1452813 Test Loss: 0.1663319
EarlyStopping counter: 1 out of 20
Updating learning rate to 4.69846946698578e-05
	iters: 100, epoch: 29 | loss: 0.1454919
	speed: 0.3202s/iter; left time: 49260.7689s
	iters: 200, epoch: 29 | loss: 0.1677214
	speed: 0.0935s/iter; left time: 14374.1487s
	iters: 300, epoch: 29 | loss: 0.1642867
	speed: 0.0715s/iter; left time: 10990.1919s
	iters: 400, epoch: 29 | loss: 0.1846712
	speed: 0.0668s/iter; left time: 10255.9116s
	iters: 500, epoch: 29 | loss: 0.1716971
	speed: 0.0701s/iter; left time: 10753.2891s
Epoch: 29 cost time: 45.295989751815796
Epoch: 29, Steps: 566 | Train Loss: 0.1637794 Vali Loss: 0.1449240 Test Loss: 0.1658970
Validation loss decreased (0.145113 --> 0.144924).  Saving model ...
Updating learning rate to 4.949001742459822e-05
	iters: 100, epoch: 30 | loss: 0.1831088
	speed: 0.3070s/iter; left time: 47066.1984s
	iters: 200, epoch: 30 | loss: 0.1470695
	speed: 0.0932s/iter; left time: 14279.5345s
	iters: 300, epoch: 30 | loss: 0.1483594
	speed: 0.0935s/iter; left time: 14318.4708s
	iters: 400, epoch: 30 | loss: 0.1425236
	speed: 0.0760s/iter; left time: 11621.4516s
	iters: 500, epoch: 30 | loss: 0.1719481
	speed: 0.0665s/iter; left time: 10162.4861s
Epoch: 30 cost time: 47.609763860702515
Epoch: 30, Steps: 566 | Train Loss: 0.1630223 Vali Loss: 0.1439624 Test Loss: 0.1652122
Validation loss decreased (0.144924 --> 0.143962).  Saving model ...
Updating learning rate to 5.200222027220057e-05
	iters: 100, epoch: 31 | loss: 0.1531944
	speed: 0.3091s/iter; left time: 47202.2180s
	iters: 200, epoch: 31 | loss: 0.1598170
	speed: 0.0937s/iter; left time: 14304.9602s
	iters: 300, epoch: 31 | loss: 0.1788629
	speed: 0.0932s/iter; left time: 14214.8287s
	iters: 400, epoch: 31 | loss: 0.1746537
	speed: 0.0938s/iter; left time: 14291.6135s
	iters: 500, epoch: 31 | loss: 0.1528241
	speed: 0.0753s/iter; left time: 11473.4980s
Epoch: 31 cost time: 50.010645389556885
Epoch: 31, Steps: 566 | Train Loss: 0.1624554 Vali Loss: 0.1431440 Test Loss: 0.1649343
Validation loss decreased (0.143962 --> 0.143144).  Saving model ...
Updating learning rate to 5.451441703383282e-05
	iters: 100, epoch: 32 | loss: 0.1896910
	speed: 0.3009s/iter; left time: 45776.4714s
	iters: 200, epoch: 32 | loss: 0.1496551
	speed: 0.0940s/iter; left time: 14290.6433s
	iters: 300, epoch: 32 | loss: 0.1957375
	speed: 0.0938s/iter; left time: 14257.4473s
	iters: 400, epoch: 32 | loss: 0.1524736
	speed: 0.0930s/iter; left time: 14119.3886s
	iters: 500, epoch: 32 | loss: 0.1856874
	speed: 0.0932s/iter; left time: 14139.9937s
Epoch: 32 cost time: 53.346402645111084
Epoch: 32, Steps: 566 | Train Loss: 0.1615666 Vali Loss: 0.1439844 Test Loss: 0.1647887
EarlyStopping counter: 1 out of 20
Updating learning rate to 5.701972154734514e-05
	iters: 100, epoch: 33 | loss: 0.1577379
	speed: 0.3243s/iter; left time: 49162.5529s
	iters: 200, epoch: 33 | loss: 0.1519866
	speed: 0.0929s/iter; left time: 14079.6190s
	iters: 300, epoch: 33 | loss: 0.1657572
	speed: 0.0930s/iter; left time: 14072.4613s
	iters: 400, epoch: 33 | loss: 0.1783196
	speed: 0.0934s/iter; left time: 14136.6055s
	iters: 500, epoch: 33 | loss: 0.1544195
	speed: 0.0929s/iter; left time: 14038.0390s
Epoch: 33 cost time: 52.50726103782654
Epoch: 33, Steps: 566 | Train Loss: 0.1610631 Vali Loss: 0.1419500 Test Loss: 0.1645006
Validation loss decreased (0.143144 --> 0.141950).  Saving model ...
Updating learning rate to 5.951126654287307e-05
	iters: 100, epoch: 34 | loss: 0.1802128
	speed: 0.3068s/iter; left time: 46340.5282s
	iters: 200, epoch: 34 | loss: 0.1466902
	speed: 0.0871s/iter; left time: 13146.0162s
	iters: 300, epoch: 34 | loss: 0.1423828
	speed: 0.0931s/iter; left time: 14040.8729s
	iters: 400, epoch: 34 | loss: 0.1652473
	speed: 0.0938s/iter; left time: 14136.0855s
	iters: 500, epoch: 34 | loss: 0.1527708
	speed: 0.0944s/iter; left time: 14224.7392s
Epoch: 34 cost time: 50.86307907104492
Epoch: 34, Steps: 566 | Train Loss: 0.1602885 Vali Loss: 0.1418004 Test Loss: 0.1640693
Validation loss decreased (0.141950 --> 0.141800).  Saving model ...
Updating learning rate to 6.198222246665521e-05
	iters: 100, epoch: 35 | loss: 0.1443787
	speed: 0.2989s/iter; left time: 44972.6607s
	iters: 200, epoch: 35 | loss: 0.1491879
	speed: 0.0702s/iter; left time: 10551.7354s
	iters: 300, epoch: 35 | loss: 0.1658455
	speed: 0.0882s/iter; left time: 13249.3747s
	iters: 400, epoch: 35 | loss: 0.1788532
	speed: 0.0930s/iter; left time: 13969.2363s
	iters: 500, epoch: 35 | loss: 0.1472846
	speed: 0.0932s/iter; left time: 13988.3844s
Epoch: 35 cost time: 48.148831605911255
Epoch: 35, Steps: 566 | Train Loss: 0.1595297 Vali Loss: 0.1413908 Test Loss: 0.1629737
Validation loss decreased (0.141800 --> 0.141391).  Saving model ...
Updating learning rate to 6.442581620146759e-05
	iters: 100, epoch: 36 | loss: 0.1770860
	speed: 0.2934s/iter; left time: 43972.5723s
	iters: 200, epoch: 36 | loss: 0.1542649
	speed: 0.0663s/iter; left time: 9934.6430s
	iters: 300, epoch: 36 | loss: 0.1826684
	speed: 0.0709s/iter; left time: 10605.9811s
	iters: 400, epoch: 36 | loss: 0.1386840
	speed: 0.0851s/iter; left time: 12736.9912s
	iters: 500, epoch: 36 | loss: 0.1568101
	speed: 0.0938s/iter; left time: 14017.0046s
Epoch: 36 cost time: 45.47132658958435
Epoch: 36, Steps: 566 | Train Loss: 0.1590381 Vali Loss: 0.1410355 Test Loss: 0.1624875
Validation loss decreased (0.141391 --> 0.141036).  Saving model ...
Updating learning rate to 6.683534963236026e-05
	iters: 100, epoch: 37 | loss: 0.1546593
	speed: 0.3186s/iter; left time: 47581.0915s
	iters: 200, epoch: 37 | loss: 0.1566957
	speed: 0.0706s/iter; left time: 10530.0233s
	iters: 300, epoch: 37 | loss: 0.1398109
	speed: 0.0667s/iter; left time: 9940.6770s
	iters: 400, epoch: 37 | loss: 0.1670352
	speed: 0.0715s/iter; left time: 10652.1695s
	iters: 500, epoch: 37 | loss: 0.1740789
	speed: 0.0845s/iter; left time: 12587.2559s
Epoch: 37 cost time: 45.71428894996643
Epoch: 37, Steps: 566 | Train Loss: 0.1582884 Vali Loss: 0.1399645 Test Loss: 0.1625415
Validation loss decreased (0.141036 --> 0.139965).  Saving model ...
Updating learning rate to 6.920421800680592e-05
	iters: 100, epoch: 38 | loss: 0.1492972
	speed: 0.3203s/iter; left time: 47648.7433s
	iters: 200, epoch: 38 | loss: 0.1542381
	speed: 0.0934s/iter; left time: 13878.8258s
	iters: 300, epoch: 38 | loss: 0.1521111
	speed: 0.0706s/iter; left time: 10482.1725s
	iters: 400, epoch: 38 | loss: 0.1593067
	speed: 0.0658s/iter; left time: 9766.6638s
	iters: 500, epoch: 38 | loss: 0.1445298
	speed: 0.0701s/iter; left time: 10396.0987s
Epoch: 38 cost time: 45.32009816169739
Epoch: 38, Steps: 566 | Train Loss: 0.1577179 Vali Loss: 0.1401084 Test Loss: 0.1631125
EarlyStopping counter: 1 out of 20
Updating learning rate to 7.152592803893334e-05
	iters: 100, epoch: 39 | loss: 0.1768433
	speed: 0.3061s/iter; left time: 45361.9920s
	iters: 200, epoch: 39 | loss: 0.1637807
	speed: 0.0934s/iter; left time: 13824.7676s
	iters: 300, epoch: 39 | loss: 0.1770891
	speed: 0.0929s/iter; left time: 13745.8141s
	iters: 400, epoch: 39 | loss: 0.1483188
	speed: 0.0773s/iter; left time: 11437.4198s
	iters: 500, epoch: 39 | loss: 0.1563254
	speed: 0.0666s/iter; left time: 9835.7379s
Epoch: 39 cost time: 47.72959852218628
Epoch: 39, Steps: 566 | Train Loss: 0.1568483 Vali Loss: 0.1399229 Test Loss: 0.1620893
Validation loss decreased (0.139965 --> 0.139923).  Saving model ...
Updating learning rate to 7.379411570822061e-05
	iters: 100, epoch: 40 | loss: 0.1642850
	speed: 0.3041s/iter; left time: 44888.1145s
	iters: 200, epoch: 40 | loss: 0.1445397
	speed: 0.0935s/iter; left time: 13794.0800s
	iters: 300, epoch: 40 | loss: 0.1711426
	speed: 0.0934s/iter; left time: 13776.9615s
	iters: 400, epoch: 40 | loss: 0.1513293
	speed: 0.0935s/iter; left time: 13769.3008s
	iters: 500, epoch: 40 | loss: 0.1699035
	speed: 0.0800s/iter; left time: 11773.2777s
Epoch: 40 cost time: 50.63712167739868
Epoch: 40, Steps: 566 | Train Loss: 0.1563897 Vali Loss: 0.1401998 Test Loss: 0.1612243
EarlyStopping counter: 1 out of 20
Updating learning rate to 7.600256370386012e-05
	iters: 100, epoch: 41 | loss: 0.1658946
	speed: 0.3042s/iter; left time: 44728.6627s
	iters: 200, epoch: 41 | loss: 0.1486577
	speed: 0.0936s/iter; left time: 13752.2947s
	iters: 300, epoch: 41 | loss: 0.1478792
	speed: 0.0945s/iter; left time: 13876.9181s
	iters: 400, epoch: 41 | loss: 0.1514694
	speed: 0.0943s/iter; left time: 13838.6687s
	iters: 500, epoch: 41 | loss: 0.1486558
	speed: 0.0930s/iter; left time: 13636.5766s
Epoch: 41 cost time: 54.050756216049194
Epoch: 41, Steps: 566 | Train Loss: 0.1555332 Vali Loss: 0.1385260 Test Loss: 0.1599336
Validation loss decreased (0.139923 --> 0.138526).  Saving model ...
Updating learning rate to 7.814521846697872e-05
	iters: 100, epoch: 42 | loss: 0.1781218
	speed: 0.3118s/iter; left time: 45675.8401s
	iters: 200, epoch: 42 | loss: 0.1415939
	speed: 0.0931s/iter; left time: 13625.3344s
	iters: 300, epoch: 42 | loss: 0.1487918
	speed: 0.0940s/iter; left time: 13754.9471s
	iters: 400, epoch: 42 | loss: 0.1470566
	speed: 0.0930s/iter; left time: 13598.0848s
	iters: 500, epoch: 42 | loss: 0.1510259
	speed: 0.0930s/iter; left time: 13592.3094s
Epoch: 42 cost time: 52.058900356292725
Epoch: 42, Steps: 566 | Train Loss: 0.1550008 Vali Loss: 0.1394645 Test Loss: 0.1607703
EarlyStopping counter: 1 out of 20
Updating learning rate to 8.021620678399888e-05
	iters: 100, epoch: 43 | loss: 0.1444211
	speed: 0.2938s/iter; left time: 42873.5270s
	iters: 200, epoch: 43 | loss: 0.1391445
	speed: 0.0768s/iter; left time: 11200.4225s
	iters: 300, epoch: 43 | loss: 0.1525213
	speed: 0.0935s/iter; left time: 13631.1169s
	iters: 400, epoch: 43 | loss: 0.1771388
	speed: 0.0936s/iter; left time: 13636.1712s
	iters: 500, epoch: 43 | loss: 0.1380512
	speed: 0.0934s/iter; left time: 13593.9247s
Epoch: 43 cost time: 49.67310953140259
Epoch: 43, Steps: 566 | Train Loss: 0.1542265 Vali Loss: 0.1382081 Test Loss: 0.1606040
Validation loss decreased (0.138526 --> 0.138208).  Saving model ...
Updating learning rate to 8.22098518856566e-05
	iters: 100, epoch: 44 | loss: 0.1449055
	speed: 0.2906s/iter; left time: 42241.8996s
	iters: 200, epoch: 44 | loss: 0.1482418
	speed: 0.0696s/iter; left time: 10103.7896s
	iters: 300, epoch: 44 | loss: 0.1648243
	speed: 0.0729s/iter; left time: 10580.0323s
	iters: 400, epoch: 44 | loss: 0.1545858
	speed: 0.0938s/iter; left time: 13607.8143s
	iters: 500, epoch: 44 | loss: 0.1402257
	speed: 0.0944s/iter; left time: 13678.0235s
Epoch: 44 cost time: 46.70827031135559
Epoch: 44, Steps: 566 | Train Loss: 0.1536277 Vali Loss: 0.1390932 Test Loss: 0.1603448
EarlyStopping counter: 1 out of 20
Updating learning rate to 8.412068900754781e-05
	iters: 100, epoch: 45 | loss: 0.1622981
	speed: 0.3102s/iter; left time: 44912.1232s
	iters: 200, epoch: 45 | loss: 0.1400509
	speed: 0.0669s/iter; left time: 9678.1760s
	iters: 300, epoch: 45 | loss: 0.1410371
	speed: 0.0681s/iter; left time: 9852.5853s
	iters: 400, epoch: 45 | loss: 0.1405718
	speed: 0.0715s/iter; left time: 10330.0853s
	iters: 500, epoch: 45 | loss: 0.1385767
	speed: 0.0939s/iter; left time: 13559.9360s
Epoch: 45 cost time: 45.53550314903259
Epoch: 45, Steps: 566 | Train Loss: 0.1529185 Vali Loss: 0.1360993 Test Loss: 0.1583615
Validation loss decreased (0.138208 --> 0.136099).  Saving model ...
Updating learning rate to 8.594348036954938e-05
	iters: 100, epoch: 46 | loss: 0.1435328
	speed: 0.3195s/iter; left time: 46077.9611s
	iters: 200, epoch: 46 | loss: 0.1555645
	speed: 0.0866s/iter; left time: 12478.6231s
	iters: 300, epoch: 46 | loss: 0.1326262
	speed: 0.0677s/iter; left time: 9758.0640s
	iters: 400, epoch: 46 | loss: 0.1555256
	speed: 0.0678s/iter; left time: 9753.4626s
	iters: 500, epoch: 46 | loss: 0.1480822
	speed: 0.0688s/iter; left time: 9901.5686s
Epoch: 46 cost time: 45.31065893173218
Epoch: 46, Steps: 566 | Train Loss: 0.1521491 Vali Loss: 0.1376093 Test Loss: 0.1589279
EarlyStopping counter: 1 out of 20
Updating learning rate to 8.767322953305603e-05
	iters: 100, epoch: 47 | loss: 0.1443456
	speed: 0.3130s/iter; left time: 44961.7920s
	iters: 200, epoch: 47 | loss: 0.1491004
	speed: 0.0939s/iter; left time: 13487.1873s
	iters: 300, epoch: 47 | loss: 0.1674218
	speed: 0.0932s/iter; left time: 13371.2461s
	iters: 400, epoch: 47 | loss: 0.1754702
	speed: 0.0679s/iter; left time: 9736.8747s
	iters: 500, epoch: 47 | loss: 0.1500194
	speed: 0.0661s/iter; left time: 9465.2444s
Epoch: 47 cost time: 46.84943222999573
Epoch: 47, Steps: 566 | Train Loss: 0.1515501 Vali Loss: 0.1365776 Test Loss: 0.1588514
EarlyStopping counter: 2 out of 20
Updating learning rate to 8.930519509667737e-05
	iters: 100, epoch: 48 | loss: 0.1507662
	speed: 0.2993s/iter; left time: 42824.3562s
	iters: 200, epoch: 48 | loss: 0.1441988
	speed: 0.0941s/iter; left time: 13450.4977s
	iters: 300, epoch: 48 | loss: 0.1616179
	speed: 0.0943s/iter; left time: 13476.2742s
	iters: 400, epoch: 48 | loss: 0.1484246
	speed: 0.0933s/iter; left time: 13322.4718s
	iters: 500, epoch: 48 | loss: 0.1580745
	speed: 0.0717s/iter; left time: 10233.0392s
Epoch: 48 cost time: 49.9303822517395
Epoch: 48, Steps: 566 | Train Loss: 0.1507122 Vali Loss: 0.1359656 Test Loss: 0.1585146
Validation loss decreased (0.136099 --> 0.135966).  Saving model ...
Updating learning rate to 9.08349036928549e-05
	iters: 100, epoch: 49 | loss: 0.1447925
	speed: 0.2982s/iter; left time: 42501.8514s
	iters: 200, epoch: 49 | loss: 0.1585616
	speed: 0.0942s/iter; left time: 13411.8154s
	iters: 300, epoch: 49 | loss: 0.1423457
	speed: 0.0939s/iter; left time: 13361.3971s
	iters: 400, epoch: 49 | loss: 0.1450457
	speed: 0.0934s/iter; left time: 13281.8417s
	iters: 500, epoch: 49 | loss: 0.1386731
	speed: 0.0942s/iter; left time: 13393.3493s
Epoch: 49 cost time: 53.14750051498413
Epoch: 49, Steps: 566 | Train Loss: 0.1500279 Vali Loss: 0.1357360 Test Loss: 0.1582779
Validation loss decreased (0.135966 --> 0.135736).  Saving model ...
Updating learning rate to 9.225816224977352e-05
	iters: 100, epoch: 50 | loss: 0.1681013
	speed: 0.3076s/iter; left time: 43666.8748s
	iters: 200, epoch: 50 | loss: 0.1468983
	speed: 0.0939s/iter; left time: 13327.0611s
	iters: 300, epoch: 50 | loss: 0.1442822
	speed: 0.0939s/iter; left time: 13310.4944s
	iters: 400, epoch: 50 | loss: 0.1533621
	speed: 0.0941s/iter; left time: 13326.4321s
	iters: 500, epoch: 50 | loss: 0.1456674
	speed: 0.0938s/iter; left time: 13279.4273s
Epoch: 50 cost time: 52.784079790115356
Epoch: 50, Steps: 566 | Train Loss: 0.1494845 Vali Loss: 0.1357264 Test Loss: 0.1590882
Validation loss decreased (0.135736 --> 0.135726).  Saving model ...
Updating learning rate to 9.357106948495658e-05
	iters: 100, epoch: 51 | loss: 0.1515662
	speed: 0.2936s/iter; left time: 41519.7437s
	iters: 200, epoch: 51 | loss: 0.1408896
	speed: 0.0804s/iter; left time: 11356.9091s
	iters: 300, epoch: 51 | loss: 0.1315657
	speed: 0.0936s/iter; left time: 13217.7489s
	iters: 400, epoch: 51 | loss: 0.1402241
	speed: 0.0941s/iter; left time: 13273.7241s
	iters: 500, epoch: 51 | loss: 0.1401122
	speed: 0.0928s/iter; left time: 13080.4260s
Epoch: 51 cost time: 50.08804965019226
Epoch: 51, Steps: 566 | Train Loss: 0.1486776 Vali Loss: 0.1379004 Test Loss: 0.1593214
EarlyStopping counter: 1 out of 20
Updating learning rate to 9.477002659903958e-05
	iters: 100, epoch: 52 | loss: 0.1461608
	speed: 0.2855s/iter; left time: 40204.4061s
	iters: 200, epoch: 52 | loss: 0.1559425
	speed: 0.0694s/iter; left time: 9772.8699s
	iters: 300, epoch: 52 | loss: 0.1346778
	speed: 0.0756s/iter; left time: 10635.4585s
	iters: 400, epoch: 52 | loss: 0.1424446
	speed: 0.0926s/iter; left time: 13007.6868s
	iters: 500, epoch: 52 | loss: 0.1437007
	speed: 0.0930s/iter; left time: 13056.0858s
Epoch: 52 cost time: 46.567209005355835
Epoch: 52, Steps: 566 | Train Loss: 0.1479506 Vali Loss: 0.1354786 Test Loss: 0.1572580
Validation loss decreased (0.135726 --> 0.135479).  Saving model ...
Updating learning rate to 9.585174714041003e-05
	iters: 100, epoch: 53 | loss: 0.1520807
	speed: 0.3082s/iter; left time: 43233.2510s
	iters: 200, epoch: 53 | loss: 0.1553381
	speed: 0.0664s/iter; left time: 9307.5345s
	iters: 300, epoch: 53 | loss: 0.1631855
	speed: 0.0695s/iter; left time: 9736.6537s
	iters: 400, epoch: 53 | loss: 0.1755292
	speed: 0.0737s/iter; left time: 10322.5102s
	iters: 500, epoch: 53 | loss: 0.1577308
	speed: 0.0938s/iter; left time: 13121.1063s
Epoch: 53 cost time: 45.85945963859558
Epoch: 53, Steps: 566 | Train Loss: 0.1473425 Vali Loss: 0.1351840 Test Loss: 0.1571422
Validation loss decreased (0.135479 --> 0.135184).  Saving model ...
Updating learning rate to 9.681326601367315e-05
	iters: 100, epoch: 54 | loss: 0.1682917
	speed: 0.3169s/iter; left time: 44271.4431s
	iters: 200, epoch: 54 | loss: 0.1483683
	speed: 0.0836s/iter; left time: 11669.4826s
	iters: 300, epoch: 54 | loss: 0.1489040
	speed: 0.0667s/iter; left time: 9297.9604s
	iters: 400, epoch: 54 | loss: 0.1406988
	speed: 0.0696s/iter; left time: 9702.7260s
	iters: 500, epoch: 54 | loss: 0.1400712
	speed: 0.0739s/iter; left time: 10288.7076s
Epoch: 54 cost time: 45.634387254714966
Epoch: 54, Steps: 566 | Train Loss: 0.1465119 Vali Loss: 0.1347193 Test Loss: 0.1578366
Validation loss decreased (0.135184 --> 0.134719).  Saving model ...
Updating learning rate to 9.765194760725084e-05
	iters: 100, epoch: 55 | loss: 0.1733419
	speed: 0.3168s/iter; left time: 44076.9424s
	iters: 200, epoch: 55 | loss: 0.1404515
	speed: 0.0940s/iter; left time: 13068.7326s
	iters: 300, epoch: 55 | loss: 0.1400133
	speed: 0.0853s/iter; left time: 11845.4864s
	iters: 400, epoch: 55 | loss: 0.1440961
	speed: 0.0665s/iter; left time: 9233.1442s
	iters: 500, epoch: 55 | loss: 0.1376928
	speed: 0.0695s/iter; left time: 9637.9139s
Epoch: 55 cost time: 46.23686742782593
Epoch: 55, Steps: 566 | Train Loss: 0.1458780 Vali Loss: 0.1345418 Test Loss: 0.1580939
Validation loss decreased (0.134719 --> 0.134542).  Saving model ...
Updating learning rate to 9.836549301783519e-05
	iters: 100, epoch: 56 | loss: 0.1457415
	speed: 0.2985s/iter; left time: 41360.0557s
	iters: 200, epoch: 56 | loss: 0.1395436
	speed: 0.0930s/iter; left time: 12880.9000s
	iters: 300, epoch: 56 | loss: 0.1469448
	speed: 0.0935s/iter; left time: 12942.3578s
	iters: 400, epoch: 56 | loss: 0.1402335
	speed: 0.0908s/iter; left time: 12554.8349s
	iters: 500, epoch: 56 | loss: 0.1522997
	speed: 0.0678s/iter; left time: 9364.8095s
Epoch: 56 cost time: 48.906418561935425
Epoch: 56, Steps: 566 | Train Loss: 0.1451030 Vali Loss: 0.1343619 Test Loss: 0.1571786
Validation loss decreased (0.134542 --> 0.134362).  Saving model ...
Updating learning rate to 9.895194635189364e-05
	iters: 100, epoch: 57 | loss: 0.1283979
	speed: 0.3010s/iter; left time: 41543.0758s
	iters: 200, epoch: 57 | loss: 0.1389818
	speed: 0.0925s/iter; left time: 12760.6022s
	iters: 300, epoch: 57 | loss: 0.1529024
	speed: 0.0930s/iter; left time: 12809.9940s
	iters: 400, epoch: 57 | loss: 0.1537339
	speed: 0.0937s/iter; left time: 12902.5319s
	iters: 500, epoch: 57 | loss: 0.1751201
	speed: 0.0895s/iter; left time: 12313.2493s
Epoch: 57 cost time: 51.35279154777527
Epoch: 57, Steps: 566 | Train Loss: 0.1444105 Vali Loss: 0.1342843 Test Loss: 0.1571467
Validation loss decreased (0.134362 --> 0.134284).  Saving model ...
Updating learning rate to 9.940970008695292e-05
	iters: 100, epoch: 58 | loss: 0.1419342
	speed: 0.3119s/iter; left time: 42871.8422s
	iters: 200, epoch: 58 | loss: 0.1519069
	speed: 0.0933s/iter; left time: 12817.6314s
	iters: 300, epoch: 58 | loss: 0.1417139
	speed: 0.0937s/iter; left time: 12853.6669s
	iters: 400, epoch: 58 | loss: 0.1429153
	speed: 0.0929s/iter; left time: 12739.8122s
	iters: 500, epoch: 58 | loss: 0.1313784
	speed: 0.0943s/iter; left time: 12920.2950s
Epoch: 58 cost time: 53.439398527145386
Epoch: 58, Steps: 566 | Train Loss: 0.1438481 Vali Loss: 0.1337306 Test Loss: 0.1570655
Validation loss decreased (0.134284 --> 0.133731).  Saving model ...
Updating learning rate to 9.973749947796582e-05
	iters: 100, epoch: 59 | loss: 0.1414139
	speed: 0.3121s/iter; left time: 42723.5411s
	iters: 200, epoch: 59 | loss: 0.1433672
	speed: 0.0931s/iter; left time: 12728.0954s
	iters: 300, epoch: 59 | loss: 0.1432735
	speed: 0.0939s/iter; left time: 12835.7409s
	iters: 400, epoch: 59 | loss: 0.1328614
	speed: 0.0936s/iter; left time: 12787.0277s
	iters: 500, epoch: 59 | loss: 0.1463207
	speed: 0.0934s/iter; left time: 12743.9051s
Epoch: 59 cost time: 52.21584486961365
Epoch: 59, Steps: 566 | Train Loss: 0.1428865 Vali Loss: 0.1341514 Test Loss: 0.1579050
EarlyStopping counter: 1 out of 20
Updating learning rate to 9.993444599668261e-05
	iters: 100, epoch: 60 | loss: 0.1361971
	speed: 0.2947s/iter; left time: 40168.7825s
	iters: 200, epoch: 60 | loss: 0.1471225
	speed: 0.0789s/iter; left time: 10750.2419s
	iters: 300, epoch: 60 | loss: 0.1414474
	speed: 0.0939s/iter; left time: 12784.7377s
	iters: 400, epoch: 60 | loss: 0.1473129
	speed: 0.0936s/iter; left time: 12732.8145s
	iters: 500, epoch: 60 | loss: 0.1404575
	speed: 0.0924s/iter; left time: 12557.5674s
Epoch: 60 cost time: 49.90435600280762
Epoch: 60, Steps: 566 | Train Loss: 0.1422347 Vali Loss: 0.1335676 Test Loss: 0.1569573
Validation loss decreased (0.133731 --> 0.133568).  Saving model ...
Updating learning rate to 9.999999998662842e-05
	iters: 100, epoch: 61 | loss: 0.1437634
	speed: 0.2882s/iter; left time: 39126.3109s
	iters: 200, epoch: 61 | loss: 0.1488617
	speed: 0.0697s/iter; left time: 9455.4351s
	iters: 300, epoch: 61 | loss: 0.1192528
	speed: 0.0782s/iter; left time: 10594.8918s
	iters: 400, epoch: 61 | loss: 0.1520598
	speed: 0.0945s/iter; left time: 12792.8167s
	iters: 500, epoch: 61 | loss: 0.1382665
	speed: 0.0934s/iter; left time: 12641.4291s
Epoch: 61 cost time: 47.22612166404724
Epoch: 61, Steps: 566 | Train Loss: 0.1415700 Vali Loss: 0.1339782 Test Loss: 0.1577836
EarlyStopping counter: 1 out of 20
Updating learning rate to 9.999570124627006e-05
	iters: 100, epoch: 62 | loss: 0.1423853
	speed: 0.3014s/iter; left time: 40747.1450s
	iters: 200, epoch: 62 | loss: 0.1328873
	speed: 0.0667s/iter; left time: 9008.5896s
	iters: 300, epoch: 62 | loss: 0.1601278
	speed: 0.0696s/iter; left time: 9394.8525s
	iters: 400, epoch: 62 | loss: 0.1282563
	speed: 0.0751s/iter; left time: 10133.3900s
	iters: 500, epoch: 62 | loss: 0.1393289
	speed: 0.0933s/iter; left time: 12570.0165s
Epoch: 62 cost time: 45.41977882385254
Epoch: 62, Steps: 566 | Train Loss: 0.1409299 Vali Loss: 0.1351060 Test Loss: 0.1588938
EarlyStopping counter: 2 out of 20
Updating learning rate to 9.99828360341507e-05
	iters: 100, epoch: 63 | loss: 0.1451886
	speed: 0.3141s/iter; left time: 42285.3778s
	iters: 200, epoch: 63 | loss: 0.1427061
	speed: 0.0845s/iter; left time: 11362.2270s
	iters: 300, epoch: 63 | loss: 0.1380353
	speed: 0.0666s/iter; left time: 8945.8450s
	iters: 400, epoch: 63 | loss: 0.1403461
	speed: 0.0700s/iter; left time: 9400.0046s
	iters: 500, epoch: 63 | loss: 0.1380114
	speed: 0.0723s/iter; left time: 9704.7647s
Epoch: 63 cost time: 45.479395151138306
Epoch: 63, Steps: 566 | Train Loss: 0.1402264 Vali Loss: 0.1340093 Test Loss: 0.1578407
EarlyStopping counter: 3 out of 20
Updating learning rate to 9.99614065546582e-05
	iters: 100, epoch: 64 | loss: 0.1282372
	speed: 0.3139s/iter; left time: 42078.7612s
	iters: 200, epoch: 64 | loss: 0.1523490
	speed: 0.0939s/iter; left time: 12573.8740s
	iters: 300, epoch: 64 | loss: 0.1384893
	speed: 0.0879s/iter; left time: 11765.7397s
	iters: 400, epoch: 64 | loss: 0.1372082
	speed: 0.0676s/iter; left time: 9036.9450s
	iters: 500, epoch: 64 | loss: 0.1371867
	speed: 0.0683s/iter; left time: 9127.1302s
Epoch: 64 cost time: 46.619035482406616
Epoch: 64, Steps: 566 | Train Loss: 0.1394449 Vali Loss: 0.1330210 Test Loss: 0.1577124
Validation loss decreased (0.133568 --> 0.133021).  Saving model ...
Updating learning rate to 9.993141647962354e-05
	iters: 100, epoch: 65 | loss: 0.1395581
	speed: 0.3027s/iter; left time: 40406.2934s
	iters: 200, epoch: 65 | loss: 0.1376852
	speed: 0.0936s/iter; left time: 12488.0496s
	iters: 300, epoch: 65 | loss: 0.1509479
	speed: 0.0943s/iter; left time: 12568.3663s
	iters: 400, epoch: 65 | loss: 0.1435695
	speed: 0.0903s/iter; left time: 12023.7763s
	iters: 500, epoch: 65 | loss: 0.1348650
	speed: 0.0681s/iter; left time: 9058.7213s
Epoch: 65 cost time: 49.32890224456787
Epoch: 65, Steps: 566 | Train Loss: 0.1386036 Vali Loss: 0.1336029 Test Loss: 0.1584877
EarlyStopping counter: 1 out of 20
Updating learning rate to 9.989287094769172e-05
	iters: 100, epoch: 66 | loss: 0.1330345
	speed: 0.2946s/iter; left time: 39159.6219s
	iters: 200, epoch: 66 | loss: 0.1400149
	speed: 0.0934s/iter; left time: 12400.8365s
	iters: 300, epoch: 66 | loss: 0.1252267
	speed: 0.0936s/iter; left time: 12418.6762s
	iters: 400, epoch: 66 | loss: 0.1431934
	speed: 0.0937s/iter; left time: 12421.0740s
	iters: 500, epoch: 66 | loss: 0.1341599
	speed: 0.0938s/iter; left time: 12427.3122s
Epoch: 66 cost time: 52.05234241485596
Epoch: 66, Steps: 566 | Train Loss: 0.1380748 Vali Loss: 0.1335661 Test Loss: 0.1586306
EarlyStopping counter: 2 out of 20
Updating learning rate to 9.984577656344117e-05
	iters: 100, epoch: 67 | loss: 0.1485445
	speed: 0.3130s/iter; left time: 41424.0635s
	iters: 200, epoch: 67 | loss: 0.1376431
	speed: 0.0941s/iter; left time: 12447.5463s
	iters: 300, epoch: 67 | loss: 0.1258880
	speed: 0.0934s/iter; left time: 12342.6658s
	iters: 400, epoch: 67 | loss: 0.1359912
	speed: 0.0930s/iter; left time: 12283.5318s
	iters: 500, epoch: 67 | loss: 0.1260078
	speed: 0.0940s/iter; left time: 12404.5292s
Epoch: 67 cost time: 53.75571417808533
Epoch: 67, Steps: 566 | Train Loss: 0.1373338 Vali Loss: 0.1340410 Test Loss: 0.1595022
EarlyStopping counter: 3 out of 20
Updating learning rate to 9.979014139625222e-05
	iters: 100, epoch: 68 | loss: 0.1358552
	speed: 0.3154s/iter; left time: 41561.4050s
	iters: 200, epoch: 68 | loss: 0.1287811
	speed: 0.0921s/iter; left time: 12123.8906s
	iters: 300, epoch: 68 | loss: 0.1316821
	speed: 0.0928s/iter; left time: 12208.9152s
	iters: 400, epoch: 68 | loss: 0.1337692
	speed: 0.0930s/iter; left time: 12228.7403s
	iters: 500, epoch: 68 | loss: 0.1349728
	speed: 0.0933s/iter; left time: 12259.6781s
Epoch: 68 cost time: 52.18100142478943
Epoch: 68, Steps: 566 | Train Loss: 0.1366821 Vali Loss: 0.1344943 Test Loss: 0.1602441
EarlyStopping counter: 4 out of 20
Updating learning rate to 9.972597497892431e-05
	iters: 100, epoch: 69 | loss: 0.1510658
	speed: 0.2945s/iter; left time: 38643.9623s
	iters: 200, epoch: 69 | loss: 0.1271405
	speed: 0.0820s/iter; left time: 10752.5940s
	iters: 300, epoch: 69 | loss: 0.1299219
	speed: 0.0935s/iter; left time: 12255.9626s
	iters: 400, epoch: 69 | loss: 0.1371732
	speed: 0.0937s/iter; left time: 12265.5685s
	iters: 500, epoch: 69 | loss: 0.1394710
	speed: 0.0935s/iter; left time: 12235.4110s
Epoch: 69 cost time: 50.31131196022034
Epoch: 69, Steps: 566 | Train Loss: 0.1359291 Vali Loss: 0.1336087 Test Loss: 0.1611160
EarlyStopping counter: 5 out of 20
Updating learning rate to 9.965328830604277e-05
	iters: 100, epoch: 70 | loss: 0.1421640
	speed: 0.2836s/iter; left time: 37055.2861s
	iters: 200, epoch: 70 | loss: 0.1350063
	speed: 0.0709s/iter; left time: 9249.6783s
	iters: 300, epoch: 70 | loss: 0.1276126
	speed: 0.0817s/iter; left time: 10657.6808s
	iters: 400, epoch: 70 | loss: 0.1274504
	speed: 0.0938s/iter; left time: 12221.8657s
	iters: 500, epoch: 70 | loss: 0.1374892
	speed: 0.0929s/iter; left time: 12096.6633s
Epoch: 70 cost time: 47.46423387527466
Epoch: 70, Steps: 566 | Train Loss: 0.1351692 Vali Loss: 0.1343258 Test Loss: 0.1607802
EarlyStopping counter: 6 out of 20
Updating learning rate to 9.957209383209479e-05
	iters: 100, epoch: 71 | loss: 0.1278871
	speed: 0.2971s/iter; left time: 38643.8211s
	iters: 200, epoch: 71 | loss: 0.1401516
	speed: 0.0666s/iter; left time: 8656.6489s
	iters: 300, epoch: 71 | loss: 0.1276064
	speed: 0.0705s/iter; left time: 9162.7157s
	iters: 400, epoch: 71 | loss: 0.1315634
	speed: 0.0775s/iter; left time: 10055.7731s
	iters: 500, epoch: 71 | loss: 0.1529136
	speed: 0.0938s/iter; left time: 12168.7828s
Epoch: 71 cost time: 45.555967569351196
Epoch: 71, Steps: 566 | Train Loss: 0.1345837 Vali Loss: 0.1348199 Test Loss: 0.1625441
EarlyStopping counter: 7 out of 20
Updating learning rate to 9.948240546933548e-05
	iters: 100, epoch: 72 | loss: 0.1413025
	speed: 0.3071s/iter; left time: 39775.2599s
	iters: 200, epoch: 72 | loss: 0.1547929
	speed: 0.0851s/iter; left time: 11017.9268s
	iters: 300, epoch: 72 | loss: 0.1252180
	speed: 0.0668s/iter; left time: 8641.4356s
	iters: 400, epoch: 72 | loss: 0.1241745
	speed: 0.0690s/iter; left time: 8917.0822s
	iters: 500, epoch: 72 | loss: 0.1337015
	speed: 0.0707s/iter; left time: 9125.1680s
Epoch: 72 cost time: 45.40095496177673
Epoch: 72, Steps: 566 | Train Loss: 0.1340391 Vali Loss: 0.1341682 Test Loss: 0.1605847
EarlyStopping counter: 8 out of 20
Updating learning rate to 9.93842385854041e-05
	iters: 100, epoch: 73 | loss: 0.1426501
	speed: 0.3108s/iter; left time: 40072.4464s
	iters: 200, epoch: 73 | loss: 0.1319997
	speed: 0.0932s/iter; left time: 12005.4043s
	iters: 300, epoch: 73 | loss: 0.1230102
	speed: 0.0937s/iter; left time: 12061.6533s
	iters: 400, epoch: 73 | loss: 0.1347440
	speed: 0.0682s/iter; left time: 8776.1048s
	iters: 500, epoch: 73 | loss: 0.1435481
	speed: 0.0664s/iter; left time: 8531.9348s
Epoch: 73 cost time: 46.90841293334961
Epoch: 73, Steps: 566 | Train Loss: 0.1330314 Vali Loss: 0.1349768 Test Loss: 0.1627089
EarlyStopping counter: 9 out of 20
Updating learning rate to 9.927761000069082e-05
	iters: 100, epoch: 74 | loss: 0.1399244
	speed: 0.2968s/iter; left time: 38104.3686s
	iters: 200, epoch: 74 | loss: 0.1358782
	speed: 0.0937s/iter; left time: 12024.4548s
	iters: 300, epoch: 74 | loss: 0.1329422
	speed: 0.0939s/iter; left time: 12040.1041s
	iters: 400, epoch: 74 | loss: 0.1195699
	speed: 0.0933s/iter; left time: 11948.1842s
	iters: 500, epoch: 74 | loss: 0.1301657
	speed: 0.0745s/iter; left time: 9534.4123s
Epoch: 74 cost time: 50.094847440719604
Epoch: 74, Steps: 566 | Train Loss: 0.1325461 Vali Loss: 0.1342961 Test Loss: 0.1620830
EarlyStopping counter: 10 out of 20
Updating learning rate to 9.916253798545473e-05
	iters: 100, epoch: 75 | loss: 0.1219571
	speed: 0.3014s/iter; left time: 38525.6548s
	iters: 200, epoch: 75 | loss: 0.1248104
	speed: 0.0926s/iter; left time: 11828.7351s
	iters: 300, epoch: 75 | loss: 0.1299203
	speed: 0.0932s/iter; left time: 11887.6980s
	iters: 400, epoch: 75 | loss: 0.1377163
	speed: 0.0928s/iter; left time: 11834.5614s
	iters: 500, epoch: 75 | loss: 0.1347654
	speed: 0.0934s/iter; left time: 11901.4096s
Epoch: 75 cost time: 52.33040904998779
Epoch: 75, Steps: 566 | Train Loss: 0.1319575 Vali Loss: 0.1350928 Test Loss: 0.1633653
EarlyStopping counter: 11 out of 20
Updating learning rate to 9.903904225669325e-05
	iters: 100, epoch: 76 | loss: 0.1445086
	speed: 0.3188s/iter; left time: 40562.1330s
	iters: 200, epoch: 76 | loss: 0.1232893
	speed: 0.0936s/iter; left time: 11907.0188s
	iters: 300, epoch: 76 | loss: 0.1269937
	speed: 0.0935s/iter; left time: 11881.4748s
	iters: 400, epoch: 76 | loss: 0.1158143
	speed: 0.0936s/iter; left time: 11885.6260s
	iters: 500, epoch: 76 | loss: 0.1252673
	speed: 0.0932s/iter; left time: 11817.5208s
Epoch: 76 cost time: 53.37113928794861
Epoch: 76, Steps: 566 | Train Loss: 0.1312727 Vali Loss: 0.1341035 Test Loss: 0.1618734
EarlyStopping counter: 12 out of 20
Updating learning rate to 9.890714397476372e-05
	iters: 100, epoch: 77 | loss: 0.1503813
	speed: 0.3042s/iter; left time: 38531.6665s
	iters: 200, epoch: 77 | loss: 0.1211403
	speed: 0.0930s/iter; left time: 11772.7252s
	iters: 300, epoch: 77 | loss: 0.1213705
	speed: 0.0937s/iter; left time: 11845.5084s
	iters: 400, epoch: 77 | loss: 0.1266048
	speed: 0.0931s/iter; left time: 11766.7722s
	iters: 500, epoch: 77 | loss: 0.1267387
	speed: 0.0929s/iter; left time: 11734.4878s
Epoch: 77 cost time: 51.603716135025024
Epoch: 77, Steps: 566 | Train Loss: 0.1305138 Vali Loss: 0.1347205 Test Loss: 0.1623646
EarlyStopping counter: 13 out of 20
Updating learning rate to 9.876686573975776e-05
	iters: 100, epoch: 78 | loss: 0.1288847
	speed: 0.2952s/iter; left time: 37233.7570s
	iters: 200, epoch: 78 | loss: 0.1255824
	speed: 0.0757s/iter; left time: 9543.5708s
	iters: 300, epoch: 78 | loss: 0.1270961
	speed: 0.0933s/iter; left time: 11743.0501s
	iters: 400, epoch: 78 | loss: 0.1239980
	speed: 0.0941s/iter; left time: 11842.0233s
	iters: 500, epoch: 78 | loss: 0.1287486
	speed: 0.0942s/iter; left time: 11839.8695s
Epoch: 78 cost time: 49.56883668899536
Epoch: 78, Steps: 566 | Train Loss: 0.1299561 Vali Loss: 0.1342864 Test Loss: 0.1622380
EarlyStopping counter: 14 out of 20
Updating learning rate to 9.861823158762876e-05
	iters: 100, epoch: 79 | loss: 0.1174122
	speed: 0.2832s/iter; left time: 35557.3175s
	iters: 200, epoch: 79 | loss: 0.1552316
	speed: 0.0689s/iter; left time: 8649.5889s
	iters: 300, epoch: 79 | loss: 0.1471726
	speed: 0.0716s/iter; left time: 8978.0182s
	iters: 400, epoch: 79 | loss: 0.1246203
	speed: 0.0935s/iter; left time: 11705.1724s
	iters: 500, epoch: 79 | loss: 0.1337407
	speed: 0.0938s/iter; left time: 11739.5359s
Epoch: 79 cost time: 46.29066038131714
Epoch: 79, Steps: 566 | Train Loss: 0.1293632 Vali Loss: 0.1341485 Test Loss: 0.1618999
EarlyStopping counter: 15 out of 20
Updating learning rate to 9.846126698607354e-05
	iters: 100, epoch: 80 | loss: 0.1471137
	speed: 0.3105s/iter; left time: 38802.8749s
	iters: 200, epoch: 80 | loss: 0.1256026
	speed: 0.0677s/iter; left time: 8451.9679s
	iters: 300, epoch: 80 | loss: 0.1252835
	speed: 0.0675s/iter; left time: 8417.3569s
	iters: 400, epoch: 80 | loss: 0.1367797
	speed: 0.0704s/iter; left time: 8773.6825s
	iters: 500, epoch: 80 | loss: 0.1251464
	speed: 0.0930s/iter; left time: 11587.4123s
Epoch: 80 cost time: 45.46502470970154
Epoch: 80, Steps: 566 | Train Loss: 0.1287539 Vali Loss: 0.1347941 Test Loss: 0.1638220
EarlyStopping counter: 16 out of 20
Updating learning rate to 9.829599883016851e-05
	iters: 100, epoch: 81 | loss: 0.1284803
	speed: 0.3138s/iter; left time: 39049.0811s
	iters: 200, epoch: 81 | loss: 0.1209613
	speed: 0.0938s/iter; left time: 11658.1011s
	iters: 300, epoch: 81 | loss: 0.1360162
	speed: 0.0669s/iter; left time: 8316.4721s
	iters: 400, epoch: 81 | loss: 0.1231080
	speed: 0.0660s/iter; left time: 8192.5425s
	iters: 500, epoch: 81 | loss: 0.1325622
	speed: 0.0706s/iter; left time: 8755.8420s
Epoch: 81 cost time: 45.50258135795593
Epoch: 81, Steps: 566 | Train Loss: 0.1280292 Vali Loss: 0.1350653 Test Loss: 0.1633733
EarlyStopping counter: 17 out of 20
Updating learning rate to 9.812245543776139e-05
	iters: 100, epoch: 82 | loss: 0.1227093
	speed: 0.3109s/iter; left time: 38504.3487s
	iters: 200, epoch: 82 | loss: 0.1243786
	speed: 0.0938s/iter; left time: 11603.3023s
	iters: 300, epoch: 82 | loss: 0.1212851
	speed: 0.0939s/iter; left time: 11613.5387s
	iters: 400, epoch: 82 | loss: 0.1239650
	speed: 0.0696s/iter; left time: 8595.2577s
	iters: 500, epoch: 82 | loss: 0.1264479
	speed: 0.0668s/iter; left time: 8241.6879s
Epoch: 82 cost time: 47.17868614196777
Epoch: 82, Steps: 566 | Train Loss: 0.1274222 Vali Loss: 0.1359911 Test Loss: 0.1652666
EarlyStopping counter: 18 out of 20
Updating learning rate to 9.794066654461903e-05
	iters: 100, epoch: 83 | loss: 0.1122385
	speed: 0.2938s/iter; left time: 36222.2243s
	iters: 200, epoch: 83 | loss: 0.1334163
	speed: 0.0936s/iter; left time: 11529.0494s
	iters: 300, epoch: 83 | loss: 0.1154118
	speed: 0.0935s/iter; left time: 11505.8004s
	iters: 400, epoch: 83 | loss: 0.1283949
	speed: 0.0941s/iter; left time: 11574.9874s
	iters: 500, epoch: 83 | loss: 0.1317704
	speed: 0.0738s/iter; left time: 9069.5013s
Epoch: 83 cost time: 49.835973024368286
Epoch: 83, Steps: 566 | Train Loss: 0.1270181 Vali Loss: 0.1356539 Test Loss: 0.1637304
EarlyStopping counter: 19 out of 20
Updating learning rate to 9.775066329933247e-05
	iters: 100, epoch: 84 | loss: 0.1431578
	speed: 0.3023s/iter; left time: 37097.2540s
	iters: 200, epoch: 84 | loss: 0.1207079
	speed: 0.0939s/iter; left time: 11517.6111s
	iters: 300, epoch: 84 | loss: 0.1273802
	speed: 0.0937s/iter; left time: 11479.1550s
	iters: 400, epoch: 84 | loss: 0.1277636
	speed: 0.0931s/iter; left time: 11392.8782s
	iters: 500, epoch: 84 | loss: 0.1285374
	speed: 0.0931s/iter; left time: 11382.4154s
Epoch: 84 cost time: 52.215867042541504
Epoch: 84, Steps: 566 | Train Loss: 0.1263031 Vali Loss: 0.1340966 Test Loss: 0.1631652
EarlyStopping counter: 20 out of 20
Early stopping
>>>>>>>testing : 96_192_SPM_TST_custom_ftM_sl96_ll18_pl192_dm256_nh1_el1_dl1_df256_fc1_ebtimeF_dtTrue_Exp_0<<<<<<<<<<<<<<<<<<<<<<<<<<<<<<<<<
test 5069
mse:0.1577121764421463, mae:0.2519543170928955, rse:0.3950235843658447
