Args in experiment:
Namespace(activation='gelu', affine=1, batch_size=64, c_out=7, checkpoints='./checkpoints/', d_ff=256, d_layers=1, d_model=256, data='PEMS08', data_path='PEMS08.npz', dec_in=7, decomposition=0, des='Exp', devices='0,1,2,3', dishts=1, distil=True, do_predict=False, dropout=0.2, e_layers=1, embed='timeF', embed_type=0, enc_in=170, factor=1, fc_dropout=0.2, features='M', freq='h', gpu=0, head_dropout=0.0, hidden_size=[32, 8], hidden_size1=3, hidden_size2=3, individual=0, is_training=1, itr=1, k=1.0, kernel_size=25, label_len=18, learning_rate=0.0001, loss='mse', lradj='TST', model='SPM_TST', model_id='96_96', moving_avg=25, n_heads=1, num_layers=3, num_workers=10, output_attention=False, padding_patch='end', patch_len=16, patience=20, pct_start=0.2, pred_len=96, random_seed=2021, revin=1, root_path='./dataset/', seq_len=96, stride=8, subtract_last=0, target='OT', test_flop=False, traffic=0, train_epochs=300, use_amp=False, use_gpu=True, use_multi_gpu=False)
Use GPU: cuda:0
>>>>>>>start training : 96_96_SPM_TST_PEMS08_ftM_sl96_ll18_pl96_dm256_nh1_el1_dl1_df256_fc1_ebtimeF_dtTrue_Exp_0>>>>>>>>>>>>>>>>>>>>>>>>>>
model.revin_layer.affine_weight: 170
model.revin_layer.affine_bias: 170
model.DishTS.reduce_mlayer: 32640
model.DishTS.gamma: 170
model.DishTS.beta: 170
model.backbone.encoder.layers.0.self_attn.W_Q.weight: 65536
model.backbone.encoder.layers.0.self_attn.W_Q.bias: 256
model.backbone.encoder.layers.0.self_attn.W_K.weight: 65536
model.backbone.encoder.layers.0.self_attn.W_K.bias: 256
model.backbone.encoder.layers.0.self_attn.W_V.weight: 65536
model.backbone.encoder.layers.0.self_attn.W_V.bias: 256
model.backbone.encoder.layers.0.self_attn.to_out.0.weight: 65536
model.backbone.encoder.layers.0.self_attn.to_out.0.bias: 256
model.backbone.encoder.layers.0.norm_attn.1.weight: 256
model.backbone.encoder.layers.0.norm_attn.1.bias: 256
model.backbone.encoder.layers.0.ff.0.weight: 65536
model.backbone.encoder.layers.0.ff.0.bias: 256
model.backbone.encoder.layers.0.ff.3.weight: 65536
model.backbone.encoder.layers.0.ff.3.bias: 256
model.backbone.encoder.layers.0.norm_ffn.1.weight: 256
model.backbone.encoder.layers.0.norm_ffn.1.bias: 256
model.backbone.embeddings.weight: 12544
model.backbone.embeddings.bias: 256
model.predict.mlp.linear_0.weight: 1566720
model.predict.mlp.linear_0.bias: 3072
model.predict.mlp.linear_1.weight: 2359296
model.predict.mlp.linear_1.bias: 768
model.predict.mlp.linear_2.weight: 73728
model.predict.mlp.linear_2.bias: 96
Total trainable parameters: 4445576
train 10522
val 3380
test 3381
	iters: 100, epoch: 1 | loss: 1.8168790
	speed: 0.1149s/iter; left time: 5641.5988s
Epoch: 1 cost time: 14.307390689849854
Epoch: 1, Steps: 164 | Train Loss: 1.7713630 Vali Loss: 1.7117896 Test Loss: 1.6943307
Validation loss decreased (inf --> 1.711790).  Saving model ...
Updating learning rate to 4.065795701155677e-06
	iters: 100, epoch: 2 | loss: 1.1760755
	speed: 0.3199s/iter; left time: 15655.4603s
Epoch: 2 cost time: 14.855216979980469
Epoch: 2, Steps: 164 | Train Loss: 1.2629560 Vali Loss: 1.2100673 Test Loss: 1.1621192
Validation loss decreased (1.711790 --> 1.210067).  Saving model ...
Updating learning rate to 4.263002426527237e-06
	iters: 100, epoch: 3 | loss: 0.7603873
	speed: 0.3422s/iter; left time: 16691.0529s
Epoch: 3 cost time: 14.304227113723755
Epoch: 3, Steps: 164 | Train Loss: 0.9103699 Vali Loss: 0.9884079 Test Loss: 0.9418055
Validation loss decreased (1.210067 --> 0.988408).  Saving model ...
Updating learning rate to 4.591079536332704e-06
	iters: 100, epoch: 4 | loss: 0.8378794
	speed: 0.3272s/iter; left time: 15906.8175s
Epoch: 4 cost time: 15.530323266983032
Epoch: 4, Steps: 164 | Train Loss: 0.7711926 Vali Loss: 0.8865875 Test Loss: 0.8490480
Validation loss decreased (0.988408 --> 0.886588).  Saving model ...
Updating learning rate to 5.049127611260682e-06
	iters: 100, epoch: 5 | loss: 0.7693620
	speed: 0.3486s/iter; left time: 16889.8468s
Epoch: 5 cost time: 15.164396047592163
Epoch: 5, Steps: 164 | Train Loss: 0.6922135 Vali Loss: 0.8118877 Test Loss: 0.7831767
Validation loss decreased (0.886588 --> 0.811888).  Saving model ...
Updating learning rate to 5.635890918217302e-06
	iters: 100, epoch: 6 | loss: 0.6157368
	speed: 0.3542s/iter; left time: 17099.6754s
Epoch: 6 cost time: 15.478866338729858
Epoch: 6, Steps: 164 | Train Loss: 0.6332226 Vali Loss: 0.7443513 Test Loss: 0.7156108
Validation loss decreased (0.811888 --> 0.744351).  Saving model ...
Updating learning rate to 6.349760852902833e-06
	iters: 100, epoch: 7 | loss: 0.5093910
	speed: 0.3370s/iter; left time: 16216.1538s
Epoch: 7 cost time: 14.052374124526978
Epoch: 7, Steps: 164 | Train Loss: 0.5882309 Vali Loss: 0.6996611 Test Loss: 0.6801633
Validation loss decreased (0.744351 --> 0.699661).  Saving model ...
Updating learning rate to 7.188780349780331e-06
	iters: 100, epoch: 8 | loss: 0.5124136
	speed: 0.3511s/iter; left time: 16837.9594s
Epoch: 8 cost time: 15.568500995635986
Epoch: 8, Steps: 164 | Train Loss: 0.5488709 Vali Loss: 0.6672607 Test Loss: 0.6624497
Validation loss decreased (0.699661 --> 0.667261).  Saving model ...
Updating learning rate to 8.150649247346472e-06
	iters: 100, epoch: 9 | loss: 0.5003064
	speed: 0.3214s/iter; left time: 15359.1859s
Epoch: 9 cost time: 13.147895097732544
Epoch: 9, Steps: 164 | Train Loss: 0.5126056 Vali Loss: 0.6304522 Test Loss: 0.6319656
Validation loss decreased (0.667261 --> 0.630452).  Saving model ...
Updating learning rate to 9.232730593995589e-06
	iters: 100, epoch: 10 | loss: 0.4371681
	speed: 0.3432s/iter; left time: 16346.0831s
Epoch: 10 cost time: 15.626013040542603
Epoch: 10, Steps: 164 | Train Loss: 0.4761184 Vali Loss: 0.5868621 Test Loss: 0.5943943
Validation loss decreased (0.630452 --> 0.586862).  Saving model ...
Updating learning rate to 1.0432057877189774e-05
	iters: 100, epoch: 11 | loss: 0.4340170
	speed: 0.3453s/iter; left time: 16390.4993s
Epoch: 11 cost time: 16.274975538253784
Epoch: 11, Steps: 164 | Train Loss: 0.4459257 Vali Loss: 0.5625738 Test Loss: 0.5680981
Validation loss decreased (0.586862 --> 0.562574).  Saving model ...
Updating learning rate to 1.174534315611598e-05
	iters: 100, epoch: 12 | loss: 0.4418007
	speed: 0.3606s/iter; left time: 17055.3976s
Epoch: 12 cost time: 15.5065176486969
Epoch: 12, Steps: 164 | Train Loss: 0.4186928 Vali Loss: 0.5250485 Test Loss: 0.5108316
Validation loss decreased (0.562574 --> 0.525048).  Saving model ...
Updating learning rate to 1.3168986075534872e-05
	iters: 100, epoch: 13 | loss: 0.4301160
	speed: 0.3227s/iter; left time: 15209.0225s
Epoch: 13 cost time: 15.458116292953491
Epoch: 13, Steps: 164 | Train Loss: 0.4013820 Vali Loss: 0.4989668 Test Loss: 0.4845522
Validation loss decreased (0.525048 --> 0.498967).  Saving model ...
Updating learning rate to 1.4699083736109846e-05
	iters: 100, epoch: 14 | loss: 0.4040841
	speed: 0.3506s/iter; left time: 16469.0708s
Epoch: 14 cost time: 15.006778001785278
Epoch: 14, Steps: 164 | Train Loss: 0.3866240 Vali Loss: 0.4953343 Test Loss: 0.5004922
Validation loss decreased (0.498967 --> 0.495334).  Saving model ...
Updating learning rate to 1.6331441394156946e-05
	iters: 100, epoch: 15 | loss: 0.3575869
	speed: 0.3207s/iter; left time: 15010.8086s
Epoch: 15 cost time: 14.856609344482422
Epoch: 15, Steps: 164 | Train Loss: 0.3677535 Vali Loss: 0.4961822 Test Loss: 0.5004461
EarlyStopping counter: 1 out of 20
Updating learning rate to 1.8061583961482552e-05
	iters: 100, epoch: 16 | loss: 0.3589596
	speed: 0.3397s/iter; left time: 15842.1327s
Epoch: 16 cost time: 14.980785608291626
Epoch: 16, Steps: 164 | Train Loss: 0.3550594 Vali Loss: 0.4593229 Test Loss: 0.4651993
Validation loss decreased (0.495334 --> 0.459323).  Saving model ...
Updating learning rate to 1.988476827378178e-05
	iters: 100, epoch: 17 | loss: 0.3485057
	speed: 0.3455s/iter; left time: 16056.3466s
Epoch: 17 cost time: 15.076488733291626
Epoch: 17, Steps: 164 | Train Loss: 0.3442892 Vali Loss: 0.4634022 Test Loss: 0.4753402
EarlyStopping counter: 1 out of 20
Updating learning rate to 2.179599609396449e-05
	iters: 100, epoch: 18 | loss: 0.3556396
	speed: 0.3442s/iter; left time: 15939.0868s
Epoch: 18 cost time: 14.66842770576477
Epoch: 18, Steps: 164 | Train Loss: 0.3322656 Vali Loss: 0.4466396 Test Loss: 0.4472642
Validation loss decreased (0.459323 --> 0.446640).  Saving model ...
Updating learning rate to 2.379002781475995e-05
	iters: 100, epoch: 19 | loss: 0.3652528
	speed: 0.3474s/iter; left time: 16032.6134s
Epoch: 19 cost time: 16.38810896873474
Epoch: 19, Steps: 164 | Train Loss: 0.3242300 Vali Loss: 0.4604340 Test Loss: 0.4841973
EarlyStopping counter: 1 out of 20
Updating learning rate to 2.586139682303499e-05
	iters: 100, epoch: 20 | loss: 0.3456572
	speed: 0.3396s/iter; left time: 15614.5068s
Epoch: 20 cost time: 12.862262725830078
Epoch: 20, Steps: 164 | Train Loss: 0.3139717 Vali Loss: 0.4274101 Test Loss: 0.4227561
Validation loss decreased (0.446640 --> 0.427410).  Saving model ...
Updating learning rate to 2.800442448644579e-05
	iters: 100, epoch: 21 | loss: 0.3092736
	speed: 0.3260s/iter; left time: 14937.3627s
Epoch: 21 cost time: 15.24312949180603
Epoch: 21, Steps: 164 | Train Loss: 0.3055609 Vali Loss: 0.4336950 Test Loss: 0.4214943
EarlyStopping counter: 1 out of 20
Updating learning rate to 3.0213235721337757e-05
	iters: 100, epoch: 22 | loss: 0.3151932
	speed: 0.3324s/iter; left time: 15175.4709s
Epoch: 22 cost time: 14.22925353050232
Epoch: 22, Steps: 164 | Train Loss: 0.2990468 Vali Loss: 0.4239101 Test Loss: 0.4124213
Validation loss decreased (0.427410 --> 0.423910).  Saving model ...
Updating learning rate to 3.248177509921424e-05
	iters: 100, epoch: 23 | loss: 0.2869409
	speed: 0.3417s/iter; left time: 15546.7493s
Epoch: 23 cost time: 15.548068284988403
Epoch: 23, Steps: 164 | Train Loss: 0.2924722 Vali Loss: 0.4231816 Test Loss: 0.4194471
Validation loss decreased (0.423910 --> 0.423182).  Saving model ...
Updating learning rate to 3.480382344761825e-05
	iters: 100, epoch: 24 | loss: 0.2594597
	speed: 0.3438s/iter; left time: 15583.1875s
Epoch: 24 cost time: 16.0827534198761
Epoch: 24, Steps: 164 | Train Loss: 0.2857987 Vali Loss: 0.4070761 Test Loss: 0.3941902
Validation loss decreased (0.423182 --> 0.407076).  Saving model ...
Updating learning rate to 3.717301489991647e-05
	iters: 100, epoch: 25 | loss: 0.2695924
	speed: 0.3672s/iter; left time: 16586.7988s
Epoch: 25 cost time: 16.157432079315186
Epoch: 25, Steps: 164 | Train Loss: 0.2789215 Vali Loss: 0.4184410 Test Loss: 0.4032145
EarlyStopping counter: 1 out of 20
Updating learning rate to 3.9582854347243214e-05
	iters: 100, epoch: 26 | loss: 0.2688069
	speed: 0.3325s/iter; left time: 14962.4129s
Epoch: 26 cost time: 13.673069477081299
Epoch: 26, Steps: 164 | Train Loss: 0.2755726 Vali Loss: 0.4211619 Test Loss: 0.4230488
EarlyStopping counter: 2 out of 20
Updating learning rate to 4.202673524476059e-05
	iters: 100, epoch: 27 | loss: 0.2620722
	speed: 0.3225s/iter; left time: 14458.1516s
Epoch: 27 cost time: 14.224565505981445
Epoch: 27, Steps: 164 | Train Loss: 0.2676104 Vali Loss: 0.3947911 Test Loss: 0.3784053
Validation loss decreased (0.407076 --> 0.394791).  Saving model ...
Updating learning rate to 4.449795772341889e-05
	iters: 100, epoch: 28 | loss: 0.2547222
	speed: 0.3402s/iter; left time: 15196.0224s
Epoch: 28 cost time: 13.317057371139526
Epoch: 28, Steps: 164 | Train Loss: 0.2643117 Vali Loss: 0.4107262 Test Loss: 0.3821719
EarlyStopping counter: 1 out of 20
Updating learning rate to 4.6989746957564175e-05
	iters: 100, epoch: 29 | loss: 0.2666788
	speed: 0.3532s/iter; left time: 15722.2635s
Epoch: 29 cost time: 15.91069746017456
Epoch: 29, Steps: 164 | Train Loss: 0.2610650 Vali Loss: 0.4028303 Test Loss: 0.3826181
EarlyStopping counter: 2 out of 20
Updating learning rate to 4.9495271738038375e-05
	iters: 100, epoch: 30 | loss: 0.2664008
	speed: 0.3657s/iter; left time: 16217.0046s
Epoch: 30 cost time: 15.410555601119995
Epoch: 30, Steps: 164 | Train Loss: 0.2553275 Vali Loss: 0.4075537 Test Loss: 0.3947009
EarlyStopping counter: 3 out of 20
Updating learning rate to 5.200766319985423e-05
	iters: 100, epoch: 31 | loss: 0.2394450
	speed: 0.3543s/iter; left time: 15653.2791s
Epoch: 31 cost time: 15.195284366607666
Epoch: 31, Steps: 164 | Train Loss: 0.2520494 Vali Loss: 0.3838897 Test Loss: 0.3647178
Validation loss decreased (0.394791 --> 0.383890).  Saving model ...
Updating learning rate to 5.452003365310314e-05
	iters: 100, epoch: 32 | loss: 0.2427847
	speed: 0.3103s/iter; left time: 13660.1620s
Epoch: 32 cost time: 12.62406849861145
Epoch: 32, Steps: 164 | Train Loss: 0.2469750 Vali Loss: 0.3818169 Test Loss: 0.3633778
Validation loss decreased (0.383890 --> 0.381817).  Saving model ...
Updating learning rate to 5.7025495465471125e-05
	iters: 100, epoch: 33 | loss: 0.2430392
	speed: 0.3283s/iter; left time: 14396.2815s
Epoch: 33 cost time: 16.3915798664093
Epoch: 33, Steps: 164 | Train Loss: 0.2434066 Vali Loss: 0.3917895 Test Loss: 0.3733951
EarlyStopping counter: 1 out of 20
Updating learning rate to 5.951717994459722e-05
	iters: 100, epoch: 34 | loss: 0.2447628
	speed: 0.3416s/iter; left time: 14925.7405s
Epoch: 34 cost time: 15.983969449996948
Epoch: 34, Steps: 164 | Train Loss: 0.2381346 Vali Loss: 0.3975990 Test Loss: 0.3933581
EarlyStopping counter: 2 out of 20
Updating learning rate to 6.198825616850797e-05
	iters: 100, epoch: 35 | loss: 0.2265295
	speed: 0.3655s/iter; left time: 15907.0636s
Epoch: 35 cost time: 16.361356258392334
Epoch: 35, Steps: 164 | Train Loss: 0.2352917 Vali Loss: 0.3982621 Test Loss: 0.3863729
EarlyStopping counter: 3 out of 20
Updating learning rate to 6.4431949712505e-05
	iters: 100, epoch: 36 | loss: 0.2260554
	speed: 0.3459s/iter; left time: 14998.1353s
Epoch: 36 cost time: 15.467039108276367
Epoch: 36, Steps: 164 | Train Loss: 0.2311434 Vali Loss: 0.3925706 Test Loss: 0.3717251
EarlyStopping counter: 4 out of 20
Updating learning rate to 6.684156122116594e-05
	iters: 100, epoch: 37 | loss: 0.2255044
	speed: 0.3359s/iter; left time: 14509.0081s
Epoch: 37 cost time: 14.600149393081665
Epoch: 37, Steps: 164 | Train Loss: 0.2270373 Vali Loss: 0.3794541 Test Loss: 0.3586758
Validation loss decreased (0.381817 --> 0.379454).  Saving model ...
Updating learning rate to 6.921048477454391e-05
	iters: 100, epoch: 38 | loss: 0.2434306
	speed: 0.3267s/iter; left time: 14058.6615s
Epoch: 38 cost time: 14.487287521362305
Epoch: 38, Steps: 164 | Train Loss: 0.2257683 Vali Loss: 0.3719074 Test Loss: 0.3557380
Validation loss decreased (0.379454 --> 0.371907).  Saving model ...
Updating learning rate to 7.153222599821478e-05
	iters: 100, epoch: 39 | loss: 0.2009793
	speed: 0.3633s/iter; left time: 15573.3169s
Epoch: 39 cost time: 14.187054872512817
Epoch: 39, Steps: 164 | Train Loss: 0.2220088 Vali Loss: 0.3665891 Test Loss: 0.3499233
Validation loss decreased (0.371907 --> 0.366589).  Saving model ...
Updating learning rate to 7.380041986752384e-05
	iters: 100, epoch: 40 | loss: 0.2138553
	speed: 0.3336s/iter; left time: 14248.4392s
Epoch: 40 cost time: 15.407199144363403
Epoch: 40, Steps: 164 | Train Loss: 0.2187204 Vali Loss: 0.3610150 Test Loss: 0.3449758
Validation loss decreased (0.366589 --> 0.361015).  Saving model ...
Updating learning rate to 7.600884815722156e-05
	iters: 100, epoch: 41 | loss: 0.1987776
	speed: 0.3398s/iter; left time: 14454.5599s
Epoch: 41 cost time: 14.488653182983398
Epoch: 41, Steps: 164 | Train Loss: 0.2151989 Vali Loss: 0.4013553 Test Loss: 0.3802215
EarlyStopping counter: 1 out of 20
Updating learning rate to 7.815145648865078e-05
	iters: 100, epoch: 42 | loss: 0.2180857
	speed: 0.3515s/iter; left time: 14896.7974s
Epoch: 42 cost time: 15.713467121124268
Epoch: 42, Steps: 164 | Train Loss: 0.2144885 Vali Loss: 0.3574405 Test Loss: 0.3367512
Validation loss decreased (0.361015 --> 0.357441).  Saving model ...
Updating learning rate to 8.022237092775029e-05
	iters: 100, epoch: 43 | loss: 0.1964856
	speed: 0.3388s/iter; left time: 14303.8723s
Epoch: 43 cost time: 14.034627437591553
Epoch: 43, Steps: 164 | Train Loss: 0.2098094 Vali Loss: 0.3679920 Test Loss: 0.3336075
EarlyStopping counter: 1 out of 20
Updating learning rate to 8.221591408837204e-05
	iters: 100, epoch: 44 | loss: 0.2049261
	speed: 0.3162s/iter; left time: 13297.0622s
Epoch: 44 cost time: 15.32765793800354
Epoch: 44, Steps: 164 | Train Loss: 0.2064202 Vali Loss: 0.3587272 Test Loss: 0.3290711
EarlyStopping counter: 2 out of 20
Updating learning rate to 8.412662069676445e-05
	iters: 100, epoch: 45 | loss: 0.1985422
	speed: 0.3404s/iter; left time: 14257.3040s
Epoch: 45 cost time: 14.615549325942993
Epoch: 45, Steps: 164 | Train Loss: 0.2065232 Vali Loss: 0.3575274 Test Loss: 0.3306953
EarlyStopping counter: 3 out of 20
Updating learning rate to 8.594925257455243e-05
	iters: 100, epoch: 46 | loss: 0.1989137
	speed: 0.3277s/iter; left time: 13670.4505s
Epoch: 46 cost time: 16.311519145965576
Epoch: 46, Steps: 164 | Train Loss: 0.2030943 Vali Loss: 0.3393904 Test Loss: 0.3143101
Validation loss decreased (0.357441 --> 0.339390).  Saving model ...
Updating learning rate to 8.767881299913818e-05
	iters: 100, epoch: 47 | loss: 0.2061837
	speed: 0.3499s/iter; left time: 14540.2089s
Epoch: 47 cost time: 15.38098955154419
Epoch: 47, Steps: 164 | Train Loss: 0.2002651 Vali Loss: 0.3647601 Test Loss: 0.3351255
EarlyStopping counter: 1 out of 20
Updating learning rate to 8.931056040215393e-05
	iters: 100, epoch: 48 | loss: 0.2222969
	speed: 0.3602s/iter; left time: 14911.8250s
Epoch: 48 cost time: 15.651143312454224
Epoch: 48, Steps: 164 | Train Loss: 0.1985237 Vali Loss: 0.3477299 Test Loss: 0.3255734
EarlyStopping counter: 2 out of 20
Updating learning rate to 9.084002136841254e-05
	iters: 100, epoch: 49 | loss: 0.1891577
	speed: 0.3332s/iter; left time: 13736.1127s
Epoch: 49 cost time: 13.348406076431274
Epoch: 49, Steps: 164 | Train Loss: 0.1968716 Vali Loss: 0.3367063 Test Loss: 0.3122965
Validation loss decreased (0.339390 --> 0.336706).  Saving model ...
Updating learning rate to 9.226300289971967e-05
	iters: 100, epoch: 50 | loss: 0.2147123
	speed: 0.3300s/iter; left time: 13549.4122s
Epoch: 50 cost time: 15.447352647781372
Epoch: 50, Steps: 164 | Train Loss: 0.1962475 Vali Loss: 0.3345915 Test Loss: 0.3037703
Validation loss decreased (0.336706 --> 0.334592).  Saving model ...
Updating learning rate to 9.357560390992598e-05
	iters: 100, epoch: 51 | loss: 0.2000690
	speed: 0.3454s/iter; left time: 14127.9084s
Epoch: 51 cost time: 14.919218301773071
Epoch: 51, Steps: 164 | Train Loss: 0.1926383 Vali Loss: 0.3342392 Test Loss: 0.2972156
Validation loss decreased (0.334592 --> 0.334239).  Saving model ...
Updating learning rate to 9.477422591970628e-05
	iters: 100, epoch: 52 | loss: 0.1968065
	speed: 0.3482s/iter; left time: 14186.3862s
Epoch: 52 cost time: 16.08321237564087
Epoch: 52, Steps: 164 | Train Loss: 0.1911649 Vali Loss: 0.3434603 Test Loss: 0.3119674
EarlyStopping counter: 1 out of 20
Updating learning rate to 9.585558292174581e-05
	iters: 100, epoch: 53 | loss: 0.1853231
	speed: 0.3412s/iter; left time: 13841.5640s
Epoch: 53 cost time: 15.924677610397339
Epoch: 53, Steps: 164 | Train Loss: 0.1878288 Vali Loss: 0.3421271 Test Loss: 0.3143944
EarlyStopping counter: 2 out of 20
Updating learning rate to 9.68167103892884e-05
	iters: 100, epoch: 54 | loss: 0.1841220
	speed: 0.3594s/iter; left time: 14522.9890s
Epoch: 54 cost time: 16.709441661834717
Epoch: 54, Steps: 164 | Train Loss: 0.1874036 Vali Loss: 0.3308409 Test Loss: 0.3076183
Validation loss decreased (0.334239 --> 0.330841).  Saving model ...
Updating learning rate to 9.765497340334958e-05
	iters: 100, epoch: 55 | loss: 0.1894999
	speed: 0.3169s/iter; left time: 12754.0333s
Epoch: 55 cost time: 13.621178388595581
Epoch: 55, Steps: 164 | Train Loss: 0.1854524 Vali Loss: 0.3382077 Test Loss: 0.3115066
EarlyStopping counter: 1 out of 20
Updating learning rate to 9.836807387631422e-05
	iters: 100, epoch: 56 | loss: 0.1898156
	speed: 0.3374s/iter; left time: 13522.1742s
Epoch: 56 cost time: 16.37546467781067
Epoch: 56, Steps: 164 | Train Loss: 0.1845168 Vali Loss: 0.3510208 Test Loss: 0.3183344
EarlyStopping counter: 2 out of 20
Updating learning rate to 9.895405685211511e-05
	iters: 100, epoch: 57 | loss: 0.1944857
	speed: 0.3378s/iter; left time: 13485.5703s
Epoch: 57 cost time: 13.519466876983643
Epoch: 57, Steps: 164 | Train Loss: 0.1820353 Vali Loss: 0.3470419 Test Loss: 0.3237721
EarlyStopping counter: 3 out of 20
Updating learning rate to 9.941131586572065e-05
	iters: 100, epoch: 58 | loss: 0.1905425
	speed: 0.3517s/iter; left time: 13982.6450s
Epoch: 58 cost time: 16.39851450920105
Epoch: 58, Steps: 164 | Train Loss: 0.1811877 Vali Loss: 0.3444872 Test Loss: 0.3220177
EarlyStopping counter: 4 out of 20
Updating learning rate to 9.973859734723878e-05
	iters: 100, epoch: 59 | loss: 0.1810035
	speed: 0.3589s/iter; left time: 14207.4602s
Epoch: 59 cost time: 15.518192291259766
Epoch: 59, Steps: 164 | Train Loss: 0.1795088 Vali Loss: 0.3366766 Test Loss: 0.3090766
EarlyStopping counter: 5 out of 20
Updating learning rate to 9.993500405856316e-05
	iters: 100, epoch: 60 | loss: 0.1724459
	speed: 0.3478s/iter; left time: 13713.4328s
Epoch: 60 cost time: 12.806039094924927
Epoch: 60, Steps: 164 | Train Loss: 0.1787343 Vali Loss: 0.3371134 Test Loss: 0.3025942
EarlyStopping counter: 6 out of 20
Updating learning rate to 9.999999984073226e-05
	iters: 100, epoch: 61 | loss: 0.1750886
	speed: 0.3306s/iter; left time: 12981.6443s
Epoch: 61 cost time: 15.643151760101318
Epoch: 61, Steps: 164 | Train Loss: 0.1753966 Vali Loss: 0.3203699 Test Loss: 0.2882979
Validation loss decreased (0.330841 --> 0.320370).  Saving model ...
Updating learning rate to 9.999566399825153e-05
	iters: 100, epoch: 62 | loss: 0.1678322
	speed: 0.3511s/iter; left time: 13726.5635s
Epoch: 62 cost time: 14.501299619674683
Epoch: 62, Steps: 164 | Train Loss: 0.1752813 Vali Loss: 0.3172849 Test Loss: 0.2827707
Validation loss decreased (0.320370 --> 0.317285).  Saving model ...
Updating learning rate to 9.998276169039205e-05
	iters: 100, epoch: 63 | loss: 0.1688948
	speed: 0.3117s/iter; left time: 12136.4677s
Epoch: 63 cost time: 13.826335906982422
Epoch: 63, Steps: 164 | Train Loss: 0.1740532 Vali Loss: 0.3321344 Test Loss: 0.2999896
EarlyStopping counter: 1 out of 20
Updating learning rate to 9.996129512789787e-05
	iters: 100, epoch: 64 | loss: 0.1688120
	speed: 0.3504s/iter; left time: 13586.3259s
Epoch: 64 cost time: 15.453158378601074
Epoch: 64, Steps: 164 | Train Loss: 0.1717814 Vali Loss: 0.3366126 Test Loss: 0.3007202
EarlyStopping counter: 2 out of 20
Updating learning rate to 9.993126798895392e-05
	iters: 100, epoch: 65 | loss: 0.1744267
	speed: 0.3480s/iter; left time: 13436.4455s
Epoch: 65 cost time: 16.27505111694336
Epoch: 65, Steps: 164 | Train Loss: 0.1710603 Vali Loss: 0.3259509 Test Loss: 0.2896844
EarlyStopping counter: 3 out of 20
Updating learning rate to 9.989268541855591e-05
	iters: 100, epoch: 66 | loss: 0.1563966
	speed: 0.3319s/iter; left time: 12758.1031s
Epoch: 66 cost time: 13.938788890838623
Epoch: 66, Steps: 164 | Train Loss: 0.1706078 Vali Loss: 0.3376890 Test Loss: 0.3039438
EarlyStopping counter: 4 out of 20
Updating learning rate to 9.984555402762866e-05
	iters: 100, epoch: 67 | loss: 0.1811003
	speed: 0.3305s/iter; left time: 12651.4663s
Epoch: 67 cost time: 14.093279838562012
Epoch: 67, Steps: 164 | Train Loss: 0.1692349 Vali Loss: 0.3226250 Test Loss: 0.2945378
EarlyStopping counter: 5 out of 20
Updating learning rate to 9.978988189189335e-05
	iters: 100, epoch: 68 | loss: 0.1613866
	speed: 0.3363s/iter; left time: 12816.5589s
Epoch: 68 cost time: 14.086326360702515
Epoch: 68, Steps: 164 | Train Loss: 0.1668111 Vali Loss: 0.3219301 Test Loss: 0.2894772
EarlyStopping counter: 6 out of 20
Updating learning rate to 9.972567855048384e-05
	iters: 100, epoch: 69 | loss: 0.1809826
	speed: 0.3390s/iter; left time: 12865.5195s
Epoch: 69 cost time: 14.030027866363525
Epoch: 69, Steps: 164 | Train Loss: 0.1665048 Vali Loss: 0.3159682 Test Loss: 0.2835720
Validation loss decreased (0.317285 --> 0.315968).  Saving model ...
Updating learning rate to 9.965295500431219e-05
	iters: 100, epoch: 70 | loss: 0.1728315
	speed: 0.3378s/iter; left time: 12762.2386s
Epoch: 70 cost time: 15.201492071151733
Epoch: 70, Steps: 164 | Train Loss: 0.1661070 Vali Loss: 0.3207469 Test Loss: 0.2925698
EarlyStopping counter: 1 out of 20
Updating learning rate to 9.95717237141836e-05
	iters: 100, epoch: 71 | loss: 0.1658442
	speed: 0.3648s/iter; left time: 13725.6011s
Epoch: 71 cost time: 16.865914821624756
Epoch: 71, Steps: 164 | Train Loss: 0.1658154 Vali Loss: 0.3279639 Test Loss: 0.2970140
EarlyStopping counter: 2 out of 20
Updating learning rate to 9.948199859866152e-05
	iters: 100, epoch: 72 | loss: 0.1603689
	speed: 0.3379s/iter; left time: 12658.2344s
Epoch: 72 cost time: 13.72083854675293
Epoch: 72, Steps: 164 | Train Loss: 0.1631062 Vali Loss: 0.3196290 Test Loss: 0.2846851
EarlyStopping counter: 3 out of 20
Updating learning rate to 9.938379503168253e-05
	iters: 100, epoch: 73 | loss: 0.1618608
	speed: 0.2882s/iter; left time: 10749.3175s
Epoch: 73 cost time: 13.447730779647827
Epoch: 73, Steps: 164 | Train Loss: 0.1629316 Vali Loss: 0.3181215 Test Loss: 0.2882972
EarlyStopping counter: 4 out of 20
Updating learning rate to 9.927712983992231e-05
	iters: 100, epoch: 74 | loss: 0.1527345
	speed: 0.3182s/iter; left time: 11813.9155s
Epoch: 74 cost time: 14.142900705337524
Epoch: 74, Steps: 164 | Train Loss: 0.1616465 Vali Loss: 0.3229525 Test Loss: 0.2917836
EarlyStopping counter: 5 out of 20
Updating learning rate to 9.916202129991235e-05
	iters: 100, epoch: 75 | loss: 0.1732194
	speed: 0.3066s/iter; left time: 11335.1735s
Epoch: 75 cost time: 14.792499542236328
Epoch: 75, Steps: 164 | Train Loss: 0.1596431 Vali Loss: 0.3258966 Test Loss: 0.2956125
EarlyStopping counter: 6 out of 20
Updating learning rate to 9.903848913490841e-05
	iters: 100, epoch: 76 | loss: 0.1567106
	speed: 0.3053s/iter; left time: 11237.0861s
Epoch: 76 cost time: 12.830128192901611
Epoch: 76, Steps: 164 | Train Loss: 0.1596286 Vali Loss: 0.3232703 Test Loss: 0.2912866
EarlyStopping counter: 7 out of 20
Updating learning rate to 9.890655451151097e-05
	iters: 100, epoch: 77 | loss: 0.1643552
	speed: 0.3245s/iter; left time: 11888.4321s
Epoch: 77 cost time: 15.11421513557434
Epoch: 77, Steps: 164 | Train Loss: 0.1587387 Vali Loss: 0.3311517 Test Loss: 0.3096415
EarlyStopping counter: 8 out of 20
Updating learning rate to 9.876624003603862e-05
	iters: 100, epoch: 78 | loss: 0.1504505
	speed: 0.3239s/iter; left time: 11815.3268s
Epoch: 78 cost time: 14.361270904541016
Epoch: 78, Steps: 164 | Train Loss: 0.1585837 Vali Loss: 0.3120433 Test Loss: 0.2795697
Validation loss decreased (0.315968 --> 0.312043).  Saving model ...
Updating learning rate to 9.861756975065434e-05
	iters: 100, epoch: 79 | loss: 0.1548823
	speed: 0.3217s/iter; left time: 11681.6924s
Epoch: 79 cost time: 15.950059652328491
Epoch: 79, Steps: 164 | Train Loss: 0.1569671 Vali Loss: 0.3101492 Test Loss: 0.2775292
Validation loss decreased (0.312043 --> 0.310149).  Saving model ...
Updating learning rate to 9.846056912924617e-05
	iters: 100, epoch: 80 | loss: 0.1558281
	speed: 0.3628s/iter; left time: 13113.7821s
Epoch: 80 cost time: 15.775152921676636
Epoch: 80, Steps: 164 | Train Loss: 0.1553763 Vali Loss: 0.3094827 Test Loss: 0.2791653
Validation loss decreased (0.310149 --> 0.309483).  Saving model ...
Updating learning rate to 9.829526507306238e-05
	iters: 100, epoch: 81 | loss: 0.1567167
	speed: 0.3263s/iter; left time: 11740.5726s
Epoch: 81 cost time: 14.590722560882568
Epoch: 81, Steps: 164 | Train Loss: 0.1543450 Vali Loss: 0.3104946 Test Loss: 0.2784639
EarlyStopping counter: 1 out of 20
Updating learning rate to 9.812168590610201e-05
	iters: 100, epoch: 82 | loss: 0.1657124
	speed: 0.3097s/iter; left time: 11093.2385s
Epoch: 82 cost time: 13.13212275505066
Epoch: 82, Steps: 164 | Train Loss: 0.1540647 Vali Loss: 0.3110183 Test Loss: 0.2799648
EarlyStopping counter: 2 out of 20
Updating learning rate to 9.79398613702617e-05
	iters: 100, epoch: 83 | loss: 0.1525097
	speed: 0.3242s/iter; left time: 11558.7003s
Epoch: 83 cost time: 15.11235761642456
Epoch: 83, Steps: 164 | Train Loss: 0.1533346 Vali Loss: 0.3078998 Test Loss: 0.2714638
Validation loss decreased (0.309483 --> 0.307900).  Saving model ...
Updating learning rate to 9.774982262023966e-05
	iters: 100, epoch: 84 | loss: 0.1597828
	speed: 0.3078s/iter; left time: 10922.4587s
Epoch: 84 cost time: 13.437196254730225
Epoch: 84, Steps: 164 | Train Loss: 0.1520959 Vali Loss: 0.3095878 Test Loss: 0.2757672
EarlyStopping counter: 1 out of 20
Updating learning rate to 9.755160221819736e-05
	iters: 100, epoch: 85 | loss: 0.1533934
	speed: 0.3039s/iter; left time: 10734.8858s
Epoch: 85 cost time: 15.624884128570557
Epoch: 85, Steps: 164 | Train Loss: 0.1523507 Vali Loss: 0.3203467 Test Loss: 0.2905692
EarlyStopping counter: 2 out of 20
Updating learning rate to 9.734523412818026e-05
	iters: 100, epoch: 86 | loss: 0.1510580
	speed: 0.3557s/iter; left time: 12506.9521s
Epoch: 86 cost time: 15.485531330108643
Epoch: 86, Steps: 164 | Train Loss: 0.1495251 Vali Loss: 0.3326696 Test Loss: 0.3043291
EarlyStopping counter: 3 out of 20
Updating learning rate to 9.71307537102982e-05
	iters: 100, epoch: 87 | loss: 0.1514249
	speed: 0.3262s/iter; left time: 11415.8219s
Epoch: 87 cost time: 15.268883228302002
Epoch: 87, Steps: 164 | Train Loss: 0.1509547 Vali Loss: 0.3194929 Test Loss: 0.2911059
EarlyStopping counter: 4 out of 20
Updating learning rate to 9.690819771466663e-05
	iters: 100, epoch: 88 | loss: 0.1432472
	speed: 0.3302s/iter; left time: 11501.1562s
Epoch: 88 cost time: 14.702106952667236
Epoch: 88, Steps: 164 | Train Loss: 0.1494524 Vali Loss: 0.3183465 Test Loss: 0.2855524
EarlyStopping counter: 5 out of 20
Updating learning rate to 9.667760427510968e-05
	iters: 100, epoch: 89 | loss: 0.1505376
	speed: 0.3200s/iter; left time: 11095.1253s
Epoch: 89 cost time: 14.99386978149414
Epoch: 89, Steps: 164 | Train Loss: 0.1493000 Vali Loss: 0.2998959 Test Loss: 0.2687035
Validation loss decreased (0.307900 --> 0.299896).  Saving model ...
Updating learning rate to 9.643901290262614e-05
	iters: 100, epoch: 90 | loss: 0.1548207
	speed: 0.3280s/iter; left time: 11316.5864s
Epoch: 90 cost time: 13.850026369094849
Epoch: 90, Steps: 164 | Train Loss: 0.1481804 Vali Loss: 0.3132086 Test Loss: 0.2820278
EarlyStopping counter: 1 out of 20
Updating learning rate to 9.619246447861937e-05
	iters: 100, epoch: 91 | loss: 0.1383765
	speed: 0.3136s/iter; left time: 10770.1859s
Epoch: 91 cost time: 15.945457935333252
Epoch: 91, Steps: 164 | Train Loss: 0.1469449 Vali Loss: 0.3114891 Test Loss: 0.2797478
EarlyStopping counter: 2 out of 20
Updating learning rate to 9.593800124789265e-05
	iters: 100, epoch: 92 | loss: 0.1417392
	speed: 0.3361s/iter; left time: 11488.0925s
Epoch: 92 cost time: 15.071434259414673
Epoch: 92, Steps: 164 | Train Loss: 0.1463658 Vali Loss: 0.3005325 Test Loss: 0.2680472
EarlyStopping counter: 3 out of 20
Updating learning rate to 9.567566681141053e-05
	iters: 100, epoch: 93 | loss: 0.1341747
	speed: 0.3192s/iter; left time: 10858.6390s
Epoch: 93 cost time: 15.872188091278076
Epoch: 93, Steps: 164 | Train Loss: 0.1460540 Vali Loss: 0.3227350 Test Loss: 0.2970608
EarlyStopping counter: 4 out of 20
Updating learning rate to 9.540550611882823e-05
	iters: 100, epoch: 94 | loss: 0.1387695
	speed: 0.3603s/iter; left time: 12196.8183s
Epoch: 94 cost time: 15.67015552520752
Epoch: 94, Steps: 164 | Train Loss: 0.1445698 Vali Loss: 0.3065896 Test Loss: 0.2849390
EarlyStopping counter: 5 out of 20
Updating learning rate to 9.51275654607896e-05
	iters: 100, epoch: 95 | loss: 0.1418192
	speed: 0.3134s/iter; left time: 10557.9574s
Epoch: 95 cost time: 13.682283878326416
Epoch: 95, Steps: 164 | Train Loss: 0.1459266 Vali Loss: 0.3073335 Test Loss: 0.2748174
EarlyStopping counter: 6 out of 20
Updating learning rate to 9.48418924609956e-05
	iters: 100, epoch: 96 | loss: 0.1378540
	speed: 0.2757s/iter; left time: 9243.3584s
Epoch: 96 cost time: 11.227059364318848
Epoch: 96, Steps: 164 | Train Loss: 0.1428195 Vali Loss: 0.3000634 Test Loss: 0.2737623
EarlyStopping counter: 7 out of 20
Updating learning rate to 9.454853606804407e-05
	iters: 100, epoch: 97 | loss: 0.1482352
	speed: 0.2918s/iter; left time: 9732.2030s
Epoch: 97 cost time: 14.83775806427002
Epoch: 97, Steps: 164 | Train Loss: 0.1431369 Vali Loss: 0.3007839 Test Loss: 0.2628949
EarlyStopping counter: 8 out of 20
Updating learning rate to 9.424754654704274e-05
	iters: 100, epoch: 98 | loss: 0.1436169
	speed: 0.3149s/iter; left time: 10452.7700s
Epoch: 98 cost time: 14.62095832824707
Epoch: 98, Steps: 164 | Train Loss: 0.1429474 Vali Loss: 0.2983106 Test Loss: 0.2670035
Validation loss decreased (0.299896 --> 0.298311).  Saving model ...
Updating learning rate to 9.393897547099652e-05
	iters: 100, epoch: 99 | loss: 0.1409579
	speed: 0.3059s/iter; left time: 10103.3388s
Epoch: 99 cost time: 13.977445840835571
Epoch: 99, Steps: 164 | Train Loss: 0.1407602 Vali Loss: 0.3067668 Test Loss: 0.2706347
EarlyStopping counter: 1 out of 20
Updating learning rate to 9.362287571197079e-05
	iters: 100, epoch: 100 | loss: 0.1421811
	speed: 0.3303s/iter; left time: 10855.8904s
Epoch: 100 cost time: 15.576255559921265
Epoch: 100, Steps: 164 | Train Loss: 0.1420056 Vali Loss: 0.3056243 Test Loss: 0.2763802
EarlyStopping counter: 2 out of 20
Updating learning rate to 9.329930143203197e-05
	iters: 100, epoch: 101 | loss: 0.1444929
	speed: 0.3504s/iter; left time: 11457.1262s
Epoch: 101 cost time: 14.587355375289917
Epoch: 101, Steps: 164 | Train Loss: 0.1402362 Vali Loss: 0.2934020 Test Loss: 0.2601612
Validation loss decreased (0.298311 --> 0.293402).  Saving model ...
Updating learning rate to 9.296830807396714e-05
	iters: 100, epoch: 102 | loss: 0.1403252
	speed: 0.3422s/iter; left time: 11134.4854s
Epoch: 102 cost time: 15.818970680236816
Epoch: 102, Steps: 164 | Train Loss: 0.1391401 Vali Loss: 0.2949224 Test Loss: 0.2606632
EarlyStopping counter: 1 out of 20
Updating learning rate to 9.262995235178428e-05
	iters: 100, epoch: 103 | loss: 0.1377781
	speed: 0.3308s/iter; left time: 10707.6227s
Epoch: 103 cost time: 13.854338645935059
Epoch: 103, Steps: 164 | Train Loss: 0.1396333 Vali Loss: 0.3074316 Test Loss: 0.2858850
EarlyStopping counter: 2 out of 20
Updating learning rate to 9.228429224099449e-05
	iters: 100, epoch: 104 | loss: 0.1324651
	speed: 0.3230s/iter; left time: 10402.6610s
Epoch: 104 cost time: 14.548832178115845
Epoch: 104, Steps: 164 | Train Loss: 0.1388454 Vali Loss: 0.2920789 Test Loss: 0.2601619
Validation loss decreased (0.293402 --> 0.292079).  Saving model ...
Updating learning rate to 9.19313869686783e-05
	iters: 100, epoch: 105 | loss: 0.1440424
	speed: 0.3062s/iter; left time: 9813.7227s
Epoch: 105 cost time: 13.729050636291504
Epoch: 105, Steps: 164 | Train Loss: 0.1385600 Vali Loss: 0.3027564 Test Loss: 0.2743702
EarlyStopping counter: 1 out of 20
Updating learning rate to 9.157129700333739e-05
	iters: 100, epoch: 106 | loss: 0.1497377
	speed: 0.3246s/iter; left time: 10349.6442s
Epoch: 106 cost time: 14.724501371383667
Epoch: 106, Steps: 164 | Train Loss: 0.1384729 Vali Loss: 0.2953210 Test Loss: 0.2622203
EarlyStopping counter: 2 out of 20
Updating learning rate to 9.120408404453354e-05
	iters: 100, epoch: 107 | loss: 0.1354465
	speed: 0.3222s/iter; left time: 10220.3673s
Epoch: 107 cost time: 13.206644058227539
Epoch: 107, Steps: 164 | Train Loss: 0.1372966 Vali Loss: 0.2977950 Test Loss: 0.2669462
EarlyStopping counter: 3 out of 20
Updating learning rate to 9.082981101231683e-05
	iters: 100, epoch: 108 | loss: 0.1478730
	speed: 0.3190s/iter; left time: 10066.6403s
Epoch: 108 cost time: 15.255963563919067
Epoch: 108, Steps: 164 | Train Loss: 0.1360929 Vali Loss: 0.2930110 Test Loss: 0.2632057
EarlyStopping counter: 4 out of 20
Updating learning rate to 9.044854203644458e-05
	iters: 100, epoch: 109 | loss: 0.1344759
	speed: 0.3376s/iter; left time: 10595.6819s
Epoch: 109 cost time: 14.704946279525757
Epoch: 109, Steps: 164 | Train Loss: 0.1350314 Vali Loss: 0.3051246 Test Loss: 0.2712375
EarlyStopping counter: 5 out of 20
Updating learning rate to 9.006034244539301e-05
	iters: 100, epoch: 110 | loss: 0.1431136
	speed: 0.3516s/iter; left time: 10978.6924s
Epoch: 110 cost time: 14.908636808395386
Epoch: 110, Steps: 164 | Train Loss: 0.1349550 Vali Loss: 0.2910652 Test Loss: 0.2613142
Validation loss decreased (0.292079 --> 0.291065).  Saving model ...
Updating learning rate to 8.966527875516361e-05
	iters: 100, epoch: 111 | loss: 0.1326019
	speed: 0.3244s/iter; left time: 10077.4238s
Epoch: 111 cost time: 13.629817008972168
Epoch: 111, Steps: 164 | Train Loss: 0.1343118 Vali Loss: 0.3000420 Test Loss: 0.2674028
EarlyStopping counter: 1 out of 20
Updating learning rate to 8.926341865788587e-05
	iters: 100, epoch: 112 | loss: 0.1358506
	speed: 0.3143s/iter; left time: 9709.7002s
Epoch: 112 cost time: 15.081471681594849
Epoch: 112, Steps: 164 | Train Loss: 0.1347647 Vali Loss: 0.2867018 Test Loss: 0.2610289
Validation loss decreased (0.291065 --> 0.286702).  Saving model ...
Updating learning rate to 8.885483101021873e-05
	iters: 100, epoch: 113 | loss: 0.1318042
	speed: 0.3266s/iter; left time: 10038.0022s
Epoch: 113 cost time: 13.302883386611938
Epoch: 113, Steps: 164 | Train Loss: 0.1333330 Vali Loss: 0.2963403 Test Loss: 0.2680343
EarlyStopping counter: 1 out of 20
Updating learning rate to 8.843958582155217e-05
	iters: 100, epoch: 114 | loss: 0.1328817
	speed: 0.3091s/iter; left time: 9449.1793s
Epoch: 114 cost time: 14.490042448043823
Epoch: 114, Steps: 164 | Train Loss: 0.1327129 Vali Loss: 0.2909015 Test Loss: 0.2614221
EarlyStopping counter: 2 out of 20
Updating learning rate to 8.801775424201159e-05
	iters: 100, epoch: 115 | loss: 0.1343414
	speed: 0.3498s/iter; left time: 10635.6240s
Epoch: 115 cost time: 14.7591392993927
Epoch: 115, Steps: 164 | Train Loss: 0.1331677 Vali Loss: 0.2869172 Test Loss: 0.2598002
EarlyStopping counter: 3 out of 20
Updating learning rate to 8.758940855026653e-05
	iters: 100, epoch: 116 | loss: 0.1246778
	speed: 0.3409s/iter; left time: 10308.2563s
Epoch: 116 cost time: 15.615094184875488
Epoch: 116, Steps: 164 | Train Loss: 0.1315991 Vali Loss: 0.2824012 Test Loss: 0.2492323
Validation loss decreased (0.286702 --> 0.282401).  Saving model ...
Updating learning rate to 8.715462214114616e-05
	iters: 100, epoch: 117 | loss: 0.1248931
	speed: 0.3458s/iter; left time: 10400.8701s
Epoch: 117 cost time: 14.506072044372559
Epoch: 117, Steps: 164 | Train Loss: 0.1316678 Vali Loss: 0.2949395 Test Loss: 0.2635765
EarlyStopping counter: 1 out of 20
Updating learning rate to 8.671346951306339e-05
	iters: 100, epoch: 118 | loss: 0.1294909
	speed: 0.3146s/iter; left time: 9411.0066s
Epoch: 118 cost time: 14.72175669670105
Epoch: 118, Steps: 164 | Train Loss: 0.1309270 Vali Loss: 0.2852963 Test Loss: 0.2542470
EarlyStopping counter: 2 out of 20
Updating learning rate to 8.626602625525e-05
	iters: 100, epoch: 119 | loss: 0.1341715
	speed: 0.3286s/iter; left time: 9775.2118s
Epoch: 119 cost time: 14.05601453781128
Epoch: 119, Steps: 164 | Train Loss: 0.1307108 Vali Loss: 0.2899698 Test Loss: 0.2596552
EarlyStopping counter: 3 out of 20
Updating learning rate to 8.581236903480475e-05
	iters: 100, epoch: 120 | loss: 0.1326339
	speed: 0.3062s/iter; left time: 9058.6354s
Epoch: 120 cost time: 13.95672869682312
Epoch: 120, Steps: 164 | Train Loss: 0.1297482 Vali Loss: 0.2895166 Test Loss: 0.2602587
EarlyStopping counter: 4 out of 20
Updating learning rate to 8.535257558355692e-05
	iters: 100, epoch: 121 | loss: 0.1422898
	speed: 0.3363s/iter; left time: 9895.2682s
Epoch: 121 cost time: 14.377083778381348
Epoch: 121, Steps: 164 | Train Loss: 0.1292457 Vali Loss: 0.2822229 Test Loss: 0.2536786
Validation loss decreased (0.282401 --> 0.282223).  Saving model ...
Updating learning rate to 8.488672468474739e-05
	iters: 100, epoch: 122 | loss: 0.1248343
	speed: 0.3118s/iter; left time: 9123.3941s
Epoch: 122 cost time: 13.227571725845337
Epoch: 122, Steps: 164 | Train Loss: 0.1300858 Vali Loss: 0.2948844 Test Loss: 0.2668301
EarlyStopping counter: 1 out of 20
Updating learning rate to 8.441489615952945e-05
	iters: 100, epoch: 123 | loss: 0.1334644
	speed: 0.3399s/iter; left time: 9889.8673s
Epoch: 123 cost time: 14.94975233078003
Epoch: 123, Steps: 164 | Train Loss: 0.1288817 Vali Loss: 0.2875677 Test Loss: 0.2620477
EarlyStopping counter: 2 out of 20
Updating learning rate to 8.393717085329192e-05
	iters: 100, epoch: 124 | loss: 0.1330806
	speed: 0.3350s/iter; left time: 9690.9481s
Epoch: 124 cost time: 15.393772840499878
Epoch: 124, Steps: 164 | Train Loss: 0.1280240 Vali Loss: 0.2906306 Test Loss: 0.2563190
EarlyStopping counter: 3 out of 20
Updating learning rate to 8.345363062180668e-05
	iters: 100, epoch: 125 | loss: 0.1292908
	speed: 0.3282s/iter; left time: 9439.8818s
Epoch: 125 cost time: 15.549874782562256
Epoch: 125, Steps: 164 | Train Loss: 0.1274147 Vali Loss: 0.2871344 Test Loss: 0.2608708
EarlyStopping counter: 4 out of 20
Updating learning rate to 8.29643583172031e-05
	iters: 100, epoch: 126 | loss: 0.1265917
	speed: 0.2941s/iter; left time: 8411.4552s
Epoch: 126 cost time: 13.283972263336182
Epoch: 126, Steps: 164 | Train Loss: 0.1273384 Vali Loss: 0.2847736 Test Loss: 0.2540926
EarlyStopping counter: 5 out of 20
Updating learning rate to 8.246943777377184e-05
	iters: 100, epoch: 127 | loss: 0.1199565
	speed: 0.3211s/iter; left time: 9130.5451s
Epoch: 127 cost time: 14.018217325210571
Epoch: 127, Steps: 164 | Train Loss: 0.1261832 Vali Loss: 0.2860340 Test Loss: 0.2527870
EarlyStopping counter: 6 out of 20
Updating learning rate to 8.196895379360013e-05
	iters: 100, epoch: 128 | loss: 0.1199766
	speed: 0.3071s/iter; left time: 8683.9547s
Epoch: 128 cost time: 12.969660997390747
Epoch: 128, Steps: 164 | Train Loss: 0.1260309 Vali Loss: 0.2855841 Test Loss: 0.2580464
EarlyStopping counter: 7 out of 20
Updating learning rate to 8.146299213204148e-05
	iters: 100, epoch: 129 | loss: 0.1201081
	speed: 0.3062s/iter; left time: 8606.0310s
Epoch: 129 cost time: 14.993566513061523
Epoch: 129, Steps: 164 | Train Loss: 0.1261137 Vali Loss: 0.2879162 Test Loss: 0.2547944
EarlyStopping counter: 8 out of 20
Updating learning rate to 8.09516394830219e-05
	iters: 100, epoch: 130 | loss: 0.1318568
	speed: 0.3433s/iter; left time: 9594.8103s
Epoch: 130 cost time: 14.80611538887024
Epoch: 130, Steps: 164 | Train Loss: 0.1260189 Vali Loss: 0.2855739 Test Loss: 0.2577957
EarlyStopping counter: 9 out of 20
Updating learning rate to 8.043498346418536e-05
	iters: 100, epoch: 131 | loss: 0.1252625
	speed: 0.3283s/iter; left time: 9119.6656s
Epoch: 131 cost time: 16.185778856277466
Epoch: 131, Steps: 164 | Train Loss: 0.1251789 Vali Loss: 0.2873754 Test Loss: 0.2588972
EarlyStopping counter: 10 out of 20
Updating learning rate to 7.991311260188092e-05
	iters: 100, epoch: 132 | loss: 0.1313752
	speed: 0.3335s/iter; left time: 9211.3747s
Epoch: 132 cost time: 14.900054216384888
Epoch: 132, Steps: 164 | Train Loss: 0.1249513 Vali Loss: 0.2924825 Test Loss: 0.2670769
EarlyStopping counter: 11 out of 20
Updating learning rate to 7.938611631599423e-05
	iters: 100, epoch: 133 | loss: 0.1153123
	speed: 0.3296s/iter; left time: 9048.7767s
Epoch: 133 cost time: 14.772257089614868
Epoch: 133, Steps: 164 | Train Loss: 0.1246618 Vali Loss: 0.2831449 Test Loss: 0.2549267
EarlyStopping counter: 12 out of 20
Updating learning rate to 7.885408490462592e-05
	iters: 100, epoch: 134 | loss: 0.1117870
	speed: 0.3131s/iter; left time: 8545.0119s
Epoch: 134 cost time: 13.10097861289978
Epoch: 134, Steps: 164 | Train Loss: 0.1236499 Vali Loss: 0.2835289 Test Loss: 0.2533462
EarlyStopping counter: 13 out of 20
Updating learning rate to 7.831710952861941e-05
	iters: 100, epoch: 135 | loss: 0.1131515
	speed: 0.3102s/iter; left time: 8413.0740s
Epoch: 135 cost time: 14.438122510910034
Epoch: 135, Steps: 164 | Train Loss: 0.1235227 Vali Loss: 0.2786164 Test Loss: 0.2512334
Validation loss decreased (0.282223 --> 0.278616).  Saving model ...
Updating learning rate to 7.777528219594102e-05
	iters: 100, epoch: 136 | loss: 0.1214042
	speed: 0.3428s/iter; left time: 9240.8864s
Epoch: 136 cost time: 14.828229188919067
Epoch: 136, Steps: 164 | Train Loss: 0.1231783 Vali Loss: 0.2801895 Test Loss: 0.2493069
EarlyStopping counter: 1 out of 20
Updating learning rate to 7.722869574591485e-05
	iters: 100, epoch: 137 | loss: 0.1238440
	speed: 0.2901s/iter; left time: 7774.1609s
Epoch: 137 cost time: 14.402677774429321
Epoch: 137, Steps: 164 | Train Loss: 0.1223656 Vali Loss: 0.2790006 Test Loss: 0.2524166
EarlyStopping counter: 2 out of 20
Updating learning rate to 7.667744383331531e-05
	iters: 100, epoch: 138 | loss: 0.1263959
	speed: 0.3260s/iter; left time: 8683.5917s
Epoch: 138 cost time: 14.429589033126831
Epoch: 138, Steps: 164 | Train Loss: 0.1229576 Vali Loss: 0.2720109 Test Loss: 0.2409440
Validation loss decreased (0.278616 --> 0.272011).  Saving model ...
Updating learning rate to 7.612162091231975e-05
	iters: 100, epoch: 139 | loss: 0.1221652
	speed: 0.3346s/iter; left time: 8855.9832s
Epoch: 139 cost time: 15.451990365982056
Epoch: 139, Steps: 164 | Train Loss: 0.1213854 Vali Loss: 0.2897889 Test Loss: 0.2594240
EarlyStopping counter: 1 out of 20
Updating learning rate to 7.556132222032432e-05
	iters: 100, epoch: 140 | loss: 0.1252503
	speed: 0.3293s/iter; left time: 8662.2585s
Epoch: 140 cost time: 13.659495115280151
Epoch: 140, Steps: 164 | Train Loss: 0.1222444 Vali Loss: 0.2775633 Test Loss: 0.2512244
EarlyStopping counter: 2 out of 20
Updating learning rate to 7.499664376162545e-05
	iters: 100, epoch: 141 | loss: 0.1240657
	speed: 0.2934s/iter; left time: 7669.7509s
Epoch: 141 cost time: 13.744385242462158
Epoch: 141, Steps: 164 | Train Loss: 0.1211979 Vali Loss: 0.2822275 Test Loss: 0.2533323
EarlyStopping counter: 3 out of 20
Updating learning rate to 7.442768229097006e-05
	iters: 100, epoch: 142 | loss: 0.1181904
	speed: 0.3188s/iter; left time: 8280.1723s
Epoch: 142 cost time: 14.805079460144043
Epoch: 142, Steps: 164 | Train Loss: 0.1210778 Vali Loss: 0.2864233 Test Loss: 0.2568838
EarlyStopping counter: 4 out of 20
Updating learning rate to 7.385453529697714e-05
	iters: 100, epoch: 143 | loss: 0.1272762
	speed: 0.2898s/iter; left time: 7481.5339s
Epoch: 143 cost time: 13.067148923873901
Epoch: 143, Steps: 164 | Train Loss: 0.1203197 Vali Loss: 0.2846795 Test Loss: 0.2553344
EarlyStopping counter: 5 out of 20
Updating learning rate to 7.327730098543354e-05
	iters: 100, epoch: 144 | loss: 0.1234375
	speed: 0.3172s/iter; left time: 8135.1907s
Epoch: 144 cost time: 14.903283596038818
Epoch: 144, Steps: 164 | Train Loss: 0.1200452 Vali Loss: 0.2810696 Test Loss: 0.2506266
EarlyStopping counter: 6 out of 20
Updating learning rate to 7.269607826246692e-05
	iters: 100, epoch: 145 | loss: 0.1164790
	speed: 0.3189s/iter; left time: 8126.2533s
Epoch: 145 cost time: 15.070802450180054
Epoch: 145, Steps: 164 | Train Loss: 0.1198738 Vali Loss: 0.2754816 Test Loss: 0.2475049
EarlyStopping counter: 7 out of 20
Updating learning rate to 7.211096671759874e-05
	iters: 100, epoch: 146 | loss: 0.1199857
	speed: 0.3482s/iter; left time: 8816.6624s
Epoch: 146 cost time: 16.24015736579895
Epoch: 146, Steps: 164 | Train Loss: 0.1190199 Vali Loss: 0.2828619 Test Loss: 0.2531887
EarlyStopping counter: 8 out of 20
Updating learning rate to 7.152206660668005e-05
	iters: 100, epoch: 147 | loss: 0.1214251
	speed: 0.3323s/iter; left time: 8360.0219s
Epoch: 147 cost time: 15.509217977523804
Epoch: 147, Steps: 164 | Train Loss: 0.1194506 Vali Loss: 0.2785194 Test Loss: 0.2496978
EarlyStopping counter: 9 out of 20
Updating learning rate to 7.092947883471316e-05
	iters: 100, epoch: 148 | loss: 0.1247823
	speed: 0.3278s/iter; left time: 8193.8426s
Epoch: 148 cost time: 14.788486957550049
Epoch: 148, Steps: 164 | Train Loss: 0.1185328 Vali Loss: 0.2803285 Test Loss: 0.2516573
EarlyStopping counter: 10 out of 20
Updating learning rate to 7.033330493856215e-05
	iters: 100, epoch: 149 | loss: 0.1190680
	speed: 0.2921s/iter; left time: 7253.4358s
Epoch: 149 cost time: 13.15099310874939
Epoch: 149, Steps: 164 | Train Loss: 0.1184684 Vali Loss: 0.2739612 Test Loss: 0.2459446
EarlyStopping counter: 11 out of 20
Updating learning rate to 6.973364706955505e-05
	iters: 100, epoch: 150 | loss: 0.1130802
	speed: 0.3111s/iter; left time: 7673.2350s
Epoch: 150 cost time: 14.607449293136597
Epoch: 150, Steps: 164 | Train Loss: 0.1180828 Vali Loss: 0.2867852 Test Loss: 0.2576261
EarlyStopping counter: 12 out of 20
Updating learning rate to 6.913060797598062e-05
	iters: 100, epoch: 151 | loss: 0.1172778
	speed: 0.3268s/iter; left time: 8006.1074s
Epoch: 151 cost time: 14.087289571762085
Epoch: 151, Steps: 164 | Train Loss: 0.1175460 Vali Loss: 0.2788589 Test Loss: 0.2504929
EarlyStopping counter: 13 out of 20
Updating learning rate to 6.852429098548313e-05
	iters: 100, epoch: 152 | loss: 0.1223271
	speed: 0.2914s/iter; left time: 7092.5104s
Epoch: 152 cost time: 14.380727529525757
Epoch: 152, Steps: 164 | Train Loss: 0.1173662 Vali Loss: 0.2765236 Test Loss: 0.2475196
EarlyStopping counter: 14 out of 20
Updating learning rate to 6.791479998735757e-05
	iters: 100, epoch: 153 | loss: 0.1211002
	speed: 0.3359s/iter; left time: 8119.5911s
Epoch: 153 cost time: 15.162351846694946
Epoch: 153, Steps: 164 | Train Loss: 0.1168024 Vali Loss: 0.2778336 Test Loss: 0.2484492
EarlyStopping counter: 15 out of 20
Updating learning rate to 6.730223941474878e-05
	iters: 100, epoch: 154 | loss: 0.1171115
	speed: 0.3395s/iter; left time: 8149.9691s
Epoch: 154 cost time: 15.370089769363403
Epoch: 154, Steps: 164 | Train Loss: 0.1167801 Vali Loss: 0.2790719 Test Loss: 0.2470745
EarlyStopping counter: 16 out of 20
Updating learning rate to 6.668671422675741e-05
	iters: 100, epoch: 155 | loss: 0.1228269
	speed: 0.3283s/iter; left time: 7829.2778s
Epoch: 155 cost time: 13.151880979537964
Epoch: 155, Steps: 164 | Train Loss: 0.1170286 Vali Loss: 0.2848132 Test Loss: 0.2525445
EarlyStopping counter: 17 out of 20
Updating learning rate to 6.60683298904557e-05
	iters: 100, epoch: 156 | loss: 0.1168301
	speed: 0.2964s/iter; left time: 7020.2132s
Epoch: 156 cost time: 14.86847472190857
Epoch: 156, Steps: 164 | Train Loss: 0.1159229 Vali Loss: 0.2711490 Test Loss: 0.2432461
Validation loss decreased (0.272011 --> 0.271149).  Saving model ...
Updating learning rate to 6.54471923628162e-05
	iters: 100, epoch: 157 | loss: 0.1195215
	speed: 0.3382s/iter; left time: 7952.5466s
Epoch: 157 cost time: 14.37842607498169
Epoch: 157, Steps: 164 | Train Loss: 0.1165430 Vali Loss: 0.2707886 Test Loss: 0.2431612
Validation loss decreased (0.271149 --> 0.270789).  Saving model ...
Updating learning rate to 6.48234080725567e-05
	iters: 100, epoch: 158 | loss: 0.1159070
	speed: 0.2897s/iter; left time: 6764.4598s
Epoch: 158 cost time: 13.682868003845215
Epoch: 158, Steps: 164 | Train Loss: 0.1155070 Vali Loss: 0.2796517 Test Loss: 0.2498932
EarlyStopping counter: 1 out of 20
Updating learning rate to 6.419708390190402e-05
	iters: 100, epoch: 159 | loss: 0.1185307
	speed: 0.3141s/iter; left time: 7282.8927s
Epoch: 159 cost time: 14.852805852890015
Epoch: 159, Steps: 164 | Train Loss: 0.1152444 Vali Loss: 0.2713217 Test Loss: 0.2450301
EarlyStopping counter: 2 out of 20
Updating learning rate to 6.356832716828053e-05
	iters: 100, epoch: 160 | loss: 0.1134759
	speed: 0.3093s/iter; left time: 7120.5418s
Epoch: 160 cost time: 14.271892309188843
Epoch: 160, Steps: 164 | Train Loss: 0.1147387 Vali Loss: 0.2868910 Test Loss: 0.2559332
EarlyStopping counter: 3 out of 20
Updating learning rate to 6.293724560591565e-05
	iters: 100, epoch: 161 | loss: 0.1143242
	speed: 0.3506s/iter; left time: 8014.1624s
Epoch: 161 cost time: 15.808298110961914
Epoch: 161, Steps: 164 | Train Loss: 0.1149287 Vali Loss: 0.2762323 Test Loss: 0.2453267
EarlyStopping counter: 4 out of 20
Updating learning rate to 6.230394734738629e-05
	iters: 100, epoch: 162 | loss: 0.1139209
	speed: 0.3390s/iter; left time: 7694.6558s
Epoch: 162 cost time: 15.362960577011108
Epoch: 162, Steps: 164 | Train Loss: 0.1144007 Vali Loss: 0.2732612 Test Loss: 0.2442900
EarlyStopping counter: 5 out of 20
Updating learning rate to 6.166854090508882e-05
	iters: 100, epoch: 163 | loss: 0.1081613
	speed: 0.3395s/iter; left time: 7649.7303s
Epoch: 163 cost time: 14.679381370544434
Epoch: 163, Steps: 164 | Train Loss: 0.1142093 Vali Loss: 0.2740892 Test Loss: 0.2471993
EarlyStopping counter: 6 out of 20
Updating learning rate to 6.103113515264605e-05
	iters: 100, epoch: 164 | loss: 0.1083374
	speed: 0.2966s/iter; left time: 6634.8669s
Epoch: 164 cost time: 13.21834421157837
Epoch: 164, Steps: 164 | Train Loss: 0.1135122 Vali Loss: 0.2727392 Test Loss: 0.2451206
EarlyStopping counter: 7 out of 20
Updating learning rate to 6.0391839306252284e-05
	iters: 100, epoch: 165 | loss: 0.1161835
	speed: 0.3230s/iter; left time: 7172.5953s
Epoch: 165 cost time: 15.665326118469238
Epoch: 165, Steps: 164 | Train Loss: 0.1136479 Vali Loss: 0.2723979 Test Loss: 0.2458610
EarlyStopping counter: 8 out of 20
Updating learning rate to 5.97507629059597e-05
	iters: 100, epoch: 166 | loss: 0.1109251
	speed: 0.3190s/iter; left time: 7031.5893s
Epoch: 166 cost time: 12.66334342956543
Epoch: 166, Steps: 164 | Train Loss: 0.1130905 Vali Loss: 0.2699944 Test Loss: 0.2444628
Validation loss decreased (0.270789 --> 0.269994).  Saving model ...
Updating learning rate to 5.91080157969092e-05
	iters: 100, epoch: 167 | loss: 0.1114395
	speed: 0.3127s/iter; left time: 6841.6185s
Epoch: 167 cost time: 14.52260160446167
Epoch: 167, Steps: 164 | Train Loss: 0.1126701 Vali Loss: 0.2766891 Test Loss: 0.2466569
EarlyStopping counter: 1 out of 20
Updating learning rate to 5.846370811050908e-05
	iters: 100, epoch: 168 | loss: 0.1152856
	speed: 0.3227s/iter; left time: 7006.7418s
Epoch: 168 cost time: 15.25846242904663
Epoch: 168, Steps: 164 | Train Loss: 0.1129914 Vali Loss: 0.2664487 Test Loss: 0.2392993
Validation loss decreased (0.269994 --> 0.266449).  Saving model ...
Updating learning rate to 5.7817950245564485e-05
	iters: 100, epoch: 169 | loss: 0.1109730
	speed: 0.3311s/iter; left time: 7134.4335s
Epoch: 169 cost time: 15.661156177520752
Epoch: 169, Steps: 164 | Train Loss: 0.1122095 Vali Loss: 0.2740560 Test Loss: 0.2438497
EarlyStopping counter: 1 out of 20
Updating learning rate to 5.71708528493612e-05
	iters: 100, epoch: 170 | loss: 0.1162172
	speed: 0.3348s/iter; left time: 7159.5101s
Epoch: 170 cost time: 14.168550491333008
Epoch: 170, Steps: 164 | Train Loss: 0.1121692 Vali Loss: 0.2718540 Test Loss: 0.2447807
EarlyStopping counter: 2 out of 20
Updating learning rate to 5.652252679870678e-05
	iters: 100, epoch: 171 | loss: 0.1174834
	speed: 0.3222s/iter; left time: 6836.7455s
Epoch: 171 cost time: 15.173721551895142
Epoch: 171, Steps: 164 | Train Loss: 0.1118137 Vali Loss: 0.2733724 Test Loss: 0.2446186
EarlyStopping counter: 3 out of 20
Updating learning rate to 5.5873083180932443e-05
	iters: 100, epoch: 172 | loss: 0.1106069
	speed: 0.3396s/iter; left time: 7150.7445s
Epoch: 172 cost time: 13.035304307937622
Epoch: 172, Steps: 164 | Train Loss: 0.1115395 Vali Loss: 0.2744916 Test Loss: 0.2474200
EarlyStopping counter: 4 out of 20
Updating learning rate to 5.522263327485874e-05
	iters: 100, epoch: 173 | loss: 0.1088916
	speed: 0.3094s/iter; left time: 6463.9677s
Epoch: 173 cost time: 14.938848972320557
Epoch: 173, Steps: 164 | Train Loss: 0.1111579 Vali Loss: 0.2748641 Test Loss: 0.2511522
EarlyStopping counter: 5 out of 20
Updating learning rate to 5.457128853172854e-05
	iters: 100, epoch: 174 | loss: 0.1092883
	speed: 0.3315s/iter; left time: 6872.5989s
Epoch: 174 cost time: 13.977452993392944
Epoch: 174, Steps: 164 | Train Loss: 0.1115291 Vali Loss: 0.2717555 Test Loss: 0.2454863
EarlyStopping counter: 6 out of 20
Updating learning rate to 5.391916055611047e-05
	iters: 100, epoch: 175 | loss: 0.1140247
	speed: 0.3175s/iter; left time: 6529.3901s
Epoch: 175 cost time: 16.213805198669434
Epoch: 175, Steps: 164 | Train Loss: 0.1107361 Vali Loss: 0.2725821 Test Loss: 0.2449740
EarlyStopping counter: 7 out of 20
Updating learning rate to 5.3266361086775966e-05
	iters: 100, epoch: 176 | loss: 0.1147483
	speed: 0.3510s/iter; left time: 7160.7377s
Epoch: 176 cost time: 15.29945993423462
Epoch: 176, Steps: 164 | Train Loss: 0.1110087 Vali Loss: 0.2684143 Test Loss: 0.2409447
EarlyStopping counter: 8 out of 20
Updating learning rate to 5.26130019775535e-05
	iters: 100, epoch: 177 | loss: 0.1076161
	speed: 0.3633s/iter; left time: 7352.7715s
Epoch: 177 cost time: 17.039952516555786
Epoch: 177, Steps: 164 | Train Loss: 0.1102761 Vali Loss: 0.2705992 Test Loss: 0.2399408
EarlyStopping counter: 9 out of 20
Updating learning rate to 5.19591951781629e-05
	iters: 100, epoch: 178 | loss: 0.1083375
	speed: 0.3216s/iter; left time: 6456.2915s
Epoch: 178 cost time: 12.776572227478027
Epoch: 178, Steps: 164 | Train Loss: 0.1100962 Vali Loss: 0.2751762 Test Loss: 0.2460998
EarlyStopping counter: 10 out of 20
Updating learning rate to 5.130505271503346e-05
	iters: 100, epoch: 179 | loss: 0.1140023
	speed: 0.3048s/iter; left time: 6068.1823s
Epoch: 179 cost time: 14.336657524108887
Epoch: 179, Steps: 164 | Train Loss: 0.1100490 Vali Loss: 0.2660923 Test Loss: 0.2399075
Validation loss decreased (0.266449 --> 0.266092).  Saving model ...
Updating learning rate to 5.065068667210872e-05
	iters: 100, epoch: 180 | loss: 0.1013031
	speed: 0.3319s/iter; left time: 6552.6603s
Epoch: 180 cost time: 13.467849731445312
Epoch: 180, Steps: 164 | Train Loss: 0.1096075 Vali Loss: 0.2667880 Test Loss: 0.2377442
EarlyStopping counter: 1 out of 20
Updating learning rate to 4.9996209171641413e-05
	iters: 100, epoch: 181 | loss: 0.1099003
	speed: 0.3097s/iter; left time: 6064.9353s
Epoch: 181 cost time: 13.875707149505615
Epoch: 181, Steps: 164 | Train Loss: 0.1093985 Vali Loss: 0.2696479 Test Loss: 0.2399865
EarlyStopping counter: 2 out of 20
Updating learning rate to 4.934173235498201e-05
	iters: 100, epoch: 182 | loss: 0.1082452
	speed: 0.3265s/iter; left time: 6338.9432s
Epoch: 182 cost time: 15.176824808120728
Epoch: 182, Steps: 164 | Train Loss: 0.1092768 Vali Loss: 0.2738362 Test Loss: 0.2451003
EarlyStopping counter: 3 out of 20
Updating learning rate to 4.868736836336377e-05
	iters: 100, epoch: 183 | loss: 0.1082923
	speed: 0.3392s/iter; left time: 6530.5389s
Epoch: 183 cost time: 16.306761264801025
Epoch: 183, Steps: 164 | Train Loss: 0.1090919 Vali Loss: 0.2705966 Test Loss: 0.2430310
EarlyStopping counter: 4 out of 20
Updating learning rate to 4.803322931868798e-05
	iters: 100, epoch: 184 | loss: 0.1134667
	speed: 0.3544s/iter; left time: 6764.8263s
Epoch: 184 cost time: 15.451758861541748
Epoch: 184, Steps: 164 | Train Loss: 0.1087644 Vali Loss: 0.2697996 Test Loss: 0.2426643
EarlyStopping counter: 5 out of 20
Updating learning rate to 4.737942730431246e-05
	iters: 100, epoch: 185 | loss: 0.1094473
	speed: 0.2985s/iter; left time: 5649.8951s
Epoch: 185 cost time: 12.325077533721924
Epoch: 185, Steps: 164 | Train Loss: 0.1087706 Vali Loss: 0.2663911 Test Loss: 0.2384168
EarlyStopping counter: 6 out of 20
Updating learning rate to 4.6726074345846577e-05
	iters: 100, epoch: 186 | loss: 0.1045622
	speed: 0.3297s/iter; left time: 6185.1713s
Epoch: 186 cost time: 15.298928260803223
Epoch: 186, Steps: 164 | Train Loss: 0.1083629 Vali Loss: 0.2667159 Test Loss: 0.2390684
EarlyStopping counter: 7 out of 20
Updating learning rate to 4.607328239195627e-05
	iters: 100, epoch: 187 | loss: 0.1106308
	speed: 0.3097s/iter; left time: 5760.0913s
Epoch: 187 cost time: 13.144964933395386
Epoch: 187, Steps: 164 | Train Loss: 0.1080436 Vali Loss: 0.2727239 Test Loss: 0.2497500
EarlyStopping counter: 8 out of 20
Updating learning rate to 4.542116329518229e-05
	iters: 100, epoch: 188 | loss: 0.1107390
	speed: 0.3141s/iter; left time: 5790.3447s
Epoch: 188 cost time: 15.437933683395386
Epoch: 188, Steps: 164 | Train Loss: 0.1082931 Vali Loss: 0.2707753 Test Loss: 0.2413844
EarlyStopping counter: 9 out of 20
Updating learning rate to 4.476982879277472e-05
	iters: 100, epoch: 189 | loss: 0.1041579
	speed: 0.3291s/iter; left time: 6011.9669s
Epoch: 189 cost time: 14.274452209472656
Epoch: 189, Steps: 164 | Train Loss: 0.1077679 Vali Loss: 0.2702650 Test Loss: 0.2411746
EarlyStopping counter: 10 out of 20
Updating learning rate to 4.4119390487547505e-05
	iters: 100, epoch: 190 | loss: 0.1071283
	speed: 0.3483s/iter; left time: 6305.9743s
Epoch: 190 cost time: 16.308851718902588
Epoch: 190, Steps: 164 | Train Loss: 0.1075439 Vali Loss: 0.2713483 Test Loss: 0.2440049
EarlyStopping counter: 11 out of 20
Updating learning rate to 4.346995982875573e-05
	iters: 100, epoch: 191 | loss: 0.1141620
	speed: 0.3285s/iter; left time: 5893.1389s
Epoch: 191 cost time: 14.914644241333008
Epoch: 191, Steps: 164 | Train Loss: 0.1073131 Vali Loss: 0.2705569 Test Loss: 0.2416228
EarlyStopping counter: 12 out of 20
Updating learning rate to 4.282164809299954e-05
	iters: 100, epoch: 192 | loss: 0.1064549
	speed: 0.3514s/iter; left time: 6246.7826s
Epoch: 192 cost time: 15.149778842926025
Epoch: 192, Steps: 164 | Train Loss: 0.1070074 Vali Loss: 0.2657407 Test Loss: 0.2361006
Validation loss decreased (0.266092 --> 0.265741).  Saving model ...
Updating learning rate to 4.217456636515734e-05
	iters: 100, epoch: 193 | loss: 0.1053386
	speed: 0.2951s/iter; left time: 5197.5827s
Epoch: 193 cost time: 12.95201587677002
Epoch: 193, Steps: 164 | Train Loss: 0.1067881 Vali Loss: 0.2685364 Test Loss: 0.2402294
EarlyStopping counter: 1 out of 20
Updating learning rate to 4.152882551935198e-05
	iters: 100, epoch: 194 | loss: 0.1081553
	speed: 0.3032s/iter; left time: 5290.3614s
Epoch: 194 cost time: 15.229295015335083
Epoch: 194, Steps: 164 | Train Loss: 0.1069485 Vali Loss: 0.2661929 Test Loss: 0.2397667
EarlyStopping counter: 2 out of 20
Updating learning rate to 4.088453619995314e-05
	iters: 100, epoch: 195 | loss: 0.1053970
	speed: 0.3411s/iter; left time: 5895.0561s
Epoch: 195 cost time: 14.780230283737183
Epoch: 195, Steps: 164 | Train Loss: 0.1067763 Vali Loss: 0.2741925 Test Loss: 0.2467567
EarlyStopping counter: 3 out of 20
Updating learning rate to 4.024180880261887e-05
	iters: 100, epoch: 196 | loss: 0.1081102
	speed: 0.3121s/iter; left time: 5342.7893s
Epoch: 196 cost time: 14.489669561386108
Epoch: 196, Steps: 164 | Train Loss: 0.1063845 Vali Loss: 0.2679876 Test Loss: 0.2390346
EarlyStopping counter: 4 out of 20
Updating learning rate to 3.960075345537994e-05
	iters: 100, epoch: 197 | loss: 0.1109239
	speed: 0.3190s/iter; left time: 5409.0879s
Epoch: 197 cost time: 14.871095180511475
Epoch: 197, Steps: 164 | Train Loss: 0.1060722 Vali Loss: 0.2694346 Test Loss: 0.2418896
EarlyStopping counter: 5 out of 20
Updating learning rate to 3.896147999976992e-05
	iters: 100, epoch: 198 | loss: 0.1014847
	speed: 0.3468s/iter; left time: 5823.9963s
Epoch: 198 cost time: 15.651500940322876
Epoch: 198, Steps: 164 | Train Loss: 0.1060621 Vali Loss: 0.2684549 Test Loss: 0.2430319
EarlyStopping counter: 6 out of 20
Updating learning rate to 3.8324097972004445e-05
	iters: 100, epoch: 199 | loss: 0.1007778
	speed: 0.3327s/iter; left time: 5532.5646s
Epoch: 199 cost time: 15.280726194381714
Epoch: 199, Steps: 164 | Train Loss: 0.1060495 Vali Loss: 0.2679856 Test Loss: 0.2396207
EarlyStopping counter: 7 out of 20
Updating learning rate to 3.768871658421275e-05
	iters: 100, epoch: 200 | loss: 0.0989976
	speed: 0.3224s/iter; left time: 5309.0366s
Epoch: 200 cost time: 15.37669038772583
Epoch: 200, Steps: 164 | Train Loss: 0.1058148 Vali Loss: 0.2660332 Test Loss: 0.2377891
EarlyStopping counter: 8 out of 20
Updating learning rate to 3.705544470572467e-05
	iters: 100, epoch: 201 | loss: 0.1062545
	speed: 0.3418s/iter; left time: 5571.8295s
Epoch: 201 cost time: 15.574744462966919
Epoch: 201, Steps: 164 | Train Loss: 0.1056530 Vali Loss: 0.2689411 Test Loss: 0.2391025
EarlyStopping counter: 9 out of 20
Updating learning rate to 3.642439084441646e-05
	iters: 100, epoch: 202 | loss: 0.1081948
	speed: 0.3258s/iter; left time: 5256.7864s
Epoch: 202 cost time: 15.481122255325317
Epoch: 202, Steps: 164 | Train Loss: 0.1055669 Vali Loss: 0.2650437 Test Loss: 0.2329768
Validation loss decreased (0.265741 --> 0.265044).  Saving model ...
Updating learning rate to 3.579566312811862e-05
	iters: 100, epoch: 203 | loss: 0.1048780
	speed: 0.3358s/iter; left time: 5364.5314s
Epoch: 203 cost time: 14.352979183197021
Epoch: 203, Steps: 164 | Train Loss: 0.1053850 Vali Loss: 0.2713007 Test Loss: 0.2398606
EarlyStopping counter: 1 out of 20
Updating learning rate to 3.516936928608861e-05
	iters: 100, epoch: 204 | loss: 0.1055046
	speed: 0.3298s/iter; left time: 5214.4388s
Epoch: 204 cost time: 16.046045064926147
Epoch: 204, Steps: 164 | Train Loss: 0.1051702 Vali Loss: 0.2622843 Test Loss: 0.2322172
Validation loss decreased (0.265044 --> 0.262284).  Saving model ...
Updating learning rate to 3.454561663055211e-05
	iters: 100, epoch: 205 | loss: 0.1099231
	speed: 0.3623s/iter; left time: 5668.2082s
Epoch: 205 cost time: 15.608915328979492
Epoch: 205, Steps: 164 | Train Loss: 0.1048959 Vali Loss: 0.2660314 Test Loss: 0.2381686
EarlyStopping counter: 1 out of 20
Updating learning rate to 3.392451203831553e-05
	iters: 100, epoch: 206 | loss: 0.1039507
	speed: 0.3833s/iter; left time: 5933.4599s
Epoch: 206 cost time: 16.76546287536621
Epoch: 206, Steps: 164 | Train Loss: 0.1047247 Vali Loss: 0.2724964 Test Loss: 0.2423527
EarlyStopping counter: 2 out of 20
Updating learning rate to 3.330616193245333e-05
	iters: 100, epoch: 207 | loss: 0.1081286
	speed: 0.3390s/iter; left time: 5192.0198s
Epoch: 207 cost time: 13.530331373214722
Epoch: 207, Steps: 164 | Train Loss: 0.1044647 Vali Loss: 0.2679858 Test Loss: 0.2399423
EarlyStopping counter: 3 out of 20
Updating learning rate to 3.2690672264072874e-05
	iters: 100, epoch: 208 | loss: 0.1057569
	speed: 0.3284s/iter; left time: 4976.2895s
Epoch: 208 cost time: 14.224623203277588
Epoch: 208, Steps: 164 | Train Loss: 0.1042404 Vali Loss: 0.2684553 Test Loss: 0.2386518
EarlyStopping counter: 4 out of 20
Updating learning rate to 3.207814849416026e-05
	iters: 100, epoch: 209 | loss: 0.1031680
	speed: 0.3391s/iter; left time: 5082.1695s
Epoch: 209 cost time: 14.291619062423706
Epoch: 209, Steps: 164 | Train Loss: 0.1043516 Vali Loss: 0.2709777 Test Loss: 0.2407122
EarlyStopping counter: 5 out of 20
Updating learning rate to 3.146869557551021e-05
	iters: 100, epoch: 210 | loss: 0.1056850
	speed: 0.3468s/iter; left time: 5141.5108s
Epoch: 210 cost time: 15.228835105895996
Epoch: 210, Steps: 164 | Train Loss: 0.1041994 Vali Loss: 0.2688924 Test Loss: 0.2409091
EarlyStopping counter: 6 out of 20
Updating learning rate to 3.0862417934742854e-05
	iters: 100, epoch: 211 | loss: 0.0995005
	speed: 0.3338s/iter; left time: 4894.3704s
Epoch: 211 cost time: 16.29849672317505
Epoch: 211, Steps: 164 | Train Loss: 0.1038085 Vali Loss: 0.2660504 Test Loss: 0.2373017
EarlyStopping counter: 7 out of 20
Updating learning rate to 3.0259419454410807e-05
	iters: 100, epoch: 212 | loss: 0.1032454
	speed: 0.3691s/iter; left time: 5350.6992s
Epoch: 212 cost time: 17.427908182144165
Epoch: 212, Steps: 164 | Train Loss: 0.1039488 Vali Loss: 0.2723702 Test Loss: 0.2420122
EarlyStopping counter: 8 out of 20
Updating learning rate to 2.965980345519942e-05
	iters: 100, epoch: 213 | loss: 0.1019327
	speed: 0.3578s/iter; left time: 5128.4889s
Epoch: 213 cost time: 15.488136053085327
Epoch: 213, Steps: 164 | Train Loss: 0.1036916 Vali Loss: 0.2650276 Test Loss: 0.2346735
EarlyStopping counter: 9 out of 20
Updating learning rate to 2.906367267822333e-05
	iters: 100, epoch: 214 | loss: 0.1031409
	speed: 0.3410s/iter; left time: 4831.4881s
Epoch: 214 cost time: 16.701598405838013
Epoch: 214, Steps: 164 | Train Loss: 0.1035595 Vali Loss: 0.2665661 Test Loss: 0.2419655
EarlyStopping counter: 10 out of 20
Updating learning rate to 2.84711292674223e-05
	iters: 100, epoch: 215 | loss: 0.1006379
	speed: 0.3434s/iter; left time: 4809.4480s
Epoch: 215 cost time: 15.243516206741333
Epoch: 215, Steps: 164 | Train Loss: 0.1034979 Vali Loss: 0.2669062 Test Loss: 0.2367644
EarlyStopping counter: 11 out of 20
Updating learning rate to 2.7882274752059356e-05
	iters: 100, epoch: 216 | loss: 0.1075652
	speed: 0.3349s/iter; left time: 4634.9402s
Epoch: 216 cost time: 15.120412349700928
Epoch: 216, Steps: 164 | Train Loss: 0.1033865 Vali Loss: 0.2670184 Test Loss: 0.2378884
EarlyStopping counter: 12 out of 20
Updating learning rate to 2.7297210029324237e-05
	iters: 100, epoch: 217 | loss: 0.1104430
	speed: 0.3233s/iter; left time: 4421.5000s
Epoch: 217 cost time: 15.236786603927612
Epoch: 217, Steps: 164 | Train Loss: 0.1032351 Vali Loss: 0.2688226 Test Loss: 0.2401685
EarlyStopping counter: 13 out of 20
Updating learning rate to 2.6716035347045284e-05
	iters: 100, epoch: 218 | loss: 0.0995789
	speed: 0.3906s/iter; left time: 5278.0203s
Epoch: 218 cost time: 17.46147871017456
Epoch: 218, Steps: 164 | Train Loss: 0.1028220 Vali Loss: 0.2672110 Test Loss: 0.2391557
EarlyStopping counter: 14 out of 20
Updating learning rate to 2.6138850286512426e-05
	iters: 100, epoch: 219 | loss: 0.1002243
	speed: 0.3557s/iter; left time: 4748.5210s
Epoch: 219 cost time: 15.711230039596558
Epoch: 219, Steps: 164 | Train Loss: 0.1028977 Vali Loss: 0.2659753 Test Loss: 0.2365452
EarlyStopping counter: 15 out of 20
Updating learning rate to 2.5565753745414387e-05
	iters: 100, epoch: 220 | loss: 0.0999177
	speed: 0.3446s/iter; left time: 4543.9440s
Epoch: 220 cost time: 14.860589742660522
Epoch: 220, Steps: 164 | Train Loss: 0.1029186 Vali Loss: 0.2698223 Test Loss: 0.2412385
EarlyStopping counter: 16 out of 20
Updating learning rate to 2.4996843920893182e-05
	iters: 100, epoch: 221 | loss: 0.1011208
	speed: 0.3513s/iter; left time: 4574.0319s
Epoch: 221 cost time: 15.539387941360474
Epoch: 221, Steps: 164 | Train Loss: 0.1025494 Vali Loss: 0.2664852 Test Loss: 0.2373794
EarlyStopping counter: 17 out of 20
Updating learning rate to 2.4432218292718543e-05
	iters: 100, epoch: 222 | loss: 0.1022128
	speed: 0.3253s/iter; left time: 4183.0051s
Epoch: 222 cost time: 13.027047634124756
Epoch: 222, Steps: 164 | Train Loss: 0.1025927 Vali Loss: 0.2683019 Test Loss: 0.2380039
EarlyStopping counter: 18 out of 20
Updating learning rate to 2.3871973606585095e-05
	iters: 100, epoch: 223 | loss: 0.0986085
	speed: 0.3293s/iter; left time: 4179.4238s
Epoch: 223 cost time: 15.99875521659851
Epoch: 223, Steps: 164 | Train Loss: 0.1023414 Vali Loss: 0.2623870 Test Loss: 0.2336229
EarlyStopping counter: 19 out of 20
Updating learning rate to 2.3316205857535684e-05
	iters: 100, epoch: 224 | loss: 0.1000573
	speed: 0.3489s/iter; left time: 4371.7429s
Epoch: 224 cost time: 14.01338267326355
Epoch: 224, Steps: 164 | Train Loss: 0.1024433 Vali Loss: 0.2679585 Test Loss: 0.2408101
EarlyStopping counter: 20 out of 20
Early stopping
>>>>>>>testing : 96_96_SPM_TST_PEMS08_ftM_sl96_ll18_pl96_dm256_nh1_el1_dl1_df256_fc1_ebtimeF_dtTrue_Exp_0<<<<<<<<<<<<<<<<<<<<<<<<<<<<<<<<<
test 3381
mse:0.2322174608707428, mae:0.28936755657196045, rse:0.44078344106674194
