Args in experiment:
Namespace(activation='gelu', affine=0, batch_size=32, c_out=7, checkpoints='./checkpoints/', d_ff=64, d_layers=1, d_model=64, data='custom', data_path='weather.csv', dec_in=7, decomposition=0, des='Exp', devices='0,1,2,3', dishts=1, distil=True, do_predict=False, dropout=0.2, e_layers=1, embed='timeF', embed_type=0, enc_in=21, factor=1, fc_dropout=0.2, features='M', freq='h', gpu=0, head_dropout=0.0, hidden_size=[16, 4], hidden_size1=3, hidden_size2=3, individual=0, is_training=1, itr=1, k=1.0, kernel_size=25, label_len=18, learning_rate=0.0001, loss='mse', lradj='type3', model='SPM_TST', model_id='96_192', moving_avg=25, n_heads=1, num_layers=3, num_workers=10, output_attention=False, padding_patch='end', patch_len=16, patience=20, pct_start=0.3, pred_len=192, random_seed=2021, revin=1, root_path='./dataset/', seq_len=96, stride=8, subtract_last=0, target='OT', test_flop=False, topk=49, traffic=0, train_epochs=300, use_amp=False, use_gpu=True, use_multi_gpu=False)
Use GPU: cuda:0
>>>>>>>start training : 96_192_SPM_TST_custom_ftM_sl96_ll18_pl192_dm64_nh1_el1_dl1_df64_fc1_ebtimeF_dtTrue_Exp_0>>>>>>>>>>>>>>>>>>>>>>>>>>
train 36600
val 5079
test 10348
	iters: 100, epoch: 1 | loss: 1.0741990
	speed: 0.0285s/iter; left time: 9768.6938s
	iters: 200, epoch: 1 | loss: 0.5776837
	speed: 0.0236s/iter; left time: 8092.7241s
	iters: 300, epoch: 1 | loss: 0.5982751
	speed: 0.0186s/iter; left time: 6379.0999s
	iters: 400, epoch: 1 | loss: 0.5611188
	speed: 0.0248s/iter; left time: 8502.8187s
	iters: 500, epoch: 1 | loss: 0.8064005
	speed: 0.0174s/iter; left time: 5951.3348s
	iters: 600, epoch: 1 | loss: 0.4955762
	speed: 0.0184s/iter; left time: 6290.2260s
	iters: 700, epoch: 1 | loss: 1.0628952
	speed: 0.0197s/iter; left time: 6757.6568s
	iters: 800, epoch: 1 | loss: 0.5158906
	speed: 0.0262s/iter; left time: 8970.0146s
	iters: 900, epoch: 1 | loss: 0.4611157
	speed: 0.0255s/iter; left time: 8707.4963s
	iters: 1000, epoch: 1 | loss: 0.5619645
	speed: 0.0177s/iter; left time: 6040.5558s
	iters: 1100, epoch: 1 | loss: 0.7810271
	speed: 0.0198s/iter; left time: 6777.7021s
Epoch: 1 cost time: 23.999305486679077
Epoch: 1, Steps: 1143 | Train Loss: 0.6612780 Vali Loss: 0.5790337 Test Loss: 0.2443283
Validation loss decreased (inf --> 0.579034).  Saving model ...
Updating learning rate to 0.0001
	iters: 100, epoch: 2 | loss: 0.3219292
	speed: 0.0622s/iter; left time: 21241.0978s
	iters: 200, epoch: 2 | loss: 0.6160272
	speed: 0.0127s/iter; left time: 4346.2190s
	iters: 300, epoch: 2 | loss: 0.4240707
	speed: 0.0115s/iter; left time: 3936.0855s
	iters: 400, epoch: 2 | loss: 0.9444157
	speed: 0.0124s/iter; left time: 4249.3101s
	iters: 500, epoch: 2 | loss: 0.3969299
	speed: 0.0223s/iter; left time: 7624.9956s
	iters: 600, epoch: 2 | loss: 0.4468997
	speed: 0.0201s/iter; left time: 6872.6495s
	iters: 700, epoch: 2 | loss: 0.6088598
	speed: 0.0232s/iter; left time: 7928.7050s
	iters: 800, epoch: 2 | loss: 0.4963090
	speed: 0.0230s/iter; left time: 7843.5613s
	iters: 900, epoch: 2 | loss: 1.5032785
	speed: 0.0206s/iter; left time: 7020.7799s
	iters: 1000, epoch: 2 | loss: 0.3812371
	speed: 0.0156s/iter; left time: 5303.7031s
	iters: 1100, epoch: 2 | loss: 0.3653868
	speed: 0.0103s/iter; left time: 3502.5551s
Epoch: 2 cost time: 19.697213411331177
Epoch: 2, Steps: 1143 | Train Loss: 0.5266245 Vali Loss: 0.4927121 Test Loss: 0.2189925
Validation loss decreased (0.579034 --> 0.492712).  Saving model ...
Updating learning rate to 0.0001
	iters: 100, epoch: 3 | loss: 0.5118745
	speed: 0.0565s/iter; left time: 19255.8934s
	iters: 200, epoch: 3 | loss: 0.4480508
	speed: 0.0189s/iter; left time: 6421.6469s
	iters: 300, epoch: 3 | loss: 0.4625633
	speed: 0.0203s/iter; left time: 6924.2276s
	iters: 400, epoch: 3 | loss: 0.4383957
	speed: 0.0167s/iter; left time: 5666.7965s
	iters: 500, epoch: 3 | loss: 0.3761481
	speed: 0.0183s/iter; left time: 6229.1529s
	iters: 600, epoch: 3 | loss: 0.6813850
	speed: 0.0143s/iter; left time: 4848.2998s
	iters: 700, epoch: 3 | loss: 0.4199513
	speed: 0.0131s/iter; left time: 4452.7737s
	iters: 800, epoch: 3 | loss: 1.3548958
	speed: 0.0183s/iter; left time: 6232.6247s
	iters: 900, epoch: 3 | loss: 0.3488408
	speed: 0.0125s/iter; left time: 4237.7719s
	iters: 1000, epoch: 3 | loss: 0.4325986
	speed: 0.0104s/iter; left time: 3538.7512s
	iters: 1100, epoch: 3 | loss: 0.6976032
	speed: 0.0102s/iter; left time: 3446.3949s
Epoch: 3 cost time: 17.150034427642822
Epoch: 3, Steps: 1143 | Train Loss: 0.4988471 Vali Loss: 0.4810584 Test Loss: 0.2139956
Validation loss decreased (0.492712 --> 0.481058).  Saving model ...
Updating learning rate to 0.0001
	iters: 100, epoch: 4 | loss: 0.4143868
	speed: 0.0613s/iter; left time: 20808.2042s
	iters: 200, epoch: 4 | loss: 0.9683236
	speed: 0.0143s/iter; left time: 4857.1768s
	iters: 300, epoch: 4 | loss: 0.5081227
	speed: 0.0114s/iter; left time: 3876.8391s
	iters: 400, epoch: 4 | loss: 0.4113626
	speed: 0.0113s/iter; left time: 3823.8648s
	iters: 500, epoch: 4 | loss: 0.4563992
	speed: 0.0149s/iter; left time: 5066.6741s
	iters: 600, epoch: 4 | loss: 0.3877086
	speed: 0.0206s/iter; left time: 6975.8863s
	iters: 700, epoch: 4 | loss: 0.3721199
	speed: 0.0153s/iter; left time: 5188.6796s
	iters: 800, epoch: 4 | loss: 0.4489025
	speed: 0.0111s/iter; left time: 3765.3721s
	iters: 900, epoch: 4 | loss: 0.3515858
	speed: 0.0245s/iter; left time: 8286.8387s
	iters: 1000, epoch: 4 | loss: 0.5040179
	speed: 0.0215s/iter; left time: 7269.1810s
	iters: 1100, epoch: 4 | loss: 0.9409688
	speed: 0.0189s/iter; left time: 6403.7108s
Epoch: 4 cost time: 19.075474500656128
Epoch: 4, Steps: 1143 | Train Loss: 0.4915270 Vali Loss: 0.4769064 Test Loss: 0.2124783
Validation loss decreased (0.481058 --> 0.476906).  Saving model ...
Updating learning rate to 9e-05
	iters: 100, epoch: 5 | loss: 0.3427366
	speed: 0.0661s/iter; left time: 22355.4020s
	iters: 200, epoch: 5 | loss: 0.3976975
	speed: 0.0111s/iter; left time: 3758.3918s
	iters: 300, epoch: 5 | loss: 0.5661802
	speed: 0.0116s/iter; left time: 3913.0081s
	iters: 400, epoch: 5 | loss: 0.2749957
	speed: 0.0166s/iter; left time: 5615.6845s
	iters: 500, epoch: 5 | loss: 0.3865235
	speed: 0.0111s/iter; left time: 3750.1206s
	iters: 600, epoch: 5 | loss: 0.3447211
	speed: 0.0155s/iter; left time: 5225.3647s
	iters: 700, epoch: 5 | loss: 0.4000877
	speed: 0.0229s/iter; left time: 7734.0625s
	iters: 800, epoch: 5 | loss: 0.4955229
	speed: 0.0217s/iter; left time: 7336.9567s
	iters: 900, epoch: 5 | loss: 0.8959402
	speed: 0.0143s/iter; left time: 4815.2584s
	iters: 1000, epoch: 5 | loss: 0.4133112
	speed: 0.0144s/iter; left time: 4859.8653s
	iters: 1100, epoch: 5 | loss: 0.8746343
	speed: 0.0131s/iter; left time: 4413.8959s
Epoch: 5 cost time: 17.55463457107544
Epoch: 5, Steps: 1143 | Train Loss: 0.4868455 Vali Loss: 0.4724150 Test Loss: 0.2111858
Validation loss decreased (0.476906 --> 0.472415).  Saving model ...
Updating learning rate to 8.1e-05
	iters: 100, epoch: 6 | loss: 0.3985019
	speed: 0.0623s/iter; left time: 20986.8798s
	iters: 200, epoch: 6 | loss: 0.3184256
	speed: 0.0146s/iter; left time: 4931.1434s
	iters: 300, epoch: 6 | loss: 0.8542808
	speed: 0.0134s/iter; left time: 4530.3248s
	iters: 400, epoch: 6 | loss: 0.4020431
	speed: 0.0115s/iter; left time: 3880.4009s
	iters: 500, epoch: 6 | loss: 0.3316959
	speed: 0.0113s/iter; left time: 3801.8478s
	iters: 600, epoch: 6 | loss: 0.3295420
	speed: 0.0113s/iter; left time: 3806.6241s
	iters: 700, epoch: 6 | loss: 0.2629212
	speed: 0.0117s/iter; left time: 3927.1673s
	iters: 800, epoch: 6 | loss: 0.5031728
	speed: 0.0221s/iter; left time: 7438.8361s
	iters: 900, epoch: 6 | loss: 0.3123146
	speed: 0.0280s/iter; left time: 9401.8574s
	iters: 1000, epoch: 6 | loss: 0.3580159
	speed: 0.0198s/iter; left time: 6653.0571s
	iters: 1100, epoch: 6 | loss: 0.7473230
	speed: 0.0139s/iter; left time: 4657.7903s
Epoch: 6 cost time: 18.050431728363037
Epoch: 6, Steps: 1143 | Train Loss: 0.4825460 Vali Loss: 0.4688847 Test Loss: 0.2105701
Validation loss decreased (0.472415 --> 0.468885).  Saving model ...
Updating learning rate to 7.290000000000001e-05
	iters: 100, epoch: 7 | loss: 0.3696555
	speed: 0.0600s/iter; left time: 20158.7434s
	iters: 200, epoch: 7 | loss: 0.3222948
	speed: 0.0113s/iter; left time: 3784.2311s
	iters: 300, epoch: 7 | loss: 0.3663713
	speed: 0.0112s/iter; left time: 3753.6501s
	iters: 400, epoch: 7 | loss: 0.3801610
	speed: 0.0117s/iter; left time: 3917.3381s
	iters: 500, epoch: 7 | loss: 0.8710748
	speed: 0.0121s/iter; left time: 4062.6816s
	iters: 600, epoch: 7 | loss: 0.4654781
	speed: 0.0117s/iter; left time: 3922.2985s
	iters: 700, epoch: 7 | loss: 0.9373079
	speed: 0.0122s/iter; left time: 4097.2682s
	iters: 800, epoch: 7 | loss: 0.3779311
	speed: 0.0224s/iter; left time: 7509.2194s
	iters: 900, epoch: 7 | loss: 0.8311682
	speed: 0.0227s/iter; left time: 7615.5543s
	iters: 1000, epoch: 7 | loss: 0.5303447
	speed: 0.0216s/iter; left time: 7248.6851s
	iters: 1100, epoch: 7 | loss: 0.3254336
	speed: 0.0129s/iter; left time: 4308.9067s
Epoch: 7 cost time: 17.117891311645508
Epoch: 7, Steps: 1143 | Train Loss: 0.4786044 Vali Loss: 0.4680310 Test Loss: 0.2109563
Validation loss decreased (0.468885 --> 0.468031).  Saving model ...
Updating learning rate to 6.561e-05
	iters: 100, epoch: 8 | loss: 0.3312602
	speed: 0.0611s/iter; left time: 20468.8501s
	iters: 200, epoch: 8 | loss: 0.3217646
	speed: 0.0148s/iter; left time: 4969.0219s
	iters: 300, epoch: 8 | loss: 0.3019391
	speed: 0.0121s/iter; left time: 4038.5870s
	iters: 400, epoch: 8 | loss: 0.3263836
	speed: 0.0108s/iter; left time: 3600.4465s
	iters: 500, epoch: 8 | loss: 0.4413308
	speed: 0.0106s/iter; left time: 3549.1037s
	iters: 600, epoch: 8 | loss: 0.3522542
	speed: 0.0124s/iter; left time: 4151.0595s
	iters: 700, epoch: 8 | loss: 0.3963760
	speed: 0.0138s/iter; left time: 4601.8642s
	iters: 800, epoch: 8 | loss: 0.4875093
	speed: 0.0116s/iter; left time: 3860.0928s
	iters: 900, epoch: 8 | loss: 0.4148095
	speed: 0.0108s/iter; left time: 3618.2399s
	iters: 1000, epoch: 8 | loss: 0.4206699
	speed: 0.0106s/iter; left time: 3529.4374s
	iters: 1100, epoch: 8 | loss: 0.3493042
	speed: 0.0101s/iter; left time: 3364.9066s
Epoch: 8 cost time: 13.875746250152588
Epoch: 8, Steps: 1143 | Train Loss: 0.4750867 Vali Loss: 0.4688486 Test Loss: 0.2104263
EarlyStopping counter: 1 out of 20
Updating learning rate to 5.904900000000001e-05
	iters: 100, epoch: 9 | loss: 0.4049783
	speed: 0.0550s/iter; left time: 18352.6663s
	iters: 200, epoch: 9 | loss: 0.5521145
	speed: 0.0105s/iter; left time: 3517.4464s
	iters: 300, epoch: 9 | loss: 0.8453599
	speed: 0.0109s/iter; left time: 3644.7182s
	iters: 400, epoch: 9 | loss: 0.4751996
	speed: 0.0205s/iter; left time: 6818.2938s
	iters: 500, epoch: 9 | loss: 0.3274970
	speed: 0.0152s/iter; left time: 5065.9616s
	iters: 600, epoch: 9 | loss: 0.6917672
	speed: 0.0114s/iter; left time: 3810.8508s
	iters: 700, epoch: 9 | loss: 0.4426378
	speed: 0.0106s/iter; left time: 3533.1975s
	iters: 800, epoch: 9 | loss: 0.7332790
	speed: 0.0126s/iter; left time: 4199.4464s
	iters: 900, epoch: 9 | loss: 0.4174677
	speed: 0.0103s/iter; left time: 3436.8788s
	iters: 1000, epoch: 9 | loss: 0.2856234
	speed: 0.0128s/iter; left time: 4261.5696s
	iters: 1100, epoch: 9 | loss: 0.3432664
	speed: 0.0140s/iter; left time: 4654.2471s
Epoch: 9 cost time: 14.696578741073608
Epoch: 9, Steps: 1143 | Train Loss: 0.4718988 Vali Loss: 0.4677470 Test Loss: 0.2094978
Validation loss decreased (0.468031 --> 0.467747).  Saving model ...
Updating learning rate to 5.3144100000000005e-05
	iters: 100, epoch: 10 | loss: 0.3366002
	speed: 0.0608s/iter; left time: 20233.0133s
	iters: 200, epoch: 10 | loss: 0.4205580
	speed: 0.0130s/iter; left time: 4320.8818s
	iters: 300, epoch: 10 | loss: 0.9293778
	speed: 0.0161s/iter; left time: 5360.0106s
	iters: 400, epoch: 10 | loss: 0.5248735
	speed: 0.0160s/iter; left time: 5331.2522s
	iters: 500, epoch: 10 | loss: 0.4016749
	speed: 0.0145s/iter; left time: 4814.5628s
	iters: 600, epoch: 10 | loss: 0.4162788
	speed: 0.0168s/iter; left time: 5571.3270s
	iters: 700, epoch: 10 | loss: 0.4879112
	speed: 0.0158s/iter; left time: 5246.1932s
	iters: 800, epoch: 10 | loss: 0.3214552
	speed: 0.0163s/iter; left time: 5406.4832s
	iters: 900, epoch: 10 | loss: 0.4850424
	speed: 0.0225s/iter; left time: 7471.5029s
	iters: 1000, epoch: 10 | loss: 0.3615782
	speed: 0.0188s/iter; left time: 6238.0398s
	iters: 1100, epoch: 10 | loss: 0.8976838
	speed: 0.0128s/iter; left time: 4250.4602s
Epoch: 10 cost time: 18.547455310821533
Epoch: 10, Steps: 1143 | Train Loss: 0.4693989 Vali Loss: 0.4657070 Test Loss: 0.2103171
Validation loss decreased (0.467747 --> 0.465707).  Saving model ...
Updating learning rate to 4.782969000000001e-05
	iters: 100, epoch: 11 | loss: 0.5236304
	speed: 0.0571s/iter; left time: 18917.2518s
	iters: 200, epoch: 11 | loss: 0.3826505
	speed: 0.0136s/iter; left time: 4510.7097s
	iters: 300, epoch: 11 | loss: 0.7650488
	speed: 0.0251s/iter; left time: 8318.7150s
	iters: 400, epoch: 11 | loss: 0.4637293
	speed: 0.0136s/iter; left time: 4503.6640s
	iters: 500, epoch: 11 | loss: 0.2873523
	speed: 0.0119s/iter; left time: 3944.7093s
	iters: 600, epoch: 11 | loss: 0.4121332
	speed: 0.0131s/iter; left time: 4322.2678s
	iters: 700, epoch: 11 | loss: 0.4647513
	speed: 0.0198s/iter; left time: 6556.9478s
	iters: 800, epoch: 11 | loss: 0.3163940
	speed: 0.0242s/iter; left time: 7996.4919s
	iters: 900, epoch: 11 | loss: 0.3837778
	speed: 0.0243s/iter; left time: 8022.5146s
	iters: 1000, epoch: 11 | loss: 0.3292126
	speed: 0.0193s/iter; left time: 6376.4698s
	iters: 1100, epoch: 11 | loss: 0.8951575
	speed: 0.0123s/iter; left time: 4061.7234s
Epoch: 11 cost time: 19.57257580757141
Epoch: 11, Steps: 1143 | Train Loss: 0.4665417 Vali Loss: 0.4659307 Test Loss: 0.2106388
EarlyStopping counter: 1 out of 20
Updating learning rate to 4.304672100000001e-05
	iters: 100, epoch: 12 | loss: 0.4057723
	speed: 0.0597s/iter; left time: 19699.4880s
	iters: 200, epoch: 12 | loss: 0.3045327
	speed: 0.0147s/iter; left time: 4839.9247s
	iters: 300, epoch: 12 | loss: 0.8170291
	speed: 0.0159s/iter; left time: 5253.9136s
	iters: 400, epoch: 12 | loss: 0.4055681
	speed: 0.0214s/iter; left time: 7051.2641s
	iters: 500, epoch: 12 | loss: 0.3698412
	speed: 0.0142s/iter; left time: 4686.2433s
	iters: 600, epoch: 12 | loss: 1.1596874
	speed: 0.0126s/iter; left time: 4145.9072s
	iters: 700, epoch: 12 | loss: 0.8259946
	speed: 0.0115s/iter; left time: 3796.3257s
	iters: 800, epoch: 12 | loss: 0.3983577
	speed: 0.0183s/iter; left time: 6029.9489s
	iters: 900, epoch: 12 | loss: 0.3260454
	speed: 0.0232s/iter; left time: 7632.2134s
	iters: 1000, epoch: 12 | loss: 0.4187803
	speed: 0.0160s/iter; left time: 5276.0709s
	iters: 1100, epoch: 12 | loss: 0.8600438
	speed: 0.0165s/iter; left time: 5447.9988s
Epoch: 12 cost time: 18.931418657302856
Epoch: 12, Steps: 1143 | Train Loss: 0.4640383 Vali Loss: 0.4648956 Test Loss: 0.2102314
Validation loss decreased (0.465707 --> 0.464896).  Saving model ...
Updating learning rate to 3.874204890000001e-05
	iters: 100, epoch: 13 | loss: 1.2617674
	speed: 0.0599s/iter; left time: 19704.1156s
	iters: 200, epoch: 13 | loss: 0.3980652
	speed: 0.0115s/iter; left time: 3798.3326s
	iters: 300, epoch: 13 | loss: 0.3591959
	speed: 0.0175s/iter; left time: 5764.7347s
	iters: 400, epoch: 13 | loss: 0.3352318
	speed: 0.0180s/iter; left time: 5912.8590s
	iters: 500, epoch: 13 | loss: 1.3677378
	speed: 0.0129s/iter; left time: 4225.8751s
	iters: 600, epoch: 13 | loss: 0.4936186
	speed: 0.0162s/iter; left time: 5309.2111s
	iters: 700, epoch: 13 | loss: 0.4705955
	speed: 0.0131s/iter; left time: 4287.9128s
	iters: 800, epoch: 13 | loss: 0.3931032
	speed: 0.0127s/iter; left time: 4166.3767s
	iters: 900, epoch: 13 | loss: 0.3213214
	speed: 0.0127s/iter; left time: 4161.6899s
	iters: 1000, epoch: 13 | loss: 0.3172449
	speed: 0.0135s/iter; left time: 4418.9505s
	iters: 1100, epoch: 13 | loss: 0.3547302
	speed: 0.0162s/iter; left time: 5326.0958s
Epoch: 13 cost time: 16.541341543197632
Epoch: 13, Steps: 1143 | Train Loss: 0.4620685 Vali Loss: 0.4654702 Test Loss: 0.2095181
EarlyStopping counter: 1 out of 20
Updating learning rate to 3.486784401000001e-05
	iters: 100, epoch: 14 | loss: 0.8585427
	speed: 0.0680s/iter; left time: 22310.0709s
	iters: 200, epoch: 14 | loss: 0.3281071
	speed: 0.0200s/iter; left time: 6550.3415s
	iters: 300, epoch: 14 | loss: 0.2886372
	speed: 0.0115s/iter; left time: 3766.2883s
	iters: 400, epoch: 14 | loss: 0.3583858
	speed: 0.0121s/iter; left time: 3960.4891s
	iters: 500, epoch: 14 | loss: 0.3150646
	speed: 0.0130s/iter; left time: 4247.2395s
	iters: 600, epoch: 14 | loss: 0.3835236
	speed: 0.0156s/iter; left time: 5101.3281s
	iters: 700, epoch: 14 | loss: 0.4682621
	speed: 0.0191s/iter; left time: 6241.2430s
	iters: 800, epoch: 14 | loss: 0.4190225
	speed: 0.0248s/iter; left time: 8120.9523s
	iters: 900, epoch: 14 | loss: 0.3670630
	speed: 0.0125s/iter; left time: 4076.1786s
	iters: 1000, epoch: 14 | loss: 0.3706121
	speed: 0.0102s/iter; left time: 3337.7839s
	iters: 1100, epoch: 14 | loss: 0.4042036
	speed: 0.0101s/iter; left time: 3302.8009s
Epoch: 14 cost time: 17.431609630584717
Epoch: 14, Steps: 1143 | Train Loss: 0.4600274 Vali Loss: 0.4662834 Test Loss: 0.2093143
EarlyStopping counter: 2 out of 20
Updating learning rate to 3.138105960900001e-05
	iters: 100, epoch: 15 | loss: 0.3276934
	speed: 0.0627s/iter; left time: 20483.0901s
	iters: 200, epoch: 15 | loss: 0.3146376
	speed: 0.0123s/iter; left time: 4007.2687s
	iters: 300, epoch: 15 | loss: 0.5261372
	speed: 0.0113s/iter; left time: 3699.5223s
	iters: 400, epoch: 15 | loss: 0.9426275
	speed: 0.0117s/iter; left time: 3805.7387s
	iters: 500, epoch: 15 | loss: 1.1014792
	speed: 0.0117s/iter; left time: 3823.2537s
	iters: 600, epoch: 15 | loss: 0.4442493
	speed: 0.0158s/iter; left time: 5155.0875s
	iters: 700, epoch: 15 | loss: 0.3888793
	speed: 0.0219s/iter; left time: 7158.4004s
	iters: 800, epoch: 15 | loss: 0.4318612
	speed: 0.0113s/iter; left time: 3691.8581s
	iters: 900, epoch: 15 | loss: 0.4193106
	speed: 0.0116s/iter; left time: 3791.7364s
	iters: 1000, epoch: 15 | loss: 0.8832117
	speed: 0.0113s/iter; left time: 3674.9761s
	iters: 1100, epoch: 15 | loss: 0.4821267
	speed: 0.0120s/iter; left time: 3894.2867s
Epoch: 15 cost time: 15.507517099380493
Epoch: 15, Steps: 1143 | Train Loss: 0.4583373 Vali Loss: 0.4653517 Test Loss: 0.2099558
EarlyStopping counter: 3 out of 20
Updating learning rate to 2.824295364810001e-05
	iters: 100, epoch: 16 | loss: 0.3174679
	speed: 0.0567s/iter; left time: 18460.7574s
	iters: 200, epoch: 16 | loss: 0.3635843
	speed: 0.0161s/iter; left time: 5254.9701s
	iters: 300, epoch: 16 | loss: 0.4338306
	speed: 0.0170s/iter; left time: 5519.7915s
	iters: 400, epoch: 16 | loss: 0.5343825
	speed: 0.0129s/iter; left time: 4200.2005s
	iters: 500, epoch: 16 | loss: 0.3607742
	speed: 0.0176s/iter; left time: 5735.3249s
	iters: 600, epoch: 16 | loss: 0.2426149
	speed: 0.0189s/iter; left time: 6147.7458s
	iters: 700, epoch: 16 | loss: 0.7811795
	speed: 0.0110s/iter; left time: 3568.4369s
	iters: 800, epoch: 16 | loss: 0.4451658
	speed: 0.0100s/iter; left time: 3252.1438s
	iters: 900, epoch: 16 | loss: 0.4585620
	speed: 0.0112s/iter; left time: 3640.1628s
	iters: 1000, epoch: 16 | loss: 0.3465167
	speed: 0.0117s/iter; left time: 3789.5767s
	iters: 1100, epoch: 16 | loss: 0.3100634
	speed: 0.0112s/iter; left time: 3638.2561s
Epoch: 16 cost time: 15.789257526397705
Epoch: 16, Steps: 1143 | Train Loss: 0.4568587 Vali Loss: 0.4656246 Test Loss: 0.2106683
EarlyStopping counter: 4 out of 20
Updating learning rate to 2.541865828329001e-05
	iters: 100, epoch: 17 | loss: 0.3890498
	speed: 0.0625s/iter; left time: 20289.7043s
	iters: 200, epoch: 17 | loss: 0.5116432
	speed: 0.0126s/iter; left time: 4079.6070s
	iters: 300, epoch: 17 | loss: 0.2788743
	speed: 0.0105s/iter; left time: 3397.3167s
	iters: 400, epoch: 17 | loss: 0.3188768
	speed: 0.0108s/iter; left time: 3507.2102s
	iters: 500, epoch: 17 | loss: 0.9109617
	speed: 0.0108s/iter; left time: 3485.0672s
	iters: 600, epoch: 17 | loss: 0.3582910
	speed: 0.0121s/iter; left time: 3914.5852s
	iters: 700, epoch: 17 | loss: 0.8547399
	speed: 0.0128s/iter; left time: 4140.0587s
	iters: 800, epoch: 17 | loss: 0.3492282
	speed: 0.0250s/iter; left time: 8097.7175s
	iters: 900, epoch: 17 | loss: 0.4415754
	speed: 0.0249s/iter; left time: 8075.2328s
	iters: 1000, epoch: 17 | loss: 0.2803472
	speed: 0.0156s/iter; left time: 5050.5731s
	iters: 1100, epoch: 17 | loss: 0.3253357
	speed: 0.0102s/iter; left time: 3297.4122s
Epoch: 17 cost time: 16.726210832595825
Epoch: 17, Steps: 1143 | Train Loss: 0.4553523 Vali Loss: 0.4656613 Test Loss: 0.2092414
EarlyStopping counter: 5 out of 20
Updating learning rate to 2.287679245496101e-05
	iters: 100, epoch: 18 | loss: 0.3889621
	speed: 0.0654s/iter; left time: 21151.6599s
	iters: 200, epoch: 18 | loss: 0.8435454
	speed: 0.0125s/iter; left time: 4041.9140s
	iters: 300, epoch: 18 | loss: 0.3534125
	speed: 0.0119s/iter; left time: 3857.9040s
	iters: 400, epoch: 18 | loss: 0.3272889
	speed: 0.0228s/iter; left time: 7373.1447s
	iters: 500, epoch: 18 | loss: 0.3132668
	speed: 0.0225s/iter; left time: 7258.2816s
	iters: 600, epoch: 18 | loss: 0.4151016
	speed: 0.0185s/iter; left time: 5986.2110s
	iters: 700, epoch: 18 | loss: 0.9822878
	speed: 0.0256s/iter; left time: 8261.0911s
	iters: 800, epoch: 18 | loss: 0.2759179
	speed: 0.0156s/iter; left time: 5048.9379s
	iters: 900, epoch: 18 | loss: 0.4717675
	speed: 0.0189s/iter; left time: 6107.1749s
	iters: 1000, epoch: 18 | loss: 0.4294450
	speed: 0.0169s/iter; left time: 5452.1212s
	iters: 1100, epoch: 18 | loss: 0.3690808
	speed: 0.0184s/iter; left time: 5939.4235s
Epoch: 18 cost time: 21.54610300064087
Epoch: 18, Steps: 1143 | Train Loss: 0.4540369 Vali Loss: 0.4658045 Test Loss: 0.2095973
EarlyStopping counter: 6 out of 20
Updating learning rate to 2.0589113209464907e-05
	iters: 100, epoch: 19 | loss: 0.3522113
	speed: 0.0727s/iter; left time: 23436.7682s
	iters: 200, epoch: 19 | loss: 0.3169370
	speed: 0.0264s/iter; left time: 8520.1224s
	iters: 300, epoch: 19 | loss: 0.4401091
	speed: 0.0269s/iter; left time: 8665.8056s
	iters: 400, epoch: 19 | loss: 0.3845496
	speed: 0.0268s/iter; left time: 8624.8830s
	iters: 500, epoch: 19 | loss: 0.3814507
	speed: 0.0268s/iter; left time: 8635.4036s
	iters: 600, epoch: 19 | loss: 0.2885210
	speed: 0.0156s/iter; left time: 5023.1851s
	iters: 700, epoch: 19 | loss: 0.3250048
	speed: 0.0261s/iter; left time: 8383.3693s
	iters: 800, epoch: 19 | loss: 0.3875429
	speed: 0.0261s/iter; left time: 8404.4424s
	iters: 900, epoch: 19 | loss: 0.3398277
	speed: 0.0260s/iter; left time: 8366.6151s
	iters: 1000, epoch: 19 | loss: 0.8910004
	speed: 0.0132s/iter; left time: 4237.1931s
	iters: 1100, epoch: 19 | loss: 0.2799410
	speed: 0.0130s/iter; left time: 4163.2237s
Epoch: 19 cost time: 25.704208850860596
Epoch: 19, Steps: 1143 | Train Loss: 0.4527128 Vali Loss: 0.4656682 Test Loss: 0.2094112
EarlyStopping counter: 7 out of 20
Updating learning rate to 1.8530201888518416e-05
	iters: 100, epoch: 20 | loss: 0.3514494
	speed: 0.0587s/iter; left time: 18833.6535s
	iters: 200, epoch: 20 | loss: 0.3512944
	speed: 0.0119s/iter; left time: 3830.7475s
	iters: 300, epoch: 20 | loss: 0.8562067
	speed: 0.0109s/iter; left time: 3510.6572s
	iters: 400, epoch: 20 | loss: 0.4819231
	speed: 0.0110s/iter; left time: 3542.5226s
	iters: 500, epoch: 20 | loss: 0.9819165
	speed: 0.0116s/iter; left time: 3715.1041s
	iters: 600, epoch: 20 | loss: 0.8362705
	speed: 0.0125s/iter; left time: 4018.8032s
	iters: 700, epoch: 20 | loss: 0.3298025
	speed: 0.0109s/iter; left time: 3485.9905s
	iters: 800, epoch: 20 | loss: 0.4401104
	speed: 0.0107s/iter; left time: 3428.3385s
	iters: 900, epoch: 20 | loss: 0.3824894
	speed: 0.0107s/iter; left time: 3432.4343s
	iters: 1000, epoch: 20 | loss: 0.2961634
	speed: 0.0111s/iter; left time: 3553.4352s
	iters: 1100, epoch: 20 | loss: 0.5200280
	speed: 0.0123s/iter; left time: 3940.2781s
Epoch: 20 cost time: 13.387323141098022
Epoch: 20, Steps: 1143 | Train Loss: 0.4516710 Vali Loss: 0.4636440 Test Loss: 0.2099282
Validation loss decreased (0.464896 --> 0.463644).  Saving model ...
Updating learning rate to 1.6677181699666577e-05
	iters: 100, epoch: 21 | loss: 0.3351101
	speed: 0.0605s/iter; left time: 19344.9479s
	iters: 200, epoch: 21 | loss: 0.4255739
	speed: 0.0192s/iter; left time: 6156.2551s
	iters: 300, epoch: 21 | loss: 0.3337847
	speed: 0.0230s/iter; left time: 7360.0103s
	iters: 400, epoch: 21 | loss: 0.4491886
	speed: 0.0195s/iter; left time: 6235.8590s
	iters: 500, epoch: 21 | loss: 0.4334770
	speed: 0.0177s/iter; left time: 5642.0725s
	iters: 600, epoch: 21 | loss: 1.3283695
	speed: 0.0174s/iter; left time: 5551.9216s
	iters: 700, epoch: 21 | loss: 0.3673575
	speed: 0.0182s/iter; left time: 5808.8258s
	iters: 800, epoch: 21 | loss: 0.4432754
	speed: 0.0182s/iter; left time: 5796.6767s
	iters: 900, epoch: 21 | loss: 0.3680540
	speed: 0.0133s/iter; left time: 4245.7826s
	iters: 1000, epoch: 21 | loss: 0.8586462
	speed: 0.0199s/iter; left time: 6343.1738s
	iters: 1100, epoch: 21 | loss: 0.3453477
	speed: 0.0150s/iter; left time: 4788.0296s
Epoch: 21 cost time: 20.13805365562439
Epoch: 21, Steps: 1143 | Train Loss: 0.4507158 Vali Loss: 0.4663417 Test Loss: 0.2096225
EarlyStopping counter: 1 out of 20
Updating learning rate to 1.5009463529699919e-05
	iters: 100, epoch: 22 | loss: 0.8664880
	speed: 0.0562s/iter; left time: 17924.6538s
	iters: 200, epoch: 22 | loss: 0.6495199
	speed: 0.0103s/iter; left time: 3283.2709s
	iters: 300, epoch: 22 | loss: 0.3960566
	speed: 0.0104s/iter; left time: 3317.0454s
	iters: 400, epoch: 22 | loss: 0.3440163
	speed: 0.0104s/iter; left time: 3326.1174s
	iters: 500, epoch: 22 | loss: 0.8292824
	speed: 0.0104s/iter; left time: 3319.2787s
	iters: 600, epoch: 22 | loss: 0.4946184
	speed: 0.0106s/iter; left time: 3359.9535s
	iters: 700, epoch: 22 | loss: 0.3037982
	speed: 0.0103s/iter; left time: 3288.1127s
	iters: 800, epoch: 22 | loss: 0.4400877
	speed: 0.0107s/iter; left time: 3394.0872s
	iters: 900, epoch: 22 | loss: 0.2887444
	speed: 0.0128s/iter; left time: 4059.0094s
	iters: 1000, epoch: 22 | loss: 0.4025821
	speed: 0.0197s/iter; left time: 6254.0428s
	iters: 1100, epoch: 22 | loss: 0.3890096
	speed: 0.0155s/iter; left time: 4913.1639s
Epoch: 22 cost time: 13.971398115158081
Epoch: 22, Steps: 1143 | Train Loss: 0.4499621 Vali Loss: 0.4657167 Test Loss: 0.2098105
EarlyStopping counter: 2 out of 20
Updating learning rate to 1.3508517176729929e-05
	iters: 100, epoch: 23 | loss: 0.3819966
	speed: 0.0606s/iter; left time: 19257.0445s
	iters: 200, epoch: 23 | loss: 0.4907985
	speed: 0.0123s/iter; left time: 3912.2795s
	iters: 300, epoch: 23 | loss: 0.3757934
	speed: 0.0124s/iter; left time: 3945.8363s
	iters: 400, epoch: 23 | loss: 0.3168545
	speed: 0.0160s/iter; left time: 5074.0585s
	iters: 500, epoch: 23 | loss: 0.8035445
	speed: 0.0248s/iter; left time: 7862.9379s
	iters: 600, epoch: 23 | loss: 0.2829885
	speed: 0.0180s/iter; left time: 5693.4958s
	iters: 700, epoch: 23 | loss: 0.6926575
	speed: 0.0142s/iter; left time: 4498.7055s
	iters: 800, epoch: 23 | loss: 0.4296709
	speed: 0.0183s/iter; left time: 5801.9705s
	iters: 900, epoch: 23 | loss: 0.5246083
	speed: 0.0140s/iter; left time: 4423.1051s
	iters: 1000, epoch: 23 | loss: 0.4741433
	speed: 0.0130s/iter; left time: 4104.4085s
	iters: 1100, epoch: 23 | loss: 0.4268290
	speed: 0.0119s/iter; left time: 3761.4340s
Epoch: 23 cost time: 17.828470468521118
Epoch: 23, Steps: 1143 | Train Loss: 0.4490283 Vali Loss: 0.4653634 Test Loss: 0.2095097
EarlyStopping counter: 3 out of 20
Updating learning rate to 1.2157665459056936e-05
	iters: 100, epoch: 24 | loss: 0.3635500
	speed: 0.0643s/iter; left time: 20355.8345s
	iters: 200, epoch: 24 | loss: 0.2882869
	speed: 0.0193s/iter; left time: 6105.5003s
	iters: 300, epoch: 24 | loss: 0.3354383
	speed: 0.0180s/iter; left time: 5701.2780s
	iters: 400, epoch: 24 | loss: 0.3439081
	speed: 0.0119s/iter; left time: 3776.1382s
	iters: 500, epoch: 24 | loss: 0.4443380
	speed: 0.0124s/iter; left time: 3934.1312s
	iters: 600, epoch: 24 | loss: 0.4827169
	speed: 0.0124s/iter; left time: 3905.1272s
	iters: 700, epoch: 24 | loss: 0.8203678
	speed: 0.0125s/iter; left time: 3937.4063s
	iters: 800, epoch: 24 | loss: 0.4362229
	speed: 0.0125s/iter; left time: 3931.9863s
	iters: 900, epoch: 24 | loss: 0.3036748
	speed: 0.0114s/iter; left time: 3610.5042s
	iters: 1000, epoch: 24 | loss: 0.3659418
	speed: 0.0101s/iter; left time: 3194.0449s
	iters: 1100, epoch: 24 | loss: 0.7575374
	speed: 0.0119s/iter; left time: 3768.0513s
Epoch: 24 cost time: 15.312339782714844
Epoch: 24, Steps: 1143 | Train Loss: 0.4483428 Vali Loss: 0.4660965 Test Loss: 0.2099648
EarlyStopping counter: 4 out of 20
Updating learning rate to 1.0941898913151242e-05
	iters: 100, epoch: 25 | loss: 0.3073688
	speed: 0.0585s/iter; left time: 18451.7682s
	iters: 200, epoch: 25 | loss: 0.8919332
	speed: 0.0160s/iter; left time: 5032.9596s
	iters: 300, epoch: 25 | loss: 0.2852491
	speed: 0.0133s/iter; left time: 4203.2645s
	iters: 400, epoch: 25 | loss: 0.7911209
	speed: 0.0126s/iter; left time: 3984.0690s
	iters: 500, epoch: 25 | loss: 0.3636608
	speed: 0.0125s/iter; left time: 3938.6467s
	iters: 600, epoch: 25 | loss: 0.3267426
	speed: 0.0156s/iter; left time: 4905.5730s
	iters: 700, epoch: 25 | loss: 0.4380729
	speed: 0.0181s/iter; left time: 5690.8077s
	iters: 800, epoch: 25 | loss: 0.3613589
	speed: 0.0267s/iter; left time: 8402.7159s
	iters: 900, epoch: 25 | loss: 0.8361260
	speed: 0.0133s/iter; left time: 4198.9900s
	iters: 1000, epoch: 25 | loss: 0.6942592
	speed: 0.0100s/iter; left time: 3141.5418s
	iters: 1100, epoch: 25 | loss: 0.8148142
	speed: 0.0107s/iter; left time: 3363.9737s
Epoch: 25 cost time: 17.310559272766113
Epoch: 25, Steps: 1143 | Train Loss: 0.4476869 Vali Loss: 0.4662592 Test Loss: 0.2098962
EarlyStopping counter: 5 out of 20
Updating learning rate to 9.847709021836118e-06
	iters: 100, epoch: 26 | loss: 0.3677560
	speed: 0.0667s/iter; left time: 20968.6264s
	iters: 200, epoch: 26 | loss: 0.3809437
	speed: 0.0155s/iter; left time: 4868.9154s
	iters: 300, epoch: 26 | loss: 0.3967045
	speed: 0.0103s/iter; left time: 3241.5107s
	iters: 400, epoch: 26 | loss: 0.4971862
	speed: 0.0102s/iter; left time: 3195.5777s
	iters: 500, epoch: 26 | loss: 0.6697176
	speed: 0.0103s/iter; left time: 3229.6827s
	iters: 600, epoch: 26 | loss: 0.3381997
	speed: 0.0151s/iter; left time: 4734.0163s
	iters: 700, epoch: 26 | loss: 0.3114187
	speed: 0.0124s/iter; left time: 3895.9538s
	iters: 800, epoch: 26 | loss: 0.3518451
	speed: 0.0141s/iter; left time: 4412.6162s
	iters: 900, epoch: 26 | loss: 0.4837536
	speed: 0.0196s/iter; left time: 6158.7265s
	iters: 1000, epoch: 26 | loss: 0.3018989
	speed: 0.0166s/iter; left time: 5193.9493s
	iters: 1100, epoch: 26 | loss: 0.4625593
	speed: 0.0199s/iter; left time: 6230.2050s
Epoch: 26 cost time: 16.805200815200806
Epoch: 26, Steps: 1143 | Train Loss: 0.4471557 Vali Loss: 0.4664787 Test Loss: 0.2099353
EarlyStopping counter: 6 out of 20
Updating learning rate to 8.862938119652508e-06
	iters: 100, epoch: 27 | loss: 0.2679129
	speed: 0.0615s/iter; left time: 19267.0227s
	iters: 200, epoch: 27 | loss: 0.3337995
	speed: 0.0268s/iter; left time: 8396.7529s
	iters: 300, epoch: 27 | loss: 0.3842087
	speed: 0.0221s/iter; left time: 6910.8704s
	iters: 400, epoch: 27 | loss: 0.3925578
	speed: 0.0137s/iter; left time: 4287.2588s
	iters: 500, epoch: 27 | loss: 0.3708496
	speed: 0.0107s/iter; left time: 3345.6579s
	iters: 600, epoch: 27 | loss: 0.3700461
	speed: 0.0101s/iter; left time: 3152.8217s
	iters: 700, epoch: 27 | loss: 0.4018680
	speed: 0.0105s/iter; left time: 3281.7918s
	iters: 800, epoch: 27 | loss: 0.3716138
	speed: 0.0197s/iter; left time: 6151.2349s
	iters: 900, epoch: 27 | loss: 0.5418068
	speed: 0.0114s/iter; left time: 3573.2056s
	iters: 1000, epoch: 27 | loss: 0.4076202
	speed: 0.0105s/iter; left time: 3271.4749s
	iters: 1100, epoch: 27 | loss: 0.5284255
	speed: 0.0106s/iter; left time: 3307.5818s
Epoch: 27 cost time: 16.728681325912476
Epoch: 27, Steps: 1143 | Train Loss: 0.4465422 Vali Loss: 0.4655044 Test Loss: 0.2101574
EarlyStopping counter: 7 out of 20
Updating learning rate to 7.976644307687255e-06
	iters: 100, epoch: 28 | loss: 0.9447685
	speed: 0.0561s/iter; left time: 17514.3906s
	iters: 200, epoch: 28 | loss: 0.2972544
	speed: 0.0134s/iter; left time: 4180.8564s
	iters: 300, epoch: 28 | loss: 0.3426966
	speed: 0.0253s/iter; left time: 7888.2758s
	iters: 400, epoch: 28 | loss: 0.3245761
	speed: 0.0238s/iter; left time: 7431.6495s
	iters: 500, epoch: 28 | loss: 0.3498731
	speed: 0.0245s/iter; left time: 7641.4555s
	iters: 600, epoch: 28 | loss: 0.3611237
	speed: 0.0107s/iter; left time: 3344.9610s
	iters: 700, epoch: 28 | loss: 0.3757507
	speed: 0.0110s/iter; left time: 3414.1086s
	iters: 800, epoch: 28 | loss: 0.3555210
	speed: 0.0103s/iter; left time: 3190.3787s
	iters: 900, epoch: 28 | loss: 0.3772282
	speed: 0.0102s/iter; left time: 3185.4258s
	iters: 1000, epoch: 28 | loss: 0.3612643
	speed: 0.0102s/iter; left time: 3185.9704s
	iters: 1100, epoch: 28 | loss: 0.3883938
	speed: 0.0102s/iter; left time: 3183.8764s
Epoch: 28 cost time: 16.767167806625366
Epoch: 28, Steps: 1143 | Train Loss: 0.4460937 Vali Loss: 0.4663584 Test Loss: 0.2100703
EarlyStopping counter: 8 out of 20
Updating learning rate to 7.178979876918531e-06
	iters: 100, epoch: 29 | loss: 0.3265356
	speed: 0.0576s/iter; left time: 17900.0725s
	iters: 200, epoch: 29 | loss: 0.3741822
	speed: 0.0156s/iter; left time: 4844.0389s
	iters: 300, epoch: 29 | loss: 0.2968258
	speed: 0.0148s/iter; left time: 4599.0772s
	iters: 400, epoch: 29 | loss: 0.8717226
	speed: 0.0126s/iter; left time: 3922.2471s
	iters: 500, epoch: 29 | loss: 0.3099560
	speed: 0.0132s/iter; left time: 4090.9306s
	iters: 600, epoch: 29 | loss: 0.5750056
	speed: 0.0104s/iter; left time: 3226.3770s
	iters: 700, epoch: 29 | loss: 0.4636671
	speed: 0.0111s/iter; left time: 3439.0093s
	iters: 800, epoch: 29 | loss: 0.4029875
	speed: 0.0121s/iter; left time: 3760.2414s
	iters: 900, epoch: 29 | loss: 0.7535972
	speed: 0.0112s/iter; left time: 3466.5197s
	iters: 1000, epoch: 29 | loss: 0.3800338
	speed: 0.0118s/iter; left time: 3666.7564s
	iters: 1100, epoch: 29 | loss: 0.3651092
	speed: 0.0135s/iter; left time: 4175.4691s
Epoch: 29 cost time: 14.648622274398804
Epoch: 29, Steps: 1143 | Train Loss: 0.4456221 Vali Loss: 0.4656198 Test Loss: 0.2101970
EarlyStopping counter: 9 out of 20
Updating learning rate to 6.4610818892266776e-06
	iters: 100, epoch: 30 | loss: 0.4060623
	speed: 0.0603s/iter; left time: 18676.1184s
	iters: 200, epoch: 30 | loss: 0.8709691
	speed: 0.0119s/iter; left time: 3692.3374s
	iters: 300, epoch: 30 | loss: 0.4313459
	speed: 0.0232s/iter; left time: 7181.7813s
	iters: 400, epoch: 30 | loss: 0.4364941
	speed: 0.0223s/iter; left time: 6891.4665s
	iters: 500, epoch: 30 | loss: 0.7394062
	speed: 0.0105s/iter; left time: 3254.0475s
	iters: 600, epoch: 30 | loss: 0.3828490
	speed: 0.0170s/iter; left time: 5241.9984s
	iters: 700, epoch: 30 | loss: 0.4807889
	speed: 0.0161s/iter; left time: 4977.2973s
	iters: 800, epoch: 30 | loss: 0.3079597
	speed: 0.0203s/iter; left time: 6261.7851s
	iters: 900, epoch: 30 | loss: 0.3165923
	speed: 0.0140s/iter; left time: 4320.7516s
	iters: 1000, epoch: 30 | loss: 0.4094756
	speed: 0.0141s/iter; left time: 4346.1462s
	iters: 1100, epoch: 30 | loss: 0.3766742
	speed: 0.0131s/iter; left time: 4054.3275s
Epoch: 30 cost time: 18.116347074508667
Epoch: 30, Steps: 1143 | Train Loss: 0.4452487 Vali Loss: 0.4666248 Test Loss: 0.2093642
EarlyStopping counter: 10 out of 20
Updating learning rate to 5.8149737003040096e-06
	iters: 100, epoch: 31 | loss: 0.4405840
	speed: 0.0579s/iter; left time: 17849.8750s
	iters: 200, epoch: 31 | loss: 0.3578639
	speed: 0.0188s/iter; left time: 5804.2280s
	iters: 300, epoch: 31 | loss: 0.7875507
	speed: 0.0130s/iter; left time: 4021.0455s
	iters: 400, epoch: 31 | loss: 0.3886923
	speed: 0.0123s/iter; left time: 3804.5611s
	iters: 500, epoch: 31 | loss: 0.4601811
	speed: 0.0114s/iter; left time: 3521.4513s
	iters: 600, epoch: 31 | loss: 0.4346477
	speed: 0.0113s/iter; left time: 3479.4239s
	iters: 700, epoch: 31 | loss: 0.3768134
	speed: 0.0103s/iter; left time: 3170.3020s
	iters: 800, epoch: 31 | loss: 0.3924180
	speed: 0.0128s/iter; left time: 3945.7130s
	iters: 900, epoch: 31 | loss: 0.5498556
	speed: 0.0205s/iter; left time: 6304.8121s
	iters: 1000, epoch: 31 | loss: 0.3642452
	speed: 0.0244s/iter; left time: 7491.5671s
	iters: 1100, epoch: 31 | loss: 0.5005882
	speed: 0.0239s/iter; left time: 7350.3380s
Epoch: 31 cost time: 18.396504640579224
Epoch: 31, Steps: 1143 | Train Loss: 0.4447883 Vali Loss: 0.4651400 Test Loss: 0.2100923
EarlyStopping counter: 11 out of 20
Updating learning rate to 5.23347633027361e-06
	iters: 100, epoch: 32 | loss: 0.3354954
	speed: 0.0672s/iter; left time: 20647.9451s
	iters: 200, epoch: 32 | loss: 0.2645597
	speed: 0.0105s/iter; left time: 3239.3934s
	iters: 300, epoch: 32 | loss: 0.3502455
	speed: 0.0116s/iter; left time: 3577.8062s
	iters: 400, epoch: 32 | loss: 0.2960626
	speed: 0.0119s/iter; left time: 3654.9901s
	iters: 500, epoch: 32 | loss: 0.3691870
	speed: 0.0123s/iter; left time: 3790.1528s
	iters: 600, epoch: 32 | loss: 0.3787693
	speed: 0.0122s/iter; left time: 3739.9018s
	iters: 700, epoch: 32 | loss: 0.3247939
	speed: 0.0109s/iter; left time: 3353.5475s
	iters: 800, epoch: 32 | loss: 0.2406050
	speed: 0.0119s/iter; left time: 3654.2635s
	iters: 900, epoch: 32 | loss: 0.4336371
	speed: 0.0126s/iter; left time: 3854.7978s
	iters: 1000, epoch: 32 | loss: 0.3542955
	speed: 0.0173s/iter; left time: 5287.0696s
	iters: 1100, epoch: 32 | loss: 0.3978167
	speed: 0.0161s/iter; left time: 4945.8579s
Epoch: 32 cost time: 14.785866022109985
Epoch: 32, Steps: 1143 | Train Loss: 0.4445038 Vali Loss: 0.4662784 Test Loss: 0.2103456
EarlyStopping counter: 12 out of 20
Updating learning rate to 4.710128697246249e-06
	iters: 100, epoch: 33 | loss: 0.4099306
	speed: 0.0608s/iter; left time: 18622.2390s
	iters: 200, epoch: 33 | loss: 0.8816953
	speed: 0.0107s/iter; left time: 3269.4853s
	iters: 300, epoch: 33 | loss: 0.3009589
	speed: 0.0101s/iter; left time: 3082.8011s
	iters: 400, epoch: 33 | loss: 0.4524128
	speed: 0.0101s/iter; left time: 3076.9667s
	iters: 500, epoch: 33 | loss: 0.4484419
	speed: 0.0101s/iter; left time: 3098.9843s
	iters: 600, epoch: 33 | loss: 0.3037692
	speed: 0.0157s/iter; left time: 4802.4743s
	iters: 700, epoch: 33 | loss: 0.3450198
	speed: 0.0111s/iter; left time: 3383.6225s
	iters: 800, epoch: 33 | loss: 0.2809134
	speed: 0.0107s/iter; left time: 3272.4513s
	iters: 900, epoch: 33 | loss: 0.3895712
	speed: 0.0103s/iter; left time: 3141.2119s
	iters: 1000, epoch: 33 | loss: 0.2886846
	speed: 0.0106s/iter; left time: 3239.6747s
	iters: 1100, epoch: 33 | loss: 0.3082918
	speed: 0.0105s/iter; left time: 3198.8202s
Epoch: 33 cost time: 13.171713590621948
Epoch: 33, Steps: 1143 | Train Loss: 0.4441558 Vali Loss: 0.4668954 Test Loss: 0.2098747
EarlyStopping counter: 13 out of 20
Updating learning rate to 4.239115827521624e-06
	iters: 100, epoch: 34 | loss: 0.2949671
	speed: 0.0578s/iter; left time: 17628.4399s
	iters: 200, epoch: 34 | loss: 0.4280252
	speed: 0.0110s/iter; left time: 3344.5935s
	iters: 300, epoch: 34 | loss: 0.3829047
	speed: 0.0110s/iter; left time: 3354.7194s
	iters: 400, epoch: 34 | loss: 0.4192981
	speed: 0.0110s/iter; left time: 3341.8639s
	iters: 500, epoch: 34 | loss: 0.5649790
	speed: 0.0153s/iter; left time: 4673.9655s
	iters: 600, epoch: 34 | loss: 0.4063616
	speed: 0.0130s/iter; left time: 3950.4646s
	iters: 700, epoch: 34 | loss: 0.4010342
	speed: 0.0137s/iter; left time: 4166.9117s
	iters: 800, epoch: 34 | loss: 0.3873454
	speed: 0.0138s/iter; left time: 4193.7860s
	iters: 900, epoch: 34 | loss: 0.4986935
	speed: 0.0129s/iter; left time: 3923.5626s
	iters: 1000, epoch: 34 | loss: 0.3695216
	speed: 0.0128s/iter; left time: 3891.2342s
	iters: 1100, epoch: 34 | loss: 0.3732767
	speed: 0.0142s/iter; left time: 4309.8339s
Epoch: 34 cost time: 14.779829263687134
Epoch: 34, Steps: 1143 | Train Loss: 0.4439230 Vali Loss: 0.4666765 Test Loss: 0.2103513
EarlyStopping counter: 14 out of 20
Updating learning rate to 3.815204244769462e-06
	iters: 100, epoch: 35 | loss: 0.3179828
	speed: 0.0581s/iter; left time: 17658.1731s
	iters: 200, epoch: 35 | loss: 0.3802091
	speed: 0.0104s/iter; left time: 3168.2736s
	iters: 300, epoch: 35 | loss: 0.8413533
	speed: 0.0103s/iter; left time: 3143.5403s
	iters: 400, epoch: 35 | loss: 0.4246665
	speed: 0.0110s/iter; left time: 3336.3743s
	iters: 500, epoch: 35 | loss: 0.8603783
	speed: 0.0115s/iter; left time: 3497.3264s
	iters: 600, epoch: 35 | loss: 0.3573534
	speed: 0.0109s/iter; left time: 3292.9600s
	iters: 700, epoch: 35 | loss: 0.3812005
	speed: 0.0185s/iter; left time: 5598.0113s
	iters: 800, epoch: 35 | loss: 0.3784441
	speed: 0.0128s/iter; left time: 3876.3028s
	iters: 900, epoch: 35 | loss: 0.2898426
	speed: 0.0104s/iter; left time: 3142.7150s
	iters: 1000, epoch: 35 | loss: 0.3574473
	speed: 0.0104s/iter; left time: 3138.1005s
	iters: 1100, epoch: 35 | loss: 0.8306469
	speed: 0.0108s/iter; left time: 3268.4251s
Epoch: 35 cost time: 13.604760885238647
Epoch: 35, Steps: 1143 | Train Loss: 0.4436575 Vali Loss: 0.4666988 Test Loss: 0.2101661
EarlyStopping counter: 15 out of 20
Updating learning rate to 3.4336838202925152e-06
	iters: 100, epoch: 36 | loss: 0.8805932
	speed: 0.0590s/iter; left time: 17854.5137s
	iters: 200, epoch: 36 | loss: 0.5019166
	speed: 0.0115s/iter; left time: 3471.8923s
	iters: 300, epoch: 36 | loss: 0.3486816
	speed: 0.0111s/iter; left time: 3372.5754s
	iters: 400, epoch: 36 | loss: 0.7558507
	speed: 0.0111s/iter; left time: 3348.8510s
	iters: 500, epoch: 36 | loss: 0.4197536
	speed: 0.0110s/iter; left time: 3338.5300s
	iters: 600, epoch: 36 | loss: 0.3412810
	speed: 0.0111s/iter; left time: 3347.2336s
	iters: 700, epoch: 36 | loss: 0.8735976
	speed: 0.0114s/iter; left time: 3456.4603s
	iters: 800, epoch: 36 | loss: 0.8935080
	speed: 0.0138s/iter; left time: 4167.3406s
	iters: 900, epoch: 36 | loss: 0.3623072
	speed: 0.0104s/iter; left time: 3137.6903s
	iters: 1000, epoch: 36 | loss: 0.3650475
	speed: 0.0124s/iter; left time: 3729.8433s
	iters: 1100, epoch: 36 | loss: 0.3134036
	speed: 0.0103s/iter; left time: 3112.3094s
Epoch: 36 cost time: 13.41422986984253
Epoch: 36, Steps: 1143 | Train Loss: 0.4434396 Vali Loss: 0.4675000 Test Loss: 0.2102038
EarlyStopping counter: 16 out of 20
Updating learning rate to 3.090315438263264e-06
	iters: 100, epoch: 37 | loss: 0.3241345
	speed: 0.0554s/iter; left time: 16725.7996s
	iters: 200, epoch: 37 | loss: 0.3345796
	speed: 0.0106s/iter; left time: 3191.0335s
	iters: 300, epoch: 37 | loss: 0.3701753
	speed: 0.0116s/iter; left time: 3506.1754s
	iters: 400, epoch: 37 | loss: 0.2921649
	speed: 0.0138s/iter; left time: 4148.7107s
	iters: 500, epoch: 37 | loss: 0.2926313
	speed: 0.0157s/iter; left time: 4739.4774s
	iters: 600, epoch: 37 | loss: 0.8049247
	speed: 0.0185s/iter; left time: 5561.6939s
	iters: 700, epoch: 37 | loss: 0.3309804
	speed: 0.0230s/iter; left time: 6930.8144s
	iters: 800, epoch: 37 | loss: 0.3516650
	speed: 0.0169s/iter; left time: 5090.0595s
	iters: 900, epoch: 37 | loss: 0.4330783
	speed: 0.0165s/iter; left time: 4968.1841s
	iters: 1000, epoch: 37 | loss: 0.4057617
	speed: 0.0167s/iter; left time: 5034.3730s
	iters: 1100, epoch: 37 | loss: 0.7546636
	speed: 0.0168s/iter; left time: 5044.1344s
Epoch: 37 cost time: 18.09623885154724
Epoch: 37, Steps: 1143 | Train Loss: 0.4434743 Vali Loss: 0.4662519 Test Loss: 0.2104428
EarlyStopping counter: 17 out of 20
Updating learning rate to 2.7812838944369375e-06
	iters: 100, epoch: 38 | loss: 0.3339940
	speed: 0.0587s/iter; left time: 17632.3098s
	iters: 200, epoch: 38 | loss: 0.4919989
	speed: 0.0108s/iter; left time: 3253.6421s
	iters: 300, epoch: 38 | loss: 0.3871511
	speed: 0.0138s/iter; left time: 4150.7724s
	iters: 400, epoch: 38 | loss: 0.3911057
	speed: 0.0100s/iter; left time: 3010.3813s
	iters: 500, epoch: 38 | loss: 0.8286800
	speed: 0.0102s/iter; left time: 3066.1835s
	iters: 600, epoch: 38 | loss: 0.4590476
	speed: 0.0105s/iter; left time: 3147.5198s
	iters: 700, epoch: 38 | loss: 0.3368006
	speed: 0.0106s/iter; left time: 3172.1500s
	iters: 800, epoch: 38 | loss: 0.3349582
	speed: 0.0102s/iter; left time: 3068.6439s
	iters: 900, epoch: 38 | loss: 0.4441860
	speed: 0.0104s/iter; left time: 3131.2823s
	iters: 1000, epoch: 38 | loss: 0.3407227
	speed: 0.0111s/iter; left time: 3333.8254s
	iters: 1100, epoch: 38 | loss: 0.3324774
	speed: 0.0108s/iter; left time: 3247.2529s
Epoch: 38 cost time: 12.646097421646118
Epoch: 38, Steps: 1143 | Train Loss: 0.4432812 Vali Loss: 0.4664716 Test Loss: 0.2101721
EarlyStopping counter: 18 out of 20
Updating learning rate to 2.503155504993244e-06
	iters: 100, epoch: 39 | loss: 0.3395886
	speed: 0.0556s/iter; left time: 16642.8472s
	iters: 200, epoch: 39 | loss: 0.4264695
	speed: 0.0104s/iter; left time: 3109.6147s
	iters: 300, epoch: 39 | loss: 0.2728277
	speed: 0.0141s/iter; left time: 4222.0631s
	iters: 400, epoch: 39 | loss: 0.7920135
	speed: 0.0146s/iter; left time: 4370.1232s
	iters: 500, epoch: 39 | loss: 0.3344966
	speed: 0.0237s/iter; left time: 7095.8381s
	iters: 600, epoch: 39 | loss: 0.3372222
	speed: 0.0261s/iter; left time: 7793.8280s
	iters: 700, epoch: 39 | loss: 0.3351201
	speed: 0.0260s/iter; left time: 7753.4126s
	iters: 800, epoch: 39 | loss: 0.7274861
	speed: 0.0133s/iter; left time: 3967.4935s
	iters: 900, epoch: 39 | loss: 0.8393143
	speed: 0.0111s/iter; left time: 3300.7663s
	iters: 1000, epoch: 39 | loss: 0.3486047
	speed: 0.0114s/iter; left time: 3407.7152s
	iters: 1100, epoch: 39 | loss: 0.3590072
	speed: 0.0114s/iter; left time: 3414.1908s
Epoch: 39 cost time: 17.968176126480103
Epoch: 39, Steps: 1143 | Train Loss: 0.4430976 Vali Loss: 0.4674101 Test Loss: 0.2104946
EarlyStopping counter: 19 out of 20
Updating learning rate to 2.2528399544939195e-06
	iters: 100, epoch: 40 | loss: 0.2988564
	speed: 0.0580s/iter; left time: 17304.0608s
	iters: 200, epoch: 40 | loss: 0.8058346
	speed: 0.0113s/iter; left time: 3358.9444s
	iters: 300, epoch: 40 | loss: 0.3894054
	speed: 0.0130s/iter; left time: 3876.3156s
	iters: 400, epoch: 40 | loss: 0.3870915
	speed: 0.0155s/iter; left time: 4609.2833s
	iters: 500, epoch: 40 | loss: 0.3146473
	speed: 0.0122s/iter; left time: 3631.7139s
	iters: 600, epoch: 40 | loss: 0.8370035
	speed: 0.0103s/iter; left time: 3072.1591s
	iters: 700, epoch: 40 | loss: 0.3127546
	speed: 0.0108s/iter; left time: 3222.6611s
	iters: 800, epoch: 40 | loss: 0.5379134
	speed: 0.0122s/iter; left time: 3632.5622s
	iters: 900, epoch: 40 | loss: 0.3237918
	speed: 0.0122s/iter; left time: 3622.2362s
	iters: 1000, epoch: 40 | loss: 0.4496121
	speed: 0.0125s/iter; left time: 3729.1978s
	iters: 1100, epoch: 40 | loss: 0.5367210
	speed: 0.0109s/iter; left time: 3227.6215s
Epoch: 40 cost time: 13.8815016746521
Epoch: 40, Steps: 1143 | Train Loss: 0.4429737 Vali Loss: 0.4678165 Test Loss: 0.2100369
EarlyStopping counter: 20 out of 20
Early stopping
>>>>>>>testing : 96_192_SPM_TST_custom_ftM_sl96_ll18_pl192_dm64_nh1_el1_dl1_df64_fc1_ebtimeF_dtTrue_Exp_0<<<<<<<<<<<<<<<<<<<<<<<<<<<<<<<<<
test 10348
mse:0.2099277228116989, mae:0.2512776851654053, rse:0.6030675172805786
