Args in experiment:
Namespace(activation='gelu', affine=0, batch_size=49, c_out=7, checkpoints='./checkpoints/', d_ff=111, d_layers=1, d_model=424, data='ETTm2', data_path='ETTm2.csv', dec_in=7, decomposition=0, des='Exp', devices='0,1,2,3', dishts=1, distil=True, do_predict=False, dropout=0.3, e_layers=1, embed='timeF', embed_type=0, enc_in=7, factor=1, fc_dropout=0.3, features='M', freq='h', gpu=0, head_dropout=0.0, hidden_size=[8, 17], hidden_size1=3, hidden_size2=3, individual=0, is_training=1, itr=1, k=1.0, kernel_size=25, label_len=18, learning_rate=0.00366, loss='mse', lradj='type3', model='SPM_TST', model_id='96_96', moving_avg=25, n_heads=1, num_layers=3, num_workers=10, output_attention=False, padding_patch='end', patch_len=16, patience=20, pct_start=0.3, pred_len=96, random_seed=2021, revin=1, root_path='./dataset/', seq_len=96, stride=8, subtract_last=0, target='OT', test_flop=False, topk=49, traffic=0, train_epochs=300, use_amp=False, use_gpu=True, use_multi_gpu=False)
Use GPU: cuda:0
>>>>>>>start training : 96_96_SPM_TST_ETTm2_ftM_sl96_ll18_pl96_dm424_nh1_el1_dl1_df111_fc1_ebtimeF_dtTrue_Exp_0>>>>>>>>>>>>>>>>>>>>>>>>>>
train 34369
val 11425
test 11425
	iters: 100, epoch: 1 | loss: 0.2757041
	speed: 0.0430s/iter; left time: 9030.4009s
	iters: 200, epoch: 1 | loss: 0.1840355
	speed: 0.0239s/iter; left time: 5019.0518s
	iters: 300, epoch: 1 | loss: 0.2524222
	speed: 0.0202s/iter; left time: 4248.0794s
	iters: 400, epoch: 1 | loss: 0.1673419
	speed: 0.0288s/iter; left time: 6037.6344s
	iters: 500, epoch: 1 | loss: 0.1344980
	speed: 0.0177s/iter; left time: 3703.3795s
	iters: 600, epoch: 1 | loss: 0.1862615
	speed: 0.0142s/iter; left time: 2973.0487s
	iters: 700, epoch: 1 | loss: 0.1731294
	speed: 0.0165s/iter; left time: 3456.0815s
Epoch: 1 cost time: 15.61112093925476
Epoch: 1, Steps: 701 | Train Loss: 0.2258173 Vali Loss: 0.1255671 Test Loss: 0.1727968
Validation loss decreased (inf --> 0.125567).  Saving model ...
Updating learning rate to 0.00366
	iters: 100, epoch: 2 | loss: 0.1794140
	speed: 0.0619s/iter; left time: 12975.8316s
	iters: 200, epoch: 2 | loss: 0.2413666
	speed: 0.0137s/iter; left time: 2875.1886s
	iters: 300, epoch: 2 | loss: 0.3184921
	speed: 0.0128s/iter; left time: 2678.9546s
	iters: 400, epoch: 2 | loss: 0.2245958
	speed: 0.0130s/iter; left time: 2722.2150s
	iters: 500, epoch: 2 | loss: 0.2090801
	speed: 0.0130s/iter; left time: 2725.0839s
	iters: 600, epoch: 2 | loss: 0.5007731
	speed: 0.0137s/iter; left time: 2853.3742s
	iters: 700, epoch: 2 | loss: 0.1922510
	speed: 0.0130s/iter; left time: 2723.2863s
Epoch: 2 cost time: 9.645311832427979
Epoch: 2, Steps: 701 | Train Loss: 0.2608933 Vali Loss: 0.1446354 Test Loss: 0.2038429
EarlyStopping counter: 1 out of 20
Updating learning rate to 0.00366
	iters: 100, epoch: 3 | loss: 0.2943546
	speed: 0.0601s/iter; left time: 12557.1782s
	iters: 200, epoch: 3 | loss: 0.1967399
	speed: 0.0117s/iter; left time: 2435.8220s
	iters: 300, epoch: 3 | loss: 0.4223950
	speed: 0.0154s/iter; left time: 3207.8202s
	iters: 400, epoch: 3 | loss: 0.1965121
	speed: 0.0156s/iter; left time: 3258.0062s
	iters: 500, epoch: 3 | loss: 0.1429633
	speed: 0.0152s/iter; left time: 3167.0755s
	iters: 600, epoch: 3 | loss: 0.1782477
	speed: 0.0123s/iter; left time: 2558.5989s
	iters: 700, epoch: 3 | loss: 0.4081739
	speed: 0.0129s/iter; left time: 2695.4431s
Epoch: 3 cost time: 10.04878306388855
Epoch: 3, Steps: 701 | Train Loss: 0.2479577 Vali Loss: 0.1390454 Test Loss: 0.1970560
EarlyStopping counter: 2 out of 20
Updating learning rate to 0.00366
	iters: 100, epoch: 4 | loss: 0.1772554
	speed: 0.0664s/iter; left time: 13808.1929s
	iters: 200, epoch: 4 | loss: 0.2343789
	speed: 0.0133s/iter; left time: 2773.1240s
	iters: 300, epoch: 4 | loss: 0.1551993
	speed: 0.0132s/iter; left time: 2740.9642s
	iters: 400, epoch: 4 | loss: 0.1766916
	speed: 0.0127s/iter; left time: 2633.6002s
	iters: 500, epoch: 4 | loss: 0.2130199
	speed: 0.0143s/iter; left time: 2962.8978s
	iters: 600, epoch: 4 | loss: 0.4465478
	speed: 0.0211s/iter; left time: 4386.9950s
	iters: 700, epoch: 4 | loss: 0.3318269
	speed: 0.0240s/iter; left time: 4986.1312s
Epoch: 4 cost time: 11.813859462738037
Epoch: 4, Steps: 701 | Train Loss: 0.2483463 Vali Loss: 0.1381097 Test Loss: 0.1952454
EarlyStopping counter: 3 out of 20
Updating learning rate to 0.003294
	iters: 100, epoch: 5 | loss: 0.2229058
	speed: 0.1975s/iter; left time: 40956.5655s
	iters: 200, epoch: 5 | loss: 0.1818566
	speed: 0.0237s/iter; left time: 4915.2868s
	iters: 300, epoch: 5 | loss: 0.1314626
	speed: 0.0188s/iter; left time: 3887.1450s
	iters: 400, epoch: 5 | loss: 0.2793026
	speed: 0.0324s/iter; left time: 6707.3136s
	iters: 500, epoch: 5 | loss: 0.1716151
	speed: 0.0355s/iter; left time: 7351.4675s
	iters: 600, epoch: 5 | loss: 0.2047936
	speed: 0.0233s/iter; left time: 4819.3202s
	iters: 700, epoch: 5 | loss: 0.2291202
	speed: 0.0341s/iter; left time: 7046.2267s
Epoch: 5 cost time: 20.10093402862549
Epoch: 5, Steps: 701 | Train Loss: 0.2357520 Vali Loss: 0.1472123 Test Loss: 0.1985436
EarlyStopping counter: 4 out of 20
Updating learning rate to 0.0029646000000000004
	iters: 100, epoch: 6 | loss: 0.1911377
	speed: 0.2110s/iter; left time: 43607.6193s
	iters: 200, epoch: 6 | loss: 0.2454214
	speed: 0.0252s/iter; left time: 5210.5985s
	iters: 300, epoch: 6 | loss: 0.2809611
	speed: 0.0258s/iter; left time: 5317.4868s
	iters: 400, epoch: 6 | loss: 0.1989316
	speed: 0.0236s/iter; left time: 4863.7742s
	iters: 500, epoch: 6 | loss: 0.1316337
	speed: 0.0241s/iter; left time: 4971.9817s
	iters: 600, epoch: 6 | loss: 0.2693006
	speed: 0.0236s/iter; left time: 4860.6599s
	iters: 700, epoch: 6 | loss: 0.1630909
	speed: 0.0260s/iter; left time: 5354.7938s
Epoch: 6 cost time: 17.812722206115723
Epoch: 6, Steps: 701 | Train Loss: 0.2297864 Vali Loss: 0.1383284 Test Loss: 0.1906552
EarlyStopping counter: 5 out of 20
Updating learning rate to 0.0026681400000000003
	iters: 100, epoch: 7 | loss: 0.1888819
	speed: 0.1676s/iter; left time: 34516.0921s
	iters: 200, epoch: 7 | loss: 0.2198919
	speed: 0.0316s/iter; left time: 6511.6943s
	iters: 300, epoch: 7 | loss: 0.3784366
	speed: 0.0351s/iter; left time: 7225.8489s
	iters: 400, epoch: 7 | loss: 0.2213066
	speed: 0.0297s/iter; left time: 6108.5962s
	iters: 500, epoch: 7 | loss: 0.1889634
	speed: 0.0201s/iter; left time: 4125.6298s
	iters: 600, epoch: 7 | loss: 0.3012722
	speed: 0.0173s/iter; left time: 3555.6858s
	iters: 700, epoch: 7 | loss: 0.2676938
	speed: 0.0219s/iter; left time: 4507.6317s
Epoch: 7 cost time: 19.254903554916382
Epoch: 7, Steps: 701 | Train Loss: 0.2260291 Vali Loss: 0.1409557 Test Loss: 0.1970313
EarlyStopping counter: 6 out of 20
Updating learning rate to 0.002401326
	iters: 100, epoch: 8 | loss: 0.2071238
	speed: 0.2034s/iter; left time: 41747.8869s
	iters: 200, epoch: 8 | loss: 0.1528821
	speed: 0.0267s/iter; left time: 5483.3907s
	iters: 300, epoch: 8 | loss: 0.1694321
	speed: 0.0176s/iter; left time: 3602.9460s
	iters: 400, epoch: 8 | loss: 0.3111652
	speed: 0.0250s/iter; left time: 5131.7296s
	iters: 500, epoch: 8 | loss: 0.1457702
	speed: 0.0266s/iter; left time: 5442.8559s
	iters: 600, epoch: 8 | loss: 0.1877895
	speed: 0.0247s/iter; left time: 5060.8991s
	iters: 700, epoch: 8 | loss: 0.1497230
	speed: 0.0287s/iter; left time: 5872.9241s
Epoch: 8 cost time: 18.097012519836426
Epoch: 8, Steps: 701 | Train Loss: 0.2209357 Vali Loss: 0.1417385 Test Loss: 0.1937131
EarlyStopping counter: 7 out of 20
Updating learning rate to 0.0021611934
	iters: 100, epoch: 9 | loss: 0.2107885
	speed: 0.2056s/iter; left time: 42057.5448s
	iters: 200, epoch: 9 | loss: 0.1973056
	speed: 0.0256s/iter; left time: 5237.2147s
	iters: 300, epoch: 9 | loss: 0.2475828
	speed: 0.0252s/iter; left time: 5158.6331s
	iters: 400, epoch: 9 | loss: 0.2548632
	speed: 0.0246s/iter; left time: 5025.5709s
	iters: 500, epoch: 9 | loss: 0.2854160
	speed: 0.0254s/iter; left time: 5191.4557s
	iters: 600, epoch: 9 | loss: 0.1874661
	speed: 0.0264s/iter; left time: 5392.6907s
	iters: 700, epoch: 9 | loss: 0.1622052
	speed: 0.0241s/iter; left time: 4910.2327s
Epoch: 9 cost time: 18.173933029174805
Epoch: 9, Steps: 701 | Train Loss: 0.2154952 Vali Loss: 0.1398943 Test Loss: 0.2004993
EarlyStopping counter: 8 out of 20
Updating learning rate to 0.0019450740600000002
	iters: 100, epoch: 10 | loss: 0.2533278
	speed: 0.1805s/iter; left time: 36797.7565s
	iters: 200, epoch: 10 | loss: 0.2448522
	speed: 0.0204s/iter; left time: 4164.9593s
	iters: 300, epoch: 10 | loss: 0.2096838
	speed: 0.0310s/iter; left time: 6304.5545s
	iters: 400, epoch: 10 | loss: 0.1765315
	speed: 0.0332s/iter; left time: 6768.5453s
	iters: 500, epoch: 10 | loss: 0.3012765
	speed: 0.0316s/iter; left time: 6435.0573s
	iters: 600, epoch: 10 | loss: 0.1325209
	speed: 0.0281s/iter; left time: 5718.5461s
	iters: 700, epoch: 10 | loss: 0.1915580
	speed: 0.0171s/iter; left time: 3483.9261s
Epoch: 10 cost time: 19.242554187774658
Epoch: 10, Steps: 701 | Train Loss: 0.2129717 Vali Loss: 0.1383660 Test Loss: 0.1931274
EarlyStopping counter: 9 out of 20
Updating learning rate to 0.0017505666540000003
	iters: 100, epoch: 11 | loss: 0.1511316
	speed: 0.1699s/iter; left time: 34525.6622s
	iters: 200, epoch: 11 | loss: 0.2247227
	speed: 0.0245s/iter; left time: 4982.9472s
	iters: 300, epoch: 11 | loss: 0.1797592
	speed: 0.0261s/iter; left time: 5293.9178s
	iters: 400, epoch: 11 | loss: 0.1673234
	speed: 0.0227s/iter; left time: 4613.3639s
	iters: 500, epoch: 11 | loss: 0.1410652
	speed: 0.0251s/iter; left time: 5085.7428s
	iters: 600, epoch: 11 | loss: 0.1923620
	speed: 0.0195s/iter; left time: 3960.0704s
	iters: 700, epoch: 11 | loss: 0.2108800
	speed: 0.0200s/iter; left time: 4060.8582s
Epoch: 11 cost time: 16.836336135864258
Epoch: 11, Steps: 701 | Train Loss: 0.2089385 Vali Loss: 0.1393198 Test Loss: 0.1982560
EarlyStopping counter: 10 out of 20
Updating learning rate to 0.0015755099886000004
	iters: 100, epoch: 12 | loss: 0.1400920
	speed: 0.2455s/iter; left time: 49715.0794s
	iters: 200, epoch: 12 | loss: 0.1393686
	speed: 0.0247s/iter; left time: 4992.0735s
	iters: 300, epoch: 12 | loss: 0.1292746
	speed: 0.0235s/iter; left time: 4759.0000s
	iters: 400, epoch: 12 | loss: 0.1515370
	speed: 0.0264s/iter; left time: 5341.9711s
	iters: 500, epoch: 12 | loss: 0.1873127
	speed: 0.0250s/iter; left time: 5059.0523s
	iters: 600, epoch: 12 | loss: 0.2020902
	speed: 0.0240s/iter; left time: 4848.3651s
	iters: 700, epoch: 12 | loss: 0.1901066
	speed: 0.0244s/iter; left time: 4923.7311s
Epoch: 12 cost time: 16.865594625473022
Epoch: 12, Steps: 701 | Train Loss: 0.2032950 Vali Loss: 0.1381846 Test Loss: 0.1974762
EarlyStopping counter: 11 out of 20
Updating learning rate to 0.0014179589897400004
	iters: 100, epoch: 13 | loss: 0.3080387
	speed: 0.1682s/iter; left time: 33935.9004s
	iters: 200, epoch: 13 | loss: 0.1713819
	speed: 0.0265s/iter; left time: 5354.1956s
	iters: 300, epoch: 13 | loss: 0.1467938
	speed: 0.0286s/iter; left time: 5757.8028s
	iters: 400, epoch: 13 | loss: 0.2189144
	speed: 0.0257s/iter; left time: 5175.6947s
	iters: 500, epoch: 13 | loss: 0.1311679
	speed: 0.0286s/iter; left time: 5762.8322s
	iters: 600, epoch: 13 | loss: 0.3152006
	speed: 0.0309s/iter; left time: 6229.5980s
	iters: 700, epoch: 13 | loss: 0.1464015
	speed: 0.0316s/iter; left time: 6360.1052s
Epoch: 13 cost time: 20.62653374671936
Epoch: 13, Steps: 701 | Train Loss: 0.1997973 Vali Loss: 0.1411393 Test Loss: 0.1987317
EarlyStopping counter: 12 out of 20
Updating learning rate to 0.0012761630907660005
	iters: 100, epoch: 14 | loss: 0.1570276
	speed: 0.1419s/iter; left time: 28532.3473s
	iters: 200, epoch: 14 | loss: 0.1583977
	speed: 0.0239s/iter; left time: 4795.6243s
	iters: 300, epoch: 14 | loss: 0.1340061
	speed: 0.0268s/iter; left time: 5384.0687s
	iters: 400, epoch: 14 | loss: 0.1801105
	speed: 0.0259s/iter; left time: 5198.3965s
	iters: 500, epoch: 14 | loss: 0.3069341
	speed: 0.0250s/iter; left time: 5020.9857s
	iters: 600, epoch: 14 | loss: 0.1713632
	speed: 0.0241s/iter; left time: 4838.3814s
	iters: 700, epoch: 14 | loss: 0.2306080
	speed: 0.0190s/iter; left time: 3800.9550s
Epoch: 14 cost time: 17.52763295173645
Epoch: 14, Steps: 701 | Train Loss: 0.1966657 Vali Loss: 0.1379268 Test Loss: 0.1939049
EarlyStopping counter: 13 out of 20
Updating learning rate to 0.0011485467816894003
	iters: 100, epoch: 15 | loss: 0.1480105
	speed: 0.2180s/iter; left time: 43683.2776s
	iters: 200, epoch: 15 | loss: 0.2818292
	speed: 0.0244s/iter; left time: 4881.2058s
	iters: 300, epoch: 15 | loss: 0.3966430
	speed: 0.0262s/iter; left time: 5239.9674s
	iters: 400, epoch: 15 | loss: 0.3125101
	speed: 0.0224s/iter; left time: 4474.8666s
	iters: 500, epoch: 15 | loss: 0.1437259
	speed: 0.0218s/iter; left time: 4360.7733s
	iters: 600, epoch: 15 | loss: 0.1353302
	speed: 0.0238s/iter; left time: 4762.0174s
	iters: 700, epoch: 15 | loss: 0.1416867
	speed: 0.0248s/iter; left time: 4963.7622s
Epoch: 15 cost time: 18.256608963012695
Epoch: 15, Steps: 701 | Train Loss: 0.1935320 Vali Loss: 0.1424416 Test Loss: 0.2044149
EarlyStopping counter: 14 out of 20
Updating learning rate to 0.0010336921035204603
	iters: 100, epoch: 16 | loss: 0.1688402
	speed: 0.1750s/iter; left time: 34937.2236s
	iters: 200, epoch: 16 | loss: 0.1281341
	speed: 0.0307s/iter; left time: 6133.5765s
	iters: 300, epoch: 16 | loss: 0.2243463
	speed: 0.0247s/iter; left time: 4924.6832s
	iters: 400, epoch: 16 | loss: 0.3054146
	speed: 0.0241s/iter; left time: 4810.8093s
	iters: 500, epoch: 16 | loss: 0.1494623
	speed: 0.0371s/iter; left time: 7391.9860s
	iters: 600, epoch: 16 | loss: 0.1558073
	speed: 0.0222s/iter; left time: 4414.3542s
	iters: 700, epoch: 16 | loss: 0.1639809
	speed: 0.0346s/iter; left time: 6890.7380s
Epoch: 16 cost time: 19.728981971740723
Epoch: 16, Steps: 701 | Train Loss: 0.1890153 Vali Loss: 0.1447165 Test Loss: 0.2085029
EarlyStopping counter: 15 out of 20
Updating learning rate to 0.0009303228931684143
	iters: 100, epoch: 17 | loss: 0.1565070
	speed: 0.1504s/iter; left time: 29931.1710s
	iters: 200, epoch: 17 | loss: 0.1578384
	speed: 0.0247s/iter; left time: 4917.4498s
	iters: 300, epoch: 17 | loss: 0.1399383
	speed: 0.0260s/iter; left time: 5167.9003s
	iters: 400, epoch: 17 | loss: 0.1409429
	speed: 0.0240s/iter; left time: 4759.2580s
	iters: 500, epoch: 17 | loss: 0.1846649
	speed: 0.0260s/iter; left time: 5157.7517s
	iters: 600, epoch: 17 | loss: 0.1459406
	speed: 0.0236s/iter; left time: 4684.2723s
	iters: 700, epoch: 17 | loss: 0.2197756
	speed: 0.0239s/iter; left time: 4750.0630s
Epoch: 17 cost time: 17.754338264465332
Epoch: 17, Steps: 701 | Train Loss: 0.1862760 Vali Loss: 0.1456599 Test Loss: 0.2024525
EarlyStopping counter: 16 out of 20
Updating learning rate to 0.000837290603851573
	iters: 100, epoch: 18 | loss: 0.1378420
	speed: 0.1727s/iter; left time: 34236.6846s
	iters: 200, epoch: 18 | loss: 0.1235000
	speed: 0.0280s/iter; left time: 5554.9775s
	iters: 300, epoch: 18 | loss: 0.1482470
	speed: 0.0272s/iter; left time: 5386.8870s
	iters: 400, epoch: 18 | loss: 0.1209906
	speed: 0.0291s/iter; left time: 5762.8606s
	iters: 500, epoch: 18 | loss: 0.1579195
	speed: 0.0202s/iter; left time: 3989.5349s
	iters: 600, epoch: 18 | loss: 0.1185340
	speed: 0.0309s/iter; left time: 6121.3969s
	iters: 700, epoch: 18 | loss: 0.1861630
	speed: 0.0292s/iter; left time: 5775.6213s
Epoch: 18 cost time: 20.32900381088257
Epoch: 18, Steps: 701 | Train Loss: 0.1830230 Vali Loss: 0.1453817 Test Loss: 0.2035508
EarlyStopping counter: 17 out of 20
Updating learning rate to 0.0007535615434664156
	iters: 100, epoch: 19 | loss: 0.1620629
	speed: 0.1378s/iter; left time: 27228.3911s
	iters: 200, epoch: 19 | loss: 0.3552874
	speed: 0.0247s/iter; left time: 4871.7959s
	iters: 300, epoch: 19 | loss: 0.1523124
	speed: 0.0243s/iter; left time: 4798.5558s
	iters: 400, epoch: 19 | loss: 0.1775203
	speed: 0.0231s/iter; left time: 4566.8175s
	iters: 500, epoch: 19 | loss: 0.1223685
	speed: 0.0221s/iter; left time: 4364.4911s
	iters: 600, epoch: 19 | loss: 0.1995877
	speed: 0.0370s/iter; left time: 7288.2674s
	iters: 700, epoch: 19 | loss: 0.2200597
	speed: 0.0240s/iter; left time: 4733.6050s
Epoch: 19 cost time: 18.579472541809082
Epoch: 19, Steps: 701 | Train Loss: 0.1790792 Vali Loss: 0.1446316 Test Loss: 0.1993729
EarlyStopping counter: 18 out of 20
Updating learning rate to 0.000678205389119774
	iters: 100, epoch: 20 | loss: 0.1524532
	speed: 0.2392s/iter; left time: 47084.9156s
	iters: 200, epoch: 20 | loss: 0.2597915
	speed: 0.0192s/iter; left time: 3768.7454s
	iters: 300, epoch: 20 | loss: 0.1513305
	speed: 0.0192s/iter; left time: 3767.4736s
	iters: 400, epoch: 20 | loss: 0.2136420
	speed: 0.0250s/iter; left time: 4912.4390s
	iters: 500, epoch: 20 | loss: 0.1386990
	speed: 0.0249s/iter; left time: 4889.0215s
	iters: 600, epoch: 20 | loss: 0.1572683
	speed: 0.0263s/iter; left time: 5158.4075s
	iters: 700, epoch: 20 | loss: 0.1855214
	speed: 0.0261s/iter; left time: 5125.0326s
Epoch: 20 cost time: 17.390113592147827
Epoch: 20, Steps: 701 | Train Loss: 0.1760798 Vali Loss: 0.1468664 Test Loss: 0.2067481
EarlyStopping counter: 19 out of 20
Updating learning rate to 0.0006103848502077967
	iters: 100, epoch: 21 | loss: 0.1662635
	speed: 0.2050s/iter; left time: 40222.4273s
	iters: 200, epoch: 21 | loss: 0.1985636
	speed: 0.0373s/iter; left time: 7317.0391s
	iters: 300, epoch: 21 | loss: 0.2261839
	speed: 0.0273s/iter; left time: 5343.7729s
	iters: 400, epoch: 21 | loss: 0.2204509
	speed: 0.0264s/iter; left time: 5175.0106s
	iters: 500, epoch: 21 | loss: 0.1746391
	speed: 0.0229s/iter; left time: 4476.1082s
	iters: 600, epoch: 21 | loss: 0.2005735
	speed: 0.0319s/iter; left time: 6235.0566s
	iters: 700, epoch: 21 | loss: 0.1294273
	speed: 0.0297s/iter; left time: 5811.1721s
Epoch: 21 cost time: 21.275598287582397
Epoch: 21, Steps: 701 | Train Loss: 0.1739645 Vali Loss: 0.1472997 Test Loss: 0.2066979
EarlyStopping counter: 20 out of 20
Early stopping
>>>>>>>testing : 96_96_SPM_TST_ETTm2_ftM_sl96_ll18_pl96_dm424_nh1_el1_dl1_df111_fc1_ebtimeF_dtTrue_Exp_0<<<<<<<<<<<<<<<<<<<<<<<<<<<<<<<<<
test 11425
mse:0.17279677093029022, mae:0.2559313178062439, rse:0.33696022629737854
