Args in experiment:
Namespace(activation='gelu', affine=0, batch_size=397, c_out=7, checkpoints='./checkpoints/', d_ff=458, d_layers=1, d_model=444, data='ETTh2', data_path='ETTh2.csv', dec_in=7, decomposition=0, des='Exp', devices='0,1,2,3', dishts=1, distil=True, do_predict=False, dropout=0.3, e_layers=1, embed='timeF', embed_type=0, enc_in=7, factor=1, fc_dropout=0.3, features='M', freq='h', gpu=0, head_dropout=0.0, hidden_size=[14, 19], hidden_size1=3, hidden_size2=3, individual=0, is_training=1, itr=1, k=1.0, kernel_size=25, label_len=18, learning_rate=0.00588, loss='mse', lradj='type3', model='SPM_TST', model_id='96_192', moving_avg=25, n_heads=1, num_layers=3, num_workers=10, output_attention=False, padding_patch='end', patch_len=16, patience=20, pct_start=0.3, pred_len=192, random_seed=2021, revin=1, root_path='./dataset/', seq_len=96, stride=8, subtract_last=0, target='OT', test_flop=False, topk=49, traffic=0, train_epochs=300, use_amp=False, use_gpu=True, use_multi_gpu=False)
Use GPU: cuda:0
>>>>>>>start training : 96_192_SPM_TST_ETTh2_ftM_sl96_ll18_pl192_dm444_nh1_el1_dl1_df458_fc1_ebtimeF_dtTrue_Exp_0>>>>>>>>>>>>>>>>>>>>>>>>>>
train 8353
val 2689
test 2689
Epoch: 1 cost time: 0.9286038875579834
Epoch: 1, Steps: 21 | Train Loss: 0.5480579 Vali Loss: 0.2797397 Test Loss: 0.3089001
Validation loss decreased (inf --> 0.279740).  Saving model ...
Updating learning rate to 0.00588
Epoch: 2 cost time: 0.6866624355316162
Epoch: 2, Steps: 21 | Train Loss: 0.5536325 Vali Loss: 0.3207214 Test Loss: 0.3824725
EarlyStopping counter: 1 out of 20
Updating learning rate to 0.00588
Epoch: 3 cost time: 0.5963244438171387
Epoch: 3, Steps: 21 | Train Loss: 0.4679149 Vali Loss: 0.3348036 Test Loss: 0.3807625
EarlyStopping counter: 2 out of 20
Updating learning rate to 0.00588
Epoch: 4 cost time: 0.5860865116119385
Epoch: 4, Steps: 21 | Train Loss: 0.4389630 Vali Loss: 0.3221631 Test Loss: 0.3591869
EarlyStopping counter: 3 out of 20
Updating learning rate to 0.005292
Epoch: 5 cost time: 0.7011599540710449
Epoch: 5, Steps: 21 | Train Loss: 0.4153069 Vali Loss: 0.3261277 Test Loss: 0.3489446
EarlyStopping counter: 4 out of 20
Updating learning rate to 0.0047628
Epoch: 6 cost time: 0.6287202835083008
Epoch: 6, Steps: 21 | Train Loss: 0.4088163 Vali Loss: 0.3171163 Test Loss: 0.3533844
EarlyStopping counter: 5 out of 20
Updating learning rate to 0.00428652
Epoch: 7 cost time: 0.6177041530609131
Epoch: 7, Steps: 21 | Train Loss: 0.3809908 Vali Loss: 0.3170179 Test Loss: 0.3400836
EarlyStopping counter: 6 out of 20
Updating learning rate to 0.003857868
Epoch: 8 cost time: 0.6641707420349121
Epoch: 8, Steps: 21 | Train Loss: 0.3648691 Vali Loss: 0.3108191 Test Loss: 0.3377297
EarlyStopping counter: 7 out of 20
Updating learning rate to 0.0034720812
Epoch: 9 cost time: 0.7461361885070801
Epoch: 9, Steps: 21 | Train Loss: 0.3527722 Vali Loss: 0.3285998 Test Loss: 0.3411503
EarlyStopping counter: 8 out of 20
Updating learning rate to 0.0031248730800000003
Epoch: 10 cost time: 0.7470228672027588
Epoch: 10, Steps: 21 | Train Loss: 0.3418448 Vali Loss: 0.3279188 Test Loss: 0.3486855
EarlyStopping counter: 9 out of 20
Updating learning rate to 0.0028123857720000005
Epoch: 11 cost time: 0.6921107769012451
Epoch: 11, Steps: 21 | Train Loss: 0.3337150 Vali Loss: 0.3219774 Test Loss: 0.3469988
EarlyStopping counter: 10 out of 20
Updating learning rate to 0.0025311471948000004
Epoch: 12 cost time: 0.6012113094329834
Epoch: 12, Steps: 21 | Train Loss: 0.3234814 Vali Loss: 0.3201546 Test Loss: 0.3491685
EarlyStopping counter: 11 out of 20
Updating learning rate to 0.0022780324753200005
Epoch: 13 cost time: 0.6438803672790527
Epoch: 13, Steps: 21 | Train Loss: 0.3137033 Vali Loss: 0.3172488 Test Loss: 0.3460201
EarlyStopping counter: 12 out of 20
Updating learning rate to 0.0020502292277880005
Epoch: 14 cost time: 0.7133691310882568
Epoch: 14, Steps: 21 | Train Loss: 0.3057162 Vali Loss: 0.3281456 Test Loss: 0.3474265
EarlyStopping counter: 13 out of 20
Updating learning rate to 0.0018452063050092002
Epoch: 15 cost time: 0.6434042453765869
Epoch: 15, Steps: 21 | Train Loss: 0.2983315 Vali Loss: 0.3334167 Test Loss: 0.3624529
EarlyStopping counter: 14 out of 20
Updating learning rate to 0.0016606856745082807
Epoch: 16 cost time: 0.7312898635864258
Epoch: 16, Steps: 21 | Train Loss: 0.2901310 Vali Loss: 0.3358738 Test Loss: 0.3553695
EarlyStopping counter: 15 out of 20
Updating learning rate to 0.0014946171070574525
Epoch: 17 cost time: 0.6991009712219238
Epoch: 17, Steps: 21 | Train Loss: 0.2842518 Vali Loss: 0.3298540 Test Loss: 0.3624393
EarlyStopping counter: 16 out of 20
Updating learning rate to 0.0013451553963517073
Epoch: 18 cost time: 0.7789144515991211
Epoch: 18, Steps: 21 | Train Loss: 0.2780895 Vali Loss: 0.3295678 Test Loss: 0.3623705
EarlyStopping counter: 17 out of 20
Updating learning rate to 0.0012106398567165366
Epoch: 19 cost time: 0.6374409198760986
Epoch: 19, Steps: 21 | Train Loss: 0.2741680 Vali Loss: 0.3361460 Test Loss: 0.3660858
EarlyStopping counter: 18 out of 20
Updating learning rate to 0.0010895758710448829
Epoch: 20 cost time: 0.8132853507995605
Epoch: 20, Steps: 21 | Train Loss: 0.2714185 Vali Loss: 0.3405530 Test Loss: 0.3688572
EarlyStopping counter: 19 out of 20
Updating learning rate to 0.0009806182839403946
Epoch: 21 cost time: 0.6986382007598877
Epoch: 21, Steps: 21 | Train Loss: 0.2676753 Vali Loss: 0.3396077 Test Loss: 0.3672792
EarlyStopping counter: 20 out of 20
Early stopping
>>>>>>>testing : 96_192_SPM_TST_ETTh2_ftM_sl96_ll18_pl192_dm444_nh1_el1_dl1_df458_fc1_ebtimeF_dtTrue_Exp_0<<<<<<<<<<<<<<<<<<<<<<<<<<<<<<<<<
test 2689
mse:0.30890020728111267, mae:0.3580929934978485, rse:0.4465157985687256
