Args in experiment:
Namespace(activation='gelu', affine=0, batch_size=36, c_out=7, checkpoints='./checkpoints/', d_ff=232, d_layers=1, d_model=232, data='custom', data_path='national_illness.csv', dec_in=7, decomposition=0, des='Exp', devices='0,1,2,3', dishts=1, distil=True, do_predict=False, dropout=0.3, e_layers=1, embed='timeF', embed_type=0, enc_in=7, factor=1, fc_dropout=0.3, features='M', freq='h', gpu=0, head_dropout=0.0, hidden_size=[5, 13], hidden_size1=3, hidden_size2=3, individual=0, is_training=1, itr=1, k=1.0, kernel_size=25, label_len=18, learning_rate=0.00127, loss='mse', lradj='constant', model='SPM_TST', model_id='36_60', moving_avg=25, n_heads=1, num_layers=3, num_workers=10, output_attention=False, padding_patch='end', patch_len=24, patience=20, pct_start=0.3, pred_len=60, random_seed=2021, revin=1, root_path='./dataset/', seq_len=36, stride=2, subtract_last=0, target='OT', test_flop=False, traffic=0, train_epochs=300, use_amp=False, use_gpu=True, use_multi_gpu=False)
Use GPU: cuda:0
>>>>>>>start training : 36_60_SPM_TST_custom_ftM_sl36_ll18_pl60_dm232_nh1_el1_dl1_df232_fc1_ebtimeF_dtTrue_Exp_0>>>>>>>>>>>>>>>>>>>>>>>>>>
train 581
val 38
test 134
Epoch: 1 cost time: 0.6698412895202637
Epoch: 1, Steps: 16 | Train Loss: 0.9218455 Vali Loss: 0.7499847 Test Loss: 3.6386454
Validation loss decreased (inf --> 0.749985).  Saving model ...
Updating learning rate to 0.00127
Epoch: 2 cost time: 0.5479750633239746
Epoch: 2, Steps: 16 | Train Loss: 0.7914917 Vali Loss: 0.4546534 Test Loss: 2.3064015
Validation loss decreased (0.749985 --> 0.454653).  Saving model ...
Updating learning rate to 0.00127
Epoch: 3 cost time: 0.5670323371887207
Epoch: 3, Steps: 16 | Train Loss: 0.6311651 Vali Loss: 0.3025042 Test Loss: 1.7470011
Validation loss decreased (0.454653 --> 0.302504).  Saving model ...
Updating learning rate to 0.00127
Epoch: 4 cost time: 0.6532564163208008
Epoch: 4, Steps: 16 | Train Loss: 0.5483344 Vali Loss: 0.2685349 Test Loss: 1.6882731
Validation loss decreased (0.302504 --> 0.268535).  Saving model ...
Updating learning rate to 0.00127
Epoch: 5 cost time: 0.5954272747039795
Epoch: 5, Steps: 16 | Train Loss: 0.5038541 Vali Loss: 0.2315150 Test Loss: 1.4594960
Validation loss decreased (0.268535 --> 0.231515).  Saving model ...
Updating learning rate to 0.00127
Epoch: 6 cost time: 0.5753121376037598
Epoch: 6, Steps: 16 | Train Loss: 0.4870652 Vali Loss: 0.2864136 Test Loss: 1.5521160
EarlyStopping counter: 1 out of 20
Updating learning rate to 0.00127
Epoch: 7 cost time: 0.584094762802124
Epoch: 7, Steps: 16 | Train Loss: 0.4694026 Vali Loss: 0.2221438 Test Loss: 1.3965054
Validation loss decreased (0.231515 --> 0.222144).  Saving model ...
Updating learning rate to 0.00127
Epoch: 8 cost time: 0.6129188537597656
Epoch: 8, Steps: 16 | Train Loss: 0.4408994 Vali Loss: 0.2164444 Test Loss: 1.1620041
Validation loss decreased (0.222144 --> 0.216444).  Saving model ...
Updating learning rate to 0.00127
Epoch: 9 cost time: 0.5657196044921875
Epoch: 9, Steps: 16 | Train Loss: 0.4153878 Vali Loss: 0.2497481 Test Loss: 1.3937136
EarlyStopping counter: 1 out of 20
Updating learning rate to 0.00127
Epoch: 10 cost time: 0.5745677947998047
Epoch: 10, Steps: 16 | Train Loss: 0.3906194 Vali Loss: 0.2299304 Test Loss: 1.3323439
EarlyStopping counter: 2 out of 20
Updating learning rate to 0.00127
Epoch: 11 cost time: 0.5638532638549805
Epoch: 11, Steps: 16 | Train Loss: 0.3688062 Vali Loss: 0.2322656 Test Loss: 1.3674501
EarlyStopping counter: 3 out of 20
Updating learning rate to 0.00127
Epoch: 12 cost time: 0.5780436992645264
Epoch: 12, Steps: 16 | Train Loss: 0.3631350 Vali Loss: 0.2446652 Test Loss: 1.4116141
EarlyStopping counter: 4 out of 20
Updating learning rate to 0.00127
Epoch: 13 cost time: 0.544607400894165
Epoch: 13, Steps: 16 | Train Loss: 0.3544331 Vali Loss: 0.2702516 Test Loss: 1.5004467
EarlyStopping counter: 5 out of 20
Updating learning rate to 0.00127
Epoch: 14 cost time: 0.543647289276123
Epoch: 14, Steps: 16 | Train Loss: 0.3443808 Vali Loss: 0.2756783 Test Loss: 1.3980585
EarlyStopping counter: 6 out of 20
Updating learning rate to 0.00127
Epoch: 15 cost time: 0.5776596069335938
Epoch: 15, Steps: 16 | Train Loss: 0.3243110 Vali Loss: 0.3238302 Test Loss: 1.2192826
EarlyStopping counter: 7 out of 20
Updating learning rate to 0.00127
Epoch: 16 cost time: 0.5781779289245605
Epoch: 16, Steps: 16 | Train Loss: 0.3311067 Vali Loss: 0.2502306 Test Loss: 1.3442723
EarlyStopping counter: 8 out of 20
Updating learning rate to 0.00127
Epoch: 17 cost time: 0.587479829788208
Epoch: 17, Steps: 16 | Train Loss: 0.3385069 Vali Loss: 0.3390823 Test Loss: 1.3539906
EarlyStopping counter: 9 out of 20
Updating learning rate to 0.00127
Epoch: 18 cost time: 0.5693659782409668
Epoch: 18, Steps: 16 | Train Loss: 0.3213064 Vali Loss: 0.3602087 Test Loss: 1.3065622
EarlyStopping counter: 10 out of 20
Updating learning rate to 0.00127
Epoch: 19 cost time: 0.6286351680755615
Epoch: 19, Steps: 16 | Train Loss: 0.3088184 Vali Loss: 0.2840506 Test Loss: 1.3735241
EarlyStopping counter: 11 out of 20
Updating learning rate to 0.00127
Epoch: 20 cost time: 0.5508179664611816
Epoch: 20, Steps: 16 | Train Loss: 0.3288066 Vali Loss: 0.3764502 Test Loss: 1.6089739
EarlyStopping counter: 12 out of 20
Updating learning rate to 0.00127
Epoch: 21 cost time: 0.5445668697357178
Epoch: 21, Steps: 16 | Train Loss: 0.2975221 Vali Loss: 0.4084703 Test Loss: 1.4895309
EarlyStopping counter: 13 out of 20
Updating learning rate to 0.00127
Epoch: 22 cost time: 0.5737738609313965
Epoch: 22, Steps: 16 | Train Loss: 0.2887312 Vali Loss: 0.3706995 Test Loss: 1.5669121
EarlyStopping counter: 14 out of 20
Updating learning rate to 0.00127
Epoch: 23 cost time: 0.5611231327056885
Epoch: 23, Steps: 16 | Train Loss: 0.2926483 Vali Loss: 0.6135767 Test Loss: 1.8168808
EarlyStopping counter: 15 out of 20
Updating learning rate to 0.00127
Epoch: 24 cost time: 0.562920331954956
Epoch: 24, Steps: 16 | Train Loss: 0.2867571 Vali Loss: 0.3992138 Test Loss: 1.6561896
EarlyStopping counter: 16 out of 20
Updating learning rate to 0.00127
Epoch: 25 cost time: 0.5512182712554932
Epoch: 25, Steps: 16 | Train Loss: 0.2745056 Vali Loss: 0.5102954 Test Loss: 1.6007417
EarlyStopping counter: 17 out of 20
Updating learning rate to 0.00127
Epoch: 26 cost time: 0.5992352962493896
Epoch: 26, Steps: 16 | Train Loss: 0.2576687 Vali Loss: 0.9104565 Test Loss: 2.1611364
EarlyStopping counter: 18 out of 20
Updating learning rate to 0.00127
Epoch: 27 cost time: 0.5516495704650879
Epoch: 27, Steps: 16 | Train Loss: 0.2780343 Vali Loss: 0.4644965 Test Loss: 1.6592354
EarlyStopping counter: 19 out of 20
Updating learning rate to 0.00127
Epoch: 28 cost time: 0.5319943428039551
Epoch: 28, Steps: 16 | Train Loss: 0.2700420 Vali Loss: 0.5351533 Test Loss: 1.4607629
EarlyStopping counter: 20 out of 20
Early stopping
>>>>>>>testing : 36_60_SPM_TST_custom_ftM_sl36_ll18_pl60_dm232_nh1_el1_dl1_df232_fc1_ebtimeF_dtTrue_Exp_0<<<<<<<<<<<<<<<<<<<<<<<<<<<<<<<<<
test 134
mse:1.162003993988037, mae:0.7082566618919373, rse:0.5412382483482361
